[2023-06-03T20:32:08.186+0000] {logging_mixin.py:149} INFO - Changing /opt/***/logs/dag_id=example_bash_operator/run_id=scheduled__2023-06-02T00:00:00+00:00/task_id=this_will_skip permission to 509
[2023-06-03T20:32:08.187+0000] {logging_mixin.py:149} INFO - Failed to change /opt/***/logs/dag_id=example_bash_operator/run_id=scheduled__2023-06-02T00:00:00+00:00/task_id=this_will_skip permission to 509: [Errno 1] Operation not permitted: '/opt/***/logs/dag_id=example_bash_operator/run_id=scheduled__2023-06-02T00:00:00+00:00/task_id=this_will_skip'
[2023-06-03T20:32:08.217+0000] {logging_mixin.py:149} INFO - Changing /opt/***/logs/dag_id=example_bash_operator/run_id=scheduled__2023-06-02T00:00:00+00:00/task_id=this_will_skip permission to 509
[2023-06-03T20:32:08.218+0000] {logging_mixin.py:149} INFO - Failed to change /opt/***/logs/dag_id=example_bash_operator/run_id=scheduled__2023-06-02T00:00:00+00:00/task_id=this_will_skip permission to 509: [Errno 1] Operation not permitted: '/opt/***/logs/dag_id=example_bash_operator/run_id=scheduled__2023-06-02T00:00:00+00:00/task_id=this_will_skip'
[2023-06-03T20:32:08.266+0000] {taskinstance.py:1103} INFO - Dependencies all met for dep_context=non-requeueable deps ti=<TaskInstance: example_bash_operator.this_will_skip scheduled__2023-06-02T00:00:00+00:00 [queued]>
[2023-06-03T20:32:08.275+0000] {taskinstance.py:1103} INFO - Dependencies all met for dep_context=requeueable deps ti=<TaskInstance: example_bash_operator.this_will_skip scheduled__2023-06-02T00:00:00+00:00 [queued]>
[2023-06-03T20:32:08.276+0000] {taskinstance.py:1308} INFO - Starting attempt 1 of 1
[2023-06-03T20:32:08.293+0000] {taskinstance.py:1327} INFO - Executing <Task(BashOperator): this_will_skip> on 2023-06-02 00:00:00+00:00
[2023-06-03T20:32:08.299+0000] {standard_task_runner.py:57} INFO - Started process 3550 to run task
[2023-06-03T20:32:08.311+0000] {standard_task_runner.py:84} INFO - Running: ['***', 'tasks', 'run', 'example_bash_operator', 'this_will_skip', 'scheduled__2023-06-02T00:00:00+00:00', '--job-id', '7', '--raw', '--subdir', '/home/***/.local/lib/python3.7/site-packages/***/example_dags/example_bash_operator.py', '--cfg-path', '/tmp/tmplt3raoq5']
[2023-06-03T20:32:08.319+0000] {standard_task_runner.py:85} INFO - Job 7: Subtask this_will_skip
[2023-06-03T20:32:08.442+0000] {logging_mixin.py:149} INFO - Changing /opt/***/logs/dag_id=example_bash_operator/run_id=scheduled__2023-06-02T00:00:00+00:00/task_id=this_will_skip permission to 509
[2023-06-03T20:32:08.443+0000] {logging_mixin.py:149} INFO - Failed to change /opt/***/logs/dag_id=example_bash_operator/run_id=scheduled__2023-06-02T00:00:00+00:00/task_id=this_will_skip permission to 509: [Errno 1] Operation not permitted: '/opt/***/logs/dag_id=example_bash_operator/run_id=scheduled__2023-06-02T00:00:00+00:00/task_id=this_will_skip'
[2023-06-03T20:32:08.447+0000] {task_command.py:410} INFO - Running <TaskInstance: example_bash_operator.this_will_skip scheduled__2023-06-02T00:00:00+00:00 [running]> on host cd81537d5f1e
[2023-06-03T20:32:08.535+0000] {taskinstance.py:1547} INFO - Exporting env vars: AIRFLOW_CTX_DAG_OWNER='***' AIRFLOW_CTX_DAG_ID='example_bash_operator' AIRFLOW_CTX_TASK_ID='this_will_skip' AIRFLOW_CTX_EXECUTION_DATE='2023-06-02T00:00:00+00:00' AIRFLOW_CTX_TRY_NUMBER='1' AIRFLOW_CTX_DAG_RUN_ID='scheduled__2023-06-02T00:00:00+00:00'
[2023-06-03T20:32:08.539+0000] {subprocess.py:63} INFO - Tmp dir root location: 
 /tmp
[2023-06-03T20:32:08.541+0000] {subprocess.py:75} INFO - Running command: ['/bin/bash', '-c', 'echo "hello world"; exit 99;']
[2023-06-03T20:32:08.551+0000] {subprocess.py:86} INFO - Output:
[2023-06-03T20:32:08.552+0000] {subprocess.py:93} INFO - hello world
[2023-06-03T20:32:08.554+0000] {subprocess.py:97} INFO - Command exited with return code 99
[2023-06-03T20:32:08.555+0000] {taskinstance.py:1431} INFO - Bash command returned exit code [99]. Skipping.
[2023-06-03T20:32:08.563+0000] {taskinstance.py:1350} INFO - Marking task as SKIPPED. dag_id=example_bash_operator, task_id=this_will_skip, execution_date=20230602T000000, start_date=20230603T203208, end_date=20230603T203208
[2023-06-03T20:32:08.603+0000] {local_task_job_runner.py:225} INFO - Task exited with return code 0
[2023-06-03T20:32:08.624+0000] {taskinstance.py:2651} INFO - 0 downstream tasks scheduled from follow-on schedule check
