[2023-06-03T20:32:08.187+0000] {logging_mixin.py:149} INFO - Changing /opt/***/logs/dag_id=example_bash_operator/run_id=scheduled__2023-06-02T00:00:00+00:00/task_id=runme_0 permission to 509
[2023-06-03T20:32:08.188+0000] {logging_mixin.py:149} INFO - Failed to change /opt/***/logs/dag_id=example_bash_operator/run_id=scheduled__2023-06-02T00:00:00+00:00/task_id=runme_0 permission to 509: [Errno 1] Operation not permitted: '/opt/***/logs/dag_id=example_bash_operator/run_id=scheduled__2023-06-02T00:00:00+00:00/task_id=runme_0'
[2023-06-03T20:32:08.218+0000] {logging_mixin.py:149} INFO - Changing /opt/***/logs/dag_id=example_bash_operator/run_id=scheduled__2023-06-02T00:00:00+00:00/task_id=runme_0 permission to 509
[2023-06-03T20:32:08.219+0000] {logging_mixin.py:149} INFO - Failed to change /opt/***/logs/dag_id=example_bash_operator/run_id=scheduled__2023-06-02T00:00:00+00:00/task_id=runme_0 permission to 509: [Errno 1] Operation not permitted: '/opt/***/logs/dag_id=example_bash_operator/run_id=scheduled__2023-06-02T00:00:00+00:00/task_id=runme_0'
[2023-06-03T20:32:08.258+0000] {taskinstance.py:1103} INFO - Dependencies all met for dep_context=non-requeueable deps ti=<TaskInstance: example_bash_operator.runme_0 scheduled__2023-06-02T00:00:00+00:00 [queued]>
[2023-06-03T20:32:08.267+0000] {taskinstance.py:1103} INFO - Dependencies all met for dep_context=requeueable deps ti=<TaskInstance: example_bash_operator.runme_0 scheduled__2023-06-02T00:00:00+00:00 [queued]>
[2023-06-03T20:32:08.269+0000] {taskinstance.py:1308} INFO - Starting attempt 1 of 1
[2023-06-03T20:32:08.286+0000] {taskinstance.py:1327} INFO - Executing <Task(BashOperator): runme_0> on 2023-06-02 00:00:00+00:00
[2023-06-03T20:32:08.292+0000] {standard_task_runner.py:57} INFO - Started process 3549 to run task
[2023-06-03T20:32:08.299+0000] {standard_task_runner.py:84} INFO - Running: ['***', 'tasks', 'run', 'example_bash_operator', 'runme_0', 'scheduled__2023-06-02T00:00:00+00:00', '--job-id', '8', '--raw', '--subdir', '/home/***/.local/lib/python3.7/site-packages/***/example_dags/example_bash_operator.py', '--cfg-path', '/tmp/tmpdvuk5emo']
[2023-06-03T20:32:08.308+0000] {standard_task_runner.py:85} INFO - Job 8: Subtask runme_0
[2023-06-03T20:32:08.448+0000] {logging_mixin.py:149} INFO - Changing /opt/***/logs/dag_id=example_bash_operator/run_id=scheduled__2023-06-02T00:00:00+00:00/task_id=runme_0 permission to 509
[2023-06-03T20:32:08.449+0000] {logging_mixin.py:149} INFO - Failed to change /opt/***/logs/dag_id=example_bash_operator/run_id=scheduled__2023-06-02T00:00:00+00:00/task_id=runme_0 permission to 509: [Errno 1] Operation not permitted: '/opt/***/logs/dag_id=example_bash_operator/run_id=scheduled__2023-06-02T00:00:00+00:00/task_id=runme_0'
[2023-06-03T20:32:08.453+0000] {task_command.py:410} INFO - Running <TaskInstance: example_bash_operator.runme_0 scheduled__2023-06-02T00:00:00+00:00 [running]> on host cd81537d5f1e
[2023-06-03T20:32:08.550+0000] {taskinstance.py:1547} INFO - Exporting env vars: AIRFLOW_CTX_DAG_OWNER='***' AIRFLOW_CTX_DAG_ID='example_bash_operator' AIRFLOW_CTX_TASK_ID='runme_0' AIRFLOW_CTX_EXECUTION_DATE='2023-06-02T00:00:00+00:00' AIRFLOW_CTX_TRY_NUMBER='1' AIRFLOW_CTX_DAG_RUN_ID='scheduled__2023-06-02T00:00:00+00:00'
[2023-06-03T20:32:08.555+0000] {subprocess.py:63} INFO - Tmp dir root location: 
 /tmp
[2023-06-03T20:32:08.557+0000] {subprocess.py:75} INFO - Running command: ['/bin/bash', '-c', 'echo "example_bash_operator__runme_0__20230602" && sleep 1']
[2023-06-03T20:32:08.566+0000] {subprocess.py:86} INFO - Output:
[2023-06-03T20:32:08.567+0000] {subprocess.py:93} INFO - example_bash_operator__runme_0__20230602
[2023-06-03T20:32:09.568+0000] {subprocess.py:97} INFO - Command exited with return code 0
[2023-06-03T20:32:09.594+0000] {taskinstance.py:1350} INFO - Marking task as SUCCESS. dag_id=example_bash_operator, task_id=runme_0, execution_date=20230602T000000, start_date=20230603T203208, end_date=20230603T203209
[2023-06-03T20:32:09.633+0000] {local_task_job_runner.py:225} INFO - Task exited with return code 0
[2023-06-03T20:32:09.655+0000] {taskinstance.py:2651} INFO - 0 downstream tasks scheduled from follow-on schedule check
