[2023-06-03T20:25:41.880+0000] {processor.py:157} INFO - Started process (PID=197) to work on /home/airflow/.local/lib/python3.7/site-packages/airflow/example_dags/example_trigger_controller_dag.py
[2023-06-03T20:25:41.881+0000] {processor.py:826} INFO - Processing file /home/airflow/.local/lib/python3.7/site-packages/airflow/example_dags/example_trigger_controller_dag.py for tasks to queue
[2023-06-03T20:25:41.883+0000] {logging_mixin.py:149} INFO - [2023-06-03T20:25:41.883+0000] {dagbag.py:541} INFO - Filling up the DagBag from /home/airflow/.local/lib/python3.7/site-packages/airflow/example_dags/example_trigger_controller_dag.py
[2023-06-03T20:25:41.888+0000] {processor.py:836} INFO - DAG(s) dict_keys(['example_trigger_controller_dag']) retrieved from /home/airflow/.local/lib/python3.7/site-packages/airflow/example_dags/example_trigger_controller_dag.py
[2023-06-03T20:25:41.899+0000] {logging_mixin.py:149} INFO - [2023-06-03T20:25:41.898+0000] {dag.py:2726} INFO - Sync 1 DAGs
[2023-06-03T20:25:41.923+0000] {logging_mixin.py:149} INFO - [2023-06-03T20:25:41.922+0000] {dag.py:3490} INFO - Setting next_dagrun for example_trigger_controller_dag to 2021-01-01T00:00:00+00:00, run_after=2021-01-01T00:00:00+00:00
[2023-06-03T20:25:41.946+0000] {processor.py:179} INFO - Processing /home/airflow/.local/lib/python3.7/site-packages/airflow/example_dags/example_trigger_controller_dag.py took 0.068 seconds
[2023-06-03T20:26:12.955+0000] {processor.py:157} INFO - Started process (PID=449) to work on /home/airflow/.local/lib/python3.7/site-packages/airflow/example_dags/example_trigger_controller_dag.py
[2023-06-03T20:26:12.956+0000] {processor.py:826} INFO - Processing file /home/airflow/.local/lib/python3.7/site-packages/airflow/example_dags/example_trigger_controller_dag.py for tasks to queue
[2023-06-03T20:26:12.957+0000] {logging_mixin.py:149} INFO - [2023-06-03T20:26:12.957+0000] {dagbag.py:541} INFO - Filling up the DagBag from /home/airflow/.local/lib/python3.7/site-packages/airflow/example_dags/example_trigger_controller_dag.py
[2023-06-03T20:26:12.959+0000] {processor.py:836} INFO - DAG(s) dict_keys(['example_trigger_controller_dag']) retrieved from /home/airflow/.local/lib/python3.7/site-packages/airflow/example_dags/example_trigger_controller_dag.py
[2023-06-03T20:26:12.976+0000] {logging_mixin.py:149} INFO - [2023-06-03T20:26:12.976+0000] {dag.py:2726} INFO - Sync 1 DAGs
[2023-06-03T20:26:13.064+0000] {logging_mixin.py:149} INFO - [2023-06-03T20:26:13.063+0000] {dag.py:3490} INFO - Setting next_dagrun for example_trigger_controller_dag to 2021-01-01T00:00:00+00:00, run_after=2021-01-01T00:00:00+00:00
[2023-06-03T20:26:13.081+0000] {processor.py:179} INFO - Processing /home/airflow/.local/lib/python3.7/site-packages/airflow/example_dags/example_trigger_controller_dag.py took 0.128 seconds
[2023-06-03T20:26:43.176+0000] {processor.py:157} INFO - Started process (PID=701) to work on /home/airflow/.local/lib/python3.7/site-packages/airflow/example_dags/example_trigger_controller_dag.py
[2023-06-03T20:26:43.177+0000] {processor.py:826} INFO - Processing file /home/airflow/.local/lib/python3.7/site-packages/airflow/example_dags/example_trigger_controller_dag.py for tasks to queue
[2023-06-03T20:26:43.178+0000] {logging_mixin.py:149} INFO - [2023-06-03T20:26:43.178+0000] {dagbag.py:541} INFO - Filling up the DagBag from /home/airflow/.local/lib/python3.7/site-packages/airflow/example_dags/example_trigger_controller_dag.py
[2023-06-03T20:26:43.181+0000] {processor.py:836} INFO - DAG(s) dict_keys(['example_trigger_controller_dag']) retrieved from /home/airflow/.local/lib/python3.7/site-packages/airflow/example_dags/example_trigger_controller_dag.py
[2023-06-03T20:26:43.199+0000] {logging_mixin.py:149} INFO - [2023-06-03T20:26:43.199+0000] {dag.py:2726} INFO - Sync 1 DAGs
[2023-06-03T20:26:43.220+0000] {logging_mixin.py:149} INFO - [2023-06-03T20:26:43.220+0000] {dag.py:3490} INFO - Setting next_dagrun for example_trigger_controller_dag to 2021-01-01T00:00:00+00:00, run_after=2021-01-01T00:00:00+00:00
[2023-06-03T20:26:43.257+0000] {processor.py:179} INFO - Processing /home/airflow/.local/lib/python3.7/site-packages/airflow/example_dags/example_trigger_controller_dag.py took 0.083 seconds
[2023-06-03T20:27:13.356+0000] {processor.py:157} INFO - Started process (PID=953) to work on /home/airflow/.local/lib/python3.7/site-packages/airflow/example_dags/example_trigger_controller_dag.py
[2023-06-03T20:27:13.357+0000] {processor.py:826} INFO - Processing file /home/airflow/.local/lib/python3.7/site-packages/airflow/example_dags/example_trigger_controller_dag.py for tasks to queue
[2023-06-03T20:27:13.358+0000] {logging_mixin.py:149} INFO - [2023-06-03T20:27:13.358+0000] {dagbag.py:541} INFO - Filling up the DagBag from /home/airflow/.local/lib/python3.7/site-packages/airflow/example_dags/example_trigger_controller_dag.py
[2023-06-03T20:27:13.361+0000] {processor.py:836} INFO - DAG(s) dict_keys(['example_trigger_controller_dag']) retrieved from /home/airflow/.local/lib/python3.7/site-packages/airflow/example_dags/example_trigger_controller_dag.py
[2023-06-03T20:27:13.377+0000] {logging_mixin.py:149} INFO - [2023-06-03T20:27:13.377+0000] {dag.py:2726} INFO - Sync 1 DAGs
[2023-06-03T20:27:13.394+0000] {logging_mixin.py:149} INFO - [2023-06-03T20:27:13.394+0000] {dag.py:3490} INFO - Setting next_dagrun for example_trigger_controller_dag to 2021-01-01T00:00:00+00:00, run_after=2021-01-01T00:00:00+00:00
[2023-06-03T20:27:13.408+0000] {processor.py:179} INFO - Processing /home/airflow/.local/lib/python3.7/site-packages/airflow/example_dags/example_trigger_controller_dag.py took 0.055 seconds
[2023-06-03T20:27:43.741+0000] {processor.py:157} INFO - Started process (PID=1205) to work on /home/airflow/.local/lib/python3.7/site-packages/airflow/example_dags/example_trigger_controller_dag.py
[2023-06-03T20:27:43.743+0000] {processor.py:826} INFO - Processing file /home/airflow/.local/lib/python3.7/site-packages/airflow/example_dags/example_trigger_controller_dag.py for tasks to queue
[2023-06-03T20:27:43.745+0000] {logging_mixin.py:149} INFO - [2023-06-03T20:27:43.745+0000] {dagbag.py:541} INFO - Filling up the DagBag from /home/airflow/.local/lib/python3.7/site-packages/airflow/example_dags/example_trigger_controller_dag.py
[2023-06-03T20:27:43.748+0000] {processor.py:836} INFO - DAG(s) dict_keys(['example_trigger_controller_dag']) retrieved from /home/airflow/.local/lib/python3.7/site-packages/airflow/example_dags/example_trigger_controller_dag.py
[2023-06-03T20:27:43.765+0000] {logging_mixin.py:149} INFO - [2023-06-03T20:27:43.765+0000] {dag.py:2726} INFO - Sync 1 DAGs
[2023-06-03T20:27:43.783+0000] {logging_mixin.py:149} INFO - [2023-06-03T20:27:43.782+0000] {dag.py:3490} INFO - Setting next_dagrun for example_trigger_controller_dag to 2021-01-01T00:00:00+00:00, run_after=2021-01-01T00:00:00+00:00
[2023-06-03T20:27:43.797+0000] {processor.py:179} INFO - Processing /home/airflow/.local/lib/python3.7/site-packages/airflow/example_dags/example_trigger_controller_dag.py took 0.058 seconds
[2023-06-03T20:28:13.984+0000] {processor.py:157} INFO - Started process (PID=1458) to work on /home/airflow/.local/lib/python3.7/site-packages/airflow/example_dags/example_trigger_controller_dag.py
[2023-06-03T20:28:13.985+0000] {processor.py:826} INFO - Processing file /home/airflow/.local/lib/python3.7/site-packages/airflow/example_dags/example_trigger_controller_dag.py for tasks to queue
[2023-06-03T20:28:13.986+0000] {logging_mixin.py:149} INFO - [2023-06-03T20:28:13.986+0000] {dagbag.py:541} INFO - Filling up the DagBag from /home/airflow/.local/lib/python3.7/site-packages/airflow/example_dags/example_trigger_controller_dag.py
[2023-06-03T20:28:13.990+0000] {processor.py:836} INFO - DAG(s) dict_keys(['example_trigger_controller_dag']) retrieved from /home/airflow/.local/lib/python3.7/site-packages/airflow/example_dags/example_trigger_controller_dag.py
[2023-06-03T20:28:14.008+0000] {logging_mixin.py:149} INFO - [2023-06-03T20:28:14.008+0000] {dag.py:2726} INFO - Sync 1 DAGs
[2023-06-03T20:28:14.026+0000] {logging_mixin.py:149} INFO - [2023-06-03T20:28:14.026+0000] {dag.py:3490} INFO - Setting next_dagrun for example_trigger_controller_dag to 2021-01-01T00:00:00+00:00, run_after=2021-01-01T00:00:00+00:00
[2023-06-03T20:28:14.046+0000] {processor.py:179} INFO - Processing /home/airflow/.local/lib/python3.7/site-packages/airflow/example_dags/example_trigger_controller_dag.py took 0.064 seconds
[2023-06-03T20:28:44.332+0000] {processor.py:157} INFO - Started process (PID=1710) to work on /home/airflow/.local/lib/python3.7/site-packages/airflow/example_dags/example_trigger_controller_dag.py
[2023-06-03T20:28:44.333+0000] {processor.py:826} INFO - Processing file /home/airflow/.local/lib/python3.7/site-packages/airflow/example_dags/example_trigger_controller_dag.py for tasks to queue
[2023-06-03T20:28:44.334+0000] {logging_mixin.py:149} INFO - [2023-06-03T20:28:44.334+0000] {dagbag.py:541} INFO - Filling up the DagBag from /home/airflow/.local/lib/python3.7/site-packages/airflow/example_dags/example_trigger_controller_dag.py
[2023-06-03T20:28:44.337+0000] {processor.py:836} INFO - DAG(s) dict_keys(['example_trigger_controller_dag']) retrieved from /home/airflow/.local/lib/python3.7/site-packages/airflow/example_dags/example_trigger_controller_dag.py
[2023-06-03T20:28:44.355+0000] {logging_mixin.py:149} INFO - [2023-06-03T20:28:44.355+0000] {dag.py:2726} INFO - Sync 1 DAGs
[2023-06-03T20:28:44.372+0000] {logging_mixin.py:149} INFO - [2023-06-03T20:28:44.372+0000] {dag.py:3490} INFO - Setting next_dagrun for example_trigger_controller_dag to 2021-01-01T00:00:00+00:00, run_after=2021-01-01T00:00:00+00:00
[2023-06-03T20:28:44.388+0000] {processor.py:179} INFO - Processing /home/airflow/.local/lib/python3.7/site-packages/airflow/example_dags/example_trigger_controller_dag.py took 0.059 seconds
[2023-06-03T20:29:14.714+0000] {processor.py:157} INFO - Started process (PID=1962) to work on /home/airflow/.local/lib/python3.7/site-packages/airflow/example_dags/example_trigger_controller_dag.py
[2023-06-03T20:29:14.715+0000] {processor.py:826} INFO - Processing file /home/airflow/.local/lib/python3.7/site-packages/airflow/example_dags/example_trigger_controller_dag.py for tasks to queue
[2023-06-03T20:29:14.716+0000] {logging_mixin.py:149} INFO - [2023-06-03T20:29:14.716+0000] {dagbag.py:541} INFO - Filling up the DagBag from /home/airflow/.local/lib/python3.7/site-packages/airflow/example_dags/example_trigger_controller_dag.py
[2023-06-03T20:29:14.719+0000] {processor.py:836} INFO - DAG(s) dict_keys(['example_trigger_controller_dag']) retrieved from /home/airflow/.local/lib/python3.7/site-packages/airflow/example_dags/example_trigger_controller_dag.py
[2023-06-03T20:29:14.737+0000] {logging_mixin.py:149} INFO - [2023-06-03T20:29:14.737+0000] {dag.py:2726} INFO - Sync 1 DAGs
[2023-06-03T20:29:14.754+0000] {logging_mixin.py:149} INFO - [2023-06-03T20:29:14.754+0000] {dag.py:3490} INFO - Setting next_dagrun for example_trigger_controller_dag to 2021-01-01T00:00:00+00:00, run_after=2021-01-01T00:00:00+00:00
[2023-06-03T20:29:14.771+0000] {processor.py:179} INFO - Processing /home/airflow/.local/lib/python3.7/site-packages/airflow/example_dags/example_trigger_controller_dag.py took 0.060 seconds
[2023-06-03T20:29:44.959+0000] {processor.py:157} INFO - Started process (PID=2211) to work on /home/airflow/.local/lib/python3.7/site-packages/airflow/example_dags/example_trigger_controller_dag.py
[2023-06-03T20:29:44.961+0000] {processor.py:826} INFO - Processing file /home/airflow/.local/lib/python3.7/site-packages/airflow/example_dags/example_trigger_controller_dag.py for tasks to queue
[2023-06-03T20:29:44.962+0000] {logging_mixin.py:149} INFO - [2023-06-03T20:29:44.962+0000] {dagbag.py:541} INFO - Filling up the DagBag from /home/airflow/.local/lib/python3.7/site-packages/airflow/example_dags/example_trigger_controller_dag.py
[2023-06-03T20:29:44.965+0000] {processor.py:836} INFO - DAG(s) dict_keys(['example_trigger_controller_dag']) retrieved from /home/airflow/.local/lib/python3.7/site-packages/airflow/example_dags/example_trigger_controller_dag.py
[2023-06-03T20:29:44.982+0000] {logging_mixin.py:149} INFO - [2023-06-03T20:29:44.982+0000] {dag.py:2726} INFO - Sync 1 DAGs
[2023-06-03T20:29:45.009+0000] {logging_mixin.py:149} INFO - [2023-06-03T20:29:45.008+0000] {dag.py:3490} INFO - Setting next_dagrun for example_trigger_controller_dag to 2021-01-01T00:00:00+00:00, run_after=2021-01-01T00:00:00+00:00
[2023-06-03T20:29:45.041+0000] {processor.py:179} INFO - Processing /home/airflow/.local/lib/python3.7/site-packages/airflow/example_dags/example_trigger_controller_dag.py took 0.084 seconds
[2023-06-03T20:30:15.976+0000] {processor.py:157} INFO - Started process (PID=2466) to work on /home/airflow/.local/lib/python3.7/site-packages/airflow/example_dags/example_trigger_controller_dag.py
[2023-06-03T20:30:15.977+0000] {processor.py:826} INFO - Processing file /home/airflow/.local/lib/python3.7/site-packages/airflow/example_dags/example_trigger_controller_dag.py for tasks to queue
[2023-06-03T20:30:15.978+0000] {logging_mixin.py:149} INFO - [2023-06-03T20:30:15.978+0000] {dagbag.py:541} INFO - Filling up the DagBag from /home/airflow/.local/lib/python3.7/site-packages/airflow/example_dags/example_trigger_controller_dag.py
[2023-06-03T20:30:15.981+0000] {processor.py:836} INFO - DAG(s) dict_keys(['example_trigger_controller_dag']) retrieved from /home/airflow/.local/lib/python3.7/site-packages/airflow/example_dags/example_trigger_controller_dag.py
[2023-06-03T20:30:15.997+0000] {logging_mixin.py:149} INFO - [2023-06-03T20:30:15.997+0000] {dag.py:2726} INFO - Sync 1 DAGs
[2023-06-03T20:30:16.015+0000] {logging_mixin.py:149} INFO - [2023-06-03T20:30:16.015+0000] {dag.py:3490} INFO - Setting next_dagrun for example_trigger_controller_dag to 2021-01-01T00:00:00+00:00, run_after=2021-01-01T00:00:00+00:00
[2023-06-03T20:30:16.031+0000] {processor.py:179} INFO - Processing /home/airflow/.local/lib/python3.7/site-packages/airflow/example_dags/example_trigger_controller_dag.py took 0.057 seconds
[2023-06-03T20:30:46.590+0000] {processor.py:157} INFO - Started process (PID=2718) to work on /home/airflow/.local/lib/python3.7/site-packages/airflow/example_dags/example_trigger_controller_dag.py
[2023-06-03T20:30:46.591+0000] {processor.py:826} INFO - Processing file /home/airflow/.local/lib/python3.7/site-packages/airflow/example_dags/example_trigger_controller_dag.py for tasks to queue
[2023-06-03T20:30:46.592+0000] {logging_mixin.py:149} INFO - [2023-06-03T20:30:46.591+0000] {dagbag.py:541} INFO - Filling up the DagBag from /home/airflow/.local/lib/python3.7/site-packages/airflow/example_dags/example_trigger_controller_dag.py
[2023-06-03T20:30:46.595+0000] {processor.py:836} INFO - DAG(s) dict_keys(['example_trigger_controller_dag']) retrieved from /home/airflow/.local/lib/python3.7/site-packages/airflow/example_dags/example_trigger_controller_dag.py
[2023-06-03T20:30:46.613+0000] {logging_mixin.py:149} INFO - [2023-06-03T20:30:46.612+0000] {dag.py:2726} INFO - Sync 1 DAGs
[2023-06-03T20:30:46.631+0000] {logging_mixin.py:149} INFO - [2023-06-03T20:30:46.631+0000] {dag.py:3490} INFO - Setting next_dagrun for example_trigger_controller_dag to 2021-01-01T00:00:00+00:00, run_after=2021-01-01T00:00:00+00:00
[2023-06-03T20:30:46.648+0000] {processor.py:179} INFO - Processing /home/airflow/.local/lib/python3.7/site-packages/airflow/example_dags/example_trigger_controller_dag.py took 0.060 seconds
[2023-06-03T20:31:16.871+0000] {processor.py:157} INFO - Started process (PID=2970) to work on /home/airflow/.local/lib/python3.7/site-packages/airflow/example_dags/example_trigger_controller_dag.py
[2023-06-03T20:31:16.872+0000] {processor.py:826} INFO - Processing file /home/airflow/.local/lib/python3.7/site-packages/airflow/example_dags/example_trigger_controller_dag.py for tasks to queue
[2023-06-03T20:31:16.874+0000] {logging_mixin.py:149} INFO - [2023-06-03T20:31:16.873+0000] {dagbag.py:541} INFO - Filling up the DagBag from /home/airflow/.local/lib/python3.7/site-packages/airflow/example_dags/example_trigger_controller_dag.py
[2023-06-03T20:31:16.877+0000] {processor.py:836} INFO - DAG(s) dict_keys(['example_trigger_controller_dag']) retrieved from /home/airflow/.local/lib/python3.7/site-packages/airflow/example_dags/example_trigger_controller_dag.py
[2023-06-03T20:31:16.897+0000] {logging_mixin.py:149} INFO - [2023-06-03T20:31:16.897+0000] {dag.py:2726} INFO - Sync 1 DAGs
[2023-06-03T20:31:16.916+0000] {logging_mixin.py:149} INFO - [2023-06-03T20:31:16.916+0000] {dag.py:3490} INFO - Setting next_dagrun for example_trigger_controller_dag to 2021-01-01T00:00:00+00:00, run_after=2021-01-01T00:00:00+00:00
[2023-06-03T20:31:16.933+0000] {processor.py:179} INFO - Processing /home/airflow/.local/lib/python3.7/site-packages/airflow/example_dags/example_trigger_controller_dag.py took 0.064 seconds
[2023-06-03T20:31:47.080+0000] {processor.py:157} INFO - Started process (PID=3222) to work on /home/airflow/.local/lib/python3.7/site-packages/airflow/example_dags/example_trigger_controller_dag.py
[2023-06-03T20:31:47.082+0000] {processor.py:826} INFO - Processing file /home/airflow/.local/lib/python3.7/site-packages/airflow/example_dags/example_trigger_controller_dag.py for tasks to queue
[2023-06-03T20:31:47.083+0000] {logging_mixin.py:149} INFO - [2023-06-03T20:31:47.083+0000] {dagbag.py:541} INFO - Filling up the DagBag from /home/airflow/.local/lib/python3.7/site-packages/airflow/example_dags/example_trigger_controller_dag.py
[2023-06-03T20:31:47.087+0000] {processor.py:836} INFO - DAG(s) dict_keys(['example_trigger_controller_dag']) retrieved from /home/airflow/.local/lib/python3.7/site-packages/airflow/example_dags/example_trigger_controller_dag.py
[2023-06-03T20:31:47.106+0000] {logging_mixin.py:149} INFO - [2023-06-03T20:31:47.106+0000] {dag.py:2726} INFO - Sync 1 DAGs
[2023-06-03T20:31:47.124+0000] {logging_mixin.py:149} INFO - [2023-06-03T20:31:47.124+0000] {dag.py:3490} INFO - Setting next_dagrun for example_trigger_controller_dag to 2021-01-01T00:00:00+00:00, run_after=2021-01-01T00:00:00+00:00
[2023-06-03T20:31:47.143+0000] {processor.py:179} INFO - Processing /home/airflow/.local/lib/python3.7/site-packages/airflow/example_dags/example_trigger_controller_dag.py took 0.066 seconds
[2023-06-03T20:32:17.290+0000] {processor.py:157} INFO - Started process (PID=3612) to work on /home/airflow/.local/lib/python3.7/site-packages/airflow/example_dags/example_trigger_controller_dag.py
[2023-06-03T20:32:17.292+0000] {processor.py:826} INFO - Processing file /home/airflow/.local/lib/python3.7/site-packages/airflow/example_dags/example_trigger_controller_dag.py for tasks to queue
[2023-06-03T20:32:17.292+0000] {logging_mixin.py:149} INFO - [2023-06-03T20:32:17.292+0000] {dagbag.py:541} INFO - Filling up the DagBag from /home/airflow/.local/lib/python3.7/site-packages/airflow/example_dags/example_trigger_controller_dag.py
[2023-06-03T20:32:17.296+0000] {processor.py:836} INFO - DAG(s) dict_keys(['example_trigger_controller_dag']) retrieved from /home/airflow/.local/lib/python3.7/site-packages/airflow/example_dags/example_trigger_controller_dag.py
[2023-06-03T20:32:17.314+0000] {logging_mixin.py:149} INFO - [2023-06-03T20:32:17.314+0000] {dag.py:2726} INFO - Sync 1 DAGs
[2023-06-03T20:32:17.333+0000] {logging_mixin.py:149} INFO - [2023-06-03T20:32:17.333+0000] {dag.py:3490} INFO - Setting next_dagrun for example_trigger_controller_dag to 2021-01-01T00:00:00+00:00, run_after=2021-01-01T00:00:00+00:00
[2023-06-03T20:32:17.349+0000] {processor.py:179} INFO - Processing /home/airflow/.local/lib/python3.7/site-packages/airflow/example_dags/example_trigger_controller_dag.py took 0.061 seconds
[2023-06-03T20:32:47.561+0000] {processor.py:157} INFO - Started process (PID=3864) to work on /home/airflow/.local/lib/python3.7/site-packages/airflow/example_dags/example_trigger_controller_dag.py
[2023-06-03T20:32:47.562+0000] {processor.py:826} INFO - Processing file /home/airflow/.local/lib/python3.7/site-packages/airflow/example_dags/example_trigger_controller_dag.py for tasks to queue
[2023-06-03T20:32:47.563+0000] {logging_mixin.py:149} INFO - [2023-06-03T20:32:47.563+0000] {dagbag.py:541} INFO - Filling up the DagBag from /home/airflow/.local/lib/python3.7/site-packages/airflow/example_dags/example_trigger_controller_dag.py
[2023-06-03T20:32:47.567+0000] {processor.py:836} INFO - DAG(s) dict_keys(['example_trigger_controller_dag']) retrieved from /home/airflow/.local/lib/python3.7/site-packages/airflow/example_dags/example_trigger_controller_dag.py
[2023-06-03T20:32:47.585+0000] {logging_mixin.py:149} INFO - [2023-06-03T20:32:47.585+0000] {dag.py:2726} INFO - Sync 1 DAGs
[2023-06-03T20:32:47.604+0000] {logging_mixin.py:149} INFO - [2023-06-03T20:32:47.604+0000] {dag.py:3490} INFO - Setting next_dagrun for example_trigger_controller_dag to 2021-01-01T00:00:00+00:00, run_after=2021-01-01T00:00:00+00:00
[2023-06-03T20:32:47.620+0000] {processor.py:179} INFO - Processing /home/airflow/.local/lib/python3.7/site-packages/airflow/example_dags/example_trigger_controller_dag.py took 0.061 seconds
[2023-06-03T20:33:17.817+0000] {processor.py:157} INFO - Started process (PID=4116) to work on /home/airflow/.local/lib/python3.7/site-packages/airflow/example_dags/example_trigger_controller_dag.py
[2023-06-03T20:33:17.823+0000] {processor.py:826} INFO - Processing file /home/airflow/.local/lib/python3.7/site-packages/airflow/example_dags/example_trigger_controller_dag.py for tasks to queue
[2023-06-03T20:33:17.825+0000] {logging_mixin.py:149} INFO - [2023-06-03T20:33:17.825+0000] {dagbag.py:541} INFO - Filling up the DagBag from /home/airflow/.local/lib/python3.7/site-packages/airflow/example_dags/example_trigger_controller_dag.py
[2023-06-03T20:33:17.829+0000] {processor.py:836} INFO - DAG(s) dict_keys(['example_trigger_controller_dag']) retrieved from /home/airflow/.local/lib/python3.7/site-packages/airflow/example_dags/example_trigger_controller_dag.py
[2023-06-03T20:33:17.849+0000] {logging_mixin.py:149} INFO - [2023-06-03T20:33:17.849+0000] {dag.py:2726} INFO - Sync 1 DAGs
[2023-06-03T20:33:17.869+0000] {logging_mixin.py:149} INFO - [2023-06-03T20:33:17.869+0000] {dag.py:3490} INFO - Setting next_dagrun for example_trigger_controller_dag to 2021-01-01T00:00:00+00:00, run_after=2021-01-01T00:00:00+00:00
[2023-06-03T20:33:17.892+0000] {processor.py:179} INFO - Processing /home/airflow/.local/lib/python3.7/site-packages/airflow/example_dags/example_trigger_controller_dag.py took 0.077 seconds
[2023-06-03T20:33:48.775+0000] {processor.py:157} INFO - Started process (PID=4368) to work on /home/airflow/.local/lib/python3.7/site-packages/airflow/example_dags/example_trigger_controller_dag.py
[2023-06-03T20:33:48.776+0000] {processor.py:826} INFO - Processing file /home/airflow/.local/lib/python3.7/site-packages/airflow/example_dags/example_trigger_controller_dag.py for tasks to queue
[2023-06-03T20:33:48.777+0000] {logging_mixin.py:149} INFO - [2023-06-03T20:33:48.777+0000] {dagbag.py:541} INFO - Filling up the DagBag from /home/airflow/.local/lib/python3.7/site-packages/airflow/example_dags/example_trigger_controller_dag.py
[2023-06-03T20:33:48.780+0000] {processor.py:836} INFO - DAG(s) dict_keys(['example_trigger_controller_dag']) retrieved from /home/airflow/.local/lib/python3.7/site-packages/airflow/example_dags/example_trigger_controller_dag.py
[2023-06-03T20:33:48.798+0000] {logging_mixin.py:149} INFO - [2023-06-03T20:33:48.798+0000] {dag.py:2726} INFO - Sync 1 DAGs
[2023-06-03T20:33:48.816+0000] {logging_mixin.py:149} INFO - [2023-06-03T20:33:48.816+0000] {dag.py:3490} INFO - Setting next_dagrun for example_trigger_controller_dag to 2021-01-01T00:00:00+00:00, run_after=2021-01-01T00:00:00+00:00
[2023-06-03T20:33:48.831+0000] {processor.py:179} INFO - Processing /home/airflow/.local/lib/python3.7/site-packages/airflow/example_dags/example_trigger_controller_dag.py took 0.058 seconds
[2023-06-03T20:34:19.398+0000] {processor.py:157} INFO - Started process (PID=4620) to work on /home/airflow/.local/lib/python3.7/site-packages/airflow/example_dags/example_trigger_controller_dag.py
[2023-06-03T20:34:19.399+0000] {processor.py:826} INFO - Processing file /home/airflow/.local/lib/python3.7/site-packages/airflow/example_dags/example_trigger_controller_dag.py for tasks to queue
[2023-06-03T20:34:19.400+0000] {logging_mixin.py:149} INFO - [2023-06-03T20:34:19.400+0000] {dagbag.py:541} INFO - Filling up the DagBag from /home/airflow/.local/lib/python3.7/site-packages/airflow/example_dags/example_trigger_controller_dag.py
[2023-06-03T20:34:19.403+0000] {processor.py:836} INFO - DAG(s) dict_keys(['example_trigger_controller_dag']) retrieved from /home/airflow/.local/lib/python3.7/site-packages/airflow/example_dags/example_trigger_controller_dag.py
[2023-06-03T20:34:19.421+0000] {logging_mixin.py:149} INFO - [2023-06-03T20:34:19.421+0000] {dag.py:2726} INFO - Sync 1 DAGs
[2023-06-03T20:34:19.440+0000] {logging_mixin.py:149} INFO - [2023-06-03T20:34:19.440+0000] {dag.py:3490} INFO - Setting next_dagrun for example_trigger_controller_dag to 2021-01-01T00:00:00+00:00, run_after=2021-01-01T00:00:00+00:00
[2023-06-03T20:34:19.454+0000] {processor.py:179} INFO - Processing /home/airflow/.local/lib/python3.7/site-packages/airflow/example_dags/example_trigger_controller_dag.py took 0.059 seconds
[2023-06-03T20:34:49.908+0000] {processor.py:157} INFO - Started process (PID=4872) to work on /home/airflow/.local/lib/python3.7/site-packages/airflow/example_dags/example_trigger_controller_dag.py
[2023-06-03T20:34:49.909+0000] {processor.py:826} INFO - Processing file /home/airflow/.local/lib/python3.7/site-packages/airflow/example_dags/example_trigger_controller_dag.py for tasks to queue
[2023-06-03T20:34:49.910+0000] {logging_mixin.py:149} INFO - [2023-06-03T20:34:49.910+0000] {dagbag.py:541} INFO - Filling up the DagBag from /home/airflow/.local/lib/python3.7/site-packages/airflow/example_dags/example_trigger_controller_dag.py
[2023-06-03T20:34:49.913+0000] {processor.py:836} INFO - DAG(s) dict_keys(['example_trigger_controller_dag']) retrieved from /home/airflow/.local/lib/python3.7/site-packages/airflow/example_dags/example_trigger_controller_dag.py
[2023-06-03T20:34:49.930+0000] {logging_mixin.py:149} INFO - [2023-06-03T20:34:49.930+0000] {dag.py:2726} INFO - Sync 1 DAGs
[2023-06-03T20:34:49.949+0000] {logging_mixin.py:149} INFO - [2023-06-03T20:34:49.949+0000] {dag.py:3490} INFO - Setting next_dagrun for example_trigger_controller_dag to 2021-01-01T00:00:00+00:00, run_after=2021-01-01T00:00:00+00:00
[2023-06-03T20:34:49.964+0000] {processor.py:179} INFO - Processing /home/airflow/.local/lib/python3.7/site-packages/airflow/example_dags/example_trigger_controller_dag.py took 0.058 seconds
[2023-06-03T20:35:20.311+0000] {processor.py:157} INFO - Started process (PID=5124) to work on /home/airflow/.local/lib/python3.7/site-packages/airflow/example_dags/example_trigger_controller_dag.py
[2023-06-03T20:35:20.312+0000] {processor.py:826} INFO - Processing file /home/airflow/.local/lib/python3.7/site-packages/airflow/example_dags/example_trigger_controller_dag.py for tasks to queue
[2023-06-03T20:35:20.313+0000] {logging_mixin.py:149} INFO - [2023-06-03T20:35:20.313+0000] {dagbag.py:541} INFO - Filling up the DagBag from /home/airflow/.local/lib/python3.7/site-packages/airflow/example_dags/example_trigger_controller_dag.py
[2023-06-03T20:35:20.317+0000] {processor.py:836} INFO - DAG(s) dict_keys(['example_trigger_controller_dag']) retrieved from /home/airflow/.local/lib/python3.7/site-packages/airflow/example_dags/example_trigger_controller_dag.py
[2023-06-03T20:35:20.335+0000] {logging_mixin.py:149} INFO - [2023-06-03T20:35:20.335+0000] {dag.py:2726} INFO - Sync 1 DAGs
[2023-06-03T20:35:20.353+0000] {logging_mixin.py:149} INFO - [2023-06-03T20:35:20.353+0000] {dag.py:3490} INFO - Setting next_dagrun for example_trigger_controller_dag to 2021-01-01T00:00:00+00:00, run_after=2021-01-01T00:00:00+00:00
[2023-06-03T20:35:20.367+0000] {processor.py:179} INFO - Processing /home/airflow/.local/lib/python3.7/site-packages/airflow/example_dags/example_trigger_controller_dag.py took 0.059 seconds
[2023-06-03T20:35:51.064+0000] {processor.py:157} INFO - Started process (PID=5376) to work on /home/airflow/.local/lib/python3.7/site-packages/airflow/example_dags/example_trigger_controller_dag.py
[2023-06-03T20:35:51.065+0000] {processor.py:826} INFO - Processing file /home/airflow/.local/lib/python3.7/site-packages/airflow/example_dags/example_trigger_controller_dag.py for tasks to queue
[2023-06-03T20:35:51.067+0000] {logging_mixin.py:149} INFO - [2023-06-03T20:35:51.066+0000] {dagbag.py:541} INFO - Filling up the DagBag from /home/airflow/.local/lib/python3.7/site-packages/airflow/example_dags/example_trigger_controller_dag.py
[2023-06-03T20:35:51.071+0000] {processor.py:836} INFO - DAG(s) dict_keys(['example_trigger_controller_dag']) retrieved from /home/airflow/.local/lib/python3.7/site-packages/airflow/example_dags/example_trigger_controller_dag.py
[2023-06-03T20:35:51.089+0000] {logging_mixin.py:149} INFO - [2023-06-03T20:35:51.089+0000] {dag.py:2726} INFO - Sync 1 DAGs
[2023-06-03T20:35:51.108+0000] {logging_mixin.py:149} INFO - [2023-06-03T20:35:51.108+0000] {dag.py:3490} INFO - Setting next_dagrun for example_trigger_controller_dag to 2021-01-01T00:00:00+00:00, run_after=2021-01-01T00:00:00+00:00
[2023-06-03T20:35:51.128+0000] {processor.py:179} INFO - Processing /home/airflow/.local/lib/python3.7/site-packages/airflow/example_dags/example_trigger_controller_dag.py took 0.067 seconds
[2023-06-03T20:36:21.689+0000] {processor.py:157} INFO - Started process (PID=5628) to work on /home/airflow/.local/lib/python3.7/site-packages/airflow/example_dags/example_trigger_controller_dag.py
[2023-06-03T20:36:21.690+0000] {processor.py:826} INFO - Processing file /home/airflow/.local/lib/python3.7/site-packages/airflow/example_dags/example_trigger_controller_dag.py for tasks to queue
[2023-06-03T20:36:21.691+0000] {logging_mixin.py:149} INFO - [2023-06-03T20:36:21.691+0000] {dagbag.py:541} INFO - Filling up the DagBag from /home/airflow/.local/lib/python3.7/site-packages/airflow/example_dags/example_trigger_controller_dag.py
[2023-06-03T20:36:21.694+0000] {processor.py:836} INFO - DAG(s) dict_keys(['example_trigger_controller_dag']) retrieved from /home/airflow/.local/lib/python3.7/site-packages/airflow/example_dags/example_trigger_controller_dag.py
[2023-06-03T20:36:21.713+0000] {logging_mixin.py:149} INFO - [2023-06-03T20:36:21.713+0000] {dag.py:2726} INFO - Sync 1 DAGs
[2023-06-03T20:36:21.732+0000] {logging_mixin.py:149} INFO - [2023-06-03T20:36:21.732+0000] {dag.py:3490} INFO - Setting next_dagrun for example_trigger_controller_dag to 2021-01-01T00:00:00+00:00, run_after=2021-01-01T00:00:00+00:00
[2023-06-03T20:36:21.748+0000] {processor.py:179} INFO - Processing /home/airflow/.local/lib/python3.7/site-packages/airflow/example_dags/example_trigger_controller_dag.py took 0.062 seconds
[2023-06-03T20:36:52.261+0000] {processor.py:157} INFO - Started process (PID=5880) to work on /home/airflow/.local/lib/python3.7/site-packages/airflow/example_dags/example_trigger_controller_dag.py
[2023-06-03T20:36:52.262+0000] {processor.py:826} INFO - Processing file /home/airflow/.local/lib/python3.7/site-packages/airflow/example_dags/example_trigger_controller_dag.py for tasks to queue
[2023-06-03T20:36:52.264+0000] {logging_mixin.py:149} INFO - [2023-06-03T20:36:52.263+0000] {dagbag.py:541} INFO - Filling up the DagBag from /home/airflow/.local/lib/python3.7/site-packages/airflow/example_dags/example_trigger_controller_dag.py
[2023-06-03T20:36:52.267+0000] {processor.py:836} INFO - DAG(s) dict_keys(['example_trigger_controller_dag']) retrieved from /home/airflow/.local/lib/python3.7/site-packages/airflow/example_dags/example_trigger_controller_dag.py
[2023-06-03T20:36:52.285+0000] {logging_mixin.py:149} INFO - [2023-06-03T20:36:52.285+0000] {dag.py:2726} INFO - Sync 1 DAGs
[2023-06-03T20:36:52.312+0000] {logging_mixin.py:149} INFO - [2023-06-03T20:36:52.312+0000] {dag.py:3490} INFO - Setting next_dagrun for example_trigger_controller_dag to 2021-01-01T00:00:00+00:00, run_after=2021-01-01T00:00:00+00:00
[2023-06-03T20:36:52.333+0000] {processor.py:179} INFO - Processing /home/airflow/.local/lib/python3.7/site-packages/airflow/example_dags/example_trigger_controller_dag.py took 0.075 seconds
[2023-06-03T20:37:23.016+0000] {processor.py:157} INFO - Started process (PID=6132) to work on /home/airflow/.local/lib/python3.7/site-packages/airflow/example_dags/example_trigger_controller_dag.py
[2023-06-03T20:37:23.018+0000] {processor.py:826} INFO - Processing file /home/airflow/.local/lib/python3.7/site-packages/airflow/example_dags/example_trigger_controller_dag.py for tasks to queue
[2023-06-03T20:37:23.019+0000] {logging_mixin.py:149} INFO - [2023-06-03T20:37:23.019+0000] {dagbag.py:541} INFO - Filling up the DagBag from /home/airflow/.local/lib/python3.7/site-packages/airflow/example_dags/example_trigger_controller_dag.py
[2023-06-03T20:37:23.022+0000] {processor.py:836} INFO - DAG(s) dict_keys(['example_trigger_controller_dag']) retrieved from /home/airflow/.local/lib/python3.7/site-packages/airflow/example_dags/example_trigger_controller_dag.py
[2023-06-03T20:37:23.039+0000] {logging_mixin.py:149} INFO - [2023-06-03T20:37:23.039+0000] {dag.py:2726} INFO - Sync 1 DAGs
[2023-06-03T20:37:23.057+0000] {logging_mixin.py:149} INFO - [2023-06-03T20:37:23.057+0000] {dag.py:3490} INFO - Setting next_dagrun for example_trigger_controller_dag to 2021-01-01T00:00:00+00:00, run_after=2021-01-01T00:00:00+00:00
[2023-06-03T20:37:23.075+0000] {processor.py:179} INFO - Processing /home/airflow/.local/lib/python3.7/site-packages/airflow/example_dags/example_trigger_controller_dag.py took 0.061 seconds
[2023-06-03T20:37:53.662+0000] {processor.py:157} INFO - Started process (PID=6384) to work on /home/airflow/.local/lib/python3.7/site-packages/airflow/example_dags/example_trigger_controller_dag.py
[2023-06-03T20:37:53.663+0000] {processor.py:826} INFO - Processing file /home/airflow/.local/lib/python3.7/site-packages/airflow/example_dags/example_trigger_controller_dag.py for tasks to queue
[2023-06-03T20:37:53.664+0000] {logging_mixin.py:149} INFO - [2023-06-03T20:37:53.664+0000] {dagbag.py:541} INFO - Filling up the DagBag from /home/airflow/.local/lib/python3.7/site-packages/airflow/example_dags/example_trigger_controller_dag.py
[2023-06-03T20:37:53.667+0000] {processor.py:836} INFO - DAG(s) dict_keys(['example_trigger_controller_dag']) retrieved from /home/airflow/.local/lib/python3.7/site-packages/airflow/example_dags/example_trigger_controller_dag.py
[2023-06-03T20:37:53.685+0000] {logging_mixin.py:149} INFO - [2023-06-03T20:37:53.685+0000] {dag.py:2726} INFO - Sync 1 DAGs
[2023-06-03T20:37:53.702+0000] {logging_mixin.py:149} INFO - [2023-06-03T20:37:53.702+0000] {dag.py:3490} INFO - Setting next_dagrun for example_trigger_controller_dag to 2021-01-01T00:00:00+00:00, run_after=2021-01-01T00:00:00+00:00
[2023-06-03T20:37:53.717+0000] {processor.py:179} INFO - Processing /home/airflow/.local/lib/python3.7/site-packages/airflow/example_dags/example_trigger_controller_dag.py took 0.056 seconds
[2023-06-03T20:38:23.877+0000] {processor.py:157} INFO - Started process (PID=6636) to work on /home/airflow/.local/lib/python3.7/site-packages/airflow/example_dags/example_trigger_controller_dag.py
[2023-06-03T20:38:23.878+0000] {processor.py:826} INFO - Processing file /home/airflow/.local/lib/python3.7/site-packages/airflow/example_dags/example_trigger_controller_dag.py for tasks to queue
[2023-06-03T20:38:23.879+0000] {logging_mixin.py:149} INFO - [2023-06-03T20:38:23.879+0000] {dagbag.py:541} INFO - Filling up the DagBag from /home/airflow/.local/lib/python3.7/site-packages/airflow/example_dags/example_trigger_controller_dag.py
[2023-06-03T20:38:23.882+0000] {processor.py:836} INFO - DAG(s) dict_keys(['example_trigger_controller_dag']) retrieved from /home/airflow/.local/lib/python3.7/site-packages/airflow/example_dags/example_trigger_controller_dag.py
[2023-06-03T20:38:23.898+0000] {logging_mixin.py:149} INFO - [2023-06-03T20:38:23.898+0000] {dag.py:2726} INFO - Sync 1 DAGs
[2023-06-03T20:38:23.915+0000] {logging_mixin.py:149} INFO - [2023-06-03T20:38:23.915+0000] {dag.py:3490} INFO - Setting next_dagrun for example_trigger_controller_dag to 2021-01-01T00:00:00+00:00, run_after=2021-01-01T00:00:00+00:00
[2023-06-03T20:38:23.930+0000] {processor.py:179} INFO - Processing /home/airflow/.local/lib/python3.7/site-packages/airflow/example_dags/example_trigger_controller_dag.py took 0.055 seconds
[2023-06-03T20:38:54.077+0000] {processor.py:157} INFO - Started process (PID=6888) to work on /home/airflow/.local/lib/python3.7/site-packages/airflow/example_dags/example_trigger_controller_dag.py
[2023-06-03T20:38:54.078+0000] {processor.py:826} INFO - Processing file /home/airflow/.local/lib/python3.7/site-packages/airflow/example_dags/example_trigger_controller_dag.py for tasks to queue
[2023-06-03T20:38:54.079+0000] {logging_mixin.py:149} INFO - [2023-06-03T20:38:54.079+0000] {dagbag.py:541} INFO - Filling up the DagBag from /home/airflow/.local/lib/python3.7/site-packages/airflow/example_dags/example_trigger_controller_dag.py
[2023-06-03T20:38:54.082+0000] {processor.py:836} INFO - DAG(s) dict_keys(['example_trigger_controller_dag']) retrieved from /home/airflow/.local/lib/python3.7/site-packages/airflow/example_dags/example_trigger_controller_dag.py
[2023-06-03T20:38:54.099+0000] {logging_mixin.py:149} INFO - [2023-06-03T20:38:54.099+0000] {dag.py:2726} INFO - Sync 1 DAGs
[2023-06-03T20:38:54.117+0000] {logging_mixin.py:149} INFO - [2023-06-03T20:38:54.117+0000] {dag.py:3490} INFO - Setting next_dagrun for example_trigger_controller_dag to 2021-01-01T00:00:00+00:00, run_after=2021-01-01T00:00:00+00:00
[2023-06-03T20:38:54.132+0000] {processor.py:179} INFO - Processing /home/airflow/.local/lib/python3.7/site-packages/airflow/example_dags/example_trigger_controller_dag.py took 0.057 seconds
[2023-06-03T20:39:24.439+0000] {processor.py:157} INFO - Started process (PID=7140) to work on /home/airflow/.local/lib/python3.7/site-packages/airflow/example_dags/example_trigger_controller_dag.py
[2023-06-03T20:39:24.440+0000] {processor.py:826} INFO - Processing file /home/airflow/.local/lib/python3.7/site-packages/airflow/example_dags/example_trigger_controller_dag.py for tasks to queue
[2023-06-03T20:39:24.441+0000] {logging_mixin.py:149} INFO - [2023-06-03T20:39:24.441+0000] {dagbag.py:541} INFO - Filling up the DagBag from /home/airflow/.local/lib/python3.7/site-packages/airflow/example_dags/example_trigger_controller_dag.py
[2023-06-03T20:39:24.445+0000] {processor.py:836} INFO - DAG(s) dict_keys(['example_trigger_controller_dag']) retrieved from /home/airflow/.local/lib/python3.7/site-packages/airflow/example_dags/example_trigger_controller_dag.py
[2023-06-03T20:39:24.465+0000] {logging_mixin.py:149} INFO - [2023-06-03T20:39:24.465+0000] {dag.py:2726} INFO - Sync 1 DAGs
[2023-06-03T20:39:24.485+0000] {logging_mixin.py:149} INFO - [2023-06-03T20:39:24.485+0000] {dag.py:3490} INFO - Setting next_dagrun for example_trigger_controller_dag to 2021-01-01T00:00:00+00:00, run_after=2021-01-01T00:00:00+00:00
[2023-06-03T20:39:24.502+0000] {processor.py:179} INFO - Processing /home/airflow/.local/lib/python3.7/site-packages/airflow/example_dags/example_trigger_controller_dag.py took 0.065 seconds
[2023-06-03T20:39:54.631+0000] {processor.py:157} INFO - Started process (PID=7392) to work on /home/airflow/.local/lib/python3.7/site-packages/airflow/example_dags/example_trigger_controller_dag.py
[2023-06-03T20:39:54.632+0000] {processor.py:826} INFO - Processing file /home/airflow/.local/lib/python3.7/site-packages/airflow/example_dags/example_trigger_controller_dag.py for tasks to queue
[2023-06-03T20:39:54.633+0000] {logging_mixin.py:149} INFO - [2023-06-03T20:39:54.633+0000] {dagbag.py:541} INFO - Filling up the DagBag from /home/airflow/.local/lib/python3.7/site-packages/airflow/example_dags/example_trigger_controller_dag.py
[2023-06-03T20:39:54.637+0000] {processor.py:836} INFO - DAG(s) dict_keys(['example_trigger_controller_dag']) retrieved from /home/airflow/.local/lib/python3.7/site-packages/airflow/example_dags/example_trigger_controller_dag.py
[2023-06-03T20:39:54.654+0000] {logging_mixin.py:149} INFO - [2023-06-03T20:39:54.654+0000] {dag.py:2726} INFO - Sync 1 DAGs
[2023-06-03T20:39:54.672+0000] {logging_mixin.py:149} INFO - [2023-06-03T20:39:54.672+0000] {dag.py:3490} INFO - Setting next_dagrun for example_trigger_controller_dag to 2021-01-01T00:00:00+00:00, run_after=2021-01-01T00:00:00+00:00
[2023-06-03T20:39:54.687+0000] {processor.py:179} INFO - Processing /home/airflow/.local/lib/python3.7/site-packages/airflow/example_dags/example_trigger_controller_dag.py took 0.059 seconds
[2023-06-03T20:40:25.043+0000] {processor.py:157} INFO - Started process (PID=7644) to work on /home/airflow/.local/lib/python3.7/site-packages/airflow/example_dags/example_trigger_controller_dag.py
[2023-06-03T20:40:25.045+0000] {processor.py:826} INFO - Processing file /home/airflow/.local/lib/python3.7/site-packages/airflow/example_dags/example_trigger_controller_dag.py for tasks to queue
[2023-06-03T20:40:25.046+0000] {logging_mixin.py:149} INFO - [2023-06-03T20:40:25.045+0000] {dagbag.py:541} INFO - Filling up the DagBag from /home/airflow/.local/lib/python3.7/site-packages/airflow/example_dags/example_trigger_controller_dag.py
[2023-06-03T20:40:25.049+0000] {processor.py:836} INFO - DAG(s) dict_keys(['example_trigger_controller_dag']) retrieved from /home/airflow/.local/lib/python3.7/site-packages/airflow/example_dags/example_trigger_controller_dag.py
[2023-06-03T20:40:25.067+0000] {logging_mixin.py:149} INFO - [2023-06-03T20:40:25.067+0000] {dag.py:2726} INFO - Sync 1 DAGs
[2023-06-03T20:40:25.088+0000] {logging_mixin.py:149} INFO - [2023-06-03T20:40:25.088+0000] {dag.py:3490} INFO - Setting next_dagrun for example_trigger_controller_dag to 2021-01-01T00:00:00+00:00, run_after=2021-01-01T00:00:00+00:00
[2023-06-03T20:40:25.107+0000] {processor.py:179} INFO - Processing /home/airflow/.local/lib/python3.7/site-packages/airflow/example_dags/example_trigger_controller_dag.py took 0.066 seconds
[2023-06-03T20:40:56.028+0000] {processor.py:157} INFO - Started process (PID=7896) to work on /home/airflow/.local/lib/python3.7/site-packages/airflow/example_dags/example_trigger_controller_dag.py
[2023-06-03T20:40:56.030+0000] {processor.py:826} INFO - Processing file /home/airflow/.local/lib/python3.7/site-packages/airflow/example_dags/example_trigger_controller_dag.py for tasks to queue
[2023-06-03T20:40:56.031+0000] {logging_mixin.py:149} INFO - [2023-06-03T20:40:56.031+0000] {dagbag.py:541} INFO - Filling up the DagBag from /home/airflow/.local/lib/python3.7/site-packages/airflow/example_dags/example_trigger_controller_dag.py
[2023-06-03T20:40:56.034+0000] {processor.py:836} INFO - DAG(s) dict_keys(['example_trigger_controller_dag']) retrieved from /home/airflow/.local/lib/python3.7/site-packages/airflow/example_dags/example_trigger_controller_dag.py
[2023-06-03T20:40:56.052+0000] {logging_mixin.py:149} INFO - [2023-06-03T20:40:56.052+0000] {dag.py:2726} INFO - Sync 1 DAGs
[2023-06-03T20:40:56.072+0000] {logging_mixin.py:149} INFO - [2023-06-03T20:40:56.072+0000] {dag.py:3490} INFO - Setting next_dagrun for example_trigger_controller_dag to 2021-01-01T00:00:00+00:00, run_after=2021-01-01T00:00:00+00:00
[2023-06-03T20:40:56.088+0000] {processor.py:179} INFO - Processing /home/airflow/.local/lib/python3.7/site-packages/airflow/example_dags/example_trigger_controller_dag.py took 0.062 seconds
[2023-06-03T20:41:26.234+0000] {processor.py:157} INFO - Started process (PID=8148) to work on /home/airflow/.local/lib/python3.7/site-packages/airflow/example_dags/example_trigger_controller_dag.py
[2023-06-03T20:41:26.236+0000] {processor.py:826} INFO - Processing file /home/airflow/.local/lib/python3.7/site-packages/airflow/example_dags/example_trigger_controller_dag.py for tasks to queue
[2023-06-03T20:41:26.238+0000] {logging_mixin.py:149} INFO - [2023-06-03T20:41:26.238+0000] {dagbag.py:541} INFO - Filling up the DagBag from /home/airflow/.local/lib/python3.7/site-packages/airflow/example_dags/example_trigger_controller_dag.py
[2023-06-03T20:41:26.241+0000] {processor.py:836} INFO - DAG(s) dict_keys(['example_trigger_controller_dag']) retrieved from /home/airflow/.local/lib/python3.7/site-packages/airflow/example_dags/example_trigger_controller_dag.py
[2023-06-03T20:41:26.259+0000] {logging_mixin.py:149} INFO - [2023-06-03T20:41:26.259+0000] {dag.py:2726} INFO - Sync 1 DAGs
[2023-06-03T20:41:26.277+0000] {logging_mixin.py:149} INFO - [2023-06-03T20:41:26.276+0000] {dag.py:3490} INFO - Setting next_dagrun for example_trigger_controller_dag to 2021-01-01T00:00:00+00:00, run_after=2021-01-01T00:00:00+00:00
[2023-06-03T20:41:26.292+0000] {processor.py:179} INFO - Processing /home/airflow/.local/lib/python3.7/site-packages/airflow/example_dags/example_trigger_controller_dag.py took 0.060 seconds
[2023-06-03T20:41:56.481+0000] {processor.py:157} INFO - Started process (PID=8400) to work on /home/airflow/.local/lib/python3.7/site-packages/airflow/example_dags/example_trigger_controller_dag.py
[2023-06-03T20:41:56.484+0000] {processor.py:826} INFO - Processing file /home/airflow/.local/lib/python3.7/site-packages/airflow/example_dags/example_trigger_controller_dag.py for tasks to queue
[2023-06-03T20:41:56.485+0000] {logging_mixin.py:149} INFO - [2023-06-03T20:41:56.485+0000] {dagbag.py:541} INFO - Filling up the DagBag from /home/airflow/.local/lib/python3.7/site-packages/airflow/example_dags/example_trigger_controller_dag.py
[2023-06-03T20:41:56.489+0000] {processor.py:836} INFO - DAG(s) dict_keys(['example_trigger_controller_dag']) retrieved from /home/airflow/.local/lib/python3.7/site-packages/airflow/example_dags/example_trigger_controller_dag.py
[2023-06-03T20:41:56.568+0000] {logging_mixin.py:149} INFO - [2023-06-03T20:41:56.568+0000] {dag.py:2726} INFO - Sync 1 DAGs
[2023-06-03T20:41:56.589+0000] {logging_mixin.py:149} INFO - [2023-06-03T20:41:56.588+0000] {dag.py:3490} INFO - Setting next_dagrun for example_trigger_controller_dag to 2021-01-01T00:00:00+00:00, run_after=2021-01-01T00:00:00+00:00
[2023-06-03T20:41:56.606+0000] {processor.py:179} INFO - Processing /home/airflow/.local/lib/python3.7/site-packages/airflow/example_dags/example_trigger_controller_dag.py took 0.128 seconds
[2023-06-03T20:42:26.741+0000] {processor.py:157} INFO - Started process (PID=8652) to work on /home/airflow/.local/lib/python3.7/site-packages/airflow/example_dags/example_trigger_controller_dag.py
[2023-06-03T20:42:26.742+0000] {processor.py:826} INFO - Processing file /home/airflow/.local/lib/python3.7/site-packages/airflow/example_dags/example_trigger_controller_dag.py for tasks to queue
[2023-06-03T20:42:26.743+0000] {logging_mixin.py:149} INFO - [2023-06-03T20:42:26.743+0000] {dagbag.py:541} INFO - Filling up the DagBag from /home/airflow/.local/lib/python3.7/site-packages/airflow/example_dags/example_trigger_controller_dag.py
[2023-06-03T20:42:26.746+0000] {processor.py:836} INFO - DAG(s) dict_keys(['example_trigger_controller_dag']) retrieved from /home/airflow/.local/lib/python3.7/site-packages/airflow/example_dags/example_trigger_controller_dag.py
[2023-06-03T20:42:26.763+0000] {logging_mixin.py:149} INFO - [2023-06-03T20:42:26.763+0000] {dag.py:2726} INFO - Sync 1 DAGs
[2023-06-03T20:42:26.781+0000] {logging_mixin.py:149} INFO - [2023-06-03T20:42:26.780+0000] {dag.py:3490} INFO - Setting next_dagrun for example_trigger_controller_dag to 2021-01-01T00:00:00+00:00, run_after=2021-01-01T00:00:00+00:00
[2023-06-03T20:42:26.795+0000] {processor.py:179} INFO - Processing /home/airflow/.local/lib/python3.7/site-packages/airflow/example_dags/example_trigger_controller_dag.py took 0.057 seconds
[2023-06-03T20:42:56.933+0000] {processor.py:157} INFO - Started process (PID=8904) to work on /home/airflow/.local/lib/python3.7/site-packages/airflow/example_dags/example_trigger_controller_dag.py
[2023-06-03T20:42:56.934+0000] {processor.py:826} INFO - Processing file /home/airflow/.local/lib/python3.7/site-packages/airflow/example_dags/example_trigger_controller_dag.py for tasks to queue
[2023-06-03T20:42:56.935+0000] {logging_mixin.py:149} INFO - [2023-06-03T20:42:56.935+0000] {dagbag.py:541} INFO - Filling up the DagBag from /home/airflow/.local/lib/python3.7/site-packages/airflow/example_dags/example_trigger_controller_dag.py
[2023-06-03T20:42:56.939+0000] {processor.py:836} INFO - DAG(s) dict_keys(['example_trigger_controller_dag']) retrieved from /home/airflow/.local/lib/python3.7/site-packages/airflow/example_dags/example_trigger_controller_dag.py
[2023-06-03T20:42:56.957+0000] {logging_mixin.py:149} INFO - [2023-06-03T20:42:56.957+0000] {dag.py:2726} INFO - Sync 1 DAGs
[2023-06-03T20:42:56.977+0000] {logging_mixin.py:149} INFO - [2023-06-03T20:42:56.976+0000] {dag.py:3490} INFO - Setting next_dagrun for example_trigger_controller_dag to 2021-01-01T00:00:00+00:00, run_after=2021-01-01T00:00:00+00:00
[2023-06-03T20:42:56.992+0000] {processor.py:179} INFO - Processing /home/airflow/.local/lib/python3.7/site-packages/airflow/example_dags/example_trigger_controller_dag.py took 0.062 seconds
[2023-06-03T20:43:27.166+0000] {processor.py:157} INFO - Started process (PID=9156) to work on /home/airflow/.local/lib/python3.7/site-packages/airflow/example_dags/example_trigger_controller_dag.py
[2023-06-03T20:43:27.167+0000] {processor.py:826} INFO - Processing file /home/airflow/.local/lib/python3.7/site-packages/airflow/example_dags/example_trigger_controller_dag.py for tasks to queue
[2023-06-03T20:43:27.168+0000] {logging_mixin.py:149} INFO - [2023-06-03T20:43:27.168+0000] {dagbag.py:541} INFO - Filling up the DagBag from /home/airflow/.local/lib/python3.7/site-packages/airflow/example_dags/example_trigger_controller_dag.py
[2023-06-03T20:43:27.171+0000] {processor.py:836} INFO - DAG(s) dict_keys(['example_trigger_controller_dag']) retrieved from /home/airflow/.local/lib/python3.7/site-packages/airflow/example_dags/example_trigger_controller_dag.py
[2023-06-03T20:43:27.190+0000] {logging_mixin.py:149} INFO - [2023-06-03T20:43:27.190+0000] {dag.py:2726} INFO - Sync 1 DAGs
[2023-06-03T20:43:27.208+0000] {logging_mixin.py:149} INFO - [2023-06-03T20:43:27.208+0000] {dag.py:3490} INFO - Setting next_dagrun for example_trigger_controller_dag to 2021-01-01T00:00:00+00:00, run_after=2021-01-01T00:00:00+00:00
[2023-06-03T20:43:27.224+0000] {processor.py:179} INFO - Processing /home/airflow/.local/lib/python3.7/site-packages/airflow/example_dags/example_trigger_controller_dag.py took 0.060 seconds
[2023-06-03T20:43:57.394+0000] {processor.py:157} INFO - Started process (PID=9408) to work on /home/airflow/.local/lib/python3.7/site-packages/airflow/example_dags/example_trigger_controller_dag.py
[2023-06-03T20:43:57.396+0000] {processor.py:826} INFO - Processing file /home/airflow/.local/lib/python3.7/site-packages/airflow/example_dags/example_trigger_controller_dag.py for tasks to queue
[2023-06-03T20:43:57.397+0000] {logging_mixin.py:149} INFO - [2023-06-03T20:43:57.397+0000] {dagbag.py:541} INFO - Filling up the DagBag from /home/airflow/.local/lib/python3.7/site-packages/airflow/example_dags/example_trigger_controller_dag.py
[2023-06-03T20:43:57.400+0000] {processor.py:836} INFO - DAG(s) dict_keys(['example_trigger_controller_dag']) retrieved from /home/airflow/.local/lib/python3.7/site-packages/airflow/example_dags/example_trigger_controller_dag.py
[2023-06-03T20:43:57.418+0000] {logging_mixin.py:149} INFO - [2023-06-03T20:43:57.418+0000] {dag.py:2726} INFO - Sync 1 DAGs
[2023-06-03T20:43:57.434+0000] {logging_mixin.py:149} INFO - [2023-06-03T20:43:57.434+0000] {dag.py:3490} INFO - Setting next_dagrun for example_trigger_controller_dag to 2021-01-01T00:00:00+00:00, run_after=2021-01-01T00:00:00+00:00
[2023-06-03T20:43:57.451+0000] {processor.py:179} INFO - Processing /home/airflow/.local/lib/python3.7/site-packages/airflow/example_dags/example_trigger_controller_dag.py took 0.059 seconds
[2023-06-03T20:44:27.983+0000] {processor.py:157} INFO - Started process (PID=9660) to work on /home/airflow/.local/lib/python3.7/site-packages/airflow/example_dags/example_trigger_controller_dag.py
[2023-06-03T20:44:27.985+0000] {processor.py:826} INFO - Processing file /home/airflow/.local/lib/python3.7/site-packages/airflow/example_dags/example_trigger_controller_dag.py for tasks to queue
[2023-06-03T20:44:27.985+0000] {logging_mixin.py:149} INFO - [2023-06-03T20:44:27.985+0000] {dagbag.py:541} INFO - Filling up the DagBag from /home/airflow/.local/lib/python3.7/site-packages/airflow/example_dags/example_trigger_controller_dag.py
[2023-06-03T20:44:27.989+0000] {processor.py:836} INFO - DAG(s) dict_keys(['example_trigger_controller_dag']) retrieved from /home/airflow/.local/lib/python3.7/site-packages/airflow/example_dags/example_trigger_controller_dag.py
[2023-06-03T20:44:28.009+0000] {logging_mixin.py:149} INFO - [2023-06-03T20:44:28.009+0000] {dag.py:2726} INFO - Sync 1 DAGs
[2023-06-03T20:44:28.028+0000] {logging_mixin.py:149} INFO - [2023-06-03T20:44:28.027+0000] {dag.py:3490} INFO - Setting next_dagrun for example_trigger_controller_dag to 2021-01-01T00:00:00+00:00, run_after=2021-01-01T00:00:00+00:00
[2023-06-03T20:44:28.044+0000] {processor.py:179} INFO - Processing /home/airflow/.local/lib/python3.7/site-packages/airflow/example_dags/example_trigger_controller_dag.py took 0.063 seconds
[2023-06-03T20:44:58.305+0000] {processor.py:157} INFO - Started process (PID=9912) to work on /home/airflow/.local/lib/python3.7/site-packages/airflow/example_dags/example_trigger_controller_dag.py
[2023-06-03T20:44:58.307+0000] {processor.py:826} INFO - Processing file /home/airflow/.local/lib/python3.7/site-packages/airflow/example_dags/example_trigger_controller_dag.py for tasks to queue
[2023-06-03T20:44:58.308+0000] {logging_mixin.py:149} INFO - [2023-06-03T20:44:58.308+0000] {dagbag.py:541} INFO - Filling up the DagBag from /home/airflow/.local/lib/python3.7/site-packages/airflow/example_dags/example_trigger_controller_dag.py
[2023-06-03T20:44:58.311+0000] {processor.py:836} INFO - DAG(s) dict_keys(['example_trigger_controller_dag']) retrieved from /home/airflow/.local/lib/python3.7/site-packages/airflow/example_dags/example_trigger_controller_dag.py
[2023-06-03T20:44:58.329+0000] {logging_mixin.py:149} INFO - [2023-06-03T20:44:58.329+0000] {dag.py:2726} INFO - Sync 1 DAGs
[2023-06-03T20:44:58.348+0000] {logging_mixin.py:149} INFO - [2023-06-03T20:44:58.348+0000] {dag.py:3490} INFO - Setting next_dagrun for example_trigger_controller_dag to 2021-01-01T00:00:00+00:00, run_after=2021-01-01T00:00:00+00:00
[2023-06-03T20:44:58.363+0000] {processor.py:179} INFO - Processing /home/airflow/.local/lib/python3.7/site-packages/airflow/example_dags/example_trigger_controller_dag.py took 0.060 seconds
[2023-06-03T20:45:29.060+0000] {processor.py:157} INFO - Started process (PID=10164) to work on /home/airflow/.local/lib/python3.7/site-packages/airflow/example_dags/example_trigger_controller_dag.py
[2023-06-03T20:45:29.062+0000] {processor.py:826} INFO - Processing file /home/airflow/.local/lib/python3.7/site-packages/airflow/example_dags/example_trigger_controller_dag.py for tasks to queue
[2023-06-03T20:45:29.063+0000] {logging_mixin.py:149} INFO - [2023-06-03T20:45:29.063+0000] {dagbag.py:541} INFO - Filling up the DagBag from /home/airflow/.local/lib/python3.7/site-packages/airflow/example_dags/example_trigger_controller_dag.py
[2023-06-03T20:45:29.066+0000] {processor.py:836} INFO - DAG(s) dict_keys(['example_trigger_controller_dag']) retrieved from /home/airflow/.local/lib/python3.7/site-packages/airflow/example_dags/example_trigger_controller_dag.py
[2023-06-03T20:45:29.085+0000] {logging_mixin.py:149} INFO - [2023-06-03T20:45:29.084+0000] {dag.py:2726} INFO - Sync 1 DAGs
[2023-06-03T20:45:29.103+0000] {logging_mixin.py:149} INFO - [2023-06-03T20:45:29.102+0000] {dag.py:3490} INFO - Setting next_dagrun for example_trigger_controller_dag to 2021-01-01T00:00:00+00:00, run_after=2021-01-01T00:00:00+00:00
[2023-06-03T20:45:29.119+0000] {processor.py:179} INFO - Processing /home/airflow/.local/lib/python3.7/site-packages/airflow/example_dags/example_trigger_controller_dag.py took 0.060 seconds
[2023-06-03T20:45:59.289+0000] {processor.py:157} INFO - Started process (PID=10416) to work on /home/airflow/.local/lib/python3.7/site-packages/airflow/example_dags/example_trigger_controller_dag.py
[2023-06-03T20:45:59.290+0000] {processor.py:826} INFO - Processing file /home/airflow/.local/lib/python3.7/site-packages/airflow/example_dags/example_trigger_controller_dag.py for tasks to queue
[2023-06-03T20:45:59.291+0000] {logging_mixin.py:149} INFO - [2023-06-03T20:45:59.291+0000] {dagbag.py:541} INFO - Filling up the DagBag from /home/airflow/.local/lib/python3.7/site-packages/airflow/example_dags/example_trigger_controller_dag.py
[2023-06-03T20:45:59.295+0000] {processor.py:836} INFO - DAG(s) dict_keys(['example_trigger_controller_dag']) retrieved from /home/airflow/.local/lib/python3.7/site-packages/airflow/example_dags/example_trigger_controller_dag.py
[2023-06-03T20:45:59.314+0000] {logging_mixin.py:149} INFO - [2023-06-03T20:45:59.314+0000] {dag.py:2726} INFO - Sync 1 DAGs
[2023-06-03T20:45:59.332+0000] {logging_mixin.py:149} INFO - [2023-06-03T20:45:59.332+0000] {dag.py:3490} INFO - Setting next_dagrun for example_trigger_controller_dag to 2021-01-01T00:00:00+00:00, run_after=2021-01-01T00:00:00+00:00
[2023-06-03T20:45:59.347+0000] {processor.py:179} INFO - Processing /home/airflow/.local/lib/python3.7/site-packages/airflow/example_dags/example_trigger_controller_dag.py took 0.061 seconds
[2023-06-03T20:46:29.514+0000] {processor.py:157} INFO - Started process (PID=10668) to work on /home/airflow/.local/lib/python3.7/site-packages/airflow/example_dags/example_trigger_controller_dag.py
[2023-06-03T20:46:29.515+0000] {processor.py:826} INFO - Processing file /home/airflow/.local/lib/python3.7/site-packages/airflow/example_dags/example_trigger_controller_dag.py for tasks to queue
[2023-06-03T20:46:29.516+0000] {logging_mixin.py:149} INFO - [2023-06-03T20:46:29.516+0000] {dagbag.py:541} INFO - Filling up the DagBag from /home/airflow/.local/lib/python3.7/site-packages/airflow/example_dags/example_trigger_controller_dag.py
[2023-06-03T20:46:29.519+0000] {processor.py:836} INFO - DAG(s) dict_keys(['example_trigger_controller_dag']) retrieved from /home/airflow/.local/lib/python3.7/site-packages/airflow/example_dags/example_trigger_controller_dag.py
[2023-06-03T20:46:29.537+0000] {logging_mixin.py:149} INFO - [2023-06-03T20:46:29.537+0000] {dag.py:2726} INFO - Sync 1 DAGs
[2023-06-03T20:46:29.558+0000] {logging_mixin.py:149} INFO - [2023-06-03T20:46:29.558+0000] {dag.py:3490} INFO - Setting next_dagrun for example_trigger_controller_dag to 2021-01-01T00:00:00+00:00, run_after=2021-01-01T00:00:00+00:00
[2023-06-03T20:46:29.575+0000] {processor.py:179} INFO - Processing /home/airflow/.local/lib/python3.7/site-packages/airflow/example_dags/example_trigger_controller_dag.py took 0.063 seconds
[2023-06-03T20:46:59.987+0000] {processor.py:157} INFO - Started process (PID=10922) to work on /home/airflow/.local/lib/python3.7/site-packages/airflow/example_dags/example_trigger_controller_dag.py
[2023-06-03T20:46:59.988+0000] {processor.py:826} INFO - Processing file /home/airflow/.local/lib/python3.7/site-packages/airflow/example_dags/example_trigger_controller_dag.py for tasks to queue
[2023-06-03T20:46:59.989+0000] {logging_mixin.py:149} INFO - [2023-06-03T20:46:59.989+0000] {dagbag.py:541} INFO - Filling up the DagBag from /home/airflow/.local/lib/python3.7/site-packages/airflow/example_dags/example_trigger_controller_dag.py
[2023-06-03T20:46:59.992+0000] {processor.py:836} INFO - DAG(s) dict_keys(['example_trigger_controller_dag']) retrieved from /home/airflow/.local/lib/python3.7/site-packages/airflow/example_dags/example_trigger_controller_dag.py
[2023-06-03T20:47:00.015+0000] {logging_mixin.py:149} INFO - [2023-06-03T20:47:00.015+0000] {dag.py:2726} INFO - Sync 1 DAGs
[2023-06-03T20:47:00.035+0000] {logging_mixin.py:149} INFO - [2023-06-03T20:47:00.034+0000] {dag.py:3490} INFO - Setting next_dagrun for example_trigger_controller_dag to 2021-01-01T00:00:00+00:00, run_after=2021-01-01T00:00:00+00:00
[2023-06-03T20:47:00.053+0000] {processor.py:179} INFO - Processing /home/airflow/.local/lib/python3.7/site-packages/airflow/example_dags/example_trigger_controller_dag.py took 0.069 seconds
[2023-06-03T20:47:30.149+0000] {processor.py:157} INFO - Started process (PID=11172) to work on /home/airflow/.local/lib/python3.7/site-packages/airflow/example_dags/example_trigger_controller_dag.py
[2023-06-03T20:47:30.151+0000] {processor.py:826} INFO - Processing file /home/airflow/.local/lib/python3.7/site-packages/airflow/example_dags/example_trigger_controller_dag.py for tasks to queue
[2023-06-03T20:47:30.152+0000] {logging_mixin.py:149} INFO - [2023-06-03T20:47:30.151+0000] {dagbag.py:541} INFO - Filling up the DagBag from /home/airflow/.local/lib/python3.7/site-packages/airflow/example_dags/example_trigger_controller_dag.py
[2023-06-03T20:47:30.154+0000] {processor.py:836} INFO - DAG(s) dict_keys(['example_trigger_controller_dag']) retrieved from /home/airflow/.local/lib/python3.7/site-packages/airflow/example_dags/example_trigger_controller_dag.py
[2023-06-03T20:47:30.172+0000] {logging_mixin.py:149} INFO - [2023-06-03T20:47:30.171+0000] {dag.py:2726} INFO - Sync 1 DAGs
[2023-06-03T20:47:30.190+0000] {logging_mixin.py:149} INFO - [2023-06-03T20:47:30.190+0000] {dag.py:3490} INFO - Setting next_dagrun for example_trigger_controller_dag to 2021-01-01T00:00:00+00:00, run_after=2021-01-01T00:00:00+00:00
[2023-06-03T20:47:30.205+0000] {processor.py:179} INFO - Processing /home/airflow/.local/lib/python3.7/site-packages/airflow/example_dags/example_trigger_controller_dag.py took 0.057 seconds
[2023-06-03T20:48:00.335+0000] {processor.py:157} INFO - Started process (PID=11424) to work on /home/airflow/.local/lib/python3.7/site-packages/airflow/example_dags/example_trigger_controller_dag.py
[2023-06-03T20:48:00.336+0000] {processor.py:826} INFO - Processing file /home/airflow/.local/lib/python3.7/site-packages/airflow/example_dags/example_trigger_controller_dag.py for tasks to queue
[2023-06-03T20:48:00.337+0000] {logging_mixin.py:149} INFO - [2023-06-03T20:48:00.337+0000] {dagbag.py:541} INFO - Filling up the DagBag from /home/airflow/.local/lib/python3.7/site-packages/airflow/example_dags/example_trigger_controller_dag.py
[2023-06-03T20:48:00.340+0000] {processor.py:836} INFO - DAG(s) dict_keys(['example_trigger_controller_dag']) retrieved from /home/airflow/.local/lib/python3.7/site-packages/airflow/example_dags/example_trigger_controller_dag.py
[2023-06-03T20:48:00.357+0000] {logging_mixin.py:149} INFO - [2023-06-03T20:48:00.357+0000] {dag.py:2726} INFO - Sync 1 DAGs
[2023-06-03T20:48:00.374+0000] {logging_mixin.py:149} INFO - [2023-06-03T20:48:00.374+0000] {dag.py:3490} INFO - Setting next_dagrun for example_trigger_controller_dag to 2021-01-01T00:00:00+00:00, run_after=2021-01-01T00:00:00+00:00
[2023-06-03T20:48:00.390+0000] {processor.py:179} INFO - Processing /home/airflow/.local/lib/python3.7/site-packages/airflow/example_dags/example_trigger_controller_dag.py took 0.058 seconds
[2023-06-03T20:48:30.712+0000] {processor.py:157} INFO - Started process (PID=11676) to work on /home/airflow/.local/lib/python3.7/site-packages/airflow/example_dags/example_trigger_controller_dag.py
[2023-06-03T20:48:30.713+0000] {processor.py:826} INFO - Processing file /home/airflow/.local/lib/python3.7/site-packages/airflow/example_dags/example_trigger_controller_dag.py for tasks to queue
[2023-06-03T20:48:30.714+0000] {logging_mixin.py:149} INFO - [2023-06-03T20:48:30.714+0000] {dagbag.py:541} INFO - Filling up the DagBag from /home/airflow/.local/lib/python3.7/site-packages/airflow/example_dags/example_trigger_controller_dag.py
[2023-06-03T20:48:30.717+0000] {processor.py:836} INFO - DAG(s) dict_keys(['example_trigger_controller_dag']) retrieved from /home/airflow/.local/lib/python3.7/site-packages/airflow/example_dags/example_trigger_controller_dag.py
[2023-06-03T20:48:30.735+0000] {logging_mixin.py:149} INFO - [2023-06-03T20:48:30.735+0000] {dag.py:2726} INFO - Sync 1 DAGs
[2023-06-03T20:48:30.752+0000] {logging_mixin.py:149} INFO - [2023-06-03T20:48:30.752+0000] {dag.py:3490} INFO - Setting next_dagrun for example_trigger_controller_dag to 2021-01-01T00:00:00+00:00, run_after=2021-01-01T00:00:00+00:00
[2023-06-03T20:48:30.769+0000] {processor.py:179} INFO - Processing /home/airflow/.local/lib/python3.7/site-packages/airflow/example_dags/example_trigger_controller_dag.py took 0.059 seconds
[2023-06-03T20:49:01.092+0000] {processor.py:157} INFO - Started process (PID=11928) to work on /home/airflow/.local/lib/python3.7/site-packages/airflow/example_dags/example_trigger_controller_dag.py
[2023-06-03T20:49:01.093+0000] {processor.py:826} INFO - Processing file /home/airflow/.local/lib/python3.7/site-packages/airflow/example_dags/example_trigger_controller_dag.py for tasks to queue
[2023-06-03T20:49:01.095+0000] {logging_mixin.py:149} INFO - [2023-06-03T20:49:01.095+0000] {dagbag.py:541} INFO - Filling up the DagBag from /home/airflow/.local/lib/python3.7/site-packages/airflow/example_dags/example_trigger_controller_dag.py
[2023-06-03T20:49:01.098+0000] {processor.py:836} INFO - DAG(s) dict_keys(['example_trigger_controller_dag']) retrieved from /home/airflow/.local/lib/python3.7/site-packages/airflow/example_dags/example_trigger_controller_dag.py
[2023-06-03T20:49:01.124+0000] {logging_mixin.py:149} INFO - [2023-06-03T20:49:01.123+0000] {dag.py:2726} INFO - Sync 1 DAGs
[2023-06-03T20:49:01.146+0000] {logging_mixin.py:149} INFO - [2023-06-03T20:49:01.146+0000] {dag.py:3490} INFO - Setting next_dagrun for example_trigger_controller_dag to 2021-01-01T00:00:00+00:00, run_after=2021-01-01T00:00:00+00:00
[2023-06-03T20:49:01.163+0000] {processor.py:179} INFO - Processing /home/airflow/.local/lib/python3.7/site-packages/airflow/example_dags/example_trigger_controller_dag.py took 0.074 seconds
[2023-06-03T20:49:31.490+0000] {processor.py:157} INFO - Started process (PID=12180) to work on /home/airflow/.local/lib/python3.7/site-packages/airflow/example_dags/example_trigger_controller_dag.py
[2023-06-03T20:49:31.491+0000] {processor.py:826} INFO - Processing file /home/airflow/.local/lib/python3.7/site-packages/airflow/example_dags/example_trigger_controller_dag.py for tasks to queue
[2023-06-03T20:49:31.492+0000] {logging_mixin.py:149} INFO - [2023-06-03T20:49:31.492+0000] {dagbag.py:541} INFO - Filling up the DagBag from /home/airflow/.local/lib/python3.7/site-packages/airflow/example_dags/example_trigger_controller_dag.py
[2023-06-03T20:49:31.495+0000] {processor.py:836} INFO - DAG(s) dict_keys(['example_trigger_controller_dag']) retrieved from /home/airflow/.local/lib/python3.7/site-packages/airflow/example_dags/example_trigger_controller_dag.py
[2023-06-03T20:49:31.514+0000] {logging_mixin.py:149} INFO - [2023-06-03T20:49:31.514+0000] {dag.py:2726} INFO - Sync 1 DAGs
[2023-06-03T20:49:31.532+0000] {logging_mixin.py:149} INFO - [2023-06-03T20:49:31.532+0000] {dag.py:3490} INFO - Setting next_dagrun for example_trigger_controller_dag to 2021-01-01T00:00:00+00:00, run_after=2021-01-01T00:00:00+00:00
[2023-06-03T20:49:31.547+0000] {processor.py:179} INFO - Processing /home/airflow/.local/lib/python3.7/site-packages/airflow/example_dags/example_trigger_controller_dag.py took 0.059 seconds
[2023-06-03T20:50:02.134+0000] {processor.py:157} INFO - Started process (PID=12432) to work on /home/airflow/.local/lib/python3.7/site-packages/airflow/example_dags/example_trigger_controller_dag.py
[2023-06-03T20:50:02.136+0000] {processor.py:826} INFO - Processing file /home/airflow/.local/lib/python3.7/site-packages/airflow/example_dags/example_trigger_controller_dag.py for tasks to queue
[2023-06-03T20:50:02.138+0000] {logging_mixin.py:149} INFO - [2023-06-03T20:50:02.137+0000] {dagbag.py:541} INFO - Filling up the DagBag from /home/airflow/.local/lib/python3.7/site-packages/airflow/example_dags/example_trigger_controller_dag.py
[2023-06-03T20:50:02.141+0000] {processor.py:836} INFO - DAG(s) dict_keys(['example_trigger_controller_dag']) retrieved from /home/airflow/.local/lib/python3.7/site-packages/airflow/example_dags/example_trigger_controller_dag.py
[2023-06-03T20:50:02.158+0000] {logging_mixin.py:149} INFO - [2023-06-03T20:50:02.158+0000] {dag.py:2726} INFO - Sync 1 DAGs
[2023-06-03T20:50:02.175+0000] {logging_mixin.py:149} INFO - [2023-06-03T20:50:02.175+0000] {dag.py:3490} INFO - Setting next_dagrun for example_trigger_controller_dag to 2021-01-01T00:00:00+00:00, run_after=2021-01-01T00:00:00+00:00
[2023-06-03T20:50:02.193+0000] {processor.py:179} INFO - Processing /home/airflow/.local/lib/python3.7/site-packages/airflow/example_dags/example_trigger_controller_dag.py took 0.061 seconds
[2023-06-03T20:50:32.312+0000] {processor.py:157} INFO - Started process (PID=12684) to work on /home/airflow/.local/lib/python3.7/site-packages/airflow/example_dags/example_trigger_controller_dag.py
[2023-06-03T20:50:32.314+0000] {processor.py:826} INFO - Processing file /home/airflow/.local/lib/python3.7/site-packages/airflow/example_dags/example_trigger_controller_dag.py for tasks to queue
[2023-06-03T20:50:32.315+0000] {logging_mixin.py:149} INFO - [2023-06-03T20:50:32.315+0000] {dagbag.py:541} INFO - Filling up the DagBag from /home/airflow/.local/lib/python3.7/site-packages/airflow/example_dags/example_trigger_controller_dag.py
[2023-06-03T20:50:32.318+0000] {processor.py:836} INFO - DAG(s) dict_keys(['example_trigger_controller_dag']) retrieved from /home/airflow/.local/lib/python3.7/site-packages/airflow/example_dags/example_trigger_controller_dag.py
[2023-06-03T20:50:32.336+0000] {logging_mixin.py:149} INFO - [2023-06-03T20:50:32.336+0000] {dag.py:2726} INFO - Sync 1 DAGs
[2023-06-03T20:50:32.354+0000] {logging_mixin.py:149} INFO - [2023-06-03T20:50:32.354+0000] {dag.py:3490} INFO - Setting next_dagrun for example_trigger_controller_dag to 2021-01-01T00:00:00+00:00, run_after=2021-01-01T00:00:00+00:00
[2023-06-03T20:50:32.369+0000] {processor.py:179} INFO - Processing /home/airflow/.local/lib/python3.7/site-packages/airflow/example_dags/example_trigger_controller_dag.py took 0.059 seconds
[2023-06-03T20:51:02.775+0000] {processor.py:157} INFO - Started process (PID=12937) to work on /home/airflow/.local/lib/python3.7/site-packages/airflow/example_dags/example_trigger_controller_dag.py
[2023-06-03T20:51:02.778+0000] {processor.py:826} INFO - Processing file /home/airflow/.local/lib/python3.7/site-packages/airflow/example_dags/example_trigger_controller_dag.py for tasks to queue
[2023-06-03T20:51:02.782+0000] {logging_mixin.py:149} INFO - [2023-06-03T20:51:02.782+0000] {dagbag.py:541} INFO - Filling up the DagBag from /home/airflow/.local/lib/python3.7/site-packages/airflow/example_dags/example_trigger_controller_dag.py
[2023-06-03T20:51:02.786+0000] {processor.py:836} INFO - DAG(s) dict_keys(['example_trigger_controller_dag']) retrieved from /home/airflow/.local/lib/python3.7/site-packages/airflow/example_dags/example_trigger_controller_dag.py
[2023-06-03T20:51:02.806+0000] {logging_mixin.py:149} INFO - [2023-06-03T20:51:02.806+0000] {dag.py:2726} INFO - Sync 1 DAGs
[2023-06-03T20:51:02.824+0000] {logging_mixin.py:149} INFO - [2023-06-03T20:51:02.824+0000] {dag.py:3490} INFO - Setting next_dagrun for example_trigger_controller_dag to 2021-01-01T00:00:00+00:00, run_after=2021-01-01T00:00:00+00:00
[2023-06-03T20:51:02.840+0000] {processor.py:179} INFO - Processing /home/airflow/.local/lib/python3.7/site-packages/airflow/example_dags/example_trigger_controller_dag.py took 0.067 seconds
[2023-06-03T20:51:33.580+0000] {processor.py:157} INFO - Started process (PID=13164) to work on /home/airflow/.local/lib/python3.7/site-packages/airflow/example_dags/example_trigger_controller_dag.py
[2023-06-03T20:51:33.581+0000] {processor.py:826} INFO - Processing file /home/airflow/.local/lib/python3.7/site-packages/airflow/example_dags/example_trigger_controller_dag.py for tasks to queue
[2023-06-03T20:51:33.582+0000] {logging_mixin.py:149} INFO - [2023-06-03T20:51:33.582+0000] {dagbag.py:541} INFO - Filling up the DagBag from /home/airflow/.local/lib/python3.7/site-packages/airflow/example_dags/example_trigger_controller_dag.py
[2023-06-03T20:51:33.585+0000] {processor.py:836} INFO - DAG(s) dict_keys(['example_trigger_controller_dag']) retrieved from /home/airflow/.local/lib/python3.7/site-packages/airflow/example_dags/example_trigger_controller_dag.py
[2023-06-03T20:51:33.603+0000] {logging_mixin.py:149} INFO - [2023-06-03T20:51:33.603+0000] {dag.py:2726} INFO - Sync 1 DAGs
[2023-06-03T20:51:33.621+0000] {logging_mixin.py:149} INFO - [2023-06-03T20:51:33.621+0000] {dag.py:3490} INFO - Setting next_dagrun for example_trigger_controller_dag to 2021-01-01T00:00:00+00:00, run_after=2021-01-01T00:00:00+00:00
[2023-06-03T20:51:33.638+0000] {processor.py:179} INFO - Processing /home/airflow/.local/lib/python3.7/site-packages/airflow/example_dags/example_trigger_controller_dag.py took 0.061 seconds
[2023-06-03T20:52:03.731+0000] {processor.py:157} INFO - Started process (PID=13416) to work on /home/airflow/.local/lib/python3.7/site-packages/airflow/example_dags/example_trigger_controller_dag.py
[2023-06-03T20:52:03.732+0000] {processor.py:826} INFO - Processing file /home/airflow/.local/lib/python3.7/site-packages/airflow/example_dags/example_trigger_controller_dag.py for tasks to queue
[2023-06-03T20:52:03.733+0000] {logging_mixin.py:149} INFO - [2023-06-03T20:52:03.733+0000] {dagbag.py:541} INFO - Filling up the DagBag from /home/airflow/.local/lib/python3.7/site-packages/airflow/example_dags/example_trigger_controller_dag.py
[2023-06-03T20:52:03.736+0000] {processor.py:836} INFO - DAG(s) dict_keys(['example_trigger_controller_dag']) retrieved from /home/airflow/.local/lib/python3.7/site-packages/airflow/example_dags/example_trigger_controller_dag.py
[2023-06-03T20:52:03.754+0000] {logging_mixin.py:149} INFO - [2023-06-03T20:52:03.754+0000] {dag.py:2726} INFO - Sync 1 DAGs
[2023-06-03T20:52:03.771+0000] {logging_mixin.py:149} INFO - [2023-06-03T20:52:03.771+0000] {dag.py:3490} INFO - Setting next_dagrun for example_trigger_controller_dag to 2021-01-01T00:00:00+00:00, run_after=2021-01-01T00:00:00+00:00
[2023-06-03T20:52:03.789+0000] {processor.py:179} INFO - Processing /home/airflow/.local/lib/python3.7/site-packages/airflow/example_dags/example_trigger_controller_dag.py took 0.061 seconds
[2023-06-03T20:52:34.407+0000] {processor.py:157} INFO - Started process (PID=13668) to work on /home/airflow/.local/lib/python3.7/site-packages/airflow/example_dags/example_trigger_controller_dag.py
[2023-06-03T20:52:34.408+0000] {processor.py:826} INFO - Processing file /home/airflow/.local/lib/python3.7/site-packages/airflow/example_dags/example_trigger_controller_dag.py for tasks to queue
[2023-06-03T20:52:34.409+0000] {logging_mixin.py:149} INFO - [2023-06-03T20:52:34.409+0000] {dagbag.py:541} INFO - Filling up the DagBag from /home/airflow/.local/lib/python3.7/site-packages/airflow/example_dags/example_trigger_controller_dag.py
[2023-06-03T20:52:34.413+0000] {processor.py:836} INFO - DAG(s) dict_keys(['example_trigger_controller_dag']) retrieved from /home/airflow/.local/lib/python3.7/site-packages/airflow/example_dags/example_trigger_controller_dag.py
[2023-06-03T20:52:34.431+0000] {logging_mixin.py:149} INFO - [2023-06-03T20:52:34.431+0000] {dag.py:2726} INFO - Sync 1 DAGs
[2023-06-03T20:52:34.451+0000] {logging_mixin.py:149} INFO - [2023-06-03T20:52:34.450+0000] {dag.py:3490} INFO - Setting next_dagrun for example_trigger_controller_dag to 2021-01-01T00:00:00+00:00, run_after=2021-01-01T00:00:00+00:00
[2023-06-03T20:52:34.468+0000] {processor.py:179} INFO - Processing /home/airflow/.local/lib/python3.7/site-packages/airflow/example_dags/example_trigger_controller_dag.py took 0.064 seconds
[2023-06-03T20:53:04.635+0000] {processor.py:157} INFO - Started process (PID=13922) to work on /home/airflow/.local/lib/python3.7/site-packages/airflow/example_dags/example_trigger_controller_dag.py
[2023-06-03T20:53:04.636+0000] {processor.py:826} INFO - Processing file /home/airflow/.local/lib/python3.7/site-packages/airflow/example_dags/example_trigger_controller_dag.py for tasks to queue
[2023-06-03T20:53:04.639+0000] {logging_mixin.py:149} INFO - [2023-06-03T20:53:04.639+0000] {dagbag.py:541} INFO - Filling up the DagBag from /home/airflow/.local/lib/python3.7/site-packages/airflow/example_dags/example_trigger_controller_dag.py
[2023-06-03T20:53:04.642+0000] {processor.py:836} INFO - DAG(s) dict_keys(['example_trigger_controller_dag']) retrieved from /home/airflow/.local/lib/python3.7/site-packages/airflow/example_dags/example_trigger_controller_dag.py
[2023-06-03T20:53:04.662+0000] {logging_mixin.py:149} INFO - [2023-06-03T20:53:04.662+0000] {dag.py:2726} INFO - Sync 1 DAGs
[2023-06-03T20:53:04.682+0000] {logging_mixin.py:149} INFO - [2023-06-03T20:53:04.682+0000] {dag.py:3490} INFO - Setting next_dagrun for example_trigger_controller_dag to 2021-01-01T00:00:00+00:00, run_after=2021-01-01T00:00:00+00:00
[2023-06-03T20:53:04.699+0000] {processor.py:179} INFO - Processing /home/airflow/.local/lib/python3.7/site-packages/airflow/example_dags/example_trigger_controller_dag.py took 0.066 seconds
[2023-06-03T20:53:34.784+0000] {processor.py:157} INFO - Started process (PID=14172) to work on /home/airflow/.local/lib/python3.7/site-packages/airflow/example_dags/example_trigger_controller_dag.py
[2023-06-03T20:53:34.785+0000] {processor.py:826} INFO - Processing file /home/airflow/.local/lib/python3.7/site-packages/airflow/example_dags/example_trigger_controller_dag.py for tasks to queue
[2023-06-03T20:53:34.786+0000] {logging_mixin.py:149} INFO - [2023-06-03T20:53:34.786+0000] {dagbag.py:541} INFO - Filling up the DagBag from /home/airflow/.local/lib/python3.7/site-packages/airflow/example_dags/example_trigger_controller_dag.py
[2023-06-03T20:53:34.789+0000] {processor.py:836} INFO - DAG(s) dict_keys(['example_trigger_controller_dag']) retrieved from /home/airflow/.local/lib/python3.7/site-packages/airflow/example_dags/example_trigger_controller_dag.py
[2023-06-03T20:53:34.808+0000] {logging_mixin.py:149} INFO - [2023-06-03T20:53:34.807+0000] {dag.py:2726} INFO - Sync 1 DAGs
[2023-06-03T20:53:34.827+0000] {logging_mixin.py:149} INFO - [2023-06-03T20:53:34.826+0000] {dag.py:3490} INFO - Setting next_dagrun for example_trigger_controller_dag to 2021-01-01T00:00:00+00:00, run_after=2021-01-01T00:00:00+00:00
[2023-06-03T20:53:34.842+0000] {processor.py:179} INFO - Processing /home/airflow/.local/lib/python3.7/site-packages/airflow/example_dags/example_trigger_controller_dag.py took 0.060 seconds
[2023-06-03T20:54:05.194+0000] {processor.py:157} INFO - Started process (PID=14424) to work on /home/airflow/.local/lib/python3.7/site-packages/airflow/example_dags/example_trigger_controller_dag.py
[2023-06-03T20:54:05.195+0000] {processor.py:826} INFO - Processing file /home/airflow/.local/lib/python3.7/site-packages/airflow/example_dags/example_trigger_controller_dag.py for tasks to queue
[2023-06-03T20:54:05.196+0000] {logging_mixin.py:149} INFO - [2023-06-03T20:54:05.196+0000] {dagbag.py:541} INFO - Filling up the DagBag from /home/airflow/.local/lib/python3.7/site-packages/airflow/example_dags/example_trigger_controller_dag.py
[2023-06-03T20:54:05.199+0000] {processor.py:836} INFO - DAG(s) dict_keys(['example_trigger_controller_dag']) retrieved from /home/airflow/.local/lib/python3.7/site-packages/airflow/example_dags/example_trigger_controller_dag.py
[2023-06-03T20:54:05.216+0000] {logging_mixin.py:149} INFO - [2023-06-03T20:54:05.216+0000] {dag.py:2726} INFO - Sync 1 DAGs
[2023-06-03T20:54:05.233+0000] {logging_mixin.py:149} INFO - [2023-06-03T20:54:05.233+0000] {dag.py:3490} INFO - Setting next_dagrun for example_trigger_controller_dag to 2021-01-01T00:00:00+00:00, run_after=2021-01-01T00:00:00+00:00
[2023-06-03T20:54:05.249+0000] {processor.py:179} INFO - Processing /home/airflow/.local/lib/python3.7/site-packages/airflow/example_dags/example_trigger_controller_dag.py took 0.058 seconds
[2023-06-03T20:54:35.324+0000] {processor.py:157} INFO - Started process (PID=14676) to work on /home/airflow/.local/lib/python3.7/site-packages/airflow/example_dags/example_trigger_controller_dag.py
[2023-06-03T20:54:35.326+0000] {processor.py:826} INFO - Processing file /home/airflow/.local/lib/python3.7/site-packages/airflow/example_dags/example_trigger_controller_dag.py for tasks to queue
[2023-06-03T20:54:35.327+0000] {logging_mixin.py:149} INFO - [2023-06-03T20:54:35.327+0000] {dagbag.py:541} INFO - Filling up the DagBag from /home/airflow/.local/lib/python3.7/site-packages/airflow/example_dags/example_trigger_controller_dag.py
[2023-06-03T20:54:35.330+0000] {processor.py:836} INFO - DAG(s) dict_keys(['example_trigger_controller_dag']) retrieved from /home/airflow/.local/lib/python3.7/site-packages/airflow/example_dags/example_trigger_controller_dag.py
[2023-06-03T20:54:35.349+0000] {logging_mixin.py:149} INFO - [2023-06-03T20:54:35.349+0000] {dag.py:2726} INFO - Sync 1 DAGs
[2023-06-03T20:54:35.367+0000] {logging_mixin.py:149} INFO - [2023-06-03T20:54:35.367+0000] {dag.py:3490} INFO - Setting next_dagrun for example_trigger_controller_dag to 2021-01-01T00:00:00+00:00, run_after=2021-01-01T00:00:00+00:00
[2023-06-03T20:54:35.383+0000] {processor.py:179} INFO - Processing /home/airflow/.local/lib/python3.7/site-packages/airflow/example_dags/example_trigger_controller_dag.py took 0.061 seconds
[2023-06-03T20:55:05.652+0000] {processor.py:157} INFO - Started process (PID=14928) to work on /home/airflow/.local/lib/python3.7/site-packages/airflow/example_dags/example_trigger_controller_dag.py
[2023-06-03T20:55:05.653+0000] {processor.py:826} INFO - Processing file /home/airflow/.local/lib/python3.7/site-packages/airflow/example_dags/example_trigger_controller_dag.py for tasks to queue
[2023-06-03T20:55:05.657+0000] {logging_mixin.py:149} INFO - [2023-06-03T20:55:05.657+0000] {dagbag.py:541} INFO - Filling up the DagBag from /home/airflow/.local/lib/python3.7/site-packages/airflow/example_dags/example_trigger_controller_dag.py
[2023-06-03T20:55:05.662+0000] {processor.py:836} INFO - DAG(s) dict_keys(['example_trigger_controller_dag']) retrieved from /home/airflow/.local/lib/python3.7/site-packages/airflow/example_dags/example_trigger_controller_dag.py
[2023-06-03T20:55:05.683+0000] {logging_mixin.py:149} INFO - [2023-06-03T20:55:05.683+0000] {dag.py:2726} INFO - Sync 1 DAGs
[2023-06-03T20:55:05.704+0000] {logging_mixin.py:149} INFO - [2023-06-03T20:55:05.703+0000] {dag.py:3490} INFO - Setting next_dagrun for example_trigger_controller_dag to 2021-01-01T00:00:00+00:00, run_after=2021-01-01T00:00:00+00:00
[2023-06-03T20:55:05.724+0000] {processor.py:179} INFO - Processing /home/airflow/.local/lib/python3.7/site-packages/airflow/example_dags/example_trigger_controller_dag.py took 0.076 seconds
[2023-06-03T20:55:35.843+0000] {processor.py:157} INFO - Started process (PID=15180) to work on /home/airflow/.local/lib/python3.7/site-packages/airflow/example_dags/example_trigger_controller_dag.py
[2023-06-03T20:55:35.844+0000] {processor.py:826} INFO - Processing file /home/airflow/.local/lib/python3.7/site-packages/airflow/example_dags/example_trigger_controller_dag.py for tasks to queue
[2023-06-03T20:55:35.846+0000] {logging_mixin.py:149} INFO - [2023-06-03T20:55:35.846+0000] {dagbag.py:541} INFO - Filling up the DagBag from /home/airflow/.local/lib/python3.7/site-packages/airflow/example_dags/example_trigger_controller_dag.py
[2023-06-03T20:55:35.849+0000] {processor.py:836} INFO - DAG(s) dict_keys(['example_trigger_controller_dag']) retrieved from /home/airflow/.local/lib/python3.7/site-packages/airflow/example_dags/example_trigger_controller_dag.py
[2023-06-03T20:55:35.868+0000] {logging_mixin.py:149} INFO - [2023-06-03T20:55:35.868+0000] {dag.py:2726} INFO - Sync 1 DAGs
[2023-06-03T20:55:35.887+0000] {logging_mixin.py:149} INFO - [2023-06-03T20:55:35.887+0000] {dag.py:3490} INFO - Setting next_dagrun for example_trigger_controller_dag to 2021-01-01T00:00:00+00:00, run_after=2021-01-01T00:00:00+00:00
[2023-06-03T20:55:35.904+0000] {processor.py:179} INFO - Processing /home/airflow/.local/lib/python3.7/site-packages/airflow/example_dags/example_trigger_controller_dag.py took 0.063 seconds
[2023-06-03T20:56:06.841+0000] {processor.py:157} INFO - Started process (PID=15432) to work on /home/airflow/.local/lib/python3.7/site-packages/airflow/example_dags/example_trigger_controller_dag.py
[2023-06-03T20:56:06.844+0000] {processor.py:826} INFO - Processing file /home/airflow/.local/lib/python3.7/site-packages/airflow/example_dags/example_trigger_controller_dag.py for tasks to queue
[2023-06-03T20:56:06.846+0000] {logging_mixin.py:149} INFO - [2023-06-03T20:56:06.846+0000] {dagbag.py:541} INFO - Filling up the DagBag from /home/airflow/.local/lib/python3.7/site-packages/airflow/example_dags/example_trigger_controller_dag.py
[2023-06-03T20:56:06.850+0000] {processor.py:836} INFO - DAG(s) dict_keys(['example_trigger_controller_dag']) retrieved from /home/airflow/.local/lib/python3.7/site-packages/airflow/example_dags/example_trigger_controller_dag.py
[2023-06-03T20:56:06.868+0000] {logging_mixin.py:149} INFO - [2023-06-03T20:56:06.868+0000] {dag.py:2726} INFO - Sync 1 DAGs
[2023-06-03T20:56:06.886+0000] {logging_mixin.py:149} INFO - [2023-06-03T20:56:06.886+0000] {dag.py:3490} INFO - Setting next_dagrun for example_trigger_controller_dag to 2021-01-01T00:00:00+00:00, run_after=2021-01-01T00:00:00+00:00
[2023-06-03T20:56:06.902+0000] {processor.py:179} INFO - Processing /home/airflow/.local/lib/python3.7/site-packages/airflow/example_dags/example_trigger_controller_dag.py took 0.063 seconds
[2023-06-03T20:56:37.466+0000] {processor.py:157} INFO - Started process (PID=15684) to work on /home/airflow/.local/lib/python3.7/site-packages/airflow/example_dags/example_trigger_controller_dag.py
[2023-06-03T20:56:37.467+0000] {processor.py:826} INFO - Processing file /home/airflow/.local/lib/python3.7/site-packages/airflow/example_dags/example_trigger_controller_dag.py for tasks to queue
[2023-06-03T20:56:37.469+0000] {logging_mixin.py:149} INFO - [2023-06-03T20:56:37.469+0000] {dagbag.py:541} INFO - Filling up the DagBag from /home/airflow/.local/lib/python3.7/site-packages/airflow/example_dags/example_trigger_controller_dag.py
[2023-06-03T20:56:37.472+0000] {processor.py:836} INFO - DAG(s) dict_keys(['example_trigger_controller_dag']) retrieved from /home/airflow/.local/lib/python3.7/site-packages/airflow/example_dags/example_trigger_controller_dag.py
[2023-06-03T20:56:37.489+0000] {logging_mixin.py:149} INFO - [2023-06-03T20:56:37.489+0000] {dag.py:2726} INFO - Sync 1 DAGs
[2023-06-03T20:56:37.507+0000] {logging_mixin.py:149} INFO - [2023-06-03T20:56:37.506+0000] {dag.py:3490} INFO - Setting next_dagrun for example_trigger_controller_dag to 2021-01-01T00:00:00+00:00, run_after=2021-01-01T00:00:00+00:00
[2023-06-03T20:56:37.521+0000] {processor.py:179} INFO - Processing /home/airflow/.local/lib/python3.7/site-packages/airflow/example_dags/example_trigger_controller_dag.py took 0.057 seconds
[2023-06-03T20:57:08.048+0000] {processor.py:157} INFO - Started process (PID=15936) to work on /home/airflow/.local/lib/python3.7/site-packages/airflow/example_dags/example_trigger_controller_dag.py
[2023-06-03T20:57:08.049+0000] {processor.py:826} INFO - Processing file /home/airflow/.local/lib/python3.7/site-packages/airflow/example_dags/example_trigger_controller_dag.py for tasks to queue
[2023-06-03T20:57:08.050+0000] {logging_mixin.py:149} INFO - [2023-06-03T20:57:08.050+0000] {dagbag.py:541} INFO - Filling up the DagBag from /home/airflow/.local/lib/python3.7/site-packages/airflow/example_dags/example_trigger_controller_dag.py
[2023-06-03T20:57:08.053+0000] {processor.py:836} INFO - DAG(s) dict_keys(['example_trigger_controller_dag']) retrieved from /home/airflow/.local/lib/python3.7/site-packages/airflow/example_dags/example_trigger_controller_dag.py
[2023-06-03T20:57:08.071+0000] {logging_mixin.py:149} INFO - [2023-06-03T20:57:08.070+0000] {dag.py:2726} INFO - Sync 1 DAGs
[2023-06-03T20:57:08.088+0000] {logging_mixin.py:149} INFO - [2023-06-03T20:57:08.088+0000] {dag.py:3490} INFO - Setting next_dagrun for example_trigger_controller_dag to 2021-01-01T00:00:00+00:00, run_after=2021-01-01T00:00:00+00:00
[2023-06-03T20:57:08.104+0000] {processor.py:179} INFO - Processing /home/airflow/.local/lib/python3.7/site-packages/airflow/example_dags/example_trigger_controller_dag.py took 0.059 seconds
[2023-06-03T20:57:38.317+0000] {processor.py:157} INFO - Started process (PID=16188) to work on /home/airflow/.local/lib/python3.7/site-packages/airflow/example_dags/example_trigger_controller_dag.py
[2023-06-03T20:57:38.318+0000] {processor.py:826} INFO - Processing file /home/airflow/.local/lib/python3.7/site-packages/airflow/example_dags/example_trigger_controller_dag.py for tasks to queue
[2023-06-03T20:57:38.319+0000] {logging_mixin.py:149} INFO - [2023-06-03T20:57:38.319+0000] {dagbag.py:541} INFO - Filling up the DagBag from /home/airflow/.local/lib/python3.7/site-packages/airflow/example_dags/example_trigger_controller_dag.py
[2023-06-03T20:57:38.322+0000] {processor.py:836} INFO - DAG(s) dict_keys(['example_trigger_controller_dag']) retrieved from /home/airflow/.local/lib/python3.7/site-packages/airflow/example_dags/example_trigger_controller_dag.py
[2023-06-03T20:57:38.340+0000] {logging_mixin.py:149} INFO - [2023-06-03T20:57:38.340+0000] {dag.py:2726} INFO - Sync 1 DAGs
[2023-06-03T20:57:38.359+0000] {logging_mixin.py:149} INFO - [2023-06-03T20:57:38.359+0000] {dag.py:3490} INFO - Setting next_dagrun for example_trigger_controller_dag to 2021-01-01T00:00:00+00:00, run_after=2021-01-01T00:00:00+00:00
[2023-06-03T20:57:38.376+0000] {processor.py:179} INFO - Processing /home/airflow/.local/lib/python3.7/site-packages/airflow/example_dags/example_trigger_controller_dag.py took 0.061 seconds
[2023-06-03T20:58:08.713+0000] {processor.py:157} INFO - Started process (PID=16440) to work on /home/airflow/.local/lib/python3.7/site-packages/airflow/example_dags/example_trigger_controller_dag.py
[2023-06-03T20:58:08.714+0000] {processor.py:826} INFO - Processing file /home/airflow/.local/lib/python3.7/site-packages/airflow/example_dags/example_trigger_controller_dag.py for tasks to queue
[2023-06-03T20:58:08.716+0000] {logging_mixin.py:149} INFO - [2023-06-03T20:58:08.716+0000] {dagbag.py:541} INFO - Filling up the DagBag from /home/airflow/.local/lib/python3.7/site-packages/airflow/example_dags/example_trigger_controller_dag.py
[2023-06-03T20:58:08.720+0000] {processor.py:836} INFO - DAG(s) dict_keys(['example_trigger_controller_dag']) retrieved from /home/airflow/.local/lib/python3.7/site-packages/airflow/example_dags/example_trigger_controller_dag.py
[2023-06-03T20:58:08.738+0000] {logging_mixin.py:149} INFO - [2023-06-03T20:58:08.738+0000] {dag.py:2726} INFO - Sync 1 DAGs
[2023-06-03T20:58:08.757+0000] {logging_mixin.py:149} INFO - [2023-06-03T20:58:08.757+0000] {dag.py:3490} INFO - Setting next_dagrun for example_trigger_controller_dag to 2021-01-01T00:00:00+00:00, run_after=2021-01-01T00:00:00+00:00
[2023-06-03T20:58:08.773+0000] {processor.py:179} INFO - Processing /home/airflow/.local/lib/python3.7/site-packages/airflow/example_dags/example_trigger_controller_dag.py took 0.062 seconds
[2023-06-03T20:58:39.136+0000] {processor.py:157} INFO - Started process (PID=16692) to work on /home/airflow/.local/lib/python3.7/site-packages/airflow/example_dags/example_trigger_controller_dag.py
[2023-06-03T20:58:39.138+0000] {processor.py:826} INFO - Processing file /home/airflow/.local/lib/python3.7/site-packages/airflow/example_dags/example_trigger_controller_dag.py for tasks to queue
[2023-06-03T20:58:39.139+0000] {logging_mixin.py:149} INFO - [2023-06-03T20:58:39.139+0000] {dagbag.py:541} INFO - Filling up the DagBag from /home/airflow/.local/lib/python3.7/site-packages/airflow/example_dags/example_trigger_controller_dag.py
[2023-06-03T20:58:39.142+0000] {processor.py:836} INFO - DAG(s) dict_keys(['example_trigger_controller_dag']) retrieved from /home/airflow/.local/lib/python3.7/site-packages/airflow/example_dags/example_trigger_controller_dag.py
[2023-06-03T20:58:39.159+0000] {logging_mixin.py:149} INFO - [2023-06-03T20:58:39.159+0000] {dag.py:2726} INFO - Sync 1 DAGs
[2023-06-03T20:58:39.179+0000] {logging_mixin.py:149} INFO - [2023-06-03T20:58:39.179+0000] {dag.py:3490} INFO - Setting next_dagrun for example_trigger_controller_dag to 2021-01-01T00:00:00+00:00, run_after=2021-01-01T00:00:00+00:00
[2023-06-03T20:58:39.195+0000] {processor.py:179} INFO - Processing /home/airflow/.local/lib/python3.7/site-packages/airflow/example_dags/example_trigger_controller_dag.py took 0.061 seconds
[2023-06-03T20:59:09.524+0000] {processor.py:157} INFO - Started process (PID=16944) to work on /home/airflow/.local/lib/python3.7/site-packages/airflow/example_dags/example_trigger_controller_dag.py
[2023-06-03T20:59:09.525+0000] {processor.py:826} INFO - Processing file /home/airflow/.local/lib/python3.7/site-packages/airflow/example_dags/example_trigger_controller_dag.py for tasks to queue
[2023-06-03T20:59:09.527+0000] {logging_mixin.py:149} INFO - [2023-06-03T20:59:09.526+0000] {dagbag.py:541} INFO - Filling up the DagBag from /home/airflow/.local/lib/python3.7/site-packages/airflow/example_dags/example_trigger_controller_dag.py
[2023-06-03T20:59:09.530+0000] {processor.py:836} INFO - DAG(s) dict_keys(['example_trigger_controller_dag']) retrieved from /home/airflow/.local/lib/python3.7/site-packages/airflow/example_dags/example_trigger_controller_dag.py
[2023-06-03T20:59:09.548+0000] {logging_mixin.py:149} INFO - [2023-06-03T20:59:09.548+0000] {dag.py:2726} INFO - Sync 1 DAGs
[2023-06-03T20:59:09.568+0000] {logging_mixin.py:149} INFO - [2023-06-03T20:59:09.567+0000] {dag.py:3490} INFO - Setting next_dagrun for example_trigger_controller_dag to 2021-01-01T00:00:00+00:00, run_after=2021-01-01T00:00:00+00:00
[2023-06-03T20:59:09.584+0000] {processor.py:179} INFO - Processing /home/airflow/.local/lib/python3.7/site-packages/airflow/example_dags/example_trigger_controller_dag.py took 0.062 seconds
[2023-06-03T20:59:40.362+0000] {processor.py:157} INFO - Started process (PID=17196) to work on /home/airflow/.local/lib/python3.7/site-packages/airflow/example_dags/example_trigger_controller_dag.py
[2023-06-03T20:59:40.364+0000] {processor.py:826} INFO - Processing file /home/airflow/.local/lib/python3.7/site-packages/airflow/example_dags/example_trigger_controller_dag.py for tasks to queue
[2023-06-03T20:59:40.365+0000] {logging_mixin.py:149} INFO - [2023-06-03T20:59:40.365+0000] {dagbag.py:541} INFO - Filling up the DagBag from /home/airflow/.local/lib/python3.7/site-packages/airflow/example_dags/example_trigger_controller_dag.py
[2023-06-03T20:59:40.367+0000] {processor.py:836} INFO - DAG(s) dict_keys(['example_trigger_controller_dag']) retrieved from /home/airflow/.local/lib/python3.7/site-packages/airflow/example_dags/example_trigger_controller_dag.py
[2023-06-03T20:59:40.383+0000] {logging_mixin.py:149} INFO - [2023-06-03T20:59:40.383+0000] {dag.py:2726} INFO - Sync 1 DAGs
[2023-06-03T20:59:40.402+0000] {logging_mixin.py:149} INFO - [2023-06-03T20:59:40.402+0000] {dag.py:3490} INFO - Setting next_dagrun for example_trigger_controller_dag to 2021-01-01T00:00:00+00:00, run_after=2021-01-01T00:00:00+00:00
[2023-06-03T20:59:40.418+0000] {processor.py:179} INFO - Processing /home/airflow/.local/lib/python3.7/site-packages/airflow/example_dags/example_trigger_controller_dag.py took 0.057 seconds
[2023-06-03T21:00:11.459+0000] {processor.py:157} INFO - Started process (PID=17448) to work on /home/airflow/.local/lib/python3.7/site-packages/airflow/example_dags/example_trigger_controller_dag.py
[2023-06-03T21:00:11.461+0000] {processor.py:826} INFO - Processing file /home/airflow/.local/lib/python3.7/site-packages/airflow/example_dags/example_trigger_controller_dag.py for tasks to queue
[2023-06-03T21:00:11.461+0000] {logging_mixin.py:149} INFO - [2023-06-03T21:00:11.461+0000] {dagbag.py:541} INFO - Filling up the DagBag from /home/airflow/.local/lib/python3.7/site-packages/airflow/example_dags/example_trigger_controller_dag.py
[2023-06-03T21:00:11.464+0000] {processor.py:836} INFO - DAG(s) dict_keys(['example_trigger_controller_dag']) retrieved from /home/airflow/.local/lib/python3.7/site-packages/airflow/example_dags/example_trigger_controller_dag.py
[2023-06-03T21:00:11.482+0000] {logging_mixin.py:149} INFO - [2023-06-03T21:00:11.481+0000] {dag.py:2726} INFO - Sync 1 DAGs
[2023-06-03T21:00:11.500+0000] {logging_mixin.py:149} INFO - [2023-06-03T21:00:11.500+0000] {dag.py:3490} INFO - Setting next_dagrun for example_trigger_controller_dag to 2021-01-01T00:00:00+00:00, run_after=2021-01-01T00:00:00+00:00
[2023-06-03T21:00:11.516+0000] {processor.py:179} INFO - Processing /home/airflow/.local/lib/python3.7/site-packages/airflow/example_dags/example_trigger_controller_dag.py took 0.059 seconds
[2023-06-03T21:00:42.230+0000] {processor.py:157} INFO - Started process (PID=17700) to work on /home/airflow/.local/lib/python3.7/site-packages/airflow/example_dags/example_trigger_controller_dag.py
[2023-06-03T21:00:42.231+0000] {processor.py:826} INFO - Processing file /home/airflow/.local/lib/python3.7/site-packages/airflow/example_dags/example_trigger_controller_dag.py for tasks to queue
[2023-06-03T21:00:42.233+0000] {logging_mixin.py:149} INFO - [2023-06-03T21:00:42.233+0000] {dagbag.py:541} INFO - Filling up the DagBag from /home/airflow/.local/lib/python3.7/site-packages/airflow/example_dags/example_trigger_controller_dag.py
[2023-06-03T21:00:42.238+0000] {processor.py:836} INFO - DAG(s) dict_keys(['example_trigger_controller_dag']) retrieved from /home/airflow/.local/lib/python3.7/site-packages/airflow/example_dags/example_trigger_controller_dag.py
[2023-06-03T21:00:42.269+0000] {logging_mixin.py:149} INFO - [2023-06-03T21:00:42.268+0000] {dag.py:2726} INFO - Sync 1 DAGs
[2023-06-03T21:00:42.304+0000] {logging_mixin.py:149} INFO - [2023-06-03T21:00:42.304+0000] {dag.py:3490} INFO - Setting next_dagrun for example_trigger_controller_dag to 2021-01-01T00:00:00+00:00, run_after=2021-01-01T00:00:00+00:00
[2023-06-03T21:00:42.328+0000] {processor.py:179} INFO - Processing /home/airflow/.local/lib/python3.7/site-packages/airflow/example_dags/example_trigger_controller_dag.py took 0.103 seconds
