[2023-06-03T20:25:42.339+0000] {processor.py:157} INFO - Started process (PID=227) to work on /home/airflow/.local/lib/python3.7/site-packages/airflow/example_dags/example_skip_dag.py
[2023-06-03T20:25:42.341+0000] {processor.py:826} INFO - Processing file /home/airflow/.local/lib/python3.7/site-packages/airflow/example_dags/example_skip_dag.py for tasks to queue
[2023-06-03T20:25:42.342+0000] {logging_mixin.py:149} INFO - [2023-06-03T20:25:42.341+0000] {dagbag.py:541} INFO - Filling up the DagBag from /home/airflow/.local/lib/python3.7/site-packages/airflow/example_dags/example_skip_dag.py
[2023-06-03T20:25:42.348+0000] {processor.py:836} INFO - DAG(s) dict_keys(['example_skip_dag']) retrieved from /home/airflow/.local/lib/python3.7/site-packages/airflow/example_dags/example_skip_dag.py
[2023-06-03T20:25:42.359+0000] {logging_mixin.py:149} INFO - [2023-06-03T20:25:42.359+0000] {dag.py:2726} INFO - Sync 1 DAGs
[2023-06-03T20:25:42.381+0000] {logging_mixin.py:149} INFO - [2023-06-03T20:25:42.381+0000] {dag.py:3490} INFO - Setting next_dagrun for example_skip_dag to 2023-06-02T20:25:42.381015+00:00, run_after=2023-06-03T20:25:42.381015+00:00
[2023-06-03T20:25:42.398+0000] {processor.py:179} INFO - Processing /home/airflow/.local/lib/python3.7/site-packages/airflow/example_dags/example_skip_dag.py took 0.061 seconds
[2023-06-03T20:26:13.481+0000] {processor.py:157} INFO - Started process (PID=479) to work on /home/airflow/.local/lib/python3.7/site-packages/airflow/example_dags/example_skip_dag.py
[2023-06-03T20:26:13.482+0000] {processor.py:826} INFO - Processing file /home/airflow/.local/lib/python3.7/site-packages/airflow/example_dags/example_skip_dag.py for tasks to queue
[2023-06-03T20:26:13.483+0000] {logging_mixin.py:149} INFO - [2023-06-03T20:26:13.483+0000] {dagbag.py:541} INFO - Filling up the DagBag from /home/airflow/.local/lib/python3.7/site-packages/airflow/example_dags/example_skip_dag.py
[2023-06-03T20:26:13.488+0000] {processor.py:836} INFO - DAG(s) dict_keys(['example_skip_dag']) retrieved from /home/airflow/.local/lib/python3.7/site-packages/airflow/example_dags/example_skip_dag.py
[2023-06-03T20:26:13.505+0000] {logging_mixin.py:149} INFO - [2023-06-03T20:26:13.505+0000] {dag.py:2726} INFO - Sync 1 DAGs
[2023-06-03T20:26:13.595+0000] {logging_mixin.py:149} INFO - [2023-06-03T20:26:13.595+0000] {dag.py:3490} INFO - Setting next_dagrun for example_skip_dag to 2023-06-02T20:26:13.595411+00:00, run_after=2023-06-03T20:26:13.595411+00:00
[2023-06-03T20:26:13.612+0000] {processor.py:179} INFO - Processing /home/airflow/.local/lib/python3.7/site-packages/airflow/example_dags/example_skip_dag.py took 0.133 seconds
[2023-06-03T20:26:43.682+0000] {processor.py:157} INFO - Started process (PID=733) to work on /home/airflow/.local/lib/python3.7/site-packages/airflow/example_dags/example_skip_dag.py
[2023-06-03T20:26:43.683+0000] {processor.py:826} INFO - Processing file /home/airflow/.local/lib/python3.7/site-packages/airflow/example_dags/example_skip_dag.py for tasks to queue
[2023-06-03T20:26:43.684+0000] {logging_mixin.py:149} INFO - [2023-06-03T20:26:43.684+0000] {dagbag.py:541} INFO - Filling up the DagBag from /home/airflow/.local/lib/python3.7/site-packages/airflow/example_dags/example_skip_dag.py
[2023-06-03T20:26:43.690+0000] {processor.py:836} INFO - DAG(s) dict_keys(['example_skip_dag']) retrieved from /home/airflow/.local/lib/python3.7/site-packages/airflow/example_dags/example_skip_dag.py
[2023-06-03T20:26:43.707+0000] {logging_mixin.py:149} INFO - [2023-06-03T20:26:43.707+0000] {dag.py:2726} INFO - Sync 1 DAGs
[2023-06-03T20:26:43.725+0000] {logging_mixin.py:149} INFO - [2023-06-03T20:26:43.725+0000] {dag.py:3490} INFO - Setting next_dagrun for example_skip_dag to 2023-06-02T20:26:43.724907+00:00, run_after=2023-06-03T20:26:43.724907+00:00
[2023-06-03T20:26:43.742+0000] {processor.py:179} INFO - Processing /home/airflow/.local/lib/python3.7/site-packages/airflow/example_dags/example_skip_dag.py took 0.063 seconds
[2023-06-03T20:27:13.807+0000] {processor.py:157} INFO - Started process (PID=985) to work on /home/airflow/.local/lib/python3.7/site-packages/airflow/example_dags/example_skip_dag.py
[2023-06-03T20:27:13.808+0000] {processor.py:826} INFO - Processing file /home/airflow/.local/lib/python3.7/site-packages/airflow/example_dags/example_skip_dag.py for tasks to queue
[2023-06-03T20:27:13.810+0000] {logging_mixin.py:149} INFO - [2023-06-03T20:27:13.809+0000] {dagbag.py:541} INFO - Filling up the DagBag from /home/airflow/.local/lib/python3.7/site-packages/airflow/example_dags/example_skip_dag.py
[2023-06-03T20:27:13.818+0000] {processor.py:836} INFO - DAG(s) dict_keys(['example_skip_dag']) retrieved from /home/airflow/.local/lib/python3.7/site-packages/airflow/example_dags/example_skip_dag.py
[2023-06-03T20:27:13.840+0000] {logging_mixin.py:149} INFO - [2023-06-03T20:27:13.840+0000] {dag.py:2726} INFO - Sync 1 DAGs
[2023-06-03T20:27:13.857+0000] {logging_mixin.py:149} INFO - [2023-06-03T20:27:13.857+0000] {dag.py:3490} INFO - Setting next_dagrun for example_skip_dag to 2023-06-02T20:27:13.857023+00:00, run_after=2023-06-03T20:27:13.857023+00:00
[2023-06-03T20:27:13.873+0000] {processor.py:179} INFO - Processing /home/airflow/.local/lib/python3.7/site-packages/airflow/example_dags/example_skip_dag.py took 0.070 seconds
[2023-06-03T20:27:44.056+0000] {processor.py:157} INFO - Started process (PID=1235) to work on /home/airflow/.local/lib/python3.7/site-packages/airflow/example_dags/example_skip_dag.py
[2023-06-03T20:27:44.057+0000] {processor.py:826} INFO - Processing file /home/airflow/.local/lib/python3.7/site-packages/airflow/example_dags/example_skip_dag.py for tasks to queue
[2023-06-03T20:27:44.059+0000] {logging_mixin.py:149} INFO - [2023-06-03T20:27:44.059+0000] {dagbag.py:541} INFO - Filling up the DagBag from /home/airflow/.local/lib/python3.7/site-packages/airflow/example_dags/example_skip_dag.py
[2023-06-03T20:27:44.064+0000] {processor.py:836} INFO - DAG(s) dict_keys(['example_skip_dag']) retrieved from /home/airflow/.local/lib/python3.7/site-packages/airflow/example_dags/example_skip_dag.py
[2023-06-03T20:27:44.083+0000] {logging_mixin.py:149} INFO - [2023-06-03T20:27:44.082+0000] {dag.py:2726} INFO - Sync 1 DAGs
[2023-06-03T20:27:44.100+0000] {logging_mixin.py:149} INFO - [2023-06-03T20:27:44.100+0000] {dag.py:3490} INFO - Setting next_dagrun for example_skip_dag to 2023-06-02T20:27:44.100378+00:00, run_after=2023-06-03T20:27:44.100378+00:00
[2023-06-03T20:27:44.117+0000] {processor.py:179} INFO - Processing /home/airflow/.local/lib/python3.7/site-packages/airflow/example_dags/example_skip_dag.py took 0.063 seconds
[2023-06-03T20:28:14.393+0000] {processor.py:157} INFO - Started process (PID=1488) to work on /home/airflow/.local/lib/python3.7/site-packages/airflow/example_dags/example_skip_dag.py
[2023-06-03T20:28:14.395+0000] {processor.py:826} INFO - Processing file /home/airflow/.local/lib/python3.7/site-packages/airflow/example_dags/example_skip_dag.py for tasks to queue
[2023-06-03T20:28:14.396+0000] {logging_mixin.py:149} INFO - [2023-06-03T20:28:14.396+0000] {dagbag.py:541} INFO - Filling up the DagBag from /home/airflow/.local/lib/python3.7/site-packages/airflow/example_dags/example_skip_dag.py
[2023-06-03T20:28:14.403+0000] {processor.py:836} INFO - DAG(s) dict_keys(['example_skip_dag']) retrieved from /home/airflow/.local/lib/python3.7/site-packages/airflow/example_dags/example_skip_dag.py
[2023-06-03T20:28:14.421+0000] {logging_mixin.py:149} INFO - [2023-06-03T20:28:14.420+0000] {dag.py:2726} INFO - Sync 1 DAGs
[2023-06-03T20:28:14.445+0000] {logging_mixin.py:149} INFO - [2023-06-03T20:28:14.445+0000] {dag.py:3490} INFO - Setting next_dagrun for example_skip_dag to 2023-06-02T20:28:14.445083+00:00, run_after=2023-06-03T20:28:14.445083+00:00
[2023-06-03T20:28:14.462+0000] {processor.py:179} INFO - Processing /home/airflow/.local/lib/python3.7/site-packages/airflow/example_dags/example_skip_dag.py took 0.071 seconds
[2023-06-03T20:28:44.675+0000] {processor.py:157} INFO - Started process (PID=1740) to work on /home/airflow/.local/lib/python3.7/site-packages/airflow/example_dags/example_skip_dag.py
[2023-06-03T20:28:44.676+0000] {processor.py:826} INFO - Processing file /home/airflow/.local/lib/python3.7/site-packages/airflow/example_dags/example_skip_dag.py for tasks to queue
[2023-06-03T20:28:44.677+0000] {logging_mixin.py:149} INFO - [2023-06-03T20:28:44.677+0000] {dagbag.py:541} INFO - Filling up the DagBag from /home/airflow/.local/lib/python3.7/site-packages/airflow/example_dags/example_skip_dag.py
[2023-06-03T20:28:44.682+0000] {processor.py:836} INFO - DAG(s) dict_keys(['example_skip_dag']) retrieved from /home/airflow/.local/lib/python3.7/site-packages/airflow/example_dags/example_skip_dag.py
[2023-06-03T20:28:44.701+0000] {logging_mixin.py:149} INFO - [2023-06-03T20:28:44.701+0000] {dag.py:2726} INFO - Sync 1 DAGs
[2023-06-03T20:28:44.718+0000] {logging_mixin.py:149} INFO - [2023-06-03T20:28:44.718+0000] {dag.py:3490} INFO - Setting next_dagrun for example_skip_dag to 2023-06-02T20:28:44.718440+00:00, run_after=2023-06-03T20:28:44.718440+00:00
[2023-06-03T20:28:44.736+0000] {processor.py:179} INFO - Processing /home/airflow/.local/lib/python3.7/site-packages/airflow/example_dags/example_skip_dag.py took 0.063 seconds
[2023-06-03T20:29:15.069+0000] {processor.py:157} INFO - Started process (PID=1992) to work on /home/airflow/.local/lib/python3.7/site-packages/airflow/example_dags/example_skip_dag.py
[2023-06-03T20:29:15.071+0000] {processor.py:826} INFO - Processing file /home/airflow/.local/lib/python3.7/site-packages/airflow/example_dags/example_skip_dag.py for tasks to queue
[2023-06-03T20:29:15.072+0000] {logging_mixin.py:149} INFO - [2023-06-03T20:29:15.072+0000] {dagbag.py:541} INFO - Filling up the DagBag from /home/airflow/.local/lib/python3.7/site-packages/airflow/example_dags/example_skip_dag.py
[2023-06-03T20:29:15.078+0000] {processor.py:836} INFO - DAG(s) dict_keys(['example_skip_dag']) retrieved from /home/airflow/.local/lib/python3.7/site-packages/airflow/example_dags/example_skip_dag.py
[2023-06-03T20:29:15.098+0000] {logging_mixin.py:149} INFO - [2023-06-03T20:29:15.097+0000] {dag.py:2726} INFO - Sync 1 DAGs
[2023-06-03T20:29:15.116+0000] {logging_mixin.py:149} INFO - [2023-06-03T20:29:15.116+0000] {dag.py:3490} INFO - Setting next_dagrun for example_skip_dag to 2023-06-02T20:29:15.116592+00:00, run_after=2023-06-03T20:29:15.116592+00:00
[2023-06-03T20:29:15.135+0000] {processor.py:179} INFO - Processing /home/airflow/.local/lib/python3.7/site-packages/airflow/example_dags/example_skip_dag.py took 0.068 seconds
[2023-06-03T20:29:45.463+0000] {processor.py:157} INFO - Started process (PID=2244) to work on /home/airflow/.local/lib/python3.7/site-packages/airflow/example_dags/example_skip_dag.py
[2023-06-03T20:29:45.465+0000] {processor.py:826} INFO - Processing file /home/airflow/.local/lib/python3.7/site-packages/airflow/example_dags/example_skip_dag.py for tasks to queue
[2023-06-03T20:29:45.466+0000] {logging_mixin.py:149} INFO - [2023-06-03T20:29:45.466+0000] {dagbag.py:541} INFO - Filling up the DagBag from /home/airflow/.local/lib/python3.7/site-packages/airflow/example_dags/example_skip_dag.py
[2023-06-03T20:29:45.471+0000] {processor.py:836} INFO - DAG(s) dict_keys(['example_skip_dag']) retrieved from /home/airflow/.local/lib/python3.7/site-packages/airflow/example_dags/example_skip_dag.py
[2023-06-03T20:29:45.488+0000] {logging_mixin.py:149} INFO - [2023-06-03T20:29:45.488+0000] {dag.py:2726} INFO - Sync 1 DAGs
[2023-06-03T20:29:45.505+0000] {logging_mixin.py:149} INFO - [2023-06-03T20:29:45.504+0000] {dag.py:3490} INFO - Setting next_dagrun for example_skip_dag to 2023-06-02T20:29:45.504785+00:00, run_after=2023-06-03T20:29:45.504785+00:00
[2023-06-03T20:29:45.522+0000] {processor.py:179} INFO - Processing /home/airflow/.local/lib/python3.7/site-packages/airflow/example_dags/example_skip_dag.py took 0.061 seconds
[2023-06-03T20:30:16.297+0000] {processor.py:157} INFO - Started process (PID=2498) to work on /home/airflow/.local/lib/python3.7/site-packages/airflow/example_dags/example_skip_dag.py
[2023-06-03T20:30:16.298+0000] {processor.py:826} INFO - Processing file /home/airflow/.local/lib/python3.7/site-packages/airflow/example_dags/example_skip_dag.py for tasks to queue
[2023-06-03T20:30:16.299+0000] {logging_mixin.py:149} INFO - [2023-06-03T20:30:16.299+0000] {dagbag.py:541} INFO - Filling up the DagBag from /home/airflow/.local/lib/python3.7/site-packages/airflow/example_dags/example_skip_dag.py
[2023-06-03T20:30:16.305+0000] {processor.py:836} INFO - DAG(s) dict_keys(['example_skip_dag']) retrieved from /home/airflow/.local/lib/python3.7/site-packages/airflow/example_dags/example_skip_dag.py
[2023-06-03T20:30:16.321+0000] {logging_mixin.py:149} INFO - [2023-06-03T20:30:16.321+0000] {dag.py:2726} INFO - Sync 1 DAGs
[2023-06-03T20:30:16.337+0000] {logging_mixin.py:149} INFO - [2023-06-03T20:30:16.337+0000] {dag.py:3490} INFO - Setting next_dagrun for example_skip_dag to 2023-06-02T20:30:16.337723+00:00, run_after=2023-06-03T20:30:16.337723+00:00
[2023-06-03T20:30:16.353+0000] {processor.py:179} INFO - Processing /home/airflow/.local/lib/python3.7/site-packages/airflow/example_dags/example_skip_dag.py took 0.058 seconds
[2023-06-03T20:30:46.872+0000] {processor.py:157} INFO - Started process (PID=2748) to work on /home/airflow/.local/lib/python3.7/site-packages/airflow/example_dags/example_skip_dag.py
[2023-06-03T20:30:46.873+0000] {processor.py:826} INFO - Processing file /home/airflow/.local/lib/python3.7/site-packages/airflow/example_dags/example_skip_dag.py for tasks to queue
[2023-06-03T20:30:46.873+0000] {logging_mixin.py:149} INFO - [2023-06-03T20:30:46.873+0000] {dagbag.py:541} INFO - Filling up the DagBag from /home/airflow/.local/lib/python3.7/site-packages/airflow/example_dags/example_skip_dag.py
[2023-06-03T20:30:46.878+0000] {processor.py:836} INFO - DAG(s) dict_keys(['example_skip_dag']) retrieved from /home/airflow/.local/lib/python3.7/site-packages/airflow/example_dags/example_skip_dag.py
[2023-06-03T20:30:46.896+0000] {logging_mixin.py:149} INFO - [2023-06-03T20:30:46.896+0000] {dag.py:2726} INFO - Sync 1 DAGs
[2023-06-03T20:30:46.914+0000] {logging_mixin.py:149} INFO - [2023-06-03T20:30:46.914+0000] {dag.py:3490} INFO - Setting next_dagrun for example_skip_dag to 2023-06-02T20:30:46.914042+00:00, run_after=2023-06-03T20:30:46.914042+00:00
[2023-06-03T20:30:46.929+0000] {processor.py:179} INFO - Processing /home/airflow/.local/lib/python3.7/site-packages/airflow/example_dags/example_skip_dag.py took 0.059 seconds
[2023-06-03T20:31:17.255+0000] {processor.py:157} INFO - Started process (PID=3000) to work on /home/airflow/.local/lib/python3.7/site-packages/airflow/example_dags/example_skip_dag.py
[2023-06-03T20:31:17.256+0000] {processor.py:826} INFO - Processing file /home/airflow/.local/lib/python3.7/site-packages/airflow/example_dags/example_skip_dag.py for tasks to queue
[2023-06-03T20:31:17.257+0000] {logging_mixin.py:149} INFO - [2023-06-03T20:31:17.257+0000] {dagbag.py:541} INFO - Filling up the DagBag from /home/airflow/.local/lib/python3.7/site-packages/airflow/example_dags/example_skip_dag.py
[2023-06-03T20:31:17.263+0000] {processor.py:836} INFO - DAG(s) dict_keys(['example_skip_dag']) retrieved from /home/airflow/.local/lib/python3.7/site-packages/airflow/example_dags/example_skip_dag.py
[2023-06-03T20:31:17.283+0000] {logging_mixin.py:149} INFO - [2023-06-03T20:31:17.282+0000] {dag.py:2726} INFO - Sync 1 DAGs
[2023-06-03T20:31:17.302+0000] {logging_mixin.py:149} INFO - [2023-06-03T20:31:17.302+0000] {dag.py:3490} INFO - Setting next_dagrun for example_skip_dag to 2023-06-02T20:31:17.302182+00:00, run_after=2023-06-03T20:31:17.302182+00:00
[2023-06-03T20:31:17.321+0000] {processor.py:179} INFO - Processing /home/airflow/.local/lib/python3.7/site-packages/airflow/example_dags/example_skip_dag.py took 0.069 seconds
[2023-06-03T20:31:47.384+0000] {processor.py:157} INFO - Started process (PID=3252) to work on /home/airflow/.local/lib/python3.7/site-packages/airflow/example_dags/example_skip_dag.py
[2023-06-03T20:31:47.385+0000] {processor.py:826} INFO - Processing file /home/airflow/.local/lib/python3.7/site-packages/airflow/example_dags/example_skip_dag.py for tasks to queue
[2023-06-03T20:31:47.386+0000] {logging_mixin.py:149} INFO - [2023-06-03T20:31:47.386+0000] {dagbag.py:541} INFO - Filling up the DagBag from /home/airflow/.local/lib/python3.7/site-packages/airflow/example_dags/example_skip_dag.py
[2023-06-03T20:31:47.392+0000] {processor.py:836} INFO - DAG(s) dict_keys(['example_skip_dag']) retrieved from /home/airflow/.local/lib/python3.7/site-packages/airflow/example_dags/example_skip_dag.py
[2023-06-03T20:31:47.410+0000] {logging_mixin.py:149} INFO - [2023-06-03T20:31:47.410+0000] {dag.py:2726} INFO - Sync 1 DAGs
[2023-06-03T20:31:47.427+0000] {logging_mixin.py:149} INFO - [2023-06-03T20:31:47.427+0000] {dag.py:3490} INFO - Setting next_dagrun for example_skip_dag to 2023-06-02T20:31:47.427386+00:00, run_after=2023-06-03T20:31:47.427386+00:00
[2023-06-03T20:31:47.443+0000] {processor.py:179} INFO - Processing /home/airflow/.local/lib/python3.7/site-packages/airflow/example_dags/example_skip_dag.py took 0.062 seconds
[2023-06-03T20:32:17.589+0000] {processor.py:157} INFO - Started process (PID=3642) to work on /home/airflow/.local/lib/python3.7/site-packages/airflow/example_dags/example_skip_dag.py
[2023-06-03T20:32:17.596+0000] {processor.py:826} INFO - Processing file /home/airflow/.local/lib/python3.7/site-packages/airflow/example_dags/example_skip_dag.py for tasks to queue
[2023-06-03T20:32:17.598+0000] {logging_mixin.py:149} INFO - [2023-06-03T20:32:17.598+0000] {dagbag.py:541} INFO - Filling up the DagBag from /home/airflow/.local/lib/python3.7/site-packages/airflow/example_dags/example_skip_dag.py
[2023-06-03T20:32:17.606+0000] {processor.py:836} INFO - DAG(s) dict_keys(['example_skip_dag']) retrieved from /home/airflow/.local/lib/python3.7/site-packages/airflow/example_dags/example_skip_dag.py
[2023-06-03T20:32:17.625+0000] {logging_mixin.py:149} INFO - [2023-06-03T20:32:17.625+0000] {dag.py:2726} INFO - Sync 1 DAGs
[2023-06-03T20:32:17.642+0000] {logging_mixin.py:149} INFO - [2023-06-03T20:32:17.642+0000] {dag.py:3490} INFO - Setting next_dagrun for example_skip_dag to 2023-06-02T20:32:17.642619+00:00, run_after=2023-06-03T20:32:17.642619+00:00
[2023-06-03T20:32:17.659+0000] {processor.py:179} INFO - Processing /home/airflow/.local/lib/python3.7/site-packages/airflow/example_dags/example_skip_dag.py took 0.073 seconds
[2023-06-03T20:32:47.999+0000] {processor.py:157} INFO - Started process (PID=3896) to work on /home/airflow/.local/lib/python3.7/site-packages/airflow/example_dags/example_skip_dag.py
[2023-06-03T20:32:48.001+0000] {processor.py:826} INFO - Processing file /home/airflow/.local/lib/python3.7/site-packages/airflow/example_dags/example_skip_dag.py for tasks to queue
[2023-06-03T20:32:48.002+0000] {logging_mixin.py:149} INFO - [2023-06-03T20:32:48.002+0000] {dagbag.py:541} INFO - Filling up the DagBag from /home/airflow/.local/lib/python3.7/site-packages/airflow/example_dags/example_skip_dag.py
[2023-06-03T20:32:48.007+0000] {processor.py:836} INFO - DAG(s) dict_keys(['example_skip_dag']) retrieved from /home/airflow/.local/lib/python3.7/site-packages/airflow/example_dags/example_skip_dag.py
[2023-06-03T20:32:48.025+0000] {logging_mixin.py:149} INFO - [2023-06-03T20:32:48.024+0000] {dag.py:2726} INFO - Sync 1 DAGs
[2023-06-03T20:32:48.042+0000] {logging_mixin.py:149} INFO - [2023-06-03T20:32:48.042+0000] {dag.py:3490} INFO - Setting next_dagrun for example_skip_dag to 2023-06-02T20:32:48.042575+00:00, run_after=2023-06-03T20:32:48.042575+00:00
[2023-06-03T20:32:48.060+0000] {processor.py:179} INFO - Processing /home/airflow/.local/lib/python3.7/site-packages/airflow/example_dags/example_skip_dag.py took 0.063 seconds
[2023-06-03T20:33:18.195+0000] {processor.py:157} INFO - Started process (PID=4146) to work on /home/airflow/.local/lib/python3.7/site-packages/airflow/example_dags/example_skip_dag.py
[2023-06-03T20:33:18.198+0000] {processor.py:826} INFO - Processing file /home/airflow/.local/lib/python3.7/site-packages/airflow/example_dags/example_skip_dag.py for tasks to queue
[2023-06-03T20:33:18.199+0000] {logging_mixin.py:149} INFO - [2023-06-03T20:33:18.199+0000] {dagbag.py:541} INFO - Filling up the DagBag from /home/airflow/.local/lib/python3.7/site-packages/airflow/example_dags/example_skip_dag.py
[2023-06-03T20:33:18.205+0000] {processor.py:836} INFO - DAG(s) dict_keys(['example_skip_dag']) retrieved from /home/airflow/.local/lib/python3.7/site-packages/airflow/example_dags/example_skip_dag.py
[2023-06-03T20:33:18.223+0000] {logging_mixin.py:149} INFO - [2023-06-03T20:33:18.223+0000] {dag.py:2726} INFO - Sync 1 DAGs
[2023-06-03T20:33:18.241+0000] {logging_mixin.py:149} INFO - [2023-06-03T20:33:18.240+0000] {dag.py:3490} INFO - Setting next_dagrun for example_skip_dag to 2023-06-02T20:33:18.240670+00:00, run_after=2023-06-03T20:33:18.240670+00:00
[2023-06-03T20:33:18.257+0000] {processor.py:179} INFO - Processing /home/airflow/.local/lib/python3.7/site-packages/airflow/example_dags/example_skip_dag.py took 0.065 seconds
[2023-06-03T20:33:49.186+0000] {processor.py:157} INFO - Started process (PID=4398) to work on /home/airflow/.local/lib/python3.7/site-packages/airflow/example_dags/example_skip_dag.py
[2023-06-03T20:33:49.187+0000] {processor.py:826} INFO - Processing file /home/airflow/.local/lib/python3.7/site-packages/airflow/example_dags/example_skip_dag.py for tasks to queue
[2023-06-03T20:33:49.188+0000] {logging_mixin.py:149} INFO - [2023-06-03T20:33:49.188+0000] {dagbag.py:541} INFO - Filling up the DagBag from /home/airflow/.local/lib/python3.7/site-packages/airflow/example_dags/example_skip_dag.py
[2023-06-03T20:33:49.193+0000] {processor.py:836} INFO - DAG(s) dict_keys(['example_skip_dag']) retrieved from /home/airflow/.local/lib/python3.7/site-packages/airflow/example_dags/example_skip_dag.py
[2023-06-03T20:33:49.209+0000] {logging_mixin.py:149} INFO - [2023-06-03T20:33:49.209+0000] {dag.py:2726} INFO - Sync 1 DAGs
[2023-06-03T20:33:49.226+0000] {logging_mixin.py:149} INFO - [2023-06-03T20:33:49.226+0000] {dag.py:3490} INFO - Setting next_dagrun for example_skip_dag to 2023-06-02T20:33:49.226130+00:00, run_after=2023-06-03T20:33:49.226130+00:00
[2023-06-03T20:33:49.242+0000] {processor.py:179} INFO - Processing /home/airflow/.local/lib/python3.7/site-packages/airflow/example_dags/example_skip_dag.py took 0.058 seconds
[2023-06-03T20:34:19.705+0000] {processor.py:157} INFO - Started process (PID=4650) to work on /home/airflow/.local/lib/python3.7/site-packages/airflow/example_dags/example_skip_dag.py
[2023-06-03T20:34:19.706+0000] {processor.py:826} INFO - Processing file /home/airflow/.local/lib/python3.7/site-packages/airflow/example_dags/example_skip_dag.py for tasks to queue
[2023-06-03T20:34:19.707+0000] {logging_mixin.py:149} INFO - [2023-06-03T20:34:19.707+0000] {dagbag.py:541} INFO - Filling up the DagBag from /home/airflow/.local/lib/python3.7/site-packages/airflow/example_dags/example_skip_dag.py
[2023-06-03T20:34:19.712+0000] {processor.py:836} INFO - DAG(s) dict_keys(['example_skip_dag']) retrieved from /home/airflow/.local/lib/python3.7/site-packages/airflow/example_dags/example_skip_dag.py
[2023-06-03T20:34:19.730+0000] {logging_mixin.py:149} INFO - [2023-06-03T20:34:19.730+0000] {dag.py:2726} INFO - Sync 1 DAGs
[2023-06-03T20:34:19.747+0000] {logging_mixin.py:149} INFO - [2023-06-03T20:34:19.747+0000] {dag.py:3490} INFO - Setting next_dagrun for example_skip_dag to 2023-06-02T20:34:19.747134+00:00, run_after=2023-06-03T20:34:19.747134+00:00
[2023-06-03T20:34:19.764+0000] {processor.py:179} INFO - Processing /home/airflow/.local/lib/python3.7/site-packages/airflow/example_dags/example_skip_dag.py took 0.061 seconds
[2023-06-03T20:34:50.194+0000] {processor.py:157} INFO - Started process (PID=4902) to work on /home/airflow/.local/lib/python3.7/site-packages/airflow/example_dags/example_skip_dag.py
[2023-06-03T20:34:50.195+0000] {processor.py:826} INFO - Processing file /home/airflow/.local/lib/python3.7/site-packages/airflow/example_dags/example_skip_dag.py for tasks to queue
[2023-06-03T20:34:50.196+0000] {logging_mixin.py:149} INFO - [2023-06-03T20:34:50.196+0000] {dagbag.py:541} INFO - Filling up the DagBag from /home/airflow/.local/lib/python3.7/site-packages/airflow/example_dags/example_skip_dag.py
[2023-06-03T20:34:50.202+0000] {processor.py:836} INFO - DAG(s) dict_keys(['example_skip_dag']) retrieved from /home/airflow/.local/lib/python3.7/site-packages/airflow/example_dags/example_skip_dag.py
[2023-06-03T20:34:50.220+0000] {logging_mixin.py:149} INFO - [2023-06-03T20:34:50.220+0000] {dag.py:2726} INFO - Sync 1 DAGs
[2023-06-03T20:34:50.238+0000] {logging_mixin.py:149} INFO - [2023-06-03T20:34:50.238+0000] {dag.py:3490} INFO - Setting next_dagrun for example_skip_dag to 2023-06-02T20:34:50.238691+00:00, run_after=2023-06-03T20:34:50.238691+00:00
[2023-06-03T20:34:50.254+0000] {processor.py:179} INFO - Processing /home/airflow/.local/lib/python3.7/site-packages/airflow/example_dags/example_skip_dag.py took 0.062 seconds
[2023-06-03T20:35:20.614+0000] {processor.py:157} INFO - Started process (PID=5154) to work on /home/airflow/.local/lib/python3.7/site-packages/airflow/example_dags/example_skip_dag.py
[2023-06-03T20:35:20.615+0000] {processor.py:826} INFO - Processing file /home/airflow/.local/lib/python3.7/site-packages/airflow/example_dags/example_skip_dag.py for tasks to queue
[2023-06-03T20:35:20.616+0000] {logging_mixin.py:149} INFO - [2023-06-03T20:35:20.616+0000] {dagbag.py:541} INFO - Filling up the DagBag from /home/airflow/.local/lib/python3.7/site-packages/airflow/example_dags/example_skip_dag.py
[2023-06-03T20:35:20.622+0000] {processor.py:836} INFO - DAG(s) dict_keys(['example_skip_dag']) retrieved from /home/airflow/.local/lib/python3.7/site-packages/airflow/example_dags/example_skip_dag.py
[2023-06-03T20:35:20.642+0000] {logging_mixin.py:149} INFO - [2023-06-03T20:35:20.641+0000] {dag.py:2726} INFO - Sync 1 DAGs
[2023-06-03T20:35:20.660+0000] {logging_mixin.py:149} INFO - [2023-06-03T20:35:20.660+0000] {dag.py:3490} INFO - Setting next_dagrun for example_skip_dag to 2023-06-02T20:35:20.660307+00:00, run_after=2023-06-03T20:35:20.660307+00:00
[2023-06-03T20:35:20.677+0000] {processor.py:179} INFO - Processing /home/airflow/.local/lib/python3.7/site-packages/airflow/example_dags/example_skip_dag.py took 0.066 seconds
[2023-06-03T20:35:51.470+0000] {processor.py:157} INFO - Started process (PID=5406) to work on /home/airflow/.local/lib/python3.7/site-packages/airflow/example_dags/example_skip_dag.py
[2023-06-03T20:35:51.471+0000] {processor.py:826} INFO - Processing file /home/airflow/.local/lib/python3.7/site-packages/airflow/example_dags/example_skip_dag.py for tasks to queue
[2023-06-03T20:35:51.472+0000] {logging_mixin.py:149} INFO - [2023-06-03T20:35:51.472+0000] {dagbag.py:541} INFO - Filling up the DagBag from /home/airflow/.local/lib/python3.7/site-packages/airflow/example_dags/example_skip_dag.py
[2023-06-03T20:35:51.478+0000] {processor.py:836} INFO - DAG(s) dict_keys(['example_skip_dag']) retrieved from /home/airflow/.local/lib/python3.7/site-packages/airflow/example_dags/example_skip_dag.py
[2023-06-03T20:35:51.496+0000] {logging_mixin.py:149} INFO - [2023-06-03T20:35:51.496+0000] {dag.py:2726} INFO - Sync 1 DAGs
[2023-06-03T20:35:51.513+0000] {logging_mixin.py:149} INFO - [2023-06-03T20:35:51.512+0000] {dag.py:3490} INFO - Setting next_dagrun for example_skip_dag to 2023-06-02T20:35:51.512833+00:00, run_after=2023-06-03T20:35:51.512833+00:00
[2023-06-03T20:35:51.537+0000] {processor.py:179} INFO - Processing /home/airflow/.local/lib/python3.7/site-packages/airflow/example_dags/example_skip_dag.py took 0.069 seconds
[2023-06-03T20:36:22.044+0000] {processor.py:157} INFO - Started process (PID=5659) to work on /home/airflow/.local/lib/python3.7/site-packages/airflow/example_dags/example_skip_dag.py
[2023-06-03T20:36:22.047+0000] {processor.py:826} INFO - Processing file /home/airflow/.local/lib/python3.7/site-packages/airflow/example_dags/example_skip_dag.py for tasks to queue
[2023-06-03T20:36:22.048+0000] {logging_mixin.py:149} INFO - [2023-06-03T20:36:22.048+0000] {dagbag.py:541} INFO - Filling up the DagBag from /home/airflow/.local/lib/python3.7/site-packages/airflow/example_dags/example_skip_dag.py
[2023-06-03T20:36:22.054+0000] {processor.py:836} INFO - DAG(s) dict_keys(['example_skip_dag']) retrieved from /home/airflow/.local/lib/python3.7/site-packages/airflow/example_dags/example_skip_dag.py
[2023-06-03T20:36:22.074+0000] {logging_mixin.py:149} INFO - [2023-06-03T20:36:22.073+0000] {dag.py:2726} INFO - Sync 1 DAGs
[2023-06-03T20:36:22.092+0000] {logging_mixin.py:149} INFO - [2023-06-03T20:36:22.092+0000] {dag.py:3490} INFO - Setting next_dagrun for example_skip_dag to 2023-06-02T20:36:22.092045+00:00, run_after=2023-06-03T20:36:22.092045+00:00
[2023-06-03T20:36:22.110+0000] {processor.py:179} INFO - Processing /home/airflow/.local/lib/python3.7/site-packages/airflow/example_dags/example_skip_dag.py took 0.067 seconds
[2023-06-03T20:36:52.583+0000] {processor.py:157} INFO - Started process (PID=5910) to work on /home/airflow/.local/lib/python3.7/site-packages/airflow/example_dags/example_skip_dag.py
[2023-06-03T20:36:52.585+0000] {processor.py:826} INFO - Processing file /home/airflow/.local/lib/python3.7/site-packages/airflow/example_dags/example_skip_dag.py for tasks to queue
[2023-06-03T20:36:52.585+0000] {logging_mixin.py:149} INFO - [2023-06-03T20:36:52.585+0000] {dagbag.py:541} INFO - Filling up the DagBag from /home/airflow/.local/lib/python3.7/site-packages/airflow/example_dags/example_skip_dag.py
[2023-06-03T20:36:52.590+0000] {processor.py:836} INFO - DAG(s) dict_keys(['example_skip_dag']) retrieved from /home/airflow/.local/lib/python3.7/site-packages/airflow/example_dags/example_skip_dag.py
[2023-06-03T20:36:52.608+0000] {logging_mixin.py:149} INFO - [2023-06-03T20:36:52.608+0000] {dag.py:2726} INFO - Sync 1 DAGs
[2023-06-03T20:36:52.625+0000] {logging_mixin.py:149} INFO - [2023-06-03T20:36:52.625+0000] {dag.py:3490} INFO - Setting next_dagrun for example_skip_dag to 2023-06-02T20:36:52.625424+00:00, run_after=2023-06-03T20:36:52.625424+00:00
[2023-06-03T20:36:52.641+0000] {processor.py:179} INFO - Processing /home/airflow/.local/lib/python3.7/site-packages/airflow/example_dags/example_skip_dag.py took 0.059 seconds
[2023-06-03T20:37:23.377+0000] {processor.py:157} INFO - Started process (PID=6162) to work on /home/airflow/.local/lib/python3.7/site-packages/airflow/example_dags/example_skip_dag.py
[2023-06-03T20:37:23.378+0000] {processor.py:826} INFO - Processing file /home/airflow/.local/lib/python3.7/site-packages/airflow/example_dags/example_skip_dag.py for tasks to queue
[2023-06-03T20:37:23.380+0000] {logging_mixin.py:149} INFO - [2023-06-03T20:37:23.380+0000] {dagbag.py:541} INFO - Filling up the DagBag from /home/airflow/.local/lib/python3.7/site-packages/airflow/example_dags/example_skip_dag.py
[2023-06-03T20:37:23.385+0000] {processor.py:836} INFO - DAG(s) dict_keys(['example_skip_dag']) retrieved from /home/airflow/.local/lib/python3.7/site-packages/airflow/example_dags/example_skip_dag.py
[2023-06-03T20:37:23.449+0000] {logging_mixin.py:149} INFO - [2023-06-03T20:37:23.449+0000] {dag.py:2726} INFO - Sync 1 DAGs
[2023-06-03T20:37:23.470+0000] {logging_mixin.py:149} INFO - [2023-06-03T20:37:23.470+0000] {dag.py:3490} INFO - Setting next_dagrun for example_skip_dag to 2023-06-02T20:37:23.469920+00:00, run_after=2023-06-03T20:37:23.469920+00:00
[2023-06-03T20:37:23.486+0000] {processor.py:179} INFO - Processing /home/airflow/.local/lib/python3.7/site-packages/airflow/example_dags/example_skip_dag.py took 0.112 seconds
[2023-06-03T20:37:53.987+0000] {processor.py:157} INFO - Started process (PID=6414) to work on /home/airflow/.local/lib/python3.7/site-packages/airflow/example_dags/example_skip_dag.py
[2023-06-03T20:37:53.988+0000] {processor.py:826} INFO - Processing file /home/airflow/.local/lib/python3.7/site-packages/airflow/example_dags/example_skip_dag.py for tasks to queue
[2023-06-03T20:37:53.989+0000] {logging_mixin.py:149} INFO - [2023-06-03T20:37:53.989+0000] {dagbag.py:541} INFO - Filling up the DagBag from /home/airflow/.local/lib/python3.7/site-packages/airflow/example_dags/example_skip_dag.py
[2023-06-03T20:37:53.994+0000] {processor.py:836} INFO - DAG(s) dict_keys(['example_skip_dag']) retrieved from /home/airflow/.local/lib/python3.7/site-packages/airflow/example_dags/example_skip_dag.py
[2023-06-03T20:37:54.011+0000] {logging_mixin.py:149} INFO - [2023-06-03T20:37:54.011+0000] {dag.py:2726} INFO - Sync 1 DAGs
[2023-06-03T20:37:54.028+0000] {logging_mixin.py:149} INFO - [2023-06-03T20:37:54.028+0000] {dag.py:3490} INFO - Setting next_dagrun for example_skip_dag to 2023-06-02T20:37:54.028612+00:00, run_after=2023-06-03T20:37:54.028612+00:00
[2023-06-03T20:37:54.043+0000] {processor.py:179} INFO - Processing /home/airflow/.local/lib/python3.7/site-packages/airflow/example_dags/example_skip_dag.py took 0.057 seconds
[2023-06-03T20:38:24.222+0000] {processor.py:157} INFO - Started process (PID=6666) to work on /home/airflow/.local/lib/python3.7/site-packages/airflow/example_dags/example_skip_dag.py
[2023-06-03T20:38:24.223+0000] {processor.py:826} INFO - Processing file /home/airflow/.local/lib/python3.7/site-packages/airflow/example_dags/example_skip_dag.py for tasks to queue
[2023-06-03T20:38:24.224+0000] {logging_mixin.py:149} INFO - [2023-06-03T20:38:24.224+0000] {dagbag.py:541} INFO - Filling up the DagBag from /home/airflow/.local/lib/python3.7/site-packages/airflow/example_dags/example_skip_dag.py
[2023-06-03T20:38:24.229+0000] {processor.py:836} INFO - DAG(s) dict_keys(['example_skip_dag']) retrieved from /home/airflow/.local/lib/python3.7/site-packages/airflow/example_dags/example_skip_dag.py
[2023-06-03T20:38:24.246+0000] {logging_mixin.py:149} INFO - [2023-06-03T20:38:24.246+0000] {dag.py:2726} INFO - Sync 1 DAGs
[2023-06-03T20:38:24.263+0000] {logging_mixin.py:149} INFO - [2023-06-03T20:38:24.262+0000] {dag.py:3490} INFO - Setting next_dagrun for example_skip_dag to 2023-06-02T20:38:24.262629+00:00, run_after=2023-06-03T20:38:24.262629+00:00
[2023-06-03T20:38:24.278+0000] {processor.py:179} INFO - Processing /home/airflow/.local/lib/python3.7/site-packages/airflow/example_dags/example_skip_dag.py took 0.057 seconds
[2023-06-03T20:38:54.468+0000] {processor.py:157} INFO - Started process (PID=6920) to work on /home/airflow/.local/lib/python3.7/site-packages/airflow/example_dags/example_skip_dag.py
[2023-06-03T20:38:54.469+0000] {processor.py:826} INFO - Processing file /home/airflow/.local/lib/python3.7/site-packages/airflow/example_dags/example_skip_dag.py for tasks to queue
[2023-06-03T20:38:54.471+0000] {logging_mixin.py:149} INFO - [2023-06-03T20:38:54.470+0000] {dagbag.py:541} INFO - Filling up the DagBag from /home/airflow/.local/lib/python3.7/site-packages/airflow/example_dags/example_skip_dag.py
[2023-06-03T20:38:54.476+0000] {processor.py:836} INFO - DAG(s) dict_keys(['example_skip_dag']) retrieved from /home/airflow/.local/lib/python3.7/site-packages/airflow/example_dags/example_skip_dag.py
[2023-06-03T20:38:54.495+0000] {logging_mixin.py:149} INFO - [2023-06-03T20:38:54.495+0000] {dag.py:2726} INFO - Sync 1 DAGs
[2023-06-03T20:38:54.512+0000] {logging_mixin.py:149} INFO - [2023-06-03T20:38:54.512+0000] {dag.py:3490} INFO - Setting next_dagrun for example_skip_dag to 2023-06-02T20:38:54.512338+00:00, run_after=2023-06-03T20:38:54.512338+00:00
[2023-06-03T20:38:54.527+0000] {processor.py:179} INFO - Processing /home/airflow/.local/lib/python3.7/site-packages/airflow/example_dags/example_skip_dag.py took 0.063 seconds
[2023-06-03T20:39:24.852+0000] {processor.py:157} INFO - Started process (PID=7172) to work on /home/airflow/.local/lib/python3.7/site-packages/airflow/example_dags/example_skip_dag.py
[2023-06-03T20:39:24.853+0000] {processor.py:826} INFO - Processing file /home/airflow/.local/lib/python3.7/site-packages/airflow/example_dags/example_skip_dag.py for tasks to queue
[2023-06-03T20:39:24.855+0000] {logging_mixin.py:149} INFO - [2023-06-03T20:39:24.855+0000] {dagbag.py:541} INFO - Filling up the DagBag from /home/airflow/.local/lib/python3.7/site-packages/airflow/example_dags/example_skip_dag.py
[2023-06-03T20:39:24.861+0000] {processor.py:836} INFO - DAG(s) dict_keys(['example_skip_dag']) retrieved from /home/airflow/.local/lib/python3.7/site-packages/airflow/example_dags/example_skip_dag.py
[2023-06-03T20:39:24.884+0000] {logging_mixin.py:149} INFO - [2023-06-03T20:39:24.884+0000] {dag.py:2726} INFO - Sync 1 DAGs
[2023-06-03T20:39:24.905+0000] {logging_mixin.py:149} INFO - [2023-06-03T20:39:24.905+0000] {dag.py:3490} INFO - Setting next_dagrun for example_skip_dag to 2023-06-02T20:39:24.905190+00:00, run_after=2023-06-03T20:39:24.905190+00:00
[2023-06-03T20:39:24.929+0000] {processor.py:179} INFO - Processing /home/airflow/.local/lib/python3.7/site-packages/airflow/example_dags/example_skip_dag.py took 0.080 seconds
[2023-06-03T20:39:55.039+0000] {processor.py:157} INFO - Started process (PID=7422) to work on /home/airflow/.local/lib/python3.7/site-packages/airflow/example_dags/example_skip_dag.py
[2023-06-03T20:39:55.040+0000] {processor.py:826} INFO - Processing file /home/airflow/.local/lib/python3.7/site-packages/airflow/example_dags/example_skip_dag.py for tasks to queue
[2023-06-03T20:39:55.042+0000] {logging_mixin.py:149} INFO - [2023-06-03T20:39:55.041+0000] {dagbag.py:541} INFO - Filling up the DagBag from /home/airflow/.local/lib/python3.7/site-packages/airflow/example_dags/example_skip_dag.py
[2023-06-03T20:39:55.047+0000] {processor.py:836} INFO - DAG(s) dict_keys(['example_skip_dag']) retrieved from /home/airflow/.local/lib/python3.7/site-packages/airflow/example_dags/example_skip_dag.py
[2023-06-03T20:39:55.065+0000] {logging_mixin.py:149} INFO - [2023-06-03T20:39:55.065+0000] {dag.py:2726} INFO - Sync 1 DAGs
[2023-06-03T20:39:55.083+0000] {logging_mixin.py:149} INFO - [2023-06-03T20:39:55.083+0000] {dag.py:3490} INFO - Setting next_dagrun for example_skip_dag to 2023-06-02T20:39:55.083410+00:00, run_after=2023-06-03T20:39:55.083410+00:00
[2023-06-03T20:39:55.099+0000] {processor.py:179} INFO - Processing /home/airflow/.local/lib/python3.7/site-packages/airflow/example_dags/example_skip_dag.py took 0.062 seconds
[2023-06-03T20:40:25.361+0000] {processor.py:157} INFO - Started process (PID=7674) to work on /home/airflow/.local/lib/python3.7/site-packages/airflow/example_dags/example_skip_dag.py
[2023-06-03T20:40:25.363+0000] {processor.py:826} INFO - Processing file /home/airflow/.local/lib/python3.7/site-packages/airflow/example_dags/example_skip_dag.py for tasks to queue
[2023-06-03T20:40:25.365+0000] {logging_mixin.py:149} INFO - [2023-06-03T20:40:25.365+0000] {dagbag.py:541} INFO - Filling up the DagBag from /home/airflow/.local/lib/python3.7/site-packages/airflow/example_dags/example_skip_dag.py
[2023-06-03T20:40:25.372+0000] {processor.py:836} INFO - DAG(s) dict_keys(['example_skip_dag']) retrieved from /home/airflow/.local/lib/python3.7/site-packages/airflow/example_dags/example_skip_dag.py
[2023-06-03T20:40:25.391+0000] {logging_mixin.py:149} INFO - [2023-06-03T20:40:25.391+0000] {dag.py:2726} INFO - Sync 1 DAGs
[2023-06-03T20:40:25.409+0000] {logging_mixin.py:149} INFO - [2023-06-03T20:40:25.409+0000] {dag.py:3490} INFO - Setting next_dagrun for example_skip_dag to 2023-06-02T20:40:25.409049+00:00, run_after=2023-06-03T20:40:25.409049+00:00
[2023-06-03T20:40:25.426+0000] {processor.py:179} INFO - Processing /home/airflow/.local/lib/python3.7/site-packages/airflow/example_dags/example_skip_dag.py took 0.067 seconds
[2023-06-03T20:40:56.385+0000] {processor.py:157} INFO - Started process (PID=7926) to work on /home/airflow/.local/lib/python3.7/site-packages/airflow/example_dags/example_skip_dag.py
[2023-06-03T20:40:56.386+0000] {processor.py:826} INFO - Processing file /home/airflow/.local/lib/python3.7/site-packages/airflow/example_dags/example_skip_dag.py for tasks to queue
[2023-06-03T20:40:56.387+0000] {logging_mixin.py:149} INFO - [2023-06-03T20:40:56.387+0000] {dagbag.py:541} INFO - Filling up the DagBag from /home/airflow/.local/lib/python3.7/site-packages/airflow/example_dags/example_skip_dag.py
[2023-06-03T20:40:56.393+0000] {processor.py:836} INFO - DAG(s) dict_keys(['example_skip_dag']) retrieved from /home/airflow/.local/lib/python3.7/site-packages/airflow/example_dags/example_skip_dag.py
[2023-06-03T20:40:56.412+0000] {logging_mixin.py:149} INFO - [2023-06-03T20:40:56.412+0000] {dag.py:2726} INFO - Sync 1 DAGs
[2023-06-03T20:40:56.432+0000] {logging_mixin.py:149} INFO - [2023-06-03T20:40:56.432+0000] {dag.py:3490} INFO - Setting next_dagrun for example_skip_dag to 2023-06-02T20:40:56.431993+00:00, run_after=2023-06-03T20:40:56.431993+00:00
[2023-06-03T20:40:56.450+0000] {processor.py:179} INFO - Processing /home/airflow/.local/lib/python3.7/site-packages/airflow/example_dags/example_skip_dag.py took 0.067 seconds
[2023-06-03T20:41:26.558+0000] {processor.py:157} INFO - Started process (PID=8178) to work on /home/airflow/.local/lib/python3.7/site-packages/airflow/example_dags/example_skip_dag.py
[2023-06-03T20:41:26.559+0000] {processor.py:826} INFO - Processing file /home/airflow/.local/lib/python3.7/site-packages/airflow/example_dags/example_skip_dag.py for tasks to queue
[2023-06-03T20:41:26.562+0000] {logging_mixin.py:149} INFO - [2023-06-03T20:41:26.562+0000] {dagbag.py:541} INFO - Filling up the DagBag from /home/airflow/.local/lib/python3.7/site-packages/airflow/example_dags/example_skip_dag.py
[2023-06-03T20:41:26.568+0000] {processor.py:836} INFO - DAG(s) dict_keys(['example_skip_dag']) retrieved from /home/airflow/.local/lib/python3.7/site-packages/airflow/example_dags/example_skip_dag.py
[2023-06-03T20:41:26.605+0000] {logging_mixin.py:149} INFO - [2023-06-03T20:41:26.605+0000] {dag.py:2726} INFO - Sync 1 DAGs
[2023-06-03T20:41:26.624+0000] {logging_mixin.py:149} INFO - [2023-06-03T20:41:26.624+0000] {dag.py:3490} INFO - Setting next_dagrun for example_skip_dag to 2023-06-02T20:41:26.624315+00:00, run_after=2023-06-03T20:41:26.624315+00:00
[2023-06-03T20:41:26.641+0000] {processor.py:179} INFO - Processing /home/airflow/.local/lib/python3.7/site-packages/airflow/example_dags/example_skip_dag.py took 0.086 seconds
[2023-06-03T20:41:56.894+0000] {processor.py:157} INFO - Started process (PID=8430) to work on /home/airflow/.local/lib/python3.7/site-packages/airflow/example_dags/example_skip_dag.py
[2023-06-03T20:41:56.894+0000] {processor.py:826} INFO - Processing file /home/airflow/.local/lib/python3.7/site-packages/airflow/example_dags/example_skip_dag.py for tasks to queue
[2023-06-03T20:41:56.895+0000] {logging_mixin.py:149} INFO - [2023-06-03T20:41:56.895+0000] {dagbag.py:541} INFO - Filling up the DagBag from /home/airflow/.local/lib/python3.7/site-packages/airflow/example_dags/example_skip_dag.py
[2023-06-03T20:41:56.900+0000] {processor.py:836} INFO - DAG(s) dict_keys(['example_skip_dag']) retrieved from /home/airflow/.local/lib/python3.7/site-packages/airflow/example_dags/example_skip_dag.py
[2023-06-03T20:41:56.918+0000] {logging_mixin.py:149} INFO - [2023-06-03T20:41:56.918+0000] {dag.py:2726} INFO - Sync 1 DAGs
[2023-06-03T20:41:56.937+0000] {logging_mixin.py:149} INFO - [2023-06-03T20:41:56.937+0000] {dag.py:3490} INFO - Setting next_dagrun for example_skip_dag to 2023-06-02T20:41:56.936821+00:00, run_after=2023-06-03T20:41:56.936821+00:00
[2023-06-03T20:41:56.953+0000] {processor.py:179} INFO - Processing /home/airflow/.local/lib/python3.7/site-packages/airflow/example_dags/example_skip_dag.py took 0.062 seconds
[2023-06-03T20:42:27.120+0000] {processor.py:157} INFO - Started process (PID=8682) to work on /home/airflow/.local/lib/python3.7/site-packages/airflow/example_dags/example_skip_dag.py
[2023-06-03T20:42:27.121+0000] {processor.py:826} INFO - Processing file /home/airflow/.local/lib/python3.7/site-packages/airflow/example_dags/example_skip_dag.py for tasks to queue
[2023-06-03T20:42:27.123+0000] {logging_mixin.py:149} INFO - [2023-06-03T20:42:27.122+0000] {dagbag.py:541} INFO - Filling up the DagBag from /home/airflow/.local/lib/python3.7/site-packages/airflow/example_dags/example_skip_dag.py
[2023-06-03T20:42:27.128+0000] {processor.py:836} INFO - DAG(s) dict_keys(['example_skip_dag']) retrieved from /home/airflow/.local/lib/python3.7/site-packages/airflow/example_dags/example_skip_dag.py
[2023-06-03T20:42:27.147+0000] {logging_mixin.py:149} INFO - [2023-06-03T20:42:27.147+0000] {dag.py:2726} INFO - Sync 1 DAGs
[2023-06-03T20:42:27.164+0000] {logging_mixin.py:149} INFO - [2023-06-03T20:42:27.164+0000] {dag.py:3490} INFO - Setting next_dagrun for example_skip_dag to 2023-06-02T20:42:27.164092+00:00, run_after=2023-06-03T20:42:27.164092+00:00
[2023-06-03T20:42:27.182+0000] {processor.py:179} INFO - Processing /home/airflow/.local/lib/python3.7/site-packages/airflow/example_dags/example_skip_dag.py took 0.064 seconds
[2023-06-03T20:42:57.331+0000] {processor.py:157} INFO - Started process (PID=8936) to work on /home/airflow/.local/lib/python3.7/site-packages/airflow/example_dags/example_skip_dag.py
[2023-06-03T20:42:57.332+0000] {processor.py:826} INFO - Processing file /home/airflow/.local/lib/python3.7/site-packages/airflow/example_dags/example_skip_dag.py for tasks to queue
[2023-06-03T20:42:57.333+0000] {logging_mixin.py:149} INFO - [2023-06-03T20:42:57.333+0000] {dagbag.py:541} INFO - Filling up the DagBag from /home/airflow/.local/lib/python3.7/site-packages/airflow/example_dags/example_skip_dag.py
[2023-06-03T20:42:57.339+0000] {processor.py:836} INFO - DAG(s) dict_keys(['example_skip_dag']) retrieved from /home/airflow/.local/lib/python3.7/site-packages/airflow/example_dags/example_skip_dag.py
[2023-06-03T20:42:57.358+0000] {logging_mixin.py:149} INFO - [2023-06-03T20:42:57.358+0000] {dag.py:2726} INFO - Sync 1 DAGs
[2023-06-03T20:42:57.379+0000] {logging_mixin.py:149} INFO - [2023-06-03T20:42:57.379+0000] {dag.py:3490} INFO - Setting next_dagrun for example_skip_dag to 2023-06-02T20:42:57.378811+00:00, run_after=2023-06-03T20:42:57.378811+00:00
[2023-06-03T20:42:57.398+0000] {processor.py:179} INFO - Processing /home/airflow/.local/lib/python3.7/site-packages/airflow/example_dags/example_skip_dag.py took 0.069 seconds
[2023-06-03T20:43:27.492+0000] {processor.py:157} INFO - Started process (PID=9186) to work on /home/airflow/.local/lib/python3.7/site-packages/airflow/example_dags/example_skip_dag.py
[2023-06-03T20:43:27.494+0000] {processor.py:826} INFO - Processing file /home/airflow/.local/lib/python3.7/site-packages/airflow/example_dags/example_skip_dag.py for tasks to queue
[2023-06-03T20:43:27.495+0000] {logging_mixin.py:149} INFO - [2023-06-03T20:43:27.495+0000] {dagbag.py:541} INFO - Filling up the DagBag from /home/airflow/.local/lib/python3.7/site-packages/airflow/example_dags/example_skip_dag.py
[2023-06-03T20:43:27.501+0000] {processor.py:836} INFO - DAG(s) dict_keys(['example_skip_dag']) retrieved from /home/airflow/.local/lib/python3.7/site-packages/airflow/example_dags/example_skip_dag.py
[2023-06-03T20:43:27.520+0000] {logging_mixin.py:149} INFO - [2023-06-03T20:43:27.520+0000] {dag.py:2726} INFO - Sync 1 DAGs
[2023-06-03T20:43:27.539+0000] {logging_mixin.py:149} INFO - [2023-06-03T20:43:27.539+0000] {dag.py:3490} INFO - Setting next_dagrun for example_skip_dag to 2023-06-02T20:43:27.539499+00:00, run_after=2023-06-03T20:43:27.539499+00:00
[2023-06-03T20:43:27.555+0000] {processor.py:179} INFO - Processing /home/airflow/.local/lib/python3.7/site-packages/airflow/example_dags/example_skip_dag.py took 0.065 seconds
[2023-06-03T20:43:57.831+0000] {processor.py:157} INFO - Started process (PID=9440) to work on /home/airflow/.local/lib/python3.7/site-packages/airflow/example_dags/example_skip_dag.py
[2023-06-03T20:43:57.832+0000] {processor.py:826} INFO - Processing file /home/airflow/.local/lib/python3.7/site-packages/airflow/example_dags/example_skip_dag.py for tasks to queue
[2023-06-03T20:43:57.833+0000] {logging_mixin.py:149} INFO - [2023-06-03T20:43:57.833+0000] {dagbag.py:541} INFO - Filling up the DagBag from /home/airflow/.local/lib/python3.7/site-packages/airflow/example_dags/example_skip_dag.py
[2023-06-03T20:43:57.838+0000] {processor.py:836} INFO - DAG(s) dict_keys(['example_skip_dag']) retrieved from /home/airflow/.local/lib/python3.7/site-packages/airflow/example_dags/example_skip_dag.py
[2023-06-03T20:43:57.856+0000] {logging_mixin.py:149} INFO - [2023-06-03T20:43:57.856+0000] {dag.py:2726} INFO - Sync 1 DAGs
[2023-06-03T20:43:57.873+0000] {logging_mixin.py:149} INFO - [2023-06-03T20:43:57.873+0000] {dag.py:3490} INFO - Setting next_dagrun for example_skip_dag to 2023-06-02T20:43:57.872887+00:00, run_after=2023-06-03T20:43:57.872887+00:00
[2023-06-03T20:43:57.891+0000] {processor.py:179} INFO - Processing /home/airflow/.local/lib/python3.7/site-packages/airflow/example_dags/example_skip_dag.py took 0.062 seconds
[2023-06-03T20:44:28.592+0000] {processor.py:157} INFO - Started process (PID=9692) to work on /home/airflow/.local/lib/python3.7/site-packages/airflow/example_dags/example_skip_dag.py
[2023-06-03T20:44:28.593+0000] {processor.py:826} INFO - Processing file /home/airflow/.local/lib/python3.7/site-packages/airflow/example_dags/example_skip_dag.py for tasks to queue
[2023-06-03T20:44:28.595+0000] {logging_mixin.py:149} INFO - [2023-06-03T20:44:28.595+0000] {dagbag.py:541} INFO - Filling up the DagBag from /home/airflow/.local/lib/python3.7/site-packages/airflow/example_dags/example_skip_dag.py
[2023-06-03T20:44:28.600+0000] {processor.py:836} INFO - DAG(s) dict_keys(['example_skip_dag']) retrieved from /home/airflow/.local/lib/python3.7/site-packages/airflow/example_dags/example_skip_dag.py
[2023-06-03T20:44:28.621+0000] {logging_mixin.py:149} INFO - [2023-06-03T20:44:28.621+0000] {dag.py:2726} INFO - Sync 1 DAGs
[2023-06-03T20:44:28.638+0000] {logging_mixin.py:149} INFO - [2023-06-03T20:44:28.638+0000] {dag.py:3490} INFO - Setting next_dagrun for example_skip_dag to 2023-06-02T20:44:28.638192+00:00, run_after=2023-06-03T20:44:28.638192+00:00
[2023-06-03T20:44:28.655+0000] {processor.py:179} INFO - Processing /home/airflow/.local/lib/python3.7/site-packages/airflow/example_dags/example_skip_dag.py took 0.066 seconds
[2023-06-03T20:44:58.712+0000] {processor.py:157} INFO - Started process (PID=9942) to work on /home/airflow/.local/lib/python3.7/site-packages/airflow/example_dags/example_skip_dag.py
[2023-06-03T20:44:58.713+0000] {processor.py:826} INFO - Processing file /home/airflow/.local/lib/python3.7/site-packages/airflow/example_dags/example_skip_dag.py for tasks to queue
[2023-06-03T20:44:58.714+0000] {logging_mixin.py:149} INFO - [2023-06-03T20:44:58.714+0000] {dagbag.py:541} INFO - Filling up the DagBag from /home/airflow/.local/lib/python3.7/site-packages/airflow/example_dags/example_skip_dag.py
[2023-06-03T20:44:58.719+0000] {processor.py:836} INFO - DAG(s) dict_keys(['example_skip_dag']) retrieved from /home/airflow/.local/lib/python3.7/site-packages/airflow/example_dags/example_skip_dag.py
[2023-06-03T20:44:58.737+0000] {logging_mixin.py:149} INFO - [2023-06-03T20:44:58.736+0000] {dag.py:2726} INFO - Sync 1 DAGs
[2023-06-03T20:44:58.755+0000] {logging_mixin.py:149} INFO - [2023-06-03T20:44:58.755+0000] {dag.py:3490} INFO - Setting next_dagrun for example_skip_dag to 2023-06-02T20:44:58.755071+00:00, run_after=2023-06-03T20:44:58.755071+00:00
[2023-06-03T20:44:58.773+0000] {processor.py:179} INFO - Processing /home/airflow/.local/lib/python3.7/site-packages/airflow/example_dags/example_skip_dag.py took 0.063 seconds
[2023-06-03T20:45:29.416+0000] {processor.py:157} INFO - Started process (PID=10194) to work on /home/airflow/.local/lib/python3.7/site-packages/airflow/example_dags/example_skip_dag.py
[2023-06-03T20:45:29.417+0000] {processor.py:826} INFO - Processing file /home/airflow/.local/lib/python3.7/site-packages/airflow/example_dags/example_skip_dag.py for tasks to queue
[2023-06-03T20:45:29.419+0000] {logging_mixin.py:149} INFO - [2023-06-03T20:45:29.419+0000] {dagbag.py:541} INFO - Filling up the DagBag from /home/airflow/.local/lib/python3.7/site-packages/airflow/example_dags/example_skip_dag.py
[2023-06-03T20:45:29.425+0000] {processor.py:836} INFO - DAG(s) dict_keys(['example_skip_dag']) retrieved from /home/airflow/.local/lib/python3.7/site-packages/airflow/example_dags/example_skip_dag.py
[2023-06-03T20:45:29.443+0000] {logging_mixin.py:149} INFO - [2023-06-03T20:45:29.442+0000] {dag.py:2726} INFO - Sync 1 DAGs
[2023-06-03T20:45:29.459+0000] {logging_mixin.py:149} INFO - [2023-06-03T20:45:29.459+0000] {dag.py:3490} INFO - Setting next_dagrun for example_skip_dag to 2023-06-02T20:45:29.459378+00:00, run_after=2023-06-03T20:45:29.459378+00:00
[2023-06-03T20:45:29.478+0000] {processor.py:179} INFO - Processing /home/airflow/.local/lib/python3.7/site-packages/airflow/example_dags/example_skip_dag.py took 0.064 seconds
[2023-06-03T20:45:59.626+0000] {processor.py:157} INFO - Started process (PID=10448) to work on /home/airflow/.local/lib/python3.7/site-packages/airflow/example_dags/example_skip_dag.py
[2023-06-03T20:45:59.627+0000] {processor.py:826} INFO - Processing file /home/airflow/.local/lib/python3.7/site-packages/airflow/example_dags/example_skip_dag.py for tasks to queue
[2023-06-03T20:45:59.628+0000] {logging_mixin.py:149} INFO - [2023-06-03T20:45:59.628+0000] {dagbag.py:541} INFO - Filling up the DagBag from /home/airflow/.local/lib/python3.7/site-packages/airflow/example_dags/example_skip_dag.py
[2023-06-03T20:45:59.633+0000] {processor.py:836} INFO - DAG(s) dict_keys(['example_skip_dag']) retrieved from /home/airflow/.local/lib/python3.7/site-packages/airflow/example_dags/example_skip_dag.py
[2023-06-03T20:45:59.650+0000] {logging_mixin.py:149} INFO - [2023-06-03T20:45:59.650+0000] {dag.py:2726} INFO - Sync 1 DAGs
[2023-06-03T20:45:59.668+0000] {logging_mixin.py:149} INFO - [2023-06-03T20:45:59.667+0000] {dag.py:3490} INFO - Setting next_dagrun for example_skip_dag to 2023-06-02T20:45:59.667734+00:00, run_after=2023-06-03T20:45:59.667734+00:00
[2023-06-03T20:45:59.683+0000] {processor.py:179} INFO - Processing /home/airflow/.local/lib/python3.7/site-packages/airflow/example_dags/example_skip_dag.py took 0.060 seconds
[2023-06-03T20:46:29.853+0000] {processor.py:157} INFO - Started process (PID=10698) to work on /home/airflow/.local/lib/python3.7/site-packages/airflow/example_dags/example_skip_dag.py
[2023-06-03T20:46:29.854+0000] {processor.py:826} INFO - Processing file /home/airflow/.local/lib/python3.7/site-packages/airflow/example_dags/example_skip_dag.py for tasks to queue
[2023-06-03T20:46:29.856+0000] {logging_mixin.py:149} INFO - [2023-06-03T20:46:29.855+0000] {dagbag.py:541} INFO - Filling up the DagBag from /home/airflow/.local/lib/python3.7/site-packages/airflow/example_dags/example_skip_dag.py
[2023-06-03T20:46:29.862+0000] {processor.py:836} INFO - DAG(s) dict_keys(['example_skip_dag']) retrieved from /home/airflow/.local/lib/python3.7/site-packages/airflow/example_dags/example_skip_dag.py
[2023-06-03T20:46:29.880+0000] {logging_mixin.py:149} INFO - [2023-06-03T20:46:29.880+0000] {dag.py:2726} INFO - Sync 1 DAGs
[2023-06-03T20:46:29.899+0000] {logging_mixin.py:149} INFO - [2023-06-03T20:46:29.898+0000] {dag.py:3490} INFO - Setting next_dagrun for example_skip_dag to 2023-06-02T20:46:29.898715+00:00, run_after=2023-06-03T20:46:29.898715+00:00
[2023-06-03T20:46:29.915+0000] {processor.py:179} INFO - Processing /home/airflow/.local/lib/python3.7/site-packages/airflow/example_dags/example_skip_dag.py took 0.064 seconds
[2023-06-03T20:47:00.280+0000] {processor.py:157} INFO - Started process (PID=10950) to work on /home/airflow/.local/lib/python3.7/site-packages/airflow/example_dags/example_skip_dag.py
[2023-06-03T20:47:00.281+0000] {processor.py:826} INFO - Processing file /home/airflow/.local/lib/python3.7/site-packages/airflow/example_dags/example_skip_dag.py for tasks to queue
[2023-06-03T20:47:00.282+0000] {logging_mixin.py:149} INFO - [2023-06-03T20:47:00.282+0000] {dagbag.py:541} INFO - Filling up the DagBag from /home/airflow/.local/lib/python3.7/site-packages/airflow/example_dags/example_skip_dag.py
[2023-06-03T20:47:00.287+0000] {processor.py:836} INFO - DAG(s) dict_keys(['example_skip_dag']) retrieved from /home/airflow/.local/lib/python3.7/site-packages/airflow/example_dags/example_skip_dag.py
[2023-06-03T20:47:00.305+0000] {logging_mixin.py:149} INFO - [2023-06-03T20:47:00.305+0000] {dag.py:2726} INFO - Sync 1 DAGs
[2023-06-03T20:47:00.323+0000] {logging_mixin.py:149} INFO - [2023-06-03T20:47:00.323+0000] {dag.py:3490} INFO - Setting next_dagrun for example_skip_dag to 2023-06-02T20:47:00.323214+00:00, run_after=2023-06-03T20:47:00.323214+00:00
[2023-06-03T20:47:00.340+0000] {processor.py:179} INFO - Processing /home/airflow/.local/lib/python3.7/site-packages/airflow/example_dags/example_skip_dag.py took 0.063 seconds
[2023-06-03T20:47:30.500+0000] {processor.py:157} INFO - Started process (PID=11202) to work on /home/airflow/.local/lib/python3.7/site-packages/airflow/example_dags/example_skip_dag.py
[2023-06-03T20:47:30.501+0000] {processor.py:826} INFO - Processing file /home/airflow/.local/lib/python3.7/site-packages/airflow/example_dags/example_skip_dag.py for tasks to queue
[2023-06-03T20:47:30.502+0000] {logging_mixin.py:149} INFO - [2023-06-03T20:47:30.502+0000] {dagbag.py:541} INFO - Filling up the DagBag from /home/airflow/.local/lib/python3.7/site-packages/airflow/example_dags/example_skip_dag.py
[2023-06-03T20:47:30.507+0000] {processor.py:836} INFO - DAG(s) dict_keys(['example_skip_dag']) retrieved from /home/airflow/.local/lib/python3.7/site-packages/airflow/example_dags/example_skip_dag.py
[2023-06-03T20:47:30.525+0000] {logging_mixin.py:149} INFO - [2023-06-03T20:47:30.525+0000] {dag.py:2726} INFO - Sync 1 DAGs
[2023-06-03T20:47:30.542+0000] {logging_mixin.py:149} INFO - [2023-06-03T20:47:30.542+0000] {dag.py:3490} INFO - Setting next_dagrun for example_skip_dag to 2023-06-02T20:47:30.542542+00:00, run_after=2023-06-03T20:47:30.542542+00:00
[2023-06-03T20:47:30.561+0000] {processor.py:179} INFO - Processing /home/airflow/.local/lib/python3.7/site-packages/airflow/example_dags/example_skip_dag.py took 0.063 seconds
[2023-06-03T20:48:00.678+0000] {processor.py:157} INFO - Started process (PID=11454) to work on /home/airflow/.local/lib/python3.7/site-packages/airflow/example_dags/example_skip_dag.py
[2023-06-03T20:48:00.679+0000] {processor.py:826} INFO - Processing file /home/airflow/.local/lib/python3.7/site-packages/airflow/example_dags/example_skip_dag.py for tasks to queue
[2023-06-03T20:48:00.680+0000] {logging_mixin.py:149} INFO - [2023-06-03T20:48:00.680+0000] {dagbag.py:541} INFO - Filling up the DagBag from /home/airflow/.local/lib/python3.7/site-packages/airflow/example_dags/example_skip_dag.py
[2023-06-03T20:48:00.686+0000] {processor.py:836} INFO - DAG(s) dict_keys(['example_skip_dag']) retrieved from /home/airflow/.local/lib/python3.7/site-packages/airflow/example_dags/example_skip_dag.py
[2023-06-03T20:48:00.703+0000] {logging_mixin.py:149} INFO - [2023-06-03T20:48:00.703+0000] {dag.py:2726} INFO - Sync 1 DAGs
[2023-06-03T20:48:00.720+0000] {logging_mixin.py:149} INFO - [2023-06-03T20:48:00.720+0000] {dag.py:3490} INFO - Setting next_dagrun for example_skip_dag to 2023-06-02T20:48:00.720270+00:00, run_after=2023-06-03T20:48:00.720270+00:00
[2023-06-03T20:48:00.737+0000] {processor.py:179} INFO - Processing /home/airflow/.local/lib/python3.7/site-packages/airflow/example_dags/example_skip_dag.py took 0.062 seconds
[2023-06-03T20:48:31.177+0000] {processor.py:157} INFO - Started process (PID=11708) to work on /home/airflow/.local/lib/python3.7/site-packages/airflow/example_dags/example_skip_dag.py
[2023-06-03T20:48:31.178+0000] {processor.py:826} INFO - Processing file /home/airflow/.local/lib/python3.7/site-packages/airflow/example_dags/example_skip_dag.py for tasks to queue
[2023-06-03T20:48:31.179+0000] {logging_mixin.py:149} INFO - [2023-06-03T20:48:31.179+0000] {dagbag.py:541} INFO - Filling up the DagBag from /home/airflow/.local/lib/python3.7/site-packages/airflow/example_dags/example_skip_dag.py
[2023-06-03T20:48:31.187+0000] {processor.py:836} INFO - DAG(s) dict_keys(['example_skip_dag']) retrieved from /home/airflow/.local/lib/python3.7/site-packages/airflow/example_dags/example_skip_dag.py
[2023-06-03T20:48:31.207+0000] {logging_mixin.py:149} INFO - [2023-06-03T20:48:31.207+0000] {dag.py:2726} INFO - Sync 1 DAGs
[2023-06-03T20:48:31.226+0000] {logging_mixin.py:149} INFO - [2023-06-03T20:48:31.226+0000] {dag.py:3490} INFO - Setting next_dagrun for example_skip_dag to 2023-06-02T20:48:31.226426+00:00, run_after=2023-06-03T20:48:31.226426+00:00
[2023-06-03T20:48:31.244+0000] {processor.py:179} INFO - Processing /home/airflow/.local/lib/python3.7/site-packages/airflow/example_dags/example_skip_dag.py took 0.072 seconds
[2023-06-03T20:49:01.437+0000] {processor.py:157} INFO - Started process (PID=11958) to work on /home/airflow/.local/lib/python3.7/site-packages/airflow/example_dags/example_skip_dag.py
[2023-06-03T20:49:01.439+0000] {processor.py:826} INFO - Processing file /home/airflow/.local/lib/python3.7/site-packages/airflow/example_dags/example_skip_dag.py for tasks to queue
[2023-06-03T20:49:01.441+0000] {logging_mixin.py:149} INFO - [2023-06-03T20:49:01.441+0000] {dagbag.py:541} INFO - Filling up the DagBag from /home/airflow/.local/lib/python3.7/site-packages/airflow/example_dags/example_skip_dag.py
[2023-06-03T20:49:01.447+0000] {processor.py:836} INFO - DAG(s) dict_keys(['example_skip_dag']) retrieved from /home/airflow/.local/lib/python3.7/site-packages/airflow/example_dags/example_skip_dag.py
[2023-06-03T20:49:01.465+0000] {logging_mixin.py:149} INFO - [2023-06-03T20:49:01.465+0000] {dag.py:2726} INFO - Sync 1 DAGs
[2023-06-03T20:49:01.483+0000] {logging_mixin.py:149} INFO - [2023-06-03T20:49:01.482+0000] {dag.py:3490} INFO - Setting next_dagrun for example_skip_dag to 2023-06-02T20:49:01.482753+00:00, run_after=2023-06-03T20:49:01.482753+00:00
[2023-06-03T20:49:01.499+0000] {processor.py:179} INFO - Processing /home/airflow/.local/lib/python3.7/site-packages/airflow/example_dags/example_skip_dag.py took 0.064 seconds
[2023-06-03T20:49:31.785+0000] {processor.py:157} INFO - Started process (PID=12210) to work on /home/airflow/.local/lib/python3.7/site-packages/airflow/example_dags/example_skip_dag.py
[2023-06-03T20:49:31.787+0000] {processor.py:826} INFO - Processing file /home/airflow/.local/lib/python3.7/site-packages/airflow/example_dags/example_skip_dag.py for tasks to queue
[2023-06-03T20:49:31.788+0000] {logging_mixin.py:149} INFO - [2023-06-03T20:49:31.788+0000] {dagbag.py:541} INFO - Filling up the DagBag from /home/airflow/.local/lib/python3.7/site-packages/airflow/example_dags/example_skip_dag.py
[2023-06-03T20:49:31.793+0000] {processor.py:836} INFO - DAG(s) dict_keys(['example_skip_dag']) retrieved from /home/airflow/.local/lib/python3.7/site-packages/airflow/example_dags/example_skip_dag.py
[2023-06-03T20:49:31.810+0000] {logging_mixin.py:149} INFO - [2023-06-03T20:49:31.810+0000] {dag.py:2726} INFO - Sync 1 DAGs
[2023-06-03T20:49:31.828+0000] {logging_mixin.py:149} INFO - [2023-06-03T20:49:31.827+0000] {dag.py:3490} INFO - Setting next_dagrun for example_skip_dag to 2023-06-02T20:49:31.827751+00:00, run_after=2023-06-03T20:49:31.827751+00:00
[2023-06-03T20:49:31.844+0000] {processor.py:179} INFO - Processing /home/airflow/.local/lib/python3.7/site-packages/airflow/example_dags/example_skip_dag.py took 0.060 seconds
[2023-06-03T20:50:02.515+0000] {processor.py:157} INFO - Started process (PID=12464) to work on /home/airflow/.local/lib/python3.7/site-packages/airflow/example_dags/example_skip_dag.py
[2023-06-03T20:50:02.516+0000] {processor.py:826} INFO - Processing file /home/airflow/.local/lib/python3.7/site-packages/airflow/example_dags/example_skip_dag.py for tasks to queue
[2023-06-03T20:50:02.517+0000] {logging_mixin.py:149} INFO - [2023-06-03T20:50:02.517+0000] {dagbag.py:541} INFO - Filling up the DagBag from /home/airflow/.local/lib/python3.7/site-packages/airflow/example_dags/example_skip_dag.py
[2023-06-03T20:50:02.522+0000] {processor.py:836} INFO - DAG(s) dict_keys(['example_skip_dag']) retrieved from /home/airflow/.local/lib/python3.7/site-packages/airflow/example_dags/example_skip_dag.py
[2023-06-03T20:50:02.540+0000] {logging_mixin.py:149} INFO - [2023-06-03T20:50:02.539+0000] {dag.py:2726} INFO - Sync 1 DAGs
[2023-06-03T20:50:02.557+0000] {logging_mixin.py:149} INFO - [2023-06-03T20:50:02.557+0000] {dag.py:3490} INFO - Setting next_dagrun for example_skip_dag to 2023-06-02T20:50:02.556878+00:00, run_after=2023-06-03T20:50:02.556878+00:00
[2023-06-03T20:50:02.574+0000] {processor.py:179} INFO - Processing /home/airflow/.local/lib/python3.7/site-packages/airflow/example_dags/example_skip_dag.py took 0.062 seconds
[2023-06-03T20:50:32.653+0000] {processor.py:157} INFO - Started process (PID=12714) to work on /home/airflow/.local/lib/python3.7/site-packages/airflow/example_dags/example_skip_dag.py
[2023-06-03T20:50:32.654+0000] {processor.py:826} INFO - Processing file /home/airflow/.local/lib/python3.7/site-packages/airflow/example_dags/example_skip_dag.py for tasks to queue
[2023-06-03T20:50:32.655+0000] {logging_mixin.py:149} INFO - [2023-06-03T20:50:32.655+0000] {dagbag.py:541} INFO - Filling up the DagBag from /home/airflow/.local/lib/python3.7/site-packages/airflow/example_dags/example_skip_dag.py
[2023-06-03T20:50:32.661+0000] {processor.py:836} INFO - DAG(s) dict_keys(['example_skip_dag']) retrieved from /home/airflow/.local/lib/python3.7/site-packages/airflow/example_dags/example_skip_dag.py
[2023-06-03T20:50:32.678+0000] {logging_mixin.py:149} INFO - [2023-06-03T20:50:32.678+0000] {dag.py:2726} INFO - Sync 1 DAGs
[2023-06-03T20:50:32.695+0000] {logging_mixin.py:149} INFO - [2023-06-03T20:50:32.694+0000] {dag.py:3490} INFO - Setting next_dagrun for example_skip_dag to 2023-06-02T20:50:32.694759+00:00, run_after=2023-06-03T20:50:32.694759+00:00
[2023-06-03T20:50:32.710+0000] {processor.py:179} INFO - Processing /home/airflow/.local/lib/python3.7/site-packages/airflow/example_dags/example_skip_dag.py took 0.059 seconds
[2023-06-03T20:51:03.107+0000] {processor.py:157} INFO - Started process (PID=12967) to work on /home/airflow/.local/lib/python3.7/site-packages/airflow/example_dags/example_skip_dag.py
[2023-06-03T20:51:03.109+0000] {processor.py:826} INFO - Processing file /home/airflow/.local/lib/python3.7/site-packages/airflow/example_dags/example_skip_dag.py for tasks to queue
[2023-06-03T20:51:03.110+0000] {logging_mixin.py:149} INFO - [2023-06-03T20:51:03.110+0000] {dagbag.py:541} INFO - Filling up the DagBag from /home/airflow/.local/lib/python3.7/site-packages/airflow/example_dags/example_skip_dag.py
[2023-06-03T20:51:03.115+0000] {processor.py:836} INFO - DAG(s) dict_keys(['example_skip_dag']) retrieved from /home/airflow/.local/lib/python3.7/site-packages/airflow/example_dags/example_skip_dag.py
[2023-06-03T20:51:03.132+0000] {logging_mixin.py:149} INFO - [2023-06-03T20:51:03.132+0000] {dag.py:2726} INFO - Sync 1 DAGs
[2023-06-03T20:51:03.150+0000] {logging_mixin.py:149} INFO - [2023-06-03T20:51:03.149+0000] {dag.py:3490} INFO - Setting next_dagrun for example_skip_dag to 2023-06-02T20:51:03.149799+00:00, run_after=2023-06-03T20:51:03.149799+00:00
[2023-06-03T20:51:03.168+0000] {processor.py:179} INFO - Processing /home/airflow/.local/lib/python3.7/site-packages/airflow/example_dags/example_skip_dag.py took 0.062 seconds
[2023-06-03T20:51:33.899+0000] {processor.py:157} INFO - Started process (PID=13194) to work on /home/airflow/.local/lib/python3.7/site-packages/airflow/example_dags/example_skip_dag.py
[2023-06-03T20:51:33.900+0000] {processor.py:826} INFO - Processing file /home/airflow/.local/lib/python3.7/site-packages/airflow/example_dags/example_skip_dag.py for tasks to queue
[2023-06-03T20:51:33.901+0000] {logging_mixin.py:149} INFO - [2023-06-03T20:51:33.901+0000] {dagbag.py:541} INFO - Filling up the DagBag from /home/airflow/.local/lib/python3.7/site-packages/airflow/example_dags/example_skip_dag.py
[2023-06-03T20:51:33.906+0000] {processor.py:836} INFO - DAG(s) dict_keys(['example_skip_dag']) retrieved from /home/airflow/.local/lib/python3.7/site-packages/airflow/example_dags/example_skip_dag.py
[2023-06-03T20:51:33.925+0000] {logging_mixin.py:149} INFO - [2023-06-03T20:51:33.925+0000] {dag.py:2726} INFO - Sync 1 DAGs
[2023-06-03T20:51:33.943+0000] {logging_mixin.py:149} INFO - [2023-06-03T20:51:33.943+0000] {dag.py:3490} INFO - Setting next_dagrun for example_skip_dag to 2023-06-02T20:51:33.942923+00:00, run_after=2023-06-03T20:51:33.942923+00:00
[2023-06-03T20:51:33.961+0000] {processor.py:179} INFO - Processing /home/airflow/.local/lib/python3.7/site-packages/airflow/example_dags/example_skip_dag.py took 0.065 seconds
[2023-06-03T20:52:04.043+0000] {processor.py:157} INFO - Started process (PID=13446) to work on /home/airflow/.local/lib/python3.7/site-packages/airflow/example_dags/example_skip_dag.py
[2023-06-03T20:52:04.044+0000] {processor.py:826} INFO - Processing file /home/airflow/.local/lib/python3.7/site-packages/airflow/example_dags/example_skip_dag.py for tasks to queue
[2023-06-03T20:52:04.046+0000] {logging_mixin.py:149} INFO - [2023-06-03T20:52:04.045+0000] {dagbag.py:541} INFO - Filling up the DagBag from /home/airflow/.local/lib/python3.7/site-packages/airflow/example_dags/example_skip_dag.py
[2023-06-03T20:52:04.052+0000] {processor.py:836} INFO - DAG(s) dict_keys(['example_skip_dag']) retrieved from /home/airflow/.local/lib/python3.7/site-packages/airflow/example_dags/example_skip_dag.py
[2023-06-03T20:52:04.069+0000] {logging_mixin.py:149} INFO - [2023-06-03T20:52:04.069+0000] {dag.py:2726} INFO - Sync 1 DAGs
[2023-06-03T20:52:04.087+0000] {logging_mixin.py:149} INFO - [2023-06-03T20:52:04.086+0000] {dag.py:3490} INFO - Setting next_dagrun for example_skip_dag to 2023-06-02T20:52:04.086757+00:00, run_after=2023-06-03T20:52:04.086757+00:00
[2023-06-03T20:52:04.106+0000] {processor.py:179} INFO - Processing /home/airflow/.local/lib/python3.7/site-packages/airflow/example_dags/example_skip_dag.py took 0.065 seconds
[2023-06-03T20:52:34.731+0000] {processor.py:157} INFO - Started process (PID=13698) to work on /home/airflow/.local/lib/python3.7/site-packages/airflow/example_dags/example_skip_dag.py
[2023-06-03T20:52:34.733+0000] {processor.py:826} INFO - Processing file /home/airflow/.local/lib/python3.7/site-packages/airflow/example_dags/example_skip_dag.py for tasks to queue
[2023-06-03T20:52:34.734+0000] {logging_mixin.py:149} INFO - [2023-06-03T20:52:34.734+0000] {dagbag.py:541} INFO - Filling up the DagBag from /home/airflow/.local/lib/python3.7/site-packages/airflow/example_dags/example_skip_dag.py
[2023-06-03T20:52:34.739+0000] {processor.py:836} INFO - DAG(s) dict_keys(['example_skip_dag']) retrieved from /home/airflow/.local/lib/python3.7/site-packages/airflow/example_dags/example_skip_dag.py
[2023-06-03T20:52:34.758+0000] {logging_mixin.py:149} INFO - [2023-06-03T20:52:34.757+0000] {dag.py:2726} INFO - Sync 1 DAGs
[2023-06-03T20:52:34.775+0000] {logging_mixin.py:149} INFO - [2023-06-03T20:52:34.775+0000] {dag.py:3490} INFO - Setting next_dagrun for example_skip_dag to 2023-06-02T20:52:34.775130+00:00, run_after=2023-06-03T20:52:34.775130+00:00
[2023-06-03T20:52:34.791+0000] {processor.py:179} INFO - Processing /home/airflow/.local/lib/python3.7/site-packages/airflow/example_dags/example_skip_dag.py took 0.062 seconds
[2023-06-03T20:53:04.935+0000] {processor.py:157} INFO - Started process (PID=13950) to work on /home/airflow/.local/lib/python3.7/site-packages/airflow/example_dags/example_skip_dag.py
[2023-06-03T20:53:04.936+0000] {processor.py:826} INFO - Processing file /home/airflow/.local/lib/python3.7/site-packages/airflow/example_dags/example_skip_dag.py for tasks to queue
[2023-06-03T20:53:04.937+0000] {logging_mixin.py:149} INFO - [2023-06-03T20:53:04.937+0000] {dagbag.py:541} INFO - Filling up the DagBag from /home/airflow/.local/lib/python3.7/site-packages/airflow/example_dags/example_skip_dag.py
[2023-06-03T20:53:04.943+0000] {processor.py:836} INFO - DAG(s) dict_keys(['example_skip_dag']) retrieved from /home/airflow/.local/lib/python3.7/site-packages/airflow/example_dags/example_skip_dag.py
[2023-06-03T20:53:04.963+0000] {logging_mixin.py:149} INFO - [2023-06-03T20:53:04.963+0000] {dag.py:2726} INFO - Sync 1 DAGs
[2023-06-03T20:53:04.982+0000] {logging_mixin.py:149} INFO - [2023-06-03T20:53:04.982+0000] {dag.py:3490} INFO - Setting next_dagrun for example_skip_dag to 2023-06-02T20:53:04.982249+00:00, run_after=2023-06-03T20:53:04.982249+00:00
[2023-06-03T20:53:05.000+0000] {processor.py:179} INFO - Processing /home/airflow/.local/lib/python3.7/site-packages/airflow/example_dags/example_skip_dag.py took 0.067 seconds
[2023-06-03T20:53:35.315+0000] {processor.py:157} INFO - Started process (PID=14204) to work on /home/airflow/.local/lib/python3.7/site-packages/airflow/example_dags/example_skip_dag.py
[2023-06-03T20:53:35.317+0000] {processor.py:826} INFO - Processing file /home/airflow/.local/lib/python3.7/site-packages/airflow/example_dags/example_skip_dag.py for tasks to queue
[2023-06-03T20:53:35.318+0000] {logging_mixin.py:149} INFO - [2023-06-03T20:53:35.318+0000] {dagbag.py:541} INFO - Filling up the DagBag from /home/airflow/.local/lib/python3.7/site-packages/airflow/example_dags/example_skip_dag.py
[2023-06-03T20:53:35.323+0000] {processor.py:836} INFO - DAG(s) dict_keys(['example_skip_dag']) retrieved from /home/airflow/.local/lib/python3.7/site-packages/airflow/example_dags/example_skip_dag.py
[2023-06-03T20:53:35.341+0000] {logging_mixin.py:149} INFO - [2023-06-03T20:53:35.341+0000] {dag.py:2726} INFO - Sync 1 DAGs
[2023-06-03T20:53:35.360+0000] {logging_mixin.py:149} INFO - [2023-06-03T20:53:35.360+0000] {dag.py:3490} INFO - Setting next_dagrun for example_skip_dag to 2023-06-02T20:53:35.360028+00:00, run_after=2023-06-03T20:53:35.360028+00:00
[2023-06-03T20:53:35.377+0000] {processor.py:179} INFO - Processing /home/airflow/.local/lib/python3.7/site-packages/airflow/example_dags/example_skip_dag.py took 0.063 seconds
[2023-06-03T20:54:05.499+0000] {processor.py:157} INFO - Started process (PID=14454) to work on /home/airflow/.local/lib/python3.7/site-packages/airflow/example_dags/example_skip_dag.py
[2023-06-03T20:54:05.501+0000] {processor.py:826} INFO - Processing file /home/airflow/.local/lib/python3.7/site-packages/airflow/example_dags/example_skip_dag.py for tasks to queue
[2023-06-03T20:54:05.503+0000] {logging_mixin.py:149} INFO - [2023-06-03T20:54:05.503+0000] {dagbag.py:541} INFO - Filling up the DagBag from /home/airflow/.local/lib/python3.7/site-packages/airflow/example_dags/example_skip_dag.py
[2023-06-03T20:54:05.512+0000] {processor.py:836} INFO - DAG(s) dict_keys(['example_skip_dag']) retrieved from /home/airflow/.local/lib/python3.7/site-packages/airflow/example_dags/example_skip_dag.py
[2023-06-03T20:54:05.534+0000] {logging_mixin.py:149} INFO - [2023-06-03T20:54:05.534+0000] {dag.py:2726} INFO - Sync 1 DAGs
[2023-06-03T20:54:05.560+0000] {logging_mixin.py:149} INFO - [2023-06-03T20:54:05.560+0000] {dag.py:3490} INFO - Setting next_dagrun for example_skip_dag to 2023-06-02T20:54:05.559878+00:00, run_after=2023-06-03T20:54:05.559878+00:00
[2023-06-03T20:54:05.590+0000] {processor.py:179} INFO - Processing /home/airflow/.local/lib/python3.7/site-packages/airflow/example_dags/example_skip_dag.py took 0.096 seconds
[2023-06-03T20:54:35.692+0000] {processor.py:157} INFO - Started process (PID=14706) to work on /home/airflow/.local/lib/python3.7/site-packages/airflow/example_dags/example_skip_dag.py
[2023-06-03T20:54:35.693+0000] {processor.py:826} INFO - Processing file /home/airflow/.local/lib/python3.7/site-packages/airflow/example_dags/example_skip_dag.py for tasks to queue
[2023-06-03T20:54:35.694+0000] {logging_mixin.py:149} INFO - [2023-06-03T20:54:35.694+0000] {dagbag.py:541} INFO - Filling up the DagBag from /home/airflow/.local/lib/python3.7/site-packages/airflow/example_dags/example_skip_dag.py
[2023-06-03T20:54:35.700+0000] {processor.py:836} INFO - DAG(s) dict_keys(['example_skip_dag']) retrieved from /home/airflow/.local/lib/python3.7/site-packages/airflow/example_dags/example_skip_dag.py
[2023-06-03T20:54:35.718+0000] {logging_mixin.py:149} INFO - [2023-06-03T20:54:35.718+0000] {dag.py:2726} INFO - Sync 1 DAGs
[2023-06-03T20:54:35.738+0000] {logging_mixin.py:149} INFO - [2023-06-03T20:54:35.738+0000] {dag.py:3490} INFO - Setting next_dagrun for example_skip_dag to 2023-06-02T20:54:35.737983+00:00, run_after=2023-06-03T20:54:35.737983+00:00
[2023-06-03T20:54:35.754+0000] {processor.py:179} INFO - Processing /home/airflow/.local/lib/python3.7/site-packages/airflow/example_dags/example_skip_dag.py took 0.064 seconds
[2023-06-03T20:55:06.046+0000] {processor.py:157} INFO - Started process (PID=14958) to work on /home/airflow/.local/lib/python3.7/site-packages/airflow/example_dags/example_skip_dag.py
[2023-06-03T20:55:06.047+0000] {processor.py:826} INFO - Processing file /home/airflow/.local/lib/python3.7/site-packages/airflow/example_dags/example_skip_dag.py for tasks to queue
[2023-06-03T20:55:06.047+0000] {logging_mixin.py:149} INFO - [2023-06-03T20:55:06.047+0000] {dagbag.py:541} INFO - Filling up the DagBag from /home/airflow/.local/lib/python3.7/site-packages/airflow/example_dags/example_skip_dag.py
[2023-06-03T20:55:06.053+0000] {processor.py:836} INFO - DAG(s) dict_keys(['example_skip_dag']) retrieved from /home/airflow/.local/lib/python3.7/site-packages/airflow/example_dags/example_skip_dag.py
[2023-06-03T20:55:06.070+0000] {logging_mixin.py:149} INFO - [2023-06-03T20:55:06.070+0000] {dag.py:2726} INFO - Sync 1 DAGs
[2023-06-03T20:55:06.088+0000] {logging_mixin.py:149} INFO - [2023-06-03T20:55:06.087+0000] {dag.py:3490} INFO - Setting next_dagrun for example_skip_dag to 2023-06-02T20:55:06.087788+00:00, run_after=2023-06-03T20:55:06.087788+00:00
[2023-06-03T20:55:06.105+0000] {processor.py:179} INFO - Processing /home/airflow/.local/lib/python3.7/site-packages/airflow/example_dags/example_skip_dag.py took 0.062 seconds
[2023-06-03T20:55:36.227+0000] {processor.py:157} INFO - Started process (PID=15210) to work on /home/airflow/.local/lib/python3.7/site-packages/airflow/example_dags/example_skip_dag.py
[2023-06-03T20:55:36.229+0000] {processor.py:826} INFO - Processing file /home/airflow/.local/lib/python3.7/site-packages/airflow/example_dags/example_skip_dag.py for tasks to queue
[2023-06-03T20:55:36.231+0000] {logging_mixin.py:149} INFO - [2023-06-03T20:55:36.231+0000] {dagbag.py:541} INFO - Filling up the DagBag from /home/airflow/.local/lib/python3.7/site-packages/airflow/example_dags/example_skip_dag.py
[2023-06-03T20:55:36.237+0000] {processor.py:836} INFO - DAG(s) dict_keys(['example_skip_dag']) retrieved from /home/airflow/.local/lib/python3.7/site-packages/airflow/example_dags/example_skip_dag.py
[2023-06-03T20:55:36.256+0000] {logging_mixin.py:149} INFO - [2023-06-03T20:55:36.256+0000] {dag.py:2726} INFO - Sync 1 DAGs
[2023-06-03T20:55:36.276+0000] {logging_mixin.py:149} INFO - [2023-06-03T20:55:36.276+0000] {dag.py:3490} INFO - Setting next_dagrun for example_skip_dag to 2023-06-02T20:55:36.276412+00:00, run_after=2023-06-03T20:55:36.276412+00:00
[2023-06-03T20:55:36.303+0000] {processor.py:179} INFO - Processing /home/airflow/.local/lib/python3.7/site-packages/airflow/example_dags/example_skip_dag.py took 0.079 seconds
[2023-06-03T20:56:07.169+0000] {processor.py:157} INFO - Started process (PID=15462) to work on /home/airflow/.local/lib/python3.7/site-packages/airflow/example_dags/example_skip_dag.py
[2023-06-03T20:56:07.170+0000] {processor.py:826} INFO - Processing file /home/airflow/.local/lib/python3.7/site-packages/airflow/example_dags/example_skip_dag.py for tasks to queue
[2023-06-03T20:56:07.172+0000] {logging_mixin.py:149} INFO - [2023-06-03T20:56:07.172+0000] {dagbag.py:541} INFO - Filling up the DagBag from /home/airflow/.local/lib/python3.7/site-packages/airflow/example_dags/example_skip_dag.py
[2023-06-03T20:56:07.177+0000] {processor.py:836} INFO - DAG(s) dict_keys(['example_skip_dag']) retrieved from /home/airflow/.local/lib/python3.7/site-packages/airflow/example_dags/example_skip_dag.py
[2023-06-03T20:56:07.196+0000] {logging_mixin.py:149} INFO - [2023-06-03T20:56:07.196+0000] {dag.py:2726} INFO - Sync 1 DAGs
[2023-06-03T20:56:07.214+0000] {logging_mixin.py:149} INFO - [2023-06-03T20:56:07.213+0000] {dag.py:3490} INFO - Setting next_dagrun for example_skip_dag to 2023-06-02T20:56:07.213713+00:00, run_after=2023-06-03T20:56:07.213713+00:00
[2023-06-03T20:56:07.232+0000] {processor.py:179} INFO - Processing /home/airflow/.local/lib/python3.7/site-packages/airflow/example_dags/example_skip_dag.py took 0.065 seconds
[2023-06-03T20:56:37.796+0000] {processor.py:157} INFO - Started process (PID=15714) to work on /home/airflow/.local/lib/python3.7/site-packages/airflow/example_dags/example_skip_dag.py
[2023-06-03T20:56:37.800+0000] {processor.py:826} INFO - Processing file /home/airflow/.local/lib/python3.7/site-packages/airflow/example_dags/example_skip_dag.py for tasks to queue
[2023-06-03T20:56:37.801+0000] {logging_mixin.py:149} INFO - [2023-06-03T20:56:37.801+0000] {dagbag.py:541} INFO - Filling up the DagBag from /home/airflow/.local/lib/python3.7/site-packages/airflow/example_dags/example_skip_dag.py
[2023-06-03T20:56:37.808+0000] {processor.py:836} INFO - DAG(s) dict_keys(['example_skip_dag']) retrieved from /home/airflow/.local/lib/python3.7/site-packages/airflow/example_dags/example_skip_dag.py
[2023-06-03T20:56:37.825+0000] {logging_mixin.py:149} INFO - [2023-06-03T20:56:37.825+0000] {dag.py:2726} INFO - Sync 1 DAGs
[2023-06-03T20:56:37.844+0000] {logging_mixin.py:149} INFO - [2023-06-03T20:56:37.844+0000] {dag.py:3490} INFO - Setting next_dagrun for example_skip_dag to 2023-06-02T20:56:37.844144+00:00, run_after=2023-06-03T20:56:37.844144+00:00
[2023-06-03T20:56:37.859+0000] {processor.py:179} INFO - Processing /home/airflow/.local/lib/python3.7/site-packages/airflow/example_dags/example_skip_dag.py took 0.065 seconds
[2023-06-03T20:57:08.331+0000] {processor.py:157} INFO - Started process (PID=15966) to work on /home/airflow/.local/lib/python3.7/site-packages/airflow/example_dags/example_skip_dag.py
[2023-06-03T20:57:08.332+0000] {processor.py:826} INFO - Processing file /home/airflow/.local/lib/python3.7/site-packages/airflow/example_dags/example_skip_dag.py for tasks to queue
[2023-06-03T20:57:08.333+0000] {logging_mixin.py:149} INFO - [2023-06-03T20:57:08.333+0000] {dagbag.py:541} INFO - Filling up the DagBag from /home/airflow/.local/lib/python3.7/site-packages/airflow/example_dags/example_skip_dag.py
[2023-06-03T20:57:08.338+0000] {processor.py:836} INFO - DAG(s) dict_keys(['example_skip_dag']) retrieved from /home/airflow/.local/lib/python3.7/site-packages/airflow/example_dags/example_skip_dag.py
[2023-06-03T20:57:08.356+0000] {logging_mixin.py:149} INFO - [2023-06-03T20:57:08.356+0000] {dag.py:2726} INFO - Sync 1 DAGs
[2023-06-03T20:57:08.374+0000] {logging_mixin.py:149} INFO - [2023-06-03T20:57:08.373+0000] {dag.py:3490} INFO - Setting next_dagrun for example_skip_dag to 2023-06-02T20:57:08.373667+00:00, run_after=2023-06-03T20:57:08.373667+00:00
[2023-06-03T20:57:08.389+0000] {processor.py:179} INFO - Processing /home/airflow/.local/lib/python3.7/site-packages/airflow/example_dags/example_skip_dag.py took 0.060 seconds
[2023-06-03T20:57:38.671+0000] {processor.py:157} INFO - Started process (PID=16218) to work on /home/airflow/.local/lib/python3.7/site-packages/airflow/example_dags/example_skip_dag.py
[2023-06-03T20:57:38.672+0000] {processor.py:826} INFO - Processing file /home/airflow/.local/lib/python3.7/site-packages/airflow/example_dags/example_skip_dag.py for tasks to queue
[2023-06-03T20:57:38.674+0000] {logging_mixin.py:149} INFO - [2023-06-03T20:57:38.673+0000] {dagbag.py:541} INFO - Filling up the DagBag from /home/airflow/.local/lib/python3.7/site-packages/airflow/example_dags/example_skip_dag.py
[2023-06-03T20:57:38.679+0000] {processor.py:836} INFO - DAG(s) dict_keys(['example_skip_dag']) retrieved from /home/airflow/.local/lib/python3.7/site-packages/airflow/example_dags/example_skip_dag.py
[2023-06-03T20:57:38.699+0000] {logging_mixin.py:149} INFO - [2023-06-03T20:57:38.699+0000] {dag.py:2726} INFO - Sync 1 DAGs
[2023-06-03T20:57:38.718+0000] {logging_mixin.py:149} INFO - [2023-06-03T20:57:38.717+0000] {dag.py:3490} INFO - Setting next_dagrun for example_skip_dag to 2023-06-02T20:57:38.717714+00:00, run_after=2023-06-03T20:57:38.717714+00:00
[2023-06-03T20:57:38.735+0000] {processor.py:179} INFO - Processing /home/airflow/.local/lib/python3.7/site-packages/airflow/example_dags/example_skip_dag.py took 0.066 seconds
[2023-06-03T20:58:09.020+0000] {processor.py:157} INFO - Started process (PID=16470) to work on /home/airflow/.local/lib/python3.7/site-packages/airflow/example_dags/example_skip_dag.py
[2023-06-03T20:58:09.021+0000] {processor.py:826} INFO - Processing file /home/airflow/.local/lib/python3.7/site-packages/airflow/example_dags/example_skip_dag.py for tasks to queue
[2023-06-03T20:58:09.022+0000] {logging_mixin.py:149} INFO - [2023-06-03T20:58:09.022+0000] {dagbag.py:541} INFO - Filling up the DagBag from /home/airflow/.local/lib/python3.7/site-packages/airflow/example_dags/example_skip_dag.py
[2023-06-03T20:58:09.028+0000] {processor.py:836} INFO - DAG(s) dict_keys(['example_skip_dag']) retrieved from /home/airflow/.local/lib/python3.7/site-packages/airflow/example_dags/example_skip_dag.py
[2023-06-03T20:58:09.047+0000] {logging_mixin.py:149} INFO - [2023-06-03T20:58:09.047+0000] {dag.py:2726} INFO - Sync 1 DAGs
[2023-06-03T20:58:09.066+0000] {logging_mixin.py:149} INFO - [2023-06-03T20:58:09.066+0000] {dag.py:3490} INFO - Setting next_dagrun for example_skip_dag to 2023-06-02T20:58:09.066061+00:00, run_after=2023-06-03T20:58:09.066061+00:00
[2023-06-03T20:58:09.081+0000] {processor.py:179} INFO - Processing /home/airflow/.local/lib/python3.7/site-packages/airflow/example_dags/example_skip_dag.py took 0.063 seconds
[2023-06-03T20:58:39.450+0000] {processor.py:157} INFO - Started process (PID=16722) to work on /home/airflow/.local/lib/python3.7/site-packages/airflow/example_dags/example_skip_dag.py
[2023-06-03T20:58:39.452+0000] {processor.py:826} INFO - Processing file /home/airflow/.local/lib/python3.7/site-packages/airflow/example_dags/example_skip_dag.py for tasks to queue
[2023-06-03T20:58:39.453+0000] {logging_mixin.py:149} INFO - [2023-06-03T20:58:39.453+0000] {dagbag.py:541} INFO - Filling up the DagBag from /home/airflow/.local/lib/python3.7/site-packages/airflow/example_dags/example_skip_dag.py
[2023-06-03T20:58:39.458+0000] {processor.py:836} INFO - DAG(s) dict_keys(['example_skip_dag']) retrieved from /home/airflow/.local/lib/python3.7/site-packages/airflow/example_dags/example_skip_dag.py
[2023-06-03T20:58:39.476+0000] {logging_mixin.py:149} INFO - [2023-06-03T20:58:39.476+0000] {dag.py:2726} INFO - Sync 1 DAGs
[2023-06-03T20:58:39.494+0000] {logging_mixin.py:149} INFO - [2023-06-03T20:58:39.494+0000] {dag.py:3490} INFO - Setting next_dagrun for example_skip_dag to 2023-06-02T20:58:39.493959+00:00, run_after=2023-06-03T20:58:39.493959+00:00
[2023-06-03T20:58:39.510+0000] {processor.py:179} INFO - Processing /home/airflow/.local/lib/python3.7/site-packages/airflow/example_dags/example_skip_dag.py took 0.062 seconds
[2023-06-03T20:59:09.824+0000] {processor.py:157} INFO - Started process (PID=16974) to work on /home/airflow/.local/lib/python3.7/site-packages/airflow/example_dags/example_skip_dag.py
[2023-06-03T20:59:09.825+0000] {processor.py:826} INFO - Processing file /home/airflow/.local/lib/python3.7/site-packages/airflow/example_dags/example_skip_dag.py for tasks to queue
[2023-06-03T20:59:09.826+0000] {logging_mixin.py:149} INFO - [2023-06-03T20:59:09.826+0000] {dagbag.py:541} INFO - Filling up the DagBag from /home/airflow/.local/lib/python3.7/site-packages/airflow/example_dags/example_skip_dag.py
[2023-06-03T20:59:09.832+0000] {processor.py:836} INFO - DAG(s) dict_keys(['example_skip_dag']) retrieved from /home/airflow/.local/lib/python3.7/site-packages/airflow/example_dags/example_skip_dag.py
[2023-06-03T20:59:09.850+0000] {logging_mixin.py:149} INFO - [2023-06-03T20:59:09.850+0000] {dag.py:2726} INFO - Sync 1 DAGs
[2023-06-03T20:59:09.868+0000] {logging_mixin.py:149} INFO - [2023-06-03T20:59:09.868+0000] {dag.py:3490} INFO - Setting next_dagrun for example_skip_dag to 2023-06-02T20:59:09.868043+00:00, run_after=2023-06-03T20:59:09.868043+00:00
[2023-06-03T20:59:09.883+0000] {processor.py:179} INFO - Processing /home/airflow/.local/lib/python3.7/site-packages/airflow/example_dags/example_skip_dag.py took 0.061 seconds
[2023-06-03T20:59:40.653+0000] {processor.py:157} INFO - Started process (PID=17226) to work on /home/airflow/.local/lib/python3.7/site-packages/airflow/example_dags/example_skip_dag.py
[2023-06-03T20:59:40.654+0000] {processor.py:826} INFO - Processing file /home/airflow/.local/lib/python3.7/site-packages/airflow/example_dags/example_skip_dag.py for tasks to queue
[2023-06-03T20:59:40.655+0000] {logging_mixin.py:149} INFO - [2023-06-03T20:59:40.655+0000] {dagbag.py:541} INFO - Filling up the DagBag from /home/airflow/.local/lib/python3.7/site-packages/airflow/example_dags/example_skip_dag.py
[2023-06-03T20:59:40.661+0000] {processor.py:836} INFO - DAG(s) dict_keys(['example_skip_dag']) retrieved from /home/airflow/.local/lib/python3.7/site-packages/airflow/example_dags/example_skip_dag.py
[2023-06-03T20:59:40.679+0000] {logging_mixin.py:149} INFO - [2023-06-03T20:59:40.679+0000] {dag.py:2726} INFO - Sync 1 DAGs
[2023-06-03T20:59:40.696+0000] {logging_mixin.py:149} INFO - [2023-06-03T20:59:40.696+0000] {dag.py:3490} INFO - Setting next_dagrun for example_skip_dag to 2023-06-02T20:59:40.696599+00:00, run_after=2023-06-03T20:59:40.696599+00:00
[2023-06-03T20:59:40.711+0000] {processor.py:179} INFO - Processing /home/airflow/.local/lib/python3.7/site-packages/airflow/example_dags/example_skip_dag.py took 0.060 seconds
[2023-06-03T21:00:11.762+0000] {processor.py:157} INFO - Started process (PID=17478) to work on /home/airflow/.local/lib/python3.7/site-packages/airflow/example_dags/example_skip_dag.py
[2023-06-03T21:00:11.764+0000] {processor.py:826} INFO - Processing file /home/airflow/.local/lib/python3.7/site-packages/airflow/example_dags/example_skip_dag.py for tasks to queue
[2023-06-03T21:00:11.765+0000] {logging_mixin.py:149} INFO - [2023-06-03T21:00:11.765+0000] {dagbag.py:541} INFO - Filling up the DagBag from /home/airflow/.local/lib/python3.7/site-packages/airflow/example_dags/example_skip_dag.py
[2023-06-03T21:00:11.771+0000] {processor.py:836} INFO - DAG(s) dict_keys(['example_skip_dag']) retrieved from /home/airflow/.local/lib/python3.7/site-packages/airflow/example_dags/example_skip_dag.py
[2023-06-03T21:00:11.791+0000] {logging_mixin.py:149} INFO - [2023-06-03T21:00:11.791+0000] {dag.py:2726} INFO - Sync 1 DAGs
[2023-06-03T21:00:11.810+0000] {logging_mixin.py:149} INFO - [2023-06-03T21:00:11.810+0000] {dag.py:3490} INFO - Setting next_dagrun for example_skip_dag to 2023-06-02T21:00:11.810390+00:00, run_after=2023-06-03T21:00:11.810390+00:00
[2023-06-03T21:00:11.832+0000] {processor.py:179} INFO - Processing /home/airflow/.local/lib/python3.7/site-packages/airflow/example_dags/example_skip_dag.py took 0.072 seconds
[2023-06-03T21:00:43.084+0000] {processor.py:157} INFO - Started process (PID=17730) to work on /home/airflow/.local/lib/python3.7/site-packages/airflow/example_dags/example_skip_dag.py
[2023-06-03T21:00:43.086+0000] {processor.py:826} INFO - Processing file /home/airflow/.local/lib/python3.7/site-packages/airflow/example_dags/example_skip_dag.py for tasks to queue
[2023-06-03T21:00:43.088+0000] {logging_mixin.py:149} INFO - [2023-06-03T21:00:43.087+0000] {dagbag.py:541} INFO - Filling up the DagBag from /home/airflow/.local/lib/python3.7/site-packages/airflow/example_dags/example_skip_dag.py
[2023-06-03T21:00:43.098+0000] {processor.py:836} INFO - DAG(s) dict_keys(['example_skip_dag']) retrieved from /home/airflow/.local/lib/python3.7/site-packages/airflow/example_dags/example_skip_dag.py
[2023-06-03T21:00:43.136+0000] {logging_mixin.py:149} INFO - [2023-06-03T21:00:43.136+0000] {dag.py:2726} INFO - Sync 1 DAGs
[2023-06-03T21:00:43.177+0000] {logging_mixin.py:149} INFO - [2023-06-03T21:00:43.177+0000] {dag.py:3490} INFO - Setting next_dagrun for example_skip_dag to 2023-06-02T21:00:43.176862+00:00, run_after=2023-06-03T21:00:43.176862+00:00
[2023-06-03T21:00:43.211+0000] {processor.py:179} INFO - Processing /home/airflow/.local/lib/python3.7/site-packages/airflow/example_dags/example_skip_dag.py took 0.131 seconds
