[2023-06-03T20:25:43.615+0000] {processor.py:157} INFO - Started process (PID=277) to work on /home/airflow/.local/lib/python3.7/site-packages/airflow/example_dags/example_bash_operator.py
[2023-06-03T20:25:43.616+0000] {processor.py:826} INFO - Processing file /home/airflow/.local/lib/python3.7/site-packages/airflow/example_dags/example_bash_operator.py for tasks to queue
[2023-06-03T20:25:43.618+0000] {logging_mixin.py:149} INFO - [2023-06-03T20:25:43.618+0000] {dagbag.py:541} INFO - Filling up the DagBag from /home/airflow/.local/lib/python3.7/site-packages/airflow/example_dags/example_bash_operator.py
[2023-06-03T20:25:43.630+0000] {processor.py:836} INFO - DAG(s) dict_keys(['example_bash_operator']) retrieved from /home/airflow/.local/lib/python3.7/site-packages/airflow/example_dags/example_bash_operator.py
[2023-06-03T20:25:43.641+0000] {logging_mixin.py:149} INFO - [2023-06-03T20:25:43.641+0000] {dag.py:2726} INFO - Sync 1 DAGs
[2023-06-03T20:25:43.671+0000] {logging_mixin.py:149} INFO - [2023-06-03T20:25:43.671+0000] {dag.py:3490} INFO - Setting next_dagrun for example_bash_operator to 2023-06-02T00:00:00+00:00, run_after=2023-06-03T00:00:00+00:00
[2023-06-03T20:25:43.689+0000] {processor.py:179} INFO - Processing /home/airflow/.local/lib/python3.7/site-packages/airflow/example_dags/example_bash_operator.py took 0.076 seconds
[2023-06-03T20:26:14.412+0000] {processor.py:157} INFO - Started process (PID=529) to work on /home/airflow/.local/lib/python3.7/site-packages/airflow/example_dags/example_bash_operator.py
[2023-06-03T20:26:14.413+0000] {processor.py:826} INFO - Processing file /home/airflow/.local/lib/python3.7/site-packages/airflow/example_dags/example_bash_operator.py for tasks to queue
[2023-06-03T20:26:14.415+0000] {logging_mixin.py:149} INFO - [2023-06-03T20:26:14.415+0000] {dagbag.py:541} INFO - Filling up the DagBag from /home/airflow/.local/lib/python3.7/site-packages/airflow/example_dags/example_bash_operator.py
[2023-06-03T20:26:14.425+0000] {processor.py:836} INFO - DAG(s) dict_keys(['example_bash_operator']) retrieved from /home/airflow/.local/lib/python3.7/site-packages/airflow/example_dags/example_bash_operator.py
[2023-06-03T20:26:14.533+0000] {logging_mixin.py:149} INFO - [2023-06-03T20:26:14.533+0000] {dag.py:2726} INFO - Sync 1 DAGs
[2023-06-03T20:26:14.550+0000] {logging_mixin.py:149} INFO - [2023-06-03T20:26:14.550+0000] {dag.py:3490} INFO - Setting next_dagrun for example_bash_operator to 2023-06-02T00:00:00+00:00, run_after=2023-06-03T00:00:00+00:00
[2023-06-03T20:26:14.565+0000] {processor.py:179} INFO - Processing /home/airflow/.local/lib/python3.7/site-packages/airflow/example_dags/example_bash_operator.py took 0.156 seconds
[2023-06-03T20:26:44.734+0000] {processor.py:157} INFO - Started process (PID=788) to work on /home/airflow/.local/lib/python3.7/site-packages/airflow/example_dags/example_bash_operator.py
[2023-06-03T20:26:44.735+0000] {processor.py:826} INFO - Processing file /home/airflow/.local/lib/python3.7/site-packages/airflow/example_dags/example_bash_operator.py for tasks to queue
[2023-06-03T20:26:44.736+0000] {logging_mixin.py:149} INFO - [2023-06-03T20:26:44.735+0000] {dagbag.py:541} INFO - Filling up the DagBag from /home/airflow/.local/lib/python3.7/site-packages/airflow/example_dags/example_bash_operator.py
[2023-06-03T20:26:44.746+0000] {processor.py:836} INFO - DAG(s) dict_keys(['example_bash_operator']) retrieved from /home/airflow/.local/lib/python3.7/site-packages/airflow/example_dags/example_bash_operator.py
[2023-06-03T20:26:44.775+0000] {logging_mixin.py:149} INFO - [2023-06-03T20:26:44.774+0000] {dag.py:2726} INFO - Sync 1 DAGs
[2023-06-03T20:26:44.793+0000] {logging_mixin.py:149} INFO - [2023-06-03T20:26:44.793+0000] {dag.py:3490} INFO - Setting next_dagrun for example_bash_operator to 2023-06-02T00:00:00+00:00, run_after=2023-06-03T00:00:00+00:00
[2023-06-03T20:26:44.810+0000] {processor.py:179} INFO - Processing /home/airflow/.local/lib/python3.7/site-packages/airflow/example_dags/example_bash_operator.py took 0.079 seconds
[2023-06-03T20:27:15.518+0000] {processor.py:157} INFO - Started process (PID=1033) to work on /home/airflow/.local/lib/python3.7/site-packages/airflow/example_dags/example_bash_operator.py
[2023-06-03T20:27:15.519+0000] {processor.py:826} INFO - Processing file /home/airflow/.local/lib/python3.7/site-packages/airflow/example_dags/example_bash_operator.py for tasks to queue
[2023-06-03T20:27:15.520+0000] {logging_mixin.py:149} INFO - [2023-06-03T20:27:15.520+0000] {dagbag.py:541} INFO - Filling up the DagBag from /home/airflow/.local/lib/python3.7/site-packages/airflow/example_dags/example_bash_operator.py
[2023-06-03T20:27:15.531+0000] {processor.py:836} INFO - DAG(s) dict_keys(['example_bash_operator']) retrieved from /home/airflow/.local/lib/python3.7/site-packages/airflow/example_dags/example_bash_operator.py
[2023-06-03T20:27:15.557+0000] {logging_mixin.py:149} INFO - [2023-06-03T20:27:15.557+0000] {dag.py:2726} INFO - Sync 1 DAGs
[2023-06-03T20:27:15.576+0000] {logging_mixin.py:149} INFO - [2023-06-03T20:27:15.576+0000] {dag.py:3490} INFO - Setting next_dagrun for example_bash_operator to 2023-06-02T00:00:00+00:00, run_after=2023-06-03T00:00:00+00:00
[2023-06-03T20:27:15.593+0000] {processor.py:179} INFO - Processing /home/airflow/.local/lib/python3.7/site-packages/airflow/example_dags/example_bash_operator.py took 0.076 seconds
[2023-06-03T20:27:45.752+0000] {processor.py:157} INFO - Started process (PID=1285) to work on /home/airflow/.local/lib/python3.7/site-packages/airflow/example_dags/example_bash_operator.py
[2023-06-03T20:27:45.753+0000] {processor.py:826} INFO - Processing file /home/airflow/.local/lib/python3.7/site-packages/airflow/example_dags/example_bash_operator.py for tasks to queue
[2023-06-03T20:27:45.755+0000] {logging_mixin.py:149} INFO - [2023-06-03T20:27:45.754+0000] {dagbag.py:541} INFO - Filling up the DagBag from /home/airflow/.local/lib/python3.7/site-packages/airflow/example_dags/example_bash_operator.py
[2023-06-03T20:27:45.765+0000] {processor.py:836} INFO - DAG(s) dict_keys(['example_bash_operator']) retrieved from /home/airflow/.local/lib/python3.7/site-packages/airflow/example_dags/example_bash_operator.py
[2023-06-03T20:27:45.794+0000] {logging_mixin.py:149} INFO - [2023-06-03T20:27:45.794+0000] {dag.py:2726} INFO - Sync 1 DAGs
[2023-06-03T20:27:45.813+0000] {logging_mixin.py:149} INFO - [2023-06-03T20:27:45.813+0000] {dag.py:3490} INFO - Setting next_dagrun for example_bash_operator to 2023-06-02T00:00:00+00:00, run_after=2023-06-03T00:00:00+00:00
[2023-06-03T20:27:45.829+0000] {processor.py:179} INFO - Processing /home/airflow/.local/lib/python3.7/site-packages/airflow/example_dags/example_bash_operator.py took 0.079 seconds
[2023-06-03T20:28:16.144+0000] {processor.py:157} INFO - Started process (PID=1540) to work on /home/airflow/.local/lib/python3.7/site-packages/airflow/example_dags/example_bash_operator.py
[2023-06-03T20:28:16.146+0000] {processor.py:826} INFO - Processing file /home/airflow/.local/lib/python3.7/site-packages/airflow/example_dags/example_bash_operator.py for tasks to queue
[2023-06-03T20:28:16.148+0000] {logging_mixin.py:149} INFO - [2023-06-03T20:28:16.148+0000] {dagbag.py:541} INFO - Filling up the DagBag from /home/airflow/.local/lib/python3.7/site-packages/airflow/example_dags/example_bash_operator.py
[2023-06-03T20:28:16.161+0000] {processor.py:836} INFO - DAG(s) dict_keys(['example_bash_operator']) retrieved from /home/airflow/.local/lib/python3.7/site-packages/airflow/example_dags/example_bash_operator.py
[2023-06-03T20:28:16.196+0000] {logging_mixin.py:149} INFO - [2023-06-03T20:28:16.196+0000] {dag.py:2726} INFO - Sync 1 DAGs
[2023-06-03T20:28:16.219+0000] {logging_mixin.py:149} INFO - [2023-06-03T20:28:16.219+0000] {dag.py:3490} INFO - Setting next_dagrun for example_bash_operator to 2023-06-02T00:00:00+00:00, run_after=2023-06-03T00:00:00+00:00
[2023-06-03T20:28:16.241+0000] {processor.py:179} INFO - Processing /home/airflow/.local/lib/python3.7/site-packages/airflow/example_dags/example_bash_operator.py took 0.100 seconds
[2023-06-03T20:28:46.304+0000] {processor.py:157} INFO - Started process (PID=1790) to work on /home/airflow/.local/lib/python3.7/site-packages/airflow/example_dags/example_bash_operator.py
[2023-06-03T20:28:46.305+0000] {processor.py:826} INFO - Processing file /home/airflow/.local/lib/python3.7/site-packages/airflow/example_dags/example_bash_operator.py for tasks to queue
[2023-06-03T20:28:46.306+0000] {logging_mixin.py:149} INFO - [2023-06-03T20:28:46.306+0000] {dagbag.py:541} INFO - Filling up the DagBag from /home/airflow/.local/lib/python3.7/site-packages/airflow/example_dags/example_bash_operator.py
[2023-06-03T20:28:46.317+0000] {processor.py:836} INFO - DAG(s) dict_keys(['example_bash_operator']) retrieved from /home/airflow/.local/lib/python3.7/site-packages/airflow/example_dags/example_bash_operator.py
[2023-06-03T20:28:46.348+0000] {logging_mixin.py:149} INFO - [2023-06-03T20:28:46.347+0000] {dag.py:2726} INFO - Sync 1 DAGs
[2023-06-03T20:28:46.367+0000] {logging_mixin.py:149} INFO - [2023-06-03T20:28:46.367+0000] {dag.py:3490} INFO - Setting next_dagrun for example_bash_operator to 2023-06-02T00:00:00+00:00, run_after=2023-06-03T00:00:00+00:00
[2023-06-03T20:28:46.384+0000] {processor.py:179} INFO - Processing /home/airflow/.local/lib/python3.7/site-packages/airflow/example_dags/example_bash_operator.py took 0.082 seconds
[2023-06-03T20:29:16.773+0000] {processor.py:157} INFO - Started process (PID=2044) to work on /home/airflow/.local/lib/python3.7/site-packages/airflow/example_dags/example_bash_operator.py
[2023-06-03T20:29:16.774+0000] {processor.py:826} INFO - Processing file /home/airflow/.local/lib/python3.7/site-packages/airflow/example_dags/example_bash_operator.py for tasks to queue
[2023-06-03T20:29:16.775+0000] {logging_mixin.py:149} INFO - [2023-06-03T20:29:16.775+0000] {dagbag.py:541} INFO - Filling up the DagBag from /home/airflow/.local/lib/python3.7/site-packages/airflow/example_dags/example_bash_operator.py
[2023-06-03T20:29:16.786+0000] {processor.py:836} INFO - DAG(s) dict_keys(['example_bash_operator']) retrieved from /home/airflow/.local/lib/python3.7/site-packages/airflow/example_dags/example_bash_operator.py
[2023-06-03T20:29:16.813+0000] {logging_mixin.py:149} INFO - [2023-06-03T20:29:16.812+0000] {dag.py:2726} INFO - Sync 1 DAGs
[2023-06-03T20:29:16.830+0000] {logging_mixin.py:149} INFO - [2023-06-03T20:29:16.830+0000] {dag.py:3490} INFO - Setting next_dagrun for example_bash_operator to 2023-06-02T00:00:00+00:00, run_after=2023-06-03T00:00:00+00:00
[2023-06-03T20:29:16.849+0000] {processor.py:179} INFO - Processing /home/airflow/.local/lib/python3.7/site-packages/airflow/example_dags/example_bash_operator.py took 0.078 seconds
[2023-06-03T20:29:47.077+0000] {processor.py:157} INFO - Started process (PID=2294) to work on /home/airflow/.local/lib/python3.7/site-packages/airflow/example_dags/example_bash_operator.py
[2023-06-03T20:29:47.079+0000] {processor.py:826} INFO - Processing file /home/airflow/.local/lib/python3.7/site-packages/airflow/example_dags/example_bash_operator.py for tasks to queue
[2023-06-03T20:29:47.080+0000] {logging_mixin.py:149} INFO - [2023-06-03T20:29:47.080+0000] {dagbag.py:541} INFO - Filling up the DagBag from /home/airflow/.local/lib/python3.7/site-packages/airflow/example_dags/example_bash_operator.py
[2023-06-03T20:29:47.090+0000] {processor.py:836} INFO - DAG(s) dict_keys(['example_bash_operator']) retrieved from /home/airflow/.local/lib/python3.7/site-packages/airflow/example_dags/example_bash_operator.py
[2023-06-03T20:29:47.117+0000] {logging_mixin.py:149} INFO - [2023-06-03T20:29:47.117+0000] {dag.py:2726} INFO - Sync 1 DAGs
[2023-06-03T20:29:47.136+0000] {logging_mixin.py:149} INFO - [2023-06-03T20:29:47.135+0000] {dag.py:3490} INFO - Setting next_dagrun for example_bash_operator to 2023-06-02T00:00:00+00:00, run_after=2023-06-03T00:00:00+00:00
[2023-06-03T20:29:47.151+0000] {processor.py:179} INFO - Processing /home/airflow/.local/lib/python3.7/site-packages/airflow/example_dags/example_bash_operator.py took 0.076 seconds
[2023-06-03T20:30:17.981+0000] {processor.py:157} INFO - Started process (PID=2546) to work on /home/airflow/.local/lib/python3.7/site-packages/airflow/example_dags/example_bash_operator.py
[2023-06-03T20:30:17.983+0000] {processor.py:826} INFO - Processing file /home/airflow/.local/lib/python3.7/site-packages/airflow/example_dags/example_bash_operator.py for tasks to queue
[2023-06-03T20:30:17.984+0000] {logging_mixin.py:149} INFO - [2023-06-03T20:30:17.984+0000] {dagbag.py:541} INFO - Filling up the DagBag from /home/airflow/.local/lib/python3.7/site-packages/airflow/example_dags/example_bash_operator.py
[2023-06-03T20:30:17.997+0000] {processor.py:836} INFO - DAG(s) dict_keys(['example_bash_operator']) retrieved from /home/airflow/.local/lib/python3.7/site-packages/airflow/example_dags/example_bash_operator.py
[2023-06-03T20:30:18.027+0000] {logging_mixin.py:149} INFO - [2023-06-03T20:30:18.027+0000] {dag.py:2726} INFO - Sync 1 DAGs
[2023-06-03T20:30:18.046+0000] {logging_mixin.py:149} INFO - [2023-06-03T20:30:18.046+0000] {dag.py:3490} INFO - Setting next_dagrun for example_bash_operator to 2023-06-02T00:00:00+00:00, run_after=2023-06-03T00:00:00+00:00
[2023-06-03T20:30:18.064+0000] {processor.py:179} INFO - Processing /home/airflow/.local/lib/python3.7/site-packages/airflow/example_dags/example_bash_operator.py took 0.086 seconds
[2023-06-03T20:30:48.481+0000] {processor.py:157} INFO - Started process (PID=2798) to work on /home/airflow/.local/lib/python3.7/site-packages/airflow/example_dags/example_bash_operator.py
[2023-06-03T20:30:48.483+0000] {processor.py:826} INFO - Processing file /home/airflow/.local/lib/python3.7/site-packages/airflow/example_dags/example_bash_operator.py for tasks to queue
[2023-06-03T20:30:48.484+0000] {logging_mixin.py:149} INFO - [2023-06-03T20:30:48.484+0000] {dagbag.py:541} INFO - Filling up the DagBag from /home/airflow/.local/lib/python3.7/site-packages/airflow/example_dags/example_bash_operator.py
[2023-06-03T20:30:48.495+0000] {processor.py:836} INFO - DAG(s) dict_keys(['example_bash_operator']) retrieved from /home/airflow/.local/lib/python3.7/site-packages/airflow/example_dags/example_bash_operator.py
[2023-06-03T20:30:48.525+0000] {logging_mixin.py:149} INFO - [2023-06-03T20:30:48.525+0000] {dag.py:2726} INFO - Sync 1 DAGs
[2023-06-03T20:30:48.545+0000] {logging_mixin.py:149} INFO - [2023-06-03T20:30:48.545+0000] {dag.py:3490} INFO - Setting next_dagrun for example_bash_operator to 2023-06-02T00:00:00+00:00, run_after=2023-06-03T00:00:00+00:00
[2023-06-03T20:30:48.562+0000] {processor.py:179} INFO - Processing /home/airflow/.local/lib/python3.7/site-packages/airflow/example_dags/example_bash_operator.py took 0.083 seconds
[2023-06-03T20:31:18.818+0000] {processor.py:157} INFO - Started process (PID=3050) to work on /home/airflow/.local/lib/python3.7/site-packages/airflow/example_dags/example_bash_operator.py
[2023-06-03T20:31:18.819+0000] {processor.py:826} INFO - Processing file /home/airflow/.local/lib/python3.7/site-packages/airflow/example_dags/example_bash_operator.py for tasks to queue
[2023-06-03T20:31:18.820+0000] {logging_mixin.py:149} INFO - [2023-06-03T20:31:18.820+0000] {dagbag.py:541} INFO - Filling up the DagBag from /home/airflow/.local/lib/python3.7/site-packages/airflow/example_dags/example_bash_operator.py
[2023-06-03T20:31:18.829+0000] {processor.py:836} INFO - DAG(s) dict_keys(['example_bash_operator']) retrieved from /home/airflow/.local/lib/python3.7/site-packages/airflow/example_dags/example_bash_operator.py
[2023-06-03T20:31:18.857+0000] {logging_mixin.py:149} INFO - [2023-06-03T20:31:18.857+0000] {dag.py:2726} INFO - Sync 1 DAGs
[2023-06-03T20:31:18.875+0000] {logging_mixin.py:149} INFO - [2023-06-03T20:31:18.875+0000] {dag.py:3490} INFO - Setting next_dagrun for example_bash_operator to 2023-06-02T00:00:00+00:00, run_after=2023-06-03T00:00:00+00:00
[2023-06-03T20:31:18.890+0000] {processor.py:179} INFO - Processing /home/airflow/.local/lib/python3.7/site-packages/airflow/example_dags/example_bash_operator.py took 0.074 seconds
[2023-06-03T20:31:50.227+0000] {processor.py:157} INFO - Started process (PID=3304) to work on /home/airflow/.local/lib/python3.7/site-packages/airflow/example_dags/example_bash_operator.py
[2023-06-03T20:31:50.228+0000] {processor.py:826} INFO - Processing file /home/airflow/.local/lib/python3.7/site-packages/airflow/example_dags/example_bash_operator.py for tasks to queue
[2023-06-03T20:31:50.229+0000] {logging_mixin.py:149} INFO - [2023-06-03T20:31:50.229+0000] {dagbag.py:541} INFO - Filling up the DagBag from /home/airflow/.local/lib/python3.7/site-packages/airflow/example_dags/example_bash_operator.py
[2023-06-03T20:31:50.239+0000] {processor.py:836} INFO - DAG(s) dict_keys(['example_bash_operator']) retrieved from /home/airflow/.local/lib/python3.7/site-packages/airflow/example_dags/example_bash_operator.py
[2023-06-03T20:31:50.268+0000] {logging_mixin.py:149} INFO - [2023-06-03T20:31:50.268+0000] {dag.py:2726} INFO - Sync 1 DAGs
[2023-06-03T20:31:50.288+0000] {logging_mixin.py:149} INFO - [2023-06-03T20:31:50.288+0000] {dag.py:3490} INFO - Setting next_dagrun for example_bash_operator to 2023-06-02T00:00:00+00:00, run_after=2023-06-03T00:00:00+00:00
[2023-06-03T20:31:50.304+0000] {processor.py:179} INFO - Processing /home/airflow/.local/lib/python3.7/site-packages/airflow/example_dags/example_bash_operator.py took 0.080 seconds
[2023-06-03T20:32:20.497+0000] {processor.py:157} INFO - Started process (PID=3692) to work on /home/airflow/.local/lib/python3.7/site-packages/airflow/example_dags/example_bash_operator.py
[2023-06-03T20:32:20.498+0000] {processor.py:826} INFO - Processing file /home/airflow/.local/lib/python3.7/site-packages/airflow/example_dags/example_bash_operator.py for tasks to queue
[2023-06-03T20:32:20.499+0000] {logging_mixin.py:149} INFO - [2023-06-03T20:32:20.499+0000] {dagbag.py:541} INFO - Filling up the DagBag from /home/airflow/.local/lib/python3.7/site-packages/airflow/example_dags/example_bash_operator.py
[2023-06-03T20:32:20.510+0000] {processor.py:836} INFO - DAG(s) dict_keys(['example_bash_operator']) retrieved from /home/airflow/.local/lib/python3.7/site-packages/airflow/example_dags/example_bash_operator.py
[2023-06-03T20:32:20.537+0000] {logging_mixin.py:149} INFO - [2023-06-03T20:32:20.537+0000] {dag.py:2726} INFO - Sync 1 DAGs
[2023-06-03T20:32:20.557+0000] {logging_mixin.py:149} INFO - [2023-06-03T20:32:20.557+0000] {dag.py:3490} INFO - Setting next_dagrun for example_bash_operator to 2023-06-03T00:00:00+00:00, run_after=2023-06-04T00:00:00+00:00
[2023-06-03T20:32:20.574+0000] {processor.py:179} INFO - Processing /home/airflow/.local/lib/python3.7/site-packages/airflow/example_dags/example_bash_operator.py took 0.079 seconds
[2023-06-03T20:32:51.624+0000] {processor.py:157} INFO - Started process (PID=3944) to work on /home/airflow/.local/lib/python3.7/site-packages/airflow/example_dags/example_bash_operator.py
[2023-06-03T20:32:51.625+0000] {processor.py:826} INFO - Processing file /home/airflow/.local/lib/python3.7/site-packages/airflow/example_dags/example_bash_operator.py for tasks to queue
[2023-06-03T20:32:51.626+0000] {logging_mixin.py:149} INFO - [2023-06-03T20:32:51.626+0000] {dagbag.py:541} INFO - Filling up the DagBag from /home/airflow/.local/lib/python3.7/site-packages/airflow/example_dags/example_bash_operator.py
[2023-06-03T20:32:51.636+0000] {processor.py:836} INFO - DAG(s) dict_keys(['example_bash_operator']) retrieved from /home/airflow/.local/lib/python3.7/site-packages/airflow/example_dags/example_bash_operator.py
[2023-06-03T20:32:51.664+0000] {logging_mixin.py:149} INFO - [2023-06-03T20:32:51.664+0000] {dag.py:2726} INFO - Sync 1 DAGs
[2023-06-03T20:32:51.682+0000] {logging_mixin.py:149} INFO - [2023-06-03T20:32:51.682+0000] {dag.py:3490} INFO - Setting next_dagrun for example_bash_operator to 2023-06-03T00:00:00+00:00, run_after=2023-06-04T00:00:00+00:00
[2023-06-03T20:32:51.700+0000] {processor.py:179} INFO - Processing /home/airflow/.local/lib/python3.7/site-packages/airflow/example_dags/example_bash_operator.py took 0.078 seconds
[2023-06-03T20:33:21.896+0000] {processor.py:157} INFO - Started process (PID=4196) to work on /home/airflow/.local/lib/python3.7/site-packages/airflow/example_dags/example_bash_operator.py
[2023-06-03T20:33:21.897+0000] {processor.py:826} INFO - Processing file /home/airflow/.local/lib/python3.7/site-packages/airflow/example_dags/example_bash_operator.py for tasks to queue
[2023-06-03T20:33:21.898+0000] {logging_mixin.py:149} INFO - [2023-06-03T20:33:21.898+0000] {dagbag.py:541} INFO - Filling up the DagBag from /home/airflow/.local/lib/python3.7/site-packages/airflow/example_dags/example_bash_operator.py
[2023-06-03T20:33:21.910+0000] {processor.py:836} INFO - DAG(s) dict_keys(['example_bash_operator']) retrieved from /home/airflow/.local/lib/python3.7/site-packages/airflow/example_dags/example_bash_operator.py
[2023-06-03T20:33:21.937+0000] {logging_mixin.py:149} INFO - [2023-06-03T20:33:21.937+0000] {dag.py:2726} INFO - Sync 1 DAGs
[2023-06-03T20:33:21.978+0000] {logging_mixin.py:149} INFO - [2023-06-03T20:33:21.978+0000] {dag.py:3490} INFO - Setting next_dagrun for example_bash_operator to 2023-06-03T00:00:00+00:00, run_after=2023-06-04T00:00:00+00:00
[2023-06-03T20:33:21.994+0000] {processor.py:179} INFO - Processing /home/airflow/.local/lib/python3.7/site-packages/airflow/example_dags/example_bash_operator.py took 0.100 seconds
[2023-06-03T20:33:53.038+0000] {processor.py:157} INFO - Started process (PID=4450) to work on /home/airflow/.local/lib/python3.7/site-packages/airflow/example_dags/example_bash_operator.py
[2023-06-03T20:33:53.040+0000] {processor.py:826} INFO - Processing file /home/airflow/.local/lib/python3.7/site-packages/airflow/example_dags/example_bash_operator.py for tasks to queue
[2023-06-03T20:33:53.041+0000] {logging_mixin.py:149} INFO - [2023-06-03T20:33:53.040+0000] {dagbag.py:541} INFO - Filling up the DagBag from /home/airflow/.local/lib/python3.7/site-packages/airflow/example_dags/example_bash_operator.py
[2023-06-03T20:33:53.050+0000] {processor.py:836} INFO - DAG(s) dict_keys(['example_bash_operator']) retrieved from /home/airflow/.local/lib/python3.7/site-packages/airflow/example_dags/example_bash_operator.py
[2023-06-03T20:33:53.078+0000] {logging_mixin.py:149} INFO - [2023-06-03T20:33:53.078+0000] {dag.py:2726} INFO - Sync 1 DAGs
[2023-06-03T20:33:53.097+0000] {logging_mixin.py:149} INFO - [2023-06-03T20:33:53.097+0000] {dag.py:3490} INFO - Setting next_dagrun for example_bash_operator to 2023-06-03T00:00:00+00:00, run_after=2023-06-04T00:00:00+00:00
[2023-06-03T20:33:53.113+0000] {processor.py:179} INFO - Processing /home/airflow/.local/lib/python3.7/site-packages/airflow/example_dags/example_bash_operator.py took 0.076 seconds
[2023-06-03T20:34:23.454+0000] {processor.py:157} INFO - Started process (PID=4702) to work on /home/airflow/.local/lib/python3.7/site-packages/airflow/example_dags/example_bash_operator.py
[2023-06-03T20:34:23.455+0000] {processor.py:826} INFO - Processing file /home/airflow/.local/lib/python3.7/site-packages/airflow/example_dags/example_bash_operator.py for tasks to queue
[2023-06-03T20:34:23.456+0000] {logging_mixin.py:149} INFO - [2023-06-03T20:34:23.456+0000] {dagbag.py:541} INFO - Filling up the DagBag from /home/airflow/.local/lib/python3.7/site-packages/airflow/example_dags/example_bash_operator.py
[2023-06-03T20:34:23.466+0000] {processor.py:836} INFO - DAG(s) dict_keys(['example_bash_operator']) retrieved from /home/airflow/.local/lib/python3.7/site-packages/airflow/example_dags/example_bash_operator.py
[2023-06-03T20:34:23.492+0000] {logging_mixin.py:149} INFO - [2023-06-03T20:34:23.492+0000] {dag.py:2726} INFO - Sync 1 DAGs
[2023-06-03T20:34:23.509+0000] {logging_mixin.py:149} INFO - [2023-06-03T20:34:23.509+0000] {dag.py:3490} INFO - Setting next_dagrun for example_bash_operator to 2023-06-03T00:00:00+00:00, run_after=2023-06-04T00:00:00+00:00
[2023-06-03T20:34:23.523+0000] {processor.py:179} INFO - Processing /home/airflow/.local/lib/python3.7/site-packages/airflow/example_dags/example_bash_operator.py took 0.071 seconds
[2023-06-03T20:34:53.831+0000] {processor.py:157} INFO - Started process (PID=4954) to work on /home/airflow/.local/lib/python3.7/site-packages/airflow/example_dags/example_bash_operator.py
[2023-06-03T20:34:53.832+0000] {processor.py:826} INFO - Processing file /home/airflow/.local/lib/python3.7/site-packages/airflow/example_dags/example_bash_operator.py for tasks to queue
[2023-06-03T20:34:53.833+0000] {logging_mixin.py:149} INFO - [2023-06-03T20:34:53.833+0000] {dagbag.py:541} INFO - Filling up the DagBag from /home/airflow/.local/lib/python3.7/site-packages/airflow/example_dags/example_bash_operator.py
[2023-06-03T20:34:53.848+0000] {processor.py:836} INFO - DAG(s) dict_keys(['example_bash_operator']) retrieved from /home/airflow/.local/lib/python3.7/site-packages/airflow/example_dags/example_bash_operator.py
[2023-06-03T20:34:53.874+0000] {logging_mixin.py:149} INFO - [2023-06-03T20:34:53.874+0000] {dag.py:2726} INFO - Sync 1 DAGs
[2023-06-03T20:34:53.891+0000] {logging_mixin.py:149} INFO - [2023-06-03T20:34:53.891+0000] {dag.py:3490} INFO - Setting next_dagrun for example_bash_operator to 2023-06-03T00:00:00+00:00, run_after=2023-06-04T00:00:00+00:00
[2023-06-03T20:34:53.906+0000] {processor.py:179} INFO - Processing /home/airflow/.local/lib/python3.7/site-packages/airflow/example_dags/example_bash_operator.py took 0.077 seconds
[2023-06-03T20:35:24.336+0000] {processor.py:157} INFO - Started process (PID=5206) to work on /home/airflow/.local/lib/python3.7/site-packages/airflow/example_dags/example_bash_operator.py
[2023-06-03T20:35:24.337+0000] {processor.py:826} INFO - Processing file /home/airflow/.local/lib/python3.7/site-packages/airflow/example_dags/example_bash_operator.py for tasks to queue
[2023-06-03T20:35:24.338+0000] {logging_mixin.py:149} INFO - [2023-06-03T20:35:24.338+0000] {dagbag.py:541} INFO - Filling up the DagBag from /home/airflow/.local/lib/python3.7/site-packages/airflow/example_dags/example_bash_operator.py
[2023-06-03T20:35:24.348+0000] {processor.py:836} INFO - DAG(s) dict_keys(['example_bash_operator']) retrieved from /home/airflow/.local/lib/python3.7/site-packages/airflow/example_dags/example_bash_operator.py
[2023-06-03T20:35:24.377+0000] {logging_mixin.py:149} INFO - [2023-06-03T20:35:24.377+0000] {dag.py:2726} INFO - Sync 1 DAGs
[2023-06-03T20:35:24.396+0000] {logging_mixin.py:149} INFO - [2023-06-03T20:35:24.396+0000] {dag.py:3490} INFO - Setting next_dagrun for example_bash_operator to 2023-06-03T00:00:00+00:00, run_after=2023-06-04T00:00:00+00:00
[2023-06-03T20:35:24.413+0000] {processor.py:179} INFO - Processing /home/airflow/.local/lib/python3.7/site-packages/airflow/example_dags/example_bash_operator.py took 0.079 seconds
[2023-06-03T20:35:55.127+0000] {processor.py:157} INFO - Started process (PID=5456) to work on /home/airflow/.local/lib/python3.7/site-packages/airflow/example_dags/example_bash_operator.py
[2023-06-03T20:35:55.128+0000] {processor.py:826} INFO - Processing file /home/airflow/.local/lib/python3.7/site-packages/airflow/example_dags/example_bash_operator.py for tasks to queue
[2023-06-03T20:35:55.129+0000] {logging_mixin.py:149} INFO - [2023-06-03T20:35:55.129+0000] {dagbag.py:541} INFO - Filling up the DagBag from /home/airflow/.local/lib/python3.7/site-packages/airflow/example_dags/example_bash_operator.py
[2023-06-03T20:35:55.139+0000] {processor.py:836} INFO - DAG(s) dict_keys(['example_bash_operator']) retrieved from /home/airflow/.local/lib/python3.7/site-packages/airflow/example_dags/example_bash_operator.py
[2023-06-03T20:35:55.168+0000] {logging_mixin.py:149} INFO - [2023-06-03T20:35:55.167+0000] {dag.py:2726} INFO - Sync 1 DAGs
[2023-06-03T20:35:55.190+0000] {logging_mixin.py:149} INFO - [2023-06-03T20:35:55.189+0000] {dag.py:3490} INFO - Setting next_dagrun for example_bash_operator to 2023-06-03T00:00:00+00:00, run_after=2023-06-04T00:00:00+00:00
[2023-06-03T20:35:55.206+0000] {processor.py:179} INFO - Processing /home/airflow/.local/lib/python3.7/site-packages/airflow/example_dags/example_bash_operator.py took 0.082 seconds
[2023-06-03T20:36:25.820+0000] {processor.py:157} INFO - Started process (PID=5710) to work on /home/airflow/.local/lib/python3.7/site-packages/airflow/example_dags/example_bash_operator.py
[2023-06-03T20:36:25.821+0000] {processor.py:826} INFO - Processing file /home/airflow/.local/lib/python3.7/site-packages/airflow/example_dags/example_bash_operator.py for tasks to queue
[2023-06-03T20:36:25.822+0000] {logging_mixin.py:149} INFO - [2023-06-03T20:36:25.822+0000] {dagbag.py:541} INFO - Filling up the DagBag from /home/airflow/.local/lib/python3.7/site-packages/airflow/example_dags/example_bash_operator.py
[2023-06-03T20:36:25.832+0000] {processor.py:836} INFO - DAG(s) dict_keys(['example_bash_operator']) retrieved from /home/airflow/.local/lib/python3.7/site-packages/airflow/example_dags/example_bash_operator.py
[2023-06-03T20:36:25.863+0000] {logging_mixin.py:149} INFO - [2023-06-03T20:36:25.863+0000] {dag.py:2726} INFO - Sync 1 DAGs
[2023-06-03T20:36:25.882+0000] {logging_mixin.py:149} INFO - [2023-06-03T20:36:25.882+0000] {dag.py:3490} INFO - Setting next_dagrun for example_bash_operator to 2023-06-03T00:00:00+00:00, run_after=2023-06-04T00:00:00+00:00
[2023-06-03T20:36:25.900+0000] {processor.py:179} INFO - Processing /home/airflow/.local/lib/python3.7/site-packages/airflow/example_dags/example_bash_operator.py took 0.082 seconds
[2023-06-03T20:36:56.114+0000] {processor.py:157} INFO - Started process (PID=5960) to work on /home/airflow/.local/lib/python3.7/site-packages/airflow/example_dags/example_bash_operator.py
[2023-06-03T20:36:56.115+0000] {processor.py:826} INFO - Processing file /home/airflow/.local/lib/python3.7/site-packages/airflow/example_dags/example_bash_operator.py for tasks to queue
[2023-06-03T20:36:56.116+0000] {logging_mixin.py:149} INFO - [2023-06-03T20:36:56.116+0000] {dagbag.py:541} INFO - Filling up the DagBag from /home/airflow/.local/lib/python3.7/site-packages/airflow/example_dags/example_bash_operator.py
[2023-06-03T20:36:56.126+0000] {processor.py:836} INFO - DAG(s) dict_keys(['example_bash_operator']) retrieved from /home/airflow/.local/lib/python3.7/site-packages/airflow/example_dags/example_bash_operator.py
[2023-06-03T20:36:56.152+0000] {logging_mixin.py:149} INFO - [2023-06-03T20:36:56.152+0000] {dag.py:2726} INFO - Sync 1 DAGs
[2023-06-03T20:36:56.170+0000] {logging_mixin.py:149} INFO - [2023-06-03T20:36:56.170+0000] {dag.py:3490} INFO - Setting next_dagrun for example_bash_operator to 2023-06-03T00:00:00+00:00, run_after=2023-06-04T00:00:00+00:00
[2023-06-03T20:36:56.184+0000] {processor.py:179} INFO - Processing /home/airflow/.local/lib/python3.7/site-packages/airflow/example_dags/example_bash_operator.py took 0.072 seconds
[2023-06-03T20:37:27.015+0000] {processor.py:157} INFO - Started process (PID=6212) to work on /home/airflow/.local/lib/python3.7/site-packages/airflow/example_dags/example_bash_operator.py
[2023-06-03T20:37:27.016+0000] {processor.py:826} INFO - Processing file /home/airflow/.local/lib/python3.7/site-packages/airflow/example_dags/example_bash_operator.py for tasks to queue
[2023-06-03T20:37:27.018+0000] {logging_mixin.py:149} INFO - [2023-06-03T20:37:27.018+0000] {dagbag.py:541} INFO - Filling up the DagBag from /home/airflow/.local/lib/python3.7/site-packages/airflow/example_dags/example_bash_operator.py
[2023-06-03T20:37:27.029+0000] {processor.py:836} INFO - DAG(s) dict_keys(['example_bash_operator']) retrieved from /home/airflow/.local/lib/python3.7/site-packages/airflow/example_dags/example_bash_operator.py
[2023-06-03T20:37:27.059+0000] {logging_mixin.py:149} INFO - [2023-06-03T20:37:27.058+0000] {dag.py:2726} INFO - Sync 1 DAGs
[2023-06-03T20:37:27.082+0000] {logging_mixin.py:149} INFO - [2023-06-03T20:37:27.081+0000] {dag.py:3490} INFO - Setting next_dagrun for example_bash_operator to 2023-06-03T00:00:00+00:00, run_after=2023-06-04T00:00:00+00:00
[2023-06-03T20:37:27.100+0000] {processor.py:179} INFO - Processing /home/airflow/.local/lib/python3.7/site-packages/airflow/example_dags/example_bash_operator.py took 0.088 seconds
[2023-06-03T20:37:57.570+0000] {processor.py:157} INFO - Started process (PID=6464) to work on /home/airflow/.local/lib/python3.7/site-packages/airflow/example_dags/example_bash_operator.py
[2023-06-03T20:37:57.571+0000] {processor.py:826} INFO - Processing file /home/airflow/.local/lib/python3.7/site-packages/airflow/example_dags/example_bash_operator.py for tasks to queue
[2023-06-03T20:37:57.572+0000] {logging_mixin.py:149} INFO - [2023-06-03T20:37:57.572+0000] {dagbag.py:541} INFO - Filling up the DagBag from /home/airflow/.local/lib/python3.7/site-packages/airflow/example_dags/example_bash_operator.py
[2023-06-03T20:37:57.582+0000] {processor.py:836} INFO - DAG(s) dict_keys(['example_bash_operator']) retrieved from /home/airflow/.local/lib/python3.7/site-packages/airflow/example_dags/example_bash_operator.py
[2023-06-03T20:37:57.610+0000] {logging_mixin.py:149} INFO - [2023-06-03T20:37:57.610+0000] {dag.py:2726} INFO - Sync 1 DAGs
[2023-06-03T20:37:57.630+0000] {logging_mixin.py:149} INFO - [2023-06-03T20:37:57.630+0000] {dag.py:3490} INFO - Setting next_dagrun for example_bash_operator to 2023-06-03T00:00:00+00:00, run_after=2023-06-04T00:00:00+00:00
[2023-06-03T20:37:57.645+0000] {processor.py:179} INFO - Processing /home/airflow/.local/lib/python3.7/site-packages/airflow/example_dags/example_bash_operator.py took 0.078 seconds
[2023-06-03T20:38:27.860+0000] {processor.py:157} INFO - Started process (PID=6716) to work on /home/airflow/.local/lib/python3.7/site-packages/airflow/example_dags/example_bash_operator.py
[2023-06-03T20:38:27.861+0000] {processor.py:826} INFO - Processing file /home/airflow/.local/lib/python3.7/site-packages/airflow/example_dags/example_bash_operator.py for tasks to queue
[2023-06-03T20:38:27.862+0000] {logging_mixin.py:149} INFO - [2023-06-03T20:38:27.862+0000] {dagbag.py:541} INFO - Filling up the DagBag from /home/airflow/.local/lib/python3.7/site-packages/airflow/example_dags/example_bash_operator.py
[2023-06-03T20:38:27.872+0000] {processor.py:836} INFO - DAG(s) dict_keys(['example_bash_operator']) retrieved from /home/airflow/.local/lib/python3.7/site-packages/airflow/example_dags/example_bash_operator.py
[2023-06-03T20:38:27.898+0000] {logging_mixin.py:149} INFO - [2023-06-03T20:38:27.898+0000] {dag.py:2726} INFO - Sync 1 DAGs
[2023-06-03T20:38:27.918+0000] {logging_mixin.py:149} INFO - [2023-06-03T20:38:27.917+0000] {dag.py:3490} INFO - Setting next_dagrun for example_bash_operator to 2023-06-03T00:00:00+00:00, run_after=2023-06-04T00:00:00+00:00
[2023-06-03T20:38:27.933+0000] {processor.py:179} INFO - Processing /home/airflow/.local/lib/python3.7/site-packages/airflow/example_dags/example_bash_operator.py took 0.075 seconds
[2023-06-03T20:38:58.322+0000] {processor.py:157} INFO - Started process (PID=6970) to work on /home/airflow/.local/lib/python3.7/site-packages/airflow/example_dags/example_bash_operator.py
[2023-06-03T20:38:58.323+0000] {processor.py:826} INFO - Processing file /home/airflow/.local/lib/python3.7/site-packages/airflow/example_dags/example_bash_operator.py for tasks to queue
[2023-06-03T20:38:58.323+0000] {logging_mixin.py:149} INFO - [2023-06-03T20:38:58.323+0000] {dagbag.py:541} INFO - Filling up the DagBag from /home/airflow/.local/lib/python3.7/site-packages/airflow/example_dags/example_bash_operator.py
[2023-06-03T20:38:58.334+0000] {processor.py:836} INFO - DAG(s) dict_keys(['example_bash_operator']) retrieved from /home/airflow/.local/lib/python3.7/site-packages/airflow/example_dags/example_bash_operator.py
[2023-06-03T20:38:58.361+0000] {logging_mixin.py:149} INFO - [2023-06-03T20:38:58.361+0000] {dag.py:2726} INFO - Sync 1 DAGs
[2023-06-03T20:38:58.381+0000] {logging_mixin.py:149} INFO - [2023-06-03T20:38:58.381+0000] {dag.py:3490} INFO - Setting next_dagrun for example_bash_operator to 2023-06-03T00:00:00+00:00, run_after=2023-06-04T00:00:00+00:00
[2023-06-03T20:38:58.398+0000] {processor.py:179} INFO - Processing /home/airflow/.local/lib/python3.7/site-packages/airflow/example_dags/example_bash_operator.py took 0.079 seconds
[2023-06-03T20:39:28.470+0000] {processor.py:157} INFO - Started process (PID=7225) to work on /home/airflow/.local/lib/python3.7/site-packages/airflow/example_dags/example_bash_operator.py
[2023-06-03T20:39:28.471+0000] {processor.py:826} INFO - Processing file /home/airflow/.local/lib/python3.7/site-packages/airflow/example_dags/example_bash_operator.py for tasks to queue
[2023-06-03T20:39:28.472+0000] {logging_mixin.py:149} INFO - [2023-06-03T20:39:28.472+0000] {dagbag.py:541} INFO - Filling up the DagBag from /home/airflow/.local/lib/python3.7/site-packages/airflow/example_dags/example_bash_operator.py
[2023-06-03T20:39:28.484+0000] {processor.py:836} INFO - DAG(s) dict_keys(['example_bash_operator']) retrieved from /home/airflow/.local/lib/python3.7/site-packages/airflow/example_dags/example_bash_operator.py
[2023-06-03T20:39:28.516+0000] {logging_mixin.py:149} INFO - [2023-06-03T20:39:28.516+0000] {dag.py:2726} INFO - Sync 1 DAGs
[2023-06-03T20:39:28.538+0000] {logging_mixin.py:149} INFO - [2023-06-03T20:39:28.538+0000] {dag.py:3490} INFO - Setting next_dagrun for example_bash_operator to 2023-06-03T00:00:00+00:00, run_after=2023-06-04T00:00:00+00:00
[2023-06-03T20:39:28.556+0000] {processor.py:179} INFO - Processing /home/airflow/.local/lib/python3.7/site-packages/airflow/example_dags/example_bash_operator.py took 0.089 seconds
[2023-06-03T20:39:58.950+0000] {processor.py:157} INFO - Started process (PID=7479) to work on /home/airflow/.local/lib/python3.7/site-packages/airflow/example_dags/example_bash_operator.py
[2023-06-03T20:39:58.951+0000] {processor.py:826} INFO - Processing file /home/airflow/.local/lib/python3.7/site-packages/airflow/example_dags/example_bash_operator.py for tasks to queue
[2023-06-03T20:39:58.952+0000] {logging_mixin.py:149} INFO - [2023-06-03T20:39:58.952+0000] {dagbag.py:541} INFO - Filling up the DagBag from /home/airflow/.local/lib/python3.7/site-packages/airflow/example_dags/example_bash_operator.py
[2023-06-03T20:39:58.962+0000] {processor.py:836} INFO - DAG(s) dict_keys(['example_bash_operator']) retrieved from /home/airflow/.local/lib/python3.7/site-packages/airflow/example_dags/example_bash_operator.py
[2023-06-03T20:39:58.990+0000] {logging_mixin.py:149} INFO - [2023-06-03T20:39:58.990+0000] {dag.py:2726} INFO - Sync 1 DAGs
[2023-06-03T20:39:59.010+0000] {logging_mixin.py:149} INFO - [2023-06-03T20:39:59.010+0000] {dag.py:3490} INFO - Setting next_dagrun for example_bash_operator to 2023-06-03T00:00:00+00:00, run_after=2023-06-04T00:00:00+00:00
[2023-06-03T20:39:59.027+0000] {processor.py:179} INFO - Processing /home/airflow/.local/lib/python3.7/site-packages/airflow/example_dags/example_bash_operator.py took 0.079 seconds
[2023-06-03T20:40:29.282+0000] {processor.py:157} INFO - Started process (PID=7731) to work on /home/airflow/.local/lib/python3.7/site-packages/airflow/example_dags/example_bash_operator.py
[2023-06-03T20:40:29.283+0000] {processor.py:826} INFO - Processing file /home/airflow/.local/lib/python3.7/site-packages/airflow/example_dags/example_bash_operator.py for tasks to queue
[2023-06-03T20:40:29.285+0000] {logging_mixin.py:149} INFO - [2023-06-03T20:40:29.285+0000] {dagbag.py:541} INFO - Filling up the DagBag from /home/airflow/.local/lib/python3.7/site-packages/airflow/example_dags/example_bash_operator.py
[2023-06-03T20:40:29.295+0000] {processor.py:836} INFO - DAG(s) dict_keys(['example_bash_operator']) retrieved from /home/airflow/.local/lib/python3.7/site-packages/airflow/example_dags/example_bash_operator.py
[2023-06-03T20:40:29.345+0000] {logging_mixin.py:149} INFO - [2023-06-03T20:40:29.345+0000] {dag.py:2726} INFO - Sync 1 DAGs
[2023-06-03T20:40:29.364+0000] {logging_mixin.py:149} INFO - [2023-06-03T20:40:29.364+0000] {dag.py:3490} INFO - Setting next_dagrun for example_bash_operator to 2023-06-03T00:00:00+00:00, run_after=2023-06-04T00:00:00+00:00
[2023-06-03T20:40:29.382+0000] {processor.py:179} INFO - Processing /home/airflow/.local/lib/python3.7/site-packages/airflow/example_dags/example_bash_operator.py took 0.102 seconds
[2023-06-03T20:41:00.315+0000] {processor.py:157} INFO - Started process (PID=7978) to work on /home/airflow/.local/lib/python3.7/site-packages/airflow/example_dags/example_bash_operator.py
[2023-06-03T20:41:00.320+0000] {processor.py:826} INFO - Processing file /home/airflow/.local/lib/python3.7/site-packages/airflow/example_dags/example_bash_operator.py for tasks to queue
[2023-06-03T20:41:00.323+0000] {logging_mixin.py:149} INFO - [2023-06-03T20:41:00.323+0000] {dagbag.py:541} INFO - Filling up the DagBag from /home/airflow/.local/lib/python3.7/site-packages/airflow/example_dags/example_bash_operator.py
[2023-06-03T20:41:00.334+0000] {processor.py:836} INFO - DAG(s) dict_keys(['example_bash_operator']) retrieved from /home/airflow/.local/lib/python3.7/site-packages/airflow/example_dags/example_bash_operator.py
[2023-06-03T20:41:00.365+0000] {logging_mixin.py:149} INFO - [2023-06-03T20:41:00.365+0000] {dag.py:2726} INFO - Sync 1 DAGs
[2023-06-03T20:41:00.385+0000] {logging_mixin.py:149} INFO - [2023-06-03T20:41:00.385+0000] {dag.py:3490} INFO - Setting next_dagrun for example_bash_operator to 2023-06-03T00:00:00+00:00, run_after=2023-06-04T00:00:00+00:00
[2023-06-03T20:41:00.402+0000] {processor.py:179} INFO - Processing /home/airflow/.local/lib/python3.7/site-packages/airflow/example_dags/example_bash_operator.py took 0.089 seconds
[2023-06-03T20:41:30.465+0000] {processor.py:157} INFO - Started process (PID=8230) to work on /home/airflow/.local/lib/python3.7/site-packages/airflow/example_dags/example_bash_operator.py
[2023-06-03T20:41:30.467+0000] {processor.py:826} INFO - Processing file /home/airflow/.local/lib/python3.7/site-packages/airflow/example_dags/example_bash_operator.py for tasks to queue
[2023-06-03T20:41:30.468+0000] {logging_mixin.py:149} INFO - [2023-06-03T20:41:30.468+0000] {dagbag.py:541} INFO - Filling up the DagBag from /home/airflow/.local/lib/python3.7/site-packages/airflow/example_dags/example_bash_operator.py
[2023-06-03T20:41:30.479+0000] {processor.py:836} INFO - DAG(s) dict_keys(['example_bash_operator']) retrieved from /home/airflow/.local/lib/python3.7/site-packages/airflow/example_dags/example_bash_operator.py
[2023-06-03T20:41:30.507+0000] {logging_mixin.py:149} INFO - [2023-06-03T20:41:30.507+0000] {dag.py:2726} INFO - Sync 1 DAGs
[2023-06-03T20:41:30.526+0000] {logging_mixin.py:149} INFO - [2023-06-03T20:41:30.526+0000] {dag.py:3490} INFO - Setting next_dagrun for example_bash_operator to 2023-06-03T00:00:00+00:00, run_after=2023-06-04T00:00:00+00:00
[2023-06-03T20:41:30.543+0000] {processor.py:179} INFO - Processing /home/airflow/.local/lib/python3.7/site-packages/airflow/example_dags/example_bash_operator.py took 0.080 seconds
[2023-06-03T20:42:00.727+0000] {processor.py:157} INFO - Started process (PID=8480) to work on /home/airflow/.local/lib/python3.7/site-packages/airflow/example_dags/example_bash_operator.py
[2023-06-03T20:42:00.728+0000] {processor.py:826} INFO - Processing file /home/airflow/.local/lib/python3.7/site-packages/airflow/example_dags/example_bash_operator.py for tasks to queue
[2023-06-03T20:42:00.729+0000] {logging_mixin.py:149} INFO - [2023-06-03T20:42:00.729+0000] {dagbag.py:541} INFO - Filling up the DagBag from /home/airflow/.local/lib/python3.7/site-packages/airflow/example_dags/example_bash_operator.py
[2023-06-03T20:42:00.743+0000] {processor.py:836} INFO - DAG(s) dict_keys(['example_bash_operator']) retrieved from /home/airflow/.local/lib/python3.7/site-packages/airflow/example_dags/example_bash_operator.py
[2023-06-03T20:42:00.774+0000] {logging_mixin.py:149} INFO - [2023-06-03T20:42:00.773+0000] {dag.py:2726} INFO - Sync 1 DAGs
[2023-06-03T20:42:00.795+0000] {logging_mixin.py:149} INFO - [2023-06-03T20:42:00.795+0000] {dag.py:3490} INFO - Setting next_dagrun for example_bash_operator to 2023-06-03T00:00:00+00:00, run_after=2023-06-04T00:00:00+00:00
[2023-06-03T20:42:00.813+0000] {processor.py:179} INFO - Processing /home/airflow/.local/lib/python3.7/site-packages/airflow/example_dags/example_bash_operator.py took 0.089 seconds
[2023-06-03T20:42:31.914+0000] {processor.py:157} INFO - Started process (PID=8734) to work on /home/airflow/.local/lib/python3.7/site-packages/airflow/example_dags/example_bash_operator.py
[2023-06-03T20:42:31.915+0000] {processor.py:826} INFO - Processing file /home/airflow/.local/lib/python3.7/site-packages/airflow/example_dags/example_bash_operator.py for tasks to queue
[2023-06-03T20:42:31.916+0000] {logging_mixin.py:149} INFO - [2023-06-03T20:42:31.916+0000] {dagbag.py:541} INFO - Filling up the DagBag from /home/airflow/.local/lib/python3.7/site-packages/airflow/example_dags/example_bash_operator.py
[2023-06-03T20:42:31.927+0000] {processor.py:836} INFO - DAG(s) dict_keys(['example_bash_operator']) retrieved from /home/airflow/.local/lib/python3.7/site-packages/airflow/example_dags/example_bash_operator.py
[2023-06-03T20:42:31.956+0000] {logging_mixin.py:149} INFO - [2023-06-03T20:42:31.956+0000] {dag.py:2726} INFO - Sync 1 DAGs
[2023-06-03T20:42:31.980+0000] {logging_mixin.py:149} INFO - [2023-06-03T20:42:31.980+0000] {dag.py:3490} INFO - Setting next_dagrun for example_bash_operator to 2023-06-03T00:00:00+00:00, run_after=2023-06-04T00:00:00+00:00
[2023-06-03T20:42:31.996+0000] {processor.py:179} INFO - Processing /home/airflow/.local/lib/python3.7/site-packages/airflow/example_dags/example_bash_operator.py took 0.085 seconds
[2023-06-03T20:43:02.123+0000] {processor.py:157} INFO - Started process (PID=8984) to work on /home/airflow/.local/lib/python3.7/site-packages/airflow/example_dags/example_bash_operator.py
[2023-06-03T20:43:02.124+0000] {processor.py:826} INFO - Processing file /home/airflow/.local/lib/python3.7/site-packages/airflow/example_dags/example_bash_operator.py for tasks to queue
[2023-06-03T20:43:02.125+0000] {logging_mixin.py:149} INFO - [2023-06-03T20:43:02.125+0000] {dagbag.py:541} INFO - Filling up the DagBag from /home/airflow/.local/lib/python3.7/site-packages/airflow/example_dags/example_bash_operator.py
[2023-06-03T20:43:02.136+0000] {processor.py:836} INFO - DAG(s) dict_keys(['example_bash_operator']) retrieved from /home/airflow/.local/lib/python3.7/site-packages/airflow/example_dags/example_bash_operator.py
[2023-06-03T20:43:02.166+0000] {logging_mixin.py:149} INFO - [2023-06-03T20:43:02.166+0000] {dag.py:2726} INFO - Sync 1 DAGs
[2023-06-03T20:43:02.186+0000] {logging_mixin.py:149} INFO - [2023-06-03T20:43:02.186+0000] {dag.py:3490} INFO - Setting next_dagrun for example_bash_operator to 2023-06-03T00:00:00+00:00, run_after=2023-06-04T00:00:00+00:00
[2023-06-03T20:43:02.206+0000] {processor.py:179} INFO - Processing /home/airflow/.local/lib/python3.7/site-packages/airflow/example_dags/example_bash_operator.py took 0.086 seconds
[2023-06-03T20:43:32.383+0000] {processor.py:157} INFO - Started process (PID=9236) to work on /home/airflow/.local/lib/python3.7/site-packages/airflow/example_dags/example_bash_operator.py
[2023-06-03T20:43:32.384+0000] {processor.py:826} INFO - Processing file /home/airflow/.local/lib/python3.7/site-packages/airflow/example_dags/example_bash_operator.py for tasks to queue
[2023-06-03T20:43:32.386+0000] {logging_mixin.py:149} INFO - [2023-06-03T20:43:32.385+0000] {dagbag.py:541} INFO - Filling up the DagBag from /home/airflow/.local/lib/python3.7/site-packages/airflow/example_dags/example_bash_operator.py
[2023-06-03T20:43:32.396+0000] {processor.py:836} INFO - DAG(s) dict_keys(['example_bash_operator']) retrieved from /home/airflow/.local/lib/python3.7/site-packages/airflow/example_dags/example_bash_operator.py
[2023-06-03T20:43:32.424+0000] {logging_mixin.py:149} INFO - [2023-06-03T20:43:32.424+0000] {dag.py:2726} INFO - Sync 1 DAGs
[2023-06-03T20:43:32.483+0000] {logging_mixin.py:149} INFO - [2023-06-03T20:43:32.483+0000] {dag.py:3490} INFO - Setting next_dagrun for example_bash_operator to 2023-06-03T00:00:00+00:00, run_after=2023-06-04T00:00:00+00:00
[2023-06-03T20:43:32.500+0000] {processor.py:179} INFO - Processing /home/airflow/.local/lib/python3.7/site-packages/airflow/example_dags/example_bash_operator.py took 0.120 seconds
[2023-06-03T20:44:03.337+0000] {processor.py:157} INFO - Started process (PID=9488) to work on /home/airflow/.local/lib/python3.7/site-packages/airflow/example_dags/example_bash_operator.py
[2023-06-03T20:44:03.339+0000] {processor.py:826} INFO - Processing file /home/airflow/.local/lib/python3.7/site-packages/airflow/example_dags/example_bash_operator.py for tasks to queue
[2023-06-03T20:44:03.340+0000] {logging_mixin.py:149} INFO - [2023-06-03T20:44:03.340+0000] {dagbag.py:541} INFO - Filling up the DagBag from /home/airflow/.local/lib/python3.7/site-packages/airflow/example_dags/example_bash_operator.py
[2023-06-03T20:44:03.350+0000] {processor.py:836} INFO - DAG(s) dict_keys(['example_bash_operator']) retrieved from /home/airflow/.local/lib/python3.7/site-packages/airflow/example_dags/example_bash_operator.py
[2023-06-03T20:44:03.378+0000] {logging_mixin.py:149} INFO - [2023-06-03T20:44:03.377+0000] {dag.py:2726} INFO - Sync 1 DAGs
[2023-06-03T20:44:03.397+0000] {logging_mixin.py:149} INFO - [2023-06-03T20:44:03.396+0000] {dag.py:3490} INFO - Setting next_dagrun for example_bash_operator to 2023-06-03T00:00:00+00:00, run_after=2023-06-04T00:00:00+00:00
[2023-06-03T20:44:03.412+0000] {processor.py:179} INFO - Processing /home/airflow/.local/lib/python3.7/site-packages/airflow/example_dags/example_bash_operator.py took 0.077 seconds
[2023-06-03T20:44:34.401+0000] {processor.py:157} INFO - Started process (PID=9742) to work on /home/airflow/.local/lib/python3.7/site-packages/airflow/example_dags/example_bash_operator.py
[2023-06-03T20:44:34.402+0000] {processor.py:826} INFO - Processing file /home/airflow/.local/lib/python3.7/site-packages/airflow/example_dags/example_bash_operator.py for tasks to queue
[2023-06-03T20:44:34.404+0000] {logging_mixin.py:149} INFO - [2023-06-03T20:44:34.404+0000] {dagbag.py:541} INFO - Filling up the DagBag from /home/airflow/.local/lib/python3.7/site-packages/airflow/example_dags/example_bash_operator.py
[2023-06-03T20:44:34.414+0000] {processor.py:836} INFO - DAG(s) dict_keys(['example_bash_operator']) retrieved from /home/airflow/.local/lib/python3.7/site-packages/airflow/example_dags/example_bash_operator.py
[2023-06-03T20:44:34.445+0000] {logging_mixin.py:149} INFO - [2023-06-03T20:44:34.444+0000] {dag.py:2726} INFO - Sync 1 DAGs
[2023-06-03T20:44:34.463+0000] {logging_mixin.py:149} INFO - [2023-06-03T20:44:34.463+0000] {dag.py:3490} INFO - Setting next_dagrun for example_bash_operator to 2023-06-03T00:00:00+00:00, run_after=2023-06-04T00:00:00+00:00
[2023-06-03T20:44:34.481+0000] {processor.py:179} INFO - Processing /home/airflow/.local/lib/python3.7/site-packages/airflow/example_dags/example_bash_operator.py took 0.081 seconds
[2023-06-03T20:45:05.571+0000] {processor.py:157} INFO - Started process (PID=9994) to work on /home/airflow/.local/lib/python3.7/site-packages/airflow/example_dags/example_bash_operator.py
[2023-06-03T20:45:05.572+0000] {processor.py:826} INFO - Processing file /home/airflow/.local/lib/python3.7/site-packages/airflow/example_dags/example_bash_operator.py for tasks to queue
[2023-06-03T20:45:05.573+0000] {logging_mixin.py:149} INFO - [2023-06-03T20:45:05.573+0000] {dagbag.py:541} INFO - Filling up the DagBag from /home/airflow/.local/lib/python3.7/site-packages/airflow/example_dags/example_bash_operator.py
[2023-06-03T20:45:05.583+0000] {processor.py:836} INFO - DAG(s) dict_keys(['example_bash_operator']) retrieved from /home/airflow/.local/lib/python3.7/site-packages/airflow/example_dags/example_bash_operator.py
[2023-06-03T20:45:05.612+0000] {logging_mixin.py:149} INFO - [2023-06-03T20:45:05.612+0000] {dag.py:2726} INFO - Sync 1 DAGs
[2023-06-03T20:45:05.631+0000] {logging_mixin.py:149} INFO - [2023-06-03T20:45:05.631+0000] {dag.py:3490} INFO - Setting next_dagrun for example_bash_operator to 2023-06-03T00:00:00+00:00, run_after=2023-06-04T00:00:00+00:00
[2023-06-03T20:45:05.649+0000] {processor.py:179} INFO - Processing /home/airflow/.local/lib/python3.7/site-packages/airflow/example_dags/example_bash_operator.py took 0.081 seconds
[2023-06-03T20:45:36.140+0000] {processor.py:157} INFO - Started process (PID=10249) to work on /home/airflow/.local/lib/python3.7/site-packages/airflow/example_dags/example_bash_operator.py
[2023-06-03T20:45:36.141+0000] {processor.py:826} INFO - Processing file /home/airflow/.local/lib/python3.7/site-packages/airflow/example_dags/example_bash_operator.py for tasks to queue
[2023-06-03T20:45:36.142+0000] {logging_mixin.py:149} INFO - [2023-06-03T20:45:36.142+0000] {dagbag.py:541} INFO - Filling up the DagBag from /home/airflow/.local/lib/python3.7/site-packages/airflow/example_dags/example_bash_operator.py
[2023-06-03T20:45:36.153+0000] {processor.py:836} INFO - DAG(s) dict_keys(['example_bash_operator']) retrieved from /home/airflow/.local/lib/python3.7/site-packages/airflow/example_dags/example_bash_operator.py
[2023-06-03T20:45:36.182+0000] {logging_mixin.py:149} INFO - [2023-06-03T20:45:36.182+0000] {dag.py:2726} INFO - Sync 1 DAGs
[2023-06-03T20:45:36.201+0000] {logging_mixin.py:149} INFO - [2023-06-03T20:45:36.201+0000] {dag.py:3490} INFO - Setting next_dagrun for example_bash_operator to 2023-06-03T00:00:00+00:00, run_after=2023-06-04T00:00:00+00:00
[2023-06-03T20:45:36.218+0000] {processor.py:179} INFO - Processing /home/airflow/.local/lib/python3.7/site-packages/airflow/example_dags/example_bash_operator.py took 0.080 seconds
[2023-06-03T20:46:06.362+0000] {processor.py:157} INFO - Started process (PID=10501) to work on /home/airflow/.local/lib/python3.7/site-packages/airflow/example_dags/example_bash_operator.py
[2023-06-03T20:46:06.363+0000] {processor.py:826} INFO - Processing file /home/airflow/.local/lib/python3.7/site-packages/airflow/example_dags/example_bash_operator.py for tasks to queue
[2023-06-03T20:46:06.364+0000] {logging_mixin.py:149} INFO - [2023-06-03T20:46:06.364+0000] {dagbag.py:541} INFO - Filling up the DagBag from /home/airflow/.local/lib/python3.7/site-packages/airflow/example_dags/example_bash_operator.py
[2023-06-03T20:46:06.375+0000] {processor.py:836} INFO - DAG(s) dict_keys(['example_bash_operator']) retrieved from /home/airflow/.local/lib/python3.7/site-packages/airflow/example_dags/example_bash_operator.py
[2023-06-03T20:46:06.403+0000] {logging_mixin.py:149} INFO - [2023-06-03T20:46:06.403+0000] {dag.py:2726} INFO - Sync 1 DAGs
[2023-06-03T20:46:06.425+0000] {logging_mixin.py:149} INFO - [2023-06-03T20:46:06.425+0000] {dag.py:3490} INFO - Setting next_dagrun for example_bash_operator to 2023-06-03T00:00:00+00:00, run_after=2023-06-04T00:00:00+00:00
[2023-06-03T20:46:06.441+0000] {processor.py:179} INFO - Processing /home/airflow/.local/lib/python3.7/site-packages/airflow/example_dags/example_bash_operator.py took 0.081 seconds
[2023-06-03T20:46:37.448+0000] {processor.py:157} INFO - Started process (PID=10748) to work on /home/airflow/.local/lib/python3.7/site-packages/airflow/example_dags/example_bash_operator.py
[2023-06-03T20:46:37.449+0000] {processor.py:826} INFO - Processing file /home/airflow/.local/lib/python3.7/site-packages/airflow/example_dags/example_bash_operator.py for tasks to queue
[2023-06-03T20:46:37.451+0000] {logging_mixin.py:149} INFO - [2023-06-03T20:46:37.450+0000] {dagbag.py:541} INFO - Filling up the DagBag from /home/airflow/.local/lib/python3.7/site-packages/airflow/example_dags/example_bash_operator.py
[2023-06-03T20:46:37.461+0000] {processor.py:836} INFO - DAG(s) dict_keys(['example_bash_operator']) retrieved from /home/airflow/.local/lib/python3.7/site-packages/airflow/example_dags/example_bash_operator.py
[2023-06-03T20:46:37.490+0000] {logging_mixin.py:149} INFO - [2023-06-03T20:46:37.490+0000] {dag.py:2726} INFO - Sync 1 DAGs
[2023-06-03T20:46:37.511+0000] {logging_mixin.py:149} INFO - [2023-06-03T20:46:37.511+0000] {dag.py:3490} INFO - Setting next_dagrun for example_bash_operator to 2023-06-03T00:00:00+00:00, run_after=2023-06-04T00:00:00+00:00
[2023-06-03T20:46:37.538+0000] {processor.py:179} INFO - Processing /home/airflow/.local/lib/python3.7/site-packages/airflow/example_dags/example_bash_operator.py took 0.093 seconds
[2023-06-03T20:47:07.966+0000] {processor.py:157} INFO - Started process (PID=11000) to work on /home/airflow/.local/lib/python3.7/site-packages/airflow/example_dags/example_bash_operator.py
[2023-06-03T20:47:07.967+0000] {processor.py:826} INFO - Processing file /home/airflow/.local/lib/python3.7/site-packages/airflow/example_dags/example_bash_operator.py for tasks to queue
[2023-06-03T20:47:07.968+0000] {logging_mixin.py:149} INFO - [2023-06-03T20:47:07.967+0000] {dagbag.py:541} INFO - Filling up the DagBag from /home/airflow/.local/lib/python3.7/site-packages/airflow/example_dags/example_bash_operator.py
[2023-06-03T20:47:07.977+0000] {processor.py:836} INFO - DAG(s) dict_keys(['example_bash_operator']) retrieved from /home/airflow/.local/lib/python3.7/site-packages/airflow/example_dags/example_bash_operator.py
[2023-06-03T20:47:08.002+0000] {logging_mixin.py:149} INFO - [2023-06-03T20:47:08.002+0000] {dag.py:2726} INFO - Sync 1 DAGs
[2023-06-03T20:47:08.046+0000] {logging_mixin.py:149} INFO - [2023-06-03T20:47:08.046+0000] {dag.py:3490} INFO - Setting next_dagrun for example_bash_operator to 2023-06-03T00:00:00+00:00, run_after=2023-06-04T00:00:00+00:00
[2023-06-03T20:47:08.062+0000] {processor.py:179} INFO - Processing /home/airflow/.local/lib/python3.7/site-packages/airflow/example_dags/example_bash_operator.py took 0.098 seconds
[2023-06-03T20:47:38.298+0000] {processor.py:157} INFO - Started process (PID=11254) to work on /home/airflow/.local/lib/python3.7/site-packages/airflow/example_dags/example_bash_operator.py
[2023-06-03T20:47:38.300+0000] {processor.py:826} INFO - Processing file /home/airflow/.local/lib/python3.7/site-packages/airflow/example_dags/example_bash_operator.py for tasks to queue
[2023-06-03T20:47:38.300+0000] {logging_mixin.py:149} INFO - [2023-06-03T20:47:38.300+0000] {dagbag.py:541} INFO - Filling up the DagBag from /home/airflow/.local/lib/python3.7/site-packages/airflow/example_dags/example_bash_operator.py
[2023-06-03T20:47:38.310+0000] {processor.py:836} INFO - DAG(s) dict_keys(['example_bash_operator']) retrieved from /home/airflow/.local/lib/python3.7/site-packages/airflow/example_dags/example_bash_operator.py
[2023-06-03T20:47:38.339+0000] {logging_mixin.py:149} INFO - [2023-06-03T20:47:38.339+0000] {dag.py:2726} INFO - Sync 1 DAGs
[2023-06-03T20:47:38.357+0000] {logging_mixin.py:149} INFO - [2023-06-03T20:47:38.357+0000] {dag.py:3490} INFO - Setting next_dagrun for example_bash_operator to 2023-06-03T00:00:00+00:00, run_after=2023-06-04T00:00:00+00:00
[2023-06-03T20:47:38.373+0000] {processor.py:179} INFO - Processing /home/airflow/.local/lib/python3.7/site-packages/airflow/example_dags/example_bash_operator.py took 0.077 seconds
[2023-06-03T20:48:08.546+0000] {processor.py:157} INFO - Started process (PID=11509) to work on /home/airflow/.local/lib/python3.7/site-packages/airflow/example_dags/example_bash_operator.py
[2023-06-03T20:48:08.547+0000] {processor.py:826} INFO - Processing file /home/airflow/.local/lib/python3.7/site-packages/airflow/example_dags/example_bash_operator.py for tasks to queue
[2023-06-03T20:48:08.548+0000] {logging_mixin.py:149} INFO - [2023-06-03T20:48:08.547+0000] {dagbag.py:541} INFO - Filling up the DagBag from /home/airflow/.local/lib/python3.7/site-packages/airflow/example_dags/example_bash_operator.py
[2023-06-03T20:48:08.558+0000] {processor.py:836} INFO - DAG(s) dict_keys(['example_bash_operator']) retrieved from /home/airflow/.local/lib/python3.7/site-packages/airflow/example_dags/example_bash_operator.py
[2023-06-03T20:48:08.585+0000] {logging_mixin.py:149} INFO - [2023-06-03T20:48:08.585+0000] {dag.py:2726} INFO - Sync 1 DAGs
[2023-06-03T20:48:08.604+0000] {logging_mixin.py:149} INFO - [2023-06-03T20:48:08.604+0000] {dag.py:3490} INFO - Setting next_dagrun for example_bash_operator to 2023-06-03T00:00:00+00:00, run_after=2023-06-04T00:00:00+00:00
[2023-06-03T20:48:08.620+0000] {processor.py:179} INFO - Processing /home/airflow/.local/lib/python3.7/site-packages/airflow/example_dags/example_bash_operator.py took 0.077 seconds
[2023-06-03T20:48:39.136+0000] {processor.py:157} INFO - Started process (PID=11758) to work on /home/airflow/.local/lib/python3.7/site-packages/airflow/example_dags/example_bash_operator.py
[2023-06-03T20:48:39.137+0000] {processor.py:826} INFO - Processing file /home/airflow/.local/lib/python3.7/site-packages/airflow/example_dags/example_bash_operator.py for tasks to queue
[2023-06-03T20:48:39.138+0000] {logging_mixin.py:149} INFO - [2023-06-03T20:48:39.138+0000] {dagbag.py:541} INFO - Filling up the DagBag from /home/airflow/.local/lib/python3.7/site-packages/airflow/example_dags/example_bash_operator.py
[2023-06-03T20:48:39.150+0000] {processor.py:836} INFO - DAG(s) dict_keys(['example_bash_operator']) retrieved from /home/airflow/.local/lib/python3.7/site-packages/airflow/example_dags/example_bash_operator.py
[2023-06-03T20:48:39.179+0000] {logging_mixin.py:149} INFO - [2023-06-03T20:48:39.179+0000] {dag.py:2726} INFO - Sync 1 DAGs
[2023-06-03T20:48:39.199+0000] {logging_mixin.py:149} INFO - [2023-06-03T20:48:39.199+0000] {dag.py:3490} INFO - Setting next_dagrun for example_bash_operator to 2023-06-03T00:00:00+00:00, run_after=2023-06-04T00:00:00+00:00
[2023-06-03T20:48:39.215+0000] {processor.py:179} INFO - Processing /home/airflow/.local/lib/python3.7/site-packages/airflow/example_dags/example_bash_operator.py took 0.082 seconds
[2023-06-03T20:49:09.319+0000] {processor.py:157} INFO - Started process (PID=12010) to work on /home/airflow/.local/lib/python3.7/site-packages/airflow/example_dags/example_bash_operator.py
[2023-06-03T20:49:09.321+0000] {processor.py:826} INFO - Processing file /home/airflow/.local/lib/python3.7/site-packages/airflow/example_dags/example_bash_operator.py for tasks to queue
[2023-06-03T20:49:09.322+0000] {logging_mixin.py:149} INFO - [2023-06-03T20:49:09.322+0000] {dagbag.py:541} INFO - Filling up the DagBag from /home/airflow/.local/lib/python3.7/site-packages/airflow/example_dags/example_bash_operator.py
[2023-06-03T20:49:09.334+0000] {processor.py:836} INFO - DAG(s) dict_keys(['example_bash_operator']) retrieved from /home/airflow/.local/lib/python3.7/site-packages/airflow/example_dags/example_bash_operator.py
[2023-06-03T20:49:09.361+0000] {logging_mixin.py:149} INFO - [2023-06-03T20:49:09.361+0000] {dag.py:2726} INFO - Sync 1 DAGs
[2023-06-03T20:49:09.380+0000] {logging_mixin.py:149} INFO - [2023-06-03T20:49:09.380+0000] {dag.py:3490} INFO - Setting next_dagrun for example_bash_operator to 2023-06-03T00:00:00+00:00, run_after=2023-06-04T00:00:00+00:00
[2023-06-03T20:49:09.396+0000] {processor.py:179} INFO - Processing /home/airflow/.local/lib/python3.7/site-packages/airflow/example_dags/example_bash_operator.py took 0.080 seconds
[2023-06-03T20:49:39.466+0000] {processor.py:157} INFO - Started process (PID=12260) to work on /home/airflow/.local/lib/python3.7/site-packages/airflow/example_dags/example_bash_operator.py
[2023-06-03T20:49:39.467+0000] {processor.py:826} INFO - Processing file /home/airflow/.local/lib/python3.7/site-packages/airflow/example_dags/example_bash_operator.py for tasks to queue
[2023-06-03T20:49:39.469+0000] {logging_mixin.py:149} INFO - [2023-06-03T20:49:39.469+0000] {dagbag.py:541} INFO - Filling up the DagBag from /home/airflow/.local/lib/python3.7/site-packages/airflow/example_dags/example_bash_operator.py
[2023-06-03T20:49:39.479+0000] {processor.py:836} INFO - DAG(s) dict_keys(['example_bash_operator']) retrieved from /home/airflow/.local/lib/python3.7/site-packages/airflow/example_dags/example_bash_operator.py
[2023-06-03T20:49:39.506+0000] {logging_mixin.py:149} INFO - [2023-06-03T20:49:39.506+0000] {dag.py:2726} INFO - Sync 1 DAGs
[2023-06-03T20:49:39.525+0000] {logging_mixin.py:149} INFO - [2023-06-03T20:49:39.525+0000] {dag.py:3490} INFO - Setting next_dagrun for example_bash_operator to 2023-06-03T00:00:00+00:00, run_after=2023-06-04T00:00:00+00:00
[2023-06-03T20:49:39.540+0000] {processor.py:179} INFO - Processing /home/airflow/.local/lib/python3.7/site-packages/airflow/example_dags/example_bash_operator.py took 0.076 seconds
[2023-06-03T20:50:10.268+0000] {processor.py:157} INFO - Started process (PID=12512) to work on /home/airflow/.local/lib/python3.7/site-packages/airflow/example_dags/example_bash_operator.py
[2023-06-03T20:50:10.269+0000] {processor.py:826} INFO - Processing file /home/airflow/.local/lib/python3.7/site-packages/airflow/example_dags/example_bash_operator.py for tasks to queue
[2023-06-03T20:50:10.270+0000] {logging_mixin.py:149} INFO - [2023-06-03T20:50:10.270+0000] {dagbag.py:541} INFO - Filling up the DagBag from /home/airflow/.local/lib/python3.7/site-packages/airflow/example_dags/example_bash_operator.py
[2023-06-03T20:50:10.280+0000] {processor.py:836} INFO - DAG(s) dict_keys(['example_bash_operator']) retrieved from /home/airflow/.local/lib/python3.7/site-packages/airflow/example_dags/example_bash_operator.py
[2023-06-03T20:50:10.306+0000] {logging_mixin.py:149} INFO - [2023-06-03T20:50:10.306+0000] {dag.py:2726} INFO - Sync 1 DAGs
[2023-06-03T20:50:10.325+0000] {logging_mixin.py:149} INFO - [2023-06-03T20:50:10.325+0000] {dag.py:3490} INFO - Setting next_dagrun for example_bash_operator to 2023-06-03T00:00:00+00:00, run_after=2023-06-04T00:00:00+00:00
[2023-06-03T20:50:10.340+0000] {processor.py:179} INFO - Processing /home/airflow/.local/lib/python3.7/site-packages/airflow/example_dags/example_bash_operator.py took 0.074 seconds
[2023-06-03T20:50:41.344+0000] {processor.py:157} INFO - Started process (PID=12764) to work on /home/airflow/.local/lib/python3.7/site-packages/airflow/example_dags/example_bash_operator.py
[2023-06-03T20:50:41.345+0000] {processor.py:826} INFO - Processing file /home/airflow/.local/lib/python3.7/site-packages/airflow/example_dags/example_bash_operator.py for tasks to queue
[2023-06-03T20:50:41.347+0000] {logging_mixin.py:149} INFO - [2023-06-03T20:50:41.347+0000] {dagbag.py:541} INFO - Filling up the DagBag from /home/airflow/.local/lib/python3.7/site-packages/airflow/example_dags/example_bash_operator.py
[2023-06-03T20:50:41.357+0000] {processor.py:836} INFO - DAG(s) dict_keys(['example_bash_operator']) retrieved from /home/airflow/.local/lib/python3.7/site-packages/airflow/example_dags/example_bash_operator.py
[2023-06-03T20:50:41.383+0000] {logging_mixin.py:149} INFO - [2023-06-03T20:50:41.383+0000] {dag.py:2726} INFO - Sync 1 DAGs
[2023-06-03T20:50:41.416+0000] {logging_mixin.py:149} INFO - [2023-06-03T20:50:41.416+0000] {dag.py:3490} INFO - Setting next_dagrun for example_bash_operator to 2023-06-03T00:00:00+00:00, run_after=2023-06-04T00:00:00+00:00
[2023-06-03T20:50:41.431+0000] {processor.py:179} INFO - Processing /home/airflow/.local/lib/python3.7/site-packages/airflow/example_dags/example_bash_operator.py took 0.089 seconds
[2023-06-03T20:51:12.083+0000] {processor.py:157} INFO - Started process (PID=13026) to work on /home/airflow/.local/lib/python3.7/site-packages/airflow/example_dags/example_bash_operator.py
[2023-06-03T20:51:12.084+0000] {processor.py:826} INFO - Processing file /home/airflow/.local/lib/python3.7/site-packages/airflow/example_dags/example_bash_operator.py for tasks to queue
[2023-06-03T20:51:12.085+0000] {logging_mixin.py:149} INFO - [2023-06-03T20:51:12.085+0000] {dagbag.py:541} INFO - Filling up the DagBag from /home/airflow/.local/lib/python3.7/site-packages/airflow/example_dags/example_bash_operator.py
[2023-06-03T20:51:12.095+0000] {processor.py:836} INFO - DAG(s) dict_keys(['example_bash_operator']) retrieved from /home/airflow/.local/lib/python3.7/site-packages/airflow/example_dags/example_bash_operator.py
[2023-06-03T20:51:12.123+0000] {logging_mixin.py:149} INFO - [2023-06-03T20:51:12.123+0000] {dag.py:2726} INFO - Sync 1 DAGs
[2023-06-03T20:51:12.141+0000] {logging_mixin.py:149} INFO - [2023-06-03T20:51:12.141+0000] {dag.py:3490} INFO - Setting next_dagrun for example_bash_operator to 2023-06-03T00:00:00+00:00, run_after=2023-06-04T00:00:00+00:00
[2023-06-03T20:51:12.156+0000] {processor.py:179} INFO - Processing /home/airflow/.local/lib/python3.7/site-packages/airflow/example_dags/example_bash_operator.py took 0.076 seconds
[2023-06-03T20:51:43.281+0000] {processor.py:157} INFO - Started process (PID=13278) to work on /home/airflow/.local/lib/python3.7/site-packages/airflow/example_dags/example_bash_operator.py
[2023-06-03T20:51:43.282+0000] {processor.py:826} INFO - Processing file /home/airflow/.local/lib/python3.7/site-packages/airflow/example_dags/example_bash_operator.py for tasks to queue
[2023-06-03T20:51:43.283+0000] {logging_mixin.py:149} INFO - [2023-06-03T20:51:43.283+0000] {dagbag.py:541} INFO - Filling up the DagBag from /home/airflow/.local/lib/python3.7/site-packages/airflow/example_dags/example_bash_operator.py
[2023-06-03T20:51:43.295+0000] {processor.py:836} INFO - DAG(s) dict_keys(['example_bash_operator']) retrieved from /home/airflow/.local/lib/python3.7/site-packages/airflow/example_dags/example_bash_operator.py
[2023-06-03T20:51:43.324+0000] {logging_mixin.py:149} INFO - [2023-06-03T20:51:43.324+0000] {dag.py:2726} INFO - Sync 1 DAGs
[2023-06-03T20:51:43.343+0000] {logging_mixin.py:149} INFO - [2023-06-03T20:51:43.343+0000] {dag.py:3490} INFO - Setting next_dagrun for example_bash_operator to 2023-06-03T00:00:00+00:00, run_after=2023-06-04T00:00:00+00:00
[2023-06-03T20:51:43.360+0000] {processor.py:179} INFO - Processing /home/airflow/.local/lib/python3.7/site-packages/airflow/example_dags/example_bash_operator.py took 0.081 seconds
[2023-06-03T20:52:13.937+0000] {processor.py:157} INFO - Started process (PID=13533) to work on /home/airflow/.local/lib/python3.7/site-packages/airflow/example_dags/example_bash_operator.py
[2023-06-03T20:52:13.939+0000] {processor.py:826} INFO - Processing file /home/airflow/.local/lib/python3.7/site-packages/airflow/example_dags/example_bash_operator.py for tasks to queue
[2023-06-03T20:52:13.940+0000] {logging_mixin.py:149} INFO - [2023-06-03T20:52:13.940+0000] {dagbag.py:541} INFO - Filling up the DagBag from /home/airflow/.local/lib/python3.7/site-packages/airflow/example_dags/example_bash_operator.py
[2023-06-03T20:52:13.951+0000] {processor.py:836} INFO - DAG(s) dict_keys(['example_bash_operator']) retrieved from /home/airflow/.local/lib/python3.7/site-packages/airflow/example_dags/example_bash_operator.py
[2023-06-03T20:52:13.979+0000] {logging_mixin.py:149} INFO - [2023-06-03T20:52:13.979+0000] {dag.py:2726} INFO - Sync 1 DAGs
[2023-06-03T20:52:13.998+0000] {logging_mixin.py:149} INFO - [2023-06-03T20:52:13.998+0000] {dag.py:3490} INFO - Setting next_dagrun for example_bash_operator to 2023-06-03T00:00:00+00:00, run_after=2023-06-04T00:00:00+00:00
[2023-06-03T20:52:14.015+0000] {processor.py:179} INFO - Processing /home/airflow/.local/lib/python3.7/site-packages/airflow/example_dags/example_bash_operator.py took 0.080 seconds
[2023-06-03T20:52:44.705+0000] {processor.py:157} INFO - Started process (PID=13780) to work on /home/airflow/.local/lib/python3.7/site-packages/airflow/example_dags/example_bash_operator.py
[2023-06-03T20:52:44.706+0000] {processor.py:826} INFO - Processing file /home/airflow/.local/lib/python3.7/site-packages/airflow/example_dags/example_bash_operator.py for tasks to queue
[2023-06-03T20:52:44.707+0000] {logging_mixin.py:149} INFO - [2023-06-03T20:52:44.707+0000] {dagbag.py:541} INFO - Filling up the DagBag from /home/airflow/.local/lib/python3.7/site-packages/airflow/example_dags/example_bash_operator.py
[2023-06-03T20:52:44.717+0000] {processor.py:836} INFO - DAG(s) dict_keys(['example_bash_operator']) retrieved from /home/airflow/.local/lib/python3.7/site-packages/airflow/example_dags/example_bash_operator.py
[2023-06-03T20:52:44.745+0000] {logging_mixin.py:149} INFO - [2023-06-03T20:52:44.745+0000] {dag.py:2726} INFO - Sync 1 DAGs
[2023-06-03T20:52:44.767+0000] {logging_mixin.py:149} INFO - [2023-06-03T20:52:44.766+0000] {dag.py:3490} INFO - Setting next_dagrun for example_bash_operator to 2023-06-03T00:00:00+00:00, run_after=2023-06-04T00:00:00+00:00
[2023-06-03T20:52:44.782+0000] {processor.py:179} INFO - Processing /home/airflow/.local/lib/python3.7/site-packages/airflow/example_dags/example_bash_operator.py took 0.080 seconds
[2023-06-03T20:53:15.310+0000] {processor.py:157} INFO - Started process (PID=14034) to work on /home/airflow/.local/lib/python3.7/site-packages/airflow/example_dags/example_bash_operator.py
[2023-06-03T20:53:15.311+0000] {processor.py:826} INFO - Processing file /home/airflow/.local/lib/python3.7/site-packages/airflow/example_dags/example_bash_operator.py for tasks to queue
[2023-06-03T20:53:15.312+0000] {logging_mixin.py:149} INFO - [2023-06-03T20:53:15.312+0000] {dagbag.py:541} INFO - Filling up the DagBag from /home/airflow/.local/lib/python3.7/site-packages/airflow/example_dags/example_bash_operator.py
[2023-06-03T20:53:15.323+0000] {processor.py:836} INFO - DAG(s) dict_keys(['example_bash_operator']) retrieved from /home/airflow/.local/lib/python3.7/site-packages/airflow/example_dags/example_bash_operator.py
[2023-06-03T20:53:15.353+0000] {logging_mixin.py:149} INFO - [2023-06-03T20:53:15.353+0000] {dag.py:2726} INFO - Sync 1 DAGs
[2023-06-03T20:53:15.372+0000] {logging_mixin.py:149} INFO - [2023-06-03T20:53:15.372+0000] {dag.py:3490} INFO - Setting next_dagrun for example_bash_operator to 2023-06-03T00:00:00+00:00, run_after=2023-06-04T00:00:00+00:00
[2023-06-03T20:53:15.391+0000] {processor.py:179} INFO - Processing /home/airflow/.local/lib/python3.7/site-packages/airflow/example_dags/example_bash_operator.py took 0.083 seconds
[2023-06-03T20:53:45.536+0000] {processor.py:157} INFO - Started process (PID=14284) to work on /home/airflow/.local/lib/python3.7/site-packages/airflow/example_dags/example_bash_operator.py
[2023-06-03T20:53:45.537+0000] {processor.py:826} INFO - Processing file /home/airflow/.local/lib/python3.7/site-packages/airflow/example_dags/example_bash_operator.py for tasks to queue
[2023-06-03T20:53:45.538+0000] {logging_mixin.py:149} INFO - [2023-06-03T20:53:45.538+0000] {dagbag.py:541} INFO - Filling up the DagBag from /home/airflow/.local/lib/python3.7/site-packages/airflow/example_dags/example_bash_operator.py
[2023-06-03T20:53:45.550+0000] {processor.py:836} INFO - DAG(s) dict_keys(['example_bash_operator']) retrieved from /home/airflow/.local/lib/python3.7/site-packages/airflow/example_dags/example_bash_operator.py
[2023-06-03T20:53:45.577+0000] {logging_mixin.py:149} INFO - [2023-06-03T20:53:45.576+0000] {dag.py:2726} INFO - Sync 1 DAGs
[2023-06-03T20:53:45.595+0000] {logging_mixin.py:149} INFO - [2023-06-03T20:53:45.595+0000] {dag.py:3490} INFO - Setting next_dagrun for example_bash_operator to 2023-06-03T00:00:00+00:00, run_after=2023-06-04T00:00:00+00:00
[2023-06-03T20:53:45.612+0000] {processor.py:179} INFO - Processing /home/airflow/.local/lib/python3.7/site-packages/airflow/example_dags/example_bash_operator.py took 0.079 seconds
[2023-06-03T20:54:16.403+0000] {processor.py:157} INFO - Started process (PID=14536) to work on /home/airflow/.local/lib/python3.7/site-packages/airflow/example_dags/example_bash_operator.py
[2023-06-03T20:54:16.404+0000] {processor.py:826} INFO - Processing file /home/airflow/.local/lib/python3.7/site-packages/airflow/example_dags/example_bash_operator.py for tasks to queue
[2023-06-03T20:54:16.406+0000] {logging_mixin.py:149} INFO - [2023-06-03T20:54:16.405+0000] {dagbag.py:541} INFO - Filling up the DagBag from /home/airflow/.local/lib/python3.7/site-packages/airflow/example_dags/example_bash_operator.py
[2023-06-03T20:54:16.418+0000] {processor.py:836} INFO - DAG(s) dict_keys(['example_bash_operator']) retrieved from /home/airflow/.local/lib/python3.7/site-packages/airflow/example_dags/example_bash_operator.py
[2023-06-03T20:54:16.449+0000] {logging_mixin.py:149} INFO - [2023-06-03T20:54:16.449+0000] {dag.py:2726} INFO - Sync 1 DAGs
[2023-06-03T20:54:16.475+0000] {logging_mixin.py:149} INFO - [2023-06-03T20:54:16.475+0000] {dag.py:3490} INFO - Setting next_dagrun for example_bash_operator to 2023-06-03T00:00:00+00:00, run_after=2023-06-04T00:00:00+00:00
[2023-06-03T20:54:16.498+0000] {processor.py:179} INFO - Processing /home/airflow/.local/lib/python3.7/site-packages/airflow/example_dags/example_bash_operator.py took 0.097 seconds
[2023-06-03T20:54:46.916+0000] {processor.py:157} INFO - Started process (PID=14788) to work on /home/airflow/.local/lib/python3.7/site-packages/airflow/example_dags/example_bash_operator.py
[2023-06-03T20:54:46.917+0000] {processor.py:826} INFO - Processing file /home/airflow/.local/lib/python3.7/site-packages/airflow/example_dags/example_bash_operator.py for tasks to queue
[2023-06-03T20:54:46.918+0000] {logging_mixin.py:149} INFO - [2023-06-03T20:54:46.918+0000] {dagbag.py:541} INFO - Filling up the DagBag from /home/airflow/.local/lib/python3.7/site-packages/airflow/example_dags/example_bash_operator.py
[2023-06-03T20:54:46.928+0000] {processor.py:836} INFO - DAG(s) dict_keys(['example_bash_operator']) retrieved from /home/airflow/.local/lib/python3.7/site-packages/airflow/example_dags/example_bash_operator.py
[2023-06-03T20:54:46.955+0000] {logging_mixin.py:149} INFO - [2023-06-03T20:54:46.955+0000] {dag.py:2726} INFO - Sync 1 DAGs
[2023-06-03T20:54:46.973+0000] {logging_mixin.py:149} INFO - [2023-06-03T20:54:46.973+0000] {dag.py:3490} INFO - Setting next_dagrun for example_bash_operator to 2023-06-03T00:00:00+00:00, run_after=2023-06-04T00:00:00+00:00
[2023-06-03T20:54:46.989+0000] {processor.py:179} INFO - Processing /home/airflow/.local/lib/python3.7/site-packages/airflow/example_dags/example_bash_operator.py took 0.076 seconds
[2023-06-03T20:55:17.262+0000] {processor.py:157} INFO - Started process (PID=15040) to work on /home/airflow/.local/lib/python3.7/site-packages/airflow/example_dags/example_bash_operator.py
[2023-06-03T20:55:17.263+0000] {processor.py:826} INFO - Processing file /home/airflow/.local/lib/python3.7/site-packages/airflow/example_dags/example_bash_operator.py for tasks to queue
[2023-06-03T20:55:17.264+0000] {logging_mixin.py:149} INFO - [2023-06-03T20:55:17.264+0000] {dagbag.py:541} INFO - Filling up the DagBag from /home/airflow/.local/lib/python3.7/site-packages/airflow/example_dags/example_bash_operator.py
[2023-06-03T20:55:17.275+0000] {processor.py:836} INFO - DAG(s) dict_keys(['example_bash_operator']) retrieved from /home/airflow/.local/lib/python3.7/site-packages/airflow/example_dags/example_bash_operator.py
[2023-06-03T20:55:17.303+0000] {logging_mixin.py:149} INFO - [2023-06-03T20:55:17.303+0000] {dag.py:2726} INFO - Sync 1 DAGs
[2023-06-03T20:55:17.323+0000] {logging_mixin.py:149} INFO - [2023-06-03T20:55:17.323+0000] {dag.py:3490} INFO - Setting next_dagrun for example_bash_operator to 2023-06-03T00:00:00+00:00, run_after=2023-06-04T00:00:00+00:00
[2023-06-03T20:55:17.342+0000] {processor.py:179} INFO - Processing /home/airflow/.local/lib/python3.7/site-packages/airflow/example_dags/example_bash_operator.py took 0.082 seconds
[2023-06-03T20:55:47.986+0000] {processor.py:157} INFO - Started process (PID=15292) to work on /home/airflow/.local/lib/python3.7/site-packages/airflow/example_dags/example_bash_operator.py
[2023-06-03T20:55:47.987+0000] {processor.py:826} INFO - Processing file /home/airflow/.local/lib/python3.7/site-packages/airflow/example_dags/example_bash_operator.py for tasks to queue
[2023-06-03T20:55:47.989+0000] {logging_mixin.py:149} INFO - [2023-06-03T20:55:47.989+0000] {dagbag.py:541} INFO - Filling up the DagBag from /home/airflow/.local/lib/python3.7/site-packages/airflow/example_dags/example_bash_operator.py
[2023-06-03T20:55:48.001+0000] {processor.py:836} INFO - DAG(s) dict_keys(['example_bash_operator']) retrieved from /home/airflow/.local/lib/python3.7/site-packages/airflow/example_dags/example_bash_operator.py
[2023-06-03T20:55:48.030+0000] {logging_mixin.py:149} INFO - [2023-06-03T20:55:48.030+0000] {dag.py:2726} INFO - Sync 1 DAGs
[2023-06-03T20:55:48.052+0000] {logging_mixin.py:149} INFO - [2023-06-03T20:55:48.052+0000] {dag.py:3490} INFO - Setting next_dagrun for example_bash_operator to 2023-06-03T00:00:00+00:00, run_after=2023-06-04T00:00:00+00:00
[2023-06-03T20:55:48.070+0000] {processor.py:179} INFO - Processing /home/airflow/.local/lib/python3.7/site-packages/airflow/example_dags/example_bash_operator.py took 0.087 seconds
[2023-06-03T20:56:18.529+0000] {processor.py:157} INFO - Started process (PID=15544) to work on /home/airflow/.local/lib/python3.7/site-packages/airflow/example_dags/example_bash_operator.py
[2023-06-03T20:56:18.530+0000] {processor.py:826} INFO - Processing file /home/airflow/.local/lib/python3.7/site-packages/airflow/example_dags/example_bash_operator.py for tasks to queue
[2023-06-03T20:56:18.532+0000] {logging_mixin.py:149} INFO - [2023-06-03T20:56:18.532+0000] {dagbag.py:541} INFO - Filling up the DagBag from /home/airflow/.local/lib/python3.7/site-packages/airflow/example_dags/example_bash_operator.py
[2023-06-03T20:56:18.544+0000] {processor.py:836} INFO - DAG(s) dict_keys(['example_bash_operator']) retrieved from /home/airflow/.local/lib/python3.7/site-packages/airflow/example_dags/example_bash_operator.py
[2023-06-03T20:56:18.578+0000] {logging_mixin.py:149} INFO - [2023-06-03T20:56:18.577+0000] {dag.py:2726} INFO - Sync 1 DAGs
[2023-06-03T20:56:18.602+0000] {logging_mixin.py:149} INFO - [2023-06-03T20:56:18.601+0000] {dag.py:3490} INFO - Setting next_dagrun for example_bash_operator to 2023-06-03T00:00:00+00:00, run_after=2023-06-04T00:00:00+00:00
[2023-06-03T20:56:18.620+0000] {processor.py:179} INFO - Processing /home/airflow/.local/lib/python3.7/site-packages/airflow/example_dags/example_bash_operator.py took 0.093 seconds
[2023-06-03T20:56:49.112+0000] {processor.py:157} INFO - Started process (PID=15798) to work on /home/airflow/.local/lib/python3.7/site-packages/airflow/example_dags/example_bash_operator.py
[2023-06-03T20:56:49.113+0000] {processor.py:826} INFO - Processing file /home/airflow/.local/lib/python3.7/site-packages/airflow/example_dags/example_bash_operator.py for tasks to queue
[2023-06-03T20:56:49.115+0000] {logging_mixin.py:149} INFO - [2023-06-03T20:56:49.115+0000] {dagbag.py:541} INFO - Filling up the DagBag from /home/airflow/.local/lib/python3.7/site-packages/airflow/example_dags/example_bash_operator.py
[2023-06-03T20:56:49.125+0000] {processor.py:836} INFO - DAG(s) dict_keys(['example_bash_operator']) retrieved from /home/airflow/.local/lib/python3.7/site-packages/airflow/example_dags/example_bash_operator.py
[2023-06-03T20:56:49.155+0000] {logging_mixin.py:149} INFO - [2023-06-03T20:56:49.155+0000] {dag.py:2726} INFO - Sync 1 DAGs
[2023-06-03T20:56:49.175+0000] {logging_mixin.py:149} INFO - [2023-06-03T20:56:49.174+0000] {dag.py:3490} INFO - Setting next_dagrun for example_bash_operator to 2023-06-03T00:00:00+00:00, run_after=2023-06-04T00:00:00+00:00
[2023-06-03T20:56:49.192+0000] {processor.py:179} INFO - Processing /home/airflow/.local/lib/python3.7/site-packages/airflow/example_dags/example_bash_operator.py took 0.082 seconds
[2023-06-03T20:57:19.464+0000] {processor.py:157} INFO - Started process (PID=16048) to work on /home/airflow/.local/lib/python3.7/site-packages/airflow/example_dags/example_bash_operator.py
[2023-06-03T20:57:19.466+0000] {processor.py:826} INFO - Processing file /home/airflow/.local/lib/python3.7/site-packages/airflow/example_dags/example_bash_operator.py for tasks to queue
[2023-06-03T20:57:19.467+0000] {logging_mixin.py:149} INFO - [2023-06-03T20:57:19.467+0000] {dagbag.py:541} INFO - Filling up the DagBag from /home/airflow/.local/lib/python3.7/site-packages/airflow/example_dags/example_bash_operator.py
[2023-06-03T20:57:19.478+0000] {processor.py:836} INFO - DAG(s) dict_keys(['example_bash_operator']) retrieved from /home/airflow/.local/lib/python3.7/site-packages/airflow/example_dags/example_bash_operator.py
[2023-06-03T20:57:19.505+0000] {logging_mixin.py:149} INFO - [2023-06-03T20:57:19.505+0000] {dag.py:2726} INFO - Sync 1 DAGs
[2023-06-03T20:57:19.523+0000] {logging_mixin.py:149} INFO - [2023-06-03T20:57:19.523+0000] {dag.py:3490} INFO - Setting next_dagrun for example_bash_operator to 2023-06-03T00:00:00+00:00, run_after=2023-06-04T00:00:00+00:00
[2023-06-03T20:57:19.541+0000] {processor.py:179} INFO - Processing /home/airflow/.local/lib/python3.7/site-packages/airflow/example_dags/example_bash_operator.py took 0.079 seconds
[2023-06-03T20:57:49.999+0000] {processor.py:157} INFO - Started process (PID=16300) to work on /home/airflow/.local/lib/python3.7/site-packages/airflow/example_dags/example_bash_operator.py
[2023-06-03T20:57:50.000+0000] {processor.py:826} INFO - Processing file /home/airflow/.local/lib/python3.7/site-packages/airflow/example_dags/example_bash_operator.py for tasks to queue
[2023-06-03T20:57:50.001+0000] {logging_mixin.py:149} INFO - [2023-06-03T20:57:50.001+0000] {dagbag.py:541} INFO - Filling up the DagBag from /home/airflow/.local/lib/python3.7/site-packages/airflow/example_dags/example_bash_operator.py
[2023-06-03T20:57:50.012+0000] {processor.py:836} INFO - DAG(s) dict_keys(['example_bash_operator']) retrieved from /home/airflow/.local/lib/python3.7/site-packages/airflow/example_dags/example_bash_operator.py
[2023-06-03T20:57:50.042+0000] {logging_mixin.py:149} INFO - [2023-06-03T20:57:50.042+0000] {dag.py:2726} INFO - Sync 1 DAGs
[2023-06-03T20:57:50.061+0000] {logging_mixin.py:149} INFO - [2023-06-03T20:57:50.061+0000] {dag.py:3490} INFO - Setting next_dagrun for example_bash_operator to 2023-06-03T00:00:00+00:00, run_after=2023-06-04T00:00:00+00:00
[2023-06-03T20:57:50.078+0000] {processor.py:179} INFO - Processing /home/airflow/.local/lib/python3.7/site-packages/airflow/example_dags/example_bash_operator.py took 0.081 seconds
[2023-06-03T20:58:20.232+0000] {processor.py:157} INFO - Started process (PID=16552) to work on /home/airflow/.local/lib/python3.7/site-packages/airflow/example_dags/example_bash_operator.py
[2023-06-03T20:58:20.233+0000] {processor.py:826} INFO - Processing file /home/airflow/.local/lib/python3.7/site-packages/airflow/example_dags/example_bash_operator.py for tasks to queue
[2023-06-03T20:58:20.234+0000] {logging_mixin.py:149} INFO - [2023-06-03T20:58:20.234+0000] {dagbag.py:541} INFO - Filling up the DagBag from /home/airflow/.local/lib/python3.7/site-packages/airflow/example_dags/example_bash_operator.py
[2023-06-03T20:58:20.245+0000] {processor.py:836} INFO - DAG(s) dict_keys(['example_bash_operator']) retrieved from /home/airflow/.local/lib/python3.7/site-packages/airflow/example_dags/example_bash_operator.py
[2023-06-03T20:58:20.272+0000] {logging_mixin.py:149} INFO - [2023-06-03T20:58:20.272+0000] {dag.py:2726} INFO - Sync 1 DAGs
[2023-06-03T20:58:20.292+0000] {logging_mixin.py:149} INFO - [2023-06-03T20:58:20.292+0000] {dag.py:3490} INFO - Setting next_dagrun for example_bash_operator to 2023-06-03T00:00:00+00:00, run_after=2023-06-04T00:00:00+00:00
[2023-06-03T20:58:20.308+0000] {processor.py:179} INFO - Processing /home/airflow/.local/lib/python3.7/site-packages/airflow/example_dags/example_bash_operator.py took 0.078 seconds
[2023-06-03T20:58:50.925+0000] {processor.py:157} INFO - Started process (PID=16804) to work on /home/airflow/.local/lib/python3.7/site-packages/airflow/example_dags/example_bash_operator.py
[2023-06-03T20:58:50.927+0000] {processor.py:826} INFO - Processing file /home/airflow/.local/lib/python3.7/site-packages/airflow/example_dags/example_bash_operator.py for tasks to queue
[2023-06-03T20:58:50.929+0000] {logging_mixin.py:149} INFO - [2023-06-03T20:58:50.928+0000] {dagbag.py:541} INFO - Filling up the DagBag from /home/airflow/.local/lib/python3.7/site-packages/airflow/example_dags/example_bash_operator.py
[2023-06-03T20:58:50.940+0000] {processor.py:836} INFO - DAG(s) dict_keys(['example_bash_operator']) retrieved from /home/airflow/.local/lib/python3.7/site-packages/airflow/example_dags/example_bash_operator.py
[2023-06-03T20:58:50.969+0000] {logging_mixin.py:149} INFO - [2023-06-03T20:58:50.969+0000] {dag.py:2726} INFO - Sync 1 DAGs
[2023-06-03T20:58:50.991+0000] {logging_mixin.py:149} INFO - [2023-06-03T20:58:50.991+0000] {dag.py:3490} INFO - Setting next_dagrun for example_bash_operator to 2023-06-03T00:00:00+00:00, run_after=2023-06-04T00:00:00+00:00
[2023-06-03T20:58:51.010+0000] {processor.py:179} INFO - Processing /home/airflow/.local/lib/python3.7/site-packages/airflow/example_dags/example_bash_operator.py took 0.087 seconds
[2023-06-03T20:59:21.602+0000] {processor.py:157} INFO - Started process (PID=17056) to work on /home/airflow/.local/lib/python3.7/site-packages/airflow/example_dags/example_bash_operator.py
[2023-06-03T20:59:21.603+0000] {processor.py:826} INFO - Processing file /home/airflow/.local/lib/python3.7/site-packages/airflow/example_dags/example_bash_operator.py for tasks to queue
[2023-06-03T20:59:21.604+0000] {logging_mixin.py:149} INFO - [2023-06-03T20:59:21.604+0000] {dagbag.py:541} INFO - Filling up the DagBag from /home/airflow/.local/lib/python3.7/site-packages/airflow/example_dags/example_bash_operator.py
[2023-06-03T20:59:21.615+0000] {processor.py:836} INFO - DAG(s) dict_keys(['example_bash_operator']) retrieved from /home/airflow/.local/lib/python3.7/site-packages/airflow/example_dags/example_bash_operator.py
[2023-06-03T20:59:21.643+0000] {logging_mixin.py:149} INFO - [2023-06-03T20:59:21.643+0000] {dag.py:2726} INFO - Sync 1 DAGs
[2023-06-03T20:59:21.663+0000] {logging_mixin.py:149} INFO - [2023-06-03T20:59:21.663+0000] {dag.py:3490} INFO - Setting next_dagrun for example_bash_operator to 2023-06-03T00:00:00+00:00, run_after=2023-06-04T00:00:00+00:00
[2023-06-03T20:59:21.685+0000] {processor.py:179} INFO - Processing /home/airflow/.local/lib/python3.7/site-packages/airflow/example_dags/example_bash_operator.py took 0.085 seconds
[2023-06-03T20:59:52.858+0000] {processor.py:157} INFO - Started process (PID=17310) to work on /home/airflow/.local/lib/python3.7/site-packages/airflow/example_dags/example_bash_operator.py
[2023-06-03T20:59:52.859+0000] {processor.py:826} INFO - Processing file /home/airflow/.local/lib/python3.7/site-packages/airflow/example_dags/example_bash_operator.py for tasks to queue
[2023-06-03T20:59:52.860+0000] {logging_mixin.py:149} INFO - [2023-06-03T20:59:52.859+0000] {dagbag.py:541} INFO - Filling up the DagBag from /home/airflow/.local/lib/python3.7/site-packages/airflow/example_dags/example_bash_operator.py
[2023-06-03T20:59:52.870+0000] {processor.py:836} INFO - DAG(s) dict_keys(['example_bash_operator']) retrieved from /home/airflow/.local/lib/python3.7/site-packages/airflow/example_dags/example_bash_operator.py
[2023-06-03T20:59:52.900+0000] {logging_mixin.py:149} INFO - [2023-06-03T20:59:52.900+0000] {dag.py:2726} INFO - Sync 1 DAGs
[2023-06-03T20:59:52.920+0000] {logging_mixin.py:149} INFO - [2023-06-03T20:59:52.920+0000] {dag.py:3490} INFO - Setting next_dagrun for example_bash_operator to 2023-06-03T00:00:00+00:00, run_after=2023-06-04T00:00:00+00:00
[2023-06-03T20:59:52.939+0000] {processor.py:179} INFO - Processing /home/airflow/.local/lib/python3.7/site-packages/airflow/example_dags/example_bash_operator.py took 0.083 seconds
[2023-06-03T21:00:23.069+0000] {processor.py:157} INFO - Started process (PID=17560) to work on /home/airflow/.local/lib/python3.7/site-packages/airflow/example_dags/example_bash_operator.py
[2023-06-03T21:00:23.071+0000] {processor.py:826} INFO - Processing file /home/airflow/.local/lib/python3.7/site-packages/airflow/example_dags/example_bash_operator.py for tasks to queue
[2023-06-03T21:00:23.071+0000] {logging_mixin.py:149} INFO - [2023-06-03T21:00:23.071+0000] {dagbag.py:541} INFO - Filling up the DagBag from /home/airflow/.local/lib/python3.7/site-packages/airflow/example_dags/example_bash_operator.py
[2023-06-03T21:00:23.082+0000] {processor.py:836} INFO - DAG(s) dict_keys(['example_bash_operator']) retrieved from /home/airflow/.local/lib/python3.7/site-packages/airflow/example_dags/example_bash_operator.py
[2023-06-03T21:00:23.110+0000] {logging_mixin.py:149} INFO - [2023-06-03T21:00:23.110+0000] {dag.py:2726} INFO - Sync 1 DAGs
[2023-06-03T21:00:23.134+0000] {logging_mixin.py:149} INFO - [2023-06-03T21:00:23.134+0000] {dag.py:3490} INFO - Setting next_dagrun for example_bash_operator to 2023-06-03T00:00:00+00:00, run_after=2023-06-04T00:00:00+00:00
[2023-06-03T21:00:23.150+0000] {processor.py:179} INFO - Processing /home/airflow/.local/lib/python3.7/site-packages/airflow/example_dags/example_bash_operator.py took 0.083 seconds
[2023-06-03T21:00:54.303+0000] {processor.py:157} INFO - Started process (PID=17812) to work on /home/airflow/.local/lib/python3.7/site-packages/airflow/example_dags/example_bash_operator.py
[2023-06-03T21:00:54.305+0000] {processor.py:826} INFO - Processing file /home/airflow/.local/lib/python3.7/site-packages/airflow/example_dags/example_bash_operator.py for tasks to queue
[2023-06-03T21:00:54.306+0000] {logging_mixin.py:149} INFO - [2023-06-03T21:00:54.306+0000] {dagbag.py:541} INFO - Filling up the DagBag from /home/airflow/.local/lib/python3.7/site-packages/airflow/example_dags/example_bash_operator.py
[2023-06-03T21:00:54.324+0000] {processor.py:836} INFO - DAG(s) dict_keys(['example_bash_operator']) retrieved from /home/airflow/.local/lib/python3.7/site-packages/airflow/example_dags/example_bash_operator.py
[2023-06-03T21:00:54.375+0000] {logging_mixin.py:149} INFO - [2023-06-03T21:00:54.374+0000] {dag.py:2726} INFO - Sync 1 DAGs
[2023-06-03T21:00:54.411+0000] {logging_mixin.py:149} INFO - [2023-06-03T21:00:54.411+0000] {dag.py:3490} INFO - Setting next_dagrun for example_bash_operator to 2023-06-03T00:00:00+00:00, run_after=2023-06-04T00:00:00+00:00
[2023-06-03T21:00:54.441+0000] {processor.py:179} INFO - Processing /home/airflow/.local/lib/python3.7/site-packages/airflow/example_dags/example_bash_operator.py took 0.142 seconds
