[2023-06-03T20:25:42.377+0000] {processor.py:157} INFO - Started process (PID=232) to work on /home/airflow/.local/lib/python3.7/site-packages/airflow/example_dags/example_kubernetes_executor.py
[2023-06-03T20:25:42.378+0000] {processor.py:826} INFO - Processing file /home/airflow/.local/lib/python3.7/site-packages/airflow/example_dags/example_kubernetes_executor.py for tasks to queue
[2023-06-03T20:25:42.379+0000] {logging_mixin.py:149} INFO - [2023-06-03T20:25:42.379+0000] {dagbag.py:541} INFO - Filling up the DagBag from /home/airflow/.local/lib/python3.7/site-packages/airflow/example_dags/example_kubernetes_executor.py
[2023-06-03T20:25:43.218+0000] {processor.py:836} INFO - DAG(s) dict_keys(['example_kubernetes_executor']) retrieved from /home/airflow/.local/lib/python3.7/site-packages/airflow/example_dags/example_kubernetes_executor.py
[2023-06-03T20:25:43.227+0000] {logging_mixin.py:149} INFO - [2023-06-03T20:25:43.227+0000] {dag.py:2726} INFO - Sync 1 DAGs
[2023-06-03T20:25:43.244+0000] {logging_mixin.py:149} INFO - [2023-06-03T20:25:43.244+0000] {dag.py:3490} INFO - Setting next_dagrun for example_kubernetes_executor to None, run_after=None
[2023-06-03T20:25:43.261+0000] {processor.py:179} INFO - Processing /home/airflow/.local/lib/python3.7/site-packages/airflow/example_dags/example_kubernetes_executor.py took 0.887 seconds
[2023-06-03T20:26:13.706+0000] {processor.py:157} INFO - Started process (PID=494) to work on /home/airflow/.local/lib/python3.7/site-packages/airflow/example_dags/example_kubernetes_executor.py
[2023-06-03T20:26:13.707+0000] {processor.py:826} INFO - Processing file /home/airflow/.local/lib/python3.7/site-packages/airflow/example_dags/example_kubernetes_executor.py for tasks to queue
[2023-06-03T20:26:13.708+0000] {logging_mixin.py:149} INFO - [2023-06-03T20:26:13.708+0000] {dagbag.py:541} INFO - Filling up the DagBag from /home/airflow/.local/lib/python3.7/site-packages/airflow/example_dags/example_kubernetes_executor.py
[2023-06-03T20:26:13.916+0000] {processor.py:836} INFO - DAG(s) dict_keys(['example_kubernetes_executor']) retrieved from /home/airflow/.local/lib/python3.7/site-packages/airflow/example_dags/example_kubernetes_executor.py
[2023-06-03T20:26:13.948+0000] {logging_mixin.py:149} INFO - [2023-06-03T20:26:13.947+0000] {dag.py:2726} INFO - Sync 1 DAGs
[2023-06-03T20:26:13.963+0000] {logging_mixin.py:149} INFO - [2023-06-03T20:26:13.963+0000] {dag.py:3490} INFO - Setting next_dagrun for example_kubernetes_executor to None, run_after=None
[2023-06-03T20:26:13.979+0000] {processor.py:179} INFO - Processing /home/airflow/.local/lib/python3.7/site-packages/airflow/example_dags/example_kubernetes_executor.py took 0.275 seconds
[2023-06-03T20:26:44.115+0000] {processor.py:157} INFO - Started process (PID=748) to work on /home/airflow/.local/lib/python3.7/site-packages/airflow/example_dags/example_kubernetes_executor.py
[2023-06-03T20:26:44.117+0000] {processor.py:826} INFO - Processing file /home/airflow/.local/lib/python3.7/site-packages/airflow/example_dags/example_kubernetes_executor.py for tasks to queue
[2023-06-03T20:26:44.118+0000] {logging_mixin.py:149} INFO - [2023-06-03T20:26:44.118+0000] {dagbag.py:541} INFO - Filling up the DagBag from /home/airflow/.local/lib/python3.7/site-packages/airflow/example_dags/example_kubernetes_executor.py
[2023-06-03T20:26:44.258+0000] {processor.py:836} INFO - DAG(s) dict_keys(['example_kubernetes_executor']) retrieved from /home/airflow/.local/lib/python3.7/site-packages/airflow/example_dags/example_kubernetes_executor.py
[2023-06-03T20:26:44.286+0000] {logging_mixin.py:149} INFO - [2023-06-03T20:26:44.286+0000] {dag.py:2726} INFO - Sync 1 DAGs
[2023-06-03T20:26:44.305+0000] {logging_mixin.py:149} INFO - [2023-06-03T20:26:44.305+0000] {dag.py:3490} INFO - Setting next_dagrun for example_kubernetes_executor to None, run_after=None
[2023-06-03T20:26:44.324+0000] {processor.py:179} INFO - Processing /home/airflow/.local/lib/python3.7/site-packages/airflow/example_dags/example_kubernetes_executor.py took 0.213 seconds
[2023-06-03T20:27:14.921+0000] {processor.py:157} INFO - Started process (PID=995) to work on /home/airflow/.local/lib/python3.7/site-packages/airflow/example_dags/example_kubernetes_executor.py
[2023-06-03T20:27:14.923+0000] {processor.py:826} INFO - Processing file /home/airflow/.local/lib/python3.7/site-packages/airflow/example_dags/example_kubernetes_executor.py for tasks to queue
[2023-06-03T20:27:14.924+0000] {logging_mixin.py:149} INFO - [2023-06-03T20:27:14.923+0000] {dagbag.py:541} INFO - Filling up the DagBag from /home/airflow/.local/lib/python3.7/site-packages/airflow/example_dags/example_kubernetes_executor.py
[2023-06-03T20:27:15.069+0000] {processor.py:836} INFO - DAG(s) dict_keys(['example_kubernetes_executor']) retrieved from /home/airflow/.local/lib/python3.7/site-packages/airflow/example_dags/example_kubernetes_executor.py
[2023-06-03T20:27:15.097+0000] {logging_mixin.py:149} INFO - [2023-06-03T20:27:15.097+0000] {dag.py:2726} INFO - Sync 1 DAGs
[2023-06-03T20:27:15.115+0000] {logging_mixin.py:149} INFO - [2023-06-03T20:27:15.114+0000] {dag.py:3490} INFO - Setting next_dagrun for example_kubernetes_executor to None, run_after=None
[2023-06-03T20:27:15.131+0000] {processor.py:179} INFO - Processing /home/airflow/.local/lib/python3.7/site-packages/airflow/example_dags/example_kubernetes_executor.py took 0.212 seconds
[2023-06-03T20:27:45.172+0000] {processor.py:157} INFO - Started process (PID=1250) to work on /home/airflow/.local/lib/python3.7/site-packages/airflow/example_dags/example_kubernetes_executor.py
[2023-06-03T20:27:45.173+0000] {processor.py:826} INFO - Processing file /home/airflow/.local/lib/python3.7/site-packages/airflow/example_dags/example_kubernetes_executor.py for tasks to queue
[2023-06-03T20:27:45.174+0000] {logging_mixin.py:149} INFO - [2023-06-03T20:27:45.174+0000] {dagbag.py:541} INFO - Filling up the DagBag from /home/airflow/.local/lib/python3.7/site-packages/airflow/example_dags/example_kubernetes_executor.py
[2023-06-03T20:27:45.312+0000] {processor.py:836} INFO - DAG(s) dict_keys(['example_kubernetes_executor']) retrieved from /home/airflow/.local/lib/python3.7/site-packages/airflow/example_dags/example_kubernetes_executor.py
[2023-06-03T20:27:45.352+0000] {logging_mixin.py:149} INFO - [2023-06-03T20:27:45.352+0000] {dag.py:2726} INFO - Sync 1 DAGs
[2023-06-03T20:27:45.371+0000] {logging_mixin.py:149} INFO - [2023-06-03T20:27:45.371+0000] {dag.py:3490} INFO - Setting next_dagrun for example_kubernetes_executor to None, run_after=None
[2023-06-03T20:27:45.388+0000] {processor.py:179} INFO - Processing /home/airflow/.local/lib/python3.7/site-packages/airflow/example_dags/example_kubernetes_executor.py took 0.219 seconds
[2023-06-03T20:28:15.526+0000] {processor.py:157} INFO - Started process (PID=1500) to work on /home/airflow/.local/lib/python3.7/site-packages/airflow/example_dags/example_kubernetes_executor.py
[2023-06-03T20:28:15.527+0000] {processor.py:826} INFO - Processing file /home/airflow/.local/lib/python3.7/site-packages/airflow/example_dags/example_kubernetes_executor.py for tasks to queue
[2023-06-03T20:28:15.529+0000] {logging_mixin.py:149} INFO - [2023-06-03T20:28:15.529+0000] {dagbag.py:541} INFO - Filling up the DagBag from /home/airflow/.local/lib/python3.7/site-packages/airflow/example_dags/example_kubernetes_executor.py
[2023-06-03T20:28:15.664+0000] {processor.py:836} INFO - DAG(s) dict_keys(['example_kubernetes_executor']) retrieved from /home/airflow/.local/lib/python3.7/site-packages/airflow/example_dags/example_kubernetes_executor.py
[2023-06-03T20:28:15.697+0000] {logging_mixin.py:149} INFO - [2023-06-03T20:28:15.697+0000] {dag.py:2726} INFO - Sync 1 DAGs
[2023-06-03T20:28:15.719+0000] {logging_mixin.py:149} INFO - [2023-06-03T20:28:15.718+0000] {dag.py:3490} INFO - Setting next_dagrun for example_kubernetes_executor to None, run_after=None
[2023-06-03T20:28:15.736+0000] {processor.py:179} INFO - Processing /home/airflow/.local/lib/python3.7/site-packages/airflow/example_dags/example_kubernetes_executor.py took 0.215 seconds
[2023-06-03T20:28:45.775+0000] {processor.py:157} INFO - Started process (PID=1752) to work on /home/airflow/.local/lib/python3.7/site-packages/airflow/example_dags/example_kubernetes_executor.py
[2023-06-03T20:28:45.777+0000] {processor.py:826} INFO - Processing file /home/airflow/.local/lib/python3.7/site-packages/airflow/example_dags/example_kubernetes_executor.py for tasks to queue
[2023-06-03T20:28:45.779+0000] {logging_mixin.py:149} INFO - [2023-06-03T20:28:45.779+0000] {dagbag.py:541} INFO - Filling up the DagBag from /home/airflow/.local/lib/python3.7/site-packages/airflow/example_dags/example_kubernetes_executor.py
[2023-06-03T20:28:45.928+0000] {processor.py:836} INFO - DAG(s) dict_keys(['example_kubernetes_executor']) retrieved from /home/airflow/.local/lib/python3.7/site-packages/airflow/example_dags/example_kubernetes_executor.py
[2023-06-03T20:28:45.962+0000] {logging_mixin.py:149} INFO - [2023-06-03T20:28:45.962+0000] {dag.py:2726} INFO - Sync 1 DAGs
[2023-06-03T20:28:45.984+0000] {logging_mixin.py:149} INFO - [2023-06-03T20:28:45.984+0000] {dag.py:3490} INFO - Setting next_dagrun for example_kubernetes_executor to None, run_after=None
[2023-06-03T20:28:46.003+0000] {processor.py:179} INFO - Processing /home/airflow/.local/lib/python3.7/site-packages/airflow/example_dags/example_kubernetes_executor.py took 0.230 seconds
[2023-06-03T20:29:16.197+0000] {processor.py:157} INFO - Started process (PID=2004) to work on /home/airflow/.local/lib/python3.7/site-packages/airflow/example_dags/example_kubernetes_executor.py
[2023-06-03T20:29:16.198+0000] {processor.py:826} INFO - Processing file /home/airflow/.local/lib/python3.7/site-packages/airflow/example_dags/example_kubernetes_executor.py for tasks to queue
[2023-06-03T20:29:16.199+0000] {logging_mixin.py:149} INFO - [2023-06-03T20:29:16.199+0000] {dagbag.py:541} INFO - Filling up the DagBag from /home/airflow/.local/lib/python3.7/site-packages/airflow/example_dags/example_kubernetes_executor.py
[2023-06-03T20:29:16.341+0000] {processor.py:836} INFO - DAG(s) dict_keys(['example_kubernetes_executor']) retrieved from /home/airflow/.local/lib/python3.7/site-packages/airflow/example_dags/example_kubernetes_executor.py
[2023-06-03T20:29:16.371+0000] {logging_mixin.py:149} INFO - [2023-06-03T20:29:16.371+0000] {dag.py:2726} INFO - Sync 1 DAGs
[2023-06-03T20:29:16.388+0000] {logging_mixin.py:149} INFO - [2023-06-03T20:29:16.388+0000] {dag.py:3490} INFO - Setting next_dagrun for example_kubernetes_executor to None, run_after=None
[2023-06-03T20:29:16.402+0000] {processor.py:179} INFO - Processing /home/airflow/.local/lib/python3.7/site-packages/airflow/example_dags/example_kubernetes_executor.py took 0.208 seconds
[2023-06-03T20:29:46.569+0000] {processor.py:157} INFO - Started process (PID=2256) to work on /home/airflow/.local/lib/python3.7/site-packages/airflow/example_dags/example_kubernetes_executor.py
[2023-06-03T20:29:46.570+0000] {processor.py:826} INFO - Processing file /home/airflow/.local/lib/python3.7/site-packages/airflow/example_dags/example_kubernetes_executor.py for tasks to queue
[2023-06-03T20:29:46.571+0000] {logging_mixin.py:149} INFO - [2023-06-03T20:29:46.571+0000] {dagbag.py:541} INFO - Filling up the DagBag from /home/airflow/.local/lib/python3.7/site-packages/airflow/example_dags/example_kubernetes_executor.py
[2023-06-03T20:29:46.707+0000] {processor.py:836} INFO - DAG(s) dict_keys(['example_kubernetes_executor']) retrieved from /home/airflow/.local/lib/python3.7/site-packages/airflow/example_dags/example_kubernetes_executor.py
[2023-06-03T20:29:46.736+0000] {logging_mixin.py:149} INFO - [2023-06-03T20:29:46.736+0000] {dag.py:2726} INFO - Sync 1 DAGs
[2023-06-03T20:29:46.756+0000] {logging_mixin.py:149} INFO - [2023-06-03T20:29:46.756+0000] {dag.py:3490} INFO - Setting next_dagrun for example_kubernetes_executor to None, run_after=None
[2023-06-03T20:29:46.772+0000] {processor.py:179} INFO - Processing /home/airflow/.local/lib/python3.7/site-packages/airflow/example_dags/example_kubernetes_executor.py took 0.205 seconds
[2023-06-03T20:30:17.398+0000] {processor.py:157} INFO - Started process (PID=2508) to work on /home/airflow/.local/lib/python3.7/site-packages/airflow/example_dags/example_kubernetes_executor.py
[2023-06-03T20:30:17.399+0000] {processor.py:826} INFO - Processing file /home/airflow/.local/lib/python3.7/site-packages/airflow/example_dags/example_kubernetes_executor.py for tasks to queue
[2023-06-03T20:30:17.400+0000] {logging_mixin.py:149} INFO - [2023-06-03T20:30:17.400+0000] {dagbag.py:541} INFO - Filling up the DagBag from /home/airflow/.local/lib/python3.7/site-packages/airflow/example_dags/example_kubernetes_executor.py
[2023-06-03T20:30:17.577+0000] {processor.py:836} INFO - DAG(s) dict_keys(['example_kubernetes_executor']) retrieved from /home/airflow/.local/lib/python3.7/site-packages/airflow/example_dags/example_kubernetes_executor.py
[2023-06-03T20:30:17.611+0000] {logging_mixin.py:149} INFO - [2023-06-03T20:30:17.611+0000] {dag.py:2726} INFO - Sync 1 DAGs
[2023-06-03T20:30:17.632+0000] {logging_mixin.py:149} INFO - [2023-06-03T20:30:17.632+0000] {dag.py:3490} INFO - Setting next_dagrun for example_kubernetes_executor to None, run_after=None
[2023-06-03T20:30:17.653+0000] {processor.py:179} INFO - Processing /home/airflow/.local/lib/python3.7/site-packages/airflow/example_dags/example_kubernetes_executor.py took 0.258 seconds
[2023-06-03T20:30:47.972+0000] {processor.py:157} INFO - Started process (PID=2760) to work on /home/airflow/.local/lib/python3.7/site-packages/airflow/example_dags/example_kubernetes_executor.py
[2023-06-03T20:30:47.973+0000] {processor.py:826} INFO - Processing file /home/airflow/.local/lib/python3.7/site-packages/airflow/example_dags/example_kubernetes_executor.py for tasks to queue
[2023-06-03T20:30:47.974+0000] {logging_mixin.py:149} INFO - [2023-06-03T20:30:47.974+0000] {dagbag.py:541} INFO - Filling up the DagBag from /home/airflow/.local/lib/python3.7/site-packages/airflow/example_dags/example_kubernetes_executor.py
[2023-06-03T20:30:48.115+0000] {processor.py:836} INFO - DAG(s) dict_keys(['example_kubernetes_executor']) retrieved from /home/airflow/.local/lib/python3.7/site-packages/airflow/example_dags/example_kubernetes_executor.py
[2023-06-03T20:30:48.145+0000] {logging_mixin.py:149} INFO - [2023-06-03T20:30:48.145+0000] {dag.py:2726} INFO - Sync 1 DAGs
[2023-06-03T20:30:48.163+0000] {logging_mixin.py:149} INFO - [2023-06-03T20:30:48.163+0000] {dag.py:3490} INFO - Setting next_dagrun for example_kubernetes_executor to None, run_after=None
[2023-06-03T20:30:48.180+0000] {processor.py:179} INFO - Processing /home/airflow/.local/lib/python3.7/site-packages/airflow/example_dags/example_kubernetes_executor.py took 0.210 seconds
[2023-06-03T20:31:18.364+0000] {processor.py:157} INFO - Started process (PID=3012) to work on /home/airflow/.local/lib/python3.7/site-packages/airflow/example_dags/example_kubernetes_executor.py
[2023-06-03T20:31:18.365+0000] {processor.py:826} INFO - Processing file /home/airflow/.local/lib/python3.7/site-packages/airflow/example_dags/example_kubernetes_executor.py for tasks to queue
[2023-06-03T20:31:18.365+0000] {logging_mixin.py:149} INFO - [2023-06-03T20:31:18.365+0000] {dagbag.py:541} INFO - Filling up the DagBag from /home/airflow/.local/lib/python3.7/site-packages/airflow/example_dags/example_kubernetes_executor.py
[2023-06-03T20:31:18.498+0000] {processor.py:836} INFO - DAG(s) dict_keys(['example_kubernetes_executor']) retrieved from /home/airflow/.local/lib/python3.7/site-packages/airflow/example_dags/example_kubernetes_executor.py
[2023-06-03T20:31:18.528+0000] {logging_mixin.py:149} INFO - [2023-06-03T20:31:18.527+0000] {dag.py:2726} INFO - Sync 1 DAGs
[2023-06-03T20:31:18.544+0000] {logging_mixin.py:149} INFO - [2023-06-03T20:31:18.544+0000] {dag.py:3490} INFO - Setting next_dagrun for example_kubernetes_executor to None, run_after=None
[2023-06-03T20:31:18.564+0000] {processor.py:179} INFO - Processing /home/airflow/.local/lib/python3.7/site-packages/airflow/example_dags/example_kubernetes_executor.py took 0.202 seconds
[2023-06-03T20:31:49.579+0000] {processor.py:157} INFO - Started process (PID=3269) to work on /home/airflow/.local/lib/python3.7/site-packages/airflow/example_dags/example_kubernetes_executor.py
[2023-06-03T20:31:49.581+0000] {processor.py:826} INFO - Processing file /home/airflow/.local/lib/python3.7/site-packages/airflow/example_dags/example_kubernetes_executor.py for tasks to queue
[2023-06-03T20:31:49.582+0000] {logging_mixin.py:149} INFO - [2023-06-03T20:31:49.582+0000] {dagbag.py:541} INFO - Filling up the DagBag from /home/airflow/.local/lib/python3.7/site-packages/airflow/example_dags/example_kubernetes_executor.py
[2023-06-03T20:31:49.721+0000] {processor.py:836} INFO - DAG(s) dict_keys(['example_kubernetes_executor']) retrieved from /home/airflow/.local/lib/python3.7/site-packages/airflow/example_dags/example_kubernetes_executor.py
[2023-06-03T20:31:49.752+0000] {logging_mixin.py:149} INFO - [2023-06-03T20:31:49.752+0000] {dag.py:2726} INFO - Sync 1 DAGs
[2023-06-03T20:31:49.770+0000] {logging_mixin.py:149} INFO - [2023-06-03T20:31:49.770+0000] {dag.py:3490} INFO - Setting next_dagrun for example_kubernetes_executor to None, run_after=None
[2023-06-03T20:31:49.786+0000] {processor.py:179} INFO - Processing /home/airflow/.local/lib/python3.7/site-packages/airflow/example_dags/example_kubernetes_executor.py took 0.209 seconds
[2023-06-03T20:32:19.846+0000] {processor.py:157} INFO - Started process (PID=3659) to work on /home/airflow/.local/lib/python3.7/site-packages/airflow/example_dags/example_kubernetes_executor.py
[2023-06-03T20:32:19.847+0000] {processor.py:826} INFO - Processing file /home/airflow/.local/lib/python3.7/site-packages/airflow/example_dags/example_kubernetes_executor.py for tasks to queue
[2023-06-03T20:32:19.848+0000] {logging_mixin.py:149} INFO - [2023-06-03T20:32:19.848+0000] {dagbag.py:541} INFO - Filling up the DagBag from /home/airflow/.local/lib/python3.7/site-packages/airflow/example_dags/example_kubernetes_executor.py
[2023-06-03T20:32:19.995+0000] {processor.py:836} INFO - DAG(s) dict_keys(['example_kubernetes_executor']) retrieved from /home/airflow/.local/lib/python3.7/site-packages/airflow/example_dags/example_kubernetes_executor.py
[2023-06-03T20:32:20.119+0000] {logging_mixin.py:149} INFO - [2023-06-03T20:32:20.119+0000] {dag.py:2726} INFO - Sync 1 DAGs
[2023-06-03T20:32:20.140+0000] {logging_mixin.py:149} INFO - [2023-06-03T20:32:20.139+0000] {dag.py:3490} INFO - Setting next_dagrun for example_kubernetes_executor to None, run_after=None
[2023-06-03T20:32:20.156+0000] {processor.py:179} INFO - Processing /home/airflow/.local/lib/python3.7/site-packages/airflow/example_dags/example_kubernetes_executor.py took 0.312 seconds
[2023-06-03T20:32:51.116+0000] {processor.py:157} INFO - Started process (PID=3911) to work on /home/airflow/.local/lib/python3.7/site-packages/airflow/example_dags/example_kubernetes_executor.py
[2023-06-03T20:32:51.117+0000] {processor.py:826} INFO - Processing file /home/airflow/.local/lib/python3.7/site-packages/airflow/example_dags/example_kubernetes_executor.py for tasks to queue
[2023-06-03T20:32:51.118+0000] {logging_mixin.py:149} INFO - [2023-06-03T20:32:51.118+0000] {dagbag.py:541} INFO - Filling up the DagBag from /home/airflow/.local/lib/python3.7/site-packages/airflow/example_dags/example_kubernetes_executor.py
[2023-06-03T20:32:51.262+0000] {processor.py:836} INFO - DAG(s) dict_keys(['example_kubernetes_executor']) retrieved from /home/airflow/.local/lib/python3.7/site-packages/airflow/example_dags/example_kubernetes_executor.py
[2023-06-03T20:32:51.292+0000] {logging_mixin.py:149} INFO - [2023-06-03T20:32:51.292+0000] {dag.py:2726} INFO - Sync 1 DAGs
[2023-06-03T20:32:51.315+0000] {logging_mixin.py:149} INFO - [2023-06-03T20:32:51.315+0000] {dag.py:3490} INFO - Setting next_dagrun for example_kubernetes_executor to None, run_after=None
[2023-06-03T20:32:51.336+0000] {processor.py:179} INFO - Processing /home/airflow/.local/lib/python3.7/site-packages/airflow/example_dags/example_kubernetes_executor.py took 0.222 seconds
[2023-06-03T20:33:21.438+0000] {processor.py:157} INFO - Started process (PID=4163) to work on /home/airflow/.local/lib/python3.7/site-packages/airflow/example_dags/example_kubernetes_executor.py
[2023-06-03T20:33:21.439+0000] {processor.py:826} INFO - Processing file /home/airflow/.local/lib/python3.7/site-packages/airflow/example_dags/example_kubernetes_executor.py for tasks to queue
[2023-06-03T20:33:21.440+0000] {logging_mixin.py:149} INFO - [2023-06-03T20:33:21.440+0000] {dagbag.py:541} INFO - Filling up the DagBag from /home/airflow/.local/lib/python3.7/site-packages/airflow/example_dags/example_kubernetes_executor.py
[2023-06-03T20:33:21.580+0000] {processor.py:836} INFO - DAG(s) dict_keys(['example_kubernetes_executor']) retrieved from /home/airflow/.local/lib/python3.7/site-packages/airflow/example_dags/example_kubernetes_executor.py
[2023-06-03T20:33:21.620+0000] {logging_mixin.py:149} INFO - [2023-06-03T20:33:21.620+0000] {dag.py:2726} INFO - Sync 1 DAGs
[2023-06-03T20:33:21.647+0000] {logging_mixin.py:149} INFO - [2023-06-03T20:33:21.647+0000] {dag.py:3490} INFO - Setting next_dagrun for example_kubernetes_executor to None, run_after=None
[2023-06-03T20:33:21.667+0000] {processor.py:179} INFO - Processing /home/airflow/.local/lib/python3.7/site-packages/airflow/example_dags/example_kubernetes_executor.py took 0.231 seconds
[2023-06-03T20:33:52.398+0000] {processor.py:157} INFO - Started process (PID=4415) to work on /home/airflow/.local/lib/python3.7/site-packages/airflow/example_dags/example_kubernetes_executor.py
[2023-06-03T20:33:52.399+0000] {processor.py:826} INFO - Processing file /home/airflow/.local/lib/python3.7/site-packages/airflow/example_dags/example_kubernetes_executor.py for tasks to queue
[2023-06-03T20:33:52.400+0000] {logging_mixin.py:149} INFO - [2023-06-03T20:33:52.400+0000] {dagbag.py:541} INFO - Filling up the DagBag from /home/airflow/.local/lib/python3.7/site-packages/airflow/example_dags/example_kubernetes_executor.py
[2023-06-03T20:33:52.529+0000] {processor.py:836} INFO - DAG(s) dict_keys(['example_kubernetes_executor']) retrieved from /home/airflow/.local/lib/python3.7/site-packages/airflow/example_dags/example_kubernetes_executor.py
[2023-06-03T20:33:52.555+0000] {logging_mixin.py:149} INFO - [2023-06-03T20:33:52.555+0000] {dag.py:2726} INFO - Sync 1 DAGs
[2023-06-03T20:33:52.571+0000] {logging_mixin.py:149} INFO - [2023-06-03T20:33:52.571+0000] {dag.py:3490} INFO - Setting next_dagrun for example_kubernetes_executor to None, run_after=None
[2023-06-03T20:33:52.585+0000] {processor.py:179} INFO - Processing /home/airflow/.local/lib/python3.7/site-packages/airflow/example_dags/example_kubernetes_executor.py took 0.189 seconds
[2023-06-03T20:34:22.836+0000] {processor.py:157} INFO - Started process (PID=4667) to work on /home/airflow/.local/lib/python3.7/site-packages/airflow/example_dags/example_kubernetes_executor.py
[2023-06-03T20:34:22.837+0000] {processor.py:826} INFO - Processing file /home/airflow/.local/lib/python3.7/site-packages/airflow/example_dags/example_kubernetes_executor.py for tasks to queue
[2023-06-03T20:34:22.838+0000] {logging_mixin.py:149} INFO - [2023-06-03T20:34:22.837+0000] {dagbag.py:541} INFO - Filling up the DagBag from /home/airflow/.local/lib/python3.7/site-packages/airflow/example_dags/example_kubernetes_executor.py
[2023-06-03T20:34:22.962+0000] {processor.py:836} INFO - DAG(s) dict_keys(['example_kubernetes_executor']) retrieved from /home/airflow/.local/lib/python3.7/site-packages/airflow/example_dags/example_kubernetes_executor.py
[2023-06-03T20:34:22.989+0000] {logging_mixin.py:149} INFO - [2023-06-03T20:34:22.989+0000] {dag.py:2726} INFO - Sync 1 DAGs
[2023-06-03T20:34:23.005+0000] {logging_mixin.py:149} INFO - [2023-06-03T20:34:23.005+0000] {dag.py:3490} INFO - Setting next_dagrun for example_kubernetes_executor to None, run_after=None
[2023-06-03T20:34:23.019+0000] {processor.py:179} INFO - Processing /home/airflow/.local/lib/python3.7/site-packages/airflow/example_dags/example_kubernetes_executor.py took 0.186 seconds
[2023-06-03T20:34:53.335+0000] {processor.py:157} INFO - Started process (PID=4919) to work on /home/airflow/.local/lib/python3.7/site-packages/airflow/example_dags/example_kubernetes_executor.py
[2023-06-03T20:34:53.336+0000] {processor.py:826} INFO - Processing file /home/airflow/.local/lib/python3.7/site-packages/airflow/example_dags/example_kubernetes_executor.py for tasks to queue
[2023-06-03T20:34:53.337+0000] {logging_mixin.py:149} INFO - [2023-06-03T20:34:53.337+0000] {dagbag.py:541} INFO - Filling up the DagBag from /home/airflow/.local/lib/python3.7/site-packages/airflow/example_dags/example_kubernetes_executor.py
[2023-06-03T20:34:53.469+0000] {processor.py:836} INFO - DAG(s) dict_keys(['example_kubernetes_executor']) retrieved from /home/airflow/.local/lib/python3.7/site-packages/airflow/example_dags/example_kubernetes_executor.py
[2023-06-03T20:34:53.498+0000] {logging_mixin.py:149} INFO - [2023-06-03T20:34:53.498+0000] {dag.py:2726} INFO - Sync 1 DAGs
[2023-06-03T20:34:53.517+0000] {logging_mixin.py:149} INFO - [2023-06-03T20:34:53.517+0000] {dag.py:3490} INFO - Setting next_dagrun for example_kubernetes_executor to None, run_after=None
[2023-06-03T20:34:53.533+0000] {processor.py:179} INFO - Processing /home/airflow/.local/lib/python3.7/site-packages/airflow/example_dags/example_kubernetes_executor.py took 0.199 seconds
[2023-06-03T20:35:23.762+0000] {processor.py:157} INFO - Started process (PID=5171) to work on /home/airflow/.local/lib/python3.7/site-packages/airflow/example_dags/example_kubernetes_executor.py
[2023-06-03T20:35:23.763+0000] {processor.py:826} INFO - Processing file /home/airflow/.local/lib/python3.7/site-packages/airflow/example_dags/example_kubernetes_executor.py for tasks to queue
[2023-06-03T20:35:23.766+0000] {logging_mixin.py:149} INFO - [2023-06-03T20:35:23.766+0000] {dagbag.py:541} INFO - Filling up the DagBag from /home/airflow/.local/lib/python3.7/site-packages/airflow/example_dags/example_kubernetes_executor.py
[2023-06-03T20:35:23.901+0000] {processor.py:836} INFO - DAG(s) dict_keys(['example_kubernetes_executor']) retrieved from /home/airflow/.local/lib/python3.7/site-packages/airflow/example_dags/example_kubernetes_executor.py
[2023-06-03T20:35:23.929+0000] {logging_mixin.py:149} INFO - [2023-06-03T20:35:23.929+0000] {dag.py:2726} INFO - Sync 1 DAGs
[2023-06-03T20:35:23.947+0000] {logging_mixin.py:149} INFO - [2023-06-03T20:35:23.947+0000] {dag.py:3490} INFO - Setting next_dagrun for example_kubernetes_executor to None, run_after=None
[2023-06-03T20:35:23.966+0000] {processor.py:179} INFO - Processing /home/airflow/.local/lib/python3.7/site-packages/airflow/example_dags/example_kubernetes_executor.py took 0.206 seconds
[2023-06-03T20:35:54.615+0000] {processor.py:157} INFO - Started process (PID=5423) to work on /home/airflow/.local/lib/python3.7/site-packages/airflow/example_dags/example_kubernetes_executor.py
[2023-06-03T20:35:54.617+0000] {processor.py:826} INFO - Processing file /home/airflow/.local/lib/python3.7/site-packages/airflow/example_dags/example_kubernetes_executor.py for tasks to queue
[2023-06-03T20:35:54.620+0000] {logging_mixin.py:149} INFO - [2023-06-03T20:35:54.620+0000] {dagbag.py:541} INFO - Filling up the DagBag from /home/airflow/.local/lib/python3.7/site-packages/airflow/example_dags/example_kubernetes_executor.py
[2023-06-03T20:35:54.767+0000] {processor.py:836} INFO - DAG(s) dict_keys(['example_kubernetes_executor']) retrieved from /home/airflow/.local/lib/python3.7/site-packages/airflow/example_dags/example_kubernetes_executor.py
[2023-06-03T20:35:54.799+0000] {logging_mixin.py:149} INFO - [2023-06-03T20:35:54.799+0000] {dag.py:2726} INFO - Sync 1 DAGs
[2023-06-03T20:35:54.820+0000] {logging_mixin.py:149} INFO - [2023-06-03T20:35:54.820+0000] {dag.py:3490} INFO - Setting next_dagrun for example_kubernetes_executor to None, run_after=None
[2023-06-03T20:35:54.839+0000] {processor.py:179} INFO - Processing /home/airflow/.local/lib/python3.7/site-packages/airflow/example_dags/example_kubernetes_executor.py took 0.226 seconds
[2023-06-03T20:36:25.186+0000] {processor.py:157} INFO - Started process (PID=5675) to work on /home/airflow/.local/lib/python3.7/site-packages/airflow/example_dags/example_kubernetes_executor.py
[2023-06-03T20:36:25.187+0000] {processor.py:826} INFO - Processing file /home/airflow/.local/lib/python3.7/site-packages/airflow/example_dags/example_kubernetes_executor.py for tasks to queue
[2023-06-03T20:36:25.188+0000] {logging_mixin.py:149} INFO - [2023-06-03T20:36:25.188+0000] {dagbag.py:541} INFO - Filling up the DagBag from /home/airflow/.local/lib/python3.7/site-packages/airflow/example_dags/example_kubernetes_executor.py
[2023-06-03T20:36:25.326+0000] {processor.py:836} INFO - DAG(s) dict_keys(['example_kubernetes_executor']) retrieved from /home/airflow/.local/lib/python3.7/site-packages/airflow/example_dags/example_kubernetes_executor.py
[2023-06-03T20:36:25.363+0000] {logging_mixin.py:149} INFO - [2023-06-03T20:36:25.363+0000] {dag.py:2726} INFO - Sync 1 DAGs
[2023-06-03T20:36:25.385+0000] {logging_mixin.py:149} INFO - [2023-06-03T20:36:25.384+0000] {dag.py:3490} INFO - Setting next_dagrun for example_kubernetes_executor to None, run_after=None
[2023-06-03T20:36:25.406+0000] {processor.py:179} INFO - Processing /home/airflow/.local/lib/python3.7/site-packages/airflow/example_dags/example_kubernetes_executor.py took 0.222 seconds
[2023-06-03T20:36:55.706+0000] {processor.py:157} INFO - Started process (PID=5927) to work on /home/airflow/.local/lib/python3.7/site-packages/airflow/example_dags/example_kubernetes_executor.py
[2023-06-03T20:36:55.707+0000] {processor.py:826} INFO - Processing file /home/airflow/.local/lib/python3.7/site-packages/airflow/example_dags/example_kubernetes_executor.py for tasks to queue
[2023-06-03T20:36:55.708+0000] {logging_mixin.py:149} INFO - [2023-06-03T20:36:55.708+0000] {dagbag.py:541} INFO - Filling up the DagBag from /home/airflow/.local/lib/python3.7/site-packages/airflow/example_dags/example_kubernetes_executor.py
[2023-06-03T20:36:55.841+0000] {processor.py:836} INFO - DAG(s) dict_keys(['example_kubernetes_executor']) retrieved from /home/airflow/.local/lib/python3.7/site-packages/airflow/example_dags/example_kubernetes_executor.py
[2023-06-03T20:36:55.867+0000] {logging_mixin.py:149} INFO - [2023-06-03T20:36:55.866+0000] {dag.py:2726} INFO - Sync 1 DAGs
[2023-06-03T20:36:55.884+0000] {logging_mixin.py:149} INFO - [2023-06-03T20:36:55.884+0000] {dag.py:3490} INFO - Setting next_dagrun for example_kubernetes_executor to None, run_after=None
[2023-06-03T20:36:55.899+0000] {processor.py:179} INFO - Processing /home/airflow/.local/lib/python3.7/site-packages/airflow/example_dags/example_kubernetes_executor.py took 0.195 seconds
[2023-06-03T20:37:26.570+0000] {processor.py:157} INFO - Started process (PID=6179) to work on /home/airflow/.local/lib/python3.7/site-packages/airflow/example_dags/example_kubernetes_executor.py
[2023-06-03T20:37:26.571+0000] {processor.py:826} INFO - Processing file /home/airflow/.local/lib/python3.7/site-packages/airflow/example_dags/example_kubernetes_executor.py for tasks to queue
[2023-06-03T20:37:26.572+0000] {logging_mixin.py:149} INFO - [2023-06-03T20:37:26.572+0000] {dagbag.py:541} INFO - Filling up the DagBag from /home/airflow/.local/lib/python3.7/site-packages/airflow/example_dags/example_kubernetes_executor.py
[2023-06-03T20:37:26.714+0000] {processor.py:836} INFO - DAG(s) dict_keys(['example_kubernetes_executor']) retrieved from /home/airflow/.local/lib/python3.7/site-packages/airflow/example_dags/example_kubernetes_executor.py
[2023-06-03T20:37:26.744+0000] {logging_mixin.py:149} INFO - [2023-06-03T20:37:26.744+0000] {dag.py:2726} INFO - Sync 1 DAGs
[2023-06-03T20:37:26.764+0000] {logging_mixin.py:149} INFO - [2023-06-03T20:37:26.763+0000] {dag.py:3490} INFO - Setting next_dagrun for example_kubernetes_executor to None, run_after=None
[2023-06-03T20:37:26.783+0000] {processor.py:179} INFO - Processing /home/airflow/.local/lib/python3.7/site-packages/airflow/example_dags/example_kubernetes_executor.py took 0.215 seconds
[2023-06-03T20:37:57.161+0000] {processor.py:157} INFO - Started process (PID=6431) to work on /home/airflow/.local/lib/python3.7/site-packages/airflow/example_dags/example_kubernetes_executor.py
[2023-06-03T20:37:57.162+0000] {processor.py:826} INFO - Processing file /home/airflow/.local/lib/python3.7/site-packages/airflow/example_dags/example_kubernetes_executor.py for tasks to queue
[2023-06-03T20:37:57.163+0000] {logging_mixin.py:149} INFO - [2023-06-03T20:37:57.163+0000] {dagbag.py:541} INFO - Filling up the DagBag from /home/airflow/.local/lib/python3.7/site-packages/airflow/example_dags/example_kubernetes_executor.py
[2023-06-03T20:37:57.294+0000] {processor.py:836} INFO - DAG(s) dict_keys(['example_kubernetes_executor']) retrieved from /home/airflow/.local/lib/python3.7/site-packages/airflow/example_dags/example_kubernetes_executor.py
[2023-06-03T20:37:57.324+0000] {logging_mixin.py:149} INFO - [2023-06-03T20:37:57.324+0000] {dag.py:2726} INFO - Sync 1 DAGs
[2023-06-03T20:37:57.342+0000] {logging_mixin.py:149} INFO - [2023-06-03T20:37:57.341+0000] {dag.py:3490} INFO - Setting next_dagrun for example_kubernetes_executor to None, run_after=None
[2023-06-03T20:37:57.357+0000] {processor.py:179} INFO - Processing /home/airflow/.local/lib/python3.7/site-packages/airflow/example_dags/example_kubernetes_executor.py took 0.199 seconds
[2023-06-03T20:38:27.460+0000] {processor.py:157} INFO - Started process (PID=6683) to work on /home/airflow/.local/lib/python3.7/site-packages/airflow/example_dags/example_kubernetes_executor.py
[2023-06-03T20:38:27.461+0000] {processor.py:826} INFO - Processing file /home/airflow/.local/lib/python3.7/site-packages/airflow/example_dags/example_kubernetes_executor.py for tasks to queue
[2023-06-03T20:38:27.469+0000] {logging_mixin.py:149} INFO - [2023-06-03T20:38:27.469+0000] {dagbag.py:541} INFO - Filling up the DagBag from /home/airflow/.local/lib/python3.7/site-packages/airflow/example_dags/example_kubernetes_executor.py
[2023-06-03T20:38:27.595+0000] {processor.py:836} INFO - DAG(s) dict_keys(['example_kubernetes_executor']) retrieved from /home/airflow/.local/lib/python3.7/site-packages/airflow/example_dags/example_kubernetes_executor.py
[2023-06-03T20:38:27.622+0000] {logging_mixin.py:149} INFO - [2023-06-03T20:38:27.622+0000] {dag.py:2726} INFO - Sync 1 DAGs
[2023-06-03T20:38:27.638+0000] {logging_mixin.py:149} INFO - [2023-06-03T20:38:27.638+0000] {dag.py:3490} INFO - Setting next_dagrun for example_kubernetes_executor to None, run_after=None
[2023-06-03T20:38:27.655+0000] {processor.py:179} INFO - Processing /home/airflow/.local/lib/python3.7/site-packages/airflow/example_dags/example_kubernetes_executor.py took 0.198 seconds
[2023-06-03T20:38:57.752+0000] {processor.py:157} INFO - Started process (PID=6935) to work on /home/airflow/.local/lib/python3.7/site-packages/airflow/example_dags/example_kubernetes_executor.py
[2023-06-03T20:38:57.754+0000] {processor.py:826} INFO - Processing file /home/airflow/.local/lib/python3.7/site-packages/airflow/example_dags/example_kubernetes_executor.py for tasks to queue
[2023-06-03T20:38:57.757+0000] {logging_mixin.py:149} INFO - [2023-06-03T20:38:57.757+0000] {dagbag.py:541} INFO - Filling up the DagBag from /home/airflow/.local/lib/python3.7/site-packages/airflow/example_dags/example_kubernetes_executor.py
[2023-06-03T20:38:57.886+0000] {processor.py:836} INFO - DAG(s) dict_keys(['example_kubernetes_executor']) retrieved from /home/airflow/.local/lib/python3.7/site-packages/airflow/example_dags/example_kubernetes_executor.py
[2023-06-03T20:38:57.912+0000] {logging_mixin.py:149} INFO - [2023-06-03T20:38:57.912+0000] {dag.py:2726} INFO - Sync 1 DAGs
[2023-06-03T20:38:57.930+0000] {logging_mixin.py:149} INFO - [2023-06-03T20:38:57.930+0000] {dag.py:3490} INFO - Setting next_dagrun for example_kubernetes_executor to None, run_after=None
[2023-06-03T20:38:57.946+0000] {processor.py:179} INFO - Processing /home/airflow/.local/lib/python3.7/site-packages/airflow/example_dags/example_kubernetes_executor.py took 0.197 seconds
[2023-06-03T20:39:28.001+0000] {processor.py:157} INFO - Started process (PID=7187) to work on /home/airflow/.local/lib/python3.7/site-packages/airflow/example_dags/example_kubernetes_executor.py
[2023-06-03T20:39:28.002+0000] {processor.py:826} INFO - Processing file /home/airflow/.local/lib/python3.7/site-packages/airflow/example_dags/example_kubernetes_executor.py for tasks to queue
[2023-06-03T20:39:28.003+0000] {logging_mixin.py:149} INFO - [2023-06-03T20:39:28.003+0000] {dagbag.py:541} INFO - Filling up the DagBag from /home/airflow/.local/lib/python3.7/site-packages/airflow/example_dags/example_kubernetes_executor.py
[2023-06-03T20:39:28.136+0000] {processor.py:836} INFO - DAG(s) dict_keys(['example_kubernetes_executor']) retrieved from /home/airflow/.local/lib/python3.7/site-packages/airflow/example_dags/example_kubernetes_executor.py
[2023-06-03T20:39:28.168+0000] {logging_mixin.py:149} INFO - [2023-06-03T20:39:28.168+0000] {dag.py:2726} INFO - Sync 1 DAGs
[2023-06-03T20:39:28.187+0000] {logging_mixin.py:149} INFO - [2023-06-03T20:39:28.186+0000] {dag.py:3490} INFO - Setting next_dagrun for example_kubernetes_executor to None, run_after=None
[2023-06-03T20:39:28.201+0000] {processor.py:179} INFO - Processing /home/airflow/.local/lib/python3.7/site-packages/airflow/example_dags/example_kubernetes_executor.py took 0.203 seconds
[2023-06-03T20:39:58.291+0000] {processor.py:157} INFO - Started process (PID=7439) to work on /home/airflow/.local/lib/python3.7/site-packages/airflow/example_dags/example_kubernetes_executor.py
[2023-06-03T20:39:58.292+0000] {processor.py:826} INFO - Processing file /home/airflow/.local/lib/python3.7/site-packages/airflow/example_dags/example_kubernetes_executor.py for tasks to queue
[2023-06-03T20:39:58.293+0000] {logging_mixin.py:149} INFO - [2023-06-03T20:39:58.293+0000] {dagbag.py:541} INFO - Filling up the DagBag from /home/airflow/.local/lib/python3.7/site-packages/airflow/example_dags/example_kubernetes_executor.py
[2023-06-03T20:39:58.434+0000] {processor.py:836} INFO - DAG(s) dict_keys(['example_kubernetes_executor']) retrieved from /home/airflow/.local/lib/python3.7/site-packages/airflow/example_dags/example_kubernetes_executor.py
[2023-06-03T20:39:58.467+0000] {logging_mixin.py:149} INFO - [2023-06-03T20:39:58.467+0000] {dag.py:2726} INFO - Sync 1 DAGs
[2023-06-03T20:39:58.485+0000] {logging_mixin.py:149} INFO - [2023-06-03T20:39:58.484+0000] {dag.py:3490} INFO - Setting next_dagrun for example_kubernetes_executor to None, run_after=None
[2023-06-03T20:39:58.500+0000] {processor.py:179} INFO - Processing /home/airflow/.local/lib/python3.7/site-packages/airflow/example_dags/example_kubernetes_executor.py took 0.212 seconds
[2023-06-03T20:40:28.575+0000] {processor.py:157} INFO - Started process (PID=7691) to work on /home/airflow/.local/lib/python3.7/site-packages/airflow/example_dags/example_kubernetes_executor.py
[2023-06-03T20:40:28.576+0000] {processor.py:826} INFO - Processing file /home/airflow/.local/lib/python3.7/site-packages/airflow/example_dags/example_kubernetes_executor.py for tasks to queue
[2023-06-03T20:40:28.577+0000] {logging_mixin.py:149} INFO - [2023-06-03T20:40:28.577+0000] {dagbag.py:541} INFO - Filling up the DagBag from /home/airflow/.local/lib/python3.7/site-packages/airflow/example_dags/example_kubernetes_executor.py
[2023-06-03T20:40:28.727+0000] {processor.py:836} INFO - DAG(s) dict_keys(['example_kubernetes_executor']) retrieved from /home/airflow/.local/lib/python3.7/site-packages/airflow/example_dags/example_kubernetes_executor.py
[2023-06-03T20:40:28.760+0000] {logging_mixin.py:149} INFO - [2023-06-03T20:40:28.760+0000] {dag.py:2726} INFO - Sync 1 DAGs
[2023-06-03T20:40:28.780+0000] {logging_mixin.py:149} INFO - [2023-06-03T20:40:28.780+0000] {dag.py:3490} INFO - Setting next_dagrun for example_kubernetes_executor to None, run_after=None
[2023-06-03T20:40:28.799+0000] {processor.py:179} INFO - Processing /home/airflow/.local/lib/python3.7/site-packages/airflow/example_dags/example_kubernetes_executor.py took 0.226 seconds
[2023-06-03T20:40:59.531+0000] {processor.py:157} INFO - Started process (PID=7943) to work on /home/airflow/.local/lib/python3.7/site-packages/airflow/example_dags/example_kubernetes_executor.py
[2023-06-03T20:40:59.532+0000] {processor.py:826} INFO - Processing file /home/airflow/.local/lib/python3.7/site-packages/airflow/example_dags/example_kubernetes_executor.py for tasks to queue
[2023-06-03T20:40:59.533+0000] {logging_mixin.py:149} INFO - [2023-06-03T20:40:59.532+0000] {dagbag.py:541} INFO - Filling up the DagBag from /home/airflow/.local/lib/python3.7/site-packages/airflow/example_dags/example_kubernetes_executor.py
[2023-06-03T20:40:59.684+0000] {processor.py:836} INFO - DAG(s) dict_keys(['example_kubernetes_executor']) retrieved from /home/airflow/.local/lib/python3.7/site-packages/airflow/example_dags/example_kubernetes_executor.py
[2023-06-03T20:40:59.715+0000] {logging_mixin.py:149} INFO - [2023-06-03T20:40:59.715+0000] {dag.py:2726} INFO - Sync 1 DAGs
[2023-06-03T20:40:59.735+0000] {logging_mixin.py:149} INFO - [2023-06-03T20:40:59.735+0000] {dag.py:3490} INFO - Setting next_dagrun for example_kubernetes_executor to None, run_after=None
[2023-06-03T20:40:59.750+0000] {processor.py:179} INFO - Processing /home/airflow/.local/lib/python3.7/site-packages/airflow/example_dags/example_kubernetes_executor.py took 0.222 seconds
[2023-06-03T20:41:29.872+0000] {processor.py:157} INFO - Started process (PID=8195) to work on /home/airflow/.local/lib/python3.7/site-packages/airflow/example_dags/example_kubernetes_executor.py
[2023-06-03T20:41:29.873+0000] {processor.py:826} INFO - Processing file /home/airflow/.local/lib/python3.7/site-packages/airflow/example_dags/example_kubernetes_executor.py for tasks to queue
[2023-06-03T20:41:29.875+0000] {logging_mixin.py:149} INFO - [2023-06-03T20:41:29.875+0000] {dagbag.py:541} INFO - Filling up the DagBag from /home/airflow/.local/lib/python3.7/site-packages/airflow/example_dags/example_kubernetes_executor.py
[2023-06-03T20:41:30.015+0000] {processor.py:836} INFO - DAG(s) dict_keys(['example_kubernetes_executor']) retrieved from /home/airflow/.local/lib/python3.7/site-packages/airflow/example_dags/example_kubernetes_executor.py
[2023-06-03T20:41:30.044+0000] {logging_mixin.py:149} INFO - [2023-06-03T20:41:30.043+0000] {dag.py:2726} INFO - Sync 1 DAGs
[2023-06-03T20:41:30.060+0000] {logging_mixin.py:149} INFO - [2023-06-03T20:41:30.060+0000] {dag.py:3490} INFO - Setting next_dagrun for example_kubernetes_executor to None, run_after=None
[2023-06-03T20:41:30.078+0000] {processor.py:179} INFO - Processing /home/airflow/.local/lib/python3.7/site-packages/airflow/example_dags/example_kubernetes_executor.py took 0.209 seconds
[2023-06-03T20:42:00.367+0000] {processor.py:157} INFO - Started process (PID=8452) to work on /home/airflow/.local/lib/python3.7/site-packages/airflow/example_dags/example_kubernetes_executor.py
[2023-06-03T20:42:00.368+0000] {processor.py:826} INFO - Processing file /home/airflow/.local/lib/python3.7/site-packages/airflow/example_dags/example_kubernetes_executor.py for tasks to queue
[2023-06-03T20:42:00.369+0000] {logging_mixin.py:149} INFO - [2023-06-03T20:42:00.369+0000] {dagbag.py:541} INFO - Filling up the DagBag from /home/airflow/.local/lib/python3.7/site-packages/airflow/example_dags/example_kubernetes_executor.py
[2023-06-03T20:42:00.507+0000] {processor.py:836} INFO - DAG(s) dict_keys(['example_kubernetes_executor']) retrieved from /home/airflow/.local/lib/python3.7/site-packages/airflow/example_dags/example_kubernetes_executor.py
[2023-06-03T20:42:00.539+0000] {logging_mixin.py:149} INFO - [2023-06-03T20:42:00.539+0000] {dag.py:2726} INFO - Sync 1 DAGs
[2023-06-03T20:42:00.556+0000] {logging_mixin.py:149} INFO - [2023-06-03T20:42:00.556+0000] {dag.py:3490} INFO - Setting next_dagrun for example_kubernetes_executor to None, run_after=None
[2023-06-03T20:42:00.572+0000] {processor.py:179} INFO - Processing /home/airflow/.local/lib/python3.7/site-packages/airflow/example_dags/example_kubernetes_executor.py took 0.207 seconds
[2023-06-03T20:42:31.239+0000] {processor.py:157} INFO - Started process (PID=8699) to work on /home/airflow/.local/lib/python3.7/site-packages/airflow/example_dags/example_kubernetes_executor.py
[2023-06-03T20:42:31.240+0000] {processor.py:826} INFO - Processing file /home/airflow/.local/lib/python3.7/site-packages/airflow/example_dags/example_kubernetes_executor.py for tasks to queue
[2023-06-03T20:42:31.241+0000] {logging_mixin.py:149} INFO - [2023-06-03T20:42:31.241+0000] {dagbag.py:541} INFO - Filling up the DagBag from /home/airflow/.local/lib/python3.7/site-packages/airflow/example_dags/example_kubernetes_executor.py
[2023-06-03T20:42:31.387+0000] {processor.py:836} INFO - DAG(s) dict_keys(['example_kubernetes_executor']) retrieved from /home/airflow/.local/lib/python3.7/site-packages/airflow/example_dags/example_kubernetes_executor.py
[2023-06-03T20:42:31.416+0000] {logging_mixin.py:149} INFO - [2023-06-03T20:42:31.416+0000] {dag.py:2726} INFO - Sync 1 DAGs
[2023-06-03T20:42:31.435+0000] {logging_mixin.py:149} INFO - [2023-06-03T20:42:31.435+0000] {dag.py:3490} INFO - Setting next_dagrun for example_kubernetes_executor to None, run_after=None
[2023-06-03T20:42:31.451+0000] {processor.py:179} INFO - Processing /home/airflow/.local/lib/python3.7/site-packages/airflow/example_dags/example_kubernetes_executor.py took 0.214 seconds
[2023-06-03T20:43:01.561+0000] {processor.py:157} INFO - Started process (PID=8951) to work on /home/airflow/.local/lib/python3.7/site-packages/airflow/example_dags/example_kubernetes_executor.py
[2023-06-03T20:43:01.563+0000] {processor.py:826} INFO - Processing file /home/airflow/.local/lib/python3.7/site-packages/airflow/example_dags/example_kubernetes_executor.py for tasks to queue
[2023-06-03T20:43:01.564+0000] {logging_mixin.py:149} INFO - [2023-06-03T20:43:01.563+0000] {dagbag.py:541} INFO - Filling up the DagBag from /home/airflow/.local/lib/python3.7/site-packages/airflow/example_dags/example_kubernetes_executor.py
[2023-06-03T20:43:01.704+0000] {processor.py:836} INFO - DAG(s) dict_keys(['example_kubernetes_executor']) retrieved from /home/airflow/.local/lib/python3.7/site-packages/airflow/example_dags/example_kubernetes_executor.py
[2023-06-03T20:43:01.733+0000] {logging_mixin.py:149} INFO - [2023-06-03T20:43:01.732+0000] {dag.py:2726} INFO - Sync 1 DAGs
[2023-06-03T20:43:01.751+0000] {logging_mixin.py:149} INFO - [2023-06-03T20:43:01.751+0000] {dag.py:3490} INFO - Setting next_dagrun for example_kubernetes_executor to None, run_after=None
[2023-06-03T20:43:01.769+0000] {processor.py:179} INFO - Processing /home/airflow/.local/lib/python3.7/site-packages/airflow/example_dags/example_kubernetes_executor.py took 0.210 seconds
[2023-06-03T20:43:31.814+0000] {processor.py:157} INFO - Started process (PID=9203) to work on /home/airflow/.local/lib/python3.7/site-packages/airflow/example_dags/example_kubernetes_executor.py
[2023-06-03T20:43:31.815+0000] {processor.py:826} INFO - Processing file /home/airflow/.local/lib/python3.7/site-packages/airflow/example_dags/example_kubernetes_executor.py for tasks to queue
[2023-06-03T20:43:31.816+0000] {logging_mixin.py:149} INFO - [2023-06-03T20:43:31.816+0000] {dagbag.py:541} INFO - Filling up the DagBag from /home/airflow/.local/lib/python3.7/site-packages/airflow/example_dags/example_kubernetes_executor.py
[2023-06-03T20:43:31.968+0000] {processor.py:836} INFO - DAG(s) dict_keys(['example_kubernetes_executor']) retrieved from /home/airflow/.local/lib/python3.7/site-packages/airflow/example_dags/example_kubernetes_executor.py
[2023-06-03T20:43:31.999+0000] {logging_mixin.py:149} INFO - [2023-06-03T20:43:31.999+0000] {dag.py:2726} INFO - Sync 1 DAGs
[2023-06-03T20:43:32.018+0000] {logging_mixin.py:149} INFO - [2023-06-03T20:43:32.017+0000] {dag.py:3490} INFO - Setting next_dagrun for example_kubernetes_executor to None, run_after=None
[2023-06-03T20:43:32.035+0000] {processor.py:179} INFO - Processing /home/airflow/.local/lib/python3.7/site-packages/airflow/example_dags/example_kubernetes_executor.py took 0.224 seconds
[2023-06-03T20:44:02.891+0000] {processor.py:157} INFO - Started process (PID=9455) to work on /home/airflow/.local/lib/python3.7/site-packages/airflow/example_dags/example_kubernetes_executor.py
[2023-06-03T20:44:02.892+0000] {processor.py:826} INFO - Processing file /home/airflow/.local/lib/python3.7/site-packages/airflow/example_dags/example_kubernetes_executor.py for tasks to queue
[2023-06-03T20:44:02.893+0000] {logging_mixin.py:149} INFO - [2023-06-03T20:44:02.893+0000] {dagbag.py:541} INFO - Filling up the DagBag from /home/airflow/.local/lib/python3.7/site-packages/airflow/example_dags/example_kubernetes_executor.py
[2023-06-03T20:44:03.030+0000] {processor.py:836} INFO - DAG(s) dict_keys(['example_kubernetes_executor']) retrieved from /home/airflow/.local/lib/python3.7/site-packages/airflow/example_dags/example_kubernetes_executor.py
[2023-06-03T20:44:03.057+0000] {logging_mixin.py:149} INFO - [2023-06-03T20:44:03.057+0000] {dag.py:2726} INFO - Sync 1 DAGs
[2023-06-03T20:44:03.074+0000] {logging_mixin.py:149} INFO - [2023-06-03T20:44:03.074+0000] {dag.py:3490} INFO - Setting next_dagrun for example_kubernetes_executor to None, run_after=None
[2023-06-03T20:44:03.089+0000] {processor.py:179} INFO - Processing /home/airflow/.local/lib/python3.7/site-packages/airflow/example_dags/example_kubernetes_executor.py took 0.201 seconds
[2023-06-03T20:44:33.748+0000] {processor.py:157} INFO - Started process (PID=9707) to work on /home/airflow/.local/lib/python3.7/site-packages/airflow/example_dags/example_kubernetes_executor.py
[2023-06-03T20:44:33.749+0000] {processor.py:826} INFO - Processing file /home/airflow/.local/lib/python3.7/site-packages/airflow/example_dags/example_kubernetes_executor.py for tasks to queue
[2023-06-03T20:44:33.752+0000] {logging_mixin.py:149} INFO - [2023-06-03T20:44:33.751+0000] {dagbag.py:541} INFO - Filling up the DagBag from /home/airflow/.local/lib/python3.7/site-packages/airflow/example_dags/example_kubernetes_executor.py
[2023-06-03T20:44:33.885+0000] {processor.py:836} INFO - DAG(s) dict_keys(['example_kubernetes_executor']) retrieved from /home/airflow/.local/lib/python3.7/site-packages/airflow/example_dags/example_kubernetes_executor.py
[2023-06-03T20:44:33.917+0000] {logging_mixin.py:149} INFO - [2023-06-03T20:44:33.917+0000] {dag.py:2726} INFO - Sync 1 DAGs
[2023-06-03T20:44:33.936+0000] {logging_mixin.py:149} INFO - [2023-06-03T20:44:33.936+0000] {dag.py:3490} INFO - Setting next_dagrun for example_kubernetes_executor to None, run_after=None
[2023-06-03T20:44:33.953+0000] {processor.py:179} INFO - Processing /home/airflow/.local/lib/python3.7/site-packages/airflow/example_dags/example_kubernetes_executor.py took 0.208 seconds
[2023-06-03T20:45:04.940+0000] {processor.py:157} INFO - Started process (PID=9959) to work on /home/airflow/.local/lib/python3.7/site-packages/airflow/example_dags/example_kubernetes_executor.py
[2023-06-03T20:45:04.941+0000] {processor.py:826} INFO - Processing file /home/airflow/.local/lib/python3.7/site-packages/airflow/example_dags/example_kubernetes_executor.py for tasks to queue
[2023-06-03T20:45:04.942+0000] {logging_mixin.py:149} INFO - [2023-06-03T20:45:04.942+0000] {dagbag.py:541} INFO - Filling up the DagBag from /home/airflow/.local/lib/python3.7/site-packages/airflow/example_dags/example_kubernetes_executor.py
[2023-06-03T20:45:05.086+0000] {processor.py:836} INFO - DAG(s) dict_keys(['example_kubernetes_executor']) retrieved from /home/airflow/.local/lib/python3.7/site-packages/airflow/example_dags/example_kubernetes_executor.py
[2023-06-03T20:45:05.116+0000] {logging_mixin.py:149} INFO - [2023-06-03T20:45:05.116+0000] {dag.py:2726} INFO - Sync 1 DAGs
[2023-06-03T20:45:05.136+0000] {logging_mixin.py:149} INFO - [2023-06-03T20:45:05.136+0000] {dag.py:3490} INFO - Setting next_dagrun for example_kubernetes_executor to None, run_after=None
[2023-06-03T20:45:05.152+0000] {processor.py:179} INFO - Processing /home/airflow/.local/lib/python3.7/site-packages/airflow/example_dags/example_kubernetes_executor.py took 0.214 seconds
[2023-06-03T20:45:35.641+0000] {processor.py:157} INFO - Started process (PID=10211) to work on /home/airflow/.local/lib/python3.7/site-packages/airflow/example_dags/example_kubernetes_executor.py
[2023-06-03T20:45:35.642+0000] {processor.py:826} INFO - Processing file /home/airflow/.local/lib/python3.7/site-packages/airflow/example_dags/example_kubernetes_executor.py for tasks to queue
[2023-06-03T20:45:35.643+0000] {logging_mixin.py:149} INFO - [2023-06-03T20:45:35.643+0000] {dagbag.py:541} INFO - Filling up the DagBag from /home/airflow/.local/lib/python3.7/site-packages/airflow/example_dags/example_kubernetes_executor.py
[2023-06-03T20:45:35.780+0000] {processor.py:836} INFO - DAG(s) dict_keys(['example_kubernetes_executor']) retrieved from /home/airflow/.local/lib/python3.7/site-packages/airflow/example_dags/example_kubernetes_executor.py
[2023-06-03T20:45:35.810+0000] {logging_mixin.py:149} INFO - [2023-06-03T20:45:35.810+0000] {dag.py:2726} INFO - Sync 1 DAGs
[2023-06-03T20:45:35.828+0000] {logging_mixin.py:149} INFO - [2023-06-03T20:45:35.828+0000] {dag.py:3490} INFO - Setting next_dagrun for example_kubernetes_executor to None, run_after=None
[2023-06-03T20:45:35.847+0000] {processor.py:179} INFO - Processing /home/airflow/.local/lib/python3.7/site-packages/airflow/example_dags/example_kubernetes_executor.py took 0.208 seconds
[2023-06-03T20:46:05.902+0000] {processor.py:157} INFO - Started process (PID=10463) to work on /home/airflow/.local/lib/python3.7/site-packages/airflow/example_dags/example_kubernetes_executor.py
[2023-06-03T20:46:05.903+0000] {processor.py:826} INFO - Processing file /home/airflow/.local/lib/python3.7/site-packages/airflow/example_dags/example_kubernetes_executor.py for tasks to queue
[2023-06-03T20:46:05.904+0000] {logging_mixin.py:149} INFO - [2023-06-03T20:46:05.904+0000] {dagbag.py:541} INFO - Filling up the DagBag from /home/airflow/.local/lib/python3.7/site-packages/airflow/example_dags/example_kubernetes_executor.py
[2023-06-03T20:46:06.054+0000] {processor.py:836} INFO - DAG(s) dict_keys(['example_kubernetes_executor']) retrieved from /home/airflow/.local/lib/python3.7/site-packages/airflow/example_dags/example_kubernetes_executor.py
[2023-06-03T20:46:06.086+0000] {logging_mixin.py:149} INFO - [2023-06-03T20:46:06.085+0000] {dag.py:2726} INFO - Sync 1 DAGs
[2023-06-03T20:46:06.103+0000] {logging_mixin.py:149} INFO - [2023-06-03T20:46:06.102+0000] {dag.py:3490} INFO - Setting next_dagrun for example_kubernetes_executor to None, run_after=None
[2023-06-03T20:46:06.121+0000] {processor.py:179} INFO - Processing /home/airflow/.local/lib/python3.7/site-packages/airflow/example_dags/example_kubernetes_executor.py took 0.221 seconds
[2023-06-03T20:46:37.024+0000] {processor.py:157} INFO - Started process (PID=10715) to work on /home/airflow/.local/lib/python3.7/site-packages/airflow/example_dags/example_kubernetes_executor.py
[2023-06-03T20:46:37.026+0000] {processor.py:826} INFO - Processing file /home/airflow/.local/lib/python3.7/site-packages/airflow/example_dags/example_kubernetes_executor.py for tasks to queue
[2023-06-03T20:46:37.027+0000] {logging_mixin.py:149} INFO - [2023-06-03T20:46:37.027+0000] {dagbag.py:541} INFO - Filling up the DagBag from /home/airflow/.local/lib/python3.7/site-packages/airflow/example_dags/example_kubernetes_executor.py
[2023-06-03T20:46:37.161+0000] {processor.py:836} INFO - DAG(s) dict_keys(['example_kubernetes_executor']) retrieved from /home/airflow/.local/lib/python3.7/site-packages/airflow/example_dags/example_kubernetes_executor.py
[2023-06-03T20:46:37.191+0000] {logging_mixin.py:149} INFO - [2023-06-03T20:46:37.191+0000] {dag.py:2726} INFO - Sync 1 DAGs
[2023-06-03T20:46:37.210+0000] {logging_mixin.py:149} INFO - [2023-06-03T20:46:37.210+0000] {dag.py:3490} INFO - Setting next_dagrun for example_kubernetes_executor to None, run_after=None
[2023-06-03T20:46:37.225+0000] {processor.py:179} INFO - Processing /home/airflow/.local/lib/python3.7/site-packages/airflow/example_dags/example_kubernetes_executor.py took 0.203 seconds
[2023-06-03T20:47:07.445+0000] {processor.py:157} INFO - Started process (PID=10967) to work on /home/airflow/.local/lib/python3.7/site-packages/airflow/example_dags/example_kubernetes_executor.py
[2023-06-03T20:47:07.447+0000] {processor.py:826} INFO - Processing file /home/airflow/.local/lib/python3.7/site-packages/airflow/example_dags/example_kubernetes_executor.py for tasks to queue
[2023-06-03T20:47:07.448+0000] {logging_mixin.py:149} INFO - [2023-06-03T20:47:07.448+0000] {dagbag.py:541} INFO - Filling up the DagBag from /home/airflow/.local/lib/python3.7/site-packages/airflow/example_dags/example_kubernetes_executor.py
[2023-06-03T20:47:07.591+0000] {processor.py:836} INFO - DAG(s) dict_keys(['example_kubernetes_executor']) retrieved from /home/airflow/.local/lib/python3.7/site-packages/airflow/example_dags/example_kubernetes_executor.py
[2023-06-03T20:47:07.622+0000] {logging_mixin.py:149} INFO - [2023-06-03T20:47:07.622+0000] {dag.py:2726} INFO - Sync 1 DAGs
[2023-06-03T20:47:07.639+0000] {logging_mixin.py:149} INFO - [2023-06-03T20:47:07.639+0000] {dag.py:3490} INFO - Setting next_dagrun for example_kubernetes_executor to None, run_after=None
[2023-06-03T20:47:07.655+0000] {processor.py:179} INFO - Processing /home/airflow/.local/lib/python3.7/site-packages/airflow/example_dags/example_kubernetes_executor.py took 0.211 seconds
[2023-06-03T20:47:37.746+0000] {processor.py:157} INFO - Started process (PID=11219) to work on /home/airflow/.local/lib/python3.7/site-packages/airflow/example_dags/example_kubernetes_executor.py
[2023-06-03T20:47:37.747+0000] {processor.py:826} INFO - Processing file /home/airflow/.local/lib/python3.7/site-packages/airflow/example_dags/example_kubernetes_executor.py for tasks to queue
[2023-06-03T20:47:37.748+0000] {logging_mixin.py:149} INFO - [2023-06-03T20:47:37.748+0000] {dagbag.py:541} INFO - Filling up the DagBag from /home/airflow/.local/lib/python3.7/site-packages/airflow/example_dags/example_kubernetes_executor.py
[2023-06-03T20:47:37.874+0000] {processor.py:836} INFO - DAG(s) dict_keys(['example_kubernetes_executor']) retrieved from /home/airflow/.local/lib/python3.7/site-packages/airflow/example_dags/example_kubernetes_executor.py
[2023-06-03T20:47:37.902+0000] {logging_mixin.py:149} INFO - [2023-06-03T20:47:37.902+0000] {dag.py:2726} INFO - Sync 1 DAGs
[2023-06-03T20:47:37.919+0000] {logging_mixin.py:149} INFO - [2023-06-03T20:47:37.919+0000] {dag.py:3490} INFO - Setting next_dagrun for example_kubernetes_executor to None, run_after=None
[2023-06-03T20:47:37.934+0000] {processor.py:179} INFO - Processing /home/airflow/.local/lib/python3.7/site-packages/airflow/example_dags/example_kubernetes_executor.py took 0.190 seconds
[2023-06-03T20:48:08.194+0000] {processor.py:157} INFO - Started process (PID=11476) to work on /home/airflow/.local/lib/python3.7/site-packages/airflow/example_dags/example_kubernetes_executor.py
[2023-06-03T20:48:08.195+0000] {processor.py:826} INFO - Processing file /home/airflow/.local/lib/python3.7/site-packages/airflow/example_dags/example_kubernetes_executor.py for tasks to queue
[2023-06-03T20:48:08.196+0000] {logging_mixin.py:149} INFO - [2023-06-03T20:48:08.196+0000] {dagbag.py:541} INFO - Filling up the DagBag from /home/airflow/.local/lib/python3.7/site-packages/airflow/example_dags/example_kubernetes_executor.py
[2023-06-03T20:48:08.328+0000] {processor.py:836} INFO - DAG(s) dict_keys(['example_kubernetes_executor']) retrieved from /home/airflow/.local/lib/python3.7/site-packages/airflow/example_dags/example_kubernetes_executor.py
[2023-06-03T20:48:08.355+0000] {logging_mixin.py:149} INFO - [2023-06-03T20:48:08.355+0000] {dag.py:2726} INFO - Sync 1 DAGs
[2023-06-03T20:48:08.372+0000] {logging_mixin.py:149} INFO - [2023-06-03T20:48:08.372+0000] {dag.py:3490} INFO - Setting next_dagrun for example_kubernetes_executor to None, run_after=None
[2023-06-03T20:48:08.388+0000] {processor.py:179} INFO - Processing /home/airflow/.local/lib/python3.7/site-packages/airflow/example_dags/example_kubernetes_executor.py took 0.196 seconds
[2023-06-03T20:48:38.426+0000] {processor.py:157} INFO - Started process (PID=11723) to work on /home/airflow/.local/lib/python3.7/site-packages/airflow/example_dags/example_kubernetes_executor.py
[2023-06-03T20:48:38.427+0000] {processor.py:826} INFO - Processing file /home/airflow/.local/lib/python3.7/site-packages/airflow/example_dags/example_kubernetes_executor.py for tasks to queue
[2023-06-03T20:48:38.428+0000] {logging_mixin.py:149} INFO - [2023-06-03T20:48:38.428+0000] {dagbag.py:541} INFO - Filling up the DagBag from /home/airflow/.local/lib/python3.7/site-packages/airflow/example_dags/example_kubernetes_executor.py
[2023-06-03T20:48:38.567+0000] {processor.py:836} INFO - DAG(s) dict_keys(['example_kubernetes_executor']) retrieved from /home/airflow/.local/lib/python3.7/site-packages/airflow/example_dags/example_kubernetes_executor.py
[2023-06-03T20:48:38.598+0000] {logging_mixin.py:149} INFO - [2023-06-03T20:48:38.598+0000] {dag.py:2726} INFO - Sync 1 DAGs
[2023-06-03T20:48:38.616+0000] {logging_mixin.py:149} INFO - [2023-06-03T20:48:38.616+0000] {dag.py:3490} INFO - Setting next_dagrun for example_kubernetes_executor to None, run_after=None
[2023-06-03T20:48:38.632+0000] {processor.py:179} INFO - Processing /home/airflow/.local/lib/python3.7/site-packages/airflow/example_dags/example_kubernetes_executor.py took 0.208 seconds
[2023-06-03T20:49:08.765+0000] {processor.py:157} INFO - Started process (PID=11975) to work on /home/airflow/.local/lib/python3.7/site-packages/airflow/example_dags/example_kubernetes_executor.py
[2023-06-03T20:49:08.766+0000] {processor.py:826} INFO - Processing file /home/airflow/.local/lib/python3.7/site-packages/airflow/example_dags/example_kubernetes_executor.py for tasks to queue
[2023-06-03T20:49:08.767+0000] {logging_mixin.py:149} INFO - [2023-06-03T20:49:08.767+0000] {dagbag.py:541} INFO - Filling up the DagBag from /home/airflow/.local/lib/python3.7/site-packages/airflow/example_dags/example_kubernetes_executor.py
[2023-06-03T20:49:08.902+0000] {processor.py:836} INFO - DAG(s) dict_keys(['example_kubernetes_executor']) retrieved from /home/airflow/.local/lib/python3.7/site-packages/airflow/example_dags/example_kubernetes_executor.py
[2023-06-03T20:49:08.931+0000] {logging_mixin.py:149} INFO - [2023-06-03T20:49:08.930+0000] {dag.py:2726} INFO - Sync 1 DAGs
[2023-06-03T20:49:08.947+0000] {logging_mixin.py:149} INFO - [2023-06-03T20:49:08.947+0000] {dag.py:3490} INFO - Setting next_dagrun for example_kubernetes_executor to None, run_after=None
[2023-06-03T20:49:08.961+0000] {processor.py:179} INFO - Processing /home/airflow/.local/lib/python3.7/site-packages/airflow/example_dags/example_kubernetes_executor.py took 0.199 seconds
[2023-06-03T20:49:39.025+0000] {processor.py:157} INFO - Started process (PID=12227) to work on /home/airflow/.local/lib/python3.7/site-packages/airflow/example_dags/example_kubernetes_executor.py
[2023-06-03T20:49:39.027+0000] {processor.py:826} INFO - Processing file /home/airflow/.local/lib/python3.7/site-packages/airflow/example_dags/example_kubernetes_executor.py for tasks to queue
[2023-06-03T20:49:39.030+0000] {logging_mixin.py:149} INFO - [2023-06-03T20:49:39.030+0000] {dagbag.py:541} INFO - Filling up the DagBag from /home/airflow/.local/lib/python3.7/site-packages/airflow/example_dags/example_kubernetes_executor.py
[2023-06-03T20:49:39.161+0000] {processor.py:836} INFO - DAG(s) dict_keys(['example_kubernetes_executor']) retrieved from /home/airflow/.local/lib/python3.7/site-packages/airflow/example_dags/example_kubernetes_executor.py
[2023-06-03T20:49:39.190+0000] {logging_mixin.py:149} INFO - [2023-06-03T20:49:39.190+0000] {dag.py:2726} INFO - Sync 1 DAGs
[2023-06-03T20:49:39.210+0000] {logging_mixin.py:149} INFO - [2023-06-03T20:49:39.209+0000] {dag.py:3490} INFO - Setting next_dagrun for example_kubernetes_executor to None, run_after=None
[2023-06-03T20:49:39.225+0000] {processor.py:179} INFO - Processing /home/airflow/.local/lib/python3.7/site-packages/airflow/example_dags/example_kubernetes_executor.py took 0.203 seconds
[2023-06-03T20:50:09.760+0000] {processor.py:157} INFO - Started process (PID=12479) to work on /home/airflow/.local/lib/python3.7/site-packages/airflow/example_dags/example_kubernetes_executor.py
[2023-06-03T20:50:09.761+0000] {processor.py:826} INFO - Processing file /home/airflow/.local/lib/python3.7/site-packages/airflow/example_dags/example_kubernetes_executor.py for tasks to queue
[2023-06-03T20:50:09.762+0000] {logging_mixin.py:149} INFO - [2023-06-03T20:50:09.762+0000] {dagbag.py:541} INFO - Filling up the DagBag from /home/airflow/.local/lib/python3.7/site-packages/airflow/example_dags/example_kubernetes_executor.py
[2023-06-03T20:50:09.903+0000] {processor.py:836} INFO - DAG(s) dict_keys(['example_kubernetes_executor']) retrieved from /home/airflow/.local/lib/python3.7/site-packages/airflow/example_dags/example_kubernetes_executor.py
[2023-06-03T20:50:09.932+0000] {logging_mixin.py:149} INFO - [2023-06-03T20:50:09.932+0000] {dag.py:2726} INFO - Sync 1 DAGs
[2023-06-03T20:50:09.950+0000] {logging_mixin.py:149} INFO - [2023-06-03T20:50:09.950+0000] {dag.py:3490} INFO - Setting next_dagrun for example_kubernetes_executor to None, run_after=None
[2023-06-03T20:50:09.970+0000] {processor.py:179} INFO - Processing /home/airflow/.local/lib/python3.7/site-packages/airflow/example_dags/example_kubernetes_executor.py took 0.212 seconds
[2023-06-03T20:50:40.921+0000] {processor.py:157} INFO - Started process (PID=12731) to work on /home/airflow/.local/lib/python3.7/site-packages/airflow/example_dags/example_kubernetes_executor.py
[2023-06-03T20:50:40.922+0000] {processor.py:826} INFO - Processing file /home/airflow/.local/lib/python3.7/site-packages/airflow/example_dags/example_kubernetes_executor.py for tasks to queue
[2023-06-03T20:50:40.923+0000] {logging_mixin.py:149} INFO - [2023-06-03T20:50:40.923+0000] {dagbag.py:541} INFO - Filling up the DagBag from /home/airflow/.local/lib/python3.7/site-packages/airflow/example_dags/example_kubernetes_executor.py
[2023-06-03T20:50:41.057+0000] {processor.py:836} INFO - DAG(s) dict_keys(['example_kubernetes_executor']) retrieved from /home/airflow/.local/lib/python3.7/site-packages/airflow/example_dags/example_kubernetes_executor.py
[2023-06-03T20:50:41.088+0000] {logging_mixin.py:149} INFO - [2023-06-03T20:50:41.088+0000] {dag.py:2726} INFO - Sync 1 DAGs
[2023-06-03T20:50:41.106+0000] {logging_mixin.py:149} INFO - [2023-06-03T20:50:41.106+0000] {dag.py:3490} INFO - Setting next_dagrun for example_kubernetes_executor to None, run_after=None
[2023-06-03T20:50:41.121+0000] {processor.py:179} INFO - Processing /home/airflow/.local/lib/python3.7/site-packages/airflow/example_dags/example_kubernetes_executor.py took 0.203 seconds
[2023-06-03T20:51:11.465+0000] {processor.py:157} INFO - Started process (PID=12984) to work on /home/airflow/.local/lib/python3.7/site-packages/airflow/example_dags/example_kubernetes_executor.py
[2023-06-03T20:51:11.471+0000] {processor.py:826} INFO - Processing file /home/airflow/.local/lib/python3.7/site-packages/airflow/example_dags/example_kubernetes_executor.py for tasks to queue
[2023-06-03T20:51:11.472+0000] {logging_mixin.py:149} INFO - [2023-06-03T20:51:11.472+0000] {dagbag.py:541} INFO - Filling up the DagBag from /home/airflow/.local/lib/python3.7/site-packages/airflow/example_dags/example_kubernetes_executor.py
[2023-06-03T20:51:11.616+0000] {processor.py:836} INFO - DAG(s) dict_keys(['example_kubernetes_executor']) retrieved from /home/airflow/.local/lib/python3.7/site-packages/airflow/example_dags/example_kubernetes_executor.py
[2023-06-03T20:51:11.647+0000] {logging_mixin.py:149} INFO - [2023-06-03T20:51:11.647+0000] {dag.py:2726} INFO - Sync 1 DAGs
[2023-06-03T20:51:11.663+0000] {logging_mixin.py:149} INFO - [2023-06-03T20:51:11.663+0000] {dag.py:3490} INFO - Setting next_dagrun for example_kubernetes_executor to None, run_after=None
[2023-06-03T20:51:11.678+0000] {processor.py:179} INFO - Processing /home/airflow/.local/lib/python3.7/site-packages/airflow/example_dags/example_kubernetes_executor.py took 0.216 seconds
[2023-06-03T20:51:42.535+0000] {processor.py:157} INFO - Started process (PID=13243) to work on /home/airflow/.local/lib/python3.7/site-packages/airflow/example_dags/example_kubernetes_executor.py
[2023-06-03T20:51:42.536+0000] {processor.py:826} INFO - Processing file /home/airflow/.local/lib/python3.7/site-packages/airflow/example_dags/example_kubernetes_executor.py for tasks to queue
[2023-06-03T20:51:42.538+0000] {logging_mixin.py:149} INFO - [2023-06-03T20:51:42.538+0000] {dagbag.py:541} INFO - Filling up the DagBag from /home/airflow/.local/lib/python3.7/site-packages/airflow/example_dags/example_kubernetes_executor.py
[2023-06-03T20:51:42.665+0000] {processor.py:836} INFO - DAG(s) dict_keys(['example_kubernetes_executor']) retrieved from /home/airflow/.local/lib/python3.7/site-packages/airflow/example_dags/example_kubernetes_executor.py
[2023-06-03T20:51:42.691+0000] {logging_mixin.py:149} INFO - [2023-06-03T20:51:42.691+0000] {dag.py:2726} INFO - Sync 1 DAGs
[2023-06-03T20:51:42.709+0000] {logging_mixin.py:149} INFO - [2023-06-03T20:51:42.709+0000] {dag.py:3490} INFO - Setting next_dagrun for example_kubernetes_executor to None, run_after=None
[2023-06-03T20:51:42.725+0000] {processor.py:179} INFO - Processing /home/airflow/.local/lib/python3.7/site-packages/airflow/example_dags/example_kubernetes_executor.py took 0.193 seconds
[2023-06-03T20:52:13.404+0000] {processor.py:157} INFO - Started process (PID=13495) to work on /home/airflow/.local/lib/python3.7/site-packages/airflow/example_dags/example_kubernetes_executor.py
[2023-06-03T20:52:13.406+0000] {processor.py:826} INFO - Processing file /home/airflow/.local/lib/python3.7/site-packages/airflow/example_dags/example_kubernetes_executor.py for tasks to queue
[2023-06-03T20:52:13.407+0000] {logging_mixin.py:149} INFO - [2023-06-03T20:52:13.407+0000] {dagbag.py:541} INFO - Filling up the DagBag from /home/airflow/.local/lib/python3.7/site-packages/airflow/example_dags/example_kubernetes_executor.py
[2023-06-03T20:52:13.549+0000] {processor.py:836} INFO - DAG(s) dict_keys(['example_kubernetes_executor']) retrieved from /home/airflow/.local/lib/python3.7/site-packages/airflow/example_dags/example_kubernetes_executor.py
[2023-06-03T20:52:13.579+0000] {logging_mixin.py:149} INFO - [2023-06-03T20:52:13.579+0000] {dag.py:2726} INFO - Sync 1 DAGs
[2023-06-03T20:52:13.597+0000] {logging_mixin.py:149} INFO - [2023-06-03T20:52:13.597+0000] {dag.py:3490} INFO - Setting next_dagrun for example_kubernetes_executor to None, run_after=None
[2023-06-03T20:52:13.614+0000] {processor.py:179} INFO - Processing /home/airflow/.local/lib/python3.7/site-packages/airflow/example_dags/example_kubernetes_executor.py took 0.211 seconds
[2023-06-03T20:52:44.060+0000] {processor.py:157} INFO - Started process (PID=13747) to work on /home/airflow/.local/lib/python3.7/site-packages/airflow/example_dags/example_kubernetes_executor.py
[2023-06-03T20:52:44.062+0000] {processor.py:826} INFO - Processing file /home/airflow/.local/lib/python3.7/site-packages/airflow/example_dags/example_kubernetes_executor.py for tasks to queue
[2023-06-03T20:52:44.063+0000] {logging_mixin.py:149} INFO - [2023-06-03T20:52:44.063+0000] {dagbag.py:541} INFO - Filling up the DagBag from /home/airflow/.local/lib/python3.7/site-packages/airflow/example_dags/example_kubernetes_executor.py
[2023-06-03T20:52:44.197+0000] {processor.py:836} INFO - DAG(s) dict_keys(['example_kubernetes_executor']) retrieved from /home/airflow/.local/lib/python3.7/site-packages/airflow/example_dags/example_kubernetes_executor.py
[2023-06-03T20:52:44.228+0000] {logging_mixin.py:149} INFO - [2023-06-03T20:52:44.228+0000] {dag.py:2726} INFO - Sync 1 DAGs
[2023-06-03T20:52:44.244+0000] {logging_mixin.py:149} INFO - [2023-06-03T20:52:44.244+0000] {dag.py:3490} INFO - Setting next_dagrun for example_kubernetes_executor to None, run_after=None
[2023-06-03T20:52:44.259+0000] {processor.py:179} INFO - Processing /home/airflow/.local/lib/python3.7/site-packages/airflow/example_dags/example_kubernetes_executor.py took 0.201 seconds
[2023-06-03T20:53:14.609+0000] {processor.py:157} INFO - Started process (PID=13999) to work on /home/airflow/.local/lib/python3.7/site-packages/airflow/example_dags/example_kubernetes_executor.py
[2023-06-03T20:53:14.610+0000] {processor.py:826} INFO - Processing file /home/airflow/.local/lib/python3.7/site-packages/airflow/example_dags/example_kubernetes_executor.py for tasks to queue
[2023-06-03T20:53:14.611+0000] {logging_mixin.py:149} INFO - [2023-06-03T20:53:14.610+0000] {dagbag.py:541} INFO - Filling up the DagBag from /home/airflow/.local/lib/python3.7/site-packages/airflow/example_dags/example_kubernetes_executor.py
[2023-06-03T20:53:14.747+0000] {processor.py:836} INFO - DAG(s) dict_keys(['example_kubernetes_executor']) retrieved from /home/airflow/.local/lib/python3.7/site-packages/airflow/example_dags/example_kubernetes_executor.py
[2023-06-03T20:53:14.778+0000] {logging_mixin.py:149} INFO - [2023-06-03T20:53:14.778+0000] {dag.py:2726} INFO - Sync 1 DAGs
[2023-06-03T20:53:14.795+0000] {logging_mixin.py:149} INFO - [2023-06-03T20:53:14.795+0000] {dag.py:3490} INFO - Setting next_dagrun for example_kubernetes_executor to None, run_after=None
[2023-06-03T20:53:14.813+0000] {processor.py:179} INFO - Processing /home/airflow/.local/lib/python3.7/site-packages/airflow/example_dags/example_kubernetes_executor.py took 0.206 seconds
[2023-06-03T20:53:44.955+0000] {processor.py:157} INFO - Started process (PID=14251) to work on /home/airflow/.local/lib/python3.7/site-packages/airflow/example_dags/example_kubernetes_executor.py
[2023-06-03T20:53:44.957+0000] {processor.py:826} INFO - Processing file /home/airflow/.local/lib/python3.7/site-packages/airflow/example_dags/example_kubernetes_executor.py for tasks to queue
[2023-06-03T20:53:44.958+0000] {logging_mixin.py:149} INFO - [2023-06-03T20:53:44.958+0000] {dagbag.py:541} INFO - Filling up the DagBag from /home/airflow/.local/lib/python3.7/site-packages/airflow/example_dags/example_kubernetes_executor.py
[2023-06-03T20:53:45.104+0000] {processor.py:836} INFO - DAG(s) dict_keys(['example_kubernetes_executor']) retrieved from /home/airflow/.local/lib/python3.7/site-packages/airflow/example_dags/example_kubernetes_executor.py
[2023-06-03T20:53:45.135+0000] {logging_mixin.py:149} INFO - [2023-06-03T20:53:45.135+0000] {dag.py:2726} INFO - Sync 1 DAGs
[2023-06-03T20:53:45.156+0000] {logging_mixin.py:149} INFO - [2023-06-03T20:53:45.156+0000] {dag.py:3490} INFO - Setting next_dagrun for example_kubernetes_executor to None, run_after=None
[2023-06-03T20:53:45.174+0000] {processor.py:179} INFO - Processing /home/airflow/.local/lib/python3.7/site-packages/airflow/example_dags/example_kubernetes_executor.py took 0.221 seconds
[2023-06-03T20:54:15.827+0000] {processor.py:157} INFO - Started process (PID=14503) to work on /home/airflow/.local/lib/python3.7/site-packages/airflow/example_dags/example_kubernetes_executor.py
[2023-06-03T20:54:15.828+0000] {processor.py:826} INFO - Processing file /home/airflow/.local/lib/python3.7/site-packages/airflow/example_dags/example_kubernetes_executor.py for tasks to queue
[2023-06-03T20:54:15.829+0000] {logging_mixin.py:149} INFO - [2023-06-03T20:54:15.829+0000] {dagbag.py:541} INFO - Filling up the DagBag from /home/airflow/.local/lib/python3.7/site-packages/airflow/example_dags/example_kubernetes_executor.py
[2023-06-03T20:54:15.962+0000] {processor.py:836} INFO - DAG(s) dict_keys(['example_kubernetes_executor']) retrieved from /home/airflow/.local/lib/python3.7/site-packages/airflow/example_dags/example_kubernetes_executor.py
[2023-06-03T20:54:15.993+0000] {logging_mixin.py:149} INFO - [2023-06-03T20:54:15.993+0000] {dag.py:2726} INFO - Sync 1 DAGs
[2023-06-03T20:54:16.011+0000] {logging_mixin.py:149} INFO - [2023-06-03T20:54:16.011+0000] {dag.py:3490} INFO - Setting next_dagrun for example_kubernetes_executor to None, run_after=None
[2023-06-03T20:54:16.106+0000] {processor.py:179} INFO - Processing /home/airflow/.local/lib/python3.7/site-packages/airflow/example_dags/example_kubernetes_executor.py took 0.281 seconds
[2023-06-03T20:54:46.397+0000] {processor.py:157} INFO - Started process (PID=14755) to work on /home/airflow/.local/lib/python3.7/site-packages/airflow/example_dags/example_kubernetes_executor.py
[2023-06-03T20:54:46.399+0000] {processor.py:826} INFO - Processing file /home/airflow/.local/lib/python3.7/site-packages/airflow/example_dags/example_kubernetes_executor.py for tasks to queue
[2023-06-03T20:54:46.402+0000] {logging_mixin.py:149} INFO - [2023-06-03T20:54:46.402+0000] {dagbag.py:541} INFO - Filling up the DagBag from /home/airflow/.local/lib/python3.7/site-packages/airflow/example_dags/example_kubernetes_executor.py
[2023-06-03T20:54:46.544+0000] {processor.py:836} INFO - DAG(s) dict_keys(['example_kubernetes_executor']) retrieved from /home/airflow/.local/lib/python3.7/site-packages/airflow/example_dags/example_kubernetes_executor.py
[2023-06-03T20:54:46.575+0000] {logging_mixin.py:149} INFO - [2023-06-03T20:54:46.575+0000] {dag.py:2726} INFO - Sync 1 DAGs
[2023-06-03T20:54:46.591+0000] {logging_mixin.py:149} INFO - [2023-06-03T20:54:46.591+0000] {dag.py:3490} INFO - Setting next_dagrun for example_kubernetes_executor to None, run_after=None
[2023-06-03T20:54:46.609+0000] {processor.py:179} INFO - Processing /home/airflow/.local/lib/python3.7/site-packages/airflow/example_dags/example_kubernetes_executor.py took 0.215 seconds
[2023-06-03T20:55:16.748+0000] {processor.py:157} INFO - Started process (PID=15007) to work on /home/airflow/.local/lib/python3.7/site-packages/airflow/example_dags/example_kubernetes_executor.py
[2023-06-03T20:55:16.749+0000] {processor.py:826} INFO - Processing file /home/airflow/.local/lib/python3.7/site-packages/airflow/example_dags/example_kubernetes_executor.py for tasks to queue
[2023-06-03T20:55:16.750+0000] {logging_mixin.py:149} INFO - [2023-06-03T20:55:16.750+0000] {dagbag.py:541} INFO - Filling up the DagBag from /home/airflow/.local/lib/python3.7/site-packages/airflow/example_dags/example_kubernetes_executor.py
[2023-06-03T20:55:16.903+0000] {processor.py:836} INFO - DAG(s) dict_keys(['example_kubernetes_executor']) retrieved from /home/airflow/.local/lib/python3.7/site-packages/airflow/example_dags/example_kubernetes_executor.py
[2023-06-03T20:55:16.941+0000] {logging_mixin.py:149} INFO - [2023-06-03T20:55:16.941+0000] {dag.py:2726} INFO - Sync 1 DAGs
[2023-06-03T20:55:16.960+0000] {logging_mixin.py:149} INFO - [2023-06-03T20:55:16.960+0000] {dag.py:3490} INFO - Setting next_dagrun for example_kubernetes_executor to None, run_after=None
[2023-06-03T20:55:16.976+0000] {processor.py:179} INFO - Processing /home/airflow/.local/lib/python3.7/site-packages/airflow/example_dags/example_kubernetes_executor.py took 0.230 seconds
[2023-06-03T20:55:47.505+0000] {processor.py:157} INFO - Started process (PID=15259) to work on /home/airflow/.local/lib/python3.7/site-packages/airflow/example_dags/example_kubernetes_executor.py
[2023-06-03T20:55:47.506+0000] {processor.py:826} INFO - Processing file /home/airflow/.local/lib/python3.7/site-packages/airflow/example_dags/example_kubernetes_executor.py for tasks to queue
[2023-06-03T20:55:47.507+0000] {logging_mixin.py:149} INFO - [2023-06-03T20:55:47.507+0000] {dagbag.py:541} INFO - Filling up the DagBag from /home/airflow/.local/lib/python3.7/site-packages/airflow/example_dags/example_kubernetes_executor.py
[2023-06-03T20:55:47.640+0000] {processor.py:836} INFO - DAG(s) dict_keys(['example_kubernetes_executor']) retrieved from /home/airflow/.local/lib/python3.7/site-packages/airflow/example_dags/example_kubernetes_executor.py
[2023-06-03T20:55:47.669+0000] {logging_mixin.py:149} INFO - [2023-06-03T20:55:47.669+0000] {dag.py:2726} INFO - Sync 1 DAGs
[2023-06-03T20:55:47.687+0000] {logging_mixin.py:149} INFO - [2023-06-03T20:55:47.687+0000] {dag.py:3490} INFO - Setting next_dagrun for example_kubernetes_executor to None, run_after=None
[2023-06-03T20:55:47.703+0000] {processor.py:179} INFO - Processing /home/airflow/.local/lib/python3.7/site-packages/airflow/example_dags/example_kubernetes_executor.py took 0.200 seconds
[2023-06-03T20:56:17.838+0000] {processor.py:157} INFO - Started process (PID=15511) to work on /home/airflow/.local/lib/python3.7/site-packages/airflow/example_dags/example_kubernetes_executor.py
[2023-06-03T20:56:17.839+0000] {processor.py:826} INFO - Processing file /home/airflow/.local/lib/python3.7/site-packages/airflow/example_dags/example_kubernetes_executor.py for tasks to queue
[2023-06-03T20:56:17.840+0000] {logging_mixin.py:149} INFO - [2023-06-03T20:56:17.840+0000] {dagbag.py:541} INFO - Filling up the DagBag from /home/airflow/.local/lib/python3.7/site-packages/airflow/example_dags/example_kubernetes_executor.py
[2023-06-03T20:56:17.972+0000] {processor.py:836} INFO - DAG(s) dict_keys(['example_kubernetes_executor']) retrieved from /home/airflow/.local/lib/python3.7/site-packages/airflow/example_dags/example_kubernetes_executor.py
[2023-06-03T20:56:18.000+0000] {logging_mixin.py:149} INFO - [2023-06-03T20:56:18.000+0000] {dag.py:2726} INFO - Sync 1 DAGs
[2023-06-03T20:56:18.018+0000] {logging_mixin.py:149} INFO - [2023-06-03T20:56:18.018+0000] {dag.py:3490} INFO - Setting next_dagrun for example_kubernetes_executor to None, run_after=None
[2023-06-03T20:56:18.121+0000] {processor.py:179} INFO - Processing /home/airflow/.local/lib/python3.7/site-packages/airflow/example_dags/example_kubernetes_executor.py took 0.285 seconds
[2023-06-03T20:56:48.429+0000] {processor.py:157} INFO - Started process (PID=15763) to work on /home/airflow/.local/lib/python3.7/site-packages/airflow/example_dags/example_kubernetes_executor.py
[2023-06-03T20:56:48.430+0000] {processor.py:826} INFO - Processing file /home/airflow/.local/lib/python3.7/site-packages/airflow/example_dags/example_kubernetes_executor.py for tasks to queue
[2023-06-03T20:56:48.431+0000] {logging_mixin.py:149} INFO - [2023-06-03T20:56:48.431+0000] {dagbag.py:541} INFO - Filling up the DagBag from /home/airflow/.local/lib/python3.7/site-packages/airflow/example_dags/example_kubernetes_executor.py
[2023-06-03T20:56:48.570+0000] {processor.py:836} INFO - DAG(s) dict_keys(['example_kubernetes_executor']) retrieved from /home/airflow/.local/lib/python3.7/site-packages/airflow/example_dags/example_kubernetes_executor.py
[2023-06-03T20:56:48.600+0000] {logging_mixin.py:149} INFO - [2023-06-03T20:56:48.599+0000] {dag.py:2726} INFO - Sync 1 DAGs
[2023-06-03T20:56:48.617+0000] {logging_mixin.py:149} INFO - [2023-06-03T20:56:48.617+0000] {dag.py:3490} INFO - Setting next_dagrun for example_kubernetes_executor to None, run_after=None
[2023-06-03T20:56:48.631+0000] {processor.py:179} INFO - Processing /home/airflow/.local/lib/python3.7/site-packages/airflow/example_dags/example_kubernetes_executor.py took 0.204 seconds
[2023-06-03T20:57:18.960+0000] {processor.py:157} INFO - Started process (PID=16015) to work on /home/airflow/.local/lib/python3.7/site-packages/airflow/example_dags/example_kubernetes_executor.py
[2023-06-03T20:57:18.961+0000] {processor.py:826} INFO - Processing file /home/airflow/.local/lib/python3.7/site-packages/airflow/example_dags/example_kubernetes_executor.py for tasks to queue
[2023-06-03T20:57:18.962+0000] {logging_mixin.py:149} INFO - [2023-06-03T20:57:18.961+0000] {dagbag.py:541} INFO - Filling up the DagBag from /home/airflow/.local/lib/python3.7/site-packages/airflow/example_dags/example_kubernetes_executor.py
[2023-06-03T20:57:19.097+0000] {processor.py:836} INFO - DAG(s) dict_keys(['example_kubernetes_executor']) retrieved from /home/airflow/.local/lib/python3.7/site-packages/airflow/example_dags/example_kubernetes_executor.py
[2023-06-03T20:57:19.227+0000] {logging_mixin.py:149} INFO - [2023-06-03T20:57:19.227+0000] {dag.py:2726} INFO - Sync 1 DAGs
[2023-06-03T20:57:19.243+0000] {logging_mixin.py:149} INFO - [2023-06-03T20:57:19.243+0000] {dag.py:3490} INFO - Setting next_dagrun for example_kubernetes_executor to None, run_after=None
[2023-06-03T20:57:19.263+0000] {processor.py:179} INFO - Processing /home/airflow/.local/lib/python3.7/site-packages/airflow/example_dags/example_kubernetes_executor.py took 0.305 seconds
[2023-06-03T20:57:49.357+0000] {processor.py:157} INFO - Started process (PID=16267) to work on /home/airflow/.local/lib/python3.7/site-packages/airflow/example_dags/example_kubernetes_executor.py
[2023-06-03T20:57:49.359+0000] {processor.py:826} INFO - Processing file /home/airflow/.local/lib/python3.7/site-packages/airflow/example_dags/example_kubernetes_executor.py for tasks to queue
[2023-06-03T20:57:49.360+0000] {logging_mixin.py:149} INFO - [2023-06-03T20:57:49.360+0000] {dagbag.py:541} INFO - Filling up the DagBag from /home/airflow/.local/lib/python3.7/site-packages/airflow/example_dags/example_kubernetes_executor.py
[2023-06-03T20:57:49.498+0000] {processor.py:836} INFO - DAG(s) dict_keys(['example_kubernetes_executor']) retrieved from /home/airflow/.local/lib/python3.7/site-packages/airflow/example_dags/example_kubernetes_executor.py
[2023-06-03T20:57:49.528+0000] {logging_mixin.py:149} INFO - [2023-06-03T20:57:49.528+0000] {dag.py:2726} INFO - Sync 1 DAGs
[2023-06-03T20:57:49.623+0000] {logging_mixin.py:149} INFO - [2023-06-03T20:57:49.622+0000] {dag.py:3490} INFO - Setting next_dagrun for example_kubernetes_executor to None, run_after=None
[2023-06-03T20:57:49.637+0000] {processor.py:179} INFO - Processing /home/airflow/.local/lib/python3.7/site-packages/airflow/example_dags/example_kubernetes_executor.py took 0.282 seconds
[2023-06-03T20:58:19.721+0000] {processor.py:157} INFO - Started process (PID=16519) to work on /home/airflow/.local/lib/python3.7/site-packages/airflow/example_dags/example_kubernetes_executor.py
[2023-06-03T20:58:19.723+0000] {processor.py:826} INFO - Processing file /home/airflow/.local/lib/python3.7/site-packages/airflow/example_dags/example_kubernetes_executor.py for tasks to queue
[2023-06-03T20:58:19.724+0000] {logging_mixin.py:149} INFO - [2023-06-03T20:58:19.724+0000] {dagbag.py:541} INFO - Filling up the DagBag from /home/airflow/.local/lib/python3.7/site-packages/airflow/example_dags/example_kubernetes_executor.py
[2023-06-03T20:58:19.859+0000] {processor.py:836} INFO - DAG(s) dict_keys(['example_kubernetes_executor']) retrieved from /home/airflow/.local/lib/python3.7/site-packages/airflow/example_dags/example_kubernetes_executor.py
[2023-06-03T20:58:19.888+0000] {logging_mixin.py:149} INFO - [2023-06-03T20:58:19.888+0000] {dag.py:2726} INFO - Sync 1 DAGs
[2023-06-03T20:58:19.906+0000] {logging_mixin.py:149} INFO - [2023-06-03T20:58:19.906+0000] {dag.py:3490} INFO - Setting next_dagrun for example_kubernetes_executor to None, run_after=None
[2023-06-03T20:58:20.003+0000] {processor.py:179} INFO - Processing /home/airflow/.local/lib/python3.7/site-packages/airflow/example_dags/example_kubernetes_executor.py took 0.285 seconds
[2023-06-03T20:58:50.266+0000] {processor.py:157} INFO - Started process (PID=16771) to work on /home/airflow/.local/lib/python3.7/site-packages/airflow/example_dags/example_kubernetes_executor.py
[2023-06-03T20:58:50.267+0000] {processor.py:826} INFO - Processing file /home/airflow/.local/lib/python3.7/site-packages/airflow/example_dags/example_kubernetes_executor.py for tasks to queue
[2023-06-03T20:58:50.268+0000] {logging_mixin.py:149} INFO - [2023-06-03T20:58:50.268+0000] {dagbag.py:541} INFO - Filling up the DagBag from /home/airflow/.local/lib/python3.7/site-packages/airflow/example_dags/example_kubernetes_executor.py
[2023-06-03T20:58:50.411+0000] {processor.py:836} INFO - DAG(s) dict_keys(['example_kubernetes_executor']) retrieved from /home/airflow/.local/lib/python3.7/site-packages/airflow/example_dags/example_kubernetes_executor.py
[2023-06-03T20:58:50.547+0000] {logging_mixin.py:149} INFO - [2023-06-03T20:58:50.547+0000] {dag.py:2726} INFO - Sync 1 DAGs
[2023-06-03T20:58:50.566+0000] {logging_mixin.py:149} INFO - [2023-06-03T20:58:50.566+0000] {dag.py:3490} INFO - Setting next_dagrun for example_kubernetes_executor to None, run_after=None
[2023-06-03T20:58:50.584+0000] {processor.py:179} INFO - Processing /home/airflow/.local/lib/python3.7/site-packages/airflow/example_dags/example_kubernetes_executor.py took 0.321 seconds
[2023-06-03T20:59:21.093+0000] {processor.py:157} INFO - Started process (PID=17023) to work on /home/airflow/.local/lib/python3.7/site-packages/airflow/example_dags/example_kubernetes_executor.py
[2023-06-03T20:59:21.094+0000] {processor.py:826} INFO - Processing file /home/airflow/.local/lib/python3.7/site-packages/airflow/example_dags/example_kubernetes_executor.py for tasks to queue
[2023-06-03T20:59:21.095+0000] {logging_mixin.py:149} INFO - [2023-06-03T20:59:21.095+0000] {dagbag.py:541} INFO - Filling up the DagBag from /home/airflow/.local/lib/python3.7/site-packages/airflow/example_dags/example_kubernetes_executor.py
[2023-06-03T20:59:21.229+0000] {processor.py:836} INFO - DAG(s) dict_keys(['example_kubernetes_executor']) retrieved from /home/airflow/.local/lib/python3.7/site-packages/airflow/example_dags/example_kubernetes_executor.py
[2023-06-03T20:59:21.350+0000] {logging_mixin.py:149} INFO - [2023-06-03T20:59:21.350+0000] {dag.py:2726} INFO - Sync 1 DAGs
[2023-06-03T20:59:21.366+0000] {logging_mixin.py:149} INFO - [2023-06-03T20:59:21.366+0000] {dag.py:3490} INFO - Setting next_dagrun for example_kubernetes_executor to None, run_after=None
[2023-06-03T20:59:21.382+0000] {processor.py:179} INFO - Processing /home/airflow/.local/lib/python3.7/site-packages/airflow/example_dags/example_kubernetes_executor.py took 0.291 seconds
[2023-06-03T20:59:52.098+0000] {processor.py:157} INFO - Started process (PID=17275) to work on /home/airflow/.local/lib/python3.7/site-packages/airflow/example_dags/example_kubernetes_executor.py
[2023-06-03T20:59:52.099+0000] {processor.py:826} INFO - Processing file /home/airflow/.local/lib/python3.7/site-packages/airflow/example_dags/example_kubernetes_executor.py for tasks to queue
[2023-06-03T20:59:52.101+0000] {logging_mixin.py:149} INFO - [2023-06-03T20:59:52.100+0000] {dagbag.py:541} INFO - Filling up the DagBag from /home/airflow/.local/lib/python3.7/site-packages/airflow/example_dags/example_kubernetes_executor.py
[2023-06-03T20:59:52.337+0000] {processor.py:836} INFO - DAG(s) dict_keys(['example_kubernetes_executor']) retrieved from /home/airflow/.local/lib/python3.7/site-packages/airflow/example_dags/example_kubernetes_executor.py
[2023-06-03T20:59:52.363+0000] {logging_mixin.py:149} INFO - [2023-06-03T20:59:52.363+0000] {dag.py:2726} INFO - Sync 1 DAGs
[2023-06-03T20:59:52.380+0000] {logging_mixin.py:149} INFO - [2023-06-03T20:59:52.380+0000] {dag.py:3490} INFO - Setting next_dagrun for example_kubernetes_executor to None, run_after=None
[2023-06-03T20:59:52.395+0000] {processor.py:179} INFO - Processing /home/airflow/.local/lib/python3.7/site-packages/airflow/example_dags/example_kubernetes_executor.py took 0.300 seconds
[2023-06-03T21:00:22.443+0000] {processor.py:157} INFO - Started process (PID=17527) to work on /home/airflow/.local/lib/python3.7/site-packages/airflow/example_dags/example_kubernetes_executor.py
[2023-06-03T21:00:22.444+0000] {processor.py:826} INFO - Processing file /home/airflow/.local/lib/python3.7/site-packages/airflow/example_dags/example_kubernetes_executor.py for tasks to queue
[2023-06-03T21:00:22.445+0000] {logging_mixin.py:149} INFO - [2023-06-03T21:00:22.444+0000] {dagbag.py:541} INFO - Filling up the DagBag from /home/airflow/.local/lib/python3.7/site-packages/airflow/example_dags/example_kubernetes_executor.py
[2023-06-03T21:00:22.659+0000] {processor.py:836} INFO - DAG(s) dict_keys(['example_kubernetes_executor']) retrieved from /home/airflow/.local/lib/python3.7/site-packages/airflow/example_dags/example_kubernetes_executor.py
[2023-06-03T21:00:22.687+0000] {logging_mixin.py:149} INFO - [2023-06-03T21:00:22.687+0000] {dag.py:2726} INFO - Sync 1 DAGs
[2023-06-03T21:00:22.702+0000] {logging_mixin.py:149} INFO - [2023-06-03T21:00:22.702+0000] {dag.py:3490} INFO - Setting next_dagrun for example_kubernetes_executor to None, run_after=None
[2023-06-03T21:00:22.720+0000] {processor.py:179} INFO - Processing /home/airflow/.local/lib/python3.7/site-packages/airflow/example_dags/example_kubernetes_executor.py took 0.280 seconds
[2023-06-03T21:00:53.344+0000] {processor.py:157} INFO - Started process (PID=17779) to work on /home/airflow/.local/lib/python3.7/site-packages/airflow/example_dags/example_kubernetes_executor.py
[2023-06-03T21:00:53.346+0000] {processor.py:826} INFO - Processing file /home/airflow/.local/lib/python3.7/site-packages/airflow/example_dags/example_kubernetes_executor.py for tasks to queue
[2023-06-03T21:00:53.347+0000] {logging_mixin.py:149} INFO - [2023-06-03T21:00:53.347+0000] {dagbag.py:541} INFO - Filling up the DagBag from /home/airflow/.local/lib/python3.7/site-packages/airflow/example_dags/example_kubernetes_executor.py
[2023-06-03T21:00:53.631+0000] {processor.py:836} INFO - DAG(s) dict_keys(['example_kubernetes_executor']) retrieved from /home/airflow/.local/lib/python3.7/site-packages/airflow/example_dags/example_kubernetes_executor.py
[2023-06-03T21:00:53.891+0000] {logging_mixin.py:149} INFO - [2023-06-03T21:00:53.891+0000] {dag.py:2726} INFO - Sync 1 DAGs
[2023-06-03T21:00:53.921+0000] {logging_mixin.py:149} INFO - [2023-06-03T21:00:53.920+0000] {dag.py:3490} INFO - Setting next_dagrun for example_kubernetes_executor to None, run_after=None
[2023-06-03T21:00:53.946+0000] {processor.py:179} INFO - Processing /home/airflow/.local/lib/python3.7/site-packages/airflow/example_dags/example_kubernetes_executor.py took 0.606 seconds
