[2023-06-03T20:25:44.499+0000] {processor.py:157} INFO - Started process (PID=334) to work on /home/airflow/.local/lib/python3.7/site-packages/airflow/example_dags/example_params_trigger_ui.py
[2023-06-03T20:25:44.501+0000] {processor.py:826} INFO - Processing file /home/airflow/.local/lib/python3.7/site-packages/airflow/example_dags/example_params_trigger_ui.py for tasks to queue
[2023-06-03T20:25:44.502+0000] {logging_mixin.py:149} INFO - [2023-06-03T20:25:44.502+0000] {dagbag.py:541} INFO - Filling up the DagBag from /home/airflow/.local/lib/python3.7/site-packages/airflow/example_dags/example_params_trigger_ui.py
[2023-06-03T20:25:44.520+0000] {processor.py:836} INFO - DAG(s) dict_keys(['example_params_trigger_ui']) retrieved from /home/airflow/.local/lib/python3.7/site-packages/airflow/example_dags/example_params_trigger_ui.py
[2023-06-03T20:25:44.530+0000] {logging_mixin.py:149} INFO - [2023-06-03T20:25:44.529+0000] {dag.py:2726} INFO - Sync 1 DAGs
[2023-06-03T20:25:44.547+0000] {logging_mixin.py:149} INFO - [2023-06-03T20:25:44.547+0000] {dag.py:3490} INFO - Setting next_dagrun for example_params_trigger_ui to None, run_after=None
[2023-06-03T20:25:44.566+0000] {processor.py:179} INFO - Processing /home/airflow/.local/lib/python3.7/site-packages/airflow/example_dags/example_params_trigger_ui.py took 0.069 seconds
[2023-06-03T20:26:15.219+0000] {processor.py:157} INFO - Started process (PID=584) to work on /home/airflow/.local/lib/python3.7/site-packages/airflow/example_dags/example_params_trigger_ui.py
[2023-06-03T20:26:15.221+0000] {processor.py:826} INFO - Processing file /home/airflow/.local/lib/python3.7/site-packages/airflow/example_dags/example_params_trigger_ui.py for tasks to queue
[2023-06-03T20:26:15.221+0000] {logging_mixin.py:149} INFO - [2023-06-03T20:26:15.221+0000] {dagbag.py:541} INFO - Filling up the DagBag from /home/airflow/.local/lib/python3.7/site-packages/airflow/example_dags/example_params_trigger_ui.py
[2023-06-03T20:26:15.236+0000] {processor.py:836} INFO - DAG(s) dict_keys(['example_params_trigger_ui']) retrieved from /home/airflow/.local/lib/python3.7/site-packages/airflow/example_dags/example_params_trigger_ui.py
[2023-06-03T20:26:15.364+0000] {logging_mixin.py:149} INFO - [2023-06-03T20:26:15.364+0000] {dag.py:2726} INFO - Sync 1 DAGs
[2023-06-03T20:26:15.379+0000] {logging_mixin.py:149} INFO - [2023-06-03T20:26:15.379+0000] {dag.py:3490} INFO - Setting next_dagrun for example_params_trigger_ui to None, run_after=None
[2023-06-03T20:26:15.396+0000] {processor.py:179} INFO - Processing /home/airflow/.local/lib/python3.7/site-packages/airflow/example_dags/example_params_trigger_ui.py took 0.179 seconds
[2023-06-03T20:26:45.783+0000] {processor.py:157} INFO - Started process (PID=836) to work on /home/airflow/.local/lib/python3.7/site-packages/airflow/example_dags/example_params_trigger_ui.py
[2023-06-03T20:26:45.784+0000] {processor.py:826} INFO - Processing file /home/airflow/.local/lib/python3.7/site-packages/airflow/example_dags/example_params_trigger_ui.py for tasks to queue
[2023-06-03T20:26:45.785+0000] {logging_mixin.py:149} INFO - [2023-06-03T20:26:45.785+0000] {dagbag.py:541} INFO - Filling up the DagBag from /home/airflow/.local/lib/python3.7/site-packages/airflow/example_dags/example_params_trigger_ui.py
[2023-06-03T20:26:45.801+0000] {processor.py:836} INFO - DAG(s) dict_keys(['example_params_trigger_ui']) retrieved from /home/airflow/.local/lib/python3.7/site-packages/airflow/example_dags/example_params_trigger_ui.py
[2023-06-03T20:26:45.865+0000] {logging_mixin.py:149} INFO - [2023-06-03T20:26:45.864+0000] {dag.py:2726} INFO - Sync 1 DAGs
[2023-06-03T20:26:45.883+0000] {logging_mixin.py:149} INFO - [2023-06-03T20:26:45.883+0000] {dag.py:3490} INFO - Setting next_dagrun for example_params_trigger_ui to None, run_after=None
[2023-06-03T20:26:45.898+0000] {processor.py:179} INFO - Processing /home/airflow/.local/lib/python3.7/site-packages/airflow/example_dags/example_params_trigger_ui.py took 0.117 seconds
[2023-06-03T20:27:16.318+0000] {processor.py:157} INFO - Started process (PID=1090) to work on /home/airflow/.local/lib/python3.7/site-packages/airflow/example_dags/example_params_trigger_ui.py
[2023-06-03T20:27:16.319+0000] {processor.py:826} INFO - Processing file /home/airflow/.local/lib/python3.7/site-packages/airflow/example_dags/example_params_trigger_ui.py for tasks to queue
[2023-06-03T20:27:16.320+0000] {logging_mixin.py:149} INFO - [2023-06-03T20:27:16.320+0000] {dagbag.py:541} INFO - Filling up the DagBag from /home/airflow/.local/lib/python3.7/site-packages/airflow/example_dags/example_params_trigger_ui.py
[2023-06-03T20:27:16.336+0000] {processor.py:836} INFO - DAG(s) dict_keys(['example_params_trigger_ui']) retrieved from /home/airflow/.local/lib/python3.7/site-packages/airflow/example_dags/example_params_trigger_ui.py
[2023-06-03T20:27:16.398+0000] {logging_mixin.py:149} INFO - [2023-06-03T20:27:16.398+0000] {dag.py:2726} INFO - Sync 1 DAGs
[2023-06-03T20:27:16.417+0000] {logging_mixin.py:149} INFO - [2023-06-03T20:27:16.416+0000] {dag.py:3490} INFO - Setting next_dagrun for example_params_trigger_ui to None, run_after=None
[2023-06-03T20:27:16.432+0000] {processor.py:179} INFO - Processing /home/airflow/.local/lib/python3.7/site-packages/airflow/example_dags/example_params_trigger_ui.py took 0.117 seconds
[2023-06-03T20:27:47.382+0000] {processor.py:157} INFO - Started process (PID=1342) to work on /home/airflow/.local/lib/python3.7/site-packages/airflow/example_dags/example_params_trigger_ui.py
[2023-06-03T20:27:47.383+0000] {processor.py:826} INFO - Processing file /home/airflow/.local/lib/python3.7/site-packages/airflow/example_dags/example_params_trigger_ui.py for tasks to queue
[2023-06-03T20:27:47.385+0000] {logging_mixin.py:149} INFO - [2023-06-03T20:27:47.384+0000] {dagbag.py:541} INFO - Filling up the DagBag from /home/airflow/.local/lib/python3.7/site-packages/airflow/example_dags/example_params_trigger_ui.py
[2023-06-03T20:27:47.401+0000] {processor.py:836} INFO - DAG(s) dict_keys(['example_params_trigger_ui']) retrieved from /home/airflow/.local/lib/python3.7/site-packages/airflow/example_dags/example_params_trigger_ui.py
[2023-06-03T20:27:47.464+0000] {logging_mixin.py:149} INFO - [2023-06-03T20:27:47.464+0000] {dag.py:2726} INFO - Sync 1 DAGs
[2023-06-03T20:27:47.481+0000] {logging_mixin.py:149} INFO - [2023-06-03T20:27:47.481+0000] {dag.py:3490} INFO - Setting next_dagrun for example_params_trigger_ui to None, run_after=None
[2023-06-03T20:27:47.497+0000] {processor.py:179} INFO - Processing /home/airflow/.local/lib/python3.7/site-packages/airflow/example_dags/example_params_trigger_ui.py took 0.117 seconds
[2023-06-03T20:28:17.926+0000] {processor.py:157} INFO - Started process (PID=1595) to work on /home/airflow/.local/lib/python3.7/site-packages/airflow/example_dags/example_params_trigger_ui.py
[2023-06-03T20:28:17.927+0000] {processor.py:826} INFO - Processing file /home/airflow/.local/lib/python3.7/site-packages/airflow/example_dags/example_params_trigger_ui.py for tasks to queue
[2023-06-03T20:28:17.928+0000] {logging_mixin.py:149} INFO - [2023-06-03T20:28:17.928+0000] {dagbag.py:541} INFO - Filling up the DagBag from /home/airflow/.local/lib/python3.7/site-packages/airflow/example_dags/example_params_trigger_ui.py
[2023-06-03T20:28:17.943+0000] {processor.py:836} INFO - DAG(s) dict_keys(['example_params_trigger_ui']) retrieved from /home/airflow/.local/lib/python3.7/site-packages/airflow/example_dags/example_params_trigger_ui.py
[2023-06-03T20:28:18.002+0000] {logging_mixin.py:149} INFO - [2023-06-03T20:28:18.002+0000] {dag.py:2726} INFO - Sync 1 DAGs
[2023-06-03T20:28:18.019+0000] {logging_mixin.py:149} INFO - [2023-06-03T20:28:18.019+0000] {dag.py:3490} INFO - Setting next_dagrun for example_params_trigger_ui to None, run_after=None
[2023-06-03T20:28:18.037+0000] {processor.py:179} INFO - Processing /home/airflow/.local/lib/python3.7/site-packages/airflow/example_dags/example_params_trigger_ui.py took 0.114 seconds
[2023-06-03T20:28:48.093+0000] {processor.py:157} INFO - Started process (PID=1847) to work on /home/airflow/.local/lib/python3.7/site-packages/airflow/example_dags/example_params_trigger_ui.py
[2023-06-03T20:28:48.094+0000] {processor.py:826} INFO - Processing file /home/airflow/.local/lib/python3.7/site-packages/airflow/example_dags/example_params_trigger_ui.py for tasks to queue
[2023-06-03T20:28:48.095+0000] {logging_mixin.py:149} INFO - [2023-06-03T20:28:48.095+0000] {dagbag.py:541} INFO - Filling up the DagBag from /home/airflow/.local/lib/python3.7/site-packages/airflow/example_dags/example_params_trigger_ui.py
[2023-06-03T20:28:48.110+0000] {processor.py:836} INFO - DAG(s) dict_keys(['example_params_trigger_ui']) retrieved from /home/airflow/.local/lib/python3.7/site-packages/airflow/example_dags/example_params_trigger_ui.py
[2023-06-03T20:28:48.173+0000] {logging_mixin.py:149} INFO - [2023-06-03T20:28:48.173+0000] {dag.py:2726} INFO - Sync 1 DAGs
[2023-06-03T20:28:48.192+0000] {logging_mixin.py:149} INFO - [2023-06-03T20:28:48.192+0000] {dag.py:3490} INFO - Setting next_dagrun for example_params_trigger_ui to None, run_after=None
[2023-06-03T20:28:48.208+0000] {processor.py:179} INFO - Processing /home/airflow/.local/lib/python3.7/site-packages/airflow/example_dags/example_params_trigger_ui.py took 0.118 seconds
[2023-06-03T20:29:18.511+0000] {processor.py:157} INFO - Started process (PID=2099) to work on /home/airflow/.local/lib/python3.7/site-packages/airflow/example_dags/example_params_trigger_ui.py
[2023-06-03T20:29:18.512+0000] {processor.py:826} INFO - Processing file /home/airflow/.local/lib/python3.7/site-packages/airflow/example_dags/example_params_trigger_ui.py for tasks to queue
[2023-06-03T20:29:18.513+0000] {logging_mixin.py:149} INFO - [2023-06-03T20:29:18.513+0000] {dagbag.py:541} INFO - Filling up the DagBag from /home/airflow/.local/lib/python3.7/site-packages/airflow/example_dags/example_params_trigger_ui.py
[2023-06-03T20:29:18.529+0000] {processor.py:836} INFO - DAG(s) dict_keys(['example_params_trigger_ui']) retrieved from /home/airflow/.local/lib/python3.7/site-packages/airflow/example_dags/example_params_trigger_ui.py
[2023-06-03T20:29:18.594+0000] {logging_mixin.py:149} INFO - [2023-06-03T20:29:18.594+0000] {dag.py:2726} INFO - Sync 1 DAGs
[2023-06-03T20:29:18.612+0000] {logging_mixin.py:149} INFO - [2023-06-03T20:29:18.612+0000] {dag.py:3490} INFO - Setting next_dagrun for example_params_trigger_ui to None, run_after=None
[2023-06-03T20:29:18.628+0000] {processor.py:179} INFO - Processing /home/airflow/.local/lib/python3.7/site-packages/airflow/example_dags/example_params_trigger_ui.py took 0.119 seconds
[2023-06-03T20:29:48.740+0000] {processor.py:157} INFO - Started process (PID=2354) to work on /home/airflow/.local/lib/python3.7/site-packages/airflow/example_dags/example_params_trigger_ui.py
[2023-06-03T20:29:48.742+0000] {processor.py:826} INFO - Processing file /home/airflow/.local/lib/python3.7/site-packages/airflow/example_dags/example_params_trigger_ui.py for tasks to queue
[2023-06-03T20:29:48.743+0000] {logging_mixin.py:149} INFO - [2023-06-03T20:29:48.743+0000] {dagbag.py:541} INFO - Filling up the DagBag from /home/airflow/.local/lib/python3.7/site-packages/airflow/example_dags/example_params_trigger_ui.py
[2023-06-03T20:29:48.758+0000] {processor.py:836} INFO - DAG(s) dict_keys(['example_params_trigger_ui']) retrieved from /home/airflow/.local/lib/python3.7/site-packages/airflow/example_dags/example_params_trigger_ui.py
[2023-06-03T20:29:48.825+0000] {logging_mixin.py:149} INFO - [2023-06-03T20:29:48.825+0000] {dag.py:2726} INFO - Sync 1 DAGs
[2023-06-03T20:29:48.848+0000] {logging_mixin.py:149} INFO - [2023-06-03T20:29:48.848+0000] {dag.py:3490} INFO - Setting next_dagrun for example_params_trigger_ui to None, run_after=None
[2023-06-03T20:29:48.865+0000] {processor.py:179} INFO - Processing /home/airflow/.local/lib/python3.7/site-packages/airflow/example_dags/example_params_trigger_ui.py took 0.126 seconds
[2023-06-03T20:30:19.643+0000] {processor.py:157} INFO - Started process (PID=2603) to work on /home/airflow/.local/lib/python3.7/site-packages/airflow/example_dags/example_params_trigger_ui.py
[2023-06-03T20:30:19.644+0000] {processor.py:826} INFO - Processing file /home/airflow/.local/lib/python3.7/site-packages/airflow/example_dags/example_params_trigger_ui.py for tasks to queue
[2023-06-03T20:30:19.645+0000] {logging_mixin.py:149} INFO - [2023-06-03T20:30:19.645+0000] {dagbag.py:541} INFO - Filling up the DagBag from /home/airflow/.local/lib/python3.7/site-packages/airflow/example_dags/example_params_trigger_ui.py
[2023-06-03T20:30:19.662+0000] {processor.py:836} INFO - DAG(s) dict_keys(['example_params_trigger_ui']) retrieved from /home/airflow/.local/lib/python3.7/site-packages/airflow/example_dags/example_params_trigger_ui.py
[2023-06-03T20:30:19.725+0000] {logging_mixin.py:149} INFO - [2023-06-03T20:30:19.725+0000] {dag.py:2726} INFO - Sync 1 DAGs
[2023-06-03T20:30:19.745+0000] {logging_mixin.py:149} INFO - [2023-06-03T20:30:19.745+0000] {dag.py:3490} INFO - Setting next_dagrun for example_params_trigger_ui to None, run_after=None
[2023-06-03T20:30:19.761+0000] {processor.py:179} INFO - Processing /home/airflow/.local/lib/python3.7/site-packages/airflow/example_dags/example_params_trigger_ui.py took 0.120 seconds
[2023-06-03T20:30:50.192+0000] {processor.py:157} INFO - Started process (PID=2855) to work on /home/airflow/.local/lib/python3.7/site-packages/airflow/example_dags/example_params_trigger_ui.py
[2023-06-03T20:30:50.194+0000] {processor.py:826} INFO - Processing file /home/airflow/.local/lib/python3.7/site-packages/airflow/example_dags/example_params_trigger_ui.py for tasks to queue
[2023-06-03T20:30:50.195+0000] {logging_mixin.py:149} INFO - [2023-06-03T20:30:50.195+0000] {dagbag.py:541} INFO - Filling up the DagBag from /home/airflow/.local/lib/python3.7/site-packages/airflow/example_dags/example_params_trigger_ui.py
[2023-06-03T20:30:50.212+0000] {processor.py:836} INFO - DAG(s) dict_keys(['example_params_trigger_ui']) retrieved from /home/airflow/.local/lib/python3.7/site-packages/airflow/example_dags/example_params_trigger_ui.py
[2023-06-03T20:30:50.273+0000] {logging_mixin.py:149} INFO - [2023-06-03T20:30:50.273+0000] {dag.py:2726} INFO - Sync 1 DAGs
[2023-06-03T20:30:50.290+0000] {logging_mixin.py:149} INFO - [2023-06-03T20:30:50.290+0000] {dag.py:3490} INFO - Setting next_dagrun for example_params_trigger_ui to None, run_after=None
[2023-06-03T20:30:50.306+0000] {processor.py:179} INFO - Processing /home/airflow/.local/lib/python3.7/site-packages/airflow/example_dags/example_params_trigger_ui.py took 0.116 seconds
[2023-06-03T20:31:20.517+0000] {processor.py:157} INFO - Started process (PID=3107) to work on /home/airflow/.local/lib/python3.7/site-packages/airflow/example_dags/example_params_trigger_ui.py
[2023-06-03T20:31:20.519+0000] {processor.py:826} INFO - Processing file /home/airflow/.local/lib/python3.7/site-packages/airflow/example_dags/example_params_trigger_ui.py for tasks to queue
[2023-06-03T20:31:20.520+0000] {logging_mixin.py:149} INFO - [2023-06-03T20:31:20.520+0000] {dagbag.py:541} INFO - Filling up the DagBag from /home/airflow/.local/lib/python3.7/site-packages/airflow/example_dags/example_params_trigger_ui.py
[2023-06-03T20:31:20.537+0000] {processor.py:836} INFO - DAG(s) dict_keys(['example_params_trigger_ui']) retrieved from /home/airflow/.local/lib/python3.7/site-packages/airflow/example_dags/example_params_trigger_ui.py
[2023-06-03T20:31:20.600+0000] {logging_mixin.py:149} INFO - [2023-06-03T20:31:20.600+0000] {dag.py:2726} INFO - Sync 1 DAGs
[2023-06-03T20:31:20.618+0000] {logging_mixin.py:149} INFO - [2023-06-03T20:31:20.618+0000] {dag.py:3490} INFO - Setting next_dagrun for example_params_trigger_ui to None, run_after=None
[2023-06-03T20:31:20.642+0000] {processor.py:179} INFO - Processing /home/airflow/.local/lib/python3.7/site-packages/airflow/example_dags/example_params_trigger_ui.py took 0.127 seconds
[2023-06-03T20:31:50.771+0000] {processor.py:157} INFO - Started process (PID=3359) to work on /home/airflow/.local/lib/python3.7/site-packages/airflow/example_dags/example_params_trigger_ui.py
[2023-06-03T20:31:50.772+0000] {processor.py:826} INFO - Processing file /home/airflow/.local/lib/python3.7/site-packages/airflow/example_dags/example_params_trigger_ui.py for tasks to queue
[2023-06-03T20:31:50.773+0000] {logging_mixin.py:149} INFO - [2023-06-03T20:31:50.773+0000] {dagbag.py:541} INFO - Filling up the DagBag from /home/airflow/.local/lib/python3.7/site-packages/airflow/example_dags/example_params_trigger_ui.py
[2023-06-03T20:31:50.789+0000] {processor.py:836} INFO - DAG(s) dict_keys(['example_params_trigger_ui']) retrieved from /home/airflow/.local/lib/python3.7/site-packages/airflow/example_dags/example_params_trigger_ui.py
[2023-06-03T20:31:50.846+0000] {logging_mixin.py:149} INFO - [2023-06-03T20:31:50.845+0000] {dag.py:2726} INFO - Sync 1 DAGs
[2023-06-03T20:31:50.862+0000] {logging_mixin.py:149} INFO - [2023-06-03T20:31:50.862+0000] {dag.py:3490} INFO - Setting next_dagrun for example_params_trigger_ui to None, run_after=None
[2023-06-03T20:31:50.879+0000] {processor.py:179} INFO - Processing /home/airflow/.local/lib/python3.7/site-packages/airflow/example_dags/example_params_trigger_ui.py took 0.110 seconds
[2023-06-03T20:32:21.041+0000] {processor.py:157} INFO - Started process (PID=3747) to work on /home/airflow/.local/lib/python3.7/site-packages/airflow/example_dags/example_params_trigger_ui.py
[2023-06-03T20:32:21.045+0000] {processor.py:826} INFO - Processing file /home/airflow/.local/lib/python3.7/site-packages/airflow/example_dags/example_params_trigger_ui.py for tasks to queue
[2023-06-03T20:32:21.059+0000] {logging_mixin.py:149} INFO - [2023-06-03T20:32:21.059+0000] {dagbag.py:541} INFO - Filling up the DagBag from /home/airflow/.local/lib/python3.7/site-packages/airflow/example_dags/example_params_trigger_ui.py
[2023-06-03T20:32:21.075+0000] {processor.py:836} INFO - DAG(s) dict_keys(['example_params_trigger_ui']) retrieved from /home/airflow/.local/lib/python3.7/site-packages/airflow/example_dags/example_params_trigger_ui.py
[2023-06-03T20:32:21.153+0000] {logging_mixin.py:149} INFO - [2023-06-03T20:32:21.153+0000] {dag.py:2726} INFO - Sync 1 DAGs
[2023-06-03T20:32:21.171+0000] {logging_mixin.py:149} INFO - [2023-06-03T20:32:21.171+0000] {dag.py:3490} INFO - Setting next_dagrun for example_params_trigger_ui to None, run_after=None
[2023-06-03T20:32:21.188+0000] {processor.py:179} INFO - Processing /home/airflow/.local/lib/python3.7/site-packages/airflow/example_dags/example_params_trigger_ui.py took 0.149 seconds
[2023-06-03T20:32:52.144+0000] {processor.py:157} INFO - Started process (PID=3999) to work on /home/airflow/.local/lib/python3.7/site-packages/airflow/example_dags/example_params_trigger_ui.py
[2023-06-03T20:32:52.146+0000] {processor.py:826} INFO - Processing file /home/airflow/.local/lib/python3.7/site-packages/airflow/example_dags/example_params_trigger_ui.py for tasks to queue
[2023-06-03T20:32:52.147+0000] {logging_mixin.py:149} INFO - [2023-06-03T20:32:52.147+0000] {dagbag.py:541} INFO - Filling up the DagBag from /home/airflow/.local/lib/python3.7/site-packages/airflow/example_dags/example_params_trigger_ui.py
[2023-06-03T20:32:52.162+0000] {processor.py:836} INFO - DAG(s) dict_keys(['example_params_trigger_ui']) retrieved from /home/airflow/.local/lib/python3.7/site-packages/airflow/example_dags/example_params_trigger_ui.py
[2023-06-03T20:32:52.220+0000] {logging_mixin.py:149} INFO - [2023-06-03T20:32:52.220+0000] {dag.py:2726} INFO - Sync 1 DAGs
[2023-06-03T20:32:52.265+0000] {logging_mixin.py:149} INFO - [2023-06-03T20:32:52.264+0000] {dag.py:3490} INFO - Setting next_dagrun for example_params_trigger_ui to None, run_after=None
[2023-06-03T20:32:52.282+0000] {processor.py:179} INFO - Processing /home/airflow/.local/lib/python3.7/site-packages/airflow/example_dags/example_params_trigger_ui.py took 0.140 seconds
[2023-06-03T20:33:22.718+0000] {processor.py:157} INFO - Started process (PID=4251) to work on /home/airflow/.local/lib/python3.7/site-packages/airflow/example_dags/example_params_trigger_ui.py
[2023-06-03T20:33:22.719+0000] {processor.py:826} INFO - Processing file /home/airflow/.local/lib/python3.7/site-packages/airflow/example_dags/example_params_trigger_ui.py for tasks to queue
[2023-06-03T20:33:22.721+0000] {logging_mixin.py:149} INFO - [2023-06-03T20:33:22.721+0000] {dagbag.py:541} INFO - Filling up the DagBag from /home/airflow/.local/lib/python3.7/site-packages/airflow/example_dags/example_params_trigger_ui.py
[2023-06-03T20:33:22.738+0000] {processor.py:836} INFO - DAG(s) dict_keys(['example_params_trigger_ui']) retrieved from /home/airflow/.local/lib/python3.7/site-packages/airflow/example_dags/example_params_trigger_ui.py
[2023-06-03T20:33:22.805+0000] {logging_mixin.py:149} INFO - [2023-06-03T20:33:22.805+0000] {dag.py:2726} INFO - Sync 1 DAGs
[2023-06-03T20:33:22.825+0000] {logging_mixin.py:149} INFO - [2023-06-03T20:33:22.825+0000] {dag.py:3490} INFO - Setting next_dagrun for example_params_trigger_ui to None, run_after=None
[2023-06-03T20:33:22.843+0000] {processor.py:179} INFO - Processing /home/airflow/.local/lib/python3.7/site-packages/airflow/example_dags/example_params_trigger_ui.py took 0.128 seconds
[2023-06-03T20:33:53.529+0000] {processor.py:157} INFO - Started process (PID=4503) to work on /home/airflow/.local/lib/python3.7/site-packages/airflow/example_dags/example_params_trigger_ui.py
[2023-06-03T20:33:53.531+0000] {processor.py:826} INFO - Processing file /home/airflow/.local/lib/python3.7/site-packages/airflow/example_dags/example_params_trigger_ui.py for tasks to queue
[2023-06-03T20:33:53.532+0000] {logging_mixin.py:149} INFO - [2023-06-03T20:33:53.531+0000] {dagbag.py:541} INFO - Filling up the DagBag from /home/airflow/.local/lib/python3.7/site-packages/airflow/example_dags/example_params_trigger_ui.py
[2023-06-03T20:33:53.547+0000] {processor.py:836} INFO - DAG(s) dict_keys(['example_params_trigger_ui']) retrieved from /home/airflow/.local/lib/python3.7/site-packages/airflow/example_dags/example_params_trigger_ui.py
[2023-06-03T20:33:53.609+0000] {logging_mixin.py:149} INFO - [2023-06-03T20:33:53.609+0000] {dag.py:2726} INFO - Sync 1 DAGs
[2023-06-03T20:33:53.627+0000] {logging_mixin.py:149} INFO - [2023-06-03T20:33:53.626+0000] {dag.py:3490} INFO - Setting next_dagrun for example_params_trigger_ui to None, run_after=None
[2023-06-03T20:33:53.643+0000] {processor.py:179} INFO - Processing /home/airflow/.local/lib/python3.7/site-packages/airflow/example_dags/example_params_trigger_ui.py took 0.116 seconds
[2023-06-03T20:34:23.988+0000] {processor.py:157} INFO - Started process (PID=4755) to work on /home/airflow/.local/lib/python3.7/site-packages/airflow/example_dags/example_params_trigger_ui.py
[2023-06-03T20:34:23.990+0000] {processor.py:826} INFO - Processing file /home/airflow/.local/lib/python3.7/site-packages/airflow/example_dags/example_params_trigger_ui.py for tasks to queue
[2023-06-03T20:34:23.990+0000] {logging_mixin.py:149} INFO - [2023-06-03T20:34:23.990+0000] {dagbag.py:541} INFO - Filling up the DagBag from /home/airflow/.local/lib/python3.7/site-packages/airflow/example_dags/example_params_trigger_ui.py
[2023-06-03T20:34:24.006+0000] {processor.py:836} INFO - DAG(s) dict_keys(['example_params_trigger_ui']) retrieved from /home/airflow/.local/lib/python3.7/site-packages/airflow/example_dags/example_params_trigger_ui.py
[2023-06-03T20:34:24.064+0000] {logging_mixin.py:149} INFO - [2023-06-03T20:34:24.063+0000] {dag.py:2726} INFO - Sync 1 DAGs
[2023-06-03T20:34:24.081+0000] {logging_mixin.py:149} INFO - [2023-06-03T20:34:24.081+0000] {dag.py:3490} INFO - Setting next_dagrun for example_params_trigger_ui to None, run_after=None
[2023-06-03T20:34:24.096+0000] {processor.py:179} INFO - Processing /home/airflow/.local/lib/python3.7/site-packages/airflow/example_dags/example_params_trigger_ui.py took 0.109 seconds
[2023-06-03T20:34:54.388+0000] {processor.py:157} INFO - Started process (PID=5007) to work on /home/airflow/.local/lib/python3.7/site-packages/airflow/example_dags/example_params_trigger_ui.py
[2023-06-03T20:34:54.389+0000] {processor.py:826} INFO - Processing file /home/airflow/.local/lib/python3.7/site-packages/airflow/example_dags/example_params_trigger_ui.py for tasks to queue
[2023-06-03T20:34:54.391+0000] {logging_mixin.py:149} INFO - [2023-06-03T20:34:54.390+0000] {dagbag.py:541} INFO - Filling up the DagBag from /home/airflow/.local/lib/python3.7/site-packages/airflow/example_dags/example_params_trigger_ui.py
[2023-06-03T20:34:54.407+0000] {processor.py:836} INFO - DAG(s) dict_keys(['example_params_trigger_ui']) retrieved from /home/airflow/.local/lib/python3.7/site-packages/airflow/example_dags/example_params_trigger_ui.py
[2023-06-03T20:34:54.474+0000] {logging_mixin.py:149} INFO - [2023-06-03T20:34:54.474+0000] {dag.py:2726} INFO - Sync 1 DAGs
[2023-06-03T20:34:54.492+0000] {logging_mixin.py:149} INFO - [2023-06-03T20:34:54.492+0000] {dag.py:3490} INFO - Setting next_dagrun for example_params_trigger_ui to None, run_after=None
[2023-06-03T20:34:54.511+0000] {processor.py:179} INFO - Processing /home/airflow/.local/lib/python3.7/site-packages/airflow/example_dags/example_params_trigger_ui.py took 0.126 seconds
[2023-06-03T20:35:24.866+0000] {processor.py:157} INFO - Started process (PID=5261) to work on /home/airflow/.local/lib/python3.7/site-packages/airflow/example_dags/example_params_trigger_ui.py
[2023-06-03T20:35:24.869+0000] {processor.py:826} INFO - Processing file /home/airflow/.local/lib/python3.7/site-packages/airflow/example_dags/example_params_trigger_ui.py for tasks to queue
[2023-06-03T20:35:24.871+0000] {logging_mixin.py:149} INFO - [2023-06-03T20:35:24.871+0000] {dagbag.py:541} INFO - Filling up the DagBag from /home/airflow/.local/lib/python3.7/site-packages/airflow/example_dags/example_params_trigger_ui.py
[2023-06-03T20:35:24.893+0000] {processor.py:836} INFO - DAG(s) dict_keys(['example_params_trigger_ui']) retrieved from /home/airflow/.local/lib/python3.7/site-packages/airflow/example_dags/example_params_trigger_ui.py
[2023-06-03T20:35:24.954+0000] {logging_mixin.py:149} INFO - [2023-06-03T20:35:24.954+0000] {dag.py:2726} INFO - Sync 1 DAGs
[2023-06-03T20:35:24.979+0000] {logging_mixin.py:149} INFO - [2023-06-03T20:35:24.978+0000] {dag.py:3490} INFO - Setting next_dagrun for example_params_trigger_ui to None, run_after=None
[2023-06-03T20:35:24.996+0000] {processor.py:179} INFO - Processing /home/airflow/.local/lib/python3.7/site-packages/airflow/example_dags/example_params_trigger_ui.py took 0.133 seconds
[2023-06-03T20:35:55.731+0000] {processor.py:157} INFO - Started process (PID=5511) to work on /home/airflow/.local/lib/python3.7/site-packages/airflow/example_dags/example_params_trigger_ui.py
[2023-06-03T20:35:55.733+0000] {processor.py:826} INFO - Processing file /home/airflow/.local/lib/python3.7/site-packages/airflow/example_dags/example_params_trigger_ui.py for tasks to queue
[2023-06-03T20:35:55.734+0000] {logging_mixin.py:149} INFO - [2023-06-03T20:35:55.734+0000] {dagbag.py:541} INFO - Filling up the DagBag from /home/airflow/.local/lib/python3.7/site-packages/airflow/example_dags/example_params_trigger_ui.py
[2023-06-03T20:35:55.749+0000] {processor.py:836} INFO - DAG(s) dict_keys(['example_params_trigger_ui']) retrieved from /home/airflow/.local/lib/python3.7/site-packages/airflow/example_dags/example_params_trigger_ui.py
[2023-06-03T20:35:55.811+0000] {logging_mixin.py:149} INFO - [2023-06-03T20:35:55.810+0000] {dag.py:2726} INFO - Sync 1 DAGs
[2023-06-03T20:35:55.836+0000] {logging_mixin.py:149} INFO - [2023-06-03T20:35:55.836+0000] {dag.py:3490} INFO - Setting next_dagrun for example_params_trigger_ui to None, run_after=None
[2023-06-03T20:35:55.852+0000] {processor.py:179} INFO - Processing /home/airflow/.local/lib/python3.7/site-packages/airflow/example_dags/example_params_trigger_ui.py took 0.123 seconds
[2023-06-03T20:36:26.321+0000] {processor.py:157} INFO - Started process (PID=5763) to work on /home/airflow/.local/lib/python3.7/site-packages/airflow/example_dags/example_params_trigger_ui.py
[2023-06-03T20:36:26.322+0000] {processor.py:826} INFO - Processing file /home/airflow/.local/lib/python3.7/site-packages/airflow/example_dags/example_params_trigger_ui.py for tasks to queue
[2023-06-03T20:36:26.323+0000] {logging_mixin.py:149} INFO - [2023-06-03T20:36:26.323+0000] {dagbag.py:541} INFO - Filling up the DagBag from /home/airflow/.local/lib/python3.7/site-packages/airflow/example_dags/example_params_trigger_ui.py
[2023-06-03T20:36:26.340+0000] {processor.py:836} INFO - DAG(s) dict_keys(['example_params_trigger_ui']) retrieved from /home/airflow/.local/lib/python3.7/site-packages/airflow/example_dags/example_params_trigger_ui.py
[2023-06-03T20:36:26.401+0000] {logging_mixin.py:149} INFO - [2023-06-03T20:36:26.401+0000] {dag.py:2726} INFO - Sync 1 DAGs
[2023-06-03T20:36:26.420+0000] {logging_mixin.py:149} INFO - [2023-06-03T20:36:26.420+0000] {dag.py:3490} INFO - Setting next_dagrun for example_params_trigger_ui to None, run_after=None
[2023-06-03T20:36:26.437+0000] {processor.py:179} INFO - Processing /home/airflow/.local/lib/python3.7/site-packages/airflow/example_dags/example_params_trigger_ui.py took 0.118 seconds
[2023-06-03T20:36:56.970+0000] {processor.py:157} INFO - Started process (PID=6017) to work on /home/airflow/.local/lib/python3.7/site-packages/airflow/example_dags/example_params_trigger_ui.py
[2023-06-03T20:36:56.972+0000] {processor.py:826} INFO - Processing file /home/airflow/.local/lib/python3.7/site-packages/airflow/example_dags/example_params_trigger_ui.py for tasks to queue
[2023-06-03T20:36:56.972+0000] {logging_mixin.py:149} INFO - [2023-06-03T20:36:56.972+0000] {dagbag.py:541} INFO - Filling up the DagBag from /home/airflow/.local/lib/python3.7/site-packages/airflow/example_dags/example_params_trigger_ui.py
[2023-06-03T20:36:56.987+0000] {processor.py:836} INFO - DAG(s) dict_keys(['example_params_trigger_ui']) retrieved from /home/airflow/.local/lib/python3.7/site-packages/airflow/example_dags/example_params_trigger_ui.py
[2023-06-03T20:36:57.056+0000] {logging_mixin.py:149} INFO - [2023-06-03T20:36:57.056+0000] {dag.py:2726} INFO - Sync 1 DAGs
[2023-06-03T20:36:57.076+0000] {logging_mixin.py:149} INFO - [2023-06-03T20:36:57.076+0000] {dag.py:3490} INFO - Setting next_dagrun for example_params_trigger_ui to None, run_after=None
[2023-06-03T20:36:57.094+0000] {processor.py:179} INFO - Processing /home/airflow/.local/lib/python3.7/site-packages/airflow/example_dags/example_params_trigger_ui.py took 0.125 seconds
[2023-06-03T20:37:27.676+0000] {processor.py:157} INFO - Started process (PID=6269) to work on /home/airflow/.local/lib/python3.7/site-packages/airflow/example_dags/example_params_trigger_ui.py
[2023-06-03T20:37:27.677+0000] {processor.py:826} INFO - Processing file /home/airflow/.local/lib/python3.7/site-packages/airflow/example_dags/example_params_trigger_ui.py for tasks to queue
[2023-06-03T20:37:27.679+0000] {logging_mixin.py:149} INFO - [2023-06-03T20:37:27.679+0000] {dagbag.py:541} INFO - Filling up the DagBag from /home/airflow/.local/lib/python3.7/site-packages/airflow/example_dags/example_params_trigger_ui.py
[2023-06-03T20:37:27.694+0000] {processor.py:836} INFO - DAG(s) dict_keys(['example_params_trigger_ui']) retrieved from /home/airflow/.local/lib/python3.7/site-packages/airflow/example_dags/example_params_trigger_ui.py
[2023-06-03T20:37:27.760+0000] {logging_mixin.py:149} INFO - [2023-06-03T20:37:27.760+0000] {dag.py:2726} INFO - Sync 1 DAGs
[2023-06-03T20:37:27.781+0000] {logging_mixin.py:149} INFO - [2023-06-03T20:37:27.781+0000] {dag.py:3490} INFO - Setting next_dagrun for example_params_trigger_ui to None, run_after=None
[2023-06-03T20:37:27.798+0000] {processor.py:179} INFO - Processing /home/airflow/.local/lib/python3.7/site-packages/airflow/example_dags/example_params_trigger_ui.py took 0.124 seconds
[2023-06-03T20:37:58.358+0000] {processor.py:157} INFO - Started process (PID=6521) to work on /home/airflow/.local/lib/python3.7/site-packages/airflow/example_dags/example_params_trigger_ui.py
[2023-06-03T20:37:58.359+0000] {processor.py:826} INFO - Processing file /home/airflow/.local/lib/python3.7/site-packages/airflow/example_dags/example_params_trigger_ui.py for tasks to queue
[2023-06-03T20:37:58.360+0000] {logging_mixin.py:149} INFO - [2023-06-03T20:37:58.360+0000] {dagbag.py:541} INFO - Filling up the DagBag from /home/airflow/.local/lib/python3.7/site-packages/airflow/example_dags/example_params_trigger_ui.py
[2023-06-03T20:37:58.376+0000] {processor.py:836} INFO - DAG(s) dict_keys(['example_params_trigger_ui']) retrieved from /home/airflow/.local/lib/python3.7/site-packages/airflow/example_dags/example_params_trigger_ui.py
[2023-06-03T20:37:58.436+0000] {logging_mixin.py:149} INFO - [2023-06-03T20:37:58.436+0000] {dag.py:2726} INFO - Sync 1 DAGs
[2023-06-03T20:37:58.453+0000] {logging_mixin.py:149} INFO - [2023-06-03T20:37:58.453+0000] {dag.py:3490} INFO - Setting next_dagrun for example_params_trigger_ui to None, run_after=None
[2023-06-03T20:37:58.469+0000] {processor.py:179} INFO - Processing /home/airflow/.local/lib/python3.7/site-packages/airflow/example_dags/example_params_trigger_ui.py took 0.113 seconds
[2023-06-03T20:38:28.567+0000] {processor.py:157} INFO - Started process (PID=6773) to work on /home/airflow/.local/lib/python3.7/site-packages/airflow/example_dags/example_params_trigger_ui.py
[2023-06-03T20:38:28.568+0000] {processor.py:826} INFO - Processing file /home/airflow/.local/lib/python3.7/site-packages/airflow/example_dags/example_params_trigger_ui.py for tasks to queue
[2023-06-03T20:38:28.569+0000] {logging_mixin.py:149} INFO - [2023-06-03T20:38:28.569+0000] {dagbag.py:541} INFO - Filling up the DagBag from /home/airflow/.local/lib/python3.7/site-packages/airflow/example_dags/example_params_trigger_ui.py
[2023-06-03T20:38:28.585+0000] {processor.py:836} INFO - DAG(s) dict_keys(['example_params_trigger_ui']) retrieved from /home/airflow/.local/lib/python3.7/site-packages/airflow/example_dags/example_params_trigger_ui.py
[2023-06-03T20:38:28.646+0000] {logging_mixin.py:149} INFO - [2023-06-03T20:38:28.645+0000] {dag.py:2726} INFO - Sync 1 DAGs
[2023-06-03T20:38:28.663+0000] {logging_mixin.py:149} INFO - [2023-06-03T20:38:28.663+0000] {dag.py:3490} INFO - Setting next_dagrun for example_params_trigger_ui to None, run_after=None
[2023-06-03T20:38:28.681+0000] {processor.py:179} INFO - Processing /home/airflow/.local/lib/python3.7/site-packages/airflow/example_dags/example_params_trigger_ui.py took 0.116 seconds
[2023-06-03T20:38:58.890+0000] {processor.py:157} INFO - Started process (PID=7025) to work on /home/airflow/.local/lib/python3.7/site-packages/airflow/example_dags/example_params_trigger_ui.py
[2023-06-03T20:38:58.891+0000] {processor.py:826} INFO - Processing file /home/airflow/.local/lib/python3.7/site-packages/airflow/example_dags/example_params_trigger_ui.py for tasks to queue
[2023-06-03T20:38:58.892+0000] {logging_mixin.py:149} INFO - [2023-06-03T20:38:58.892+0000] {dagbag.py:541} INFO - Filling up the DagBag from /home/airflow/.local/lib/python3.7/site-packages/airflow/example_dags/example_params_trigger_ui.py
[2023-06-03T20:38:58.908+0000] {processor.py:836} INFO - DAG(s) dict_keys(['example_params_trigger_ui']) retrieved from /home/airflow/.local/lib/python3.7/site-packages/airflow/example_dags/example_params_trigger_ui.py
[2023-06-03T20:38:58.972+0000] {logging_mixin.py:149} INFO - [2023-06-03T20:38:58.972+0000] {dag.py:2726} INFO - Sync 1 DAGs
[2023-06-03T20:38:58.993+0000] {logging_mixin.py:149} INFO - [2023-06-03T20:38:58.993+0000] {dag.py:3490} INFO - Setting next_dagrun for example_params_trigger_ui to None, run_after=None
[2023-06-03T20:38:59.011+0000] {processor.py:179} INFO - Processing /home/airflow/.local/lib/python3.7/site-packages/airflow/example_dags/example_params_trigger_ui.py took 0.123 seconds
[2023-06-03T20:39:29.254+0000] {processor.py:157} INFO - Started process (PID=7277) to work on /home/airflow/.local/lib/python3.7/site-packages/airflow/example_dags/example_params_trigger_ui.py
[2023-06-03T20:39:29.255+0000] {processor.py:826} INFO - Processing file /home/airflow/.local/lib/python3.7/site-packages/airflow/example_dags/example_params_trigger_ui.py for tasks to queue
[2023-06-03T20:39:29.256+0000] {logging_mixin.py:149} INFO - [2023-06-03T20:39:29.256+0000] {dagbag.py:541} INFO - Filling up the DagBag from /home/airflow/.local/lib/python3.7/site-packages/airflow/example_dags/example_params_trigger_ui.py
[2023-06-03T20:39:29.271+0000] {processor.py:836} INFO - DAG(s) dict_keys(['example_params_trigger_ui']) retrieved from /home/airflow/.local/lib/python3.7/site-packages/airflow/example_dags/example_params_trigger_ui.py
[2023-06-03T20:39:29.335+0000] {logging_mixin.py:149} INFO - [2023-06-03T20:39:29.335+0000] {dag.py:2726} INFO - Sync 1 DAGs
[2023-06-03T20:39:29.353+0000] {logging_mixin.py:149} INFO - [2023-06-03T20:39:29.353+0000] {dag.py:3490} INFO - Setting next_dagrun for example_params_trigger_ui to None, run_after=None
[2023-06-03T20:39:29.369+0000] {processor.py:179} INFO - Processing /home/airflow/.local/lib/python3.7/site-packages/airflow/example_dags/example_params_trigger_ui.py took 0.117 seconds
[2023-06-03T20:39:59.593+0000] {processor.py:157} INFO - Started process (PID=7529) to work on /home/airflow/.local/lib/python3.7/site-packages/airflow/example_dags/example_params_trigger_ui.py
[2023-06-03T20:39:59.594+0000] {processor.py:826} INFO - Processing file /home/airflow/.local/lib/python3.7/site-packages/airflow/example_dags/example_params_trigger_ui.py for tasks to queue
[2023-06-03T20:39:59.595+0000] {logging_mixin.py:149} INFO - [2023-06-03T20:39:59.595+0000] {dagbag.py:541} INFO - Filling up the DagBag from /home/airflow/.local/lib/python3.7/site-packages/airflow/example_dags/example_params_trigger_ui.py
[2023-06-03T20:39:59.613+0000] {processor.py:836} INFO - DAG(s) dict_keys(['example_params_trigger_ui']) retrieved from /home/airflow/.local/lib/python3.7/site-packages/airflow/example_dags/example_params_trigger_ui.py
[2023-06-03T20:39:59.676+0000] {logging_mixin.py:149} INFO - [2023-06-03T20:39:59.676+0000] {dag.py:2726} INFO - Sync 1 DAGs
[2023-06-03T20:39:59.695+0000] {logging_mixin.py:149} INFO - [2023-06-03T20:39:59.695+0000] {dag.py:3490} INFO - Setting next_dagrun for example_params_trigger_ui to None, run_after=None
[2023-06-03T20:39:59.712+0000] {processor.py:179} INFO - Processing /home/airflow/.local/lib/python3.7/site-packages/airflow/example_dags/example_params_trigger_ui.py took 0.121 seconds
[2023-06-03T20:40:29.836+0000] {processor.py:157} INFO - Started process (PID=7779) to work on /home/airflow/.local/lib/python3.7/site-packages/airflow/example_dags/example_params_trigger_ui.py
[2023-06-03T20:40:29.837+0000] {processor.py:826} INFO - Processing file /home/airflow/.local/lib/python3.7/site-packages/airflow/example_dags/example_params_trigger_ui.py for tasks to queue
[2023-06-03T20:40:29.838+0000] {logging_mixin.py:149} INFO - [2023-06-03T20:40:29.838+0000] {dagbag.py:541} INFO - Filling up the DagBag from /home/airflow/.local/lib/python3.7/site-packages/airflow/example_dags/example_params_trigger_ui.py
[2023-06-03T20:40:29.856+0000] {processor.py:836} INFO - DAG(s) dict_keys(['example_params_trigger_ui']) retrieved from /home/airflow/.local/lib/python3.7/site-packages/airflow/example_dags/example_params_trigger_ui.py
[2023-06-03T20:40:29.917+0000] {logging_mixin.py:149} INFO - [2023-06-03T20:40:29.917+0000] {dag.py:2726} INFO - Sync 1 DAGs
[2023-06-03T20:40:29.938+0000] {logging_mixin.py:149} INFO - [2023-06-03T20:40:29.938+0000] {dag.py:3490} INFO - Setting next_dagrun for example_params_trigger_ui to None, run_after=None
[2023-06-03T20:40:29.960+0000] {processor.py:179} INFO - Processing /home/airflow/.local/lib/python3.7/site-packages/airflow/example_dags/example_params_trigger_ui.py took 0.126 seconds
[2023-06-03T20:41:00.834+0000] {processor.py:157} INFO - Started process (PID=8031) to work on /home/airflow/.local/lib/python3.7/site-packages/airflow/example_dags/example_params_trigger_ui.py
[2023-06-03T20:41:00.835+0000] {processor.py:826} INFO - Processing file /home/airflow/.local/lib/python3.7/site-packages/airflow/example_dags/example_params_trigger_ui.py for tasks to queue
[2023-06-03T20:41:00.836+0000] {logging_mixin.py:149} INFO - [2023-06-03T20:41:00.836+0000] {dagbag.py:541} INFO - Filling up the DagBag from /home/airflow/.local/lib/python3.7/site-packages/airflow/example_dags/example_params_trigger_ui.py
[2023-06-03T20:41:00.852+0000] {processor.py:836} INFO - DAG(s) dict_keys(['example_params_trigger_ui']) retrieved from /home/airflow/.local/lib/python3.7/site-packages/airflow/example_dags/example_params_trigger_ui.py
[2023-06-03T20:41:00.914+0000] {logging_mixin.py:149} INFO - [2023-06-03T20:41:00.913+0000] {dag.py:2726} INFO - Sync 1 DAGs
[2023-06-03T20:41:00.932+0000] {logging_mixin.py:149} INFO - [2023-06-03T20:41:00.932+0000] {dag.py:3490} INFO - Setting next_dagrun for example_params_trigger_ui to None, run_after=None
[2023-06-03T20:41:00.949+0000] {processor.py:179} INFO - Processing /home/airflow/.local/lib/python3.7/site-packages/airflow/example_dags/example_params_trigger_ui.py took 0.117 seconds
[2023-06-03T20:41:31.207+0000] {processor.py:157} INFO - Started process (PID=8285) to work on /home/airflow/.local/lib/python3.7/site-packages/airflow/example_dags/example_params_trigger_ui.py
[2023-06-03T20:41:31.208+0000] {processor.py:826} INFO - Processing file /home/airflow/.local/lib/python3.7/site-packages/airflow/example_dags/example_params_trigger_ui.py for tasks to queue
[2023-06-03T20:41:31.209+0000] {logging_mixin.py:149} INFO - [2023-06-03T20:41:31.209+0000] {dagbag.py:541} INFO - Filling up the DagBag from /home/airflow/.local/lib/python3.7/site-packages/airflow/example_dags/example_params_trigger_ui.py
[2023-06-03T20:41:31.224+0000] {processor.py:836} INFO - DAG(s) dict_keys(['example_params_trigger_ui']) retrieved from /home/airflow/.local/lib/python3.7/site-packages/airflow/example_dags/example_params_trigger_ui.py
[2023-06-03T20:41:31.288+0000] {logging_mixin.py:149} INFO - [2023-06-03T20:41:31.287+0000] {dag.py:2726} INFO - Sync 1 DAGs
[2023-06-03T20:41:31.306+0000] {logging_mixin.py:149} INFO - [2023-06-03T20:41:31.305+0000] {dag.py:3490} INFO - Setting next_dagrun for example_params_trigger_ui to None, run_after=None
[2023-06-03T20:41:31.321+0000] {processor.py:179} INFO - Processing /home/airflow/.local/lib/python3.7/site-packages/airflow/example_dags/example_params_trigger_ui.py took 0.117 seconds
[2023-06-03T20:42:01.623+0000] {processor.py:157} INFO - Started process (PID=8542) to work on /home/airflow/.local/lib/python3.7/site-packages/airflow/example_dags/example_params_trigger_ui.py
[2023-06-03T20:42:01.625+0000] {processor.py:826} INFO - Processing file /home/airflow/.local/lib/python3.7/site-packages/airflow/example_dags/example_params_trigger_ui.py for tasks to queue
[2023-06-03T20:42:01.626+0000] {logging_mixin.py:149} INFO - [2023-06-03T20:42:01.626+0000] {dagbag.py:541} INFO - Filling up the DagBag from /home/airflow/.local/lib/python3.7/site-packages/airflow/example_dags/example_params_trigger_ui.py
[2023-06-03T20:42:01.642+0000] {processor.py:836} INFO - DAG(s) dict_keys(['example_params_trigger_ui']) retrieved from /home/airflow/.local/lib/python3.7/site-packages/airflow/example_dags/example_params_trigger_ui.py
[2023-06-03T20:42:01.729+0000] {logging_mixin.py:149} INFO - [2023-06-03T20:42:01.729+0000] {dag.py:2726} INFO - Sync 1 DAGs
[2023-06-03T20:42:01.750+0000] {logging_mixin.py:149} INFO - [2023-06-03T20:42:01.749+0000] {dag.py:3490} INFO - Setting next_dagrun for example_params_trigger_ui to None, run_after=None
[2023-06-03T20:42:01.769+0000] {processor.py:179} INFO - Processing /home/airflow/.local/lib/python3.7/site-packages/airflow/example_dags/example_params_trigger_ui.py took 0.148 seconds
[2023-06-03T20:42:32.593+0000] {processor.py:157} INFO - Started process (PID=8787) to work on /home/airflow/.local/lib/python3.7/site-packages/airflow/example_dags/example_params_trigger_ui.py
[2023-06-03T20:42:32.594+0000] {processor.py:826} INFO - Processing file /home/airflow/.local/lib/python3.7/site-packages/airflow/example_dags/example_params_trigger_ui.py for tasks to queue
[2023-06-03T20:42:32.595+0000] {logging_mixin.py:149} INFO - [2023-06-03T20:42:32.595+0000] {dagbag.py:541} INFO - Filling up the DagBag from /home/airflow/.local/lib/python3.7/site-packages/airflow/example_dags/example_params_trigger_ui.py
[2023-06-03T20:42:32.611+0000] {processor.py:836} INFO - DAG(s) dict_keys(['example_params_trigger_ui']) retrieved from /home/airflow/.local/lib/python3.7/site-packages/airflow/example_dags/example_params_trigger_ui.py
[2023-06-03T20:42:32.682+0000] {logging_mixin.py:149} INFO - [2023-06-03T20:42:32.682+0000] {dag.py:2726} INFO - Sync 1 DAGs
[2023-06-03T20:42:32.701+0000] {logging_mixin.py:149} INFO - [2023-06-03T20:42:32.701+0000] {dag.py:3490} INFO - Setting next_dagrun for example_params_trigger_ui to None, run_after=None
[2023-06-03T20:42:32.717+0000] {processor.py:179} INFO - Processing /home/airflow/.local/lib/python3.7/site-packages/airflow/example_dags/example_params_trigger_ui.py took 0.126 seconds
[2023-06-03T20:43:02.829+0000] {processor.py:157} INFO - Started process (PID=9041) to work on /home/airflow/.local/lib/python3.7/site-packages/airflow/example_dags/example_params_trigger_ui.py
[2023-06-03T20:43:02.831+0000] {processor.py:826} INFO - Processing file /home/airflow/.local/lib/python3.7/site-packages/airflow/example_dags/example_params_trigger_ui.py for tasks to queue
[2023-06-03T20:43:02.832+0000] {logging_mixin.py:149} INFO - [2023-06-03T20:43:02.832+0000] {dagbag.py:541} INFO - Filling up the DagBag from /home/airflow/.local/lib/python3.7/site-packages/airflow/example_dags/example_params_trigger_ui.py
[2023-06-03T20:43:02.848+0000] {processor.py:836} INFO - DAG(s) dict_keys(['example_params_trigger_ui']) retrieved from /home/airflow/.local/lib/python3.7/site-packages/airflow/example_dags/example_params_trigger_ui.py
[2023-06-03T20:43:02.913+0000] {logging_mixin.py:149} INFO - [2023-06-03T20:43:02.913+0000] {dag.py:2726} INFO - Sync 1 DAGs
[2023-06-03T20:43:02.934+0000] {logging_mixin.py:149} INFO - [2023-06-03T20:43:02.934+0000] {dag.py:3490} INFO - Setting next_dagrun for example_params_trigger_ui to None, run_after=None
[2023-06-03T20:43:02.954+0000] {processor.py:179} INFO - Processing /home/airflow/.local/lib/python3.7/site-packages/airflow/example_dags/example_params_trigger_ui.py took 0.127 seconds
[2023-06-03T20:43:33.280+0000] {processor.py:157} INFO - Started process (PID=9293) to work on /home/airflow/.local/lib/python3.7/site-packages/airflow/example_dags/example_params_trigger_ui.py
[2023-06-03T20:43:33.281+0000] {processor.py:826} INFO - Processing file /home/airflow/.local/lib/python3.7/site-packages/airflow/example_dags/example_params_trigger_ui.py for tasks to queue
[2023-06-03T20:43:33.282+0000] {logging_mixin.py:149} INFO - [2023-06-03T20:43:33.282+0000] {dagbag.py:541} INFO - Filling up the DagBag from /home/airflow/.local/lib/python3.7/site-packages/airflow/example_dags/example_params_trigger_ui.py
[2023-06-03T20:43:33.309+0000] {processor.py:836} INFO - DAG(s) dict_keys(['example_params_trigger_ui']) retrieved from /home/airflow/.local/lib/python3.7/site-packages/airflow/example_dags/example_params_trigger_ui.py
[2023-06-03T20:43:33.370+0000] {logging_mixin.py:149} INFO - [2023-06-03T20:43:33.370+0000] {dag.py:2726} INFO - Sync 1 DAGs
[2023-06-03T20:43:33.388+0000] {logging_mixin.py:149} INFO - [2023-06-03T20:43:33.388+0000] {dag.py:3490} INFO - Setting next_dagrun for example_params_trigger_ui to None, run_after=None
[2023-06-03T20:43:33.404+0000] {processor.py:179} INFO - Processing /home/airflow/.local/lib/python3.7/site-packages/airflow/example_dags/example_params_trigger_ui.py took 0.127 seconds
[2023-06-03T20:44:04.151+0000] {processor.py:157} INFO - Started process (PID=9543) to work on /home/airflow/.local/lib/python3.7/site-packages/airflow/example_dags/example_params_trigger_ui.py
[2023-06-03T20:44:04.152+0000] {processor.py:826} INFO - Processing file /home/airflow/.local/lib/python3.7/site-packages/airflow/example_dags/example_params_trigger_ui.py for tasks to queue
[2023-06-03T20:44:04.153+0000] {logging_mixin.py:149} INFO - [2023-06-03T20:44:04.153+0000] {dagbag.py:541} INFO - Filling up the DagBag from /home/airflow/.local/lib/python3.7/site-packages/airflow/example_dags/example_params_trigger_ui.py
[2023-06-03T20:44:04.169+0000] {processor.py:836} INFO - DAG(s) dict_keys(['example_params_trigger_ui']) retrieved from /home/airflow/.local/lib/python3.7/site-packages/airflow/example_dags/example_params_trigger_ui.py
[2023-06-03T20:44:04.230+0000] {logging_mixin.py:149} INFO - [2023-06-03T20:44:04.229+0000] {dag.py:2726} INFO - Sync 1 DAGs
[2023-06-03T20:44:04.247+0000] {logging_mixin.py:149} INFO - [2023-06-03T20:44:04.247+0000] {dag.py:3490} INFO - Setting next_dagrun for example_params_trigger_ui to None, run_after=None
[2023-06-03T20:44:04.262+0000] {processor.py:179} INFO - Processing /home/airflow/.local/lib/python3.7/site-packages/airflow/example_dags/example_params_trigger_ui.py took 0.113 seconds
[2023-06-03T20:44:34.901+0000] {processor.py:157} INFO - Started process (PID=9795) to work on /home/airflow/.local/lib/python3.7/site-packages/airflow/example_dags/example_params_trigger_ui.py
[2023-06-03T20:44:34.903+0000] {processor.py:826} INFO - Processing file /home/airflow/.local/lib/python3.7/site-packages/airflow/example_dags/example_params_trigger_ui.py for tasks to queue
[2023-06-03T20:44:34.904+0000] {logging_mixin.py:149} INFO - [2023-06-03T20:44:34.904+0000] {dagbag.py:541} INFO - Filling up the DagBag from /home/airflow/.local/lib/python3.7/site-packages/airflow/example_dags/example_params_trigger_ui.py
[2023-06-03T20:44:34.919+0000] {processor.py:836} INFO - DAG(s) dict_keys(['example_params_trigger_ui']) retrieved from /home/airflow/.local/lib/python3.7/site-packages/airflow/example_dags/example_params_trigger_ui.py
[2023-06-03T20:44:34.980+0000] {logging_mixin.py:149} INFO - [2023-06-03T20:44:34.980+0000] {dag.py:2726} INFO - Sync 1 DAGs
[2023-06-03T20:44:34.998+0000] {logging_mixin.py:149} INFO - [2023-06-03T20:44:34.997+0000] {dag.py:3490} INFO - Setting next_dagrun for example_params_trigger_ui to None, run_after=None
[2023-06-03T20:44:35.014+0000] {processor.py:179} INFO - Processing /home/airflow/.local/lib/python3.7/site-packages/airflow/example_dags/example_params_trigger_ui.py took 0.114 seconds
[2023-06-03T20:45:06.092+0000] {processor.py:157} INFO - Started process (PID=10049) to work on /home/airflow/.local/lib/python3.7/site-packages/airflow/example_dags/example_params_trigger_ui.py
[2023-06-03T20:45:06.094+0000] {processor.py:826} INFO - Processing file /home/airflow/.local/lib/python3.7/site-packages/airflow/example_dags/example_params_trigger_ui.py for tasks to queue
[2023-06-03T20:45:06.095+0000] {logging_mixin.py:149} INFO - [2023-06-03T20:45:06.095+0000] {dagbag.py:541} INFO - Filling up the DagBag from /home/airflow/.local/lib/python3.7/site-packages/airflow/example_dags/example_params_trigger_ui.py
[2023-06-03T20:45:06.111+0000] {processor.py:836} INFO - DAG(s) dict_keys(['example_params_trigger_ui']) retrieved from /home/airflow/.local/lib/python3.7/site-packages/airflow/example_dags/example_params_trigger_ui.py
[2023-06-03T20:45:06.172+0000] {logging_mixin.py:149} INFO - [2023-06-03T20:45:06.172+0000] {dag.py:2726} INFO - Sync 1 DAGs
[2023-06-03T20:45:06.192+0000] {logging_mixin.py:149} INFO - [2023-06-03T20:45:06.192+0000] {dag.py:3490} INFO - Setting next_dagrun for example_params_trigger_ui to None, run_after=None
[2023-06-03T20:45:06.209+0000] {processor.py:179} INFO - Processing /home/airflow/.local/lib/python3.7/site-packages/airflow/example_dags/example_params_trigger_ui.py took 0.119 seconds
[2023-06-03T20:45:36.891+0000] {processor.py:157} INFO - Started process (PID=10301) to work on /home/airflow/.local/lib/python3.7/site-packages/airflow/example_dags/example_params_trigger_ui.py
[2023-06-03T20:45:36.892+0000] {processor.py:826} INFO - Processing file /home/airflow/.local/lib/python3.7/site-packages/airflow/example_dags/example_params_trigger_ui.py for tasks to queue
[2023-06-03T20:45:36.893+0000] {logging_mixin.py:149} INFO - [2023-06-03T20:45:36.893+0000] {dagbag.py:541} INFO - Filling up the DagBag from /home/airflow/.local/lib/python3.7/site-packages/airflow/example_dags/example_params_trigger_ui.py
[2023-06-03T20:45:36.910+0000] {processor.py:836} INFO - DAG(s) dict_keys(['example_params_trigger_ui']) retrieved from /home/airflow/.local/lib/python3.7/site-packages/airflow/example_dags/example_params_trigger_ui.py
[2023-06-03T20:45:36.972+0000] {logging_mixin.py:149} INFO - [2023-06-03T20:45:36.972+0000] {dag.py:2726} INFO - Sync 1 DAGs
[2023-06-03T20:45:36.990+0000] {logging_mixin.py:149} INFO - [2023-06-03T20:45:36.990+0000] {dag.py:3490} INFO - Setting next_dagrun for example_params_trigger_ui to None, run_after=None
[2023-06-03T20:45:37.007+0000] {processor.py:179} INFO - Processing /home/airflow/.local/lib/python3.7/site-packages/airflow/example_dags/example_params_trigger_ui.py took 0.118 seconds
[2023-06-03T20:46:07.058+0000] {processor.py:157} INFO - Started process (PID=10553) to work on /home/airflow/.local/lib/python3.7/site-packages/airflow/example_dags/example_params_trigger_ui.py
[2023-06-03T20:46:07.060+0000] {processor.py:826} INFO - Processing file /home/airflow/.local/lib/python3.7/site-packages/airflow/example_dags/example_params_trigger_ui.py for tasks to queue
[2023-06-03T20:46:07.061+0000] {logging_mixin.py:149} INFO - [2023-06-03T20:46:07.060+0000] {dagbag.py:541} INFO - Filling up the DagBag from /home/airflow/.local/lib/python3.7/site-packages/airflow/example_dags/example_params_trigger_ui.py
[2023-06-03T20:46:07.077+0000] {processor.py:836} INFO - DAG(s) dict_keys(['example_params_trigger_ui']) retrieved from /home/airflow/.local/lib/python3.7/site-packages/airflow/example_dags/example_params_trigger_ui.py
[2023-06-03T20:46:07.146+0000] {logging_mixin.py:149} INFO - [2023-06-03T20:46:07.146+0000] {dag.py:2726} INFO - Sync 1 DAGs
[2023-06-03T20:46:07.163+0000] {logging_mixin.py:149} INFO - [2023-06-03T20:46:07.163+0000] {dag.py:3490} INFO - Setting next_dagrun for example_params_trigger_ui to None, run_after=None
[2023-06-03T20:46:07.179+0000] {processor.py:179} INFO - Processing /home/airflow/.local/lib/python3.7/site-packages/airflow/example_dags/example_params_trigger_ui.py took 0.123 seconds
[2023-06-03T20:46:38.399+0000] {processor.py:157} INFO - Started process (PID=10805) to work on /home/airflow/.local/lib/python3.7/site-packages/airflow/example_dags/example_params_trigger_ui.py
[2023-06-03T20:46:38.400+0000] {processor.py:826} INFO - Processing file /home/airflow/.local/lib/python3.7/site-packages/airflow/example_dags/example_params_trigger_ui.py for tasks to queue
[2023-06-03T20:46:38.401+0000] {logging_mixin.py:149} INFO - [2023-06-03T20:46:38.401+0000] {dagbag.py:541} INFO - Filling up the DagBag from /home/airflow/.local/lib/python3.7/site-packages/airflow/example_dags/example_params_trigger_ui.py
[2023-06-03T20:46:38.416+0000] {processor.py:836} INFO - DAG(s) dict_keys(['example_params_trigger_ui']) retrieved from /home/airflow/.local/lib/python3.7/site-packages/airflow/example_dags/example_params_trigger_ui.py
[2023-06-03T20:46:38.476+0000] {logging_mixin.py:149} INFO - [2023-06-03T20:46:38.476+0000] {dag.py:2726} INFO - Sync 1 DAGs
[2023-06-03T20:46:38.493+0000] {logging_mixin.py:149} INFO - [2023-06-03T20:46:38.493+0000] {dag.py:3490} INFO - Setting next_dagrun for example_params_trigger_ui to None, run_after=None
[2023-06-03T20:46:38.509+0000] {processor.py:179} INFO - Processing /home/airflow/.local/lib/python3.7/site-packages/airflow/example_dags/example_params_trigger_ui.py took 0.114 seconds
[2023-06-03T20:47:08.718+0000] {processor.py:157} INFO - Started process (PID=11057) to work on /home/airflow/.local/lib/python3.7/site-packages/airflow/example_dags/example_params_trigger_ui.py
[2023-06-03T20:47:08.719+0000] {processor.py:826} INFO - Processing file /home/airflow/.local/lib/python3.7/site-packages/airflow/example_dags/example_params_trigger_ui.py for tasks to queue
[2023-06-03T20:47:08.722+0000] {logging_mixin.py:149} INFO - [2023-06-03T20:47:08.722+0000] {dagbag.py:541} INFO - Filling up the DagBag from /home/airflow/.local/lib/python3.7/site-packages/airflow/example_dags/example_params_trigger_ui.py
[2023-06-03T20:47:08.739+0000] {processor.py:836} INFO - DAG(s) dict_keys(['example_params_trigger_ui']) retrieved from /home/airflow/.local/lib/python3.7/site-packages/airflow/example_dags/example_params_trigger_ui.py
[2023-06-03T20:47:08.799+0000] {logging_mixin.py:149} INFO - [2023-06-03T20:47:08.799+0000] {dag.py:2726} INFO - Sync 1 DAGs
[2023-06-03T20:47:08.817+0000] {logging_mixin.py:149} INFO - [2023-06-03T20:47:08.817+0000] {dag.py:3490} INFO - Setting next_dagrun for example_params_trigger_ui to None, run_after=None
[2023-06-03T20:47:08.834+0000] {processor.py:179} INFO - Processing /home/airflow/.local/lib/python3.7/site-packages/airflow/example_dags/example_params_trigger_ui.py took 0.119 seconds
[2023-06-03T20:47:38.922+0000] {processor.py:157} INFO - Started process (PID=11314) to work on /home/airflow/.local/lib/python3.7/site-packages/airflow/example_dags/example_params_trigger_ui.py
[2023-06-03T20:47:38.923+0000] {processor.py:826} INFO - Processing file /home/airflow/.local/lib/python3.7/site-packages/airflow/example_dags/example_params_trigger_ui.py for tasks to queue
[2023-06-03T20:47:38.924+0000] {logging_mixin.py:149} INFO - [2023-06-03T20:47:38.924+0000] {dagbag.py:541} INFO - Filling up the DagBag from /home/airflow/.local/lib/python3.7/site-packages/airflow/example_dags/example_params_trigger_ui.py
[2023-06-03T20:47:38.939+0000] {processor.py:836} INFO - DAG(s) dict_keys(['example_params_trigger_ui']) retrieved from /home/airflow/.local/lib/python3.7/site-packages/airflow/example_dags/example_params_trigger_ui.py
[2023-06-03T20:47:39.001+0000] {logging_mixin.py:149} INFO - [2023-06-03T20:47:39.001+0000] {dag.py:2726} INFO - Sync 1 DAGs
[2023-06-03T20:47:39.018+0000] {logging_mixin.py:149} INFO - [2023-06-03T20:47:39.018+0000] {dag.py:3490} INFO - Setting next_dagrun for example_params_trigger_ui to None, run_after=None
[2023-06-03T20:47:39.034+0000] {processor.py:179} INFO - Processing /home/airflow/.local/lib/python3.7/site-packages/airflow/example_dags/example_params_trigger_ui.py took 0.114 seconds
[2023-06-03T20:48:09.323+0000] {processor.py:157} INFO - Started process (PID=11561) to work on /home/airflow/.local/lib/python3.7/site-packages/airflow/example_dags/example_params_trigger_ui.py
[2023-06-03T20:48:09.324+0000] {processor.py:826} INFO - Processing file /home/airflow/.local/lib/python3.7/site-packages/airflow/example_dags/example_params_trigger_ui.py for tasks to queue
[2023-06-03T20:48:09.325+0000] {logging_mixin.py:149} INFO - [2023-06-03T20:48:09.325+0000] {dagbag.py:541} INFO - Filling up the DagBag from /home/airflow/.local/lib/python3.7/site-packages/airflow/example_dags/example_params_trigger_ui.py
[2023-06-03T20:48:09.341+0000] {processor.py:836} INFO - DAG(s) dict_keys(['example_params_trigger_ui']) retrieved from /home/airflow/.local/lib/python3.7/site-packages/airflow/example_dags/example_params_trigger_ui.py
[2023-06-03T20:48:09.401+0000] {logging_mixin.py:149} INFO - [2023-06-03T20:48:09.401+0000] {dag.py:2726} INFO - Sync 1 DAGs
[2023-06-03T20:48:09.418+0000] {logging_mixin.py:149} INFO - [2023-06-03T20:48:09.417+0000] {dag.py:3490} INFO - Setting next_dagrun for example_params_trigger_ui to None, run_after=None
[2023-06-03T20:48:09.433+0000] {processor.py:179} INFO - Processing /home/airflow/.local/lib/python3.7/site-packages/airflow/example_dags/example_params_trigger_ui.py took 0.112 seconds
[2023-06-03T20:48:39.772+0000] {processor.py:157} INFO - Started process (PID=11812) to work on /home/airflow/.local/lib/python3.7/site-packages/airflow/example_dags/example_params_trigger_ui.py
[2023-06-03T20:48:39.773+0000] {processor.py:826} INFO - Processing file /home/airflow/.local/lib/python3.7/site-packages/airflow/example_dags/example_params_trigger_ui.py for tasks to queue
[2023-06-03T20:48:39.774+0000] {logging_mixin.py:149} INFO - [2023-06-03T20:48:39.774+0000] {dagbag.py:541} INFO - Filling up the DagBag from /home/airflow/.local/lib/python3.7/site-packages/airflow/example_dags/example_params_trigger_ui.py
[2023-06-03T20:48:39.790+0000] {processor.py:836} INFO - DAG(s) dict_keys(['example_params_trigger_ui']) retrieved from /home/airflow/.local/lib/python3.7/site-packages/airflow/example_dags/example_params_trigger_ui.py
[2023-06-03T20:48:39.852+0000] {logging_mixin.py:149} INFO - [2023-06-03T20:48:39.852+0000] {dag.py:2726} INFO - Sync 1 DAGs
[2023-06-03T20:48:39.872+0000] {logging_mixin.py:149} INFO - [2023-06-03T20:48:39.872+0000] {dag.py:3490} INFO - Setting next_dagrun for example_params_trigger_ui to None, run_after=None
[2023-06-03T20:48:39.889+0000] {processor.py:179} INFO - Processing /home/airflow/.local/lib/python3.7/site-packages/airflow/example_dags/example_params_trigger_ui.py took 0.120 seconds
[2023-06-03T20:49:10.037+0000] {processor.py:157} INFO - Started process (PID=12065) to work on /home/airflow/.local/lib/python3.7/site-packages/airflow/example_dags/example_params_trigger_ui.py
[2023-06-03T20:49:10.038+0000] {processor.py:826} INFO - Processing file /home/airflow/.local/lib/python3.7/site-packages/airflow/example_dags/example_params_trigger_ui.py for tasks to queue
[2023-06-03T20:49:10.039+0000] {logging_mixin.py:149} INFO - [2023-06-03T20:49:10.039+0000] {dagbag.py:541} INFO - Filling up the DagBag from /home/airflow/.local/lib/python3.7/site-packages/airflow/example_dags/example_params_trigger_ui.py
[2023-06-03T20:49:10.055+0000] {processor.py:836} INFO - DAG(s) dict_keys(['example_params_trigger_ui']) retrieved from /home/airflow/.local/lib/python3.7/site-packages/airflow/example_dags/example_params_trigger_ui.py
[2023-06-03T20:49:10.115+0000] {logging_mixin.py:149} INFO - [2023-06-03T20:49:10.115+0000] {dag.py:2726} INFO - Sync 1 DAGs
[2023-06-03T20:49:10.133+0000] {logging_mixin.py:149} INFO - [2023-06-03T20:49:10.133+0000] {dag.py:3490} INFO - Setting next_dagrun for example_params_trigger_ui to None, run_after=None
[2023-06-03T20:49:10.149+0000] {processor.py:179} INFO - Processing /home/airflow/.local/lib/python3.7/site-packages/airflow/example_dags/example_params_trigger_ui.py took 0.114 seconds
[2023-06-03T20:49:40.978+0000] {processor.py:157} INFO - Started process (PID=12315) to work on /home/airflow/.local/lib/python3.7/site-packages/airflow/example_dags/example_params_trigger_ui.py
[2023-06-03T20:49:40.980+0000] {processor.py:826} INFO - Processing file /home/airflow/.local/lib/python3.7/site-packages/airflow/example_dags/example_params_trigger_ui.py for tasks to queue
[2023-06-03T20:49:40.980+0000] {logging_mixin.py:149} INFO - [2023-06-03T20:49:40.980+0000] {dagbag.py:541} INFO - Filling up the DagBag from /home/airflow/.local/lib/python3.7/site-packages/airflow/example_dags/example_params_trigger_ui.py
[2023-06-03T20:49:40.996+0000] {processor.py:836} INFO - DAG(s) dict_keys(['example_params_trigger_ui']) retrieved from /home/airflow/.local/lib/python3.7/site-packages/airflow/example_dags/example_params_trigger_ui.py
[2023-06-03T20:49:41.059+0000] {logging_mixin.py:149} INFO - [2023-06-03T20:49:41.059+0000] {dag.py:2726} INFO - Sync 1 DAGs
[2023-06-03T20:49:41.076+0000] {logging_mixin.py:149} INFO - [2023-06-03T20:49:41.075+0000] {dag.py:3490} INFO - Setting next_dagrun for example_params_trigger_ui to None, run_after=None
[2023-06-03T20:49:41.090+0000] {processor.py:179} INFO - Processing /home/airflow/.local/lib/python3.7/site-packages/airflow/example_dags/example_params_trigger_ui.py took 0.114 seconds
[2023-06-03T20:50:11.806+0000] {processor.py:157} INFO - Started process (PID=12574) to work on /home/airflow/.local/lib/python3.7/site-packages/airflow/example_dags/example_params_trigger_ui.py
[2023-06-03T20:50:11.807+0000] {processor.py:826} INFO - Processing file /home/airflow/.local/lib/python3.7/site-packages/airflow/example_dags/example_params_trigger_ui.py for tasks to queue
[2023-06-03T20:50:11.808+0000] {logging_mixin.py:149} INFO - [2023-06-03T20:50:11.808+0000] {dagbag.py:541} INFO - Filling up the DagBag from /home/airflow/.local/lib/python3.7/site-packages/airflow/example_dags/example_params_trigger_ui.py
[2023-06-03T20:50:11.825+0000] {processor.py:836} INFO - DAG(s) dict_keys(['example_params_trigger_ui']) retrieved from /home/airflow/.local/lib/python3.7/site-packages/airflow/example_dags/example_params_trigger_ui.py
[2023-06-03T20:50:11.886+0000] {logging_mixin.py:149} INFO - [2023-06-03T20:50:11.886+0000] {dag.py:2726} INFO - Sync 1 DAGs
[2023-06-03T20:50:11.903+0000] {logging_mixin.py:149} INFO - [2023-06-03T20:50:11.903+0000] {dag.py:3490} INFO - Setting next_dagrun for example_params_trigger_ui to None, run_after=None
[2023-06-03T20:50:11.921+0000] {processor.py:179} INFO - Processing /home/airflow/.local/lib/python3.7/site-packages/airflow/example_dags/example_params_trigger_ui.py took 0.118 seconds
[2023-06-03T20:50:42.249+0000] {processor.py:157} INFO - Started process (PID=12829) to work on /home/airflow/.local/lib/python3.7/site-packages/airflow/example_dags/example_params_trigger_ui.py
[2023-06-03T20:50:42.250+0000] {processor.py:826} INFO - Processing file /home/airflow/.local/lib/python3.7/site-packages/airflow/example_dags/example_params_trigger_ui.py for tasks to queue
[2023-06-03T20:50:42.251+0000] {logging_mixin.py:149} INFO - [2023-06-03T20:50:42.251+0000] {dagbag.py:541} INFO - Filling up the DagBag from /home/airflow/.local/lib/python3.7/site-packages/airflow/example_dags/example_params_trigger_ui.py
[2023-06-03T20:50:42.268+0000] {processor.py:836} INFO - DAG(s) dict_keys(['example_params_trigger_ui']) retrieved from /home/airflow/.local/lib/python3.7/site-packages/airflow/example_dags/example_params_trigger_ui.py
[2023-06-03T20:50:42.334+0000] {logging_mixin.py:149} INFO - [2023-06-03T20:50:42.334+0000] {dag.py:2726} INFO - Sync 1 DAGs
[2023-06-03T20:50:42.352+0000] {logging_mixin.py:149} INFO - [2023-06-03T20:50:42.352+0000] {dag.py:3490} INFO - Setting next_dagrun for example_params_trigger_ui to None, run_after=None
[2023-06-03T20:50:42.366+0000] {processor.py:179} INFO - Processing /home/airflow/.local/lib/python3.7/site-packages/airflow/example_dags/example_params_trigger_ui.py took 0.119 seconds
[2023-06-03T20:51:12.575+0000] {processor.py:157} INFO - Started process (PID=13084) to work on /home/airflow/.local/lib/python3.7/site-packages/airflow/example_dags/example_params_trigger_ui.py
[2023-06-03T20:51:12.577+0000] {processor.py:826} INFO - Processing file /home/airflow/.local/lib/python3.7/site-packages/airflow/example_dags/example_params_trigger_ui.py for tasks to queue
[2023-06-03T20:51:12.578+0000] {logging_mixin.py:149} INFO - [2023-06-03T20:51:12.578+0000] {dagbag.py:541} INFO - Filling up the DagBag from /home/airflow/.local/lib/python3.7/site-packages/airflow/example_dags/example_params_trigger_ui.py
[2023-06-03T20:51:12.594+0000] {processor.py:836} INFO - DAG(s) dict_keys(['example_params_trigger_ui']) retrieved from /home/airflow/.local/lib/python3.7/site-packages/airflow/example_dags/example_params_trigger_ui.py
[2023-06-03T20:51:12.655+0000] {logging_mixin.py:149} INFO - [2023-06-03T20:51:12.655+0000] {dag.py:2726} INFO - Sync 1 DAGs
[2023-06-03T20:51:12.674+0000] {logging_mixin.py:149} INFO - [2023-06-03T20:51:12.674+0000] {dag.py:3490} INFO - Setting next_dagrun for example_params_trigger_ui to None, run_after=None
[2023-06-03T20:51:12.691+0000] {processor.py:179} INFO - Processing /home/airflow/.local/lib/python3.7/site-packages/airflow/example_dags/example_params_trigger_ui.py took 0.118 seconds
[2023-06-03T20:51:43.766+0000] {processor.py:157} INFO - Started process (PID=13331) to work on /home/airflow/.local/lib/python3.7/site-packages/airflow/example_dags/example_params_trigger_ui.py
[2023-06-03T20:51:43.767+0000] {processor.py:826} INFO - Processing file /home/airflow/.local/lib/python3.7/site-packages/airflow/example_dags/example_params_trigger_ui.py for tasks to queue
[2023-06-03T20:51:43.768+0000] {logging_mixin.py:149} INFO - [2023-06-03T20:51:43.768+0000] {dagbag.py:541} INFO - Filling up the DagBag from /home/airflow/.local/lib/python3.7/site-packages/airflow/example_dags/example_params_trigger_ui.py
[2023-06-03T20:51:43.784+0000] {processor.py:836} INFO - DAG(s) dict_keys(['example_params_trigger_ui']) retrieved from /home/airflow/.local/lib/python3.7/site-packages/airflow/example_dags/example_params_trigger_ui.py
[2023-06-03T20:51:43.844+0000] {logging_mixin.py:149} INFO - [2023-06-03T20:51:43.843+0000] {dag.py:2726} INFO - Sync 1 DAGs
[2023-06-03T20:51:43.861+0000] {logging_mixin.py:149} INFO - [2023-06-03T20:51:43.861+0000] {dag.py:3490} INFO - Setting next_dagrun for example_params_trigger_ui to None, run_after=None
[2023-06-03T20:51:43.877+0000] {processor.py:179} INFO - Processing /home/airflow/.local/lib/python3.7/site-packages/airflow/example_dags/example_params_trigger_ui.py took 0.113 seconds
[2023-06-03T20:52:14.475+0000] {processor.py:157} INFO - Started process (PID=13583) to work on /home/airflow/.local/lib/python3.7/site-packages/airflow/example_dags/example_params_trigger_ui.py
[2023-06-03T20:52:14.476+0000] {processor.py:826} INFO - Processing file /home/airflow/.local/lib/python3.7/site-packages/airflow/example_dags/example_params_trigger_ui.py for tasks to queue
[2023-06-03T20:52:14.477+0000] {logging_mixin.py:149} INFO - [2023-06-03T20:52:14.477+0000] {dagbag.py:541} INFO - Filling up the DagBag from /home/airflow/.local/lib/python3.7/site-packages/airflow/example_dags/example_params_trigger_ui.py
[2023-06-03T20:52:14.492+0000] {processor.py:836} INFO - DAG(s) dict_keys(['example_params_trigger_ui']) retrieved from /home/airflow/.local/lib/python3.7/site-packages/airflow/example_dags/example_params_trigger_ui.py
[2023-06-03T20:52:14.556+0000] {logging_mixin.py:149} INFO - [2023-06-03T20:52:14.556+0000] {dag.py:2726} INFO - Sync 1 DAGs
[2023-06-03T20:52:14.574+0000] {logging_mixin.py:149} INFO - [2023-06-03T20:52:14.574+0000] {dag.py:3490} INFO - Setting next_dagrun for example_params_trigger_ui to None, run_after=None
[2023-06-03T20:52:14.590+0000] {processor.py:179} INFO - Processing /home/airflow/.local/lib/python3.7/site-packages/airflow/example_dags/example_params_trigger_ui.py took 0.117 seconds
[2023-06-03T20:52:45.498+0000] {processor.py:157} INFO - Started process (PID=13835) to work on /home/airflow/.local/lib/python3.7/site-packages/airflow/example_dags/example_params_trigger_ui.py
[2023-06-03T20:52:45.499+0000] {processor.py:826} INFO - Processing file /home/airflow/.local/lib/python3.7/site-packages/airflow/example_dags/example_params_trigger_ui.py for tasks to queue
[2023-06-03T20:52:45.500+0000] {logging_mixin.py:149} INFO - [2023-06-03T20:52:45.500+0000] {dagbag.py:541} INFO - Filling up the DagBag from /home/airflow/.local/lib/python3.7/site-packages/airflow/example_dags/example_params_trigger_ui.py
[2023-06-03T20:52:45.515+0000] {processor.py:836} INFO - DAG(s) dict_keys(['example_params_trigger_ui']) retrieved from /home/airflow/.local/lib/python3.7/site-packages/airflow/example_dags/example_params_trigger_ui.py
[2023-06-03T20:52:45.577+0000] {logging_mixin.py:149} INFO - [2023-06-03T20:52:45.577+0000] {dag.py:2726} INFO - Sync 1 DAGs
[2023-06-03T20:52:45.594+0000] {logging_mixin.py:149} INFO - [2023-06-03T20:52:45.594+0000] {dag.py:3490} INFO - Setting next_dagrun for example_params_trigger_ui to None, run_after=None
[2023-06-03T20:52:45.610+0000] {processor.py:179} INFO - Processing /home/airflow/.local/lib/python3.7/site-packages/airflow/example_dags/example_params_trigger_ui.py took 0.114 seconds
[2023-06-03T20:53:15.840+0000] {processor.py:157} INFO - Started process (PID=14087) to work on /home/airflow/.local/lib/python3.7/site-packages/airflow/example_dags/example_params_trigger_ui.py
[2023-06-03T20:53:15.841+0000] {processor.py:826} INFO - Processing file /home/airflow/.local/lib/python3.7/site-packages/airflow/example_dags/example_params_trigger_ui.py for tasks to queue
[2023-06-03T20:53:15.842+0000] {logging_mixin.py:149} INFO - [2023-06-03T20:53:15.842+0000] {dagbag.py:541} INFO - Filling up the DagBag from /home/airflow/.local/lib/python3.7/site-packages/airflow/example_dags/example_params_trigger_ui.py
[2023-06-03T20:53:15.859+0000] {processor.py:836} INFO - DAG(s) dict_keys(['example_params_trigger_ui']) retrieved from /home/airflow/.local/lib/python3.7/site-packages/airflow/example_dags/example_params_trigger_ui.py
[2023-06-03T20:53:15.922+0000] {logging_mixin.py:149} INFO - [2023-06-03T20:53:15.922+0000] {dag.py:2726} INFO - Sync 1 DAGs
[2023-06-03T20:53:15.942+0000] {logging_mixin.py:149} INFO - [2023-06-03T20:53:15.941+0000] {dag.py:3490} INFO - Setting next_dagrun for example_params_trigger_ui to None, run_after=None
[2023-06-03T20:53:15.958+0000] {processor.py:179} INFO - Processing /home/airflow/.local/lib/python3.7/site-packages/airflow/example_dags/example_params_trigger_ui.py took 0.120 seconds
[2023-06-03T20:53:46.052+0000] {processor.py:157} INFO - Started process (PID=14339) to work on /home/airflow/.local/lib/python3.7/site-packages/airflow/example_dags/example_params_trigger_ui.py
[2023-06-03T20:53:46.054+0000] {processor.py:826} INFO - Processing file /home/airflow/.local/lib/python3.7/site-packages/airflow/example_dags/example_params_trigger_ui.py for tasks to queue
[2023-06-03T20:53:46.055+0000] {logging_mixin.py:149} INFO - [2023-06-03T20:53:46.055+0000] {dagbag.py:541} INFO - Filling up the DagBag from /home/airflow/.local/lib/python3.7/site-packages/airflow/example_dags/example_params_trigger_ui.py
[2023-06-03T20:53:46.070+0000] {processor.py:836} INFO - DAG(s) dict_keys(['example_params_trigger_ui']) retrieved from /home/airflow/.local/lib/python3.7/site-packages/airflow/example_dags/example_params_trigger_ui.py
[2023-06-03T20:53:46.131+0000] {logging_mixin.py:149} INFO - [2023-06-03T20:53:46.131+0000] {dag.py:2726} INFO - Sync 1 DAGs
[2023-06-03T20:53:46.149+0000] {logging_mixin.py:149} INFO - [2023-06-03T20:53:46.149+0000] {dag.py:3490} INFO - Setting next_dagrun for example_params_trigger_ui to None, run_after=None
[2023-06-03T20:53:46.166+0000] {processor.py:179} INFO - Processing /home/airflow/.local/lib/python3.7/site-packages/airflow/example_dags/example_params_trigger_ui.py took 0.117 seconds
[2023-06-03T20:54:17.240+0000] {processor.py:157} INFO - Started process (PID=14593) to work on /home/airflow/.local/lib/python3.7/site-packages/airflow/example_dags/example_params_trigger_ui.py
[2023-06-03T20:54:17.241+0000] {processor.py:826} INFO - Processing file /home/airflow/.local/lib/python3.7/site-packages/airflow/example_dags/example_params_trigger_ui.py for tasks to queue
[2023-06-03T20:54:17.242+0000] {logging_mixin.py:149} INFO - [2023-06-03T20:54:17.242+0000] {dagbag.py:541} INFO - Filling up the DagBag from /home/airflow/.local/lib/python3.7/site-packages/airflow/example_dags/example_params_trigger_ui.py
[2023-06-03T20:54:17.257+0000] {processor.py:836} INFO - DAG(s) dict_keys(['example_params_trigger_ui']) retrieved from /home/airflow/.local/lib/python3.7/site-packages/airflow/example_dags/example_params_trigger_ui.py
[2023-06-03T20:54:17.318+0000] {logging_mixin.py:149} INFO - [2023-06-03T20:54:17.318+0000] {dag.py:2726} INFO - Sync 1 DAGs
[2023-06-03T20:54:17.335+0000] {logging_mixin.py:149} INFO - [2023-06-03T20:54:17.335+0000] {dag.py:3490} INFO - Setting next_dagrun for example_params_trigger_ui to None, run_after=None
[2023-06-03T20:54:17.351+0000] {processor.py:179} INFO - Processing /home/airflow/.local/lib/python3.7/site-packages/airflow/example_dags/example_params_trigger_ui.py took 0.113 seconds
[2023-06-03T20:54:47.496+0000] {processor.py:157} INFO - Started process (PID=14848) to work on /home/airflow/.local/lib/python3.7/site-packages/airflow/example_dags/example_params_trigger_ui.py
[2023-06-03T20:54:47.497+0000] {processor.py:826} INFO - Processing file /home/airflow/.local/lib/python3.7/site-packages/airflow/example_dags/example_params_trigger_ui.py for tasks to queue
[2023-06-03T20:54:47.498+0000] {logging_mixin.py:149} INFO - [2023-06-03T20:54:47.498+0000] {dagbag.py:541} INFO - Filling up the DagBag from /home/airflow/.local/lib/python3.7/site-packages/airflow/example_dags/example_params_trigger_ui.py
[2023-06-03T20:54:47.513+0000] {processor.py:836} INFO - DAG(s) dict_keys(['example_params_trigger_ui']) retrieved from /home/airflow/.local/lib/python3.7/site-packages/airflow/example_dags/example_params_trigger_ui.py
[2023-06-03T20:54:47.578+0000] {logging_mixin.py:149} INFO - [2023-06-03T20:54:47.578+0000] {dag.py:2726} INFO - Sync 1 DAGs
[2023-06-03T20:54:47.597+0000] {logging_mixin.py:149} INFO - [2023-06-03T20:54:47.597+0000] {dag.py:3490} INFO - Setting next_dagrun for example_params_trigger_ui to None, run_after=None
[2023-06-03T20:54:47.613+0000] {processor.py:179} INFO - Processing /home/airflow/.local/lib/python3.7/site-packages/airflow/example_dags/example_params_trigger_ui.py took 0.120 seconds
[2023-06-03T20:55:17.850+0000] {processor.py:157} INFO - Started process (PID=15100) to work on /home/airflow/.local/lib/python3.7/site-packages/airflow/example_dags/example_params_trigger_ui.py
[2023-06-03T20:55:17.852+0000] {processor.py:826} INFO - Processing file /home/airflow/.local/lib/python3.7/site-packages/airflow/example_dags/example_params_trigger_ui.py for tasks to queue
[2023-06-03T20:55:17.852+0000] {logging_mixin.py:149} INFO - [2023-06-03T20:55:17.852+0000] {dagbag.py:541} INFO - Filling up the DagBag from /home/airflow/.local/lib/python3.7/site-packages/airflow/example_dags/example_params_trigger_ui.py
[2023-06-03T20:55:17.869+0000] {processor.py:836} INFO - DAG(s) dict_keys(['example_params_trigger_ui']) retrieved from /home/airflow/.local/lib/python3.7/site-packages/airflow/example_dags/example_params_trigger_ui.py
[2023-06-03T20:55:17.933+0000] {logging_mixin.py:149} INFO - [2023-06-03T20:55:17.933+0000] {dag.py:2726} INFO - Sync 1 DAGs
[2023-06-03T20:55:17.951+0000] {logging_mixin.py:149} INFO - [2023-06-03T20:55:17.951+0000] {dag.py:3490} INFO - Setting next_dagrun for example_params_trigger_ui to None, run_after=None
[2023-06-03T20:55:17.968+0000] {processor.py:179} INFO - Processing /home/airflow/.local/lib/python3.7/site-packages/airflow/example_dags/example_params_trigger_ui.py took 0.120 seconds
[2023-06-03T20:55:48.799+0000] {processor.py:157} INFO - Started process (PID=15347) to work on /home/airflow/.local/lib/python3.7/site-packages/airflow/example_dags/example_params_trigger_ui.py
[2023-06-03T20:55:48.800+0000] {processor.py:826} INFO - Processing file /home/airflow/.local/lib/python3.7/site-packages/airflow/example_dags/example_params_trigger_ui.py for tasks to queue
[2023-06-03T20:55:48.801+0000] {logging_mixin.py:149} INFO - [2023-06-03T20:55:48.801+0000] {dagbag.py:541} INFO - Filling up the DagBag from /home/airflow/.local/lib/python3.7/site-packages/airflow/example_dags/example_params_trigger_ui.py
[2023-06-03T20:55:48.817+0000] {processor.py:836} INFO - DAG(s) dict_keys(['example_params_trigger_ui']) retrieved from /home/airflow/.local/lib/python3.7/site-packages/airflow/example_dags/example_params_trigger_ui.py
[2023-06-03T20:55:48.881+0000] {logging_mixin.py:149} INFO - [2023-06-03T20:55:48.881+0000] {dag.py:2726} INFO - Sync 1 DAGs
[2023-06-03T20:55:48.900+0000] {logging_mixin.py:149} INFO - [2023-06-03T20:55:48.900+0000] {dag.py:3490} INFO - Setting next_dagrun for example_params_trigger_ui to None, run_after=None
[2023-06-03T20:55:48.917+0000] {processor.py:179} INFO - Processing /home/airflow/.local/lib/python3.7/site-packages/airflow/example_dags/example_params_trigger_ui.py took 0.120 seconds
[2023-06-03T20:56:19.422+0000] {processor.py:157} INFO - Started process (PID=15599) to work on /home/airflow/.local/lib/python3.7/site-packages/airflow/example_dags/example_params_trigger_ui.py
[2023-06-03T20:56:19.423+0000] {processor.py:826} INFO - Processing file /home/airflow/.local/lib/python3.7/site-packages/airflow/example_dags/example_params_trigger_ui.py for tasks to queue
[2023-06-03T20:56:19.424+0000] {logging_mixin.py:149} INFO - [2023-06-03T20:56:19.424+0000] {dagbag.py:541} INFO - Filling up the DagBag from /home/airflow/.local/lib/python3.7/site-packages/airflow/example_dags/example_params_trigger_ui.py
[2023-06-03T20:56:19.439+0000] {processor.py:836} INFO - DAG(s) dict_keys(['example_params_trigger_ui']) retrieved from /home/airflow/.local/lib/python3.7/site-packages/airflow/example_dags/example_params_trigger_ui.py
[2023-06-03T20:56:19.502+0000] {logging_mixin.py:149} INFO - [2023-06-03T20:56:19.502+0000] {dag.py:2726} INFO - Sync 1 DAGs
[2023-06-03T20:56:19.520+0000] {logging_mixin.py:149} INFO - [2023-06-03T20:56:19.520+0000] {dag.py:3490} INFO - Setting next_dagrun for example_params_trigger_ui to None, run_after=None
[2023-06-03T20:56:19.535+0000] {processor.py:179} INFO - Processing /home/airflow/.local/lib/python3.7/site-packages/airflow/example_dags/example_params_trigger_ui.py took 0.116 seconds
[2023-06-03T20:56:49.679+0000] {processor.py:157} INFO - Started process (PID=15853) to work on /home/airflow/.local/lib/python3.7/site-packages/airflow/example_dags/example_params_trigger_ui.py
[2023-06-03T20:56:49.701+0000] {processor.py:826} INFO - Processing file /home/airflow/.local/lib/python3.7/site-packages/airflow/example_dags/example_params_trigger_ui.py for tasks to queue
[2023-06-03T20:56:49.702+0000] {logging_mixin.py:149} INFO - [2023-06-03T20:56:49.702+0000] {dagbag.py:541} INFO - Filling up the DagBag from /home/airflow/.local/lib/python3.7/site-packages/airflow/example_dags/example_params_trigger_ui.py
[2023-06-03T20:56:49.719+0000] {processor.py:836} INFO - DAG(s) dict_keys(['example_params_trigger_ui']) retrieved from /home/airflow/.local/lib/python3.7/site-packages/airflow/example_dags/example_params_trigger_ui.py
[2023-06-03T20:56:49.781+0000] {logging_mixin.py:149} INFO - [2023-06-03T20:56:49.781+0000] {dag.py:2726} INFO - Sync 1 DAGs
[2023-06-03T20:56:49.798+0000] {logging_mixin.py:149} INFO - [2023-06-03T20:56:49.798+0000] {dag.py:3490} INFO - Setting next_dagrun for example_params_trigger_ui to None, run_after=None
[2023-06-03T20:56:49.815+0000] {processor.py:179} INFO - Processing /home/airflow/.local/lib/python3.7/site-packages/airflow/example_dags/example_params_trigger_ui.py took 0.139 seconds
[2023-06-03T20:57:19.994+0000] {processor.py:157} INFO - Started process (PID=16103) to work on /home/airflow/.local/lib/python3.7/site-packages/airflow/example_dags/example_params_trigger_ui.py
[2023-06-03T20:57:19.995+0000] {processor.py:826} INFO - Processing file /home/airflow/.local/lib/python3.7/site-packages/airflow/example_dags/example_params_trigger_ui.py for tasks to queue
[2023-06-03T20:57:19.996+0000] {logging_mixin.py:149} INFO - [2023-06-03T20:57:19.996+0000] {dagbag.py:541} INFO - Filling up the DagBag from /home/airflow/.local/lib/python3.7/site-packages/airflow/example_dags/example_params_trigger_ui.py
[2023-06-03T20:57:20.012+0000] {processor.py:836} INFO - DAG(s) dict_keys(['example_params_trigger_ui']) retrieved from /home/airflow/.local/lib/python3.7/site-packages/airflow/example_dags/example_params_trigger_ui.py
[2023-06-03T20:57:20.076+0000] {logging_mixin.py:149} INFO - [2023-06-03T20:57:20.076+0000] {dag.py:2726} INFO - Sync 1 DAGs
[2023-06-03T20:57:20.094+0000] {logging_mixin.py:149} INFO - [2023-06-03T20:57:20.094+0000] {dag.py:3490} INFO - Setting next_dagrun for example_params_trigger_ui to None, run_after=None
[2023-06-03T20:57:20.110+0000] {processor.py:179} INFO - Processing /home/airflow/.local/lib/python3.7/site-packages/airflow/example_dags/example_params_trigger_ui.py took 0.118 seconds
[2023-06-03T20:57:50.726+0000] {processor.py:157} INFO - Started process (PID=16357) to work on /home/airflow/.local/lib/python3.7/site-packages/airflow/example_dags/example_params_trigger_ui.py
[2023-06-03T20:57:50.728+0000] {processor.py:826} INFO - Processing file /home/airflow/.local/lib/python3.7/site-packages/airflow/example_dags/example_params_trigger_ui.py for tasks to queue
[2023-06-03T20:57:50.729+0000] {logging_mixin.py:149} INFO - [2023-06-03T20:57:50.729+0000] {dagbag.py:541} INFO - Filling up the DagBag from /home/airflow/.local/lib/python3.7/site-packages/airflow/example_dags/example_params_trigger_ui.py
[2023-06-03T20:57:50.745+0000] {processor.py:836} INFO - DAG(s) dict_keys(['example_params_trigger_ui']) retrieved from /home/airflow/.local/lib/python3.7/site-packages/airflow/example_dags/example_params_trigger_ui.py
[2023-06-03T20:57:50.809+0000] {logging_mixin.py:149} INFO - [2023-06-03T20:57:50.809+0000] {dag.py:2726} INFO - Sync 1 DAGs
[2023-06-03T20:57:50.829+0000] {logging_mixin.py:149} INFO - [2023-06-03T20:57:50.829+0000] {dag.py:3490} INFO - Setting next_dagrun for example_params_trigger_ui to None, run_after=None
[2023-06-03T20:57:50.846+0000] {processor.py:179} INFO - Processing /home/airflow/.local/lib/python3.7/site-packages/airflow/example_dags/example_params_trigger_ui.py took 0.121 seconds
[2023-06-03T20:58:21.062+0000] {processor.py:157} INFO - Started process (PID=16607) to work on /home/airflow/.local/lib/python3.7/site-packages/airflow/example_dags/example_params_trigger_ui.py
[2023-06-03T20:58:21.063+0000] {processor.py:826} INFO - Processing file /home/airflow/.local/lib/python3.7/site-packages/airflow/example_dags/example_params_trigger_ui.py for tasks to queue
[2023-06-03T20:58:21.064+0000] {logging_mixin.py:149} INFO - [2023-06-03T20:58:21.064+0000] {dagbag.py:541} INFO - Filling up the DagBag from /home/airflow/.local/lib/python3.7/site-packages/airflow/example_dags/example_params_trigger_ui.py
[2023-06-03T20:58:21.079+0000] {processor.py:836} INFO - DAG(s) dict_keys(['example_params_trigger_ui']) retrieved from /home/airflow/.local/lib/python3.7/site-packages/airflow/example_dags/example_params_trigger_ui.py
[2023-06-03T20:58:21.143+0000] {logging_mixin.py:149} INFO - [2023-06-03T20:58:21.143+0000] {dag.py:2726} INFO - Sync 1 DAGs
[2023-06-03T20:58:21.161+0000] {logging_mixin.py:149} INFO - [2023-06-03T20:58:21.161+0000] {dag.py:3490} INFO - Setting next_dagrun for example_params_trigger_ui to None, run_after=None
[2023-06-03T20:58:21.177+0000] {processor.py:179} INFO - Processing /home/airflow/.local/lib/python3.7/site-packages/airflow/example_dags/example_params_trigger_ui.py took 0.117 seconds
[2023-06-03T20:58:51.453+0000] {processor.py:157} INFO - Started process (PID=16859) to work on /home/airflow/.local/lib/python3.7/site-packages/airflow/example_dags/example_params_trigger_ui.py
[2023-06-03T20:58:51.454+0000] {processor.py:826} INFO - Processing file /home/airflow/.local/lib/python3.7/site-packages/airflow/example_dags/example_params_trigger_ui.py for tasks to queue
[2023-06-03T20:58:51.456+0000] {logging_mixin.py:149} INFO - [2023-06-03T20:58:51.455+0000] {dagbag.py:541} INFO - Filling up the DagBag from /home/airflow/.local/lib/python3.7/site-packages/airflow/example_dags/example_params_trigger_ui.py
[2023-06-03T20:58:51.471+0000] {processor.py:836} INFO - DAG(s) dict_keys(['example_params_trigger_ui']) retrieved from /home/airflow/.local/lib/python3.7/site-packages/airflow/example_dags/example_params_trigger_ui.py
[2023-06-03T20:58:51.538+0000] {logging_mixin.py:149} INFO - [2023-06-03T20:58:51.538+0000] {dag.py:2726} INFO - Sync 1 DAGs
[2023-06-03T20:58:51.555+0000] {logging_mixin.py:149} INFO - [2023-06-03T20:58:51.555+0000] {dag.py:3490} INFO - Setting next_dagrun for example_params_trigger_ui to None, run_after=None
[2023-06-03T20:58:51.572+0000] {processor.py:179} INFO - Processing /home/airflow/.local/lib/python3.7/site-packages/airflow/example_dags/example_params_trigger_ui.py took 0.121 seconds
[2023-06-03T20:59:22.344+0000] {processor.py:157} INFO - Started process (PID=17113) to work on /home/airflow/.local/lib/python3.7/site-packages/airflow/example_dags/example_params_trigger_ui.py
[2023-06-03T20:59:22.345+0000] {processor.py:826} INFO - Processing file /home/airflow/.local/lib/python3.7/site-packages/airflow/example_dags/example_params_trigger_ui.py for tasks to queue
[2023-06-03T20:59:22.346+0000] {logging_mixin.py:149} INFO - [2023-06-03T20:59:22.346+0000] {dagbag.py:541} INFO - Filling up the DagBag from /home/airflow/.local/lib/python3.7/site-packages/airflow/example_dags/example_params_trigger_ui.py
[2023-06-03T20:59:22.361+0000] {processor.py:836} INFO - DAG(s) dict_keys(['example_params_trigger_ui']) retrieved from /home/airflow/.local/lib/python3.7/site-packages/airflow/example_dags/example_params_trigger_ui.py
[2023-06-03T20:59:22.423+0000] {logging_mixin.py:149} INFO - [2023-06-03T20:59:22.423+0000] {dag.py:2726} INFO - Sync 1 DAGs
[2023-06-03T20:59:22.446+0000] {logging_mixin.py:149} INFO - [2023-06-03T20:59:22.446+0000] {dag.py:3490} INFO - Setting next_dagrun for example_params_trigger_ui to None, run_after=None
[2023-06-03T20:59:22.462+0000] {processor.py:179} INFO - Processing /home/airflow/.local/lib/python3.7/site-packages/airflow/example_dags/example_params_trigger_ui.py took 0.121 seconds
[2023-06-03T20:59:53.419+0000] {processor.py:157} INFO - Started process (PID=17363) to work on /home/airflow/.local/lib/python3.7/site-packages/airflow/example_dags/example_params_trigger_ui.py
[2023-06-03T20:59:53.420+0000] {processor.py:826} INFO - Processing file /home/airflow/.local/lib/python3.7/site-packages/airflow/example_dags/example_params_trigger_ui.py for tasks to queue
[2023-06-03T20:59:53.421+0000] {logging_mixin.py:149} INFO - [2023-06-03T20:59:53.421+0000] {dagbag.py:541} INFO - Filling up the DagBag from /home/airflow/.local/lib/python3.7/site-packages/airflow/example_dags/example_params_trigger_ui.py
[2023-06-03T20:59:53.439+0000] {processor.py:836} INFO - DAG(s) dict_keys(['example_params_trigger_ui']) retrieved from /home/airflow/.local/lib/python3.7/site-packages/airflow/example_dags/example_params_trigger_ui.py
[2023-06-03T20:59:53.501+0000] {logging_mixin.py:149} INFO - [2023-06-03T20:59:53.501+0000] {dag.py:2726} INFO - Sync 1 DAGs
[2023-06-03T20:59:53.540+0000] {logging_mixin.py:149} INFO - [2023-06-03T20:59:53.540+0000] {dag.py:3490} INFO - Setting next_dagrun for example_params_trigger_ui to None, run_after=None
[2023-06-03T20:59:53.558+0000] {processor.py:179} INFO - Processing /home/airflow/.local/lib/python3.7/site-packages/airflow/example_dags/example_params_trigger_ui.py took 0.141 seconds
[2023-06-03T21:00:23.824+0000] {processor.py:157} INFO - Started process (PID=17617) to work on /home/airflow/.local/lib/python3.7/site-packages/airflow/example_dags/example_params_trigger_ui.py
[2023-06-03T21:00:23.825+0000] {processor.py:826} INFO - Processing file /home/airflow/.local/lib/python3.7/site-packages/airflow/example_dags/example_params_trigger_ui.py for tasks to queue
[2023-06-03T21:00:23.826+0000] {logging_mixin.py:149} INFO - [2023-06-03T21:00:23.826+0000] {dagbag.py:541} INFO - Filling up the DagBag from /home/airflow/.local/lib/python3.7/site-packages/airflow/example_dags/example_params_trigger_ui.py
[2023-06-03T21:00:23.842+0000] {processor.py:836} INFO - DAG(s) dict_keys(['example_params_trigger_ui']) retrieved from /home/airflow/.local/lib/python3.7/site-packages/airflow/example_dags/example_params_trigger_ui.py
[2023-06-03T21:00:23.904+0000] {logging_mixin.py:149} INFO - [2023-06-03T21:00:23.904+0000] {dag.py:2726} INFO - Sync 1 DAGs
[2023-06-03T21:00:23.921+0000] {logging_mixin.py:149} INFO - [2023-06-03T21:00:23.921+0000] {dag.py:3490} INFO - Setting next_dagrun for example_params_trigger_ui to None, run_after=None
[2023-06-03T21:00:23.939+0000] {processor.py:179} INFO - Processing /home/airflow/.local/lib/python3.7/site-packages/airflow/example_dags/example_params_trigger_ui.py took 0.117 seconds
[2023-06-03T21:00:55.229+0000] {processor.py:157} INFO - Started process (PID=17867) to work on /home/airflow/.local/lib/python3.7/site-packages/airflow/example_dags/example_params_trigger_ui.py
[2023-06-03T21:00:55.231+0000] {processor.py:826} INFO - Processing file /home/airflow/.local/lib/python3.7/site-packages/airflow/example_dags/example_params_trigger_ui.py for tasks to queue
[2023-06-03T21:00:55.233+0000] {logging_mixin.py:149} INFO - [2023-06-03T21:00:55.232+0000] {dagbag.py:541} INFO - Filling up the DagBag from /home/airflow/.local/lib/python3.7/site-packages/airflow/example_dags/example_params_trigger_ui.py
[2023-06-03T21:00:55.262+0000] {processor.py:836} INFO - DAG(s) dict_keys(['example_params_trigger_ui']) retrieved from /home/airflow/.local/lib/python3.7/site-packages/airflow/example_dags/example_params_trigger_ui.py
[2023-06-03T21:00:55.379+0000] {logging_mixin.py:149} INFO - [2023-06-03T21:00:55.379+0000] {dag.py:2726} INFO - Sync 1 DAGs
[2023-06-03T21:00:55.454+0000] {logging_mixin.py:149} INFO - [2023-06-03T21:00:55.454+0000] {dag.py:3490} INFO - Setting next_dagrun for example_params_trigger_ui to None, run_after=None
[2023-06-03T21:00:55.486+0000] {processor.py:179} INFO - Processing /home/airflow/.local/lib/python3.7/site-packages/airflow/example_dags/example_params_trigger_ui.py took 0.260 seconds
