[2023-06-03T20:25:43.462+0000] {processor.py:157} INFO - Started process (PID=262) to work on /home/airflow/.local/lib/python3.7/site-packages/airflow/example_dags/example_time_delta_sensor_async.py
[2023-06-03T20:25:43.463+0000] {processor.py:826} INFO - Processing file /home/airflow/.local/lib/python3.7/site-packages/airflow/example_dags/example_time_delta_sensor_async.py for tasks to queue
[2023-06-03T20:25:43.465+0000] {logging_mixin.py:149} INFO - [2023-06-03T20:25:43.465+0000] {dagbag.py:541} INFO - Filling up the DagBag from /home/airflow/.local/lib/python3.7/site-packages/airflow/example_dags/example_time_delta_sensor_async.py
[2023-06-03T20:25:43.469+0000] {processor.py:836} INFO - DAG(s) dict_keys(['example_time_delta_sensor_async']) retrieved from /home/airflow/.local/lib/python3.7/site-packages/airflow/example_dags/example_time_delta_sensor_async.py
[2023-06-03T20:25:43.481+0000] {logging_mixin.py:149} INFO - [2023-06-03T20:25:43.480+0000] {dag.py:2726} INFO - Sync 1 DAGs
[2023-06-03T20:25:43.501+0000] {logging_mixin.py:149} INFO - [2023-06-03T20:25:43.501+0000] {dag.py:3490} INFO - Setting next_dagrun for example_time_delta_sensor_async to None, run_after=None
[2023-06-03T20:25:43.518+0000] {processor.py:179} INFO - Processing /home/airflow/.local/lib/python3.7/site-packages/airflow/example_dags/example_time_delta_sensor_async.py took 0.058 seconds
[2023-06-03T20:26:14.226+0000] {processor.py:157} INFO - Started process (PID=514) to work on /home/airflow/.local/lib/python3.7/site-packages/airflow/example_dags/example_time_delta_sensor_async.py
[2023-06-03T20:26:14.228+0000] {processor.py:826} INFO - Processing file /home/airflow/.local/lib/python3.7/site-packages/airflow/example_dags/example_time_delta_sensor_async.py for tasks to queue
[2023-06-03T20:26:14.230+0000] {logging_mixin.py:149} INFO - [2023-06-03T20:26:14.230+0000] {dagbag.py:541} INFO - Filling up the DagBag from /home/airflow/.local/lib/python3.7/site-packages/airflow/example_dags/example_time_delta_sensor_async.py
[2023-06-03T20:26:14.233+0000] {processor.py:836} INFO - DAG(s) dict_keys(['example_time_delta_sensor_async']) retrieved from /home/airflow/.local/lib/python3.7/site-packages/airflow/example_dags/example_time_delta_sensor_async.py
[2023-06-03T20:26:14.250+0000] {logging_mixin.py:149} INFO - [2023-06-03T20:26:14.250+0000] {dag.py:2726} INFO - Sync 1 DAGs
[2023-06-03T20:26:14.341+0000] {logging_mixin.py:149} INFO - [2023-06-03T20:26:14.341+0000] {dag.py:3490} INFO - Setting next_dagrun for example_time_delta_sensor_async to None, run_after=None
[2023-06-03T20:26:14.364+0000] {processor.py:179} INFO - Processing /home/airflow/.local/lib/python3.7/site-packages/airflow/example_dags/example_time_delta_sensor_async.py took 0.140 seconds
[2023-06-03T20:26:44.586+0000] {processor.py:157} INFO - Started process (PID=771) to work on /home/airflow/.local/lib/python3.7/site-packages/airflow/example_dags/example_time_delta_sensor_async.py
[2023-06-03T20:26:44.587+0000] {processor.py:826} INFO - Processing file /home/airflow/.local/lib/python3.7/site-packages/airflow/example_dags/example_time_delta_sensor_async.py for tasks to queue
[2023-06-03T20:26:44.588+0000] {logging_mixin.py:149} INFO - [2023-06-03T20:26:44.588+0000] {dagbag.py:541} INFO - Filling up the DagBag from /home/airflow/.local/lib/python3.7/site-packages/airflow/example_dags/example_time_delta_sensor_async.py
[2023-06-03T20:26:44.591+0000] {processor.py:836} INFO - DAG(s) dict_keys(['example_time_delta_sensor_async']) retrieved from /home/airflow/.local/lib/python3.7/site-packages/airflow/example_dags/example_time_delta_sensor_async.py
[2023-06-03T20:26:44.607+0000] {logging_mixin.py:149} INFO - [2023-06-03T20:26:44.607+0000] {dag.py:2726} INFO - Sync 1 DAGs
[2023-06-03T20:26:44.627+0000] {logging_mixin.py:149} INFO - [2023-06-03T20:26:44.626+0000] {dag.py:3490} INFO - Setting next_dagrun for example_time_delta_sensor_async to None, run_after=None
[2023-06-03T20:26:44.642+0000] {processor.py:179} INFO - Processing /home/airflow/.local/lib/python3.7/site-packages/airflow/example_dags/example_time_delta_sensor_async.py took 0.058 seconds
[2023-06-03T20:27:15.395+0000] {processor.py:157} INFO - Started process (PID=1020) to work on /home/airflow/.local/lib/python3.7/site-packages/airflow/example_dags/example_time_delta_sensor_async.py
[2023-06-03T20:27:15.397+0000] {processor.py:826} INFO - Processing file /home/airflow/.local/lib/python3.7/site-packages/airflow/example_dags/example_time_delta_sensor_async.py for tasks to queue
[2023-06-03T20:27:15.398+0000] {logging_mixin.py:149} INFO - [2023-06-03T20:27:15.398+0000] {dagbag.py:541} INFO - Filling up the DagBag from /home/airflow/.local/lib/python3.7/site-packages/airflow/example_dags/example_time_delta_sensor_async.py
[2023-06-03T20:27:15.401+0000] {processor.py:836} INFO - DAG(s) dict_keys(['example_time_delta_sensor_async']) retrieved from /home/airflow/.local/lib/python3.7/site-packages/airflow/example_dags/example_time_delta_sensor_async.py
[2023-06-03T20:27:15.417+0000] {logging_mixin.py:149} INFO - [2023-06-03T20:27:15.417+0000] {dag.py:2726} INFO - Sync 1 DAGs
[2023-06-03T20:27:15.434+0000] {logging_mixin.py:149} INFO - [2023-06-03T20:27:15.434+0000] {dag.py:3490} INFO - Setting next_dagrun for example_time_delta_sensor_async to None, run_after=None
[2023-06-03T20:27:15.449+0000] {processor.py:179} INFO - Processing /home/airflow/.local/lib/python3.7/site-packages/airflow/example_dags/example_time_delta_sensor_async.py took 0.056 seconds
[2023-06-03T20:27:45.667+0000] {processor.py:157} INFO - Started process (PID=1272) to work on /home/airflow/.local/lib/python3.7/site-packages/airflow/example_dags/example_time_delta_sensor_async.py
[2023-06-03T20:27:45.668+0000] {processor.py:826} INFO - Processing file /home/airflow/.local/lib/python3.7/site-packages/airflow/example_dags/example_time_delta_sensor_async.py for tasks to queue
[2023-06-03T20:27:45.669+0000] {logging_mixin.py:149} INFO - [2023-06-03T20:27:45.669+0000] {dagbag.py:541} INFO - Filling up the DagBag from /home/airflow/.local/lib/python3.7/site-packages/airflow/example_dags/example_time_delta_sensor_async.py
[2023-06-03T20:27:45.673+0000] {processor.py:836} INFO - DAG(s) dict_keys(['example_time_delta_sensor_async']) retrieved from /home/airflow/.local/lib/python3.7/site-packages/airflow/example_dags/example_time_delta_sensor_async.py
[2023-06-03T20:27:45.689+0000] {logging_mixin.py:149} INFO - [2023-06-03T20:27:45.689+0000] {dag.py:2726} INFO - Sync 1 DAGs
[2023-06-03T20:27:45.706+0000] {logging_mixin.py:149} INFO - [2023-06-03T20:27:45.706+0000] {dag.py:3490} INFO - Setting next_dagrun for example_time_delta_sensor_async to None, run_after=None
[2023-06-03T20:27:45.722+0000] {processor.py:179} INFO - Processing /home/airflow/.local/lib/python3.7/site-packages/airflow/example_dags/example_time_delta_sensor_async.py took 0.056 seconds
[2023-06-03T20:28:15.999+0000] {processor.py:157} INFO - Started process (PID=1529) to work on /home/airflow/.local/lib/python3.7/site-packages/airflow/example_dags/example_time_delta_sensor_async.py
[2023-06-03T20:28:16.001+0000] {processor.py:826} INFO - Processing file /home/airflow/.local/lib/python3.7/site-packages/airflow/example_dags/example_time_delta_sensor_async.py for tasks to queue
[2023-06-03T20:28:16.004+0000] {logging_mixin.py:149} INFO - [2023-06-03T20:28:16.004+0000] {dagbag.py:541} INFO - Filling up the DagBag from /home/airflow/.local/lib/python3.7/site-packages/airflow/example_dags/example_time_delta_sensor_async.py
[2023-06-03T20:28:16.008+0000] {processor.py:836} INFO - DAG(s) dict_keys(['example_time_delta_sensor_async']) retrieved from /home/airflow/.local/lib/python3.7/site-packages/airflow/example_dags/example_time_delta_sensor_async.py
[2023-06-03T20:28:16.032+0000] {logging_mixin.py:149} INFO - [2023-06-03T20:28:16.031+0000] {dag.py:2726} INFO - Sync 1 DAGs
[2023-06-03T20:28:16.054+0000] {logging_mixin.py:149} INFO - [2023-06-03T20:28:16.053+0000] {dag.py:3490} INFO - Setting next_dagrun for example_time_delta_sensor_async to None, run_after=None
[2023-06-03T20:28:16.076+0000] {processor.py:179} INFO - Processing /home/airflow/.local/lib/python3.7/site-packages/airflow/example_dags/example_time_delta_sensor_async.py took 0.080 seconds
[2023-06-03T20:28:46.109+0000] {processor.py:157} INFO - Started process (PID=1780) to work on /home/airflow/.local/lib/python3.7/site-packages/airflow/example_dags/example_time_delta_sensor_async.py
[2023-06-03T20:28:46.111+0000] {processor.py:826} INFO - Processing file /home/airflow/.local/lib/python3.7/site-packages/airflow/example_dags/example_time_delta_sensor_async.py for tasks to queue
[2023-06-03T20:28:46.112+0000] {logging_mixin.py:149} INFO - [2023-06-03T20:28:46.112+0000] {dagbag.py:541} INFO - Filling up the DagBag from /home/airflow/.local/lib/python3.7/site-packages/airflow/example_dags/example_time_delta_sensor_async.py
[2023-06-03T20:28:46.115+0000] {processor.py:836} INFO - DAG(s) dict_keys(['example_time_delta_sensor_async']) retrieved from /home/airflow/.local/lib/python3.7/site-packages/airflow/example_dags/example_time_delta_sensor_async.py
[2023-06-03T20:28:46.135+0000] {logging_mixin.py:149} INFO - [2023-06-03T20:28:46.135+0000] {dag.py:2726} INFO - Sync 1 DAGs
[2023-06-03T20:28:46.153+0000] {logging_mixin.py:149} INFO - [2023-06-03T20:28:46.153+0000] {dag.py:3490} INFO - Setting next_dagrun for example_time_delta_sensor_async to None, run_after=None
[2023-06-03T20:28:46.170+0000] {processor.py:179} INFO - Processing /home/airflow/.local/lib/python3.7/site-packages/airflow/example_dags/example_time_delta_sensor_async.py took 0.063 seconds
[2023-06-03T20:29:16.529+0000] {processor.py:157} INFO - Started process (PID=2032) to work on /home/airflow/.local/lib/python3.7/site-packages/airflow/example_dags/example_time_delta_sensor_async.py
[2023-06-03T20:29:16.530+0000] {processor.py:826} INFO - Processing file /home/airflow/.local/lib/python3.7/site-packages/airflow/example_dags/example_time_delta_sensor_async.py for tasks to queue
[2023-06-03T20:29:16.531+0000] {logging_mixin.py:149} INFO - [2023-06-03T20:29:16.531+0000] {dagbag.py:541} INFO - Filling up the DagBag from /home/airflow/.local/lib/python3.7/site-packages/airflow/example_dags/example_time_delta_sensor_async.py
[2023-06-03T20:29:16.534+0000] {processor.py:836} INFO - DAG(s) dict_keys(['example_time_delta_sensor_async']) retrieved from /home/airflow/.local/lib/python3.7/site-packages/airflow/example_dags/example_time_delta_sensor_async.py
[2023-06-03T20:29:16.553+0000] {logging_mixin.py:149} INFO - [2023-06-03T20:29:16.553+0000] {dag.py:2726} INFO - Sync 1 DAGs
[2023-06-03T20:29:16.570+0000] {logging_mixin.py:149} INFO - [2023-06-03T20:29:16.570+0000] {dag.py:3490} INFO - Setting next_dagrun for example_time_delta_sensor_async to None, run_after=None
[2023-06-03T20:29:16.586+0000] {processor.py:179} INFO - Processing /home/airflow/.local/lib/python3.7/site-packages/airflow/example_dags/example_time_delta_sensor_async.py took 0.059 seconds
[2023-06-03T20:29:46.879+0000] {processor.py:157} INFO - Started process (PID=2284) to work on /home/airflow/.local/lib/python3.7/site-packages/airflow/example_dags/example_time_delta_sensor_async.py
[2023-06-03T20:29:46.881+0000] {processor.py:826} INFO - Processing file /home/airflow/.local/lib/python3.7/site-packages/airflow/example_dags/example_time_delta_sensor_async.py for tasks to queue
[2023-06-03T20:29:46.882+0000] {logging_mixin.py:149} INFO - [2023-06-03T20:29:46.882+0000] {dagbag.py:541} INFO - Filling up the DagBag from /home/airflow/.local/lib/python3.7/site-packages/airflow/example_dags/example_time_delta_sensor_async.py
[2023-06-03T20:29:46.887+0000] {processor.py:836} INFO - DAG(s) dict_keys(['example_time_delta_sensor_async']) retrieved from /home/airflow/.local/lib/python3.7/site-packages/airflow/example_dags/example_time_delta_sensor_async.py
[2023-06-03T20:29:46.905+0000] {logging_mixin.py:149} INFO - [2023-06-03T20:29:46.905+0000] {dag.py:2726} INFO - Sync 1 DAGs
[2023-06-03T20:29:46.922+0000] {logging_mixin.py:149} INFO - [2023-06-03T20:29:46.922+0000] {dag.py:3490} INFO - Setting next_dagrun for example_time_delta_sensor_async to None, run_after=None
[2023-06-03T20:29:46.938+0000] {processor.py:179} INFO - Processing /home/airflow/.local/lib/python3.7/site-packages/airflow/example_dags/example_time_delta_sensor_async.py took 0.062 seconds
[2023-06-03T20:30:17.807+0000] {processor.py:157} INFO - Started process (PID=2531) to work on /home/airflow/.local/lib/python3.7/site-packages/airflow/example_dags/example_time_delta_sensor_async.py
[2023-06-03T20:30:17.809+0000] {processor.py:826} INFO - Processing file /home/airflow/.local/lib/python3.7/site-packages/airflow/example_dags/example_time_delta_sensor_async.py for tasks to queue
[2023-06-03T20:30:17.810+0000] {logging_mixin.py:149} INFO - [2023-06-03T20:30:17.810+0000] {dagbag.py:541} INFO - Filling up the DagBag from /home/airflow/.local/lib/python3.7/site-packages/airflow/example_dags/example_time_delta_sensor_async.py
[2023-06-03T20:30:17.814+0000] {processor.py:836} INFO - DAG(s) dict_keys(['example_time_delta_sensor_async']) retrieved from /home/airflow/.local/lib/python3.7/site-packages/airflow/example_dags/example_time_delta_sensor_async.py
[2023-06-03T20:30:17.836+0000] {logging_mixin.py:149} INFO - [2023-06-03T20:30:17.836+0000] {dag.py:2726} INFO - Sync 1 DAGs
[2023-06-03T20:30:17.860+0000] {logging_mixin.py:149} INFO - [2023-06-03T20:30:17.860+0000] {dag.py:3490} INFO - Setting next_dagrun for example_time_delta_sensor_async to None, run_after=None
[2023-06-03T20:30:17.890+0000] {processor.py:179} INFO - Processing /home/airflow/.local/lib/python3.7/site-packages/airflow/example_dags/example_time_delta_sensor_async.py took 0.086 seconds
[2023-06-03T20:30:48.305+0000] {processor.py:157} INFO - Started process (PID=2783) to work on /home/airflow/.local/lib/python3.7/site-packages/airflow/example_dags/example_time_delta_sensor_async.py
[2023-06-03T20:30:48.307+0000] {processor.py:826} INFO - Processing file /home/airflow/.local/lib/python3.7/site-packages/airflow/example_dags/example_time_delta_sensor_async.py for tasks to queue
[2023-06-03T20:30:48.308+0000] {logging_mixin.py:149} INFO - [2023-06-03T20:30:48.307+0000] {dagbag.py:541} INFO - Filling up the DagBag from /home/airflow/.local/lib/python3.7/site-packages/airflow/example_dags/example_time_delta_sensor_async.py
[2023-06-03T20:30:48.311+0000] {processor.py:836} INFO - DAG(s) dict_keys(['example_time_delta_sensor_async']) retrieved from /home/airflow/.local/lib/python3.7/site-packages/airflow/example_dags/example_time_delta_sensor_async.py
[2023-06-03T20:30:48.329+0000] {logging_mixin.py:149} INFO - [2023-06-03T20:30:48.329+0000] {dag.py:2726} INFO - Sync 1 DAGs
[2023-06-03T20:30:48.353+0000] {logging_mixin.py:149} INFO - [2023-06-03T20:30:48.353+0000] {dag.py:3490} INFO - Setting next_dagrun for example_time_delta_sensor_async to None, run_after=None
[2023-06-03T20:30:48.371+0000] {processor.py:179} INFO - Processing /home/airflow/.local/lib/python3.7/site-packages/airflow/example_dags/example_time_delta_sensor_async.py took 0.068 seconds
[2023-06-03T20:31:18.691+0000] {processor.py:157} INFO - Started process (PID=3035) to work on /home/airflow/.local/lib/python3.7/site-packages/airflow/example_dags/example_time_delta_sensor_async.py
[2023-06-03T20:31:18.692+0000] {processor.py:826} INFO - Processing file /home/airflow/.local/lib/python3.7/site-packages/airflow/example_dags/example_time_delta_sensor_async.py for tasks to queue
[2023-06-03T20:31:18.693+0000] {logging_mixin.py:149} INFO - [2023-06-03T20:31:18.693+0000] {dagbag.py:541} INFO - Filling up the DagBag from /home/airflow/.local/lib/python3.7/site-packages/airflow/example_dags/example_time_delta_sensor_async.py
[2023-06-03T20:31:18.696+0000] {processor.py:836} INFO - DAG(s) dict_keys(['example_time_delta_sensor_async']) retrieved from /home/airflow/.local/lib/python3.7/site-packages/airflow/example_dags/example_time_delta_sensor_async.py
[2023-06-03T20:31:18.714+0000] {logging_mixin.py:149} INFO - [2023-06-03T20:31:18.713+0000] {dag.py:2726} INFO - Sync 1 DAGs
[2023-06-03T20:31:18.730+0000] {logging_mixin.py:149} INFO - [2023-06-03T20:31:18.730+0000] {dag.py:3490} INFO - Setting next_dagrun for example_time_delta_sensor_async to None, run_after=None
[2023-06-03T20:31:18.747+0000] {processor.py:179} INFO - Processing /home/airflow/.local/lib/python3.7/site-packages/airflow/example_dags/example_time_delta_sensor_async.py took 0.058 seconds
[2023-06-03T20:31:49.945+0000] {processor.py:157} INFO - Started process (PID=3287) to work on /home/airflow/.local/lib/python3.7/site-packages/airflow/example_dags/example_time_delta_sensor_async.py
[2023-06-03T20:31:49.947+0000] {processor.py:826} INFO - Processing file /home/airflow/.local/lib/python3.7/site-packages/airflow/example_dags/example_time_delta_sensor_async.py for tasks to queue
[2023-06-03T20:31:49.949+0000] {logging_mixin.py:149} INFO - [2023-06-03T20:31:49.949+0000] {dagbag.py:541} INFO - Filling up the DagBag from /home/airflow/.local/lib/python3.7/site-packages/airflow/example_dags/example_time_delta_sensor_async.py
[2023-06-03T20:31:49.954+0000] {processor.py:836} INFO - DAG(s) dict_keys(['example_time_delta_sensor_async']) retrieved from /home/airflow/.local/lib/python3.7/site-packages/airflow/example_dags/example_time_delta_sensor_async.py
[2023-06-03T20:31:49.974+0000] {logging_mixin.py:149} INFO - [2023-06-03T20:31:49.974+0000] {dag.py:2726} INFO - Sync 1 DAGs
[2023-06-03T20:31:49.991+0000] {logging_mixin.py:149} INFO - [2023-06-03T20:31:49.991+0000] {dag.py:3490} INFO - Setting next_dagrun for example_time_delta_sensor_async to None, run_after=None
[2023-06-03T20:31:50.007+0000] {processor.py:179} INFO - Processing /home/airflow/.local/lib/python3.7/site-packages/airflow/example_dags/example_time_delta_sensor_async.py took 0.066 seconds
[2023-06-03T20:32:20.354+0000] {processor.py:157} INFO - Started process (PID=3677) to work on /home/airflow/.local/lib/python3.7/site-packages/airflow/example_dags/example_time_delta_sensor_async.py
[2023-06-03T20:32:20.355+0000] {processor.py:826} INFO - Processing file /home/airflow/.local/lib/python3.7/site-packages/airflow/example_dags/example_time_delta_sensor_async.py for tasks to queue
[2023-06-03T20:32:20.356+0000] {logging_mixin.py:149} INFO - [2023-06-03T20:32:20.356+0000] {dagbag.py:541} INFO - Filling up the DagBag from /home/airflow/.local/lib/python3.7/site-packages/airflow/example_dags/example_time_delta_sensor_async.py
[2023-06-03T20:32:20.359+0000] {processor.py:836} INFO - DAG(s) dict_keys(['example_time_delta_sensor_async']) retrieved from /home/airflow/.local/lib/python3.7/site-packages/airflow/example_dags/example_time_delta_sensor_async.py
[2023-06-03T20:32:20.379+0000] {logging_mixin.py:149} INFO - [2023-06-03T20:32:20.379+0000] {dag.py:2726} INFO - Sync 1 DAGs
[2023-06-03T20:32:20.397+0000] {logging_mixin.py:149} INFO - [2023-06-03T20:32:20.397+0000] {dag.py:3490} INFO - Setting next_dagrun for example_time_delta_sensor_async to None, run_after=None
[2023-06-03T20:32:20.415+0000] {processor.py:179} INFO - Processing /home/airflow/.local/lib/python3.7/site-packages/airflow/example_dags/example_time_delta_sensor_async.py took 0.063 seconds
[2023-06-03T20:32:51.488+0000] {processor.py:157} INFO - Started process (PID=3929) to work on /home/airflow/.local/lib/python3.7/site-packages/airflow/example_dags/example_time_delta_sensor_async.py
[2023-06-03T20:32:51.489+0000] {processor.py:826} INFO - Processing file /home/airflow/.local/lib/python3.7/site-packages/airflow/example_dags/example_time_delta_sensor_async.py for tasks to queue
[2023-06-03T20:32:51.490+0000] {logging_mixin.py:149} INFO - [2023-06-03T20:32:51.490+0000] {dagbag.py:541} INFO - Filling up the DagBag from /home/airflow/.local/lib/python3.7/site-packages/airflow/example_dags/example_time_delta_sensor_async.py
[2023-06-03T20:32:51.493+0000] {processor.py:836} INFO - DAG(s) dict_keys(['example_time_delta_sensor_async']) retrieved from /home/airflow/.local/lib/python3.7/site-packages/airflow/example_dags/example_time_delta_sensor_async.py
[2023-06-03T20:32:51.510+0000] {logging_mixin.py:149} INFO - [2023-06-03T20:32:51.510+0000] {dag.py:2726} INFO - Sync 1 DAGs
[2023-06-03T20:32:51.528+0000] {logging_mixin.py:149} INFO - [2023-06-03T20:32:51.528+0000] {dag.py:3490} INFO - Setting next_dagrun for example_time_delta_sensor_async to None, run_after=None
[2023-06-03T20:32:51.545+0000] {processor.py:179} INFO - Processing /home/airflow/.local/lib/python3.7/site-packages/airflow/example_dags/example_time_delta_sensor_async.py took 0.060 seconds
[2023-06-03T20:33:21.804+0000] {processor.py:157} INFO - Started process (PID=4181) to work on /home/airflow/.local/lib/python3.7/site-packages/airflow/example_dags/example_time_delta_sensor_async.py
[2023-06-03T20:33:21.805+0000] {processor.py:826} INFO - Processing file /home/airflow/.local/lib/python3.7/site-packages/airflow/example_dags/example_time_delta_sensor_async.py for tasks to queue
[2023-06-03T20:33:21.806+0000] {logging_mixin.py:149} INFO - [2023-06-03T20:33:21.806+0000] {dagbag.py:541} INFO - Filling up the DagBag from /home/airflow/.local/lib/python3.7/site-packages/airflow/example_dags/example_time_delta_sensor_async.py
[2023-06-03T20:33:21.809+0000] {processor.py:836} INFO - DAG(s) dict_keys(['example_time_delta_sensor_async']) retrieved from /home/airflow/.local/lib/python3.7/site-packages/airflow/example_dags/example_time_delta_sensor_async.py
[2023-06-03T20:33:21.829+0000] {logging_mixin.py:149} INFO - [2023-06-03T20:33:21.828+0000] {dag.py:2726} INFO - Sync 1 DAGs
[2023-06-03T20:33:21.848+0000] {logging_mixin.py:149} INFO - [2023-06-03T20:33:21.847+0000] {dag.py:3490} INFO - Setting next_dagrun for example_time_delta_sensor_async to None, run_after=None
[2023-06-03T20:33:21.866+0000] {processor.py:179} INFO - Processing /home/airflow/.local/lib/python3.7/site-packages/airflow/example_dags/example_time_delta_sensor_async.py took 0.065 seconds
[2023-06-03T20:33:52.731+0000] {processor.py:157} INFO - Started process (PID=4433) to work on /home/airflow/.local/lib/python3.7/site-packages/airflow/example_dags/example_time_delta_sensor_async.py
[2023-06-03T20:33:52.733+0000] {processor.py:826} INFO - Processing file /home/airflow/.local/lib/python3.7/site-packages/airflow/example_dags/example_time_delta_sensor_async.py for tasks to queue
[2023-06-03T20:33:52.733+0000] {logging_mixin.py:149} INFO - [2023-06-03T20:33:52.733+0000] {dagbag.py:541} INFO - Filling up the DagBag from /home/airflow/.local/lib/python3.7/site-packages/airflow/example_dags/example_time_delta_sensor_async.py
[2023-06-03T20:33:52.737+0000] {processor.py:836} INFO - DAG(s) dict_keys(['example_time_delta_sensor_async']) retrieved from /home/airflow/.local/lib/python3.7/site-packages/airflow/example_dags/example_time_delta_sensor_async.py
[2023-06-03T20:33:52.754+0000] {logging_mixin.py:149} INFO - [2023-06-03T20:33:52.754+0000] {dag.py:2726} INFO - Sync 1 DAGs
[2023-06-03T20:33:52.771+0000] {logging_mixin.py:149} INFO - [2023-06-03T20:33:52.771+0000] {dag.py:3490} INFO - Setting next_dagrun for example_time_delta_sensor_async to None, run_after=None
[2023-06-03T20:33:52.789+0000] {processor.py:179} INFO - Processing /home/airflow/.local/lib/python3.7/site-packages/airflow/example_dags/example_time_delta_sensor_async.py took 0.060 seconds
[2023-06-03T20:34:23.217+0000] {processor.py:157} INFO - Started process (PID=4682) to work on /home/airflow/.local/lib/python3.7/site-packages/airflow/example_dags/example_time_delta_sensor_async.py
[2023-06-03T20:34:23.218+0000] {processor.py:826} INFO - Processing file /home/airflow/.local/lib/python3.7/site-packages/airflow/example_dags/example_time_delta_sensor_async.py for tasks to queue
[2023-06-03T20:34:23.220+0000] {logging_mixin.py:149} INFO - [2023-06-03T20:34:23.220+0000] {dagbag.py:541} INFO - Filling up the DagBag from /home/airflow/.local/lib/python3.7/site-packages/airflow/example_dags/example_time_delta_sensor_async.py
[2023-06-03T20:34:23.225+0000] {processor.py:836} INFO - DAG(s) dict_keys(['example_time_delta_sensor_async']) retrieved from /home/airflow/.local/lib/python3.7/site-packages/airflow/example_dags/example_time_delta_sensor_async.py
[2023-06-03T20:34:23.243+0000] {logging_mixin.py:149} INFO - [2023-06-03T20:34:23.243+0000] {dag.py:2726} INFO - Sync 1 DAGs
[2023-06-03T20:34:23.259+0000] {logging_mixin.py:149} INFO - [2023-06-03T20:34:23.259+0000] {dag.py:3490} INFO - Setting next_dagrun for example_time_delta_sensor_async to None, run_after=None
[2023-06-03T20:34:23.275+0000] {processor.py:179} INFO - Processing /home/airflow/.local/lib/python3.7/site-packages/airflow/example_dags/example_time_delta_sensor_async.py took 0.062 seconds
[2023-06-03T20:34:53.564+0000] {processor.py:157} INFO - Started process (PID=4932) to work on /home/airflow/.local/lib/python3.7/site-packages/airflow/example_dags/example_time_delta_sensor_async.py
[2023-06-03T20:34:53.564+0000] {processor.py:826} INFO - Processing file /home/airflow/.local/lib/python3.7/site-packages/airflow/example_dags/example_time_delta_sensor_async.py for tasks to queue
[2023-06-03T20:34:53.565+0000] {logging_mixin.py:149} INFO - [2023-06-03T20:34:53.565+0000] {dagbag.py:541} INFO - Filling up the DagBag from /home/airflow/.local/lib/python3.7/site-packages/airflow/example_dags/example_time_delta_sensor_async.py
[2023-06-03T20:34:53.568+0000] {processor.py:836} INFO - DAG(s) dict_keys(['example_time_delta_sensor_async']) retrieved from /home/airflow/.local/lib/python3.7/site-packages/airflow/example_dags/example_time_delta_sensor_async.py
[2023-06-03T20:34:53.585+0000] {logging_mixin.py:149} INFO - [2023-06-03T20:34:53.585+0000] {dag.py:2726} INFO - Sync 1 DAGs
[2023-06-03T20:34:53.602+0000] {logging_mixin.py:149} INFO - [2023-06-03T20:34:53.601+0000] {dag.py:3490} INFO - Setting next_dagrun for example_time_delta_sensor_async to None, run_after=None
[2023-06-03T20:34:53.616+0000] {processor.py:179} INFO - Processing /home/airflow/.local/lib/python3.7/site-packages/airflow/example_dags/example_time_delta_sensor_async.py took 0.055 seconds
[2023-06-03T20:35:24.171+0000] {processor.py:157} INFO - Started process (PID=5186) to work on /home/airflow/.local/lib/python3.7/site-packages/airflow/example_dags/example_time_delta_sensor_async.py
[2023-06-03T20:35:24.172+0000] {processor.py:826} INFO - Processing file /home/airflow/.local/lib/python3.7/site-packages/airflow/example_dags/example_time_delta_sensor_async.py for tasks to queue
[2023-06-03T20:35:24.173+0000] {logging_mixin.py:149} INFO - [2023-06-03T20:35:24.173+0000] {dagbag.py:541} INFO - Filling up the DagBag from /home/airflow/.local/lib/python3.7/site-packages/airflow/example_dags/example_time_delta_sensor_async.py
[2023-06-03T20:35:24.177+0000] {processor.py:836} INFO - DAG(s) dict_keys(['example_time_delta_sensor_async']) retrieved from /home/airflow/.local/lib/python3.7/site-packages/airflow/example_dags/example_time_delta_sensor_async.py
[2023-06-03T20:35:24.193+0000] {logging_mixin.py:149} INFO - [2023-06-03T20:35:24.193+0000] {dag.py:2726} INFO - Sync 1 DAGs
[2023-06-03T20:35:24.211+0000] {logging_mixin.py:149} INFO - [2023-06-03T20:35:24.211+0000] {dag.py:3490} INFO - Setting next_dagrun for example_time_delta_sensor_async to None, run_after=None
[2023-06-03T20:35:24.227+0000] {processor.py:179} INFO - Processing /home/airflow/.local/lib/python3.7/site-packages/airflow/example_dags/example_time_delta_sensor_async.py took 0.058 seconds
[2023-06-03T20:35:54.992+0000] {processor.py:157} INFO - Started process (PID=5441) to work on /home/airflow/.local/lib/python3.7/site-packages/airflow/example_dags/example_time_delta_sensor_async.py
[2023-06-03T20:35:54.993+0000] {processor.py:826} INFO - Processing file /home/airflow/.local/lib/python3.7/site-packages/airflow/example_dags/example_time_delta_sensor_async.py for tasks to queue
[2023-06-03T20:35:54.994+0000] {logging_mixin.py:149} INFO - [2023-06-03T20:35:54.994+0000] {dagbag.py:541} INFO - Filling up the DagBag from /home/airflow/.local/lib/python3.7/site-packages/airflow/example_dags/example_time_delta_sensor_async.py
[2023-06-03T20:35:54.997+0000] {processor.py:836} INFO - DAG(s) dict_keys(['example_time_delta_sensor_async']) retrieved from /home/airflow/.local/lib/python3.7/site-packages/airflow/example_dags/example_time_delta_sensor_async.py
[2023-06-03T20:35:55.017+0000] {logging_mixin.py:149} INFO - [2023-06-03T20:35:55.016+0000] {dag.py:2726} INFO - Sync 1 DAGs
[2023-06-03T20:35:55.034+0000] {logging_mixin.py:149} INFO - [2023-06-03T20:35:55.034+0000] {dag.py:3490} INFO - Setting next_dagrun for example_time_delta_sensor_async to None, run_after=None
[2023-06-03T20:35:55.052+0000] {processor.py:179} INFO - Processing /home/airflow/.local/lib/python3.7/site-packages/airflow/example_dags/example_time_delta_sensor_async.py took 0.063 seconds
[2023-06-03T20:36:25.580+0000] {processor.py:157} INFO - Started process (PID=5693) to work on /home/airflow/.local/lib/python3.7/site-packages/airflow/example_dags/example_time_delta_sensor_async.py
[2023-06-03T20:36:25.581+0000] {processor.py:826} INFO - Processing file /home/airflow/.local/lib/python3.7/site-packages/airflow/example_dags/example_time_delta_sensor_async.py for tasks to queue
[2023-06-03T20:36:25.582+0000] {logging_mixin.py:149} INFO - [2023-06-03T20:36:25.582+0000] {dagbag.py:541} INFO - Filling up the DagBag from /home/airflow/.local/lib/python3.7/site-packages/airflow/example_dags/example_time_delta_sensor_async.py
[2023-06-03T20:36:25.585+0000] {processor.py:836} INFO - DAG(s) dict_keys(['example_time_delta_sensor_async']) retrieved from /home/airflow/.local/lib/python3.7/site-packages/airflow/example_dags/example_time_delta_sensor_async.py
[2023-06-03T20:36:25.603+0000] {logging_mixin.py:149} INFO - [2023-06-03T20:36:25.603+0000] {dag.py:2726} INFO - Sync 1 DAGs
[2023-06-03T20:36:25.620+0000] {logging_mixin.py:149} INFO - [2023-06-03T20:36:25.620+0000] {dag.py:3490} INFO - Setting next_dagrun for example_time_delta_sensor_async to None, run_after=None
[2023-06-03T20:36:25.638+0000] {processor.py:179} INFO - Processing /home/airflow/.local/lib/python3.7/site-packages/airflow/example_dags/example_time_delta_sensor_async.py took 0.061 seconds
[2023-06-03T20:36:56.024+0000] {processor.py:157} INFO - Started process (PID=5945) to work on /home/airflow/.local/lib/python3.7/site-packages/airflow/example_dags/example_time_delta_sensor_async.py
[2023-06-03T20:36:56.025+0000] {processor.py:826} INFO - Processing file /home/airflow/.local/lib/python3.7/site-packages/airflow/example_dags/example_time_delta_sensor_async.py for tasks to queue
[2023-06-03T20:36:56.026+0000] {logging_mixin.py:149} INFO - [2023-06-03T20:36:56.026+0000] {dagbag.py:541} INFO - Filling up the DagBag from /home/airflow/.local/lib/python3.7/site-packages/airflow/example_dags/example_time_delta_sensor_async.py
[2023-06-03T20:36:56.030+0000] {processor.py:836} INFO - DAG(s) dict_keys(['example_time_delta_sensor_async']) retrieved from /home/airflow/.local/lib/python3.7/site-packages/airflow/example_dags/example_time_delta_sensor_async.py
[2023-06-03T20:36:56.047+0000] {logging_mixin.py:149} INFO - [2023-06-03T20:36:56.047+0000] {dag.py:2726} INFO - Sync 1 DAGs
[2023-06-03T20:36:56.065+0000] {logging_mixin.py:149} INFO - [2023-06-03T20:36:56.065+0000] {dag.py:3490} INFO - Setting next_dagrun for example_time_delta_sensor_async to None, run_after=None
[2023-06-03T20:36:56.083+0000] {processor.py:179} INFO - Processing /home/airflow/.local/lib/python3.7/site-packages/airflow/example_dags/example_time_delta_sensor_async.py took 0.061 seconds
[2023-06-03T20:37:26.911+0000] {processor.py:157} INFO - Started process (PID=6197) to work on /home/airflow/.local/lib/python3.7/site-packages/airflow/example_dags/example_time_delta_sensor_async.py
[2023-06-03T20:37:26.913+0000] {processor.py:826} INFO - Processing file /home/airflow/.local/lib/python3.7/site-packages/airflow/example_dags/example_time_delta_sensor_async.py for tasks to queue
[2023-06-03T20:37:26.914+0000] {logging_mixin.py:149} INFO - [2023-06-03T20:37:26.914+0000] {dagbag.py:541} INFO - Filling up the DagBag from /home/airflow/.local/lib/python3.7/site-packages/airflow/example_dags/example_time_delta_sensor_async.py
[2023-06-03T20:37:26.917+0000] {processor.py:836} INFO - DAG(s) dict_keys(['example_time_delta_sensor_async']) retrieved from /home/airflow/.local/lib/python3.7/site-packages/airflow/example_dags/example_time_delta_sensor_async.py
[2023-06-03T20:37:26.940+0000] {logging_mixin.py:149} INFO - [2023-06-03T20:37:26.940+0000] {dag.py:2726} INFO - Sync 1 DAGs
[2023-06-03T20:37:26.960+0000] {logging_mixin.py:149} INFO - [2023-06-03T20:37:26.959+0000] {dag.py:3490} INFO - Setting next_dagrun for example_time_delta_sensor_async to None, run_after=None
[2023-06-03T20:37:26.980+0000] {processor.py:179} INFO - Processing /home/airflow/.local/lib/python3.7/site-packages/airflow/example_dags/example_time_delta_sensor_async.py took 0.071 seconds
[2023-06-03T20:37:57.486+0000] {processor.py:157} INFO - Started process (PID=6449) to work on /home/airflow/.local/lib/python3.7/site-packages/airflow/example_dags/example_time_delta_sensor_async.py
[2023-06-03T20:37:57.487+0000] {processor.py:826} INFO - Processing file /home/airflow/.local/lib/python3.7/site-packages/airflow/example_dags/example_time_delta_sensor_async.py for tasks to queue
[2023-06-03T20:37:57.488+0000] {logging_mixin.py:149} INFO - [2023-06-03T20:37:57.488+0000] {dagbag.py:541} INFO - Filling up the DagBag from /home/airflow/.local/lib/python3.7/site-packages/airflow/example_dags/example_time_delta_sensor_async.py
[2023-06-03T20:37:57.491+0000] {processor.py:836} INFO - DAG(s) dict_keys(['example_time_delta_sensor_async']) retrieved from /home/airflow/.local/lib/python3.7/site-packages/airflow/example_dags/example_time_delta_sensor_async.py
[2023-06-03T20:37:57.510+0000] {logging_mixin.py:149} INFO - [2023-06-03T20:37:57.509+0000] {dag.py:2726} INFO - Sync 1 DAGs
[2023-06-03T20:37:57.527+0000] {logging_mixin.py:149} INFO - [2023-06-03T20:37:57.527+0000] {dag.py:3490} INFO - Setting next_dagrun for example_time_delta_sensor_async to None, run_after=None
[2023-06-03T20:37:57.543+0000] {processor.py:179} INFO - Processing /home/airflow/.local/lib/python3.7/site-packages/airflow/example_dags/example_time_delta_sensor_async.py took 0.060 seconds
[2023-06-03T20:38:27.774+0000] {processor.py:157} INFO - Started process (PID=6701) to work on /home/airflow/.local/lib/python3.7/site-packages/airflow/example_dags/example_time_delta_sensor_async.py
[2023-06-03T20:38:27.775+0000] {processor.py:826} INFO - Processing file /home/airflow/.local/lib/python3.7/site-packages/airflow/example_dags/example_time_delta_sensor_async.py for tasks to queue
[2023-06-03T20:38:27.776+0000] {logging_mixin.py:149} INFO - [2023-06-03T20:38:27.776+0000] {dagbag.py:541} INFO - Filling up the DagBag from /home/airflow/.local/lib/python3.7/site-packages/airflow/example_dags/example_time_delta_sensor_async.py
[2023-06-03T20:38:27.779+0000] {processor.py:836} INFO - DAG(s) dict_keys(['example_time_delta_sensor_async']) retrieved from /home/airflow/.local/lib/python3.7/site-packages/airflow/example_dags/example_time_delta_sensor_async.py
[2023-06-03T20:38:27.796+0000] {logging_mixin.py:149} INFO - [2023-06-03T20:38:27.795+0000] {dag.py:2726} INFO - Sync 1 DAGs
[2023-06-03T20:38:27.816+0000] {logging_mixin.py:149} INFO - [2023-06-03T20:38:27.816+0000] {dag.py:3490} INFO - Setting next_dagrun for example_time_delta_sensor_async to None, run_after=None
[2023-06-03T20:38:27.831+0000] {processor.py:179} INFO - Processing /home/airflow/.local/lib/python3.7/site-packages/airflow/example_dags/example_time_delta_sensor_async.py took 0.059 seconds
[2023-06-03T20:38:58.100+0000] {processor.py:157} INFO - Started process (PID=6953) to work on /home/airflow/.local/lib/python3.7/site-packages/airflow/example_dags/example_time_delta_sensor_async.py
[2023-06-03T20:38:58.101+0000] {processor.py:826} INFO - Processing file /home/airflow/.local/lib/python3.7/site-packages/airflow/example_dags/example_time_delta_sensor_async.py for tasks to queue
[2023-06-03T20:38:58.102+0000] {logging_mixin.py:149} INFO - [2023-06-03T20:38:58.102+0000] {dagbag.py:541} INFO - Filling up the DagBag from /home/airflow/.local/lib/python3.7/site-packages/airflow/example_dags/example_time_delta_sensor_async.py
[2023-06-03T20:38:58.105+0000] {processor.py:836} INFO - DAG(s) dict_keys(['example_time_delta_sensor_async']) retrieved from /home/airflow/.local/lib/python3.7/site-packages/airflow/example_dags/example_time_delta_sensor_async.py
[2023-06-03T20:38:58.121+0000] {logging_mixin.py:149} INFO - [2023-06-03T20:38:58.121+0000] {dag.py:2726} INFO - Sync 1 DAGs
[2023-06-03T20:38:58.138+0000] {logging_mixin.py:149} INFO - [2023-06-03T20:38:58.138+0000] {dag.py:3490} INFO - Setting next_dagrun for example_time_delta_sensor_async to None, run_after=None
[2023-06-03T20:38:58.153+0000] {processor.py:179} INFO - Processing /home/airflow/.local/lib/python3.7/site-packages/airflow/example_dags/example_time_delta_sensor_async.py took 0.056 seconds
[2023-06-03T20:39:28.327+0000] {processor.py:157} INFO - Started process (PID=7205) to work on /home/airflow/.local/lib/python3.7/site-packages/airflow/example_dags/example_time_delta_sensor_async.py
[2023-06-03T20:39:28.328+0000] {processor.py:826} INFO - Processing file /home/airflow/.local/lib/python3.7/site-packages/airflow/example_dags/example_time_delta_sensor_async.py for tasks to queue
[2023-06-03T20:39:28.329+0000] {logging_mixin.py:149} INFO - [2023-06-03T20:39:28.329+0000] {dagbag.py:541} INFO - Filling up the DagBag from /home/airflow/.local/lib/python3.7/site-packages/airflow/example_dags/example_time_delta_sensor_async.py
[2023-06-03T20:39:28.332+0000] {processor.py:836} INFO - DAG(s) dict_keys(['example_time_delta_sensor_async']) retrieved from /home/airflow/.local/lib/python3.7/site-packages/airflow/example_dags/example_time_delta_sensor_async.py
[2023-06-03T20:39:28.350+0000] {logging_mixin.py:149} INFO - [2023-06-03T20:39:28.350+0000] {dag.py:2726} INFO - Sync 1 DAGs
[2023-06-03T20:39:28.369+0000] {logging_mixin.py:149} INFO - [2023-06-03T20:39:28.369+0000] {dag.py:3490} INFO - Setting next_dagrun for example_time_delta_sensor_async to None, run_after=None
[2023-06-03T20:39:28.385+0000] {processor.py:179} INFO - Processing /home/airflow/.local/lib/python3.7/site-packages/airflow/example_dags/example_time_delta_sensor_async.py took 0.060 seconds
[2023-06-03T20:39:58.634+0000] {processor.py:157} INFO - Started process (PID=7457) to work on /home/airflow/.local/lib/python3.7/site-packages/airflow/example_dags/example_time_delta_sensor_async.py
[2023-06-03T20:39:58.635+0000] {processor.py:826} INFO - Processing file /home/airflow/.local/lib/python3.7/site-packages/airflow/example_dags/example_time_delta_sensor_async.py for tasks to queue
[2023-06-03T20:39:58.636+0000] {logging_mixin.py:149} INFO - [2023-06-03T20:39:58.636+0000] {dagbag.py:541} INFO - Filling up the DagBag from /home/airflow/.local/lib/python3.7/site-packages/airflow/example_dags/example_time_delta_sensor_async.py
[2023-06-03T20:39:58.639+0000] {processor.py:836} INFO - DAG(s) dict_keys(['example_time_delta_sensor_async']) retrieved from /home/airflow/.local/lib/python3.7/site-packages/airflow/example_dags/example_time_delta_sensor_async.py
[2023-06-03T20:39:58.658+0000] {logging_mixin.py:149} INFO - [2023-06-03T20:39:58.658+0000] {dag.py:2726} INFO - Sync 1 DAGs
[2023-06-03T20:39:58.675+0000] {logging_mixin.py:149} INFO - [2023-06-03T20:39:58.675+0000] {dag.py:3490} INFO - Setting next_dagrun for example_time_delta_sensor_async to None, run_after=None
[2023-06-03T20:39:58.691+0000] {processor.py:179} INFO - Processing /home/airflow/.local/lib/python3.7/site-packages/airflow/example_dags/example_time_delta_sensor_async.py took 0.059 seconds
[2023-06-03T20:40:28.919+0000] {processor.py:157} INFO - Started process (PID=7709) to work on /home/airflow/.local/lib/python3.7/site-packages/airflow/example_dags/example_time_delta_sensor_async.py
[2023-06-03T20:40:28.921+0000] {processor.py:826} INFO - Processing file /home/airflow/.local/lib/python3.7/site-packages/airflow/example_dags/example_time_delta_sensor_async.py for tasks to queue
[2023-06-03T20:40:28.922+0000] {logging_mixin.py:149} INFO - [2023-06-03T20:40:28.922+0000] {dagbag.py:541} INFO - Filling up the DagBag from /home/airflow/.local/lib/python3.7/site-packages/airflow/example_dags/example_time_delta_sensor_async.py
[2023-06-03T20:40:28.925+0000] {processor.py:836} INFO - DAG(s) dict_keys(['example_time_delta_sensor_async']) retrieved from /home/airflow/.local/lib/python3.7/site-packages/airflow/example_dags/example_time_delta_sensor_async.py
[2023-06-03T20:40:28.945+0000] {logging_mixin.py:149} INFO - [2023-06-03T20:40:28.945+0000] {dag.py:2726} INFO - Sync 1 DAGs
[2023-06-03T20:40:28.963+0000] {logging_mixin.py:149} INFO - [2023-06-03T20:40:28.963+0000] {dag.py:3490} INFO - Setting next_dagrun for example_time_delta_sensor_async to None, run_after=None
[2023-06-03T20:40:28.980+0000] {processor.py:179} INFO - Processing /home/airflow/.local/lib/python3.7/site-packages/airflow/example_dags/example_time_delta_sensor_async.py took 0.064 seconds
[2023-06-03T20:40:59.909+0000] {processor.py:157} INFO - Started process (PID=7961) to work on /home/airflow/.local/lib/python3.7/site-packages/airflow/example_dags/example_time_delta_sensor_async.py
[2023-06-03T20:40:59.910+0000] {processor.py:826} INFO - Processing file /home/airflow/.local/lib/python3.7/site-packages/airflow/example_dags/example_time_delta_sensor_async.py for tasks to queue
[2023-06-03T20:40:59.911+0000] {logging_mixin.py:149} INFO - [2023-06-03T20:40:59.911+0000] {dagbag.py:541} INFO - Filling up the DagBag from /home/airflow/.local/lib/python3.7/site-packages/airflow/example_dags/example_time_delta_sensor_async.py
[2023-06-03T20:40:59.914+0000] {processor.py:836} INFO - DAG(s) dict_keys(['example_time_delta_sensor_async']) retrieved from /home/airflow/.local/lib/python3.7/site-packages/airflow/example_dags/example_time_delta_sensor_async.py
[2023-06-03T20:40:59.932+0000] {logging_mixin.py:149} INFO - [2023-06-03T20:40:59.932+0000] {dag.py:2726} INFO - Sync 1 DAGs
[2023-06-03T20:40:59.949+0000] {logging_mixin.py:149} INFO - [2023-06-03T20:40:59.949+0000] {dag.py:3490} INFO - Setting next_dagrun for example_time_delta_sensor_async to None, run_after=None
[2023-06-03T20:40:59.972+0000] {processor.py:179} INFO - Processing /home/airflow/.local/lib/python3.7/site-packages/airflow/example_dags/example_time_delta_sensor_async.py took 0.065 seconds
[2023-06-03T20:41:30.230+0000] {processor.py:157} INFO - Started process (PID=8213) to work on /home/airflow/.local/lib/python3.7/site-packages/airflow/example_dags/example_time_delta_sensor_async.py
[2023-06-03T20:41:30.231+0000] {processor.py:826} INFO - Processing file /home/airflow/.local/lib/python3.7/site-packages/airflow/example_dags/example_time_delta_sensor_async.py for tasks to queue
[2023-06-03T20:41:30.231+0000] {logging_mixin.py:149} INFO - [2023-06-03T20:41:30.231+0000] {dagbag.py:541} INFO - Filling up the DagBag from /home/airflow/.local/lib/python3.7/site-packages/airflow/example_dags/example_time_delta_sensor_async.py
[2023-06-03T20:41:30.235+0000] {processor.py:836} INFO - DAG(s) dict_keys(['example_time_delta_sensor_async']) retrieved from /home/airflow/.local/lib/python3.7/site-packages/airflow/example_dags/example_time_delta_sensor_async.py
[2023-06-03T20:41:30.253+0000] {logging_mixin.py:149} INFO - [2023-06-03T20:41:30.253+0000] {dag.py:2726} INFO - Sync 1 DAGs
[2023-06-03T20:41:30.272+0000] {logging_mixin.py:149} INFO - [2023-06-03T20:41:30.271+0000] {dag.py:3490} INFO - Setting next_dagrun for example_time_delta_sensor_async to None, run_after=None
[2023-06-03T20:41:30.287+0000] {processor.py:179} INFO - Processing /home/airflow/.local/lib/python3.7/site-packages/airflow/example_dags/example_time_delta_sensor_async.py took 0.059 seconds
[2023-06-03T20:42:00.625+0000] {processor.py:157} INFO - Started process (PID=8467) to work on /home/airflow/.local/lib/python3.7/site-packages/airflow/example_dags/example_time_delta_sensor_async.py
[2023-06-03T20:42:00.626+0000] {processor.py:826} INFO - Processing file /home/airflow/.local/lib/python3.7/site-packages/airflow/example_dags/example_time_delta_sensor_async.py for tasks to queue
[2023-06-03T20:42:00.628+0000] {logging_mixin.py:149} INFO - [2023-06-03T20:42:00.628+0000] {dagbag.py:541} INFO - Filling up the DagBag from /home/airflow/.local/lib/python3.7/site-packages/airflow/example_dags/example_time_delta_sensor_async.py
[2023-06-03T20:42:00.632+0000] {processor.py:836} INFO - DAG(s) dict_keys(['example_time_delta_sensor_async']) retrieved from /home/airflow/.local/lib/python3.7/site-packages/airflow/example_dags/example_time_delta_sensor_async.py
[2023-06-03T20:42:00.650+0000] {logging_mixin.py:149} INFO - [2023-06-03T20:42:00.650+0000] {dag.py:2726} INFO - Sync 1 DAGs
[2023-06-03T20:42:00.677+0000] {logging_mixin.py:149} INFO - [2023-06-03T20:42:00.677+0000] {dag.py:3490} INFO - Setting next_dagrun for example_time_delta_sensor_async to None, run_after=None
[2023-06-03T20:42:00.694+0000] {processor.py:179} INFO - Processing /home/airflow/.local/lib/python3.7/site-packages/airflow/example_dags/example_time_delta_sensor_async.py took 0.071 seconds
[2023-06-03T20:42:31.633+0000] {processor.py:157} INFO - Started process (PID=8717) to work on /home/airflow/.local/lib/python3.7/site-packages/airflow/example_dags/example_time_delta_sensor_async.py
[2023-06-03T20:42:31.634+0000] {processor.py:826} INFO - Processing file /home/airflow/.local/lib/python3.7/site-packages/airflow/example_dags/example_time_delta_sensor_async.py for tasks to queue
[2023-06-03T20:42:31.635+0000] {logging_mixin.py:149} INFO - [2023-06-03T20:42:31.635+0000] {dagbag.py:541} INFO - Filling up the DagBag from /home/airflow/.local/lib/python3.7/site-packages/airflow/example_dags/example_time_delta_sensor_async.py
[2023-06-03T20:42:31.638+0000] {processor.py:836} INFO - DAG(s) dict_keys(['example_time_delta_sensor_async']) retrieved from /home/airflow/.local/lib/python3.7/site-packages/airflow/example_dags/example_time_delta_sensor_async.py
[2023-06-03T20:42:31.656+0000] {logging_mixin.py:149} INFO - [2023-06-03T20:42:31.656+0000] {dag.py:2726} INFO - Sync 1 DAGs
[2023-06-03T20:42:31.673+0000] {logging_mixin.py:149} INFO - [2023-06-03T20:42:31.673+0000] {dag.py:3490} INFO - Setting next_dagrun for example_time_delta_sensor_async to None, run_after=None
[2023-06-03T20:42:31.690+0000] {processor.py:179} INFO - Processing /home/airflow/.local/lib/python3.7/site-packages/airflow/example_dags/example_time_delta_sensor_async.py took 0.059 seconds
[2023-06-03T20:43:01.916+0000] {processor.py:157} INFO - Started process (PID=8969) to work on /home/airflow/.local/lib/python3.7/site-packages/airflow/example_dags/example_time_delta_sensor_async.py
[2023-06-03T20:43:01.918+0000] {processor.py:826} INFO - Processing file /home/airflow/.local/lib/python3.7/site-packages/airflow/example_dags/example_time_delta_sensor_async.py for tasks to queue
[2023-06-03T20:43:01.919+0000] {logging_mixin.py:149} INFO - [2023-06-03T20:43:01.919+0000] {dagbag.py:541} INFO - Filling up the DagBag from /home/airflow/.local/lib/python3.7/site-packages/airflow/example_dags/example_time_delta_sensor_async.py
[2023-06-03T20:43:01.922+0000] {processor.py:836} INFO - DAG(s) dict_keys(['example_time_delta_sensor_async']) retrieved from /home/airflow/.local/lib/python3.7/site-packages/airflow/example_dags/example_time_delta_sensor_async.py
[2023-06-03T20:43:01.986+0000] {logging_mixin.py:149} INFO - [2023-06-03T20:43:01.986+0000] {dag.py:2726} INFO - Sync 1 DAGs
[2023-06-03T20:43:02.005+0000] {logging_mixin.py:149} INFO - [2023-06-03T20:43:02.005+0000] {dag.py:3490} INFO - Setting next_dagrun for example_time_delta_sensor_async to None, run_after=None
[2023-06-03T20:43:02.024+0000] {processor.py:179} INFO - Processing /home/airflow/.local/lib/python3.7/site-packages/airflow/example_dags/example_time_delta_sensor_async.py took 0.110 seconds
[2023-06-03T20:43:32.168+0000] {processor.py:157} INFO - Started process (PID=9216) to work on /home/airflow/.local/lib/python3.7/site-packages/airflow/example_dags/example_time_delta_sensor_async.py
[2023-06-03T20:43:32.169+0000] {processor.py:826} INFO - Processing file /home/airflow/.local/lib/python3.7/site-packages/airflow/example_dags/example_time_delta_sensor_async.py for tasks to queue
[2023-06-03T20:43:32.170+0000] {logging_mixin.py:149} INFO - [2023-06-03T20:43:32.170+0000] {dagbag.py:541} INFO - Filling up the DagBag from /home/airflow/.local/lib/python3.7/site-packages/airflow/example_dags/example_time_delta_sensor_async.py
[2023-06-03T20:43:32.173+0000] {processor.py:836} INFO - DAG(s) dict_keys(['example_time_delta_sensor_async']) retrieved from /home/airflow/.local/lib/python3.7/site-packages/airflow/example_dags/example_time_delta_sensor_async.py
[2023-06-03T20:43:32.190+0000] {logging_mixin.py:149} INFO - [2023-06-03T20:43:32.190+0000] {dag.py:2726} INFO - Sync 1 DAGs
[2023-06-03T20:43:32.208+0000] {logging_mixin.py:149} INFO - [2023-06-03T20:43:32.208+0000] {dag.py:3490} INFO - Setting next_dagrun for example_time_delta_sensor_async to None, run_after=None
[2023-06-03T20:43:32.226+0000] {processor.py:179} INFO - Processing /home/airflow/.local/lib/python3.7/site-packages/airflow/example_dags/example_time_delta_sensor_async.py took 0.060 seconds
[2023-06-03T20:44:03.252+0000] {processor.py:157} INFO - Started process (PID=9473) to work on /home/airflow/.local/lib/python3.7/site-packages/airflow/example_dags/example_time_delta_sensor_async.py
[2023-06-03T20:44:03.253+0000] {processor.py:826} INFO - Processing file /home/airflow/.local/lib/python3.7/site-packages/airflow/example_dags/example_time_delta_sensor_async.py for tasks to queue
[2023-06-03T20:44:03.254+0000] {logging_mixin.py:149} INFO - [2023-06-03T20:44:03.254+0000] {dagbag.py:541} INFO - Filling up the DagBag from /home/airflow/.local/lib/python3.7/site-packages/airflow/example_dags/example_time_delta_sensor_async.py
[2023-06-03T20:44:03.257+0000] {processor.py:836} INFO - DAG(s) dict_keys(['example_time_delta_sensor_async']) retrieved from /home/airflow/.local/lib/python3.7/site-packages/airflow/example_dags/example_time_delta_sensor_async.py
[2023-06-03T20:44:03.276+0000] {logging_mixin.py:149} INFO - [2023-06-03T20:44:03.276+0000] {dag.py:2726} INFO - Sync 1 DAGs
[2023-06-03T20:44:03.292+0000] {logging_mixin.py:149} INFO - [2023-06-03T20:44:03.292+0000] {dag.py:3490} INFO - Setting next_dagrun for example_time_delta_sensor_async to None, run_after=None
[2023-06-03T20:44:03.310+0000] {processor.py:179} INFO - Processing /home/airflow/.local/lib/python3.7/site-packages/airflow/example_dags/example_time_delta_sensor_async.py took 0.060 seconds
[2023-06-03T20:44:34.119+0000] {processor.py:157} INFO - Started process (PID=9725) to work on /home/airflow/.local/lib/python3.7/site-packages/airflow/example_dags/example_time_delta_sensor_async.py
[2023-06-03T20:44:34.121+0000] {processor.py:826} INFO - Processing file /home/airflow/.local/lib/python3.7/site-packages/airflow/example_dags/example_time_delta_sensor_async.py for tasks to queue
[2023-06-03T20:44:34.122+0000] {logging_mixin.py:149} INFO - [2023-06-03T20:44:34.122+0000] {dagbag.py:541} INFO - Filling up the DagBag from /home/airflow/.local/lib/python3.7/site-packages/airflow/example_dags/example_time_delta_sensor_async.py
[2023-06-03T20:44:34.126+0000] {processor.py:836} INFO - DAG(s) dict_keys(['example_time_delta_sensor_async']) retrieved from /home/airflow/.local/lib/python3.7/site-packages/airflow/example_dags/example_time_delta_sensor_async.py
[2023-06-03T20:44:34.145+0000] {logging_mixin.py:149} INFO - [2023-06-03T20:44:34.144+0000] {dag.py:2726} INFO - Sync 1 DAGs
[2023-06-03T20:44:34.161+0000] {logging_mixin.py:149} INFO - [2023-06-03T20:44:34.161+0000] {dag.py:3490} INFO - Setting next_dagrun for example_time_delta_sensor_async to None, run_after=None
[2023-06-03T20:44:34.178+0000] {processor.py:179} INFO - Processing /home/airflow/.local/lib/python3.7/site-packages/airflow/example_dags/example_time_delta_sensor_async.py took 0.061 seconds
[2023-06-03T20:45:05.308+0000] {processor.py:157} INFO - Started process (PID=9977) to work on /home/airflow/.local/lib/python3.7/site-packages/airflow/example_dags/example_time_delta_sensor_async.py
[2023-06-03T20:45:05.309+0000] {processor.py:826} INFO - Processing file /home/airflow/.local/lib/python3.7/site-packages/airflow/example_dags/example_time_delta_sensor_async.py for tasks to queue
[2023-06-03T20:45:05.310+0000] {logging_mixin.py:149} INFO - [2023-06-03T20:45:05.310+0000] {dagbag.py:541} INFO - Filling up the DagBag from /home/airflow/.local/lib/python3.7/site-packages/airflow/example_dags/example_time_delta_sensor_async.py
[2023-06-03T20:45:05.314+0000] {processor.py:836} INFO - DAG(s) dict_keys(['example_time_delta_sensor_async']) retrieved from /home/airflow/.local/lib/python3.7/site-packages/airflow/example_dags/example_time_delta_sensor_async.py
[2023-06-03T20:45:05.331+0000] {logging_mixin.py:149} INFO - [2023-06-03T20:45:05.331+0000] {dag.py:2726} INFO - Sync 1 DAGs
[2023-06-03T20:45:05.352+0000] {logging_mixin.py:149} INFO - [2023-06-03T20:45:05.352+0000] {dag.py:3490} INFO - Setting next_dagrun for example_time_delta_sensor_async to None, run_after=None
[2023-06-03T20:45:05.368+0000] {processor.py:179} INFO - Processing /home/airflow/.local/lib/python3.7/site-packages/airflow/example_dags/example_time_delta_sensor_async.py took 0.062 seconds
[2023-06-03T20:45:35.987+0000] {processor.py:157} INFO - Started process (PID=10229) to work on /home/airflow/.local/lib/python3.7/site-packages/airflow/example_dags/example_time_delta_sensor_async.py
[2023-06-03T20:45:35.988+0000] {processor.py:826} INFO - Processing file /home/airflow/.local/lib/python3.7/site-packages/airflow/example_dags/example_time_delta_sensor_async.py for tasks to queue
[2023-06-03T20:45:35.990+0000] {logging_mixin.py:149} INFO - [2023-06-03T20:45:35.989+0000] {dagbag.py:541} INFO - Filling up the DagBag from /home/airflow/.local/lib/python3.7/site-packages/airflow/example_dags/example_time_delta_sensor_async.py
[2023-06-03T20:45:35.993+0000] {processor.py:836} INFO - DAG(s) dict_keys(['example_time_delta_sensor_async']) retrieved from /home/airflow/.local/lib/python3.7/site-packages/airflow/example_dags/example_time_delta_sensor_async.py
[2023-06-03T20:45:36.013+0000] {logging_mixin.py:149} INFO - [2023-06-03T20:45:36.013+0000] {dag.py:2726} INFO - Sync 1 DAGs
[2023-06-03T20:45:36.032+0000] {logging_mixin.py:149} INFO - [2023-06-03T20:45:36.032+0000] {dag.py:3490} INFO - Setting next_dagrun for example_time_delta_sensor_async to None, run_after=None
[2023-06-03T20:45:36.048+0000] {processor.py:179} INFO - Processing /home/airflow/.local/lib/python3.7/site-packages/airflow/example_dags/example_time_delta_sensor_async.py took 0.064 seconds
[2023-06-03T20:46:06.252+0000] {processor.py:157} INFO - Started process (PID=10481) to work on /home/airflow/.local/lib/python3.7/site-packages/airflow/example_dags/example_time_delta_sensor_async.py
[2023-06-03T20:46:06.253+0000] {processor.py:826} INFO - Processing file /home/airflow/.local/lib/python3.7/site-packages/airflow/example_dags/example_time_delta_sensor_async.py for tasks to queue
[2023-06-03T20:46:06.254+0000] {logging_mixin.py:149} INFO - [2023-06-03T20:46:06.254+0000] {dagbag.py:541} INFO - Filling up the DagBag from /home/airflow/.local/lib/python3.7/site-packages/airflow/example_dags/example_time_delta_sensor_async.py
[2023-06-03T20:46:06.257+0000] {processor.py:836} INFO - DAG(s) dict_keys(['example_time_delta_sensor_async']) retrieved from /home/airflow/.local/lib/python3.7/site-packages/airflow/example_dags/example_time_delta_sensor_async.py
[2023-06-03T20:46:06.275+0000] {logging_mixin.py:149} INFO - [2023-06-03T20:46:06.275+0000] {dag.py:2726} INFO - Sync 1 DAGs
[2023-06-03T20:46:06.293+0000] {logging_mixin.py:149} INFO - [2023-06-03T20:46:06.293+0000] {dag.py:3490} INFO - Setting next_dagrun for example_time_delta_sensor_async to None, run_after=None
[2023-06-03T20:46:06.311+0000] {processor.py:179} INFO - Processing /home/airflow/.local/lib/python3.7/site-packages/airflow/example_dags/example_time_delta_sensor_async.py took 0.061 seconds
[2023-06-03T20:46:37.352+0000] {processor.py:157} INFO - Started process (PID=10733) to work on /home/airflow/.local/lib/python3.7/site-packages/airflow/example_dags/example_time_delta_sensor_async.py
[2023-06-03T20:46:37.353+0000] {processor.py:826} INFO - Processing file /home/airflow/.local/lib/python3.7/site-packages/airflow/example_dags/example_time_delta_sensor_async.py for tasks to queue
[2023-06-03T20:46:37.354+0000] {logging_mixin.py:149} INFO - [2023-06-03T20:46:37.354+0000] {dagbag.py:541} INFO - Filling up the DagBag from /home/airflow/.local/lib/python3.7/site-packages/airflow/example_dags/example_time_delta_sensor_async.py
[2023-06-03T20:46:37.357+0000] {processor.py:836} INFO - DAG(s) dict_keys(['example_time_delta_sensor_async']) retrieved from /home/airflow/.local/lib/python3.7/site-packages/airflow/example_dags/example_time_delta_sensor_async.py
[2023-06-03T20:46:37.375+0000] {logging_mixin.py:149} INFO - [2023-06-03T20:46:37.375+0000] {dag.py:2726} INFO - Sync 1 DAGs
[2023-06-03T20:46:37.392+0000] {logging_mixin.py:149} INFO - [2023-06-03T20:46:37.392+0000] {dag.py:3490} INFO - Setting next_dagrun for example_time_delta_sensor_async to None, run_after=None
[2023-06-03T20:46:37.414+0000] {processor.py:179} INFO - Processing /home/airflow/.local/lib/python3.7/site-packages/airflow/example_dags/example_time_delta_sensor_async.py took 0.063 seconds
[2023-06-03T20:47:07.874+0000] {processor.py:157} INFO - Started process (PID=10990) to work on /home/airflow/.local/lib/python3.7/site-packages/airflow/example_dags/example_time_delta_sensor_async.py
[2023-06-03T20:47:07.875+0000] {processor.py:826} INFO - Processing file /home/airflow/.local/lib/python3.7/site-packages/airflow/example_dags/example_time_delta_sensor_async.py for tasks to queue
[2023-06-03T20:47:07.876+0000] {logging_mixin.py:149} INFO - [2023-06-03T20:47:07.876+0000] {dagbag.py:541} INFO - Filling up the DagBag from /home/airflow/.local/lib/python3.7/site-packages/airflow/example_dags/example_time_delta_sensor_async.py
[2023-06-03T20:47:07.879+0000] {processor.py:836} INFO - DAG(s) dict_keys(['example_time_delta_sensor_async']) retrieved from /home/airflow/.local/lib/python3.7/site-packages/airflow/example_dags/example_time_delta_sensor_async.py
[2023-06-03T20:47:07.898+0000] {logging_mixin.py:149} INFO - [2023-06-03T20:47:07.898+0000] {dag.py:2726} INFO - Sync 1 DAGs
[2023-06-03T20:47:07.917+0000] {logging_mixin.py:149} INFO - [2023-06-03T20:47:07.917+0000] {dag.py:3490} INFO - Setting next_dagrun for example_time_delta_sensor_async to None, run_after=None
[2023-06-03T20:47:07.932+0000] {processor.py:179} INFO - Processing /home/airflow/.local/lib/python3.7/site-packages/airflow/example_dags/example_time_delta_sensor_async.py took 0.060 seconds
[2023-06-03T20:47:38.076+0000] {processor.py:157} INFO - Started process (PID=11237) to work on /home/airflow/.local/lib/python3.7/site-packages/airflow/example_dags/example_time_delta_sensor_async.py
[2023-06-03T20:47:38.077+0000] {processor.py:826} INFO - Processing file /home/airflow/.local/lib/python3.7/site-packages/airflow/example_dags/example_time_delta_sensor_async.py for tasks to queue
[2023-06-03T20:47:38.078+0000] {logging_mixin.py:149} INFO - [2023-06-03T20:47:38.077+0000] {dagbag.py:541} INFO - Filling up the DagBag from /home/airflow/.local/lib/python3.7/site-packages/airflow/example_dags/example_time_delta_sensor_async.py
[2023-06-03T20:47:38.080+0000] {processor.py:836} INFO - DAG(s) dict_keys(['example_time_delta_sensor_async']) retrieved from /home/airflow/.local/lib/python3.7/site-packages/airflow/example_dags/example_time_delta_sensor_async.py
[2023-06-03T20:47:38.097+0000] {logging_mixin.py:149} INFO - [2023-06-03T20:47:38.097+0000] {dag.py:2726} INFO - Sync 1 DAGs
[2023-06-03T20:47:38.115+0000] {logging_mixin.py:149} INFO - [2023-06-03T20:47:38.114+0000] {dag.py:3490} INFO - Setting next_dagrun for example_time_delta_sensor_async to None, run_after=None
[2023-06-03T20:47:38.131+0000] {processor.py:179} INFO - Processing /home/airflow/.local/lib/python3.7/site-packages/airflow/example_dags/example_time_delta_sensor_async.py took 0.057 seconds
[2023-06-03T20:48:08.289+0000] {processor.py:157} INFO - Started process (PID=11484) to work on /home/airflow/.local/lib/python3.7/site-packages/airflow/example_dags/example_time_delta_sensor_async.py
[2023-06-03T20:48:08.291+0000] {processor.py:826} INFO - Processing file /home/airflow/.local/lib/python3.7/site-packages/airflow/example_dags/example_time_delta_sensor_async.py for tasks to queue
[2023-06-03T20:48:08.291+0000] {logging_mixin.py:149} INFO - [2023-06-03T20:48:08.291+0000] {dagbag.py:541} INFO - Filling up the DagBag from /home/airflow/.local/lib/python3.7/site-packages/airflow/example_dags/example_time_delta_sensor_async.py
[2023-06-03T20:48:08.294+0000] {processor.py:836} INFO - DAG(s) dict_keys(['example_time_delta_sensor_async']) retrieved from /home/airflow/.local/lib/python3.7/site-packages/airflow/example_dags/example_time_delta_sensor_async.py
[2023-06-03T20:48:08.311+0000] {logging_mixin.py:149} INFO - [2023-06-03T20:48:08.310+0000] {dag.py:2726} INFO - Sync 1 DAGs
[2023-06-03T20:48:08.327+0000] {logging_mixin.py:149} INFO - [2023-06-03T20:48:08.327+0000] {dag.py:3490} INFO - Setting next_dagrun for example_time_delta_sensor_async to None, run_after=None
[2023-06-03T20:48:08.344+0000] {processor.py:179} INFO - Processing /home/airflow/.local/lib/python3.7/site-packages/airflow/example_dags/example_time_delta_sensor_async.py took 0.057 seconds
[2023-06-03T20:48:38.832+0000] {processor.py:157} INFO - Started process (PID=11738) to work on /home/airflow/.local/lib/python3.7/site-packages/airflow/example_dags/example_time_delta_sensor_async.py
[2023-06-03T20:48:38.833+0000] {processor.py:826} INFO - Processing file /home/airflow/.local/lib/python3.7/site-packages/airflow/example_dags/example_time_delta_sensor_async.py for tasks to queue
[2023-06-03T20:48:38.834+0000] {logging_mixin.py:149} INFO - [2023-06-03T20:48:38.834+0000] {dagbag.py:541} INFO - Filling up the DagBag from /home/airflow/.local/lib/python3.7/site-packages/airflow/example_dags/example_time_delta_sensor_async.py
[2023-06-03T20:48:38.837+0000] {processor.py:836} INFO - DAG(s) dict_keys(['example_time_delta_sensor_async']) retrieved from /home/airflow/.local/lib/python3.7/site-packages/airflow/example_dags/example_time_delta_sensor_async.py
[2023-06-03T20:48:38.855+0000] {logging_mixin.py:149} INFO - [2023-06-03T20:48:38.855+0000] {dag.py:2726} INFO - Sync 1 DAGs
[2023-06-03T20:48:38.872+0000] {logging_mixin.py:149} INFO - [2023-06-03T20:48:38.872+0000] {dag.py:3490} INFO - Setting next_dagrun for example_time_delta_sensor_async to None, run_after=None
[2023-06-03T20:48:38.889+0000] {processor.py:179} INFO - Processing /home/airflow/.local/lib/python3.7/site-packages/airflow/example_dags/example_time_delta_sensor_async.py took 0.059 seconds
[2023-06-03T20:49:09.108+0000] {processor.py:157} INFO - Started process (PID=11990) to work on /home/airflow/.local/lib/python3.7/site-packages/airflow/example_dags/example_time_delta_sensor_async.py
[2023-06-03T20:49:09.110+0000] {processor.py:826} INFO - Processing file /home/airflow/.local/lib/python3.7/site-packages/airflow/example_dags/example_time_delta_sensor_async.py for tasks to queue
[2023-06-03T20:49:09.110+0000] {logging_mixin.py:149} INFO - [2023-06-03T20:49:09.110+0000] {dagbag.py:541} INFO - Filling up the DagBag from /home/airflow/.local/lib/python3.7/site-packages/airflow/example_dags/example_time_delta_sensor_async.py
[2023-06-03T20:49:09.113+0000] {processor.py:836} INFO - DAG(s) dict_keys(['example_time_delta_sensor_async']) retrieved from /home/airflow/.local/lib/python3.7/site-packages/airflow/example_dags/example_time_delta_sensor_async.py
[2023-06-03T20:49:09.131+0000] {logging_mixin.py:149} INFO - [2023-06-03T20:49:09.131+0000] {dag.py:2726} INFO - Sync 1 DAGs
[2023-06-03T20:49:09.151+0000] {logging_mixin.py:149} INFO - [2023-06-03T20:49:09.151+0000] {dag.py:3490} INFO - Setting next_dagrun for example_time_delta_sensor_async to None, run_after=None
[2023-06-03T20:49:09.169+0000] {processor.py:179} INFO - Processing /home/airflow/.local/lib/python3.7/site-packages/airflow/example_dags/example_time_delta_sensor_async.py took 0.063 seconds
[2023-06-03T20:49:39.256+0000] {processor.py:157} INFO - Started process (PID=12240) to work on /home/airflow/.local/lib/python3.7/site-packages/airflow/example_dags/example_time_delta_sensor_async.py
[2023-06-03T20:49:39.257+0000] {processor.py:826} INFO - Processing file /home/airflow/.local/lib/python3.7/site-packages/airflow/example_dags/example_time_delta_sensor_async.py for tasks to queue
[2023-06-03T20:49:39.258+0000] {logging_mixin.py:149} INFO - [2023-06-03T20:49:39.258+0000] {dagbag.py:541} INFO - Filling up the DagBag from /home/airflow/.local/lib/python3.7/site-packages/airflow/example_dags/example_time_delta_sensor_async.py
[2023-06-03T20:49:39.262+0000] {processor.py:836} INFO - DAG(s) dict_keys(['example_time_delta_sensor_async']) retrieved from /home/airflow/.local/lib/python3.7/site-packages/airflow/example_dags/example_time_delta_sensor_async.py
[2023-06-03T20:49:39.279+0000] {logging_mixin.py:149} INFO - [2023-06-03T20:49:39.278+0000] {dag.py:2726} INFO - Sync 1 DAGs
[2023-06-03T20:49:39.296+0000] {logging_mixin.py:149} INFO - [2023-06-03T20:49:39.295+0000] {dag.py:3490} INFO - Setting next_dagrun for example_time_delta_sensor_async to None, run_after=None
[2023-06-03T20:49:39.310+0000] {processor.py:179} INFO - Processing /home/airflow/.local/lib/python3.7/site-packages/airflow/example_dags/example_time_delta_sensor_async.py took 0.056 seconds
[2023-06-03T20:50:10.119+0000] {processor.py:157} INFO - Started process (PID=12497) to work on /home/airflow/.local/lib/python3.7/site-packages/airflow/example_dags/example_time_delta_sensor_async.py
[2023-06-03T20:50:10.120+0000] {processor.py:826} INFO - Processing file /home/airflow/.local/lib/python3.7/site-packages/airflow/example_dags/example_time_delta_sensor_async.py for tasks to queue
[2023-06-03T20:50:10.121+0000] {logging_mixin.py:149} INFO - [2023-06-03T20:50:10.121+0000] {dagbag.py:541} INFO - Filling up the DagBag from /home/airflow/.local/lib/python3.7/site-packages/airflow/example_dags/example_time_delta_sensor_async.py
[2023-06-03T20:50:10.124+0000] {processor.py:836} INFO - DAG(s) dict_keys(['example_time_delta_sensor_async']) retrieved from /home/airflow/.local/lib/python3.7/site-packages/airflow/example_dags/example_time_delta_sensor_async.py
[2023-06-03T20:50:10.142+0000] {logging_mixin.py:149} INFO - [2023-06-03T20:50:10.142+0000] {dag.py:2726} INFO - Sync 1 DAGs
[2023-06-03T20:50:10.159+0000] {logging_mixin.py:149} INFO - [2023-06-03T20:50:10.159+0000] {dag.py:3490} INFO - Setting next_dagrun for example_time_delta_sensor_async to None, run_after=None
[2023-06-03T20:50:10.185+0000] {processor.py:179} INFO - Processing /home/airflow/.local/lib/python3.7/site-packages/airflow/example_dags/example_time_delta_sensor_async.py took 0.068 seconds
[2023-06-03T20:50:41.253+0000] {processor.py:157} INFO - Started process (PID=12749) to work on /home/airflow/.local/lib/python3.7/site-packages/airflow/example_dags/example_time_delta_sensor_async.py
[2023-06-03T20:50:41.254+0000] {processor.py:826} INFO - Processing file /home/airflow/.local/lib/python3.7/site-packages/airflow/example_dags/example_time_delta_sensor_async.py for tasks to queue
[2023-06-03T20:50:41.255+0000] {logging_mixin.py:149} INFO - [2023-06-03T20:50:41.255+0000] {dagbag.py:541} INFO - Filling up the DagBag from /home/airflow/.local/lib/python3.7/site-packages/airflow/example_dags/example_time_delta_sensor_async.py
[2023-06-03T20:50:41.258+0000] {processor.py:836} INFO - DAG(s) dict_keys(['example_time_delta_sensor_async']) retrieved from /home/airflow/.local/lib/python3.7/site-packages/airflow/example_dags/example_time_delta_sensor_async.py
[2023-06-03T20:50:41.274+0000] {logging_mixin.py:149} INFO - [2023-06-03T20:50:41.274+0000] {dag.py:2726} INFO - Sync 1 DAGs
[2023-06-03T20:50:41.292+0000] {logging_mixin.py:149} INFO - [2023-06-03T20:50:41.292+0000] {dag.py:3490} INFO - Setting next_dagrun for example_time_delta_sensor_async to None, run_after=None
[2023-06-03T20:50:41.308+0000] {processor.py:179} INFO - Processing /home/airflow/.local/lib/python3.7/site-packages/airflow/example_dags/example_time_delta_sensor_async.py took 0.058 seconds
[2023-06-03T20:51:11.838+0000] {processor.py:157} INFO - Started process (PID=13009) to work on /home/airflow/.local/lib/python3.7/site-packages/airflow/example_dags/example_time_delta_sensor_async.py
[2023-06-03T20:51:11.839+0000] {processor.py:826} INFO - Processing file /home/airflow/.local/lib/python3.7/site-packages/airflow/example_dags/example_time_delta_sensor_async.py for tasks to queue
[2023-06-03T20:51:11.840+0000] {logging_mixin.py:149} INFO - [2023-06-03T20:51:11.840+0000] {dagbag.py:541} INFO - Filling up the DagBag from /home/airflow/.local/lib/python3.7/site-packages/airflow/example_dags/example_time_delta_sensor_async.py
[2023-06-03T20:51:11.843+0000] {processor.py:836} INFO - DAG(s) dict_keys(['example_time_delta_sensor_async']) retrieved from /home/airflow/.local/lib/python3.7/site-packages/airflow/example_dags/example_time_delta_sensor_async.py
[2023-06-03T20:51:11.860+0000] {logging_mixin.py:149} INFO - [2023-06-03T20:51:11.860+0000] {dag.py:2726} INFO - Sync 1 DAGs
[2023-06-03T20:51:11.877+0000] {logging_mixin.py:149} INFO - [2023-06-03T20:51:11.877+0000] {dag.py:3490} INFO - Setting next_dagrun for example_time_delta_sensor_async to None, run_after=None
[2023-06-03T20:51:11.894+0000] {processor.py:179} INFO - Processing /home/airflow/.local/lib/python3.7/site-packages/airflow/example_dags/example_time_delta_sensor_async.py took 0.058 seconds
[2023-06-03T20:51:42.876+0000] {processor.py:157} INFO - Started process (PID=13261) to work on /home/airflow/.local/lib/python3.7/site-packages/airflow/example_dags/example_time_delta_sensor_async.py
[2023-06-03T20:51:42.878+0000] {processor.py:826} INFO - Processing file /home/airflow/.local/lib/python3.7/site-packages/airflow/example_dags/example_time_delta_sensor_async.py for tasks to queue
[2023-06-03T20:51:42.879+0000] {logging_mixin.py:149} INFO - [2023-06-03T20:51:42.879+0000] {dagbag.py:541} INFO - Filling up the DagBag from /home/airflow/.local/lib/python3.7/site-packages/airflow/example_dags/example_time_delta_sensor_async.py
[2023-06-03T20:51:42.882+0000] {processor.py:836} INFO - DAG(s) dict_keys(['example_time_delta_sensor_async']) retrieved from /home/airflow/.local/lib/python3.7/site-packages/airflow/example_dags/example_time_delta_sensor_async.py
[2023-06-03T20:51:42.901+0000] {logging_mixin.py:149} INFO - [2023-06-03T20:51:42.901+0000] {dag.py:2726} INFO - Sync 1 DAGs
[2023-06-03T20:51:42.918+0000] {logging_mixin.py:149} INFO - [2023-06-03T20:51:42.918+0000] {dag.py:3490} INFO - Setting next_dagrun for example_time_delta_sensor_async to None, run_after=None
[2023-06-03T20:51:42.935+0000] {processor.py:179} INFO - Processing /home/airflow/.local/lib/python3.7/site-packages/airflow/example_dags/example_time_delta_sensor_async.py took 0.061 seconds
[2023-06-03T20:52:13.797+0000] {processor.py:157} INFO - Started process (PID=13513) to work on /home/airflow/.local/lib/python3.7/site-packages/airflow/example_dags/example_time_delta_sensor_async.py
[2023-06-03T20:52:13.798+0000] {processor.py:826} INFO - Processing file /home/airflow/.local/lib/python3.7/site-packages/airflow/example_dags/example_time_delta_sensor_async.py for tasks to queue
[2023-06-03T20:52:13.799+0000] {logging_mixin.py:149} INFO - [2023-06-03T20:52:13.799+0000] {dagbag.py:541} INFO - Filling up the DagBag from /home/airflow/.local/lib/python3.7/site-packages/airflow/example_dags/example_time_delta_sensor_async.py
[2023-06-03T20:52:13.803+0000] {processor.py:836} INFO - DAG(s) dict_keys(['example_time_delta_sensor_async']) retrieved from /home/airflow/.local/lib/python3.7/site-packages/airflow/example_dags/example_time_delta_sensor_async.py
[2023-06-03T20:52:13.820+0000] {logging_mixin.py:149} INFO - [2023-06-03T20:52:13.820+0000] {dag.py:2726} INFO - Sync 1 DAGs
[2023-06-03T20:52:13.838+0000] {logging_mixin.py:149} INFO - [2023-06-03T20:52:13.838+0000] {dag.py:3490} INFO - Setting next_dagrun for example_time_delta_sensor_async to None, run_after=None
[2023-06-03T20:52:13.854+0000] {processor.py:179} INFO - Processing /home/airflow/.local/lib/python3.7/site-packages/airflow/example_dags/example_time_delta_sensor_async.py took 0.059 seconds
[2023-06-03T20:52:44.560+0000] {processor.py:157} INFO - Started process (PID=13765) to work on /home/airflow/.local/lib/python3.7/site-packages/airflow/example_dags/example_time_delta_sensor_async.py
[2023-06-03T20:52:44.562+0000] {processor.py:826} INFO - Processing file /home/airflow/.local/lib/python3.7/site-packages/airflow/example_dags/example_time_delta_sensor_async.py for tasks to queue
[2023-06-03T20:52:44.563+0000] {logging_mixin.py:149} INFO - [2023-06-03T20:52:44.563+0000] {dagbag.py:541} INFO - Filling up the DagBag from /home/airflow/.local/lib/python3.7/site-packages/airflow/example_dags/example_time_delta_sensor_async.py
[2023-06-03T20:52:44.567+0000] {processor.py:836} INFO - DAG(s) dict_keys(['example_time_delta_sensor_async']) retrieved from /home/airflow/.local/lib/python3.7/site-packages/airflow/example_dags/example_time_delta_sensor_async.py
[2023-06-03T20:52:44.589+0000] {logging_mixin.py:149} INFO - [2023-06-03T20:52:44.589+0000] {dag.py:2726} INFO - Sync 1 DAGs
[2023-06-03T20:52:44.606+0000] {logging_mixin.py:149} INFO - [2023-06-03T20:52:44.606+0000] {dag.py:3490} INFO - Setting next_dagrun for example_time_delta_sensor_async to None, run_after=None
[2023-06-03T20:52:44.623+0000] {processor.py:179} INFO - Processing /home/airflow/.local/lib/python3.7/site-packages/airflow/example_dags/example_time_delta_sensor_async.py took 0.068 seconds
[2023-06-03T20:53:15.035+0000] {processor.py:157} INFO - Started process (PID=14017) to work on /home/airflow/.local/lib/python3.7/site-packages/airflow/example_dags/example_time_delta_sensor_async.py
[2023-06-03T20:53:15.036+0000] {processor.py:826} INFO - Processing file /home/airflow/.local/lib/python3.7/site-packages/airflow/example_dags/example_time_delta_sensor_async.py for tasks to queue
[2023-06-03T20:53:15.037+0000] {logging_mixin.py:149} INFO - [2023-06-03T20:53:15.037+0000] {dagbag.py:541} INFO - Filling up the DagBag from /home/airflow/.local/lib/python3.7/site-packages/airflow/example_dags/example_time_delta_sensor_async.py
[2023-06-03T20:53:15.041+0000] {processor.py:836} INFO - DAG(s) dict_keys(['example_time_delta_sensor_async']) retrieved from /home/airflow/.local/lib/python3.7/site-packages/airflow/example_dags/example_time_delta_sensor_async.py
[2023-06-03T20:53:15.058+0000] {logging_mixin.py:149} INFO - [2023-06-03T20:53:15.058+0000] {dag.py:2726} INFO - Sync 1 DAGs
[2023-06-03T20:53:15.076+0000] {logging_mixin.py:149} INFO - [2023-06-03T20:53:15.075+0000] {dag.py:3490} INFO - Setting next_dagrun for example_time_delta_sensor_async to None, run_after=None
[2023-06-03T20:53:15.094+0000] {processor.py:179} INFO - Processing /home/airflow/.local/lib/python3.7/site-packages/airflow/example_dags/example_time_delta_sensor_async.py took 0.061 seconds
[2023-06-03T20:53:45.401+0000] {processor.py:157} INFO - Started process (PID=14269) to work on /home/airflow/.local/lib/python3.7/site-packages/airflow/example_dags/example_time_delta_sensor_async.py
[2023-06-03T20:53:45.402+0000] {processor.py:826} INFO - Processing file /home/airflow/.local/lib/python3.7/site-packages/airflow/example_dags/example_time_delta_sensor_async.py for tasks to queue
[2023-06-03T20:53:45.403+0000] {logging_mixin.py:149} INFO - [2023-06-03T20:53:45.403+0000] {dagbag.py:541} INFO - Filling up the DagBag from /home/airflow/.local/lib/python3.7/site-packages/airflow/example_dags/example_time_delta_sensor_async.py
[2023-06-03T20:53:45.407+0000] {processor.py:836} INFO - DAG(s) dict_keys(['example_time_delta_sensor_async']) retrieved from /home/airflow/.local/lib/python3.7/site-packages/airflow/example_dags/example_time_delta_sensor_async.py
[2023-06-03T20:53:45.425+0000] {logging_mixin.py:149} INFO - [2023-06-03T20:53:45.425+0000] {dag.py:2726} INFO - Sync 1 DAGs
[2023-06-03T20:53:45.443+0000] {logging_mixin.py:149} INFO - [2023-06-03T20:53:45.443+0000] {dag.py:3490} INFO - Setting next_dagrun for example_time_delta_sensor_async to None, run_after=None
[2023-06-03T20:53:45.462+0000] {processor.py:179} INFO - Processing /home/airflow/.local/lib/python3.7/site-packages/airflow/example_dags/example_time_delta_sensor_async.py took 0.063 seconds
[2023-06-03T20:54:16.287+0000] {processor.py:157} INFO - Started process (PID=14523) to work on /home/airflow/.local/lib/python3.7/site-packages/airflow/example_dags/example_time_delta_sensor_async.py
[2023-06-03T20:54:16.288+0000] {processor.py:826} INFO - Processing file /home/airflow/.local/lib/python3.7/site-packages/airflow/example_dags/example_time_delta_sensor_async.py for tasks to queue
[2023-06-03T20:54:16.288+0000] {logging_mixin.py:149} INFO - [2023-06-03T20:54:16.288+0000] {dagbag.py:541} INFO - Filling up the DagBag from /home/airflow/.local/lib/python3.7/site-packages/airflow/example_dags/example_time_delta_sensor_async.py
[2023-06-03T20:54:16.291+0000] {processor.py:836} INFO - DAG(s) dict_keys(['example_time_delta_sensor_async']) retrieved from /home/airflow/.local/lib/python3.7/site-packages/airflow/example_dags/example_time_delta_sensor_async.py
[2023-06-03T20:54:16.308+0000] {logging_mixin.py:149} INFO - [2023-06-03T20:54:16.308+0000] {dag.py:2726} INFO - Sync 1 DAGs
[2023-06-03T20:54:16.328+0000] {logging_mixin.py:149} INFO - [2023-06-03T20:54:16.327+0000] {dag.py:3490} INFO - Setting next_dagrun for example_time_delta_sensor_async to None, run_after=None
[2023-06-03T20:54:16.348+0000] {processor.py:179} INFO - Processing /home/airflow/.local/lib/python3.7/site-packages/airflow/example_dags/example_time_delta_sensor_async.py took 0.063 seconds
[2023-06-03T20:54:46.778+0000] {processor.py:157} INFO - Started process (PID=14773) to work on /home/airflow/.local/lib/python3.7/site-packages/airflow/example_dags/example_time_delta_sensor_async.py
[2023-06-03T20:54:46.779+0000] {processor.py:826} INFO - Processing file /home/airflow/.local/lib/python3.7/site-packages/airflow/example_dags/example_time_delta_sensor_async.py for tasks to queue
[2023-06-03T20:54:46.780+0000] {logging_mixin.py:149} INFO - [2023-06-03T20:54:46.780+0000] {dagbag.py:541} INFO - Filling up the DagBag from /home/airflow/.local/lib/python3.7/site-packages/airflow/example_dags/example_time_delta_sensor_async.py
[2023-06-03T20:54:46.784+0000] {processor.py:836} INFO - DAG(s) dict_keys(['example_time_delta_sensor_async']) retrieved from /home/airflow/.local/lib/python3.7/site-packages/airflow/example_dags/example_time_delta_sensor_async.py
[2023-06-03T20:54:46.802+0000] {logging_mixin.py:149} INFO - [2023-06-03T20:54:46.802+0000] {dag.py:2726} INFO - Sync 1 DAGs
[2023-06-03T20:54:46.819+0000] {logging_mixin.py:149} INFO - [2023-06-03T20:54:46.819+0000] {dag.py:3490} INFO - Setting next_dagrun for example_time_delta_sensor_async to None, run_after=None
[2023-06-03T20:54:46.835+0000] {processor.py:179} INFO - Processing /home/airflow/.local/lib/python3.7/site-packages/airflow/example_dags/example_time_delta_sensor_async.py took 0.060 seconds
[2023-06-03T20:55:17.118+0000] {processor.py:157} INFO - Started process (PID=15025) to work on /home/airflow/.local/lib/python3.7/site-packages/airflow/example_dags/example_time_delta_sensor_async.py
[2023-06-03T20:55:17.119+0000] {processor.py:826} INFO - Processing file /home/airflow/.local/lib/python3.7/site-packages/airflow/example_dags/example_time_delta_sensor_async.py for tasks to queue
[2023-06-03T20:55:17.120+0000] {logging_mixin.py:149} INFO - [2023-06-03T20:55:17.120+0000] {dagbag.py:541} INFO - Filling up the DagBag from /home/airflow/.local/lib/python3.7/site-packages/airflow/example_dags/example_time_delta_sensor_async.py
[2023-06-03T20:55:17.124+0000] {processor.py:836} INFO - DAG(s) dict_keys(['example_time_delta_sensor_async']) retrieved from /home/airflow/.local/lib/python3.7/site-packages/airflow/example_dags/example_time_delta_sensor_async.py
[2023-06-03T20:55:17.142+0000] {logging_mixin.py:149} INFO - [2023-06-03T20:55:17.142+0000] {dag.py:2726} INFO - Sync 1 DAGs
[2023-06-03T20:55:17.159+0000] {logging_mixin.py:149} INFO - [2023-06-03T20:55:17.159+0000] {dag.py:3490} INFO - Setting next_dagrun for example_time_delta_sensor_async to None, run_after=None
[2023-06-03T20:55:17.177+0000] {processor.py:179} INFO - Processing /home/airflow/.local/lib/python3.7/site-packages/airflow/example_dags/example_time_delta_sensor_async.py took 0.061 seconds
[2023-06-03T20:55:47.841+0000] {processor.py:157} INFO - Started process (PID=15277) to work on /home/airflow/.local/lib/python3.7/site-packages/airflow/example_dags/example_time_delta_sensor_async.py
[2023-06-03T20:55:47.842+0000] {processor.py:826} INFO - Processing file /home/airflow/.local/lib/python3.7/site-packages/airflow/example_dags/example_time_delta_sensor_async.py for tasks to queue
[2023-06-03T20:55:47.843+0000] {logging_mixin.py:149} INFO - [2023-06-03T20:55:47.843+0000] {dagbag.py:541} INFO - Filling up the DagBag from /home/airflow/.local/lib/python3.7/site-packages/airflow/example_dags/example_time_delta_sensor_async.py
[2023-06-03T20:55:47.846+0000] {processor.py:836} INFO - DAG(s) dict_keys(['example_time_delta_sensor_async']) retrieved from /home/airflow/.local/lib/python3.7/site-packages/airflow/example_dags/example_time_delta_sensor_async.py
[2023-06-03T20:55:47.864+0000] {logging_mixin.py:149} INFO - [2023-06-03T20:55:47.864+0000] {dag.py:2726} INFO - Sync 1 DAGs
[2023-06-03T20:55:47.883+0000] {logging_mixin.py:149} INFO - [2023-06-03T20:55:47.883+0000] {dag.py:3490} INFO - Setting next_dagrun for example_time_delta_sensor_async to None, run_after=None
[2023-06-03T20:55:47.900+0000] {processor.py:179} INFO - Processing /home/airflow/.local/lib/python3.7/site-packages/airflow/example_dags/example_time_delta_sensor_async.py took 0.062 seconds
[2023-06-03T20:56:18.325+0000] {processor.py:157} INFO - Started process (PID=15529) to work on /home/airflow/.local/lib/python3.7/site-packages/airflow/example_dags/example_time_delta_sensor_async.py
[2023-06-03T20:56:18.327+0000] {processor.py:826} INFO - Processing file /home/airflow/.local/lib/python3.7/site-packages/airflow/example_dags/example_time_delta_sensor_async.py for tasks to queue
[2023-06-03T20:56:18.329+0000] {logging_mixin.py:149} INFO - [2023-06-03T20:56:18.329+0000] {dagbag.py:541} INFO - Filling up the DagBag from /home/airflow/.local/lib/python3.7/site-packages/airflow/example_dags/example_time_delta_sensor_async.py
[2023-06-03T20:56:18.332+0000] {processor.py:836} INFO - DAG(s) dict_keys(['example_time_delta_sensor_async']) retrieved from /home/airflow/.local/lib/python3.7/site-packages/airflow/example_dags/example_time_delta_sensor_async.py
[2023-06-03T20:56:18.387+0000] {logging_mixin.py:149} INFO - [2023-06-03T20:56:18.386+0000] {dag.py:2726} INFO - Sync 1 DAGs
[2023-06-03T20:56:18.405+0000] {logging_mixin.py:149} INFO - [2023-06-03T20:56:18.405+0000] {dag.py:3490} INFO - Setting next_dagrun for example_time_delta_sensor_async to None, run_after=None
[2023-06-03T20:56:18.423+0000] {processor.py:179} INFO - Processing /home/airflow/.local/lib/python3.7/site-packages/airflow/example_dags/example_time_delta_sensor_async.py took 0.101 seconds
[2023-06-03T20:56:48.865+0000] {processor.py:157} INFO - Started process (PID=15781) to work on /home/airflow/.local/lib/python3.7/site-packages/airflow/example_dags/example_time_delta_sensor_async.py
[2023-06-03T20:56:48.866+0000] {processor.py:826} INFO - Processing file /home/airflow/.local/lib/python3.7/site-packages/airflow/example_dags/example_time_delta_sensor_async.py for tasks to queue
[2023-06-03T20:56:48.867+0000] {logging_mixin.py:149} INFO - [2023-06-03T20:56:48.867+0000] {dagbag.py:541} INFO - Filling up the DagBag from /home/airflow/.local/lib/python3.7/site-packages/airflow/example_dags/example_time_delta_sensor_async.py
[2023-06-03T20:56:48.871+0000] {processor.py:836} INFO - DAG(s) dict_keys(['example_time_delta_sensor_async']) retrieved from /home/airflow/.local/lib/python3.7/site-packages/airflow/example_dags/example_time_delta_sensor_async.py
[2023-06-03T20:56:48.888+0000] {logging_mixin.py:149} INFO - [2023-06-03T20:56:48.888+0000] {dag.py:2726} INFO - Sync 1 DAGs
[2023-06-03T20:56:48.907+0000] {logging_mixin.py:149} INFO - [2023-06-03T20:56:48.907+0000] {dag.py:3490} INFO - Setting next_dagrun for example_time_delta_sensor_async to None, run_after=None
[2023-06-03T20:56:48.927+0000] {processor.py:179} INFO - Processing /home/airflow/.local/lib/python3.7/site-packages/airflow/example_dags/example_time_delta_sensor_async.py took 0.064 seconds
[2023-06-03T20:57:19.369+0000] {processor.py:157} INFO - Started process (PID=16033) to work on /home/airflow/.local/lib/python3.7/site-packages/airflow/example_dags/example_time_delta_sensor_async.py
[2023-06-03T20:57:19.370+0000] {processor.py:826} INFO - Processing file /home/airflow/.local/lib/python3.7/site-packages/airflow/example_dags/example_time_delta_sensor_async.py for tasks to queue
[2023-06-03T20:57:19.371+0000] {logging_mixin.py:149} INFO - [2023-06-03T20:57:19.371+0000] {dagbag.py:541} INFO - Filling up the DagBag from /home/airflow/.local/lib/python3.7/site-packages/airflow/example_dags/example_time_delta_sensor_async.py
[2023-06-03T20:57:19.374+0000] {processor.py:836} INFO - DAG(s) dict_keys(['example_time_delta_sensor_async']) retrieved from /home/airflow/.local/lib/python3.7/site-packages/airflow/example_dags/example_time_delta_sensor_async.py
[2023-06-03T20:57:19.391+0000] {logging_mixin.py:149} INFO - [2023-06-03T20:57:19.391+0000] {dag.py:2726} INFO - Sync 1 DAGs
[2023-06-03T20:57:19.409+0000] {logging_mixin.py:149} INFO - [2023-06-03T20:57:19.409+0000] {dag.py:3490} INFO - Setting next_dagrun for example_time_delta_sensor_async to None, run_after=None
[2023-06-03T20:57:19.425+0000] {processor.py:179} INFO - Processing /home/airflow/.local/lib/python3.7/site-packages/airflow/example_dags/example_time_delta_sensor_async.py took 0.058 seconds
[2023-06-03T20:57:49.830+0000] {processor.py:157} INFO - Started process (PID=16285) to work on /home/airflow/.local/lib/python3.7/site-packages/airflow/example_dags/example_time_delta_sensor_async.py
[2023-06-03T20:57:49.832+0000] {processor.py:826} INFO - Processing file /home/airflow/.local/lib/python3.7/site-packages/airflow/example_dags/example_time_delta_sensor_async.py for tasks to queue
[2023-06-03T20:57:49.833+0000] {logging_mixin.py:149} INFO - [2023-06-03T20:57:49.833+0000] {dagbag.py:541} INFO - Filling up the DagBag from /home/airflow/.local/lib/python3.7/site-packages/airflow/example_dags/example_time_delta_sensor_async.py
[2023-06-03T20:57:49.837+0000] {processor.py:836} INFO - DAG(s) dict_keys(['example_time_delta_sensor_async']) retrieved from /home/airflow/.local/lib/python3.7/site-packages/airflow/example_dags/example_time_delta_sensor_async.py
[2023-06-03T20:57:49.855+0000] {logging_mixin.py:149} INFO - [2023-06-03T20:57:49.855+0000] {dag.py:2726} INFO - Sync 1 DAGs
[2023-06-03T20:57:49.880+0000] {logging_mixin.py:149} INFO - [2023-06-03T20:57:49.879+0000] {dag.py:3490} INFO - Setting next_dagrun for example_time_delta_sensor_async to None, run_after=None
[2023-06-03T20:57:49.897+0000] {processor.py:179} INFO - Processing /home/airflow/.local/lib/python3.7/site-packages/airflow/example_dags/example_time_delta_sensor_async.py took 0.069 seconds
[2023-06-03T20:58:20.142+0000] {processor.py:157} INFO - Started process (PID=16537) to work on /home/airflow/.local/lib/python3.7/site-packages/airflow/example_dags/example_time_delta_sensor_async.py
[2023-06-03T20:58:20.143+0000] {processor.py:826} INFO - Processing file /home/airflow/.local/lib/python3.7/site-packages/airflow/example_dags/example_time_delta_sensor_async.py for tasks to queue
[2023-06-03T20:58:20.144+0000] {logging_mixin.py:149} INFO - [2023-06-03T20:58:20.144+0000] {dagbag.py:541} INFO - Filling up the DagBag from /home/airflow/.local/lib/python3.7/site-packages/airflow/example_dags/example_time_delta_sensor_async.py
[2023-06-03T20:58:20.148+0000] {processor.py:836} INFO - DAG(s) dict_keys(['example_time_delta_sensor_async']) retrieved from /home/airflow/.local/lib/python3.7/site-packages/airflow/example_dags/example_time_delta_sensor_async.py
[2023-06-03T20:58:20.166+0000] {logging_mixin.py:149} INFO - [2023-06-03T20:58:20.166+0000] {dag.py:2726} INFO - Sync 1 DAGs
[2023-06-03T20:58:20.184+0000] {logging_mixin.py:149} INFO - [2023-06-03T20:58:20.184+0000] {dag.py:3490} INFO - Setting next_dagrun for example_time_delta_sensor_async to None, run_after=None
[2023-06-03T20:58:20.200+0000] {processor.py:179} INFO - Processing /home/airflow/.local/lib/python3.7/site-packages/airflow/example_dags/example_time_delta_sensor_async.py took 0.061 seconds
[2023-06-03T20:58:50.778+0000] {processor.py:157} INFO - Started process (PID=16789) to work on /home/airflow/.local/lib/python3.7/site-packages/airflow/example_dags/example_time_delta_sensor_async.py
[2023-06-03T20:58:50.779+0000] {processor.py:826} INFO - Processing file /home/airflow/.local/lib/python3.7/site-packages/airflow/example_dags/example_time_delta_sensor_async.py for tasks to queue
[2023-06-03T20:58:50.781+0000] {logging_mixin.py:149} INFO - [2023-06-03T20:58:50.780+0000] {dagbag.py:541} INFO - Filling up the DagBag from /home/airflow/.local/lib/python3.7/site-packages/airflow/example_dags/example_time_delta_sensor_async.py
[2023-06-03T20:58:50.784+0000] {processor.py:836} INFO - DAG(s) dict_keys(['example_time_delta_sensor_async']) retrieved from /home/airflow/.local/lib/python3.7/site-packages/airflow/example_dags/example_time_delta_sensor_async.py
[2023-06-03T20:58:50.803+0000] {logging_mixin.py:149} INFO - [2023-06-03T20:58:50.803+0000] {dag.py:2726} INFO - Sync 1 DAGs
[2023-06-03T20:58:50.823+0000] {logging_mixin.py:149} INFO - [2023-06-03T20:58:50.822+0000] {dag.py:3490} INFO - Setting next_dagrun for example_time_delta_sensor_async to None, run_after=None
[2023-06-03T20:58:50.842+0000] {processor.py:179} INFO - Processing /home/airflow/.local/lib/python3.7/site-packages/airflow/example_dags/example_time_delta_sensor_async.py took 0.066 seconds
[2023-06-03T20:59:21.517+0000] {processor.py:157} INFO - Started process (PID=17041) to work on /home/airflow/.local/lib/python3.7/site-packages/airflow/example_dags/example_time_delta_sensor_async.py
[2023-06-03T20:59:21.518+0000] {processor.py:826} INFO - Processing file /home/airflow/.local/lib/python3.7/site-packages/airflow/example_dags/example_time_delta_sensor_async.py for tasks to queue
[2023-06-03T20:59:21.519+0000] {logging_mixin.py:149} INFO - [2023-06-03T20:59:21.518+0000] {dagbag.py:541} INFO - Filling up the DagBag from /home/airflow/.local/lib/python3.7/site-packages/airflow/example_dags/example_time_delta_sensor_async.py
[2023-06-03T20:59:21.522+0000] {processor.py:836} INFO - DAG(s) dict_keys(['example_time_delta_sensor_async']) retrieved from /home/airflow/.local/lib/python3.7/site-packages/airflow/example_dags/example_time_delta_sensor_async.py
[2023-06-03T20:59:21.539+0000] {logging_mixin.py:149} INFO - [2023-06-03T20:59:21.539+0000] {dag.py:2726} INFO - Sync 1 DAGs
[2023-06-03T20:59:21.558+0000] {logging_mixin.py:149} INFO - [2023-06-03T20:59:21.558+0000] {dag.py:3490} INFO - Setting next_dagrun for example_time_delta_sensor_async to None, run_after=None
[2023-06-03T20:59:21.574+0000] {processor.py:179} INFO - Processing /home/airflow/.local/lib/python3.7/site-packages/airflow/example_dags/example_time_delta_sensor_async.py took 0.060 seconds
[2023-06-03T20:59:52.552+0000] {processor.py:157} INFO - Started process (PID=17293) to work on /home/airflow/.local/lib/python3.7/site-packages/airflow/example_dags/example_time_delta_sensor_async.py
[2023-06-03T20:59:52.553+0000] {processor.py:826} INFO - Processing file /home/airflow/.local/lib/python3.7/site-packages/airflow/example_dags/example_time_delta_sensor_async.py for tasks to queue
[2023-06-03T20:59:52.554+0000] {logging_mixin.py:149} INFO - [2023-06-03T20:59:52.554+0000] {dagbag.py:541} INFO - Filling up the DagBag from /home/airflow/.local/lib/python3.7/site-packages/airflow/example_dags/example_time_delta_sensor_async.py
[2023-06-03T20:59:52.557+0000] {processor.py:836} INFO - DAG(s) dict_keys(['example_time_delta_sensor_async']) retrieved from /home/airflow/.local/lib/python3.7/site-packages/airflow/example_dags/example_time_delta_sensor_async.py
[2023-06-03T20:59:52.575+0000] {logging_mixin.py:149} INFO - [2023-06-03T20:59:52.574+0000] {dag.py:2726} INFO - Sync 1 DAGs
[2023-06-03T20:59:52.592+0000] {logging_mixin.py:149} INFO - [2023-06-03T20:59:52.592+0000] {dag.py:3490} INFO - Setting next_dagrun for example_time_delta_sensor_async to None, run_after=None
[2023-06-03T20:59:52.608+0000] {processor.py:179} INFO - Processing /home/airflow/.local/lib/python3.7/site-packages/airflow/example_dags/example_time_delta_sensor_async.py took 0.058 seconds
[2023-06-03T21:00:22.909+0000] {processor.py:157} INFO - Started process (PID=17545) to work on /home/airflow/.local/lib/python3.7/site-packages/airflow/example_dags/example_time_delta_sensor_async.py
[2023-06-03T21:00:22.910+0000] {processor.py:826} INFO - Processing file /home/airflow/.local/lib/python3.7/site-packages/airflow/example_dags/example_time_delta_sensor_async.py for tasks to queue
[2023-06-03T21:00:22.912+0000] {logging_mixin.py:149} INFO - [2023-06-03T21:00:22.912+0000] {dagbag.py:541} INFO - Filling up the DagBag from /home/airflow/.local/lib/python3.7/site-packages/airflow/example_dags/example_time_delta_sensor_async.py
[2023-06-03T21:00:22.918+0000] {processor.py:836} INFO - DAG(s) dict_keys(['example_time_delta_sensor_async']) retrieved from /home/airflow/.local/lib/python3.7/site-packages/airflow/example_dags/example_time_delta_sensor_async.py
[2023-06-03T21:00:22.936+0000] {logging_mixin.py:149} INFO - [2023-06-03T21:00:22.936+0000] {dag.py:2726} INFO - Sync 1 DAGs
[2023-06-03T21:00:22.954+0000] {logging_mixin.py:149} INFO - [2023-06-03T21:00:22.954+0000] {dag.py:3490} INFO - Setting next_dagrun for example_time_delta_sensor_async to None, run_after=None
[2023-06-03T21:00:22.972+0000] {processor.py:179} INFO - Processing /home/airflow/.local/lib/python3.7/site-packages/airflow/example_dags/example_time_delta_sensor_async.py took 0.068 seconds
[2023-06-03T21:00:54.156+0000] {processor.py:157} INFO - Started process (PID=17797) to work on /home/airflow/.local/lib/python3.7/site-packages/airflow/example_dags/example_time_delta_sensor_async.py
[2023-06-03T21:00:54.158+0000] {processor.py:826} INFO - Processing file /home/airflow/.local/lib/python3.7/site-packages/airflow/example_dags/example_time_delta_sensor_async.py for tasks to queue
[2023-06-03T21:00:54.159+0000] {logging_mixin.py:149} INFO - [2023-06-03T21:00:54.159+0000] {dagbag.py:541} INFO - Filling up the DagBag from /home/airflow/.local/lib/python3.7/site-packages/airflow/example_dags/example_time_delta_sensor_async.py
[2023-06-03T21:00:54.165+0000] {processor.py:836} INFO - DAG(s) dict_keys(['example_time_delta_sensor_async']) retrieved from /home/airflow/.local/lib/python3.7/site-packages/airflow/example_dags/example_time_delta_sensor_async.py
[2023-06-03T21:00:54.195+0000] {logging_mixin.py:149} INFO - [2023-06-03T21:00:54.195+0000] {dag.py:2726} INFO - Sync 1 DAGs
[2023-06-03T21:00:54.228+0000] {logging_mixin.py:149} INFO - [2023-06-03T21:00:54.228+0000] {dag.py:3490} INFO - Setting next_dagrun for example_time_delta_sensor_async to None, run_after=None
[2023-06-03T21:00:54.259+0000] {processor.py:179} INFO - Processing /home/airflow/.local/lib/python3.7/site-packages/airflow/example_dags/example_time_delta_sensor_async.py took 0.107 seconds
