[2023-06-03T20:25:44.372+0000] {processor.py:157} INFO - Started process (PID=324) to work on /home/airflow/.local/lib/python3.7/site-packages/airflow/example_dags/example_sensors.py
[2023-06-03T20:25:44.373+0000] {processor.py:826} INFO - Processing file /home/airflow/.local/lib/python3.7/site-packages/airflow/example_dags/example_sensors.py for tasks to queue
[2023-06-03T20:25:44.374+0000] {logging_mixin.py:149} INFO - [2023-06-03T20:25:44.374+0000] {dagbag.py:541} INFO - Filling up the DagBag from /home/airflow/.local/lib/python3.7/site-packages/airflow/example_dags/example_sensors.py
[2023-06-03T20:25:44.383+0000] {processor.py:836} INFO - DAG(s) dict_keys(['example_sensors']) retrieved from /home/airflow/.local/lib/python3.7/site-packages/airflow/example_dags/example_sensors.py
[2023-06-03T20:25:44.392+0000] {logging_mixin.py:149} INFO - [2023-06-03T20:25:44.392+0000] {dag.py:2726} INFO - Sync 1 DAGs
[2023-06-03T20:25:44.410+0000] {logging_mixin.py:149} INFO - [2023-06-03T20:25:44.409+0000] {dag.py:3490} INFO - Setting next_dagrun for example_sensors to None, run_after=None
[2023-06-03T20:25:44.424+0000] {processor.py:179} INFO - Processing /home/airflow/.local/lib/python3.7/site-packages/airflow/example_dags/example_sensors.py took 0.054 seconds
[2023-06-03T20:26:15.067+0000] {processor.py:157} INFO - Started process (PID=574) to work on /home/airflow/.local/lib/python3.7/site-packages/airflow/example_dags/example_sensors.py
[2023-06-03T20:26:15.068+0000] {processor.py:826} INFO - Processing file /home/airflow/.local/lib/python3.7/site-packages/airflow/example_dags/example_sensors.py for tasks to queue
[2023-06-03T20:26:15.069+0000] {logging_mixin.py:149} INFO - [2023-06-03T20:26:15.069+0000] {dagbag.py:541} INFO - Filling up the DagBag from /home/airflow/.local/lib/python3.7/site-packages/airflow/example_dags/example_sensors.py
[2023-06-03T20:26:15.075+0000] {processor.py:836} INFO - DAG(s) dict_keys(['example_sensors']) retrieved from /home/airflow/.local/lib/python3.7/site-packages/airflow/example_dags/example_sensors.py
[2023-06-03T20:26:15.162+0000] {logging_mixin.py:149} INFO - [2023-06-03T20:26:15.162+0000] {dag.py:2726} INFO - Sync 1 DAGs
[2023-06-03T20:26:15.178+0000] {logging_mixin.py:149} INFO - [2023-06-03T20:26:15.178+0000] {dag.py:3490} INFO - Setting next_dagrun for example_sensors to None, run_after=None
[2023-06-03T20:26:15.193+0000] {processor.py:179} INFO - Processing /home/airflow/.local/lib/python3.7/site-packages/airflow/example_dags/example_sensors.py took 0.128 seconds
[2023-06-03T20:26:45.647+0000] {processor.py:157} INFO - Started process (PID=828) to work on /home/airflow/.local/lib/python3.7/site-packages/airflow/example_dags/example_sensors.py
[2023-06-03T20:26:45.648+0000] {processor.py:826} INFO - Processing file /home/airflow/.local/lib/python3.7/site-packages/airflow/example_dags/example_sensors.py for tasks to queue
[2023-06-03T20:26:45.649+0000] {logging_mixin.py:149} INFO - [2023-06-03T20:26:45.649+0000] {dagbag.py:541} INFO - Filling up the DagBag from /home/airflow/.local/lib/python3.7/site-packages/airflow/example_dags/example_sensors.py
[2023-06-03T20:26:45.655+0000] {processor.py:836} INFO - DAG(s) dict_keys(['example_sensors']) retrieved from /home/airflow/.local/lib/python3.7/site-packages/airflow/example_dags/example_sensors.py
[2023-06-03T20:26:45.677+0000] {logging_mixin.py:149} INFO - [2023-06-03T20:26:45.677+0000] {dag.py:2726} INFO - Sync 1 DAGs
[2023-06-03T20:26:45.695+0000] {logging_mixin.py:149} INFO - [2023-06-03T20:26:45.695+0000] {dag.py:3490} INFO - Setting next_dagrun for example_sensors to None, run_after=None
[2023-06-03T20:26:45.712+0000] {processor.py:179} INFO - Processing /home/airflow/.local/lib/python3.7/site-packages/airflow/example_dags/example_sensors.py took 0.067 seconds
[2023-06-03T20:27:16.202+0000] {processor.py:157} INFO - Started process (PID=1080) to work on /home/airflow/.local/lib/python3.7/site-packages/airflow/example_dags/example_sensors.py
[2023-06-03T20:27:16.203+0000] {processor.py:826} INFO - Processing file /home/airflow/.local/lib/python3.7/site-packages/airflow/example_dags/example_sensors.py for tasks to queue
[2023-06-03T20:27:16.204+0000] {logging_mixin.py:149} INFO - [2023-06-03T20:27:16.204+0000] {dagbag.py:541} INFO - Filling up the DagBag from /home/airflow/.local/lib/python3.7/site-packages/airflow/example_dags/example_sensors.py
[2023-06-03T20:27:16.212+0000] {processor.py:836} INFO - DAG(s) dict_keys(['example_sensors']) retrieved from /home/airflow/.local/lib/python3.7/site-packages/airflow/example_dags/example_sensors.py
[2023-06-03T20:27:16.233+0000] {logging_mixin.py:149} INFO - [2023-06-03T20:27:16.232+0000] {dag.py:2726} INFO - Sync 1 DAGs
[2023-06-03T20:27:16.251+0000] {logging_mixin.py:149} INFO - [2023-06-03T20:27:16.251+0000] {dag.py:3490} INFO - Setting next_dagrun for example_sensors to None, run_after=None
[2023-06-03T20:27:16.268+0000] {processor.py:179} INFO - Processing /home/airflow/.local/lib/python3.7/site-packages/airflow/example_dags/example_sensors.py took 0.069 seconds
[2023-06-03T20:27:47.269+0000] {processor.py:157} INFO - Started process (PID=1332) to work on /home/airflow/.local/lib/python3.7/site-packages/airflow/example_dags/example_sensors.py
[2023-06-03T20:27:47.270+0000] {processor.py:826} INFO - Processing file /home/airflow/.local/lib/python3.7/site-packages/airflow/example_dags/example_sensors.py for tasks to queue
[2023-06-03T20:27:47.271+0000] {logging_mixin.py:149} INFO - [2023-06-03T20:27:47.271+0000] {dagbag.py:541} INFO - Filling up the DagBag from /home/airflow/.local/lib/python3.7/site-packages/airflow/example_dags/example_sensors.py
[2023-06-03T20:27:47.277+0000] {processor.py:836} INFO - DAG(s) dict_keys(['example_sensors']) retrieved from /home/airflow/.local/lib/python3.7/site-packages/airflow/example_dags/example_sensors.py
[2023-06-03T20:27:47.297+0000] {logging_mixin.py:149} INFO - [2023-06-03T20:27:47.297+0000] {dag.py:2726} INFO - Sync 1 DAGs
[2023-06-03T20:27:47.313+0000] {logging_mixin.py:149} INFO - [2023-06-03T20:27:47.313+0000] {dag.py:3490} INFO - Setting next_dagrun for example_sensors to None, run_after=None
[2023-06-03T20:27:47.328+0000] {processor.py:179} INFO - Processing /home/airflow/.local/lib/python3.7/site-packages/airflow/example_dags/example_sensors.py took 0.061 seconds
[2023-06-03T20:28:17.811+0000] {processor.py:157} INFO - Started process (PID=1585) to work on /home/airflow/.local/lib/python3.7/site-packages/airflow/example_dags/example_sensors.py
[2023-06-03T20:28:17.813+0000] {processor.py:826} INFO - Processing file /home/airflow/.local/lib/python3.7/site-packages/airflow/example_dags/example_sensors.py for tasks to queue
[2023-06-03T20:28:17.814+0000] {logging_mixin.py:149} INFO - [2023-06-03T20:28:17.814+0000] {dagbag.py:541} INFO - Filling up the DagBag from /home/airflow/.local/lib/python3.7/site-packages/airflow/example_dags/example_sensors.py
[2023-06-03T20:28:17.821+0000] {processor.py:836} INFO - DAG(s) dict_keys(['example_sensors']) retrieved from /home/airflow/.local/lib/python3.7/site-packages/airflow/example_dags/example_sensors.py
[2023-06-03T20:28:17.840+0000] {logging_mixin.py:149} INFO - [2023-06-03T20:28:17.840+0000] {dag.py:2726} INFO - Sync 1 DAGs
[2023-06-03T20:28:17.856+0000] {logging_mixin.py:149} INFO - [2023-06-03T20:28:17.856+0000] {dag.py:3490} INFO - Setting next_dagrun for example_sensors to None, run_after=None
[2023-06-03T20:28:17.873+0000] {processor.py:179} INFO - Processing /home/airflow/.local/lib/python3.7/site-packages/airflow/example_dags/example_sensors.py took 0.064 seconds
[2023-06-03T20:28:47.977+0000] {processor.py:157} INFO - Started process (PID=1837) to work on /home/airflow/.local/lib/python3.7/site-packages/airflow/example_dags/example_sensors.py
[2023-06-03T20:28:47.978+0000] {processor.py:826} INFO - Processing file /home/airflow/.local/lib/python3.7/site-packages/airflow/example_dags/example_sensors.py for tasks to queue
[2023-06-03T20:28:47.979+0000] {logging_mixin.py:149} INFO - [2023-06-03T20:28:47.979+0000] {dagbag.py:541} INFO - Filling up the DagBag from /home/airflow/.local/lib/python3.7/site-packages/airflow/example_dags/example_sensors.py
[2023-06-03T20:28:47.985+0000] {processor.py:836} INFO - DAG(s) dict_keys(['example_sensors']) retrieved from /home/airflow/.local/lib/python3.7/site-packages/airflow/example_dags/example_sensors.py
[2023-06-03T20:28:48.005+0000] {logging_mixin.py:149} INFO - [2023-06-03T20:28:48.005+0000] {dag.py:2726} INFO - Sync 1 DAGs
[2023-06-03T20:28:48.022+0000] {logging_mixin.py:149} INFO - [2023-06-03T20:28:48.022+0000] {dag.py:3490} INFO - Setting next_dagrun for example_sensors to None, run_after=None
[2023-06-03T20:28:48.038+0000] {processor.py:179} INFO - Processing /home/airflow/.local/lib/python3.7/site-packages/airflow/example_dags/example_sensors.py took 0.063 seconds
[2023-06-03T20:29:18.404+0000] {processor.py:157} INFO - Started process (PID=2089) to work on /home/airflow/.local/lib/python3.7/site-packages/airflow/example_dags/example_sensors.py
[2023-06-03T20:29:18.405+0000] {processor.py:826} INFO - Processing file /home/airflow/.local/lib/python3.7/site-packages/airflow/example_dags/example_sensors.py for tasks to queue
[2023-06-03T20:29:18.407+0000] {logging_mixin.py:149} INFO - [2023-06-03T20:29:18.406+0000] {dagbag.py:541} INFO - Filling up the DagBag from /home/airflow/.local/lib/python3.7/site-packages/airflow/example_dags/example_sensors.py
[2023-06-03T20:29:18.414+0000] {processor.py:836} INFO - DAG(s) dict_keys(['example_sensors']) retrieved from /home/airflow/.local/lib/python3.7/site-packages/airflow/example_dags/example_sensors.py
[2023-06-03T20:29:18.433+0000] {logging_mixin.py:149} INFO - [2023-06-03T20:29:18.433+0000] {dag.py:2726} INFO - Sync 1 DAGs
[2023-06-03T20:29:18.449+0000] {logging_mixin.py:149} INFO - [2023-06-03T20:29:18.449+0000] {dag.py:3490} INFO - Setting next_dagrun for example_sensors to None, run_after=None
[2023-06-03T20:29:18.464+0000] {processor.py:179} INFO - Processing /home/airflow/.local/lib/python3.7/site-packages/airflow/example_dags/example_sensors.py took 0.063 seconds
[2023-06-03T20:29:48.627+0000] {processor.py:157} INFO - Started process (PID=2341) to work on /home/airflow/.local/lib/python3.7/site-packages/airflow/example_dags/example_sensors.py
[2023-06-03T20:29:48.628+0000] {processor.py:826} INFO - Processing file /home/airflow/.local/lib/python3.7/site-packages/airflow/example_dags/example_sensors.py for tasks to queue
[2023-06-03T20:29:48.629+0000] {logging_mixin.py:149} INFO - [2023-06-03T20:29:48.629+0000] {dagbag.py:541} INFO - Filling up the DagBag from /home/airflow/.local/lib/python3.7/site-packages/airflow/example_dags/example_sensors.py
[2023-06-03T20:29:48.636+0000] {processor.py:836} INFO - DAG(s) dict_keys(['example_sensors']) retrieved from /home/airflow/.local/lib/python3.7/site-packages/airflow/example_dags/example_sensors.py
[2023-06-03T20:29:48.655+0000] {logging_mixin.py:149} INFO - [2023-06-03T20:29:48.655+0000] {dag.py:2726} INFO - Sync 1 DAGs
[2023-06-03T20:29:48.677+0000] {logging_mixin.py:149} INFO - [2023-06-03T20:29:48.676+0000] {dag.py:3490} INFO - Setting next_dagrun for example_sensors to None, run_after=None
[2023-06-03T20:29:48.699+0000] {processor.py:179} INFO - Processing /home/airflow/.local/lib/python3.7/site-packages/airflow/example_dags/example_sensors.py took 0.075 seconds
[2023-06-03T20:30:19.435+0000] {processor.py:157} INFO - Started process (PID=2591) to work on /home/airflow/.local/lib/python3.7/site-packages/airflow/example_dags/example_sensors.py
[2023-06-03T20:30:19.436+0000] {processor.py:826} INFO - Processing file /home/airflow/.local/lib/python3.7/site-packages/airflow/example_dags/example_sensors.py for tasks to queue
[2023-06-03T20:30:19.439+0000] {logging_mixin.py:149} INFO - [2023-06-03T20:30:19.439+0000] {dagbag.py:541} INFO - Filling up the DagBag from /home/airflow/.local/lib/python3.7/site-packages/airflow/example_dags/example_sensors.py
[2023-06-03T20:30:19.447+0000] {processor.py:836} INFO - DAG(s) dict_keys(['example_sensors']) retrieved from /home/airflow/.local/lib/python3.7/site-packages/airflow/example_dags/example_sensors.py
[2023-06-03T20:30:19.469+0000] {logging_mixin.py:149} INFO - [2023-06-03T20:30:19.469+0000] {dag.py:2726} INFO - Sync 1 DAGs
[2023-06-03T20:30:19.487+0000] {logging_mixin.py:149} INFO - [2023-06-03T20:30:19.487+0000] {dag.py:3490} INFO - Setting next_dagrun for example_sensors to None, run_after=None
[2023-06-03T20:30:19.503+0000] {processor.py:179} INFO - Processing /home/airflow/.local/lib/python3.7/site-packages/airflow/example_dags/example_sensors.py took 0.070 seconds
[2023-06-03T20:30:50.062+0000] {processor.py:157} INFO - Started process (PID=2845) to work on /home/airflow/.local/lib/python3.7/site-packages/airflow/example_dags/example_sensors.py
[2023-06-03T20:30:50.064+0000] {processor.py:826} INFO - Processing file /home/airflow/.local/lib/python3.7/site-packages/airflow/example_dags/example_sensors.py for tasks to queue
[2023-06-03T20:30:50.066+0000] {logging_mixin.py:149} INFO - [2023-06-03T20:30:50.065+0000] {dagbag.py:541} INFO - Filling up the DagBag from /home/airflow/.local/lib/python3.7/site-packages/airflow/example_dags/example_sensors.py
[2023-06-03T20:30:50.073+0000] {processor.py:836} INFO - DAG(s) dict_keys(['example_sensors']) retrieved from /home/airflow/.local/lib/python3.7/site-packages/airflow/example_dags/example_sensors.py
[2023-06-03T20:30:50.097+0000] {logging_mixin.py:149} INFO - [2023-06-03T20:30:50.097+0000] {dag.py:2726} INFO - Sync 1 DAGs
[2023-06-03T20:30:50.116+0000] {logging_mixin.py:149} INFO - [2023-06-03T20:30:50.116+0000] {dag.py:3490} INFO - Setting next_dagrun for example_sensors to None, run_after=None
[2023-06-03T20:30:50.134+0000] {processor.py:179} INFO - Processing /home/airflow/.local/lib/python3.7/site-packages/airflow/example_dags/example_sensors.py took 0.073 seconds
[2023-06-03T20:31:20.393+0000] {processor.py:157} INFO - Started process (PID=3097) to work on /home/airflow/.local/lib/python3.7/site-packages/airflow/example_dags/example_sensors.py
[2023-06-03T20:31:20.395+0000] {processor.py:826} INFO - Processing file /home/airflow/.local/lib/python3.7/site-packages/airflow/example_dags/example_sensors.py for tasks to queue
[2023-06-03T20:31:20.396+0000] {logging_mixin.py:149} INFO - [2023-06-03T20:31:20.396+0000] {dagbag.py:541} INFO - Filling up the DagBag from /home/airflow/.local/lib/python3.7/site-packages/airflow/example_dags/example_sensors.py
[2023-06-03T20:31:20.404+0000] {processor.py:836} INFO - DAG(s) dict_keys(['example_sensors']) retrieved from /home/airflow/.local/lib/python3.7/site-packages/airflow/example_dags/example_sensors.py
[2023-06-03T20:31:20.424+0000] {logging_mixin.py:149} INFO - [2023-06-03T20:31:20.424+0000] {dag.py:2726} INFO - Sync 1 DAGs
[2023-06-03T20:31:20.442+0000] {logging_mixin.py:149} INFO - [2023-06-03T20:31:20.442+0000] {dag.py:3490} INFO - Setting next_dagrun for example_sensors to None, run_after=None
[2023-06-03T20:31:20.460+0000] {processor.py:179} INFO - Processing /home/airflow/.local/lib/python3.7/site-packages/airflow/example_dags/example_sensors.py took 0.069 seconds
[2023-06-03T20:31:50.662+0000] {processor.py:157} INFO - Started process (PID=3347) to work on /home/airflow/.local/lib/python3.7/site-packages/airflow/example_dags/example_sensors.py
[2023-06-03T20:31:50.667+0000] {processor.py:826} INFO - Processing file /home/airflow/.local/lib/python3.7/site-packages/airflow/example_dags/example_sensors.py for tasks to queue
[2023-06-03T20:31:50.668+0000] {logging_mixin.py:149} INFO - [2023-06-03T20:31:50.668+0000] {dagbag.py:541} INFO - Filling up the DagBag from /home/airflow/.local/lib/python3.7/site-packages/airflow/example_dags/example_sensors.py
[2023-06-03T20:31:50.675+0000] {processor.py:836} INFO - DAG(s) dict_keys(['example_sensors']) retrieved from /home/airflow/.local/lib/python3.7/site-packages/airflow/example_dags/example_sensors.py
[2023-06-03T20:31:50.694+0000] {logging_mixin.py:149} INFO - [2023-06-03T20:31:50.694+0000] {dag.py:2726} INFO - Sync 1 DAGs
[2023-06-03T20:31:50.710+0000] {logging_mixin.py:149} INFO - [2023-06-03T20:31:50.710+0000] {dag.py:3490} INFO - Setting next_dagrun for example_sensors to None, run_after=None
[2023-06-03T20:31:50.727+0000] {processor.py:179} INFO - Processing /home/airflow/.local/lib/python3.7/site-packages/airflow/example_dags/example_sensors.py took 0.067 seconds
[2023-06-03T20:32:20.932+0000] {processor.py:157} INFO - Started process (PID=3737) to work on /home/airflow/.local/lib/python3.7/site-packages/airflow/example_dags/example_sensors.py
[2023-06-03T20:32:20.933+0000] {processor.py:826} INFO - Processing file /home/airflow/.local/lib/python3.7/site-packages/airflow/example_dags/example_sensors.py for tasks to queue
[2023-06-03T20:32:20.935+0000] {logging_mixin.py:149} INFO - [2023-06-03T20:32:20.935+0000] {dagbag.py:541} INFO - Filling up the DagBag from /home/airflow/.local/lib/python3.7/site-packages/airflow/example_dags/example_sensors.py
[2023-06-03T20:32:20.942+0000] {processor.py:836} INFO - DAG(s) dict_keys(['example_sensors']) retrieved from /home/airflow/.local/lib/python3.7/site-packages/airflow/example_dags/example_sensors.py
[2023-06-03T20:32:20.963+0000] {logging_mixin.py:149} INFO - [2023-06-03T20:32:20.963+0000] {dag.py:2726} INFO - Sync 1 DAGs
[2023-06-03T20:32:20.982+0000] {logging_mixin.py:149} INFO - [2023-06-03T20:32:20.982+0000] {dag.py:3490} INFO - Setting next_dagrun for example_sensors to None, run_after=None
[2023-06-03T20:32:20.998+0000] {processor.py:179} INFO - Processing /home/airflow/.local/lib/python3.7/site-packages/airflow/example_dags/example_sensors.py took 0.068 seconds
[2023-06-03T20:32:52.053+0000] {processor.py:157} INFO - Started process (PID=3989) to work on /home/airflow/.local/lib/python3.7/site-packages/airflow/example_dags/example_sensors.py
[2023-06-03T20:32:52.054+0000] {processor.py:826} INFO - Processing file /home/airflow/.local/lib/python3.7/site-packages/airflow/example_dags/example_sensors.py for tasks to queue
[2023-06-03T20:32:52.055+0000] {logging_mixin.py:149} INFO - [2023-06-03T20:32:52.055+0000] {dagbag.py:541} INFO - Filling up the DagBag from /home/airflow/.local/lib/python3.7/site-packages/airflow/example_dags/example_sensors.py
[2023-06-03T20:32:52.063+0000] {processor.py:836} INFO - DAG(s) dict_keys(['example_sensors']) retrieved from /home/airflow/.local/lib/python3.7/site-packages/airflow/example_dags/example_sensors.py
[2023-06-03T20:32:52.082+0000] {logging_mixin.py:149} INFO - [2023-06-03T20:32:52.082+0000] {dag.py:2726} INFO - Sync 1 DAGs
[2023-06-03T20:32:52.100+0000] {logging_mixin.py:149} INFO - [2023-06-03T20:32:52.100+0000] {dag.py:3490} INFO - Setting next_dagrun for example_sensors to None, run_after=None
[2023-06-03T20:32:52.116+0000] {processor.py:179} INFO - Processing /home/airflow/.local/lib/python3.7/site-packages/airflow/example_dags/example_sensors.py took 0.066 seconds
[2023-06-03T20:33:22.609+0000] {processor.py:157} INFO - Started process (PID=4243) to work on /home/airflow/.local/lib/python3.7/site-packages/airflow/example_dags/example_sensors.py
[2023-06-03T20:33:22.610+0000] {processor.py:826} INFO - Processing file /home/airflow/.local/lib/python3.7/site-packages/airflow/example_dags/example_sensors.py for tasks to queue
[2023-06-03T20:33:22.611+0000] {logging_mixin.py:149} INFO - [2023-06-03T20:33:22.611+0000] {dagbag.py:541} INFO - Filling up the DagBag from /home/airflow/.local/lib/python3.7/site-packages/airflow/example_dags/example_sensors.py
[2023-06-03T20:33:22.619+0000] {processor.py:836} INFO - DAG(s) dict_keys(['example_sensors']) retrieved from /home/airflow/.local/lib/python3.7/site-packages/airflow/example_dags/example_sensors.py
[2023-06-03T20:33:22.642+0000] {logging_mixin.py:149} INFO - [2023-06-03T20:33:22.642+0000] {dag.py:2726} INFO - Sync 1 DAGs
[2023-06-03T20:33:22.662+0000] {logging_mixin.py:149} INFO - [2023-06-03T20:33:22.662+0000] {dag.py:3490} INFO - Setting next_dagrun for example_sensors to None, run_after=None
[2023-06-03T20:33:22.680+0000] {processor.py:179} INFO - Processing /home/airflow/.local/lib/python3.7/site-packages/airflow/example_dags/example_sensors.py took 0.073 seconds
[2023-06-03T20:33:53.435+0000] {processor.py:157} INFO - Started process (PID=4493) to work on /home/airflow/.local/lib/python3.7/site-packages/airflow/example_dags/example_sensors.py
[2023-06-03T20:33:53.436+0000] {processor.py:826} INFO - Processing file /home/airflow/.local/lib/python3.7/site-packages/airflow/example_dags/example_sensors.py for tasks to queue
[2023-06-03T20:33:53.438+0000] {logging_mixin.py:149} INFO - [2023-06-03T20:33:53.438+0000] {dagbag.py:541} INFO - Filling up the DagBag from /home/airflow/.local/lib/python3.7/site-packages/airflow/example_dags/example_sensors.py
[2023-06-03T20:33:53.447+0000] {processor.py:836} INFO - DAG(s) dict_keys(['example_sensors']) retrieved from /home/airflow/.local/lib/python3.7/site-packages/airflow/example_dags/example_sensors.py
[2023-06-03T20:33:53.468+0000] {logging_mixin.py:149} INFO - [2023-06-03T20:33:53.468+0000] {dag.py:2726} INFO - Sync 1 DAGs
[2023-06-03T20:33:53.486+0000] {logging_mixin.py:149} INFO - [2023-06-03T20:33:53.485+0000] {dag.py:3490} INFO - Setting next_dagrun for example_sensors to None, run_after=None
[2023-06-03T20:33:53.503+0000] {processor.py:179} INFO - Processing /home/airflow/.local/lib/python3.7/site-packages/airflow/example_dags/example_sensors.py took 0.070 seconds
[2023-06-03T20:34:23.899+0000] {processor.py:157} INFO - Started process (PID=4745) to work on /home/airflow/.local/lib/python3.7/site-packages/airflow/example_dags/example_sensors.py
[2023-06-03T20:34:23.900+0000] {processor.py:826} INFO - Processing file /home/airflow/.local/lib/python3.7/site-packages/airflow/example_dags/example_sensors.py for tasks to queue
[2023-06-03T20:34:23.901+0000] {logging_mixin.py:149} INFO - [2023-06-03T20:34:23.901+0000] {dagbag.py:541} INFO - Filling up the DagBag from /home/airflow/.local/lib/python3.7/site-packages/airflow/example_dags/example_sensors.py
[2023-06-03T20:34:23.908+0000] {processor.py:836} INFO - DAG(s) dict_keys(['example_sensors']) retrieved from /home/airflow/.local/lib/python3.7/site-packages/airflow/example_dags/example_sensors.py
[2023-06-03T20:34:23.928+0000] {logging_mixin.py:149} INFO - [2023-06-03T20:34:23.928+0000] {dag.py:2726} INFO - Sync 1 DAGs
[2023-06-03T20:34:23.945+0000] {logging_mixin.py:149} INFO - [2023-06-03T20:34:23.945+0000] {dag.py:3490} INFO - Setting next_dagrun for example_sensors to None, run_after=None
[2023-06-03T20:34:23.960+0000] {processor.py:179} INFO - Processing /home/airflow/.local/lib/python3.7/site-packages/airflow/example_dags/example_sensors.py took 0.063 seconds
[2023-06-03T20:34:54.288+0000] {processor.py:157} INFO - Started process (PID=4997) to work on /home/airflow/.local/lib/python3.7/site-packages/airflow/example_dags/example_sensors.py
[2023-06-03T20:34:54.289+0000] {processor.py:826} INFO - Processing file /home/airflow/.local/lib/python3.7/site-packages/airflow/example_dags/example_sensors.py for tasks to queue
[2023-06-03T20:34:54.290+0000] {logging_mixin.py:149} INFO - [2023-06-03T20:34:54.290+0000] {dagbag.py:541} INFO - Filling up the DagBag from /home/airflow/.local/lib/python3.7/site-packages/airflow/example_dags/example_sensors.py
[2023-06-03T20:34:54.297+0000] {processor.py:836} INFO - DAG(s) dict_keys(['example_sensors']) retrieved from /home/airflow/.local/lib/python3.7/site-packages/airflow/example_dags/example_sensors.py
[2023-06-03T20:34:54.317+0000] {logging_mixin.py:149} INFO - [2023-06-03T20:34:54.317+0000] {dag.py:2726} INFO - Sync 1 DAGs
[2023-06-03T20:34:54.335+0000] {logging_mixin.py:149} INFO - [2023-06-03T20:34:54.335+0000] {dag.py:3490} INFO - Setting next_dagrun for example_sensors to None, run_after=None
[2023-06-03T20:34:54.354+0000] {processor.py:179} INFO - Processing /home/airflow/.local/lib/python3.7/site-packages/airflow/example_dags/example_sensors.py took 0.068 seconds
[2023-06-03T20:35:24.731+0000] {processor.py:157} INFO - Started process (PID=5249) to work on /home/airflow/.local/lib/python3.7/site-packages/airflow/example_dags/example_sensors.py
[2023-06-03T20:35:24.733+0000] {processor.py:826} INFO - Processing file /home/airflow/.local/lib/python3.7/site-packages/airflow/example_dags/example_sensors.py for tasks to queue
[2023-06-03T20:35:24.734+0000] {logging_mixin.py:149} INFO - [2023-06-03T20:35:24.734+0000] {dagbag.py:541} INFO - Filling up the DagBag from /home/airflow/.local/lib/python3.7/site-packages/airflow/example_dags/example_sensors.py
[2023-06-03T20:35:24.741+0000] {processor.py:836} INFO - DAG(s) dict_keys(['example_sensors']) retrieved from /home/airflow/.local/lib/python3.7/site-packages/airflow/example_dags/example_sensors.py
[2023-06-03T20:35:24.761+0000] {logging_mixin.py:149} INFO - [2023-06-03T20:35:24.761+0000] {dag.py:2726} INFO - Sync 1 DAGs
[2023-06-03T20:35:24.778+0000] {logging_mixin.py:149} INFO - [2023-06-03T20:35:24.778+0000] {dag.py:3490} INFO - Setting next_dagrun for example_sensors to None, run_after=None
[2023-06-03T20:35:24.794+0000] {processor.py:179} INFO - Processing /home/airflow/.local/lib/python3.7/site-packages/airflow/example_dags/example_sensors.py took 0.065 seconds
[2023-06-03T20:35:55.561+0000] {processor.py:157} INFO - Started process (PID=5501) to work on /home/airflow/.local/lib/python3.7/site-packages/airflow/example_dags/example_sensors.py
[2023-06-03T20:35:55.563+0000] {processor.py:826} INFO - Processing file /home/airflow/.local/lib/python3.7/site-packages/airflow/example_dags/example_sensors.py for tasks to queue
[2023-06-03T20:35:55.564+0000] {logging_mixin.py:149} INFO - [2023-06-03T20:35:55.564+0000] {dagbag.py:541} INFO - Filling up the DagBag from /home/airflow/.local/lib/python3.7/site-packages/airflow/example_dags/example_sensors.py
[2023-06-03T20:35:55.571+0000] {processor.py:836} INFO - DAG(s) dict_keys(['example_sensors']) retrieved from /home/airflow/.local/lib/python3.7/site-packages/airflow/example_dags/example_sensors.py
[2023-06-03T20:35:55.590+0000] {logging_mixin.py:149} INFO - [2023-06-03T20:35:55.590+0000] {dag.py:2726} INFO - Sync 1 DAGs
[2023-06-03T20:35:55.672+0000] {logging_mixin.py:149} INFO - [2023-06-03T20:35:55.672+0000] {dag.py:3490} INFO - Setting next_dagrun for example_sensors to None, run_after=None
[2023-06-03T20:35:55.688+0000] {processor.py:179} INFO - Processing /home/airflow/.local/lib/python3.7/site-packages/airflow/example_dags/example_sensors.py took 0.129 seconds
[2023-06-03T20:36:26.222+0000] {processor.py:157} INFO - Started process (PID=5753) to work on /home/airflow/.local/lib/python3.7/site-packages/airflow/example_dags/example_sensors.py
[2023-06-03T20:36:26.224+0000] {processor.py:826} INFO - Processing file /home/airflow/.local/lib/python3.7/site-packages/airflow/example_dags/example_sensors.py for tasks to queue
[2023-06-03T20:36:26.225+0000] {logging_mixin.py:149} INFO - [2023-06-03T20:36:26.224+0000] {dagbag.py:541} INFO - Filling up the DagBag from /home/airflow/.local/lib/python3.7/site-packages/airflow/example_dags/example_sensors.py
[2023-06-03T20:36:26.232+0000] {processor.py:836} INFO - DAG(s) dict_keys(['example_sensors']) retrieved from /home/airflow/.local/lib/python3.7/site-packages/airflow/example_dags/example_sensors.py
[2023-06-03T20:36:26.256+0000] {logging_mixin.py:149} INFO - [2023-06-03T20:36:26.256+0000] {dag.py:2726} INFO - Sync 1 DAGs
[2023-06-03T20:36:26.275+0000] {logging_mixin.py:149} INFO - [2023-06-03T20:36:26.274+0000] {dag.py:3490} INFO - Setting next_dagrun for example_sensors to None, run_after=None
[2023-06-03T20:36:26.292+0000] {processor.py:179} INFO - Processing /home/airflow/.local/lib/python3.7/site-packages/airflow/example_dags/example_sensors.py took 0.072 seconds
[2023-06-03T20:36:56.777+0000] {processor.py:157} INFO - Started process (PID=6007) to work on /home/airflow/.local/lib/python3.7/site-packages/airflow/example_dags/example_sensors.py
[2023-06-03T20:36:56.778+0000] {processor.py:826} INFO - Processing file /home/airflow/.local/lib/python3.7/site-packages/airflow/example_dags/example_sensors.py for tasks to queue
[2023-06-03T20:36:56.779+0000] {logging_mixin.py:149} INFO - [2023-06-03T20:36:56.779+0000] {dagbag.py:541} INFO - Filling up the DagBag from /home/airflow/.local/lib/python3.7/site-packages/airflow/example_dags/example_sensors.py
[2023-06-03T20:36:56.786+0000] {processor.py:836} INFO - DAG(s) dict_keys(['example_sensors']) retrieved from /home/airflow/.local/lib/python3.7/site-packages/airflow/example_dags/example_sensors.py
[2023-06-03T20:36:56.806+0000] {logging_mixin.py:149} INFO - [2023-06-03T20:36:56.806+0000] {dag.py:2726} INFO - Sync 1 DAGs
[2023-06-03T20:36:56.822+0000] {logging_mixin.py:149} INFO - [2023-06-03T20:36:56.822+0000] {dag.py:3490} INFO - Setting next_dagrun for example_sensors to None, run_after=None
[2023-06-03T20:36:56.837+0000] {processor.py:179} INFO - Processing /home/airflow/.local/lib/python3.7/site-packages/airflow/example_dags/example_sensors.py took 0.063 seconds
[2023-06-03T20:37:27.565+0000] {processor.py:157} INFO - Started process (PID=6257) to work on /home/airflow/.local/lib/python3.7/site-packages/airflow/example_dags/example_sensors.py
[2023-06-03T20:37:27.567+0000] {processor.py:826} INFO - Processing file /home/airflow/.local/lib/python3.7/site-packages/airflow/example_dags/example_sensors.py for tasks to queue
[2023-06-03T20:37:27.568+0000] {logging_mixin.py:149} INFO - [2023-06-03T20:37:27.567+0000] {dagbag.py:541} INFO - Filling up the DagBag from /home/airflow/.local/lib/python3.7/site-packages/airflow/example_dags/example_sensors.py
[2023-06-03T20:37:27.575+0000] {processor.py:836} INFO - DAG(s) dict_keys(['example_sensors']) retrieved from /home/airflow/.local/lib/python3.7/site-packages/airflow/example_dags/example_sensors.py
[2023-06-03T20:37:27.596+0000] {logging_mixin.py:149} INFO - [2023-06-03T20:37:27.596+0000] {dag.py:2726} INFO - Sync 1 DAGs
[2023-06-03T20:37:27.615+0000] {logging_mixin.py:149} INFO - [2023-06-03T20:37:27.615+0000] {dag.py:3490} INFO - Setting next_dagrun for example_sensors to None, run_after=None
[2023-06-03T20:37:27.634+0000] {processor.py:179} INFO - Processing /home/airflow/.local/lib/python3.7/site-packages/airflow/example_dags/example_sensors.py took 0.071 seconds
[2023-06-03T20:37:58.258+0000] {processor.py:157} INFO - Started process (PID=6511) to work on /home/airflow/.local/lib/python3.7/site-packages/airflow/example_dags/example_sensors.py
[2023-06-03T20:37:58.259+0000] {processor.py:826} INFO - Processing file /home/airflow/.local/lib/python3.7/site-packages/airflow/example_dags/example_sensors.py for tasks to queue
[2023-06-03T20:37:58.260+0000] {logging_mixin.py:149} INFO - [2023-06-03T20:37:58.260+0000] {dagbag.py:541} INFO - Filling up the DagBag from /home/airflow/.local/lib/python3.7/site-packages/airflow/example_dags/example_sensors.py
[2023-06-03T20:37:58.267+0000] {processor.py:836} INFO - DAG(s) dict_keys(['example_sensors']) retrieved from /home/airflow/.local/lib/python3.7/site-packages/airflow/example_dags/example_sensors.py
[2023-06-03T20:37:58.287+0000] {logging_mixin.py:149} INFO - [2023-06-03T20:37:58.287+0000] {dag.py:2726} INFO - Sync 1 DAGs
[2023-06-03T20:37:58.303+0000] {logging_mixin.py:149} INFO - [2023-06-03T20:37:58.303+0000] {dag.py:3490} INFO - Setting next_dagrun for example_sensors to None, run_after=None
[2023-06-03T20:37:58.319+0000] {processor.py:179} INFO - Processing /home/airflow/.local/lib/python3.7/site-packages/airflow/example_dags/example_sensors.py took 0.063 seconds
[2023-06-03T20:38:28.468+0000] {processor.py:157} INFO - Started process (PID=6768) to work on /home/airflow/.local/lib/python3.7/site-packages/airflow/example_dags/example_sensors.py
[2023-06-03T20:38:28.469+0000] {processor.py:826} INFO - Processing file /home/airflow/.local/lib/python3.7/site-packages/airflow/example_dags/example_sensors.py for tasks to queue
[2023-06-03T20:38:28.470+0000] {logging_mixin.py:149} INFO - [2023-06-03T20:38:28.470+0000] {dagbag.py:541} INFO - Filling up the DagBag from /home/airflow/.local/lib/python3.7/site-packages/airflow/example_dags/example_sensors.py
[2023-06-03T20:38:28.477+0000] {processor.py:836} INFO - DAG(s) dict_keys(['example_sensors']) retrieved from /home/airflow/.local/lib/python3.7/site-packages/airflow/example_dags/example_sensors.py
[2023-06-03T20:38:28.496+0000] {logging_mixin.py:149} INFO - [2023-06-03T20:38:28.496+0000] {dag.py:2726} INFO - Sync 1 DAGs
[2023-06-03T20:38:28.512+0000] {logging_mixin.py:149} INFO - [2023-06-03T20:38:28.512+0000] {dag.py:3490} INFO - Setting next_dagrun for example_sensors to None, run_after=None
[2023-06-03T20:38:28.528+0000] {processor.py:179} INFO - Processing /home/airflow/.local/lib/python3.7/site-packages/airflow/example_dags/example_sensors.py took 0.062 seconds
[2023-06-03T20:38:58.703+0000] {processor.py:157} INFO - Started process (PID=7013) to work on /home/airflow/.local/lib/python3.7/site-packages/airflow/example_dags/example_sensors.py
[2023-06-03T20:38:58.705+0000] {processor.py:826} INFO - Processing file /home/airflow/.local/lib/python3.7/site-packages/airflow/example_dags/example_sensors.py for tasks to queue
[2023-06-03T20:38:58.707+0000] {logging_mixin.py:149} INFO - [2023-06-03T20:38:58.707+0000] {dagbag.py:541} INFO - Filling up the DagBag from /home/airflow/.local/lib/python3.7/site-packages/airflow/example_dags/example_sensors.py
[2023-06-03T20:38:58.715+0000] {processor.py:836} INFO - DAG(s) dict_keys(['example_sensors']) retrieved from /home/airflow/.local/lib/python3.7/site-packages/airflow/example_dags/example_sensors.py
[2023-06-03T20:38:58.736+0000] {logging_mixin.py:149} INFO - [2023-06-03T20:38:58.736+0000] {dag.py:2726} INFO - Sync 1 DAGs
[2023-06-03T20:38:58.755+0000] {logging_mixin.py:149} INFO - [2023-06-03T20:38:58.755+0000] {dag.py:3490} INFO - Setting next_dagrun for example_sensors to None, run_after=None
[2023-06-03T20:38:58.774+0000] {processor.py:179} INFO - Processing /home/airflow/.local/lib/python3.7/site-packages/airflow/example_dags/example_sensors.py took 0.073 seconds
[2023-06-03T20:39:28.965+0000] {processor.py:157} INFO - Started process (PID=7267) to work on /home/airflow/.local/lib/python3.7/site-packages/airflow/example_dags/example_sensors.py
[2023-06-03T20:39:28.966+0000] {processor.py:826} INFO - Processing file /home/airflow/.local/lib/python3.7/site-packages/airflow/example_dags/example_sensors.py for tasks to queue
[2023-06-03T20:39:28.967+0000] {logging_mixin.py:149} INFO - [2023-06-03T20:39:28.967+0000] {dagbag.py:541} INFO - Filling up the DagBag from /home/airflow/.local/lib/python3.7/site-packages/airflow/example_dags/example_sensors.py
[2023-06-03T20:39:28.975+0000] {processor.py:836} INFO - DAG(s) dict_keys(['example_sensors']) retrieved from /home/airflow/.local/lib/python3.7/site-packages/airflow/example_dags/example_sensors.py
[2023-06-03T20:39:28.998+0000] {logging_mixin.py:149} INFO - [2023-06-03T20:39:28.998+0000] {dag.py:2726} INFO - Sync 1 DAGs
[2023-06-03T20:39:29.032+0000] {logging_mixin.py:149} INFO - [2023-06-03T20:39:29.032+0000] {dag.py:3490} INFO - Setting next_dagrun for example_sensors to None, run_after=None
[2023-06-03T20:39:29.049+0000] {processor.py:179} INFO - Processing /home/airflow/.local/lib/python3.7/site-packages/airflow/example_dags/example_sensors.py took 0.087 seconds
[2023-06-03T20:39:59.489+0000] {processor.py:157} INFO - Started process (PID=7519) to work on /home/airflow/.local/lib/python3.7/site-packages/airflow/example_dags/example_sensors.py
[2023-06-03T20:39:59.490+0000] {processor.py:826} INFO - Processing file /home/airflow/.local/lib/python3.7/site-packages/airflow/example_dags/example_sensors.py for tasks to queue
[2023-06-03T20:39:59.491+0000] {logging_mixin.py:149} INFO - [2023-06-03T20:39:59.491+0000] {dagbag.py:541} INFO - Filling up the DagBag from /home/airflow/.local/lib/python3.7/site-packages/airflow/example_dags/example_sensors.py
[2023-06-03T20:39:59.498+0000] {processor.py:836} INFO - DAG(s) dict_keys(['example_sensors']) retrieved from /home/airflow/.local/lib/python3.7/site-packages/airflow/example_dags/example_sensors.py
[2023-06-03T20:39:59.520+0000] {logging_mixin.py:149} INFO - [2023-06-03T20:39:59.520+0000] {dag.py:2726} INFO - Sync 1 DAGs
[2023-06-03T20:39:59.537+0000] {logging_mixin.py:149} INFO - [2023-06-03T20:39:59.537+0000] {dag.py:3490} INFO - Setting next_dagrun for example_sensors to None, run_after=None
[2023-06-03T20:39:59.554+0000] {processor.py:179} INFO - Processing /home/airflow/.local/lib/python3.7/site-packages/airflow/example_dags/example_sensors.py took 0.068 seconds
[2023-06-03T20:40:29.686+0000] {processor.py:157} INFO - Started process (PID=7769) to work on /home/airflow/.local/lib/python3.7/site-packages/airflow/example_dags/example_sensors.py
[2023-06-03T20:40:29.687+0000] {processor.py:826} INFO - Processing file /home/airflow/.local/lib/python3.7/site-packages/airflow/example_dags/example_sensors.py for tasks to queue
[2023-06-03T20:40:29.688+0000] {logging_mixin.py:149} INFO - [2023-06-03T20:40:29.688+0000] {dagbag.py:541} INFO - Filling up the DagBag from /home/airflow/.local/lib/python3.7/site-packages/airflow/example_dags/example_sensors.py
[2023-06-03T20:40:29.696+0000] {processor.py:836} INFO - DAG(s) dict_keys(['example_sensors']) retrieved from /home/airflow/.local/lib/python3.7/site-packages/airflow/example_dags/example_sensors.py
[2023-06-03T20:40:29.719+0000] {logging_mixin.py:149} INFO - [2023-06-03T20:40:29.719+0000] {dag.py:2726} INFO - Sync 1 DAGs
[2023-06-03T20:40:29.737+0000] {logging_mixin.py:149} INFO - [2023-06-03T20:40:29.737+0000] {dag.py:3490} INFO - Setting next_dagrun for example_sensors to None, run_after=None
[2023-06-03T20:40:29.804+0000] {processor.py:179} INFO - Processing /home/airflow/.local/lib/python3.7/site-packages/airflow/example_dags/example_sensors.py took 0.120 seconds
[2023-06-03T20:41:00.729+0000] {processor.py:157} INFO - Started process (PID=8021) to work on /home/airflow/.local/lib/python3.7/site-packages/airflow/example_dags/example_sensors.py
[2023-06-03T20:41:00.730+0000] {processor.py:826} INFO - Processing file /home/airflow/.local/lib/python3.7/site-packages/airflow/example_dags/example_sensors.py for tasks to queue
[2023-06-03T20:41:00.731+0000] {logging_mixin.py:149} INFO - [2023-06-03T20:41:00.731+0000] {dagbag.py:541} INFO - Filling up the DagBag from /home/airflow/.local/lib/python3.7/site-packages/airflow/example_dags/example_sensors.py
[2023-06-03T20:41:00.739+0000] {processor.py:836} INFO - DAG(s) dict_keys(['example_sensors']) retrieved from /home/airflow/.local/lib/python3.7/site-packages/airflow/example_dags/example_sensors.py
[2023-06-03T20:41:00.763+0000] {logging_mixin.py:149} INFO - [2023-06-03T20:41:00.763+0000] {dag.py:2726} INFO - Sync 1 DAGs
[2023-06-03T20:41:00.782+0000] {logging_mixin.py:149} INFO - [2023-06-03T20:41:00.782+0000] {dag.py:3490} INFO - Setting next_dagrun for example_sensors to None, run_after=None
[2023-06-03T20:41:00.799+0000] {processor.py:179} INFO - Processing /home/airflow/.local/lib/python3.7/site-packages/airflow/example_dags/example_sensors.py took 0.072 seconds
[2023-06-03T20:41:30.980+0000] {processor.py:157} INFO - Started process (PID=8275) to work on /home/airflow/.local/lib/python3.7/site-packages/airflow/example_dags/example_sensors.py
[2023-06-03T20:41:30.981+0000] {processor.py:826} INFO - Processing file /home/airflow/.local/lib/python3.7/site-packages/airflow/example_dags/example_sensors.py for tasks to queue
[2023-06-03T20:41:30.983+0000] {logging_mixin.py:149} INFO - [2023-06-03T20:41:30.983+0000] {dagbag.py:541} INFO - Filling up the DagBag from /home/airflow/.local/lib/python3.7/site-packages/airflow/example_dags/example_sensors.py
[2023-06-03T20:41:30.994+0000] {processor.py:836} INFO - DAG(s) dict_keys(['example_sensors']) retrieved from /home/airflow/.local/lib/python3.7/site-packages/airflow/example_dags/example_sensors.py
[2023-06-03T20:41:31.019+0000] {logging_mixin.py:149} INFO - [2023-06-03T20:41:31.019+0000] {dag.py:2726} INFO - Sync 1 DAGs
[2023-06-03T20:41:31.037+0000] {logging_mixin.py:149} INFO - [2023-06-03T20:41:31.037+0000] {dag.py:3490} INFO - Setting next_dagrun for example_sensors to None, run_after=None
[2023-06-03T20:41:31.055+0000] {processor.py:179} INFO - Processing /home/airflow/.local/lib/python3.7/site-packages/airflow/example_dags/example_sensors.py took 0.078 seconds
[2023-06-03T20:42:01.337+0000] {processor.py:157} INFO - Started process (PID=8527) to work on /home/airflow/.local/lib/python3.7/site-packages/airflow/example_dags/example_sensors.py
[2023-06-03T20:42:01.339+0000] {processor.py:826} INFO - Processing file /home/airflow/.local/lib/python3.7/site-packages/airflow/example_dags/example_sensors.py for tasks to queue
[2023-06-03T20:42:01.340+0000] {logging_mixin.py:149} INFO - [2023-06-03T20:42:01.340+0000] {dagbag.py:541} INFO - Filling up the DagBag from /home/airflow/.local/lib/python3.7/site-packages/airflow/example_dags/example_sensors.py
[2023-06-03T20:42:01.348+0000] {processor.py:836} INFO - DAG(s) dict_keys(['example_sensors']) retrieved from /home/airflow/.local/lib/python3.7/site-packages/airflow/example_dags/example_sensors.py
[2023-06-03T20:42:01.375+0000] {logging_mixin.py:149} INFO - [2023-06-03T20:42:01.375+0000] {dag.py:2726} INFO - Sync 1 DAGs
[2023-06-03T20:42:01.399+0000] {logging_mixin.py:149} INFO - [2023-06-03T20:42:01.399+0000] {dag.py:3490} INFO - Setting next_dagrun for example_sensors to None, run_after=None
[2023-06-03T20:42:01.421+0000] {processor.py:179} INFO - Processing /home/airflow/.local/lib/python3.7/site-packages/airflow/example_dags/example_sensors.py took 0.086 seconds
[2023-06-03T20:42:32.401+0000] {processor.py:157} INFO - Started process (PID=8779) to work on /home/airflow/.local/lib/python3.7/site-packages/airflow/example_dags/example_sensors.py
[2023-06-03T20:42:32.445+0000] {processor.py:826} INFO - Processing file /home/airflow/.local/lib/python3.7/site-packages/airflow/example_dags/example_sensors.py for tasks to queue
[2023-06-03T20:42:32.447+0000] {logging_mixin.py:149} INFO - [2023-06-03T20:42:32.447+0000] {dagbag.py:541} INFO - Filling up the DagBag from /home/airflow/.local/lib/python3.7/site-packages/airflow/example_dags/example_sensors.py
[2023-06-03T20:42:32.459+0000] {processor.py:836} INFO - DAG(s) dict_keys(['example_sensors']) retrieved from /home/airflow/.local/lib/python3.7/site-packages/airflow/example_dags/example_sensors.py
[2023-06-03T20:42:32.483+0000] {logging_mixin.py:149} INFO - [2023-06-03T20:42:32.483+0000] {dag.py:2726} INFO - Sync 1 DAGs
[2023-06-03T20:42:32.500+0000] {logging_mixin.py:149} INFO - [2023-06-03T20:42:32.500+0000] {dag.py:3490} INFO - Setting next_dagrun for example_sensors to None, run_after=None
[2023-06-03T20:42:32.519+0000] {processor.py:179} INFO - Processing /home/airflow/.local/lib/python3.7/site-packages/airflow/example_dags/example_sensors.py took 0.121 seconds
[2023-06-03T20:43:02.593+0000] {processor.py:157} INFO - Started process (PID=9029) to work on /home/airflow/.local/lib/python3.7/site-packages/airflow/example_dags/example_sensors.py
[2023-06-03T20:43:02.594+0000] {processor.py:826} INFO - Processing file /home/airflow/.local/lib/python3.7/site-packages/airflow/example_dags/example_sensors.py for tasks to queue
[2023-06-03T20:43:02.595+0000] {logging_mixin.py:149} INFO - [2023-06-03T20:43:02.595+0000] {dagbag.py:541} INFO - Filling up the DagBag from /home/airflow/.local/lib/python3.7/site-packages/airflow/example_dags/example_sensors.py
[2023-06-03T20:43:02.603+0000] {processor.py:836} INFO - DAG(s) dict_keys(['example_sensors']) retrieved from /home/airflow/.local/lib/python3.7/site-packages/airflow/example_dags/example_sensors.py
[2023-06-03T20:43:02.625+0000] {logging_mixin.py:149} INFO - [2023-06-03T20:43:02.625+0000] {dag.py:2726} INFO - Sync 1 DAGs
[2023-06-03T20:43:02.644+0000] {logging_mixin.py:149} INFO - [2023-06-03T20:43:02.644+0000] {dag.py:3490} INFO - Setting next_dagrun for example_sensors to None, run_after=None
[2023-06-03T20:43:02.670+0000] {processor.py:179} INFO - Processing /home/airflow/.local/lib/python3.7/site-packages/airflow/example_dags/example_sensors.py took 0.080 seconds
[2023-06-03T20:43:33.180+0000] {processor.py:157} INFO - Started process (PID=9283) to work on /home/airflow/.local/lib/python3.7/site-packages/airflow/example_dags/example_sensors.py
[2023-06-03T20:43:33.181+0000] {processor.py:826} INFO - Processing file /home/airflow/.local/lib/python3.7/site-packages/airflow/example_dags/example_sensors.py for tasks to queue
[2023-06-03T20:43:33.182+0000] {logging_mixin.py:149} INFO - [2023-06-03T20:43:33.182+0000] {dagbag.py:541} INFO - Filling up the DagBag from /home/airflow/.local/lib/python3.7/site-packages/airflow/example_dags/example_sensors.py
[2023-06-03T20:43:33.188+0000] {processor.py:836} INFO - DAG(s) dict_keys(['example_sensors']) retrieved from /home/airflow/.local/lib/python3.7/site-packages/airflow/example_dags/example_sensors.py
[2023-06-03T20:43:33.209+0000] {logging_mixin.py:149} INFO - [2023-06-03T20:43:33.208+0000] {dag.py:2726} INFO - Sync 1 DAGs
[2023-06-03T20:43:33.226+0000] {logging_mixin.py:149} INFO - [2023-06-03T20:43:33.226+0000] {dag.py:3490} INFO - Setting next_dagrun for example_sensors to None, run_after=None
[2023-06-03T20:43:33.241+0000] {processor.py:179} INFO - Processing /home/airflow/.local/lib/python3.7/site-packages/airflow/example_dags/example_sensors.py took 0.063 seconds
[2023-06-03T20:44:04.033+0000] {processor.py:157} INFO - Started process (PID=9535) to work on /home/airflow/.local/lib/python3.7/site-packages/airflow/example_dags/example_sensors.py
[2023-06-03T20:44:04.035+0000] {processor.py:826} INFO - Processing file /home/airflow/.local/lib/python3.7/site-packages/airflow/example_dags/example_sensors.py for tasks to queue
[2023-06-03T20:44:04.036+0000] {logging_mixin.py:149} INFO - [2023-06-03T20:44:04.036+0000] {dagbag.py:541} INFO - Filling up the DagBag from /home/airflow/.local/lib/python3.7/site-packages/airflow/example_dags/example_sensors.py
[2023-06-03T20:44:04.044+0000] {processor.py:836} INFO - DAG(s) dict_keys(['example_sensors']) retrieved from /home/airflow/.local/lib/python3.7/site-packages/airflow/example_dags/example_sensors.py
[2023-06-03T20:44:04.066+0000] {logging_mixin.py:149} INFO - [2023-06-03T20:44:04.066+0000] {dag.py:2726} INFO - Sync 1 DAGs
[2023-06-03T20:44:04.085+0000] {logging_mixin.py:149} INFO - [2023-06-03T20:44:04.085+0000] {dag.py:3490} INFO - Setting next_dagrun for example_sensors to None, run_after=None
[2023-06-03T20:44:04.103+0000] {processor.py:179} INFO - Processing /home/airflow/.local/lib/python3.7/site-packages/airflow/example_dags/example_sensors.py took 0.074 seconds
[2023-06-03T20:44:34.807+0000] {processor.py:157} INFO - Started process (PID=9785) to work on /home/airflow/.local/lib/python3.7/site-packages/airflow/example_dags/example_sensors.py
[2023-06-03T20:44:34.808+0000] {processor.py:826} INFO - Processing file /home/airflow/.local/lib/python3.7/site-packages/airflow/example_dags/example_sensors.py for tasks to queue
[2023-06-03T20:44:34.809+0000] {logging_mixin.py:149} INFO - [2023-06-03T20:44:34.809+0000] {dagbag.py:541} INFO - Filling up the DagBag from /home/airflow/.local/lib/python3.7/site-packages/airflow/example_dags/example_sensors.py
[2023-06-03T20:44:34.816+0000] {processor.py:836} INFO - DAG(s) dict_keys(['example_sensors']) retrieved from /home/airflow/.local/lib/python3.7/site-packages/airflow/example_dags/example_sensors.py
[2023-06-03T20:44:34.836+0000] {logging_mixin.py:149} INFO - [2023-06-03T20:44:34.836+0000] {dag.py:2726} INFO - Sync 1 DAGs
[2023-06-03T20:44:34.854+0000] {logging_mixin.py:149} INFO - [2023-06-03T20:44:34.854+0000] {dag.py:3490} INFO - Setting next_dagrun for example_sensors to None, run_after=None
[2023-06-03T20:44:34.869+0000] {processor.py:179} INFO - Processing /home/airflow/.local/lib/python3.7/site-packages/airflow/example_dags/example_sensors.py took 0.065 seconds
[2023-06-03T20:45:05.969+0000] {processor.py:157} INFO - Started process (PID=10037) to work on /home/airflow/.local/lib/python3.7/site-packages/airflow/example_dags/example_sensors.py
[2023-06-03T20:45:05.971+0000] {processor.py:826} INFO - Processing file /home/airflow/.local/lib/python3.7/site-packages/airflow/example_dags/example_sensors.py for tasks to queue
[2023-06-03T20:45:05.972+0000] {logging_mixin.py:149} INFO - [2023-06-03T20:45:05.972+0000] {dagbag.py:541} INFO - Filling up the DagBag from /home/airflow/.local/lib/python3.7/site-packages/airflow/example_dags/example_sensors.py
[2023-06-03T20:45:05.980+0000] {processor.py:836} INFO - DAG(s) dict_keys(['example_sensors']) retrieved from /home/airflow/.local/lib/python3.7/site-packages/airflow/example_dags/example_sensors.py
[2023-06-03T20:45:06.009+0000] {logging_mixin.py:149} INFO - [2023-06-03T20:45:06.008+0000] {dag.py:2726} INFO - Sync 1 DAGs
[2023-06-03T20:45:06.027+0000] {logging_mixin.py:149} INFO - [2023-06-03T20:45:06.026+0000] {dag.py:3490} INFO - Setting next_dagrun for example_sensors to None, run_after=None
[2023-06-03T20:45:06.044+0000] {processor.py:179} INFO - Processing /home/airflow/.local/lib/python3.7/site-packages/airflow/example_dags/example_sensors.py took 0.077 seconds
[2023-06-03T20:45:36.654+0000] {processor.py:157} INFO - Started process (PID=10289) to work on /home/airflow/.local/lib/python3.7/site-packages/airflow/example_dags/example_sensors.py
[2023-06-03T20:45:36.656+0000] {processor.py:826} INFO - Processing file /home/airflow/.local/lib/python3.7/site-packages/airflow/example_dags/example_sensors.py for tasks to queue
[2023-06-03T20:45:36.656+0000] {logging_mixin.py:149} INFO - [2023-06-03T20:45:36.656+0000] {dagbag.py:541} INFO - Filling up the DagBag from /home/airflow/.local/lib/python3.7/site-packages/airflow/example_dags/example_sensors.py
[2023-06-03T20:45:36.664+0000] {processor.py:836} INFO - DAG(s) dict_keys(['example_sensors']) retrieved from /home/airflow/.local/lib/python3.7/site-packages/airflow/example_dags/example_sensors.py
[2023-06-03T20:45:36.684+0000] {logging_mixin.py:149} INFO - [2023-06-03T20:45:36.684+0000] {dag.py:2726} INFO - Sync 1 DAGs
[2023-06-03T20:45:36.701+0000] {logging_mixin.py:149} INFO - [2023-06-03T20:45:36.701+0000] {dag.py:3490} INFO - Setting next_dagrun for example_sensors to None, run_after=None
[2023-06-03T20:45:36.719+0000] {processor.py:179} INFO - Processing /home/airflow/.local/lib/python3.7/site-packages/airflow/example_dags/example_sensors.py took 0.067 seconds
[2023-06-03T20:46:06.766+0000] {processor.py:157} INFO - Started process (PID=10538) to work on /home/airflow/.local/lib/python3.7/site-packages/airflow/example_dags/example_sensors.py
[2023-06-03T20:46:06.767+0000] {processor.py:826} INFO - Processing file /home/airflow/.local/lib/python3.7/site-packages/airflow/example_dags/example_sensors.py for tasks to queue
[2023-06-03T20:46:06.768+0000] {logging_mixin.py:149} INFO - [2023-06-03T20:46:06.768+0000] {dagbag.py:541} INFO - Filling up the DagBag from /home/airflow/.local/lib/python3.7/site-packages/airflow/example_dags/example_sensors.py
[2023-06-03T20:46:06.775+0000] {processor.py:836} INFO - DAG(s) dict_keys(['example_sensors']) retrieved from /home/airflow/.local/lib/python3.7/site-packages/airflow/example_dags/example_sensors.py
[2023-06-03T20:46:06.796+0000] {logging_mixin.py:149} INFO - [2023-06-03T20:46:06.796+0000] {dag.py:2726} INFO - Sync 1 DAGs
[2023-06-03T20:46:06.868+0000] {logging_mixin.py:149} INFO - [2023-06-03T20:46:06.867+0000] {dag.py:3490} INFO - Setting next_dagrun for example_sensors to None, run_after=None
[2023-06-03T20:46:06.887+0000] {processor.py:179} INFO - Processing /home/airflow/.local/lib/python3.7/site-packages/airflow/example_dags/example_sensors.py took 0.124 seconds
[2023-06-03T20:46:38.185+0000] {processor.py:157} INFO - Started process (PID=10790) to work on /home/airflow/.local/lib/python3.7/site-packages/airflow/example_dags/example_sensors.py
[2023-06-03T20:46:38.186+0000] {processor.py:826} INFO - Processing file /home/airflow/.local/lib/python3.7/site-packages/airflow/example_dags/example_sensors.py for tasks to queue
[2023-06-03T20:46:38.188+0000] {logging_mixin.py:149} INFO - [2023-06-03T20:46:38.188+0000] {dagbag.py:541} INFO - Filling up the DagBag from /home/airflow/.local/lib/python3.7/site-packages/airflow/example_dags/example_sensors.py
[2023-06-03T20:46:38.195+0000] {processor.py:836} INFO - DAG(s) dict_keys(['example_sensors']) retrieved from /home/airflow/.local/lib/python3.7/site-packages/airflow/example_dags/example_sensors.py
[2023-06-03T20:46:38.214+0000] {logging_mixin.py:149} INFO - [2023-06-03T20:46:38.214+0000] {dag.py:2726} INFO - Sync 1 DAGs
[2023-06-03T20:46:38.231+0000] {logging_mixin.py:149} INFO - [2023-06-03T20:46:38.231+0000] {dag.py:3490} INFO - Setting next_dagrun for example_sensors to None, run_after=None
[2023-06-03T20:46:38.251+0000] {processor.py:179} INFO - Processing /home/airflow/.local/lib/python3.7/site-packages/airflow/example_dags/example_sensors.py took 0.068 seconds
[2023-06-03T20:47:08.471+0000] {processor.py:157} INFO - Started process (PID=11045) to work on /home/airflow/.local/lib/python3.7/site-packages/airflow/example_dags/example_sensors.py
[2023-06-03T20:47:08.472+0000] {processor.py:826} INFO - Processing file /home/airflow/.local/lib/python3.7/site-packages/airflow/example_dags/example_sensors.py for tasks to queue
[2023-06-03T20:47:08.473+0000] {logging_mixin.py:149} INFO - [2023-06-03T20:47:08.473+0000] {dagbag.py:541} INFO - Filling up the DagBag from /home/airflow/.local/lib/python3.7/site-packages/airflow/example_dags/example_sensors.py
[2023-06-03T20:47:08.480+0000] {processor.py:836} INFO - DAG(s) dict_keys(['example_sensors']) retrieved from /home/airflow/.local/lib/python3.7/site-packages/airflow/example_dags/example_sensors.py
[2023-06-03T20:47:08.500+0000] {logging_mixin.py:149} INFO - [2023-06-03T20:47:08.500+0000] {dag.py:2726} INFO - Sync 1 DAGs
[2023-06-03T20:47:08.517+0000] {logging_mixin.py:149} INFO - [2023-06-03T20:47:08.517+0000] {dag.py:3490} INFO - Setting next_dagrun for example_sensors to None, run_after=None
[2023-06-03T20:47:08.532+0000] {processor.py:179} INFO - Processing /home/airflow/.local/lib/python3.7/site-packages/airflow/example_dags/example_sensors.py took 0.063 seconds
[2023-06-03T20:47:38.684+0000] {processor.py:157} INFO - Started process (PID=11297) to work on /home/airflow/.local/lib/python3.7/site-packages/airflow/example_dags/example_sensors.py
[2023-06-03T20:47:38.686+0000] {processor.py:826} INFO - Processing file /home/airflow/.local/lib/python3.7/site-packages/airflow/example_dags/example_sensors.py for tasks to queue
[2023-06-03T20:47:38.686+0000] {logging_mixin.py:149} INFO - [2023-06-03T20:47:38.686+0000] {dagbag.py:541} INFO - Filling up the DagBag from /home/airflow/.local/lib/python3.7/site-packages/airflow/example_dags/example_sensors.py
[2023-06-03T20:47:38.694+0000] {processor.py:836} INFO - DAG(s) dict_keys(['example_sensors']) retrieved from /home/airflow/.local/lib/python3.7/site-packages/airflow/example_dags/example_sensors.py
[2023-06-03T20:47:38.713+0000] {logging_mixin.py:149} INFO - [2023-06-03T20:47:38.713+0000] {dag.py:2726} INFO - Sync 1 DAGs
[2023-06-03T20:47:38.732+0000] {logging_mixin.py:149} INFO - [2023-06-03T20:47:38.732+0000] {dag.py:3490} INFO - Setting next_dagrun for example_sensors to None, run_after=None
[2023-06-03T20:47:38.754+0000] {processor.py:179} INFO - Processing /home/airflow/.local/lib/python3.7/site-packages/airflow/example_dags/example_sensors.py took 0.072 seconds
[2023-06-03T20:48:09.101+0000] {processor.py:157} INFO - Started process (PID=11549) to work on /home/airflow/.local/lib/python3.7/site-packages/airflow/example_dags/example_sensors.py
[2023-06-03T20:48:09.103+0000] {processor.py:826} INFO - Processing file /home/airflow/.local/lib/python3.7/site-packages/airflow/example_dags/example_sensors.py for tasks to queue
[2023-06-03T20:48:09.104+0000] {logging_mixin.py:149} INFO - [2023-06-03T20:48:09.104+0000] {dagbag.py:541} INFO - Filling up the DagBag from /home/airflow/.local/lib/python3.7/site-packages/airflow/example_dags/example_sensors.py
[2023-06-03T20:48:09.114+0000] {processor.py:836} INFO - DAG(s) dict_keys(['example_sensors']) retrieved from /home/airflow/.local/lib/python3.7/site-packages/airflow/example_dags/example_sensors.py
[2023-06-03T20:48:09.140+0000] {logging_mixin.py:149} INFO - [2023-06-03T20:48:09.140+0000] {dag.py:2726} INFO - Sync 1 DAGs
[2023-06-03T20:48:09.157+0000] {logging_mixin.py:149} INFO - [2023-06-03T20:48:09.157+0000] {dag.py:3490} INFO - Setting next_dagrun for example_sensors to None, run_after=None
[2023-06-03T20:48:09.174+0000] {processor.py:179} INFO - Processing /home/airflow/.local/lib/python3.7/site-packages/airflow/example_dags/example_sensors.py took 0.075 seconds
[2023-06-03T20:48:39.661+0000] {processor.py:157} INFO - Started process (PID=11801) to work on /home/airflow/.local/lib/python3.7/site-packages/airflow/example_dags/example_sensors.py
[2023-06-03T20:48:39.663+0000] {processor.py:826} INFO - Processing file /home/airflow/.local/lib/python3.7/site-packages/airflow/example_dags/example_sensors.py for tasks to queue
[2023-06-03T20:48:39.665+0000] {logging_mixin.py:149} INFO - [2023-06-03T20:48:39.665+0000] {dagbag.py:541} INFO - Filling up the DagBag from /home/airflow/.local/lib/python3.7/site-packages/airflow/example_dags/example_sensors.py
[2023-06-03T20:48:39.673+0000] {processor.py:836} INFO - DAG(s) dict_keys(['example_sensors']) retrieved from /home/airflow/.local/lib/python3.7/site-packages/airflow/example_dags/example_sensors.py
[2023-06-03T20:48:39.694+0000] {logging_mixin.py:149} INFO - [2023-06-03T20:48:39.694+0000] {dag.py:2726} INFO - Sync 1 DAGs
[2023-06-03T20:48:39.712+0000] {logging_mixin.py:149} INFO - [2023-06-03T20:48:39.711+0000] {dag.py:3490} INFO - Setting next_dagrun for example_sensors to None, run_after=None
[2023-06-03T20:48:39.729+0000] {processor.py:179} INFO - Processing /home/airflow/.local/lib/python3.7/site-packages/airflow/example_dags/example_sensors.py took 0.070 seconds
[2023-06-03T20:49:09.827+0000] {processor.py:157} INFO - Started process (PID=12055) to work on /home/airflow/.local/lib/python3.7/site-packages/airflow/example_dags/example_sensors.py
[2023-06-03T20:49:09.828+0000] {processor.py:826} INFO - Processing file /home/airflow/.local/lib/python3.7/site-packages/airflow/example_dags/example_sensors.py for tasks to queue
[2023-06-03T20:49:09.829+0000] {logging_mixin.py:149} INFO - [2023-06-03T20:49:09.829+0000] {dagbag.py:541} INFO - Filling up the DagBag from /home/airflow/.local/lib/python3.7/site-packages/airflow/example_dags/example_sensors.py
[2023-06-03T20:49:09.836+0000] {processor.py:836} INFO - DAG(s) dict_keys(['example_sensors']) retrieved from /home/airflow/.local/lib/python3.7/site-packages/airflow/example_dags/example_sensors.py
[2023-06-03T20:49:09.856+0000] {logging_mixin.py:149} INFO - [2023-06-03T20:49:09.856+0000] {dag.py:2726} INFO - Sync 1 DAGs
[2023-06-03T20:49:09.872+0000] {logging_mixin.py:149} INFO - [2023-06-03T20:49:09.872+0000] {dag.py:3490} INFO - Setting next_dagrun for example_sensors to None, run_after=None
[2023-06-03T20:49:09.888+0000] {processor.py:179} INFO - Processing /home/airflow/.local/lib/python3.7/site-packages/airflow/example_dags/example_sensors.py took 0.063 seconds
[2023-06-03T20:49:40.883+0000] {processor.py:157} INFO - Started process (PID=12307) to work on /home/airflow/.local/lib/python3.7/site-packages/airflow/example_dags/example_sensors.py
[2023-06-03T20:49:40.885+0000] {processor.py:826} INFO - Processing file /home/airflow/.local/lib/python3.7/site-packages/airflow/example_dags/example_sensors.py for tasks to queue
[2023-06-03T20:49:40.886+0000] {logging_mixin.py:149} INFO - [2023-06-03T20:49:40.886+0000] {dagbag.py:541} INFO - Filling up the DagBag from /home/airflow/.local/lib/python3.7/site-packages/airflow/example_dags/example_sensors.py
[2023-06-03T20:49:40.893+0000] {processor.py:836} INFO - DAG(s) dict_keys(['example_sensors']) retrieved from /home/airflow/.local/lib/python3.7/site-packages/airflow/example_dags/example_sensors.py
[2023-06-03T20:49:40.912+0000] {logging_mixin.py:149} INFO - [2023-06-03T20:49:40.912+0000] {dag.py:2726} INFO - Sync 1 DAGs
[2023-06-03T20:49:40.929+0000] {logging_mixin.py:149} INFO - [2023-06-03T20:49:40.929+0000] {dag.py:3490} INFO - Setting next_dagrun for example_sensors to None, run_after=None
[2023-06-03T20:49:40.943+0000] {processor.py:179} INFO - Processing /home/airflow/.local/lib/python3.7/site-packages/airflow/example_dags/example_sensors.py took 0.063 seconds
[2023-06-03T20:50:11.713+0000] {processor.py:157} INFO - Started process (PID=12566) to work on /home/airflow/.local/lib/python3.7/site-packages/airflow/example_dags/example_sensors.py
[2023-06-03T20:50:11.714+0000] {processor.py:826} INFO - Processing file /home/airflow/.local/lib/python3.7/site-packages/airflow/example_dags/example_sensors.py for tasks to queue
[2023-06-03T20:50:11.715+0000] {logging_mixin.py:149} INFO - [2023-06-03T20:50:11.715+0000] {dagbag.py:541} INFO - Filling up the DagBag from /home/airflow/.local/lib/python3.7/site-packages/airflow/example_dags/example_sensors.py
[2023-06-03T20:50:11.722+0000] {processor.py:836} INFO - DAG(s) dict_keys(['example_sensors']) retrieved from /home/airflow/.local/lib/python3.7/site-packages/airflow/example_dags/example_sensors.py
[2023-06-03T20:50:11.741+0000] {logging_mixin.py:149} INFO - [2023-06-03T20:50:11.741+0000] {dag.py:2726} INFO - Sync 1 DAGs
[2023-06-03T20:50:11.758+0000] {logging_mixin.py:149} INFO - [2023-06-03T20:50:11.758+0000] {dag.py:3490} INFO - Setting next_dagrun for example_sensors to None, run_after=None
[2023-06-03T20:50:11.772+0000] {processor.py:179} INFO - Processing /home/airflow/.local/lib/python3.7/site-packages/airflow/example_dags/example_sensors.py took 0.061 seconds
[2023-06-03T20:50:42.063+0000] {processor.py:157} INFO - Started process (PID=12819) to work on /home/airflow/.local/lib/python3.7/site-packages/airflow/example_dags/example_sensors.py
[2023-06-03T20:50:42.064+0000] {processor.py:826} INFO - Processing file /home/airflow/.local/lib/python3.7/site-packages/airflow/example_dags/example_sensors.py for tasks to queue
[2023-06-03T20:50:42.065+0000] {logging_mixin.py:149} INFO - [2023-06-03T20:50:42.065+0000] {dagbag.py:541} INFO - Filling up the DagBag from /home/airflow/.local/lib/python3.7/site-packages/airflow/example_dags/example_sensors.py
[2023-06-03T20:50:42.072+0000] {processor.py:836} INFO - DAG(s) dict_keys(['example_sensors']) retrieved from /home/airflow/.local/lib/python3.7/site-packages/airflow/example_dags/example_sensors.py
[2023-06-03T20:50:42.091+0000] {logging_mixin.py:149} INFO - [2023-06-03T20:50:42.091+0000] {dag.py:2726} INFO - Sync 1 DAGs
[2023-06-03T20:50:42.108+0000] {logging_mixin.py:149} INFO - [2023-06-03T20:50:42.108+0000] {dag.py:3490} INFO - Setting next_dagrun for example_sensors to None, run_after=None
[2023-06-03T20:50:42.123+0000] {processor.py:179} INFO - Processing /home/airflow/.local/lib/python3.7/site-packages/airflow/example_dags/example_sensors.py took 0.062 seconds
[2023-06-03T20:51:12.467+0000] {processor.py:157} INFO - Started process (PID=13069) to work on /home/airflow/.local/lib/python3.7/site-packages/airflow/example_dags/example_sensors.py
[2023-06-03T20:51:12.469+0000] {processor.py:826} INFO - Processing file /home/airflow/.local/lib/python3.7/site-packages/airflow/example_dags/example_sensors.py for tasks to queue
[2023-06-03T20:51:12.470+0000] {logging_mixin.py:149} INFO - [2023-06-03T20:51:12.470+0000] {dagbag.py:541} INFO - Filling up the DagBag from /home/airflow/.local/lib/python3.7/site-packages/airflow/example_dags/example_sensors.py
[2023-06-03T20:51:12.477+0000] {processor.py:836} INFO - DAG(s) dict_keys(['example_sensors']) retrieved from /home/airflow/.local/lib/python3.7/site-packages/airflow/example_dags/example_sensors.py
[2023-06-03T20:51:12.497+0000] {logging_mixin.py:149} INFO - [2023-06-03T20:51:12.497+0000] {dag.py:2726} INFO - Sync 1 DAGs
[2023-06-03T20:51:12.514+0000] {logging_mixin.py:149} INFO - [2023-06-03T20:51:12.514+0000] {dag.py:3490} INFO - Setting next_dagrun for example_sensors to None, run_after=None
[2023-06-03T20:51:12.530+0000] {processor.py:179} INFO - Processing /home/airflow/.local/lib/python3.7/site-packages/airflow/example_dags/example_sensors.py took 0.064 seconds
[2023-06-03T20:51:43.676+0000] {processor.py:157} INFO - Started process (PID=13321) to work on /home/airflow/.local/lib/python3.7/site-packages/airflow/example_dags/example_sensors.py
[2023-06-03T20:51:43.678+0000] {processor.py:826} INFO - Processing file /home/airflow/.local/lib/python3.7/site-packages/airflow/example_dags/example_sensors.py for tasks to queue
[2023-06-03T20:51:43.679+0000] {logging_mixin.py:149} INFO - [2023-06-03T20:51:43.679+0000] {dagbag.py:541} INFO - Filling up the DagBag from /home/airflow/.local/lib/python3.7/site-packages/airflow/example_dags/example_sensors.py
[2023-06-03T20:51:43.687+0000] {processor.py:836} INFO - DAG(s) dict_keys(['example_sensors']) retrieved from /home/airflow/.local/lib/python3.7/site-packages/airflow/example_dags/example_sensors.py
[2023-06-03T20:51:43.708+0000] {logging_mixin.py:149} INFO - [2023-06-03T20:51:43.708+0000] {dag.py:2726} INFO - Sync 1 DAGs
[2023-06-03T20:51:43.726+0000] {logging_mixin.py:149} INFO - [2023-06-03T20:51:43.726+0000] {dag.py:3490} INFO - Setting next_dagrun for example_sensors to None, run_after=None
[2023-06-03T20:51:43.742+0000] {processor.py:179} INFO - Processing /home/airflow/.local/lib/python3.7/site-packages/airflow/example_dags/example_sensors.py took 0.068 seconds
[2023-06-03T20:52:14.379+0000] {processor.py:157} INFO - Started process (PID=13575) to work on /home/airflow/.local/lib/python3.7/site-packages/airflow/example_dags/example_sensors.py
[2023-06-03T20:52:14.381+0000] {processor.py:826} INFO - Processing file /home/airflow/.local/lib/python3.7/site-packages/airflow/example_dags/example_sensors.py for tasks to queue
[2023-06-03T20:52:14.382+0000] {logging_mixin.py:149} INFO - [2023-06-03T20:52:14.382+0000] {dagbag.py:541} INFO - Filling up the DagBag from /home/airflow/.local/lib/python3.7/site-packages/airflow/example_dags/example_sensors.py
[2023-06-03T20:52:14.389+0000] {processor.py:836} INFO - DAG(s) dict_keys(['example_sensors']) retrieved from /home/airflow/.local/lib/python3.7/site-packages/airflow/example_dags/example_sensors.py
[2023-06-03T20:52:14.409+0000] {logging_mixin.py:149} INFO - [2023-06-03T20:52:14.409+0000] {dag.py:2726} INFO - Sync 1 DAGs
[2023-06-03T20:52:14.425+0000] {logging_mixin.py:149} INFO - [2023-06-03T20:52:14.425+0000] {dag.py:3490} INFO - Setting next_dagrun for example_sensors to None, run_after=None
[2023-06-03T20:52:14.440+0000] {processor.py:179} INFO - Processing /home/airflow/.local/lib/python3.7/site-packages/airflow/example_dags/example_sensors.py took 0.065 seconds
[2023-06-03T20:52:45.403+0000] {processor.py:157} INFO - Started process (PID=13825) to work on /home/airflow/.local/lib/python3.7/site-packages/airflow/example_dags/example_sensors.py
[2023-06-03T20:52:45.405+0000] {processor.py:826} INFO - Processing file /home/airflow/.local/lib/python3.7/site-packages/airflow/example_dags/example_sensors.py for tasks to queue
[2023-06-03T20:52:45.407+0000] {logging_mixin.py:149} INFO - [2023-06-03T20:52:45.407+0000] {dagbag.py:541} INFO - Filling up the DagBag from /home/airflow/.local/lib/python3.7/site-packages/airflow/example_dags/example_sensors.py
[2023-06-03T20:52:45.414+0000] {processor.py:836} INFO - DAG(s) dict_keys(['example_sensors']) retrieved from /home/airflow/.local/lib/python3.7/site-packages/airflow/example_dags/example_sensors.py
[2023-06-03T20:52:45.434+0000] {logging_mixin.py:149} INFO - [2023-06-03T20:52:45.434+0000] {dag.py:2726} INFO - Sync 1 DAGs
[2023-06-03T20:52:45.452+0000] {logging_mixin.py:149} INFO - [2023-06-03T20:52:45.452+0000] {dag.py:3490} INFO - Setting next_dagrun for example_sensors to None, run_after=None
[2023-06-03T20:52:45.469+0000] {processor.py:179} INFO - Processing /home/airflow/.local/lib/python3.7/site-packages/airflow/example_dags/example_sensors.py took 0.068 seconds
[2023-06-03T20:53:15.736+0000] {processor.py:157} INFO - Started process (PID=14077) to work on /home/airflow/.local/lib/python3.7/site-packages/airflow/example_dags/example_sensors.py
[2023-06-03T20:53:15.738+0000] {processor.py:826} INFO - Processing file /home/airflow/.local/lib/python3.7/site-packages/airflow/example_dags/example_sensors.py for tasks to queue
[2023-06-03T20:53:15.739+0000] {logging_mixin.py:149} INFO - [2023-06-03T20:53:15.739+0000] {dagbag.py:541} INFO - Filling up the DagBag from /home/airflow/.local/lib/python3.7/site-packages/airflow/example_dags/example_sensors.py
[2023-06-03T20:53:15.747+0000] {processor.py:836} INFO - DAG(s) dict_keys(['example_sensors']) retrieved from /home/airflow/.local/lib/python3.7/site-packages/airflow/example_dags/example_sensors.py
[2023-06-03T20:53:15.768+0000] {logging_mixin.py:149} INFO - [2023-06-03T20:53:15.768+0000] {dag.py:2726} INFO - Sync 1 DAGs
[2023-06-03T20:53:15.786+0000] {logging_mixin.py:149} INFO - [2023-06-03T20:53:15.786+0000] {dag.py:3490} INFO - Setting next_dagrun for example_sensors to None, run_after=None
[2023-06-03T20:53:15.804+0000] {processor.py:179} INFO - Processing /home/airflow/.local/lib/python3.7/site-packages/airflow/example_dags/example_sensors.py took 0.070 seconds
[2023-06-03T20:53:45.937+0000] {processor.py:157} INFO - Started process (PID=14329) to work on /home/airflow/.local/lib/python3.7/site-packages/airflow/example_dags/example_sensors.py
[2023-06-03T20:53:45.939+0000] {processor.py:826} INFO - Processing file /home/airflow/.local/lib/python3.7/site-packages/airflow/example_dags/example_sensors.py for tasks to queue
[2023-06-03T20:53:45.940+0000] {logging_mixin.py:149} INFO - [2023-06-03T20:53:45.940+0000] {dagbag.py:541} INFO - Filling up the DagBag from /home/airflow/.local/lib/python3.7/site-packages/airflow/example_dags/example_sensors.py
[2023-06-03T20:53:45.947+0000] {processor.py:836} INFO - DAG(s) dict_keys(['example_sensors']) retrieved from /home/airflow/.local/lib/python3.7/site-packages/airflow/example_dags/example_sensors.py
[2023-06-03T20:53:45.967+0000] {logging_mixin.py:149} INFO - [2023-06-03T20:53:45.967+0000] {dag.py:2726} INFO - Sync 1 DAGs
[2023-06-03T20:53:45.996+0000] {logging_mixin.py:149} INFO - [2023-06-03T20:53:45.996+0000] {dag.py:3490} INFO - Setting next_dagrun for example_sensors to None, run_after=None
[2023-06-03T20:53:46.015+0000] {processor.py:179} INFO - Processing /home/airflow/.local/lib/python3.7/site-packages/airflow/example_dags/example_sensors.py took 0.080 seconds
[2023-06-03T20:54:17.050+0000] {processor.py:157} INFO - Started process (PID=14581) to work on /home/airflow/.local/lib/python3.7/site-packages/airflow/example_dags/example_sensors.py
[2023-06-03T20:54:17.051+0000] {processor.py:826} INFO - Processing file /home/airflow/.local/lib/python3.7/site-packages/airflow/example_dags/example_sensors.py for tasks to queue
[2023-06-03T20:54:17.051+0000] {logging_mixin.py:149} INFO - [2023-06-03T20:54:17.051+0000] {dagbag.py:541} INFO - Filling up the DagBag from /home/airflow/.local/lib/python3.7/site-packages/airflow/example_dags/example_sensors.py
[2023-06-03T20:54:17.058+0000] {processor.py:836} INFO - DAG(s) dict_keys(['example_sensors']) retrieved from /home/airflow/.local/lib/python3.7/site-packages/airflow/example_dags/example_sensors.py
[2023-06-03T20:54:17.077+0000] {logging_mixin.py:149} INFO - [2023-06-03T20:54:17.077+0000] {dag.py:2726} INFO - Sync 1 DAGs
[2023-06-03T20:54:17.094+0000] {logging_mixin.py:149} INFO - [2023-06-03T20:54:17.094+0000] {dag.py:3490} INFO - Setting next_dagrun for example_sensors to None, run_after=None
[2023-06-03T20:54:17.109+0000] {processor.py:179} INFO - Processing /home/airflow/.local/lib/python3.7/site-packages/airflow/example_dags/example_sensors.py took 0.062 seconds
[2023-06-03T20:54:47.341+0000] {processor.py:157} INFO - Started process (PID=14833) to work on /home/airflow/.local/lib/python3.7/site-packages/airflow/example_dags/example_sensors.py
[2023-06-03T20:54:47.343+0000] {processor.py:826} INFO - Processing file /home/airflow/.local/lib/python3.7/site-packages/airflow/example_dags/example_sensors.py for tasks to queue
[2023-06-03T20:54:47.344+0000] {logging_mixin.py:149} INFO - [2023-06-03T20:54:47.344+0000] {dagbag.py:541} INFO - Filling up the DagBag from /home/airflow/.local/lib/python3.7/site-packages/airflow/example_dags/example_sensors.py
[2023-06-03T20:54:47.351+0000] {processor.py:836} INFO - DAG(s) dict_keys(['example_sensors']) retrieved from /home/airflow/.local/lib/python3.7/site-packages/airflow/example_dags/example_sensors.py
[2023-06-03T20:54:47.372+0000] {logging_mixin.py:149} INFO - [2023-06-03T20:54:47.372+0000] {dag.py:2726} INFO - Sync 1 DAGs
[2023-06-03T20:54:47.389+0000] {logging_mixin.py:149} INFO - [2023-06-03T20:54:47.389+0000] {dag.py:3490} INFO - Setting next_dagrun for example_sensors to None, run_after=None
[2023-06-03T20:54:47.405+0000] {processor.py:179} INFO - Processing /home/airflow/.local/lib/python3.7/site-packages/airflow/example_dags/example_sensors.py took 0.066 seconds
[2023-06-03T20:55:17.685+0000] {processor.py:157} INFO - Started process (PID=15085) to work on /home/airflow/.local/lib/python3.7/site-packages/airflow/example_dags/example_sensors.py
[2023-06-03T20:55:17.686+0000] {processor.py:826} INFO - Processing file /home/airflow/.local/lib/python3.7/site-packages/airflow/example_dags/example_sensors.py for tasks to queue
[2023-06-03T20:55:17.688+0000] {logging_mixin.py:149} INFO - [2023-06-03T20:55:17.688+0000] {dagbag.py:541} INFO - Filling up the DagBag from /home/airflow/.local/lib/python3.7/site-packages/airflow/example_dags/example_sensors.py
[2023-06-03T20:55:17.696+0000] {processor.py:836} INFO - DAG(s) dict_keys(['example_sensors']) retrieved from /home/airflow/.local/lib/python3.7/site-packages/airflow/example_dags/example_sensors.py
[2023-06-03T20:55:17.717+0000] {logging_mixin.py:149} INFO - [2023-06-03T20:55:17.717+0000] {dag.py:2726} INFO - Sync 1 DAGs
[2023-06-03T20:55:17.736+0000] {logging_mixin.py:149} INFO - [2023-06-03T20:55:17.736+0000] {dag.py:3490} INFO - Setting next_dagrun for example_sensors to None, run_after=None
[2023-06-03T20:55:17.753+0000] {processor.py:179} INFO - Processing /home/airflow/.local/lib/python3.7/site-packages/airflow/example_dags/example_sensors.py took 0.070 seconds
[2023-06-03T20:55:48.695+0000] {processor.py:157} INFO - Started process (PID=15339) to work on /home/airflow/.local/lib/python3.7/site-packages/airflow/example_dags/example_sensors.py
[2023-06-03T20:55:48.697+0000] {processor.py:826} INFO - Processing file /home/airflow/.local/lib/python3.7/site-packages/airflow/example_dags/example_sensors.py for tasks to queue
[2023-06-03T20:55:48.698+0000] {logging_mixin.py:149} INFO - [2023-06-03T20:55:48.698+0000] {dagbag.py:541} INFO - Filling up the DagBag from /home/airflow/.local/lib/python3.7/site-packages/airflow/example_dags/example_sensors.py
[2023-06-03T20:55:48.707+0000] {processor.py:836} INFO - DAG(s) dict_keys(['example_sensors']) retrieved from /home/airflow/.local/lib/python3.7/site-packages/airflow/example_dags/example_sensors.py
[2023-06-03T20:55:48.731+0000] {logging_mixin.py:149} INFO - [2023-06-03T20:55:48.731+0000] {dag.py:2726} INFO - Sync 1 DAGs
[2023-06-03T20:55:48.751+0000] {logging_mixin.py:149} INFO - [2023-06-03T20:55:48.751+0000] {dag.py:3490} INFO - Setting next_dagrun for example_sensors to None, run_after=None
[2023-06-03T20:55:48.769+0000] {processor.py:179} INFO - Processing /home/airflow/.local/lib/python3.7/site-packages/airflow/example_dags/example_sensors.py took 0.076 seconds
[2023-06-03T20:56:19.324+0000] {processor.py:157} INFO - Started process (PID=15591) to work on /home/airflow/.local/lib/python3.7/site-packages/airflow/example_dags/example_sensors.py
[2023-06-03T20:56:19.325+0000] {processor.py:826} INFO - Processing file /home/airflow/.local/lib/python3.7/site-packages/airflow/example_dags/example_sensors.py for tasks to queue
[2023-06-03T20:56:19.326+0000] {logging_mixin.py:149} INFO - [2023-06-03T20:56:19.326+0000] {dagbag.py:541} INFO - Filling up the DagBag from /home/airflow/.local/lib/python3.7/site-packages/airflow/example_dags/example_sensors.py
[2023-06-03T20:56:19.334+0000] {processor.py:836} INFO - DAG(s) dict_keys(['example_sensors']) retrieved from /home/airflow/.local/lib/python3.7/site-packages/airflow/example_dags/example_sensors.py
[2023-06-03T20:56:19.354+0000] {logging_mixin.py:149} INFO - [2023-06-03T20:56:19.354+0000] {dag.py:2726} INFO - Sync 1 DAGs
[2023-06-03T20:56:19.372+0000] {logging_mixin.py:149} INFO - [2023-06-03T20:56:19.371+0000] {dag.py:3490} INFO - Setting next_dagrun for example_sensors to None, run_after=None
[2023-06-03T20:56:19.387+0000] {processor.py:179} INFO - Processing /home/airflow/.local/lib/python3.7/site-packages/airflow/example_dags/example_sensors.py took 0.067 seconds
[2023-06-03T20:56:49.567+0000] {processor.py:157} INFO - Started process (PID=15843) to work on /home/airflow/.local/lib/python3.7/site-packages/airflow/example_dags/example_sensors.py
[2023-06-03T20:56:49.568+0000] {processor.py:826} INFO - Processing file /home/airflow/.local/lib/python3.7/site-packages/airflow/example_dags/example_sensors.py for tasks to queue
[2023-06-03T20:56:49.569+0000] {logging_mixin.py:149} INFO - [2023-06-03T20:56:49.569+0000] {dagbag.py:541} INFO - Filling up the DagBag from /home/airflow/.local/lib/python3.7/site-packages/airflow/example_dags/example_sensors.py
[2023-06-03T20:56:49.576+0000] {processor.py:836} INFO - DAG(s) dict_keys(['example_sensors']) retrieved from /home/airflow/.local/lib/python3.7/site-packages/airflow/example_dags/example_sensors.py
[2023-06-03T20:56:49.595+0000] {logging_mixin.py:149} INFO - [2023-06-03T20:56:49.595+0000] {dag.py:2726} INFO - Sync 1 DAGs
[2023-06-03T20:56:49.613+0000] {logging_mixin.py:149} INFO - [2023-06-03T20:56:49.613+0000] {dag.py:3490} INFO - Setting next_dagrun for example_sensors to None, run_after=None
[2023-06-03T20:56:49.628+0000] {processor.py:179} INFO - Processing /home/airflow/.local/lib/python3.7/site-packages/airflow/example_dags/example_sensors.py took 0.063 seconds
[2023-06-03T20:57:19.905+0000] {processor.py:157} INFO - Started process (PID=16093) to work on /home/airflow/.local/lib/python3.7/site-packages/airflow/example_dags/example_sensors.py
[2023-06-03T20:57:19.906+0000] {processor.py:826} INFO - Processing file /home/airflow/.local/lib/python3.7/site-packages/airflow/example_dags/example_sensors.py for tasks to queue
[2023-06-03T20:57:19.907+0000] {logging_mixin.py:149} INFO - [2023-06-03T20:57:19.907+0000] {dagbag.py:541} INFO - Filling up the DagBag from /home/airflow/.local/lib/python3.7/site-packages/airflow/example_dags/example_sensors.py
[2023-06-03T20:57:19.914+0000] {processor.py:836} INFO - DAG(s) dict_keys(['example_sensors']) retrieved from /home/airflow/.local/lib/python3.7/site-packages/airflow/example_dags/example_sensors.py
[2023-06-03T20:57:19.934+0000] {logging_mixin.py:149} INFO - [2023-06-03T20:57:19.934+0000] {dag.py:2726} INFO - Sync 1 DAGs
[2023-06-03T20:57:19.952+0000] {logging_mixin.py:149} INFO - [2023-06-03T20:57:19.952+0000] {dag.py:3490} INFO - Setting next_dagrun for example_sensors to None, run_after=None
[2023-06-03T20:57:19.968+0000] {processor.py:179} INFO - Processing /home/airflow/.local/lib/python3.7/site-packages/airflow/example_dags/example_sensors.py took 0.065 seconds
[2023-06-03T20:57:50.496+0000] {processor.py:157} INFO - Started process (PID=16345) to work on /home/airflow/.local/lib/python3.7/site-packages/airflow/example_dags/example_sensors.py
[2023-06-03T20:57:50.497+0000] {processor.py:826} INFO - Processing file /home/airflow/.local/lib/python3.7/site-packages/airflow/example_dags/example_sensors.py for tasks to queue
[2023-06-03T20:57:50.498+0000] {logging_mixin.py:149} INFO - [2023-06-03T20:57:50.498+0000] {dagbag.py:541} INFO - Filling up the DagBag from /home/airflow/.local/lib/python3.7/site-packages/airflow/example_dags/example_sensors.py
[2023-06-03T20:57:50.506+0000] {processor.py:836} INFO - DAG(s) dict_keys(['example_sensors']) retrieved from /home/airflow/.local/lib/python3.7/site-packages/airflow/example_dags/example_sensors.py
[2023-06-03T20:57:50.526+0000] {logging_mixin.py:149} INFO - [2023-06-03T20:57:50.526+0000] {dag.py:2726} INFO - Sync 1 DAGs
[2023-06-03T20:57:50.544+0000] {logging_mixin.py:149} INFO - [2023-06-03T20:57:50.544+0000] {dag.py:3490} INFO - Setting next_dagrun for example_sensors to None, run_after=None
[2023-06-03T20:57:50.560+0000] {processor.py:179} INFO - Processing /home/airflow/.local/lib/python3.7/site-packages/airflow/example_dags/example_sensors.py took 0.067 seconds
[2023-06-03T20:58:20.955+0000] {processor.py:157} INFO - Started process (PID=16599) to work on /home/airflow/.local/lib/python3.7/site-packages/airflow/example_dags/example_sensors.py
[2023-06-03T20:58:20.956+0000] {processor.py:826} INFO - Processing file /home/airflow/.local/lib/python3.7/site-packages/airflow/example_dags/example_sensors.py for tasks to queue
[2023-06-03T20:58:20.957+0000] {logging_mixin.py:149} INFO - [2023-06-03T20:58:20.957+0000] {dagbag.py:541} INFO - Filling up the DagBag from /home/airflow/.local/lib/python3.7/site-packages/airflow/example_dags/example_sensors.py
[2023-06-03T20:58:20.964+0000] {processor.py:836} INFO - DAG(s) dict_keys(['example_sensors']) retrieved from /home/airflow/.local/lib/python3.7/site-packages/airflow/example_dags/example_sensors.py
[2023-06-03T20:58:20.986+0000] {logging_mixin.py:149} INFO - [2023-06-03T20:58:20.985+0000] {dag.py:2726} INFO - Sync 1 DAGs
[2023-06-03T20:58:21.005+0000] {logging_mixin.py:149} INFO - [2023-06-03T20:58:21.005+0000] {dag.py:3490} INFO - Setting next_dagrun for example_sensors to None, run_after=None
[2023-06-03T20:58:21.020+0000] {processor.py:179} INFO - Processing /home/airflow/.local/lib/python3.7/site-packages/airflow/example_dags/example_sensors.py took 0.068 seconds
[2023-06-03T20:58:51.352+0000] {processor.py:157} INFO - Started process (PID=16849) to work on /home/airflow/.local/lib/python3.7/site-packages/airflow/example_dags/example_sensors.py
[2023-06-03T20:58:51.354+0000] {processor.py:826} INFO - Processing file /home/airflow/.local/lib/python3.7/site-packages/airflow/example_dags/example_sensors.py for tasks to queue
[2023-06-03T20:58:51.355+0000] {logging_mixin.py:149} INFO - [2023-06-03T20:58:51.354+0000] {dagbag.py:541} INFO - Filling up the DagBag from /home/airflow/.local/lib/python3.7/site-packages/airflow/example_dags/example_sensors.py
[2023-06-03T20:58:51.362+0000] {processor.py:836} INFO - DAG(s) dict_keys(['example_sensors']) retrieved from /home/airflow/.local/lib/python3.7/site-packages/airflow/example_dags/example_sensors.py
[2023-06-03T20:58:51.383+0000] {logging_mixin.py:149} INFO - [2023-06-03T20:58:51.383+0000] {dag.py:2726} INFO - Sync 1 DAGs
[2023-06-03T20:58:51.401+0000] {logging_mixin.py:149} INFO - [2023-06-03T20:58:51.401+0000] {dag.py:3490} INFO - Setting next_dagrun for example_sensors to None, run_after=None
[2023-06-03T20:58:51.418+0000] {processor.py:179} INFO - Processing /home/airflow/.local/lib/python3.7/site-packages/airflow/example_dags/example_sensors.py took 0.067 seconds
[2023-06-03T20:59:22.239+0000] {processor.py:157} INFO - Started process (PID=17103) to work on /home/airflow/.local/lib/python3.7/site-packages/airflow/example_dags/example_sensors.py
[2023-06-03T20:59:22.240+0000] {processor.py:826} INFO - Processing file /home/airflow/.local/lib/python3.7/site-packages/airflow/example_dags/example_sensors.py for tasks to queue
[2023-06-03T20:59:22.241+0000] {logging_mixin.py:149} INFO - [2023-06-03T20:59:22.241+0000] {dagbag.py:541} INFO - Filling up the DagBag from /home/airflow/.local/lib/python3.7/site-packages/airflow/example_dags/example_sensors.py
[2023-06-03T20:59:22.248+0000] {processor.py:836} INFO - DAG(s) dict_keys(['example_sensors']) retrieved from /home/airflow/.local/lib/python3.7/site-packages/airflow/example_dags/example_sensors.py
[2023-06-03T20:59:22.268+0000] {logging_mixin.py:149} INFO - [2023-06-03T20:59:22.268+0000] {dag.py:2726} INFO - Sync 1 DAGs
[2023-06-03T20:59:22.285+0000] {logging_mixin.py:149} INFO - [2023-06-03T20:59:22.285+0000] {dag.py:3490} INFO - Setting next_dagrun for example_sensors to None, run_after=None
[2023-06-03T20:59:22.301+0000] {processor.py:179} INFO - Processing /home/airflow/.local/lib/python3.7/site-packages/airflow/example_dags/example_sensors.py took 0.064 seconds
[2023-06-03T20:59:53.269+0000] {processor.py:157} INFO - Started process (PID=17353) to work on /home/airflow/.local/lib/python3.7/site-packages/airflow/example_dags/example_sensors.py
[2023-06-03T20:59:53.270+0000] {processor.py:826} INFO - Processing file /home/airflow/.local/lib/python3.7/site-packages/airflow/example_dags/example_sensors.py for tasks to queue
[2023-06-03T20:59:53.271+0000] {logging_mixin.py:149} INFO - [2023-06-03T20:59:53.271+0000] {dagbag.py:541} INFO - Filling up the DagBag from /home/airflow/.local/lib/python3.7/site-packages/airflow/example_dags/example_sensors.py
[2023-06-03T20:59:53.278+0000] {processor.py:836} INFO - DAG(s) dict_keys(['example_sensors']) retrieved from /home/airflow/.local/lib/python3.7/site-packages/airflow/example_dags/example_sensors.py
[2023-06-03T20:59:53.301+0000] {logging_mixin.py:149} INFO - [2023-06-03T20:59:53.301+0000] {dag.py:2726} INFO - Sync 1 DAGs
[2023-06-03T20:59:53.319+0000] {logging_mixin.py:149} INFO - [2023-06-03T20:59:53.319+0000] {dag.py:3490} INFO - Setting next_dagrun for example_sensors to None, run_after=None
[2023-06-03T20:59:53.335+0000] {processor.py:179} INFO - Processing /home/airflow/.local/lib/python3.7/site-packages/airflow/example_dags/example_sensors.py took 0.068 seconds
[2023-06-03T21:00:23.709+0000] {processor.py:157} INFO - Started process (PID=17607) to work on /home/airflow/.local/lib/python3.7/site-packages/airflow/example_dags/example_sensors.py
[2023-06-03T21:00:23.710+0000] {processor.py:826} INFO - Processing file /home/airflow/.local/lib/python3.7/site-packages/airflow/example_dags/example_sensors.py for tasks to queue
[2023-06-03T21:00:23.711+0000] {logging_mixin.py:149} INFO - [2023-06-03T21:00:23.711+0000] {dagbag.py:541} INFO - Filling up the DagBag from /home/airflow/.local/lib/python3.7/site-packages/airflow/example_dags/example_sensors.py
[2023-06-03T21:00:23.718+0000] {processor.py:836} INFO - DAG(s) dict_keys(['example_sensors']) retrieved from /home/airflow/.local/lib/python3.7/site-packages/airflow/example_dags/example_sensors.py
[2023-06-03T21:00:23.740+0000] {logging_mixin.py:149} INFO - [2023-06-03T21:00:23.740+0000] {dag.py:2726} INFO - Sync 1 DAGs
[2023-06-03T21:00:23.757+0000] {logging_mixin.py:149} INFO - [2023-06-03T21:00:23.757+0000] {dag.py:3490} INFO - Setting next_dagrun for example_sensors to None, run_after=None
[2023-06-03T21:00:23.772+0000] {processor.py:179} INFO - Processing /home/airflow/.local/lib/python3.7/site-packages/airflow/example_dags/example_sensors.py took 0.066 seconds
[2023-06-03T21:00:55.007+0000] {processor.py:157} INFO - Started process (PID=17857) to work on /home/airflow/.local/lib/python3.7/site-packages/airflow/example_dags/example_sensors.py
[2023-06-03T21:00:55.009+0000] {processor.py:826} INFO - Processing file /home/airflow/.local/lib/python3.7/site-packages/airflow/example_dags/example_sensors.py for tasks to queue
[2023-06-03T21:00:55.010+0000] {logging_mixin.py:149} INFO - [2023-06-03T21:00:55.010+0000] {dagbag.py:541} INFO - Filling up the DagBag from /home/airflow/.local/lib/python3.7/site-packages/airflow/example_dags/example_sensors.py
[2023-06-03T21:00:55.024+0000] {processor.py:836} INFO - DAG(s) dict_keys(['example_sensors']) retrieved from /home/airflow/.local/lib/python3.7/site-packages/airflow/example_dags/example_sensors.py
[2023-06-03T21:00:55.074+0000] {logging_mixin.py:149} INFO - [2023-06-03T21:00:55.073+0000] {dag.py:2726} INFO - Sync 1 DAGs
[2023-06-03T21:00:55.115+0000] {logging_mixin.py:149} INFO - [2023-06-03T21:00:55.115+0000] {dag.py:3490} INFO - Setting next_dagrun for example_sensors to None, run_after=None
[2023-06-03T21:00:55.148+0000] {processor.py:179} INFO - Processing /home/airflow/.local/lib/python3.7/site-packages/airflow/example_dags/example_sensors.py took 0.144 seconds
