[2023-06-03T20:25:44.014+0000] {processor.py:157} INFO - Started process (PID=304) to work on /home/airflow/.local/lib/python3.7/site-packages/airflow/example_dags/example_sla_dag.py
[2023-06-03T20:25:44.015+0000] {processor.py:826} INFO - Processing file /home/airflow/.local/lib/python3.7/site-packages/airflow/example_dags/example_sla_dag.py for tasks to queue
[2023-06-03T20:25:44.016+0000] {logging_mixin.py:149} INFO - [2023-06-03T20:25:44.016+0000] {dagbag.py:541} INFO - Filling up the DagBag from /home/airflow/.local/lib/python3.7/site-packages/airflow/example_dags/example_sla_dag.py
[2023-06-03T20:25:44.024+0000] {processor.py:836} INFO - DAG(s) dict_keys(['example_sla_dag']) retrieved from /home/airflow/.local/lib/python3.7/site-packages/airflow/example_dags/example_sla_dag.py
[2023-06-03T20:25:44.036+0000] {logging_mixin.py:149} INFO - [2023-06-03T20:25:44.036+0000] {dag.py:2726} INFO - Sync 1 DAGs
[2023-06-03T20:25:44.060+0000] {logging_mixin.py:149} INFO - [2023-06-03T20:25:44.060+0000] {dag.py:3490} INFO - Setting next_dagrun for example_sla_dag to 2023-06-03T20:22:00+00:00, run_after=2023-06-03T20:24:00+00:00
[2023-06-03T20:25:44.079+0000] {processor.py:179} INFO - Processing /home/airflow/.local/lib/python3.7/site-packages/airflow/example_dags/example_sla_dag.py took 0.067 seconds
[2023-06-03T20:26:14.761+0000] {processor.py:157} INFO - Started process (PID=554) to work on /home/airflow/.local/lib/python3.7/site-packages/airflow/example_dags/example_sla_dag.py
[2023-06-03T20:26:14.762+0000] {processor.py:826} INFO - Processing file /home/airflow/.local/lib/python3.7/site-packages/airflow/example_dags/example_sla_dag.py for tasks to queue
[2023-06-03T20:26:14.762+0000] {logging_mixin.py:149} INFO - [2023-06-03T20:26:14.762+0000] {dagbag.py:541} INFO - Filling up the DagBag from /home/airflow/.local/lib/python3.7/site-packages/airflow/example_dags/example_sla_dag.py
[2023-06-03T20:26:14.768+0000] {processor.py:836} INFO - DAG(s) dict_keys(['example_sla_dag']) retrieved from /home/airflow/.local/lib/python3.7/site-packages/airflow/example_dags/example_sla_dag.py
[2023-06-03T20:26:14.785+0000] {logging_mixin.py:149} INFO - [2023-06-03T20:26:14.785+0000] {dag.py:2726} INFO - Sync 1 DAGs
[2023-06-03T20:26:14.874+0000] {logging_mixin.py:149} INFO - [2023-06-03T20:26:14.874+0000] {dag.py:3490} INFO - Setting next_dagrun for example_sla_dag to 2023-06-03T20:24:00+00:00, run_after=2023-06-03T20:26:00+00:00
[2023-06-03T20:26:14.887+0000] {processor.py:179} INFO - Processing /home/airflow/.local/lib/python3.7/site-packages/airflow/example_dags/example_sla_dag.py took 0.129 seconds
[2023-06-03T20:26:45.155+0000] {processor.py:157} INFO - Started process (PID=808) to work on /home/airflow/.local/lib/python3.7/site-packages/airflow/example_dags/example_sla_dag.py
[2023-06-03T20:26:45.156+0000] {processor.py:826} INFO - Processing file /home/airflow/.local/lib/python3.7/site-packages/airflow/example_dags/example_sla_dag.py for tasks to queue
[2023-06-03T20:26:45.157+0000] {logging_mixin.py:149} INFO - [2023-06-03T20:26:45.157+0000] {dagbag.py:541} INFO - Filling up the DagBag from /home/airflow/.local/lib/python3.7/site-packages/airflow/example_dags/example_sla_dag.py
[2023-06-03T20:26:45.163+0000] {processor.py:836} INFO - DAG(s) dict_keys(['example_sla_dag']) retrieved from /home/airflow/.local/lib/python3.7/site-packages/airflow/example_dags/example_sla_dag.py
[2023-06-03T20:26:45.181+0000] {logging_mixin.py:149} INFO - [2023-06-03T20:26:45.180+0000] {dag.py:2726} INFO - Sync 1 DAGs
[2023-06-03T20:26:45.201+0000] {logging_mixin.py:149} INFO - [2023-06-03T20:26:45.201+0000] {dag.py:3490} INFO - Setting next_dagrun for example_sla_dag to 2023-06-03T20:24:00+00:00, run_after=2023-06-03T20:26:00+00:00
[2023-06-03T20:26:45.218+0000] {processor.py:179} INFO - Processing /home/airflow/.local/lib/python3.7/site-packages/airflow/example_dags/example_sla_dag.py took 0.066 seconds
[2023-06-03T20:27:15.851+0000] {processor.py:157} INFO - Started process (PID=1060) to work on /home/airflow/.local/lib/python3.7/site-packages/airflow/example_dags/example_sla_dag.py
[2023-06-03T20:27:15.853+0000] {processor.py:826} INFO - Processing file /home/airflow/.local/lib/python3.7/site-packages/airflow/example_dags/example_sla_dag.py for tasks to queue
[2023-06-03T20:27:15.855+0000] {logging_mixin.py:149} INFO - [2023-06-03T20:27:15.855+0000] {dagbag.py:541} INFO - Filling up the DagBag from /home/airflow/.local/lib/python3.7/site-packages/airflow/example_dags/example_sla_dag.py
[2023-06-03T20:27:15.863+0000] {processor.py:836} INFO - DAG(s) dict_keys(['example_sla_dag']) retrieved from /home/airflow/.local/lib/python3.7/site-packages/airflow/example_dags/example_sla_dag.py
[2023-06-03T20:27:15.881+0000] {logging_mixin.py:149} INFO - [2023-06-03T20:27:15.881+0000] {dag.py:2726} INFO - Sync 1 DAGs
[2023-06-03T20:27:15.901+0000] {logging_mixin.py:149} INFO - [2023-06-03T20:27:15.901+0000] {dag.py:3490} INFO - Setting next_dagrun for example_sla_dag to 2023-06-03T20:24:00+00:00, run_after=2023-06-03T20:26:00+00:00
[2023-06-03T20:27:15.919+0000] {processor.py:179} INFO - Processing /home/airflow/.local/lib/python3.7/site-packages/airflow/example_dags/example_sla_dag.py took 0.070 seconds
[2023-06-03T20:27:45.943+0000] {processor.py:157} INFO - Started process (PID=1310) to work on /home/airflow/.local/lib/python3.7/site-packages/airflow/example_dags/example_sla_dag.py
[2023-06-03T20:27:45.944+0000] {processor.py:826} INFO - Processing file /home/airflow/.local/lib/python3.7/site-packages/airflow/example_dags/example_sla_dag.py for tasks to queue
[2023-06-03T20:27:45.945+0000] {logging_mixin.py:149} INFO - [2023-06-03T20:27:45.945+0000] {dagbag.py:541} INFO - Filling up the DagBag from /home/airflow/.local/lib/python3.7/site-packages/airflow/example_dags/example_sla_dag.py
[2023-06-03T20:27:45.951+0000] {processor.py:836} INFO - DAG(s) dict_keys(['example_sla_dag']) retrieved from /home/airflow/.local/lib/python3.7/site-packages/airflow/example_dags/example_sla_dag.py
[2023-06-03T20:27:45.967+0000] {logging_mixin.py:149} INFO - [2023-06-03T20:27:45.967+0000] {dag.py:2726} INFO - Sync 1 DAGs
[2023-06-03T20:27:45.990+0000] {logging_mixin.py:149} INFO - [2023-06-03T20:27:45.990+0000] {dag.py:3490} INFO - Setting next_dagrun for example_sla_dag to 2023-06-03T20:24:00+00:00, run_after=2023-06-03T20:26:00+00:00
[2023-06-03T20:27:46.008+0000] {processor.py:179} INFO - Processing /home/airflow/.local/lib/python3.7/site-packages/airflow/example_dags/example_sla_dag.py took 0.068 seconds
[2023-06-03T20:28:16.487+0000] {processor.py:157} INFO - Started process (PID=1563) to work on /home/airflow/.local/lib/python3.7/site-packages/airflow/example_dags/example_sla_dag.py
[2023-06-03T20:28:16.488+0000] {processor.py:826} INFO - Processing file /home/airflow/.local/lib/python3.7/site-packages/airflow/example_dags/example_sla_dag.py for tasks to queue
[2023-06-03T20:28:16.490+0000] {logging_mixin.py:149} INFO - [2023-06-03T20:28:16.490+0000] {dagbag.py:541} INFO - Filling up the DagBag from /home/airflow/.local/lib/python3.7/site-packages/airflow/example_dags/example_sla_dag.py
[2023-06-03T20:28:16.498+0000] {processor.py:836} INFO - DAG(s) dict_keys(['example_sla_dag']) retrieved from /home/airflow/.local/lib/python3.7/site-packages/airflow/example_dags/example_sla_dag.py
[2023-06-03T20:28:16.521+0000] {logging_mixin.py:149} INFO - [2023-06-03T20:28:16.521+0000] {dag.py:2726} INFO - Sync 1 DAGs
[2023-06-03T20:28:16.549+0000] {logging_mixin.py:149} INFO - [2023-06-03T20:28:16.548+0000] {dag.py:3490} INFO - Setting next_dagrun for example_sla_dag to 2023-06-03T20:26:00+00:00, run_after=2023-06-03T20:28:00+00:00
[2023-06-03T20:28:16.571+0000] {processor.py:179} INFO - Processing /home/airflow/.local/lib/python3.7/site-packages/airflow/example_dags/example_sla_dag.py took 0.086 seconds
[2023-06-03T20:28:46.706+0000] {processor.py:157} INFO - Started process (PID=1817) to work on /home/airflow/.local/lib/python3.7/site-packages/airflow/example_dags/example_sla_dag.py
[2023-06-03T20:28:46.707+0000] {processor.py:826} INFO - Processing file /home/airflow/.local/lib/python3.7/site-packages/airflow/example_dags/example_sla_dag.py for tasks to queue
[2023-06-03T20:28:46.709+0000] {logging_mixin.py:149} INFO - [2023-06-03T20:28:46.709+0000] {dagbag.py:541} INFO - Filling up the DagBag from /home/airflow/.local/lib/python3.7/site-packages/airflow/example_dags/example_sla_dag.py
[2023-06-03T20:28:46.716+0000] {processor.py:836} INFO - DAG(s) dict_keys(['example_sla_dag']) retrieved from /home/airflow/.local/lib/python3.7/site-packages/airflow/example_dags/example_sla_dag.py
[2023-06-03T20:28:46.733+0000] {logging_mixin.py:149} INFO - [2023-06-03T20:28:46.733+0000] {dag.py:2726} INFO - Sync 1 DAGs
[2023-06-03T20:28:46.752+0000] {logging_mixin.py:149} INFO - [2023-06-03T20:28:46.752+0000] {dag.py:3490} INFO - Setting next_dagrun for example_sla_dag to 2023-06-03T20:26:00+00:00, run_after=2023-06-03T20:28:00+00:00
[2023-06-03T20:28:46.767+0000] {processor.py:179} INFO - Processing /home/airflow/.local/lib/python3.7/site-packages/airflow/example_dags/example_sla_dag.py took 0.065 seconds
[2023-06-03T20:29:17.170+0000] {processor.py:157} INFO - Started process (PID=2069) to work on /home/airflow/.local/lib/python3.7/site-packages/airflow/example_dags/example_sla_dag.py
[2023-06-03T20:29:17.172+0000] {processor.py:826} INFO - Processing file /home/airflow/.local/lib/python3.7/site-packages/airflow/example_dags/example_sla_dag.py for tasks to queue
[2023-06-03T20:29:17.173+0000] {logging_mixin.py:149} INFO - [2023-06-03T20:29:17.172+0000] {dagbag.py:541} INFO - Filling up the DagBag from /home/airflow/.local/lib/python3.7/site-packages/airflow/example_dags/example_sla_dag.py
[2023-06-03T20:29:17.179+0000] {processor.py:836} INFO - DAG(s) dict_keys(['example_sla_dag']) retrieved from /home/airflow/.local/lib/python3.7/site-packages/airflow/example_dags/example_sla_dag.py
[2023-06-03T20:29:17.195+0000] {logging_mixin.py:149} INFO - [2023-06-03T20:29:17.195+0000] {dag.py:2726} INFO - Sync 1 DAGs
[2023-06-03T20:29:17.215+0000] {logging_mixin.py:149} INFO - [2023-06-03T20:29:17.215+0000] {dag.py:3490} INFO - Setting next_dagrun for example_sla_dag to 2023-06-03T20:26:00+00:00, run_after=2023-06-03T20:28:00+00:00
[2023-06-03T20:29:17.231+0000] {processor.py:179} INFO - Processing /home/airflow/.local/lib/python3.7/site-packages/airflow/example_dags/example_sla_dag.py took 0.063 seconds
[2023-06-03T20:29:47.267+0000] {processor.py:157} INFO - Started process (PID=2319) to work on /home/airflow/.local/lib/python3.7/site-packages/airflow/example_dags/example_sla_dag.py
[2023-06-03T20:29:47.268+0000] {processor.py:826} INFO - Processing file /home/airflow/.local/lib/python3.7/site-packages/airflow/example_dags/example_sla_dag.py for tasks to queue
[2023-06-03T20:29:47.269+0000] {logging_mixin.py:149} INFO - [2023-06-03T20:29:47.269+0000] {dagbag.py:541} INFO - Filling up the DagBag from /home/airflow/.local/lib/python3.7/site-packages/airflow/example_dags/example_sla_dag.py
[2023-06-03T20:29:47.275+0000] {processor.py:836} INFO - DAG(s) dict_keys(['example_sla_dag']) retrieved from /home/airflow/.local/lib/python3.7/site-packages/airflow/example_dags/example_sla_dag.py
[2023-06-03T20:29:47.292+0000] {logging_mixin.py:149} INFO - [2023-06-03T20:29:47.292+0000] {dag.py:2726} INFO - Sync 1 DAGs
[2023-06-03T20:29:47.314+0000] {logging_mixin.py:149} INFO - [2023-06-03T20:29:47.314+0000] {dag.py:3490} INFO - Setting next_dagrun for example_sla_dag to 2023-06-03T20:26:00+00:00, run_after=2023-06-03T20:28:00+00:00
[2023-06-03T20:29:47.332+0000] {processor.py:179} INFO - Processing /home/airflow/.local/lib/python3.7/site-packages/airflow/example_dags/example_sla_dag.py took 0.067 seconds
[2023-06-03T20:30:18.341+0000] {processor.py:157} INFO - Started process (PID=2573) to work on /home/airflow/.local/lib/python3.7/site-packages/airflow/example_dags/example_sla_dag.py
[2023-06-03T20:30:18.342+0000] {processor.py:826} INFO - Processing file /home/airflow/.local/lib/python3.7/site-packages/airflow/example_dags/example_sla_dag.py for tasks to queue
[2023-06-03T20:30:18.343+0000] {logging_mixin.py:149} INFO - [2023-06-03T20:30:18.343+0000] {dagbag.py:541} INFO - Filling up the DagBag from /home/airflow/.local/lib/python3.7/site-packages/airflow/example_dags/example_sla_dag.py
[2023-06-03T20:30:18.350+0000] {processor.py:836} INFO - DAG(s) dict_keys(['example_sla_dag']) retrieved from /home/airflow/.local/lib/python3.7/site-packages/airflow/example_dags/example_sla_dag.py
[2023-06-03T20:30:18.369+0000] {logging_mixin.py:149} INFO - [2023-06-03T20:30:18.369+0000] {dag.py:2726} INFO - Sync 1 DAGs
[2023-06-03T20:30:18.390+0000] {logging_mixin.py:149} INFO - [2023-06-03T20:30:18.390+0000] {dag.py:3490} INFO - Setting next_dagrun for example_sla_dag to 2023-06-03T20:28:00+00:00, run_after=2023-06-03T20:30:00+00:00
[2023-06-03T20:30:18.409+0000] {processor.py:179} INFO - Processing /home/airflow/.local/lib/python3.7/site-packages/airflow/example_dags/example_sla_dag.py took 0.071 seconds
[2023-06-03T20:30:48.825+0000] {processor.py:157} INFO - Started process (PID=2825) to work on /home/airflow/.local/lib/python3.7/site-packages/airflow/example_dags/example_sla_dag.py
[2023-06-03T20:30:48.826+0000] {processor.py:826} INFO - Processing file /home/airflow/.local/lib/python3.7/site-packages/airflow/example_dags/example_sla_dag.py for tasks to queue
[2023-06-03T20:30:48.827+0000] {logging_mixin.py:149} INFO - [2023-06-03T20:30:48.827+0000] {dagbag.py:541} INFO - Filling up the DagBag from /home/airflow/.local/lib/python3.7/site-packages/airflow/example_dags/example_sla_dag.py
[2023-06-03T20:30:48.834+0000] {processor.py:836} INFO - DAG(s) dict_keys(['example_sla_dag']) retrieved from /home/airflow/.local/lib/python3.7/site-packages/airflow/example_dags/example_sla_dag.py
[2023-06-03T20:30:48.850+0000] {logging_mixin.py:149} INFO - [2023-06-03T20:30:48.850+0000] {dag.py:2726} INFO - Sync 1 DAGs
[2023-06-03T20:30:48.869+0000] {logging_mixin.py:149} INFO - [2023-06-03T20:30:48.869+0000] {dag.py:3490} INFO - Setting next_dagrun for example_sla_dag to 2023-06-03T20:28:00+00:00, run_after=2023-06-03T20:30:00+00:00
[2023-06-03T20:30:48.883+0000] {processor.py:179} INFO - Processing /home/airflow/.local/lib/python3.7/site-packages/airflow/example_dags/example_sla_dag.py took 0.060 seconds
[2023-06-03T20:31:19.143+0000] {processor.py:157} INFO - Started process (PID=3077) to work on /home/airflow/.local/lib/python3.7/site-packages/airflow/example_dags/example_sla_dag.py
[2023-06-03T20:31:19.144+0000] {processor.py:826} INFO - Processing file /home/airflow/.local/lib/python3.7/site-packages/airflow/example_dags/example_sla_dag.py for tasks to queue
[2023-06-03T20:31:19.145+0000] {logging_mixin.py:149} INFO - [2023-06-03T20:31:19.145+0000] {dagbag.py:541} INFO - Filling up the DagBag from /home/airflow/.local/lib/python3.7/site-packages/airflow/example_dags/example_sla_dag.py
[2023-06-03T20:31:19.151+0000] {processor.py:836} INFO - DAG(s) dict_keys(['example_sla_dag']) retrieved from /home/airflow/.local/lib/python3.7/site-packages/airflow/example_dags/example_sla_dag.py
[2023-06-03T20:31:19.167+0000] {logging_mixin.py:149} INFO - [2023-06-03T20:31:19.167+0000] {dag.py:2726} INFO - Sync 1 DAGs
[2023-06-03T20:31:19.186+0000] {logging_mixin.py:149} INFO - [2023-06-03T20:31:19.185+0000] {dag.py:3490} INFO - Setting next_dagrun for example_sla_dag to 2023-06-03T20:28:00+00:00, run_after=2023-06-03T20:30:00+00:00
[2023-06-03T20:31:19.200+0000] {processor.py:179} INFO - Processing /home/airflow/.local/lib/python3.7/site-packages/airflow/example_dags/example_sla_dag.py took 0.059 seconds
[2023-06-03T20:31:50.422+0000] {processor.py:157} INFO - Started process (PID=3327) to work on /home/airflow/.local/lib/python3.7/site-packages/airflow/example_dags/example_sla_dag.py
[2023-06-03T20:31:50.423+0000] {processor.py:826} INFO - Processing file /home/airflow/.local/lib/python3.7/site-packages/airflow/example_dags/example_sla_dag.py for tasks to queue
[2023-06-03T20:31:50.425+0000] {logging_mixin.py:149} INFO - [2023-06-03T20:31:50.424+0000] {dagbag.py:541} INFO - Filling up the DagBag from /home/airflow/.local/lib/python3.7/site-packages/airflow/example_dags/example_sla_dag.py
[2023-06-03T20:31:50.432+0000] {processor.py:836} INFO - DAG(s) dict_keys(['example_sla_dag']) retrieved from /home/airflow/.local/lib/python3.7/site-packages/airflow/example_dags/example_sla_dag.py
[2023-06-03T20:31:50.449+0000] {logging_mixin.py:149} INFO - [2023-06-03T20:31:50.449+0000] {dag.py:2726} INFO - Sync 1 DAGs
[2023-06-03T20:31:50.469+0000] {logging_mixin.py:149} INFO - [2023-06-03T20:31:50.469+0000] {dag.py:3490} INFO - Setting next_dagrun for example_sla_dag to 2023-06-03T20:28:00+00:00, run_after=2023-06-03T20:30:00+00:00
[2023-06-03T20:31:50.484+0000] {processor.py:179} INFO - Processing /home/airflow/.local/lib/python3.7/site-packages/airflow/example_dags/example_sla_dag.py took 0.064 seconds
[2023-06-03T20:32:20.738+0000] {processor.py:157} INFO - Started process (PID=3717) to work on /home/airflow/.local/lib/python3.7/site-packages/airflow/example_dags/example_sla_dag.py
[2023-06-03T20:32:20.740+0000] {processor.py:826} INFO - Processing file /home/airflow/.local/lib/python3.7/site-packages/airflow/example_dags/example_sla_dag.py for tasks to queue
[2023-06-03T20:32:20.742+0000] {logging_mixin.py:149} INFO - [2023-06-03T20:32:20.741+0000] {dagbag.py:541} INFO - Filling up the DagBag from /home/airflow/.local/lib/python3.7/site-packages/airflow/example_dags/example_sla_dag.py
[2023-06-03T20:32:20.748+0000] {processor.py:836} INFO - DAG(s) dict_keys(['example_sla_dag']) retrieved from /home/airflow/.local/lib/python3.7/site-packages/airflow/example_dags/example_sla_dag.py
[2023-06-03T20:32:20.765+0000] {logging_mixin.py:149} INFO - [2023-06-03T20:32:20.765+0000] {dag.py:2726} INFO - Sync 1 DAGs
[2023-06-03T20:32:20.785+0000] {logging_mixin.py:149} INFO - [2023-06-03T20:32:20.784+0000] {dag.py:3490} INFO - Setting next_dagrun for example_sla_dag to 2023-06-03T20:30:00+00:00, run_after=2023-06-03T20:32:00+00:00
[2023-06-03T20:32:20.801+0000] {processor.py:179} INFO - Processing /home/airflow/.local/lib/python3.7/site-packages/airflow/example_dags/example_sla_dag.py took 0.065 seconds
[2023-06-03T20:32:51.855+0000] {processor.py:157} INFO - Started process (PID=3969) to work on /home/airflow/.local/lib/python3.7/site-packages/airflow/example_dags/example_sla_dag.py
[2023-06-03T20:32:51.857+0000] {processor.py:826} INFO - Processing file /home/airflow/.local/lib/python3.7/site-packages/airflow/example_dags/example_sla_dag.py for tasks to queue
[2023-06-03T20:32:51.858+0000] {logging_mixin.py:149} INFO - [2023-06-03T20:32:51.858+0000] {dagbag.py:541} INFO - Filling up the DagBag from /home/airflow/.local/lib/python3.7/site-packages/airflow/example_dags/example_sla_dag.py
[2023-06-03T20:32:51.866+0000] {processor.py:836} INFO - DAG(s) dict_keys(['example_sla_dag']) retrieved from /home/airflow/.local/lib/python3.7/site-packages/airflow/example_dags/example_sla_dag.py
[2023-06-03T20:32:51.884+0000] {logging_mixin.py:149} INFO - [2023-06-03T20:32:51.884+0000] {dag.py:2726} INFO - Sync 1 DAGs
[2023-06-03T20:32:51.909+0000] {logging_mixin.py:149} INFO - [2023-06-03T20:32:51.909+0000] {dag.py:3490} INFO - Setting next_dagrun for example_sla_dag to 2023-06-03T20:30:00+00:00, run_after=2023-06-03T20:32:00+00:00
[2023-06-03T20:32:51.925+0000] {processor.py:179} INFO - Processing /home/airflow/.local/lib/python3.7/site-packages/airflow/example_dags/example_sla_dag.py took 0.073 seconds
[2023-06-03T20:33:22.255+0000] {processor.py:157} INFO - Started process (PID=4221) to work on /home/airflow/.local/lib/python3.7/site-packages/airflow/example_dags/example_sla_dag.py
[2023-06-03T20:33:22.256+0000] {processor.py:826} INFO - Processing file /home/airflow/.local/lib/python3.7/site-packages/airflow/example_dags/example_sla_dag.py for tasks to queue
[2023-06-03T20:33:22.257+0000] {logging_mixin.py:149} INFO - [2023-06-03T20:33:22.257+0000] {dagbag.py:541} INFO - Filling up the DagBag from /home/airflow/.local/lib/python3.7/site-packages/airflow/example_dags/example_sla_dag.py
[2023-06-03T20:33:22.263+0000] {processor.py:836} INFO - DAG(s) dict_keys(['example_sla_dag']) retrieved from /home/airflow/.local/lib/python3.7/site-packages/airflow/example_dags/example_sla_dag.py
[2023-06-03T20:33:22.279+0000] {logging_mixin.py:149} INFO - [2023-06-03T20:33:22.279+0000] {dag.py:2726} INFO - Sync 1 DAGs
[2023-06-03T20:33:22.299+0000] {logging_mixin.py:149} INFO - [2023-06-03T20:33:22.299+0000] {dag.py:3490} INFO - Setting next_dagrun for example_sla_dag to 2023-06-03T20:30:00+00:00, run_after=2023-06-03T20:32:00+00:00
[2023-06-03T20:33:22.316+0000] {processor.py:179} INFO - Processing /home/airflow/.local/lib/python3.7/site-packages/airflow/example_dags/example_sla_dag.py took 0.064 seconds
[2023-06-03T20:33:53.231+0000] {processor.py:157} INFO - Started process (PID=4473) to work on /home/airflow/.local/lib/python3.7/site-packages/airflow/example_dags/example_sla_dag.py
[2023-06-03T20:33:53.232+0000] {processor.py:826} INFO - Processing file /home/airflow/.local/lib/python3.7/site-packages/airflow/example_dags/example_sla_dag.py for tasks to queue
[2023-06-03T20:33:53.234+0000] {logging_mixin.py:149} INFO - [2023-06-03T20:33:53.233+0000] {dagbag.py:541} INFO - Filling up the DagBag from /home/airflow/.local/lib/python3.7/site-packages/airflow/example_dags/example_sla_dag.py
[2023-06-03T20:33:53.240+0000] {processor.py:836} INFO - DAG(s) dict_keys(['example_sla_dag']) retrieved from /home/airflow/.local/lib/python3.7/site-packages/airflow/example_dags/example_sla_dag.py
[2023-06-03T20:33:53.258+0000] {logging_mixin.py:149} INFO - [2023-06-03T20:33:53.257+0000] {dag.py:2726} INFO - Sync 1 DAGs
[2023-06-03T20:33:53.276+0000] {logging_mixin.py:149} INFO - [2023-06-03T20:33:53.276+0000] {dag.py:3490} INFO - Setting next_dagrun for example_sla_dag to 2023-06-03T20:30:00+00:00, run_after=2023-06-03T20:32:00+00:00
[2023-06-03T20:33:53.292+0000] {processor.py:179} INFO - Processing /home/airflow/.local/lib/python3.7/site-packages/airflow/example_dags/example_sla_dag.py took 0.064 seconds
[2023-06-03T20:34:23.706+0000] {processor.py:157} INFO - Started process (PID=4725) to work on /home/airflow/.local/lib/python3.7/site-packages/airflow/example_dags/example_sla_dag.py
[2023-06-03T20:34:23.707+0000] {processor.py:826} INFO - Processing file /home/airflow/.local/lib/python3.7/site-packages/airflow/example_dags/example_sla_dag.py for tasks to queue
[2023-06-03T20:34:23.708+0000] {logging_mixin.py:149} INFO - [2023-06-03T20:34:23.708+0000] {dagbag.py:541} INFO - Filling up the DagBag from /home/airflow/.local/lib/python3.7/site-packages/airflow/example_dags/example_sla_dag.py
[2023-06-03T20:34:23.714+0000] {processor.py:836} INFO - DAG(s) dict_keys(['example_sla_dag']) retrieved from /home/airflow/.local/lib/python3.7/site-packages/airflow/example_dags/example_sla_dag.py
[2023-06-03T20:34:23.731+0000] {logging_mixin.py:149} INFO - [2023-06-03T20:34:23.731+0000] {dag.py:2726} INFO - Sync 1 DAGs
[2023-06-03T20:34:23.752+0000] {logging_mixin.py:149} INFO - [2023-06-03T20:34:23.752+0000] {dag.py:3490} INFO - Setting next_dagrun for example_sla_dag to 2023-06-03T20:32:00+00:00, run_after=2023-06-03T20:34:00+00:00
[2023-06-03T20:34:23.769+0000] {processor.py:179} INFO - Processing /home/airflow/.local/lib/python3.7/site-packages/airflow/example_dags/example_sla_dag.py took 0.064 seconds
[2023-06-03T20:34:54.102+0000] {processor.py:157} INFO - Started process (PID=4977) to work on /home/airflow/.local/lib/python3.7/site-packages/airflow/example_dags/example_sla_dag.py
[2023-06-03T20:34:54.103+0000] {processor.py:826} INFO - Processing file /home/airflow/.local/lib/python3.7/site-packages/airflow/example_dags/example_sla_dag.py for tasks to queue
[2023-06-03T20:34:54.104+0000] {logging_mixin.py:149} INFO - [2023-06-03T20:34:54.104+0000] {dagbag.py:541} INFO - Filling up the DagBag from /home/airflow/.local/lib/python3.7/site-packages/airflow/example_dags/example_sla_dag.py
[2023-06-03T20:34:54.110+0000] {processor.py:836} INFO - DAG(s) dict_keys(['example_sla_dag']) retrieved from /home/airflow/.local/lib/python3.7/site-packages/airflow/example_dags/example_sla_dag.py
[2023-06-03T20:34:54.126+0000] {logging_mixin.py:149} INFO - [2023-06-03T20:34:54.126+0000] {dag.py:2726} INFO - Sync 1 DAGs
[2023-06-03T20:34:54.145+0000] {logging_mixin.py:149} INFO - [2023-06-03T20:34:54.145+0000] {dag.py:3490} INFO - Setting next_dagrun for example_sla_dag to 2023-06-03T20:32:00+00:00, run_after=2023-06-03T20:34:00+00:00
[2023-06-03T20:34:54.161+0000] {processor.py:179} INFO - Processing /home/airflow/.local/lib/python3.7/site-packages/airflow/example_dags/example_sla_dag.py took 0.061 seconds
[2023-06-03T20:35:24.551+0000] {processor.py:157} INFO - Started process (PID=5229) to work on /home/airflow/.local/lib/python3.7/site-packages/airflow/example_dags/example_sla_dag.py
[2023-06-03T20:35:24.552+0000] {processor.py:826} INFO - Processing file /home/airflow/.local/lib/python3.7/site-packages/airflow/example_dags/example_sla_dag.py for tasks to queue
[2023-06-03T20:35:24.554+0000] {logging_mixin.py:149} INFO - [2023-06-03T20:35:24.553+0000] {dagbag.py:541} INFO - Filling up the DagBag from /home/airflow/.local/lib/python3.7/site-packages/airflow/example_dags/example_sla_dag.py
[2023-06-03T20:35:24.560+0000] {processor.py:836} INFO - DAG(s) dict_keys(['example_sla_dag']) retrieved from /home/airflow/.local/lib/python3.7/site-packages/airflow/example_dags/example_sla_dag.py
[2023-06-03T20:35:24.577+0000] {logging_mixin.py:149} INFO - [2023-06-03T20:35:24.577+0000] {dag.py:2726} INFO - Sync 1 DAGs
[2023-06-03T20:35:24.597+0000] {logging_mixin.py:149} INFO - [2023-06-03T20:35:24.597+0000] {dag.py:3490} INFO - Setting next_dagrun for example_sla_dag to 2023-06-03T20:32:00+00:00, run_after=2023-06-03T20:34:00+00:00
[2023-06-03T20:35:24.613+0000] {processor.py:179} INFO - Processing /home/airflow/.local/lib/python3.7/site-packages/airflow/example_dags/example_sla_dag.py took 0.064 seconds
[2023-06-03T20:35:55.364+0000] {processor.py:157} INFO - Started process (PID=5481) to work on /home/airflow/.local/lib/python3.7/site-packages/airflow/example_dags/example_sla_dag.py
[2023-06-03T20:35:55.365+0000] {processor.py:826} INFO - Processing file /home/airflow/.local/lib/python3.7/site-packages/airflow/example_dags/example_sla_dag.py for tasks to queue
[2023-06-03T20:35:55.366+0000] {logging_mixin.py:149} INFO - [2023-06-03T20:35:55.366+0000] {dagbag.py:541} INFO - Filling up the DagBag from /home/airflow/.local/lib/python3.7/site-packages/airflow/example_dags/example_sla_dag.py
[2023-06-03T20:35:55.373+0000] {processor.py:836} INFO - DAG(s) dict_keys(['example_sla_dag']) retrieved from /home/airflow/.local/lib/python3.7/site-packages/airflow/example_dags/example_sla_dag.py
[2023-06-03T20:35:55.390+0000] {logging_mixin.py:149} INFO - [2023-06-03T20:35:55.390+0000] {dag.py:2726} INFO - Sync 1 DAGs
[2023-06-03T20:35:55.409+0000] {logging_mixin.py:149} INFO - [2023-06-03T20:35:55.409+0000] {dag.py:3490} INFO - Setting next_dagrun for example_sla_dag to 2023-06-03T20:32:00+00:00, run_after=2023-06-03T20:34:00+00:00
[2023-06-03T20:35:55.425+0000] {processor.py:179} INFO - Processing /home/airflow/.local/lib/python3.7/site-packages/airflow/example_dags/example_sla_dag.py took 0.063 seconds
[2023-06-03T20:36:26.026+0000] {processor.py:157} INFO - Started process (PID=5733) to work on /home/airflow/.local/lib/python3.7/site-packages/airflow/example_dags/example_sla_dag.py
[2023-06-03T20:36:26.027+0000] {processor.py:826} INFO - Processing file /home/airflow/.local/lib/python3.7/site-packages/airflow/example_dags/example_sla_dag.py for tasks to queue
[2023-06-03T20:36:26.028+0000] {logging_mixin.py:149} INFO - [2023-06-03T20:36:26.028+0000] {dagbag.py:541} INFO - Filling up the DagBag from /home/airflow/.local/lib/python3.7/site-packages/airflow/example_dags/example_sla_dag.py
[2023-06-03T20:36:26.035+0000] {processor.py:836} INFO - DAG(s) dict_keys(['example_sla_dag']) retrieved from /home/airflow/.local/lib/python3.7/site-packages/airflow/example_dags/example_sla_dag.py
[2023-06-03T20:36:26.052+0000] {logging_mixin.py:149} INFO - [2023-06-03T20:36:26.052+0000] {dag.py:2726} INFO - Sync 1 DAGs
[2023-06-03T20:36:26.072+0000] {logging_mixin.py:149} INFO - [2023-06-03T20:36:26.072+0000] {dag.py:3490} INFO - Setting next_dagrun for example_sla_dag to 2023-06-03T20:34:00+00:00, run_after=2023-06-03T20:36:00+00:00
[2023-06-03T20:36:26.088+0000] {processor.py:179} INFO - Processing /home/airflow/.local/lib/python3.7/site-packages/airflow/example_dags/example_sla_dag.py took 0.065 seconds
[2023-06-03T20:36:56.423+0000] {processor.py:157} INFO - Started process (PID=5985) to work on /home/airflow/.local/lib/python3.7/site-packages/airflow/example_dags/example_sla_dag.py
[2023-06-03T20:36:56.424+0000] {processor.py:826} INFO - Processing file /home/airflow/.local/lib/python3.7/site-packages/airflow/example_dags/example_sla_dag.py for tasks to queue
[2023-06-03T20:36:56.425+0000] {logging_mixin.py:149} INFO - [2023-06-03T20:36:56.424+0000] {dagbag.py:541} INFO - Filling up the DagBag from /home/airflow/.local/lib/python3.7/site-packages/airflow/example_dags/example_sla_dag.py
[2023-06-03T20:36:56.430+0000] {processor.py:836} INFO - DAG(s) dict_keys(['example_sla_dag']) retrieved from /home/airflow/.local/lib/python3.7/site-packages/airflow/example_dags/example_sla_dag.py
[2023-06-03T20:36:56.446+0000] {logging_mixin.py:149} INFO - [2023-06-03T20:36:56.446+0000] {dag.py:2726} INFO - Sync 1 DAGs
[2023-06-03T20:36:56.468+0000] {logging_mixin.py:149} INFO - [2023-06-03T20:36:56.468+0000] {dag.py:3490} INFO - Setting next_dagrun for example_sla_dag to 2023-06-03T20:34:00+00:00, run_after=2023-06-03T20:36:00+00:00
[2023-06-03T20:36:56.483+0000] {processor.py:179} INFO - Processing /home/airflow/.local/lib/python3.7/site-packages/airflow/example_dags/example_sla_dag.py took 0.063 seconds
[2023-06-03T20:37:27.358+0000] {processor.py:157} INFO - Started process (PID=6237) to work on /home/airflow/.local/lib/python3.7/site-packages/airflow/example_dags/example_sla_dag.py
[2023-06-03T20:37:27.360+0000] {processor.py:826} INFO - Processing file /home/airflow/.local/lib/python3.7/site-packages/airflow/example_dags/example_sla_dag.py for tasks to queue
[2023-06-03T20:37:27.362+0000] {logging_mixin.py:149} INFO - [2023-06-03T20:37:27.362+0000] {dagbag.py:541} INFO - Filling up the DagBag from /home/airflow/.local/lib/python3.7/site-packages/airflow/example_dags/example_sla_dag.py
[2023-06-03T20:37:27.370+0000] {processor.py:836} INFO - DAG(s) dict_keys(['example_sla_dag']) retrieved from /home/airflow/.local/lib/python3.7/site-packages/airflow/example_dags/example_sla_dag.py
[2023-06-03T20:37:27.387+0000] {logging_mixin.py:149} INFO - [2023-06-03T20:37:27.386+0000] {dag.py:2726} INFO - Sync 1 DAGs
[2023-06-03T20:37:27.408+0000] {logging_mixin.py:149} INFO - [2023-06-03T20:37:27.408+0000] {dag.py:3490} INFO - Setting next_dagrun for example_sla_dag to 2023-06-03T20:34:00+00:00, run_after=2023-06-03T20:36:00+00:00
[2023-06-03T20:37:27.425+0000] {processor.py:179} INFO - Processing /home/airflow/.local/lib/python3.7/site-packages/airflow/example_dags/example_sla_dag.py took 0.069 seconds
[2023-06-03T20:37:57.904+0000] {processor.py:157} INFO - Started process (PID=6491) to work on /home/airflow/.local/lib/python3.7/site-packages/airflow/example_dags/example_sla_dag.py
[2023-06-03T20:37:57.905+0000] {processor.py:826} INFO - Processing file /home/airflow/.local/lib/python3.7/site-packages/airflow/example_dags/example_sla_dag.py for tasks to queue
[2023-06-03T20:37:57.906+0000] {logging_mixin.py:149} INFO - [2023-06-03T20:37:57.906+0000] {dagbag.py:541} INFO - Filling up the DagBag from /home/airflow/.local/lib/python3.7/site-packages/airflow/example_dags/example_sla_dag.py
[2023-06-03T20:37:57.913+0000] {processor.py:836} INFO - DAG(s) dict_keys(['example_sla_dag']) retrieved from /home/airflow/.local/lib/python3.7/site-packages/airflow/example_dags/example_sla_dag.py
[2023-06-03T20:37:57.930+0000] {logging_mixin.py:149} INFO - [2023-06-03T20:37:57.930+0000] {dag.py:2726} INFO - Sync 1 DAGs
[2023-06-03T20:37:57.950+0000] {logging_mixin.py:149} INFO - [2023-06-03T20:37:57.949+0000] {dag.py:3490} INFO - Setting next_dagrun for example_sla_dag to 2023-06-03T20:34:00+00:00, run_after=2023-06-03T20:36:00+00:00
[2023-06-03T20:37:57.967+0000] {processor.py:179} INFO - Processing /home/airflow/.local/lib/python3.7/site-packages/airflow/example_dags/example_sla_dag.py took 0.066 seconds
[2023-06-03T20:38:28.091+0000] {processor.py:157} INFO - Started process (PID=6741) to work on /home/airflow/.local/lib/python3.7/site-packages/airflow/example_dags/example_sla_dag.py
[2023-06-03T20:38:28.092+0000] {processor.py:826} INFO - Processing file /home/airflow/.local/lib/python3.7/site-packages/airflow/example_dags/example_sla_dag.py for tasks to queue
[2023-06-03T20:38:28.093+0000] {logging_mixin.py:149} INFO - [2023-06-03T20:38:28.093+0000] {dagbag.py:541} INFO - Filling up the DagBag from /home/airflow/.local/lib/python3.7/site-packages/airflow/example_dags/example_sla_dag.py
[2023-06-03T20:38:28.099+0000] {processor.py:836} INFO - DAG(s) dict_keys(['example_sla_dag']) retrieved from /home/airflow/.local/lib/python3.7/site-packages/airflow/example_dags/example_sla_dag.py
[2023-06-03T20:38:28.114+0000] {logging_mixin.py:149} INFO - [2023-06-03T20:38:28.114+0000] {dag.py:2726} INFO - Sync 1 DAGs
[2023-06-03T20:38:28.132+0000] {logging_mixin.py:149} INFO - [2023-06-03T20:38:28.132+0000] {dag.py:3490} INFO - Setting next_dagrun for example_sla_dag to 2023-06-03T20:36:00+00:00, run_after=2023-06-03T20:38:00+00:00
[2023-06-03T20:38:28.148+0000] {processor.py:179} INFO - Processing /home/airflow/.local/lib/python3.7/site-packages/airflow/example_dags/example_sla_dag.py took 0.059 seconds
[2023-06-03T20:38:58.521+0000] {processor.py:157} INFO - Started process (PID=6993) to work on /home/airflow/.local/lib/python3.7/site-packages/airflow/example_dags/example_sla_dag.py
[2023-06-03T20:38:58.522+0000] {processor.py:826} INFO - Processing file /home/airflow/.local/lib/python3.7/site-packages/airflow/example_dags/example_sla_dag.py for tasks to queue
[2023-06-03T20:38:58.523+0000] {logging_mixin.py:149} INFO - [2023-06-03T20:38:58.523+0000] {dagbag.py:541} INFO - Filling up the DagBag from /home/airflow/.local/lib/python3.7/site-packages/airflow/example_dags/example_sla_dag.py
[2023-06-03T20:38:58.530+0000] {processor.py:836} INFO - DAG(s) dict_keys(['example_sla_dag']) retrieved from /home/airflow/.local/lib/python3.7/site-packages/airflow/example_dags/example_sla_dag.py
[2023-06-03T20:38:58.545+0000] {logging_mixin.py:149} INFO - [2023-06-03T20:38:58.545+0000] {dag.py:2726} INFO - Sync 1 DAGs
[2023-06-03T20:38:58.565+0000] {logging_mixin.py:149} INFO - [2023-06-03T20:38:58.565+0000] {dag.py:3490} INFO - Setting next_dagrun for example_sla_dag to 2023-06-03T20:36:00+00:00, run_after=2023-06-03T20:38:00+00:00
[2023-06-03T20:38:58.582+0000] {processor.py:179} INFO - Processing /home/airflow/.local/lib/python3.7/site-packages/airflow/example_dags/example_sla_dag.py took 0.063 seconds
[2023-06-03T20:39:28.713+0000] {processor.py:157} INFO - Started process (PID=7245) to work on /home/airflow/.local/lib/python3.7/site-packages/airflow/example_dags/example_sla_dag.py
[2023-06-03T20:39:28.714+0000] {processor.py:826} INFO - Processing file /home/airflow/.local/lib/python3.7/site-packages/airflow/example_dags/example_sla_dag.py for tasks to queue
[2023-06-03T20:39:28.715+0000] {logging_mixin.py:149} INFO - [2023-06-03T20:39:28.715+0000] {dagbag.py:541} INFO - Filling up the DagBag from /home/airflow/.local/lib/python3.7/site-packages/airflow/example_dags/example_sla_dag.py
[2023-06-03T20:39:28.722+0000] {processor.py:836} INFO - DAG(s) dict_keys(['example_sla_dag']) retrieved from /home/airflow/.local/lib/python3.7/site-packages/airflow/example_dags/example_sla_dag.py
[2023-06-03T20:39:28.739+0000] {logging_mixin.py:149} INFO - [2023-06-03T20:39:28.739+0000] {dag.py:2726} INFO - Sync 1 DAGs
[2023-06-03T20:39:28.764+0000] {logging_mixin.py:149} INFO - [2023-06-03T20:39:28.764+0000] {dag.py:3490} INFO - Setting next_dagrun for example_sla_dag to 2023-06-03T20:36:00+00:00, run_after=2023-06-03T20:38:00+00:00
[2023-06-03T20:39:28.782+0000] {processor.py:179} INFO - Processing /home/airflow/.local/lib/python3.7/site-packages/airflow/example_dags/example_sla_dag.py took 0.072 seconds
[2023-06-03T20:39:59.162+0000] {processor.py:157} INFO - Started process (PID=7499) to work on /home/airflow/.local/lib/python3.7/site-packages/airflow/example_dags/example_sla_dag.py
[2023-06-03T20:39:59.163+0000] {processor.py:826} INFO - Processing file /home/airflow/.local/lib/python3.7/site-packages/airflow/example_dags/example_sla_dag.py for tasks to queue
[2023-06-03T20:39:59.164+0000] {logging_mixin.py:149} INFO - [2023-06-03T20:39:59.164+0000] {dagbag.py:541} INFO - Filling up the DagBag from /home/airflow/.local/lib/python3.7/site-packages/airflow/example_dags/example_sla_dag.py
[2023-06-03T20:39:59.171+0000] {processor.py:836} INFO - DAG(s) dict_keys(['example_sla_dag']) retrieved from /home/airflow/.local/lib/python3.7/site-packages/airflow/example_dags/example_sla_dag.py
[2023-06-03T20:39:59.188+0000] {logging_mixin.py:149} INFO - [2023-06-03T20:39:59.188+0000] {dag.py:2726} INFO - Sync 1 DAGs
[2023-06-03T20:39:59.208+0000] {logging_mixin.py:149} INFO - [2023-06-03T20:39:59.208+0000] {dag.py:3490} INFO - Setting next_dagrun for example_sla_dag to 2023-06-03T20:36:00+00:00, run_after=2023-06-03T20:38:00+00:00
[2023-06-03T20:39:59.222+0000] {processor.py:179} INFO - Processing /home/airflow/.local/lib/python3.7/site-packages/airflow/example_dags/example_sla_dag.py took 0.062 seconds
[2023-06-03T20:40:29.477+0000] {processor.py:157} INFO - Started process (PID=7749) to work on /home/airflow/.local/lib/python3.7/site-packages/airflow/example_dags/example_sla_dag.py
[2023-06-03T20:40:29.478+0000] {processor.py:826} INFO - Processing file /home/airflow/.local/lib/python3.7/site-packages/airflow/example_dags/example_sla_dag.py for tasks to queue
[2023-06-03T20:40:29.479+0000] {logging_mixin.py:149} INFO - [2023-06-03T20:40:29.479+0000] {dagbag.py:541} INFO - Filling up the DagBag from /home/airflow/.local/lib/python3.7/site-packages/airflow/example_dags/example_sla_dag.py
[2023-06-03T20:40:29.486+0000] {processor.py:836} INFO - DAG(s) dict_keys(['example_sla_dag']) retrieved from /home/airflow/.local/lib/python3.7/site-packages/airflow/example_dags/example_sla_dag.py
[2023-06-03T20:40:29.506+0000] {logging_mixin.py:149} INFO - [2023-06-03T20:40:29.506+0000] {dag.py:2726} INFO - Sync 1 DAGs
[2023-06-03T20:40:29.526+0000] {logging_mixin.py:149} INFO - [2023-06-03T20:40:29.526+0000] {dag.py:3490} INFO - Setting next_dagrun for example_sla_dag to 2023-06-03T20:38:00+00:00, run_after=2023-06-03T20:40:00+00:00
[2023-06-03T20:40:29.548+0000] {processor.py:179} INFO - Processing /home/airflow/.local/lib/python3.7/site-packages/airflow/example_dags/example_sla_dag.py took 0.073 seconds
[2023-06-03T20:41:00.528+0000] {processor.py:157} INFO - Started process (PID=8001) to work on /home/airflow/.local/lib/python3.7/site-packages/airflow/example_dags/example_sla_dag.py
[2023-06-03T20:41:00.529+0000] {processor.py:826} INFO - Processing file /home/airflow/.local/lib/python3.7/site-packages/airflow/example_dags/example_sla_dag.py for tasks to queue
[2023-06-03T20:41:00.531+0000] {logging_mixin.py:149} INFO - [2023-06-03T20:41:00.531+0000] {dagbag.py:541} INFO - Filling up the DagBag from /home/airflow/.local/lib/python3.7/site-packages/airflow/example_dags/example_sla_dag.py
[2023-06-03T20:41:00.538+0000] {processor.py:836} INFO - DAG(s) dict_keys(['example_sla_dag']) retrieved from /home/airflow/.local/lib/python3.7/site-packages/airflow/example_dags/example_sla_dag.py
[2023-06-03T20:41:00.555+0000] {logging_mixin.py:149} INFO - [2023-06-03T20:41:00.555+0000] {dag.py:2726} INFO - Sync 1 DAGs
[2023-06-03T20:41:00.575+0000] {logging_mixin.py:149} INFO - [2023-06-03T20:41:00.575+0000] {dag.py:3490} INFO - Setting next_dagrun for example_sla_dag to 2023-06-03T20:38:00+00:00, run_after=2023-06-03T20:40:00+00:00
[2023-06-03T20:41:00.592+0000] {processor.py:179} INFO - Processing /home/airflow/.local/lib/python3.7/site-packages/airflow/example_dags/example_sla_dag.py took 0.066 seconds
[2023-06-03T20:41:30.680+0000] {processor.py:157} INFO - Started process (PID=8253) to work on /home/airflow/.local/lib/python3.7/site-packages/airflow/example_dags/example_sla_dag.py
[2023-06-03T20:41:30.684+0000] {processor.py:826} INFO - Processing file /home/airflow/.local/lib/python3.7/site-packages/airflow/example_dags/example_sla_dag.py for tasks to queue
[2023-06-03T20:41:30.686+0000] {logging_mixin.py:149} INFO - [2023-06-03T20:41:30.686+0000] {dagbag.py:541} INFO - Filling up the DagBag from /home/airflow/.local/lib/python3.7/site-packages/airflow/example_dags/example_sla_dag.py
[2023-06-03T20:41:30.694+0000] {processor.py:836} INFO - DAG(s) dict_keys(['example_sla_dag']) retrieved from /home/airflow/.local/lib/python3.7/site-packages/airflow/example_dags/example_sla_dag.py
[2023-06-03T20:41:30.712+0000] {logging_mixin.py:149} INFO - [2023-06-03T20:41:30.712+0000] {dag.py:2726} INFO - Sync 1 DAGs
[2023-06-03T20:41:30.732+0000] {logging_mixin.py:149} INFO - [2023-06-03T20:41:30.732+0000] {dag.py:3490} INFO - Setting next_dagrun for example_sla_dag to 2023-06-03T20:38:00+00:00, run_after=2023-06-03T20:40:00+00:00
[2023-06-03T20:41:30.749+0000] {processor.py:179} INFO - Processing /home/airflow/.local/lib/python3.7/site-packages/airflow/example_dags/example_sla_dag.py took 0.071 seconds
[2023-06-03T20:42:00.932+0000] {processor.py:157} INFO - Started process (PID=8505) to work on /home/airflow/.local/lib/python3.7/site-packages/airflow/example_dags/example_sla_dag.py
[2023-06-03T20:42:00.933+0000] {processor.py:826} INFO - Processing file /home/airflow/.local/lib/python3.7/site-packages/airflow/example_dags/example_sla_dag.py for tasks to queue
[2023-06-03T20:42:00.934+0000] {logging_mixin.py:149} INFO - [2023-06-03T20:42:00.934+0000] {dagbag.py:541} INFO - Filling up the DagBag from /home/airflow/.local/lib/python3.7/site-packages/airflow/example_dags/example_sla_dag.py
[2023-06-03T20:42:00.940+0000] {processor.py:836} INFO - DAG(s) dict_keys(['example_sla_dag']) retrieved from /home/airflow/.local/lib/python3.7/site-packages/airflow/example_dags/example_sla_dag.py
[2023-06-03T20:42:00.955+0000] {logging_mixin.py:149} INFO - [2023-06-03T20:42:00.955+0000] {dag.py:2726} INFO - Sync 1 DAGs
[2023-06-03T20:42:00.976+0000] {logging_mixin.py:149} INFO - [2023-06-03T20:42:00.976+0000] {dag.py:3490} INFO - Setting next_dagrun for example_sla_dag to 2023-06-03T20:40:00+00:00, run_after=2023-06-03T20:42:00+00:00
[2023-06-03T20:42:01.034+0000] {processor.py:179} INFO - Processing /home/airflow/.local/lib/python3.7/site-packages/airflow/example_dags/example_sla_dag.py took 0.105 seconds
[2023-06-03T20:42:32.134+0000] {processor.py:157} INFO - Started process (PID=8757) to work on /home/airflow/.local/lib/python3.7/site-packages/airflow/example_dags/example_sla_dag.py
[2023-06-03T20:42:32.136+0000] {processor.py:826} INFO - Processing file /home/airflow/.local/lib/python3.7/site-packages/airflow/example_dags/example_sla_dag.py for tasks to queue
[2023-06-03T20:42:32.137+0000] {logging_mixin.py:149} INFO - [2023-06-03T20:42:32.137+0000] {dagbag.py:541} INFO - Filling up the DagBag from /home/airflow/.local/lib/python3.7/site-packages/airflow/example_dags/example_sla_dag.py
[2023-06-03T20:42:32.143+0000] {processor.py:836} INFO - DAG(s) dict_keys(['example_sla_dag']) retrieved from /home/airflow/.local/lib/python3.7/site-packages/airflow/example_dags/example_sla_dag.py
[2023-06-03T20:42:32.160+0000] {logging_mixin.py:149} INFO - [2023-06-03T20:42:32.160+0000] {dag.py:2726} INFO - Sync 1 DAGs
[2023-06-03T20:42:32.182+0000] {logging_mixin.py:149} INFO - [2023-06-03T20:42:32.182+0000] {dag.py:3490} INFO - Setting next_dagrun for example_sla_dag to 2023-06-03T20:40:00+00:00, run_after=2023-06-03T20:42:00+00:00
[2023-06-03T20:42:32.207+0000] {processor.py:179} INFO - Processing /home/airflow/.local/lib/python3.7/site-packages/airflow/example_dags/example_sla_dag.py took 0.075 seconds
[2023-06-03T20:43:02.368+0000] {processor.py:157} INFO - Started process (PID=9009) to work on /home/airflow/.local/lib/python3.7/site-packages/airflow/example_dags/example_sla_dag.py
[2023-06-03T20:43:02.369+0000] {processor.py:826} INFO - Processing file /home/airflow/.local/lib/python3.7/site-packages/airflow/example_dags/example_sla_dag.py for tasks to queue
[2023-06-03T20:43:02.371+0000] {logging_mixin.py:149} INFO - [2023-06-03T20:43:02.370+0000] {dagbag.py:541} INFO - Filling up the DagBag from /home/airflow/.local/lib/python3.7/site-packages/airflow/example_dags/example_sla_dag.py
[2023-06-03T20:43:02.377+0000] {processor.py:836} INFO - DAG(s) dict_keys(['example_sla_dag']) retrieved from /home/airflow/.local/lib/python3.7/site-packages/airflow/example_dags/example_sla_dag.py
[2023-06-03T20:43:02.395+0000] {logging_mixin.py:149} INFO - [2023-06-03T20:43:02.395+0000] {dag.py:2726} INFO - Sync 1 DAGs
[2023-06-03T20:43:02.418+0000] {logging_mixin.py:149} INFO - [2023-06-03T20:43:02.418+0000] {dag.py:3490} INFO - Setting next_dagrun for example_sla_dag to 2023-06-03T20:40:00+00:00, run_after=2023-06-03T20:42:00+00:00
[2023-06-03T20:43:02.436+0000] {processor.py:179} INFO - Processing /home/airflow/.local/lib/python3.7/site-packages/airflow/example_dags/example_sla_dag.py took 0.070 seconds
[2023-06-03T20:43:32.770+0000] {processor.py:157} INFO - Started process (PID=9263) to work on /home/airflow/.local/lib/python3.7/site-packages/airflow/example_dags/example_sla_dag.py
[2023-06-03T20:43:32.771+0000] {processor.py:826} INFO - Processing file /home/airflow/.local/lib/python3.7/site-packages/airflow/example_dags/example_sla_dag.py for tasks to queue
[2023-06-03T20:43:32.772+0000] {logging_mixin.py:149} INFO - [2023-06-03T20:43:32.772+0000] {dagbag.py:541} INFO - Filling up the DagBag from /home/airflow/.local/lib/python3.7/site-packages/airflow/example_dags/example_sla_dag.py
[2023-06-03T20:43:32.779+0000] {processor.py:836} INFO - DAG(s) dict_keys(['example_sla_dag']) retrieved from /home/airflow/.local/lib/python3.7/site-packages/airflow/example_dags/example_sla_dag.py
[2023-06-03T20:43:32.795+0000] {logging_mixin.py:149} INFO - [2023-06-03T20:43:32.795+0000] {dag.py:2726} INFO - Sync 1 DAGs
[2023-06-03T20:43:32.816+0000] {logging_mixin.py:149} INFO - [2023-06-03T20:43:32.816+0000] {dag.py:3490} INFO - Setting next_dagrun for example_sla_dag to 2023-06-03T20:40:00+00:00, run_after=2023-06-03T20:42:00+00:00
[2023-06-03T20:43:32.832+0000] {processor.py:179} INFO - Processing /home/airflow/.local/lib/python3.7/site-packages/airflow/example_dags/example_sla_dag.py took 0.064 seconds
[2023-06-03T20:44:03.660+0000] {processor.py:157} INFO - Started process (PID=9515) to work on /home/airflow/.local/lib/python3.7/site-packages/airflow/example_dags/example_sla_dag.py
[2023-06-03T20:44:03.661+0000] {processor.py:826} INFO - Processing file /home/airflow/.local/lib/python3.7/site-packages/airflow/example_dags/example_sla_dag.py for tasks to queue
[2023-06-03T20:44:03.663+0000] {logging_mixin.py:149} INFO - [2023-06-03T20:44:03.663+0000] {dagbag.py:541} INFO - Filling up the DagBag from /home/airflow/.local/lib/python3.7/site-packages/airflow/example_dags/example_sla_dag.py
[2023-06-03T20:44:03.670+0000] {processor.py:836} INFO - DAG(s) dict_keys(['example_sla_dag']) retrieved from /home/airflow/.local/lib/python3.7/site-packages/airflow/example_dags/example_sla_dag.py
[2023-06-03T20:44:03.685+0000] {logging_mixin.py:149} INFO - [2023-06-03T20:44:03.685+0000] {dag.py:2726} INFO - Sync 1 DAGs
[2023-06-03T20:44:03.703+0000] {logging_mixin.py:149} INFO - [2023-06-03T20:44:03.703+0000] {dag.py:3490} INFO - Setting next_dagrun for example_sla_dag to 2023-06-03T20:42:00+00:00, run_after=2023-06-03T20:44:00+00:00
[2023-06-03T20:44:03.720+0000] {processor.py:179} INFO - Processing /home/airflow/.local/lib/python3.7/site-packages/airflow/example_dags/example_sla_dag.py took 0.062 seconds
[2023-06-03T20:44:34.610+0000] {processor.py:157} INFO - Started process (PID=9765) to work on /home/airflow/.local/lib/python3.7/site-packages/airflow/example_dags/example_sla_dag.py
[2023-06-03T20:44:34.612+0000] {processor.py:826} INFO - Processing file /home/airflow/.local/lib/python3.7/site-packages/airflow/example_dags/example_sla_dag.py for tasks to queue
[2023-06-03T20:44:34.613+0000] {logging_mixin.py:149} INFO - [2023-06-03T20:44:34.613+0000] {dagbag.py:541} INFO - Filling up the DagBag from /home/airflow/.local/lib/python3.7/site-packages/airflow/example_dags/example_sla_dag.py
[2023-06-03T20:44:34.619+0000] {processor.py:836} INFO - DAG(s) dict_keys(['example_sla_dag']) retrieved from /home/airflow/.local/lib/python3.7/site-packages/airflow/example_dags/example_sla_dag.py
[2023-06-03T20:44:34.635+0000] {logging_mixin.py:149} INFO - [2023-06-03T20:44:34.635+0000] {dag.py:2726} INFO - Sync 1 DAGs
[2023-06-03T20:44:34.654+0000] {logging_mixin.py:149} INFO - [2023-06-03T20:44:34.654+0000] {dag.py:3490} INFO - Setting next_dagrun for example_sla_dag to 2023-06-03T20:42:00+00:00, run_after=2023-06-03T20:44:00+00:00
[2023-06-03T20:44:34.672+0000] {processor.py:179} INFO - Processing /home/airflow/.local/lib/python3.7/site-packages/airflow/example_dags/example_sla_dag.py took 0.064 seconds
[2023-06-03T20:45:05.779+0000] {processor.py:157} INFO - Started process (PID=10017) to work on /home/airflow/.local/lib/python3.7/site-packages/airflow/example_dags/example_sla_dag.py
[2023-06-03T20:45:05.780+0000] {processor.py:826} INFO - Processing file /home/airflow/.local/lib/python3.7/site-packages/airflow/example_dags/example_sla_dag.py for tasks to queue
[2023-06-03T20:45:05.782+0000] {logging_mixin.py:149} INFO - [2023-06-03T20:45:05.781+0000] {dagbag.py:541} INFO - Filling up the DagBag from /home/airflow/.local/lib/python3.7/site-packages/airflow/example_dags/example_sla_dag.py
[2023-06-03T20:45:05.788+0000] {processor.py:836} INFO - DAG(s) dict_keys(['example_sla_dag']) retrieved from /home/airflow/.local/lib/python3.7/site-packages/airflow/example_dags/example_sla_dag.py
[2023-06-03T20:45:05.806+0000] {logging_mixin.py:149} INFO - [2023-06-03T20:45:05.806+0000] {dag.py:2726} INFO - Sync 1 DAGs
[2023-06-03T20:45:05.827+0000] {logging_mixin.py:149} INFO - [2023-06-03T20:45:05.827+0000] {dag.py:3490} INFO - Setting next_dagrun for example_sla_dag to 2023-06-03T20:42:00+00:00, run_after=2023-06-03T20:44:00+00:00
[2023-06-03T20:45:05.843+0000] {processor.py:179} INFO - Processing /home/airflow/.local/lib/python3.7/site-packages/airflow/example_dags/example_sla_dag.py took 0.066 seconds
[2023-06-03T20:45:36.421+0000] {processor.py:157} INFO - Started process (PID=10271) to work on /home/airflow/.local/lib/python3.7/site-packages/airflow/example_dags/example_sla_dag.py
[2023-06-03T20:45:36.422+0000] {processor.py:826} INFO - Processing file /home/airflow/.local/lib/python3.7/site-packages/airflow/example_dags/example_sla_dag.py for tasks to queue
[2023-06-03T20:45:36.423+0000] {logging_mixin.py:149} INFO - [2023-06-03T20:45:36.423+0000] {dagbag.py:541} INFO - Filling up the DagBag from /home/airflow/.local/lib/python3.7/site-packages/airflow/example_dags/example_sla_dag.py
[2023-06-03T20:45:36.430+0000] {processor.py:836} INFO - DAG(s) dict_keys(['example_sla_dag']) retrieved from /home/airflow/.local/lib/python3.7/site-packages/airflow/example_dags/example_sla_dag.py
[2023-06-03T20:45:36.448+0000] {logging_mixin.py:149} INFO - [2023-06-03T20:45:36.448+0000] {dag.py:2726} INFO - Sync 1 DAGs
[2023-06-03T20:45:36.470+0000] {logging_mixin.py:149} INFO - [2023-06-03T20:45:36.469+0000] {dag.py:3490} INFO - Setting next_dagrun for example_sla_dag to 2023-06-03T20:42:00+00:00, run_after=2023-06-03T20:44:00+00:00
[2023-06-03T20:45:36.487+0000] {processor.py:179} INFO - Processing /home/airflow/.local/lib/python3.7/site-packages/airflow/example_dags/example_sla_dag.py took 0.068 seconds
[2023-06-03T20:46:06.558+0000] {processor.py:157} INFO - Started process (PID=10521) to work on /home/airflow/.local/lib/python3.7/site-packages/airflow/example_dags/example_sla_dag.py
[2023-06-03T20:46:06.559+0000] {processor.py:826} INFO - Processing file /home/airflow/.local/lib/python3.7/site-packages/airflow/example_dags/example_sla_dag.py for tasks to queue
[2023-06-03T20:46:06.560+0000] {logging_mixin.py:149} INFO - [2023-06-03T20:46:06.560+0000] {dagbag.py:541} INFO - Filling up the DagBag from /home/airflow/.local/lib/python3.7/site-packages/airflow/example_dags/example_sla_dag.py
[2023-06-03T20:46:06.566+0000] {processor.py:836} INFO - DAG(s) dict_keys(['example_sla_dag']) retrieved from /home/airflow/.local/lib/python3.7/site-packages/airflow/example_dags/example_sla_dag.py
[2023-06-03T20:46:06.583+0000] {logging_mixin.py:149} INFO - [2023-06-03T20:46:06.583+0000] {dag.py:2726} INFO - Sync 1 DAGs
[2023-06-03T20:46:06.604+0000] {logging_mixin.py:149} INFO - [2023-06-03T20:46:06.603+0000] {dag.py:3490} INFO - Setting next_dagrun for example_sla_dag to 2023-06-03T20:44:00+00:00, run_after=2023-06-03T20:46:00+00:00
[2023-06-03T20:46:06.620+0000] {processor.py:179} INFO - Processing /home/airflow/.local/lib/python3.7/site-packages/airflow/example_dags/example_sla_dag.py took 0.064 seconds
[2023-06-03T20:46:37.880+0000] {processor.py:157} INFO - Started process (PID=10775) to work on /home/airflow/.local/lib/python3.7/site-packages/airflow/example_dags/example_sla_dag.py
[2023-06-03T20:46:37.881+0000] {processor.py:826} INFO - Processing file /home/airflow/.local/lib/python3.7/site-packages/airflow/example_dags/example_sla_dag.py for tasks to queue
[2023-06-03T20:46:37.882+0000] {logging_mixin.py:149} INFO - [2023-06-03T20:46:37.882+0000] {dagbag.py:541} INFO - Filling up the DagBag from /home/airflow/.local/lib/python3.7/site-packages/airflow/example_dags/example_sla_dag.py
[2023-06-03T20:46:37.891+0000] {processor.py:836} INFO - DAG(s) dict_keys(['example_sla_dag']) retrieved from /home/airflow/.local/lib/python3.7/site-packages/airflow/example_dags/example_sla_dag.py
[2023-06-03T20:46:37.911+0000] {logging_mixin.py:149} INFO - [2023-06-03T20:46:37.911+0000] {dag.py:2726} INFO - Sync 1 DAGs
[2023-06-03T20:46:37.931+0000] {logging_mixin.py:149} INFO - [2023-06-03T20:46:37.931+0000] {dag.py:3490} INFO - Setting next_dagrun for example_sla_dag to 2023-06-03T20:44:00+00:00, run_after=2023-06-03T20:46:00+00:00
[2023-06-03T20:46:37.948+0000] {processor.py:179} INFO - Processing /home/airflow/.local/lib/python3.7/site-packages/airflow/example_dags/example_sla_dag.py took 0.071 seconds
[2023-06-03T20:47:08.214+0000] {processor.py:157} INFO - Started process (PID=11025) to work on /home/airflow/.local/lib/python3.7/site-packages/airflow/example_dags/example_sla_dag.py
[2023-06-03T20:47:08.215+0000] {processor.py:826} INFO - Processing file /home/airflow/.local/lib/python3.7/site-packages/airflow/example_dags/example_sla_dag.py for tasks to queue
[2023-06-03T20:47:08.216+0000] {logging_mixin.py:149} INFO - [2023-06-03T20:47:08.216+0000] {dagbag.py:541} INFO - Filling up the DagBag from /home/airflow/.local/lib/python3.7/site-packages/airflow/example_dags/example_sla_dag.py
[2023-06-03T20:47:08.223+0000] {processor.py:836} INFO - DAG(s) dict_keys(['example_sla_dag']) retrieved from /home/airflow/.local/lib/python3.7/site-packages/airflow/example_dags/example_sla_dag.py
[2023-06-03T20:47:08.239+0000] {logging_mixin.py:149} INFO - [2023-06-03T20:47:08.239+0000] {dag.py:2726} INFO - Sync 1 DAGs
[2023-06-03T20:47:08.258+0000] {logging_mixin.py:149} INFO - [2023-06-03T20:47:08.258+0000] {dag.py:3490} INFO - Setting next_dagrun for example_sla_dag to 2023-06-03T20:44:00+00:00, run_after=2023-06-03T20:46:00+00:00
[2023-06-03T20:47:08.273+0000] {processor.py:179} INFO - Processing /home/airflow/.local/lib/python3.7/site-packages/airflow/example_dags/example_sla_dag.py took 0.062 seconds
[2023-06-03T20:47:38.494+0000] {processor.py:157} INFO - Started process (PID=11277) to work on /home/airflow/.local/lib/python3.7/site-packages/airflow/example_dags/example_sla_dag.py
[2023-06-03T20:47:38.496+0000] {processor.py:826} INFO - Processing file /home/airflow/.local/lib/python3.7/site-packages/airflow/example_dags/example_sla_dag.py for tasks to queue
[2023-06-03T20:47:38.497+0000] {logging_mixin.py:149} INFO - [2023-06-03T20:47:38.497+0000] {dagbag.py:541} INFO - Filling up the DagBag from /home/airflow/.local/lib/python3.7/site-packages/airflow/example_dags/example_sla_dag.py
[2023-06-03T20:47:38.503+0000] {processor.py:836} INFO - DAG(s) dict_keys(['example_sla_dag']) retrieved from /home/airflow/.local/lib/python3.7/site-packages/airflow/example_dags/example_sla_dag.py
[2023-06-03T20:47:38.519+0000] {logging_mixin.py:149} INFO - [2023-06-03T20:47:38.519+0000] {dag.py:2726} INFO - Sync 1 DAGs
[2023-06-03T20:47:38.538+0000] {logging_mixin.py:149} INFO - [2023-06-03T20:47:38.538+0000] {dag.py:3490} INFO - Setting next_dagrun for example_sla_dag to 2023-06-03T20:44:00+00:00, run_after=2023-06-03T20:46:00+00:00
[2023-06-03T20:47:38.556+0000] {processor.py:179} INFO - Processing /home/airflow/.local/lib/python3.7/site-packages/airflow/example_dags/example_sla_dag.py took 0.064 seconds
[2023-06-03T20:48:08.855+0000] {processor.py:157} INFO - Started process (PID=11531) to work on /home/airflow/.local/lib/python3.7/site-packages/airflow/example_dags/example_sla_dag.py
[2023-06-03T20:48:08.856+0000] {processor.py:826} INFO - Processing file /home/airflow/.local/lib/python3.7/site-packages/airflow/example_dags/example_sla_dag.py for tasks to queue
[2023-06-03T20:48:08.857+0000] {logging_mixin.py:149} INFO - [2023-06-03T20:48:08.856+0000] {dagbag.py:541} INFO - Filling up the DagBag from /home/airflow/.local/lib/python3.7/site-packages/airflow/example_dags/example_sla_dag.py
[2023-06-03T20:48:08.862+0000] {processor.py:836} INFO - DAG(s) dict_keys(['example_sla_dag']) retrieved from /home/airflow/.local/lib/python3.7/site-packages/airflow/example_dags/example_sla_dag.py
[2023-06-03T20:48:08.879+0000] {logging_mixin.py:149} INFO - [2023-06-03T20:48:08.878+0000] {dag.py:2726} INFO - Sync 1 DAGs
[2023-06-03T20:48:08.897+0000] {logging_mixin.py:149} INFO - [2023-06-03T20:48:08.896+0000] {dag.py:3490} INFO - Setting next_dagrun for example_sla_dag to 2023-06-03T20:46:00+00:00, run_after=2023-06-03T20:48:00+00:00
[2023-06-03T20:48:08.912+0000] {processor.py:179} INFO - Processing /home/airflow/.local/lib/python3.7/site-packages/airflow/example_dags/example_sla_dag.py took 0.060 seconds
[2023-06-03T20:48:39.418+0000] {processor.py:157} INFO - Started process (PID=11781) to work on /home/airflow/.local/lib/python3.7/site-packages/airflow/example_dags/example_sla_dag.py
[2023-06-03T20:48:39.419+0000] {processor.py:826} INFO - Processing file /home/airflow/.local/lib/python3.7/site-packages/airflow/example_dags/example_sla_dag.py for tasks to queue
[2023-06-03T20:48:39.420+0000] {logging_mixin.py:149} INFO - [2023-06-03T20:48:39.420+0000] {dagbag.py:541} INFO - Filling up the DagBag from /home/airflow/.local/lib/python3.7/site-packages/airflow/example_dags/example_sla_dag.py
[2023-06-03T20:48:39.428+0000] {processor.py:836} INFO - DAG(s) dict_keys(['example_sla_dag']) retrieved from /home/airflow/.local/lib/python3.7/site-packages/airflow/example_dags/example_sla_dag.py
[2023-06-03T20:48:39.446+0000] {logging_mixin.py:149} INFO - [2023-06-03T20:48:39.446+0000] {dag.py:2726} INFO - Sync 1 DAGs
[2023-06-03T20:48:39.469+0000] {logging_mixin.py:149} INFO - [2023-06-03T20:48:39.469+0000] {dag.py:3490} INFO - Setting next_dagrun for example_sla_dag to 2023-06-03T20:46:00+00:00, run_after=2023-06-03T20:48:00+00:00
[2023-06-03T20:48:39.486+0000] {processor.py:179} INFO - Processing /home/airflow/.local/lib/python3.7/site-packages/airflow/example_dags/example_sla_dag.py took 0.071 seconds
[2023-06-03T20:49:09.567+0000] {processor.py:157} INFO - Started process (PID=12033) to work on /home/airflow/.local/lib/python3.7/site-packages/airflow/example_dags/example_sla_dag.py
[2023-06-03T20:49:09.568+0000] {processor.py:826} INFO - Processing file /home/airflow/.local/lib/python3.7/site-packages/airflow/example_dags/example_sla_dag.py for tasks to queue
[2023-06-03T20:49:09.569+0000] {logging_mixin.py:149} INFO - [2023-06-03T20:49:09.569+0000] {dagbag.py:541} INFO - Filling up the DagBag from /home/airflow/.local/lib/python3.7/site-packages/airflow/example_dags/example_sla_dag.py
[2023-06-03T20:49:09.576+0000] {processor.py:836} INFO - DAG(s) dict_keys(['example_sla_dag']) retrieved from /home/airflow/.local/lib/python3.7/site-packages/airflow/example_dags/example_sla_dag.py
[2023-06-03T20:49:09.592+0000] {logging_mixin.py:149} INFO - [2023-06-03T20:49:09.592+0000] {dag.py:2726} INFO - Sync 1 DAGs
[2023-06-03T20:49:09.611+0000] {logging_mixin.py:149} INFO - [2023-06-03T20:49:09.611+0000] {dag.py:3490} INFO - Setting next_dagrun for example_sla_dag to 2023-06-03T20:46:00+00:00, run_after=2023-06-03T20:48:00+00:00
[2023-06-03T20:49:09.627+0000] {processor.py:179} INFO - Processing /home/airflow/.local/lib/python3.7/site-packages/airflow/example_dags/example_sla_dag.py took 0.063 seconds
[2023-06-03T20:49:39.657+0000] {processor.py:157} INFO - Started process (PID=12285) to work on /home/airflow/.local/lib/python3.7/site-packages/airflow/example_dags/example_sla_dag.py
[2023-06-03T20:49:39.658+0000] {processor.py:826} INFO - Processing file /home/airflow/.local/lib/python3.7/site-packages/airflow/example_dags/example_sla_dag.py for tasks to queue
[2023-06-03T20:49:39.659+0000] {logging_mixin.py:149} INFO - [2023-06-03T20:49:39.659+0000] {dagbag.py:541} INFO - Filling up the DagBag from /home/airflow/.local/lib/python3.7/site-packages/airflow/example_dags/example_sla_dag.py
[2023-06-03T20:49:39.666+0000] {processor.py:836} INFO - DAG(s) dict_keys(['example_sla_dag']) retrieved from /home/airflow/.local/lib/python3.7/site-packages/airflow/example_dags/example_sla_dag.py
[2023-06-03T20:49:39.683+0000] {logging_mixin.py:149} INFO - [2023-06-03T20:49:39.682+0000] {dag.py:2726} INFO - Sync 1 DAGs
[2023-06-03T20:49:39.703+0000] {logging_mixin.py:149} INFO - [2023-06-03T20:49:39.703+0000] {dag.py:3490} INFO - Setting next_dagrun for example_sla_dag to 2023-06-03T20:46:00+00:00, run_after=2023-06-03T20:48:00+00:00
[2023-06-03T20:49:39.718+0000] {processor.py:179} INFO - Processing /home/airflow/.local/lib/python3.7/site-packages/airflow/example_dags/example_sla_dag.py took 0.064 seconds
[2023-06-03T20:50:10.494+0000] {processor.py:157} INFO - Started process (PID=12537) to work on /home/airflow/.local/lib/python3.7/site-packages/airflow/example_dags/example_sla_dag.py
[2023-06-03T20:50:10.495+0000] {processor.py:826} INFO - Processing file /home/airflow/.local/lib/python3.7/site-packages/airflow/example_dags/example_sla_dag.py for tasks to queue
[2023-06-03T20:50:10.496+0000] {logging_mixin.py:149} INFO - [2023-06-03T20:50:10.496+0000] {dagbag.py:541} INFO - Filling up the DagBag from /home/airflow/.local/lib/python3.7/site-packages/airflow/example_dags/example_sla_dag.py
[2023-06-03T20:50:10.502+0000] {processor.py:836} INFO - DAG(s) dict_keys(['example_sla_dag']) retrieved from /home/airflow/.local/lib/python3.7/site-packages/airflow/example_dags/example_sla_dag.py
[2023-06-03T20:50:10.518+0000] {logging_mixin.py:149} INFO - [2023-06-03T20:50:10.518+0000] {dag.py:2726} INFO - Sync 1 DAGs
[2023-06-03T20:50:10.537+0000] {logging_mixin.py:149} INFO - [2023-06-03T20:50:10.537+0000] {dag.py:3490} INFO - Setting next_dagrun for example_sla_dag to 2023-06-03T20:48:00+00:00, run_after=2023-06-03T20:50:00+00:00
[2023-06-03T20:50:10.553+0000] {processor.py:179} INFO - Processing /home/airflow/.local/lib/python3.7/site-packages/airflow/example_dags/example_sla_dag.py took 0.061 seconds
[2023-06-03T20:50:41.706+0000] {processor.py:157} INFO - Started process (PID=12799) to work on /home/airflow/.local/lib/python3.7/site-packages/airflow/example_dags/example_sla_dag.py
[2023-06-03T20:50:41.707+0000] {processor.py:826} INFO - Processing file /home/airflow/.local/lib/python3.7/site-packages/airflow/example_dags/example_sla_dag.py for tasks to queue
[2023-06-03T20:50:41.708+0000] {logging_mixin.py:149} INFO - [2023-06-03T20:50:41.708+0000] {dagbag.py:541} INFO - Filling up the DagBag from /home/airflow/.local/lib/python3.7/site-packages/airflow/example_dags/example_sla_dag.py
[2023-06-03T20:50:41.715+0000] {processor.py:836} INFO - DAG(s) dict_keys(['example_sla_dag']) retrieved from /home/airflow/.local/lib/python3.7/site-packages/airflow/example_dags/example_sla_dag.py
[2023-06-03T20:50:41.733+0000] {logging_mixin.py:149} INFO - [2023-06-03T20:50:41.733+0000] {dag.py:2726} INFO - Sync 1 DAGs
[2023-06-03T20:50:41.752+0000] {logging_mixin.py:149} INFO - [2023-06-03T20:50:41.752+0000] {dag.py:3490} INFO - Setting next_dagrun for example_sla_dag to 2023-06-03T20:48:00+00:00, run_after=2023-06-03T20:50:00+00:00
[2023-06-03T20:50:41.768+0000] {processor.py:179} INFO - Processing /home/airflow/.local/lib/python3.7/site-packages/airflow/example_dags/example_sla_dag.py took 0.064 seconds
[2023-06-03T20:51:12.279+0000] {processor.py:157} INFO - Started process (PID=13049) to work on /home/airflow/.local/lib/python3.7/site-packages/airflow/example_dags/example_sla_dag.py
[2023-06-03T20:51:12.281+0000] {processor.py:826} INFO - Processing file /home/airflow/.local/lib/python3.7/site-packages/airflow/example_dags/example_sla_dag.py for tasks to queue
[2023-06-03T20:51:12.282+0000] {logging_mixin.py:149} INFO - [2023-06-03T20:51:12.282+0000] {dagbag.py:541} INFO - Filling up the DagBag from /home/airflow/.local/lib/python3.7/site-packages/airflow/example_dags/example_sla_dag.py
[2023-06-03T20:51:12.289+0000] {processor.py:836} INFO - DAG(s) dict_keys(['example_sla_dag']) retrieved from /home/airflow/.local/lib/python3.7/site-packages/airflow/example_dags/example_sla_dag.py
[2023-06-03T20:51:12.305+0000] {logging_mixin.py:149} INFO - [2023-06-03T20:51:12.305+0000] {dag.py:2726} INFO - Sync 1 DAGs
[2023-06-03T20:51:12.324+0000] {logging_mixin.py:149} INFO - [2023-06-03T20:51:12.324+0000] {dag.py:3490} INFO - Setting next_dagrun for example_sla_dag to 2023-06-03T20:48:00+00:00, run_after=2023-06-03T20:50:00+00:00
[2023-06-03T20:51:12.340+0000] {processor.py:179} INFO - Processing /home/airflow/.local/lib/python3.7/site-packages/airflow/example_dags/example_sla_dag.py took 0.063 seconds
[2023-06-03T20:51:43.481+0000] {processor.py:157} INFO - Started process (PID=13301) to work on /home/airflow/.local/lib/python3.7/site-packages/airflow/example_dags/example_sla_dag.py
[2023-06-03T20:51:43.482+0000] {processor.py:826} INFO - Processing file /home/airflow/.local/lib/python3.7/site-packages/airflow/example_dags/example_sla_dag.py for tasks to queue
[2023-06-03T20:51:43.483+0000] {logging_mixin.py:149} INFO - [2023-06-03T20:51:43.483+0000] {dagbag.py:541} INFO - Filling up the DagBag from /home/airflow/.local/lib/python3.7/site-packages/airflow/example_dags/example_sla_dag.py
[2023-06-03T20:51:43.489+0000] {processor.py:836} INFO - DAG(s) dict_keys(['example_sla_dag']) retrieved from /home/airflow/.local/lib/python3.7/site-packages/airflow/example_dags/example_sla_dag.py
[2023-06-03T20:51:43.506+0000] {logging_mixin.py:149} INFO - [2023-06-03T20:51:43.506+0000] {dag.py:2726} INFO - Sync 1 DAGs
[2023-06-03T20:51:43.524+0000] {logging_mixin.py:149} INFO - [2023-06-03T20:51:43.524+0000] {dag.py:3490} INFO - Setting next_dagrun for example_sla_dag to 2023-06-03T20:48:00+00:00, run_after=2023-06-03T20:50:00+00:00
[2023-06-03T20:51:43.540+0000] {processor.py:179} INFO - Processing /home/airflow/.local/lib/python3.7/site-packages/airflow/example_dags/example_sla_dag.py took 0.061 seconds
[2023-06-03T20:52:14.145+0000] {processor.py:157} INFO - Started process (PID=13553) to work on /home/airflow/.local/lib/python3.7/site-packages/airflow/example_dags/example_sla_dag.py
[2023-06-03T20:52:14.147+0000] {processor.py:826} INFO - Processing file /home/airflow/.local/lib/python3.7/site-packages/airflow/example_dags/example_sla_dag.py for tasks to queue
[2023-06-03T20:52:14.149+0000] {logging_mixin.py:149} INFO - [2023-06-03T20:52:14.149+0000] {dagbag.py:541} INFO - Filling up the DagBag from /home/airflow/.local/lib/python3.7/site-packages/airflow/example_dags/example_sla_dag.py
[2023-06-03T20:52:14.155+0000] {processor.py:836} INFO - DAG(s) dict_keys(['example_sla_dag']) retrieved from /home/airflow/.local/lib/python3.7/site-packages/airflow/example_dags/example_sla_dag.py
[2023-06-03T20:52:14.172+0000] {logging_mixin.py:149} INFO - [2023-06-03T20:52:14.172+0000] {dag.py:2726} INFO - Sync 1 DAGs
[2023-06-03T20:52:14.191+0000] {logging_mixin.py:149} INFO - [2023-06-03T20:52:14.191+0000] {dag.py:3490} INFO - Setting next_dagrun for example_sla_dag to 2023-06-03T20:50:00+00:00, run_after=2023-06-03T20:52:00+00:00
[2023-06-03T20:52:14.207+0000] {processor.py:179} INFO - Processing /home/airflow/.local/lib/python3.7/site-packages/airflow/example_dags/example_sla_dag.py took 0.064 seconds
[2023-06-03T20:52:45.134+0000] {processor.py:157} INFO - Started process (PID=13805) to work on /home/airflow/.local/lib/python3.7/site-packages/airflow/example_dags/example_sla_dag.py
[2023-06-03T20:52:45.135+0000] {processor.py:826} INFO - Processing file /home/airflow/.local/lib/python3.7/site-packages/airflow/example_dags/example_sla_dag.py for tasks to queue
[2023-06-03T20:52:45.137+0000] {logging_mixin.py:149} INFO - [2023-06-03T20:52:45.137+0000] {dagbag.py:541} INFO - Filling up the DagBag from /home/airflow/.local/lib/python3.7/site-packages/airflow/example_dags/example_sla_dag.py
[2023-06-03T20:52:45.143+0000] {processor.py:836} INFO - DAG(s) dict_keys(['example_sla_dag']) retrieved from /home/airflow/.local/lib/python3.7/site-packages/airflow/example_dags/example_sla_dag.py
[2023-06-03T20:52:45.161+0000] {logging_mixin.py:149} INFO - [2023-06-03T20:52:45.160+0000] {dag.py:2726} INFO - Sync 1 DAGs
[2023-06-03T20:52:45.179+0000] {logging_mixin.py:149} INFO - [2023-06-03T20:52:45.179+0000] {dag.py:3490} INFO - Setting next_dagrun for example_sla_dag to 2023-06-03T20:50:00+00:00, run_after=2023-06-03T20:52:00+00:00
[2023-06-03T20:52:45.195+0000] {processor.py:179} INFO - Processing /home/airflow/.local/lib/python3.7/site-packages/airflow/example_dags/example_sla_dag.py took 0.063 seconds
[2023-06-03T20:53:15.543+0000] {processor.py:157} INFO - Started process (PID=14057) to work on /home/airflow/.local/lib/python3.7/site-packages/airflow/example_dags/example_sla_dag.py
[2023-06-03T20:53:15.544+0000] {processor.py:826} INFO - Processing file /home/airflow/.local/lib/python3.7/site-packages/airflow/example_dags/example_sla_dag.py for tasks to queue
[2023-06-03T20:53:15.545+0000] {logging_mixin.py:149} INFO - [2023-06-03T20:53:15.545+0000] {dagbag.py:541} INFO - Filling up the DagBag from /home/airflow/.local/lib/python3.7/site-packages/airflow/example_dags/example_sla_dag.py
[2023-06-03T20:53:15.552+0000] {processor.py:836} INFO - DAG(s) dict_keys(['example_sla_dag']) retrieved from /home/airflow/.local/lib/python3.7/site-packages/airflow/example_dags/example_sla_dag.py
[2023-06-03T20:53:15.570+0000] {logging_mixin.py:149} INFO - [2023-06-03T20:53:15.570+0000] {dag.py:2726} INFO - Sync 1 DAGs
[2023-06-03T20:53:15.590+0000] {logging_mixin.py:149} INFO - [2023-06-03T20:53:15.590+0000] {dag.py:3490} INFO - Setting next_dagrun for example_sla_dag to 2023-06-03T20:50:00+00:00, run_after=2023-06-03T20:52:00+00:00
[2023-06-03T20:53:15.607+0000] {processor.py:179} INFO - Processing /home/airflow/.local/lib/python3.7/site-packages/airflow/example_dags/example_sla_dag.py took 0.066 seconds
[2023-06-03T20:53:45.756+0000] {processor.py:157} INFO - Started process (PID=14309) to work on /home/airflow/.local/lib/python3.7/site-packages/airflow/example_dags/example_sla_dag.py
[2023-06-03T20:53:45.757+0000] {processor.py:826} INFO - Processing file /home/airflow/.local/lib/python3.7/site-packages/airflow/example_dags/example_sla_dag.py for tasks to queue
[2023-06-03T20:53:45.758+0000] {logging_mixin.py:149} INFO - [2023-06-03T20:53:45.758+0000] {dagbag.py:541} INFO - Filling up the DagBag from /home/airflow/.local/lib/python3.7/site-packages/airflow/example_dags/example_sla_dag.py
[2023-06-03T20:53:45.764+0000] {processor.py:836} INFO - DAG(s) dict_keys(['example_sla_dag']) retrieved from /home/airflow/.local/lib/python3.7/site-packages/airflow/example_dags/example_sla_dag.py
[2023-06-03T20:53:45.780+0000] {logging_mixin.py:149} INFO - [2023-06-03T20:53:45.780+0000] {dag.py:2726} INFO - Sync 1 DAGs
[2023-06-03T20:53:45.799+0000] {logging_mixin.py:149} INFO - [2023-06-03T20:53:45.799+0000] {dag.py:3490} INFO - Setting next_dagrun for example_sla_dag to 2023-06-03T20:50:00+00:00, run_after=2023-06-03T20:52:00+00:00
[2023-06-03T20:53:45.813+0000] {processor.py:179} INFO - Processing /home/airflow/.local/lib/python3.7/site-packages/airflow/example_dags/example_sla_dag.py took 0.059 seconds
[2023-06-03T20:54:16.795+0000] {processor.py:157} INFO - Started process (PID=14563) to work on /home/airflow/.local/lib/python3.7/site-packages/airflow/example_dags/example_sla_dag.py
[2023-06-03T20:54:16.796+0000] {processor.py:826} INFO - Processing file /home/airflow/.local/lib/python3.7/site-packages/airflow/example_dags/example_sla_dag.py for tasks to queue
[2023-06-03T20:54:16.797+0000] {logging_mixin.py:149} INFO - [2023-06-03T20:54:16.797+0000] {dagbag.py:541} INFO - Filling up the DagBag from /home/airflow/.local/lib/python3.7/site-packages/airflow/example_dags/example_sla_dag.py
[2023-06-03T20:54:16.804+0000] {processor.py:836} INFO - DAG(s) dict_keys(['example_sla_dag']) retrieved from /home/airflow/.local/lib/python3.7/site-packages/airflow/example_dags/example_sla_dag.py
[2023-06-03T20:54:16.823+0000] {logging_mixin.py:149} INFO - [2023-06-03T20:54:16.823+0000] {dag.py:2726} INFO - Sync 1 DAGs
[2023-06-03T20:54:16.869+0000] {logging_mixin.py:149} INFO - [2023-06-03T20:54:16.869+0000] {dag.py:3490} INFO - Setting next_dagrun for example_sla_dag to 2023-06-03T20:52:00+00:00, run_after=2023-06-03T20:54:00+00:00
[2023-06-03T20:54:16.891+0000] {processor.py:179} INFO - Processing /home/airflow/.local/lib/python3.7/site-packages/airflow/example_dags/example_sla_dag.py took 0.099 seconds
[2023-06-03T20:54:47.143+0000] {processor.py:157} INFO - Started process (PID=14813) to work on /home/airflow/.local/lib/python3.7/site-packages/airflow/example_dags/example_sla_dag.py
[2023-06-03T20:54:47.144+0000] {processor.py:826} INFO - Processing file /home/airflow/.local/lib/python3.7/site-packages/airflow/example_dags/example_sla_dag.py for tasks to queue
[2023-06-03T20:54:47.145+0000] {logging_mixin.py:149} INFO - [2023-06-03T20:54:47.145+0000] {dagbag.py:541} INFO - Filling up the DagBag from /home/airflow/.local/lib/python3.7/site-packages/airflow/example_dags/example_sla_dag.py
[2023-06-03T20:54:47.151+0000] {processor.py:836} INFO - DAG(s) dict_keys(['example_sla_dag']) retrieved from /home/airflow/.local/lib/python3.7/site-packages/airflow/example_dags/example_sla_dag.py
[2023-06-03T20:54:47.169+0000] {logging_mixin.py:149} INFO - [2023-06-03T20:54:47.169+0000] {dag.py:2726} INFO - Sync 1 DAGs
[2023-06-03T20:54:47.187+0000] {logging_mixin.py:149} INFO - [2023-06-03T20:54:47.187+0000] {dag.py:3490} INFO - Setting next_dagrun for example_sla_dag to 2023-06-03T20:52:00+00:00, run_after=2023-06-03T20:54:00+00:00
[2023-06-03T20:54:47.204+0000] {processor.py:179} INFO - Processing /home/airflow/.local/lib/python3.7/site-packages/airflow/example_dags/example_sla_dag.py took 0.063 seconds
[2023-06-03T20:55:17.494+0000] {processor.py:157} INFO - Started process (PID=15065) to work on /home/airflow/.local/lib/python3.7/site-packages/airflow/example_dags/example_sla_dag.py
[2023-06-03T20:55:17.495+0000] {processor.py:826} INFO - Processing file /home/airflow/.local/lib/python3.7/site-packages/airflow/example_dags/example_sla_dag.py for tasks to queue
[2023-06-03T20:55:17.496+0000] {logging_mixin.py:149} INFO - [2023-06-03T20:55:17.496+0000] {dagbag.py:541} INFO - Filling up the DagBag from /home/airflow/.local/lib/python3.7/site-packages/airflow/example_dags/example_sla_dag.py
[2023-06-03T20:55:17.503+0000] {processor.py:836} INFO - DAG(s) dict_keys(['example_sla_dag']) retrieved from /home/airflow/.local/lib/python3.7/site-packages/airflow/example_dags/example_sla_dag.py
[2023-06-03T20:55:17.521+0000] {logging_mixin.py:149} INFO - [2023-06-03T20:55:17.520+0000] {dag.py:2726} INFO - Sync 1 DAGs
[2023-06-03T20:55:17.541+0000] {logging_mixin.py:149} INFO - [2023-06-03T20:55:17.541+0000] {dag.py:3490} INFO - Setting next_dagrun for example_sla_dag to 2023-06-03T20:52:00+00:00, run_after=2023-06-03T20:54:00+00:00
[2023-06-03T20:55:17.558+0000] {processor.py:179} INFO - Processing /home/airflow/.local/lib/python3.7/site-packages/airflow/example_dags/example_sla_dag.py took 0.067 seconds
[2023-06-03T20:55:48.356+0000] {processor.py:157} INFO - Started process (PID=15317) to work on /home/airflow/.local/lib/python3.7/site-packages/airflow/example_dags/example_sla_dag.py
[2023-06-03T20:55:48.358+0000] {processor.py:826} INFO - Processing file /home/airflow/.local/lib/python3.7/site-packages/airflow/example_dags/example_sla_dag.py for tasks to queue
[2023-06-03T20:55:48.359+0000] {logging_mixin.py:149} INFO - [2023-06-03T20:55:48.359+0000] {dagbag.py:541} INFO - Filling up the DagBag from /home/airflow/.local/lib/python3.7/site-packages/airflow/example_dags/example_sla_dag.py
[2023-06-03T20:55:48.365+0000] {processor.py:836} INFO - DAG(s) dict_keys(['example_sla_dag']) retrieved from /home/airflow/.local/lib/python3.7/site-packages/airflow/example_dags/example_sla_dag.py
[2023-06-03T20:55:48.383+0000] {logging_mixin.py:149} INFO - [2023-06-03T20:55:48.382+0000] {dag.py:2726} INFO - Sync 1 DAGs
[2023-06-03T20:55:48.402+0000] {logging_mixin.py:149} INFO - [2023-06-03T20:55:48.402+0000] {dag.py:3490} INFO - Setting next_dagrun for example_sla_dag to 2023-06-03T20:52:00+00:00, run_after=2023-06-03T20:54:00+00:00
[2023-06-03T20:55:48.418+0000] {processor.py:179} INFO - Processing /home/airflow/.local/lib/python3.7/site-packages/airflow/example_dags/example_sla_dag.py took 0.064 seconds
[2023-06-03T20:56:18.946+0000] {processor.py:157} INFO - Started process (PID=15571) to work on /home/airflow/.local/lib/python3.7/site-packages/airflow/example_dags/example_sla_dag.py
[2023-06-03T20:56:18.948+0000] {processor.py:826} INFO - Processing file /home/airflow/.local/lib/python3.7/site-packages/airflow/example_dags/example_sla_dag.py for tasks to queue
[2023-06-03T20:56:18.949+0000] {logging_mixin.py:149} INFO - [2023-06-03T20:56:18.949+0000] {dagbag.py:541} INFO - Filling up the DagBag from /home/airflow/.local/lib/python3.7/site-packages/airflow/example_dags/example_sla_dag.py
[2023-06-03T20:56:18.956+0000] {processor.py:836} INFO - DAG(s) dict_keys(['example_sla_dag']) retrieved from /home/airflow/.local/lib/python3.7/site-packages/airflow/example_dags/example_sla_dag.py
[2023-06-03T20:56:18.974+0000] {logging_mixin.py:149} INFO - [2023-06-03T20:56:18.974+0000] {dag.py:2726} INFO - Sync 1 DAGs
[2023-06-03T20:56:18.993+0000] {logging_mixin.py:149} INFO - [2023-06-03T20:56:18.993+0000] {dag.py:3490} INFO - Setting next_dagrun for example_sla_dag to 2023-06-03T20:54:00+00:00, run_after=2023-06-03T20:56:00+00:00
[2023-06-03T20:56:19.011+0000] {processor.py:179} INFO - Processing /home/airflow/.local/lib/python3.7/site-packages/airflow/example_dags/example_sla_dag.py took 0.067 seconds
[2023-06-03T20:56:49.330+0000] {processor.py:157} INFO - Started process (PID=15821) to work on /home/airflow/.local/lib/python3.7/site-packages/airflow/example_dags/example_sla_dag.py
[2023-06-03T20:56:49.331+0000] {processor.py:826} INFO - Processing file /home/airflow/.local/lib/python3.7/site-packages/airflow/example_dags/example_sla_dag.py for tasks to queue
[2023-06-03T20:56:49.332+0000] {logging_mixin.py:149} INFO - [2023-06-03T20:56:49.332+0000] {dagbag.py:541} INFO - Filling up the DagBag from /home/airflow/.local/lib/python3.7/site-packages/airflow/example_dags/example_sla_dag.py
[2023-06-03T20:56:49.339+0000] {processor.py:836} INFO - DAG(s) dict_keys(['example_sla_dag']) retrieved from /home/airflow/.local/lib/python3.7/site-packages/airflow/example_dags/example_sla_dag.py
[2023-06-03T20:56:49.356+0000] {logging_mixin.py:149} INFO - [2023-06-03T20:56:49.356+0000] {dag.py:2726} INFO - Sync 1 DAGs
[2023-06-03T20:56:49.376+0000] {logging_mixin.py:149} INFO - [2023-06-03T20:56:49.375+0000] {dag.py:3490} INFO - Setting next_dagrun for example_sla_dag to 2023-06-03T20:54:00+00:00, run_after=2023-06-03T20:56:00+00:00
[2023-06-03T20:56:49.422+0000] {processor.py:179} INFO - Processing /home/airflow/.local/lib/python3.7/site-packages/airflow/example_dags/example_sla_dag.py took 0.094 seconds
[2023-06-03T20:57:19.713+0000] {processor.py:157} INFO - Started process (PID=16073) to work on /home/airflow/.local/lib/python3.7/site-packages/airflow/example_dags/example_sla_dag.py
[2023-06-03T20:57:19.715+0000] {processor.py:826} INFO - Processing file /home/airflow/.local/lib/python3.7/site-packages/airflow/example_dags/example_sla_dag.py for tasks to queue
[2023-06-03T20:57:19.716+0000] {logging_mixin.py:149} INFO - [2023-06-03T20:57:19.716+0000] {dagbag.py:541} INFO - Filling up the DagBag from /home/airflow/.local/lib/python3.7/site-packages/airflow/example_dags/example_sla_dag.py
[2023-06-03T20:57:19.722+0000] {processor.py:836} INFO - DAG(s) dict_keys(['example_sla_dag']) retrieved from /home/airflow/.local/lib/python3.7/site-packages/airflow/example_dags/example_sla_dag.py
[2023-06-03T20:57:19.739+0000] {logging_mixin.py:149} INFO - [2023-06-03T20:57:19.739+0000] {dag.py:2726} INFO - Sync 1 DAGs
[2023-06-03T20:57:19.761+0000] {logging_mixin.py:149} INFO - [2023-06-03T20:57:19.761+0000] {dag.py:3490} INFO - Setting next_dagrun for example_sla_dag to 2023-06-03T20:54:00+00:00, run_after=2023-06-03T20:56:00+00:00
[2023-06-03T20:57:19.778+0000] {processor.py:179} INFO - Processing /home/airflow/.local/lib/python3.7/site-packages/airflow/example_dags/example_sla_dag.py took 0.067 seconds
[2023-06-03T20:57:50.287+0000] {processor.py:157} INFO - Started process (PID=16325) to work on /home/airflow/.local/lib/python3.7/site-packages/airflow/example_dags/example_sla_dag.py
[2023-06-03T20:57:50.288+0000] {processor.py:826} INFO - Processing file /home/airflow/.local/lib/python3.7/site-packages/airflow/example_dags/example_sla_dag.py for tasks to queue
[2023-06-03T20:57:50.290+0000] {logging_mixin.py:149} INFO - [2023-06-03T20:57:50.290+0000] {dagbag.py:541} INFO - Filling up the DagBag from /home/airflow/.local/lib/python3.7/site-packages/airflow/example_dags/example_sla_dag.py
[2023-06-03T20:57:50.297+0000] {processor.py:836} INFO - DAG(s) dict_keys(['example_sla_dag']) retrieved from /home/airflow/.local/lib/python3.7/site-packages/airflow/example_dags/example_sla_dag.py
[2023-06-03T20:57:50.315+0000] {logging_mixin.py:149} INFO - [2023-06-03T20:57:50.315+0000] {dag.py:2726} INFO - Sync 1 DAGs
[2023-06-03T20:57:50.335+0000] {logging_mixin.py:149} INFO - [2023-06-03T20:57:50.335+0000] {dag.py:3490} INFO - Setting next_dagrun for example_sla_dag to 2023-06-03T20:54:00+00:00, run_after=2023-06-03T20:56:00+00:00
[2023-06-03T20:57:50.351+0000] {processor.py:179} INFO - Processing /home/airflow/.local/lib/python3.7/site-packages/airflow/example_dags/example_sla_dag.py took 0.067 seconds
[2023-06-03T20:58:20.570+0000] {processor.py:157} INFO - Started process (PID=16579) to work on /home/airflow/.local/lib/python3.7/site-packages/airflow/example_dags/example_sla_dag.py
[2023-06-03T20:58:20.571+0000] {processor.py:826} INFO - Processing file /home/airflow/.local/lib/python3.7/site-packages/airflow/example_dags/example_sla_dag.py for tasks to queue
[2023-06-03T20:58:20.572+0000] {logging_mixin.py:149} INFO - [2023-06-03T20:58:20.572+0000] {dagbag.py:541} INFO - Filling up the DagBag from /home/airflow/.local/lib/python3.7/site-packages/airflow/example_dags/example_sla_dag.py
[2023-06-03T20:58:20.580+0000] {processor.py:836} INFO - DAG(s) dict_keys(['example_sla_dag']) retrieved from /home/airflow/.local/lib/python3.7/site-packages/airflow/example_dags/example_sla_dag.py
[2023-06-03T20:58:20.597+0000] {logging_mixin.py:149} INFO - [2023-06-03T20:58:20.597+0000] {dag.py:2726} INFO - Sync 1 DAGs
[2023-06-03T20:58:20.618+0000] {logging_mixin.py:149} INFO - [2023-06-03T20:58:20.618+0000] {dag.py:3490} INFO - Setting next_dagrun for example_sla_dag to 2023-06-03T20:56:00+00:00, run_after=2023-06-03T20:58:00+00:00
[2023-06-03T20:58:20.634+0000] {processor.py:179} INFO - Processing /home/airflow/.local/lib/python3.7/site-packages/airflow/example_dags/example_sla_dag.py took 0.067 seconds
[2023-06-03T20:58:51.164+0000] {processor.py:157} INFO - Started process (PID=16829) to work on /home/airflow/.local/lib/python3.7/site-packages/airflow/example_dags/example_sla_dag.py
[2023-06-03T20:58:51.165+0000] {processor.py:826} INFO - Processing file /home/airflow/.local/lib/python3.7/site-packages/airflow/example_dags/example_sla_dag.py for tasks to queue
[2023-06-03T20:58:51.166+0000] {logging_mixin.py:149} INFO - [2023-06-03T20:58:51.166+0000] {dagbag.py:541} INFO - Filling up the DagBag from /home/airflow/.local/lib/python3.7/site-packages/airflow/example_dags/example_sla_dag.py
[2023-06-03T20:58:51.173+0000] {processor.py:836} INFO - DAG(s) dict_keys(['example_sla_dag']) retrieved from /home/airflow/.local/lib/python3.7/site-packages/airflow/example_dags/example_sla_dag.py
[2023-06-03T20:58:51.191+0000] {logging_mixin.py:149} INFO - [2023-06-03T20:58:51.190+0000] {dag.py:2726} INFO - Sync 1 DAGs
[2023-06-03T20:58:51.212+0000] {logging_mixin.py:149} INFO - [2023-06-03T20:58:51.211+0000] {dag.py:3490} INFO - Setting next_dagrun for example_sla_dag to 2023-06-03T20:56:00+00:00, run_after=2023-06-03T20:58:00+00:00
[2023-06-03T20:58:51.228+0000] {processor.py:179} INFO - Processing /home/airflow/.local/lib/python3.7/site-packages/airflow/example_dags/example_sla_dag.py took 0.067 seconds
[2023-06-03T20:59:21.937+0000] {processor.py:157} INFO - Started process (PID=17083) to work on /home/airflow/.local/lib/python3.7/site-packages/airflow/example_dags/example_sla_dag.py
[2023-06-03T20:59:21.938+0000] {processor.py:826} INFO - Processing file /home/airflow/.local/lib/python3.7/site-packages/airflow/example_dags/example_sla_dag.py for tasks to queue
[2023-06-03T20:59:21.939+0000] {logging_mixin.py:149} INFO - [2023-06-03T20:59:21.939+0000] {dagbag.py:541} INFO - Filling up the DagBag from /home/airflow/.local/lib/python3.7/site-packages/airflow/example_dags/example_sla_dag.py
[2023-06-03T20:59:21.945+0000] {processor.py:836} INFO - DAG(s) dict_keys(['example_sla_dag']) retrieved from /home/airflow/.local/lib/python3.7/site-packages/airflow/example_dags/example_sla_dag.py
[2023-06-03T20:59:21.963+0000] {logging_mixin.py:149} INFO - [2023-06-03T20:59:21.963+0000] {dag.py:2726} INFO - Sync 1 DAGs
[2023-06-03T20:59:21.985+0000] {logging_mixin.py:149} INFO - [2023-06-03T20:59:21.985+0000] {dag.py:3490} INFO - Setting next_dagrun for example_sla_dag to 2023-06-03T20:56:00+00:00, run_after=2023-06-03T20:58:00+00:00
[2023-06-03T20:59:22.001+0000] {processor.py:179} INFO - Processing /home/airflow/.local/lib/python3.7/site-packages/airflow/example_dags/example_sla_dag.py took 0.067 seconds
[2023-06-03T20:59:53.060+0000] {processor.py:157} INFO - Started process (PID=17333) to work on /home/airflow/.local/lib/python3.7/site-packages/airflow/example_dags/example_sla_dag.py
[2023-06-03T20:59:53.061+0000] {processor.py:826} INFO - Processing file /home/airflow/.local/lib/python3.7/site-packages/airflow/example_dags/example_sla_dag.py for tasks to queue
[2023-06-03T20:59:53.063+0000] {logging_mixin.py:149} INFO - [2023-06-03T20:59:53.063+0000] {dagbag.py:541} INFO - Filling up the DagBag from /home/airflow/.local/lib/python3.7/site-packages/airflow/example_dags/example_sla_dag.py
[2023-06-03T20:59:53.069+0000] {processor.py:836} INFO - DAG(s) dict_keys(['example_sla_dag']) retrieved from /home/airflow/.local/lib/python3.7/site-packages/airflow/example_dags/example_sla_dag.py
[2023-06-03T20:59:53.089+0000] {logging_mixin.py:149} INFO - [2023-06-03T20:59:53.089+0000] {dag.py:2726} INFO - Sync 1 DAGs
[2023-06-03T20:59:53.109+0000] {logging_mixin.py:149} INFO - [2023-06-03T20:59:53.109+0000] {dag.py:3490} INFO - Setting next_dagrun for example_sla_dag to 2023-06-03T20:56:00+00:00, run_after=2023-06-03T20:58:00+00:00
[2023-06-03T20:59:53.125+0000] {processor.py:179} INFO - Processing /home/airflow/.local/lib/python3.7/site-packages/airflow/example_dags/example_sla_dag.py took 0.067 seconds
[2023-06-03T21:00:23.409+0000] {processor.py:157} INFO - Started process (PID=17587) to work on /home/airflow/.local/lib/python3.7/site-packages/airflow/example_dags/example_sla_dag.py
[2023-06-03T21:00:23.410+0000] {processor.py:826} INFO - Processing file /home/airflow/.local/lib/python3.7/site-packages/airflow/example_dags/example_sla_dag.py for tasks to queue
[2023-06-03T21:00:23.411+0000] {logging_mixin.py:149} INFO - [2023-06-03T21:00:23.411+0000] {dagbag.py:541} INFO - Filling up the DagBag from /home/airflow/.local/lib/python3.7/site-packages/airflow/example_dags/example_sla_dag.py
[2023-06-03T21:00:23.417+0000] {processor.py:836} INFO - DAG(s) dict_keys(['example_sla_dag']) retrieved from /home/airflow/.local/lib/python3.7/site-packages/airflow/example_dags/example_sla_dag.py
[2023-06-03T21:00:23.435+0000] {logging_mixin.py:149} INFO - [2023-06-03T21:00:23.435+0000] {dag.py:2726} INFO - Sync 1 DAGs
[2023-06-03T21:00:23.456+0000] {logging_mixin.py:149} INFO - [2023-06-03T21:00:23.456+0000] {dag.py:3490} INFO - Setting next_dagrun for example_sla_dag to 2023-06-03T20:58:00+00:00, run_after=2023-06-03T21:00:00+00:00
[2023-06-03T21:00:23.471+0000] {processor.py:179} INFO - Processing /home/airflow/.local/lib/python3.7/site-packages/airflow/example_dags/example_sla_dag.py took 0.064 seconds
[2023-06-03T21:00:54.676+0000] {processor.py:157} INFO - Started process (PID=17837) to work on /home/airflow/.local/lib/python3.7/site-packages/airflow/example_dags/example_sla_dag.py
[2023-06-03T21:00:54.678+0000] {processor.py:826} INFO - Processing file /home/airflow/.local/lib/python3.7/site-packages/airflow/example_dags/example_sla_dag.py for tasks to queue
[2023-06-03T21:00:54.680+0000] {logging_mixin.py:149} INFO - [2023-06-03T21:00:54.679+0000] {dagbag.py:541} INFO - Filling up the DagBag from /home/airflow/.local/lib/python3.7/site-packages/airflow/example_dags/example_sla_dag.py
[2023-06-03T21:00:54.691+0000] {processor.py:836} INFO - DAG(s) dict_keys(['example_sla_dag']) retrieved from /home/airflow/.local/lib/python3.7/site-packages/airflow/example_dags/example_sla_dag.py
[2023-06-03T21:00:54.723+0000] {logging_mixin.py:149} INFO - [2023-06-03T21:00:54.723+0000] {dag.py:2726} INFO - Sync 1 DAGs
[2023-06-03T21:00:54.761+0000] {logging_mixin.py:149} INFO - [2023-06-03T21:00:54.760+0000] {dag.py:3490} INFO - Setting next_dagrun for example_sla_dag to 2023-06-03T20:58:00+00:00, run_after=2023-06-03T21:00:00+00:00
[2023-06-03T21:00:54.791+0000] {processor.py:179} INFO - Processing /home/airflow/.local/lib/python3.7/site-packages/airflow/example_dags/example_sla_dag.py took 0.119 seconds
