[2023-06-03T20:25:42.251+0000] {processor.py:157} INFO - Started process (PID=217) to work on /home/airflow/.local/lib/python3.7/site-packages/airflow/example_dags/example_sensor_decorator.py
[2023-06-03T20:25:42.252+0000] {processor.py:826} INFO - Processing file /home/airflow/.local/lib/python3.7/site-packages/airflow/example_dags/example_sensor_decorator.py for tasks to queue
[2023-06-03T20:25:42.253+0000] {logging_mixin.py:149} INFO - [2023-06-03T20:25:42.253+0000] {dagbag.py:541} INFO - Filling up the DagBag from /home/airflow/.local/lib/python3.7/site-packages/airflow/example_dags/example_sensor_decorator.py
[2023-06-03T20:25:42.258+0000] {processor.py:836} INFO - DAG(s) dict_keys(['example_sensor_decorator']) retrieved from /home/airflow/.local/lib/python3.7/site-packages/airflow/example_dags/example_sensor_decorator.py
[2023-06-03T20:25:42.268+0000] {logging_mixin.py:149} INFO - [2023-06-03T20:25:42.268+0000] {dag.py:2726} INFO - Sync 1 DAGs
[2023-06-03T20:25:42.291+0000] {logging_mixin.py:149} INFO - [2023-06-03T20:25:42.291+0000] {dag.py:3490} INFO - Setting next_dagrun for example_sensor_decorator to None, run_after=None
[2023-06-03T20:25:42.308+0000] {processor.py:179} INFO - Processing /home/airflow/.local/lib/python3.7/site-packages/airflow/example_dags/example_sensor_decorator.py took 0.060 seconds
[2023-06-03T20:26:13.322+0000] {processor.py:157} INFO - Started process (PID=469) to work on /home/airflow/.local/lib/python3.7/site-packages/airflow/example_dags/example_sensor_decorator.py
[2023-06-03T20:26:13.323+0000] {processor.py:826} INFO - Processing file /home/airflow/.local/lib/python3.7/site-packages/airflow/example_dags/example_sensor_decorator.py for tasks to queue
[2023-06-03T20:26:13.324+0000] {logging_mixin.py:149} INFO - [2023-06-03T20:26:13.324+0000] {dagbag.py:541} INFO - Filling up the DagBag from /home/airflow/.local/lib/python3.7/site-packages/airflow/example_dags/example_sensor_decorator.py
[2023-06-03T20:26:13.330+0000] {processor.py:836} INFO - DAG(s) dict_keys(['example_sensor_decorator']) retrieved from /home/airflow/.local/lib/python3.7/site-packages/airflow/example_dags/example_sensor_decorator.py
[2023-06-03T20:26:13.347+0000] {logging_mixin.py:149} INFO - [2023-06-03T20:26:13.346+0000] {dag.py:2726} INFO - Sync 1 DAGs
[2023-06-03T20:26:13.435+0000] {logging_mixin.py:149} INFO - [2023-06-03T20:26:13.435+0000] {dag.py:3490} INFO - Setting next_dagrun for example_sensor_decorator to None, run_after=None
[2023-06-03T20:26:13.453+0000] {processor.py:179} INFO - Processing /home/airflow/.local/lib/python3.7/site-packages/airflow/example_dags/example_sensor_decorator.py took 0.132 seconds
[2023-06-03T20:26:43.504+0000] {processor.py:157} INFO - Started process (PID=721) to work on /home/airflow/.local/lib/python3.7/site-packages/airflow/example_dags/example_sensor_decorator.py
[2023-06-03T20:26:43.505+0000] {processor.py:826} INFO - Processing file /home/airflow/.local/lib/python3.7/site-packages/airflow/example_dags/example_sensor_decorator.py for tasks to queue
[2023-06-03T20:26:43.505+0000] {logging_mixin.py:149} INFO - [2023-06-03T20:26:43.505+0000] {dagbag.py:541} INFO - Filling up the DagBag from /home/airflow/.local/lib/python3.7/site-packages/airflow/example_dags/example_sensor_decorator.py
[2023-06-03T20:26:43.510+0000] {processor.py:836} INFO - DAG(s) dict_keys(['example_sensor_decorator']) retrieved from /home/airflow/.local/lib/python3.7/site-packages/airflow/example_dags/example_sensor_decorator.py
[2023-06-03T20:26:43.527+0000] {logging_mixin.py:149} INFO - [2023-06-03T20:26:43.527+0000] {dag.py:2726} INFO - Sync 1 DAGs
[2023-06-03T20:26:43.550+0000] {logging_mixin.py:149} INFO - [2023-06-03T20:26:43.550+0000] {dag.py:3490} INFO - Setting next_dagrun for example_sensor_decorator to None, run_after=None
[2023-06-03T20:26:43.568+0000] {processor.py:179} INFO - Processing /home/airflow/.local/lib/python3.7/site-packages/airflow/example_dags/example_sensor_decorator.py took 0.066 seconds
[2023-06-03T20:27:13.633+0000] {processor.py:157} INFO - Started process (PID=973) to work on /home/airflow/.local/lib/python3.7/site-packages/airflow/example_dags/example_sensor_decorator.py
[2023-06-03T20:27:13.635+0000] {processor.py:826} INFO - Processing file /home/airflow/.local/lib/python3.7/site-packages/airflow/example_dags/example_sensor_decorator.py for tasks to queue
[2023-06-03T20:27:13.636+0000] {logging_mixin.py:149} INFO - [2023-06-03T20:27:13.636+0000] {dagbag.py:541} INFO - Filling up the DagBag from /home/airflow/.local/lib/python3.7/site-packages/airflow/example_dags/example_sensor_decorator.py
[2023-06-03T20:27:13.640+0000] {processor.py:836} INFO - DAG(s) dict_keys(['example_sensor_decorator']) retrieved from /home/airflow/.local/lib/python3.7/site-packages/airflow/example_dags/example_sensor_decorator.py
[2023-06-03T20:27:13.656+0000] {logging_mixin.py:149} INFO - [2023-06-03T20:27:13.656+0000] {dag.py:2726} INFO - Sync 1 DAGs
[2023-06-03T20:27:13.676+0000] {logging_mixin.py:149} INFO - [2023-06-03T20:27:13.676+0000] {dag.py:3490} INFO - Setting next_dagrun for example_sensor_decorator to None, run_after=None
[2023-06-03T20:27:13.691+0000] {processor.py:179} INFO - Processing /home/airflow/.local/lib/python3.7/site-packages/airflow/example_dags/example_sensor_decorator.py took 0.060 seconds
[2023-06-03T20:27:43.958+0000] {processor.py:157} INFO - Started process (PID=1225) to work on /home/airflow/.local/lib/python3.7/site-packages/airflow/example_dags/example_sensor_decorator.py
[2023-06-03T20:27:43.961+0000] {processor.py:826} INFO - Processing file /home/airflow/.local/lib/python3.7/site-packages/airflow/example_dags/example_sensor_decorator.py for tasks to queue
[2023-06-03T20:27:43.962+0000] {logging_mixin.py:149} INFO - [2023-06-03T20:27:43.962+0000] {dagbag.py:541} INFO - Filling up the DagBag from /home/airflow/.local/lib/python3.7/site-packages/airflow/example_dags/example_sensor_decorator.py
[2023-06-03T20:27:43.967+0000] {processor.py:836} INFO - DAG(s) dict_keys(['example_sensor_decorator']) retrieved from /home/airflow/.local/lib/python3.7/site-packages/airflow/example_dags/example_sensor_decorator.py
[2023-06-03T20:27:43.985+0000] {logging_mixin.py:149} INFO - [2023-06-03T20:27:43.985+0000] {dag.py:2726} INFO - Sync 1 DAGs
[2023-06-03T20:27:44.002+0000] {logging_mixin.py:149} INFO - [2023-06-03T20:27:44.002+0000] {dag.py:3490} INFO - Setting next_dagrun for example_sensor_decorator to None, run_after=None
[2023-06-03T20:27:44.019+0000] {processor.py:179} INFO - Processing /home/airflow/.local/lib/python3.7/site-packages/airflow/example_dags/example_sensor_decorator.py took 0.062 seconds
[2023-06-03T20:28:14.298+0000] {processor.py:157} INFO - Started process (PID=1478) to work on /home/airflow/.local/lib/python3.7/site-packages/airflow/example_dags/example_sensor_decorator.py
[2023-06-03T20:28:14.299+0000] {processor.py:826} INFO - Processing file /home/airflow/.local/lib/python3.7/site-packages/airflow/example_dags/example_sensor_decorator.py for tasks to queue
[2023-06-03T20:28:14.301+0000] {logging_mixin.py:149} INFO - [2023-06-03T20:28:14.300+0000] {dagbag.py:541} INFO - Filling up the DagBag from /home/airflow/.local/lib/python3.7/site-packages/airflow/example_dags/example_sensor_decorator.py
[2023-06-03T20:28:14.305+0000] {processor.py:836} INFO - DAG(s) dict_keys(['example_sensor_decorator']) retrieved from /home/airflow/.local/lib/python3.7/site-packages/airflow/example_dags/example_sensor_decorator.py
[2023-06-03T20:28:14.323+0000] {logging_mixin.py:149} INFO - [2023-06-03T20:28:14.322+0000] {dag.py:2726} INFO - Sync 1 DAGs
[2023-06-03T20:28:14.342+0000] {logging_mixin.py:149} INFO - [2023-06-03T20:28:14.341+0000] {dag.py:3490} INFO - Setting next_dagrun for example_sensor_decorator to None, run_after=None
[2023-06-03T20:28:14.359+0000] {processor.py:179} INFO - Processing /home/airflow/.local/lib/python3.7/site-packages/airflow/example_dags/example_sensor_decorator.py took 0.063 seconds
[2023-06-03T20:28:44.586+0000] {processor.py:157} INFO - Started process (PID=1730) to work on /home/airflow/.local/lib/python3.7/site-packages/airflow/example_dags/example_sensor_decorator.py
[2023-06-03T20:28:44.588+0000] {processor.py:826} INFO - Processing file /home/airflow/.local/lib/python3.7/site-packages/airflow/example_dags/example_sensor_decorator.py for tasks to queue
[2023-06-03T20:28:44.589+0000] {logging_mixin.py:149} INFO - [2023-06-03T20:28:44.589+0000] {dagbag.py:541} INFO - Filling up the DagBag from /home/airflow/.local/lib/python3.7/site-packages/airflow/example_dags/example_sensor_decorator.py
[2023-06-03T20:28:44.594+0000] {processor.py:836} INFO - DAG(s) dict_keys(['example_sensor_decorator']) retrieved from /home/airflow/.local/lib/python3.7/site-packages/airflow/example_dags/example_sensor_decorator.py
[2023-06-03T20:28:44.611+0000] {logging_mixin.py:149} INFO - [2023-06-03T20:28:44.611+0000] {dag.py:2726} INFO - Sync 1 DAGs
[2023-06-03T20:28:44.629+0000] {logging_mixin.py:149} INFO - [2023-06-03T20:28:44.629+0000] {dag.py:3490} INFO - Setting next_dagrun for example_sensor_decorator to None, run_after=None
[2023-06-03T20:28:44.644+0000] {processor.py:179} INFO - Processing /home/airflow/.local/lib/python3.7/site-packages/airflow/example_dags/example_sensor_decorator.py took 0.060 seconds
[2023-06-03T20:29:14.971+0000] {processor.py:157} INFO - Started process (PID=1982) to work on /home/airflow/.local/lib/python3.7/site-packages/airflow/example_dags/example_sensor_decorator.py
[2023-06-03T20:29:14.972+0000] {processor.py:826} INFO - Processing file /home/airflow/.local/lib/python3.7/site-packages/airflow/example_dags/example_sensor_decorator.py for tasks to queue
[2023-06-03T20:29:14.974+0000] {logging_mixin.py:149} INFO - [2023-06-03T20:29:14.974+0000] {dagbag.py:541} INFO - Filling up the DagBag from /home/airflow/.local/lib/python3.7/site-packages/airflow/example_dags/example_sensor_decorator.py
[2023-06-03T20:29:14.978+0000] {processor.py:836} INFO - DAG(s) dict_keys(['example_sensor_decorator']) retrieved from /home/airflow/.local/lib/python3.7/site-packages/airflow/example_dags/example_sensor_decorator.py
[2023-06-03T20:29:14.996+0000] {logging_mixin.py:149} INFO - [2023-06-03T20:29:14.996+0000] {dag.py:2726} INFO - Sync 1 DAGs
[2023-06-03T20:29:15.014+0000] {logging_mixin.py:149} INFO - [2023-06-03T20:29:15.013+0000] {dag.py:3490} INFO - Setting next_dagrun for example_sensor_decorator to None, run_after=None
[2023-06-03T20:29:15.031+0000] {processor.py:179} INFO - Processing /home/airflow/.local/lib/python3.7/site-packages/airflow/example_dags/example_sensor_decorator.py took 0.062 seconds
[2023-06-03T20:29:45.362+0000] {processor.py:157} INFO - Started process (PID=2236) to work on /home/airflow/.local/lib/python3.7/site-packages/airflow/example_dags/example_sensor_decorator.py
[2023-06-03T20:29:45.364+0000] {processor.py:826} INFO - Processing file /home/airflow/.local/lib/python3.7/site-packages/airflow/example_dags/example_sensor_decorator.py for tasks to queue
[2023-06-03T20:29:45.365+0000] {logging_mixin.py:149} INFO - [2023-06-03T20:29:45.365+0000] {dagbag.py:541} INFO - Filling up the DagBag from /home/airflow/.local/lib/python3.7/site-packages/airflow/example_dags/example_sensor_decorator.py
[2023-06-03T20:29:45.371+0000] {processor.py:836} INFO - DAG(s) dict_keys(['example_sensor_decorator']) retrieved from /home/airflow/.local/lib/python3.7/site-packages/airflow/example_dags/example_sensor_decorator.py
[2023-06-03T20:29:45.392+0000] {logging_mixin.py:149} INFO - [2023-06-03T20:29:45.392+0000] {dag.py:2726} INFO - Sync 1 DAGs
[2023-06-03T20:29:45.409+0000] {logging_mixin.py:149} INFO - [2023-06-03T20:29:45.409+0000] {dag.py:3490} INFO - Setting next_dagrun for example_sensor_decorator to None, run_after=None
[2023-06-03T20:29:45.424+0000] {processor.py:179} INFO - Processing /home/airflow/.local/lib/python3.7/site-packages/airflow/example_dags/example_sensor_decorator.py took 0.066 seconds
[2023-06-03T20:30:16.192+0000] {processor.py:157} INFO - Started process (PID=2488) to work on /home/airflow/.local/lib/python3.7/site-packages/airflow/example_dags/example_sensor_decorator.py
[2023-06-03T20:30:16.192+0000] {processor.py:826} INFO - Processing file /home/airflow/.local/lib/python3.7/site-packages/airflow/example_dags/example_sensor_decorator.py for tasks to queue
[2023-06-03T20:30:16.193+0000] {logging_mixin.py:149} INFO - [2023-06-03T20:30:16.193+0000] {dagbag.py:541} INFO - Filling up the DagBag from /home/airflow/.local/lib/python3.7/site-packages/airflow/example_dags/example_sensor_decorator.py
[2023-06-03T20:30:16.198+0000] {processor.py:836} INFO - DAG(s) dict_keys(['example_sensor_decorator']) retrieved from /home/airflow/.local/lib/python3.7/site-packages/airflow/example_dags/example_sensor_decorator.py
[2023-06-03T20:30:16.214+0000] {logging_mixin.py:149} INFO - [2023-06-03T20:30:16.214+0000] {dag.py:2726} INFO - Sync 1 DAGs
[2023-06-03T20:30:16.231+0000] {logging_mixin.py:149} INFO - [2023-06-03T20:30:16.231+0000] {dag.py:3490} INFO - Setting next_dagrun for example_sensor_decorator to None, run_after=None
[2023-06-03T20:30:16.247+0000] {processor.py:179} INFO - Processing /home/airflow/.local/lib/python3.7/site-packages/airflow/example_dags/example_sensor_decorator.py took 0.058 seconds
[2023-06-03T20:30:46.797+0000] {processor.py:157} INFO - Started process (PID=2738) to work on /home/airflow/.local/lib/python3.7/site-packages/airflow/example_dags/example_sensor_decorator.py
[2023-06-03T20:30:46.798+0000] {processor.py:826} INFO - Processing file /home/airflow/.local/lib/python3.7/site-packages/airflow/example_dags/example_sensor_decorator.py for tasks to queue
[2023-06-03T20:30:46.799+0000] {logging_mixin.py:149} INFO - [2023-06-03T20:30:46.798+0000] {dagbag.py:541} INFO - Filling up the DagBag from /home/airflow/.local/lib/python3.7/site-packages/airflow/example_dags/example_sensor_decorator.py
[2023-06-03T20:30:46.803+0000] {processor.py:836} INFO - DAG(s) dict_keys(['example_sensor_decorator']) retrieved from /home/airflow/.local/lib/python3.7/site-packages/airflow/example_dags/example_sensor_decorator.py
[2023-06-03T20:30:46.818+0000] {logging_mixin.py:149} INFO - [2023-06-03T20:30:46.818+0000] {dag.py:2726} INFO - Sync 1 DAGs
[2023-06-03T20:30:46.836+0000] {logging_mixin.py:149} INFO - [2023-06-03T20:30:46.836+0000] {dag.py:3490} INFO - Setting next_dagrun for example_sensor_decorator to None, run_after=None
[2023-06-03T20:30:46.852+0000] {processor.py:179} INFO - Processing /home/airflow/.local/lib/python3.7/site-packages/airflow/example_dags/example_sensor_decorator.py took 0.057 seconds
[2023-06-03T20:31:17.159+0000] {processor.py:157} INFO - Started process (PID=2992) to work on /home/airflow/.local/lib/python3.7/site-packages/airflow/example_dags/example_sensor_decorator.py
[2023-06-03T20:31:17.161+0000] {processor.py:826} INFO - Processing file /home/airflow/.local/lib/python3.7/site-packages/airflow/example_dags/example_sensor_decorator.py for tasks to queue
[2023-06-03T20:31:17.162+0000] {logging_mixin.py:149} INFO - [2023-06-03T20:31:17.162+0000] {dagbag.py:541} INFO - Filling up the DagBag from /home/airflow/.local/lib/python3.7/site-packages/airflow/example_dags/example_sensor_decorator.py
[2023-06-03T20:31:17.166+0000] {processor.py:836} INFO - DAG(s) dict_keys(['example_sensor_decorator']) retrieved from /home/airflow/.local/lib/python3.7/site-packages/airflow/example_dags/example_sensor_decorator.py
[2023-06-03T20:31:17.184+0000] {logging_mixin.py:149} INFO - [2023-06-03T20:31:17.184+0000] {dag.py:2726} INFO - Sync 1 DAGs
[2023-06-03T20:31:17.203+0000] {logging_mixin.py:149} INFO - [2023-06-03T20:31:17.203+0000] {dag.py:3490} INFO - Setting next_dagrun for example_sensor_decorator to None, run_after=None
[2023-06-03T20:31:17.219+0000] {processor.py:179} INFO - Processing /home/airflow/.local/lib/python3.7/site-packages/airflow/example_dags/example_sensor_decorator.py took 0.062 seconds
[2023-06-03T20:31:47.298+0000] {processor.py:157} INFO - Started process (PID=3242) to work on /home/airflow/.local/lib/python3.7/site-packages/airflow/example_dags/example_sensor_decorator.py
[2023-06-03T20:31:47.300+0000] {processor.py:826} INFO - Processing file /home/airflow/.local/lib/python3.7/site-packages/airflow/example_dags/example_sensor_decorator.py for tasks to queue
[2023-06-03T20:31:47.302+0000] {logging_mixin.py:149} INFO - [2023-06-03T20:31:47.301+0000] {dagbag.py:541} INFO - Filling up the DagBag from /home/airflow/.local/lib/python3.7/site-packages/airflow/example_dags/example_sensor_decorator.py
[2023-06-03T20:31:47.306+0000] {processor.py:836} INFO - DAG(s) dict_keys(['example_sensor_decorator']) retrieved from /home/airflow/.local/lib/python3.7/site-packages/airflow/example_dags/example_sensor_decorator.py
[2023-06-03T20:31:47.321+0000] {logging_mixin.py:149} INFO - [2023-06-03T20:31:47.321+0000] {dag.py:2726} INFO - Sync 1 DAGs
[2023-06-03T20:31:47.338+0000] {logging_mixin.py:149} INFO - [2023-06-03T20:31:47.338+0000] {dag.py:3490} INFO - Setting next_dagrun for example_sensor_decorator to None, run_after=None
[2023-06-03T20:31:47.354+0000] {processor.py:179} INFO - Processing /home/airflow/.local/lib/python3.7/site-packages/airflow/example_dags/example_sensor_decorator.py took 0.058 seconds
[2023-06-03T20:32:17.501+0000] {processor.py:157} INFO - Started process (PID=3632) to work on /home/airflow/.local/lib/python3.7/site-packages/airflow/example_dags/example_sensor_decorator.py
[2023-06-03T20:32:17.503+0000] {processor.py:826} INFO - Processing file /home/airflow/.local/lib/python3.7/site-packages/airflow/example_dags/example_sensor_decorator.py for tasks to queue
[2023-06-03T20:32:17.504+0000] {logging_mixin.py:149} INFO - [2023-06-03T20:32:17.504+0000] {dagbag.py:541} INFO - Filling up the DagBag from /home/airflow/.local/lib/python3.7/site-packages/airflow/example_dags/example_sensor_decorator.py
[2023-06-03T20:32:17.509+0000] {processor.py:836} INFO - DAG(s) dict_keys(['example_sensor_decorator']) retrieved from /home/airflow/.local/lib/python3.7/site-packages/airflow/example_dags/example_sensor_decorator.py
[2023-06-03T20:32:17.526+0000] {logging_mixin.py:149} INFO - [2023-06-03T20:32:17.526+0000] {dag.py:2726} INFO - Sync 1 DAGs
[2023-06-03T20:32:17.544+0000] {logging_mixin.py:149} INFO - [2023-06-03T20:32:17.544+0000] {dag.py:3490} INFO - Setting next_dagrun for example_sensor_decorator to None, run_after=None
[2023-06-03T20:32:17.559+0000] {processor.py:179} INFO - Processing /home/airflow/.local/lib/python3.7/site-packages/airflow/example_dags/example_sensor_decorator.py took 0.060 seconds
[2023-06-03T20:32:47.801+0000] {processor.py:157} INFO - Started process (PID=3886) to work on /home/airflow/.local/lib/python3.7/site-packages/airflow/example_dags/example_sensor_decorator.py
[2023-06-03T20:32:47.803+0000] {processor.py:826} INFO - Processing file /home/airflow/.local/lib/python3.7/site-packages/airflow/example_dags/example_sensor_decorator.py for tasks to queue
[2023-06-03T20:32:47.804+0000] {logging_mixin.py:149} INFO - [2023-06-03T20:32:47.803+0000] {dagbag.py:541} INFO - Filling up the DagBag from /home/airflow/.local/lib/python3.7/site-packages/airflow/example_dags/example_sensor_decorator.py
[2023-06-03T20:32:47.809+0000] {processor.py:836} INFO - DAG(s) dict_keys(['example_sensor_decorator']) retrieved from /home/airflow/.local/lib/python3.7/site-packages/airflow/example_dags/example_sensor_decorator.py
[2023-06-03T20:32:47.825+0000] {logging_mixin.py:149} INFO - [2023-06-03T20:32:47.825+0000] {dag.py:2726} INFO - Sync 1 DAGs
[2023-06-03T20:32:47.842+0000] {logging_mixin.py:149} INFO - [2023-06-03T20:32:47.842+0000] {dag.py:3490} INFO - Setting next_dagrun for example_sensor_decorator to None, run_after=None
[2023-06-03T20:32:47.857+0000] {processor.py:179} INFO - Processing /home/airflow/.local/lib/python3.7/site-packages/airflow/example_dags/example_sensor_decorator.py took 0.058 seconds
[2023-06-03T20:33:18.082+0000] {processor.py:157} INFO - Started process (PID=4138) to work on /home/airflow/.local/lib/python3.7/site-packages/airflow/example_dags/example_sensor_decorator.py
[2023-06-03T20:33:18.084+0000] {processor.py:826} INFO - Processing file /home/airflow/.local/lib/python3.7/site-packages/airflow/example_dags/example_sensor_decorator.py for tasks to queue
[2023-06-03T20:33:18.085+0000] {logging_mixin.py:149} INFO - [2023-06-03T20:33:18.085+0000] {dagbag.py:541} INFO - Filling up the DagBag from /home/airflow/.local/lib/python3.7/site-packages/airflow/example_dags/example_sensor_decorator.py
[2023-06-03T20:33:18.090+0000] {processor.py:836} INFO - DAG(s) dict_keys(['example_sensor_decorator']) retrieved from /home/airflow/.local/lib/python3.7/site-packages/airflow/example_dags/example_sensor_decorator.py
[2023-06-03T20:33:18.106+0000] {logging_mixin.py:149} INFO - [2023-06-03T20:33:18.106+0000] {dag.py:2726} INFO - Sync 1 DAGs
[2023-06-03T20:33:18.122+0000] {logging_mixin.py:149} INFO - [2023-06-03T20:33:18.122+0000] {dag.py:3490} INFO - Setting next_dagrun for example_sensor_decorator to None, run_after=None
[2023-06-03T20:33:18.138+0000] {processor.py:179} INFO - Processing /home/airflow/.local/lib/python3.7/site-packages/airflow/example_dags/example_sensor_decorator.py took 0.058 seconds
[2023-06-03T20:33:49.080+0000] {processor.py:157} INFO - Started process (PID=4390) to work on /home/airflow/.local/lib/python3.7/site-packages/airflow/example_dags/example_sensor_decorator.py
[2023-06-03T20:33:49.082+0000] {processor.py:826} INFO - Processing file /home/airflow/.local/lib/python3.7/site-packages/airflow/example_dags/example_sensor_decorator.py for tasks to queue
[2023-06-03T20:33:49.083+0000] {logging_mixin.py:149} INFO - [2023-06-03T20:33:49.083+0000] {dagbag.py:541} INFO - Filling up the DagBag from /home/airflow/.local/lib/python3.7/site-packages/airflow/example_dags/example_sensor_decorator.py
[2023-06-03T20:33:49.091+0000] {processor.py:836} INFO - DAG(s) dict_keys(['example_sensor_decorator']) retrieved from /home/airflow/.local/lib/python3.7/site-packages/airflow/example_dags/example_sensor_decorator.py
[2023-06-03T20:33:49.110+0000] {logging_mixin.py:149} INFO - [2023-06-03T20:33:49.110+0000] {dag.py:2726} INFO - Sync 1 DAGs
[2023-06-03T20:33:49.126+0000] {logging_mixin.py:149} INFO - [2023-06-03T20:33:49.126+0000] {dag.py:3490} INFO - Setting next_dagrun for example_sensor_decorator to None, run_after=None
[2023-06-03T20:33:49.144+0000] {processor.py:179} INFO - Processing /home/airflow/.local/lib/python3.7/site-packages/airflow/example_dags/example_sensor_decorator.py took 0.068 seconds
[2023-06-03T20:34:19.619+0000] {processor.py:157} INFO - Started process (PID=4640) to work on /home/airflow/.local/lib/python3.7/site-packages/airflow/example_dags/example_sensor_decorator.py
[2023-06-03T20:34:19.620+0000] {processor.py:826} INFO - Processing file /home/airflow/.local/lib/python3.7/site-packages/airflow/example_dags/example_sensor_decorator.py for tasks to queue
[2023-06-03T20:34:19.621+0000] {logging_mixin.py:149} INFO - [2023-06-03T20:34:19.621+0000] {dagbag.py:541} INFO - Filling up the DagBag from /home/airflow/.local/lib/python3.7/site-packages/airflow/example_dags/example_sensor_decorator.py
[2023-06-03T20:34:19.627+0000] {processor.py:836} INFO - DAG(s) dict_keys(['example_sensor_decorator']) retrieved from /home/airflow/.local/lib/python3.7/site-packages/airflow/example_dags/example_sensor_decorator.py
[2023-06-03T20:34:19.644+0000] {logging_mixin.py:149} INFO - [2023-06-03T20:34:19.644+0000] {dag.py:2726} INFO - Sync 1 DAGs
[2023-06-03T20:34:19.661+0000] {logging_mixin.py:149} INFO - [2023-06-03T20:34:19.661+0000] {dag.py:3490} INFO - Setting next_dagrun for example_sensor_decorator to None, run_after=None
[2023-06-03T20:34:19.676+0000] {processor.py:179} INFO - Processing /home/airflow/.local/lib/python3.7/site-packages/airflow/example_dags/example_sensor_decorator.py took 0.059 seconds
[2023-06-03T20:34:50.109+0000] {processor.py:157} INFO - Started process (PID=4892) to work on /home/airflow/.local/lib/python3.7/site-packages/airflow/example_dags/example_sensor_decorator.py
[2023-06-03T20:34:50.110+0000] {processor.py:826} INFO - Processing file /home/airflow/.local/lib/python3.7/site-packages/airflow/example_dags/example_sensor_decorator.py for tasks to queue
[2023-06-03T20:34:50.111+0000] {logging_mixin.py:149} INFO - [2023-06-03T20:34:50.111+0000] {dagbag.py:541} INFO - Filling up the DagBag from /home/airflow/.local/lib/python3.7/site-packages/airflow/example_dags/example_sensor_decorator.py
[2023-06-03T20:34:50.115+0000] {processor.py:836} INFO - DAG(s) dict_keys(['example_sensor_decorator']) retrieved from /home/airflow/.local/lib/python3.7/site-packages/airflow/example_dags/example_sensor_decorator.py
[2023-06-03T20:34:50.133+0000] {logging_mixin.py:149} INFO - [2023-06-03T20:34:50.133+0000] {dag.py:2726} INFO - Sync 1 DAGs
[2023-06-03T20:34:50.151+0000] {logging_mixin.py:149} INFO - [2023-06-03T20:34:50.151+0000] {dag.py:3490} INFO - Setting next_dagrun for example_sensor_decorator to None, run_after=None
[2023-06-03T20:34:50.166+0000] {processor.py:179} INFO - Processing /home/airflow/.local/lib/python3.7/site-packages/airflow/example_dags/example_sensor_decorator.py took 0.059 seconds
[2023-06-03T20:35:20.528+0000] {processor.py:157} INFO - Started process (PID=5144) to work on /home/airflow/.local/lib/python3.7/site-packages/airflow/example_dags/example_sensor_decorator.py
[2023-06-03T20:35:20.531+0000] {processor.py:826} INFO - Processing file /home/airflow/.local/lib/python3.7/site-packages/airflow/example_dags/example_sensor_decorator.py for tasks to queue
[2023-06-03T20:35:20.533+0000] {logging_mixin.py:149} INFO - [2023-06-03T20:35:20.532+0000] {dagbag.py:541} INFO - Filling up the DagBag from /home/airflow/.local/lib/python3.7/site-packages/airflow/example_dags/example_sensor_decorator.py
[2023-06-03T20:35:20.538+0000] {processor.py:836} INFO - DAG(s) dict_keys(['example_sensor_decorator']) retrieved from /home/airflow/.local/lib/python3.7/site-packages/airflow/example_dags/example_sensor_decorator.py
[2023-06-03T20:35:20.555+0000] {logging_mixin.py:149} INFO - [2023-06-03T20:35:20.555+0000] {dag.py:2726} INFO - Sync 1 DAGs
[2023-06-03T20:35:20.573+0000] {logging_mixin.py:149} INFO - [2023-06-03T20:35:20.573+0000] {dag.py:3490} INFO - Setting next_dagrun for example_sensor_decorator to None, run_after=None
[2023-06-03T20:35:20.588+0000] {processor.py:179} INFO - Processing /home/airflow/.local/lib/python3.7/site-packages/airflow/example_dags/example_sensor_decorator.py took 0.062 seconds
[2023-06-03T20:35:51.360+0000] {processor.py:157} INFO - Started process (PID=5396) to work on /home/airflow/.local/lib/python3.7/site-packages/airflow/example_dags/example_sensor_decorator.py
[2023-06-03T20:35:51.362+0000] {processor.py:826} INFO - Processing file /home/airflow/.local/lib/python3.7/site-packages/airflow/example_dags/example_sensor_decorator.py for tasks to queue
[2023-06-03T20:35:51.363+0000] {logging_mixin.py:149} INFO - [2023-06-03T20:35:51.363+0000] {dagbag.py:541} INFO - Filling up the DagBag from /home/airflow/.local/lib/python3.7/site-packages/airflow/example_dags/example_sensor_decorator.py
[2023-06-03T20:35:51.368+0000] {processor.py:836} INFO - DAG(s) dict_keys(['example_sensor_decorator']) retrieved from /home/airflow/.local/lib/python3.7/site-packages/airflow/example_dags/example_sensor_decorator.py
[2023-06-03T20:35:51.387+0000] {logging_mixin.py:149} INFO - [2023-06-03T20:35:51.387+0000] {dag.py:2726} INFO - Sync 1 DAGs
[2023-06-03T20:35:51.407+0000] {logging_mixin.py:149} INFO - [2023-06-03T20:35:51.407+0000] {dag.py:3490} INFO - Setting next_dagrun for example_sensor_decorator to None, run_after=None
[2023-06-03T20:35:51.425+0000] {processor.py:179} INFO - Processing /home/airflow/.local/lib/python3.7/site-packages/airflow/example_dags/example_sensor_decorator.py took 0.067 seconds
[2023-06-03T20:36:21.937+0000] {processor.py:157} INFO - Started process (PID=5650) to work on /home/airflow/.local/lib/python3.7/site-packages/airflow/example_dags/example_sensor_decorator.py
[2023-06-03T20:36:21.939+0000] {processor.py:826} INFO - Processing file /home/airflow/.local/lib/python3.7/site-packages/airflow/example_dags/example_sensor_decorator.py for tasks to queue
[2023-06-03T20:36:21.941+0000] {logging_mixin.py:149} INFO - [2023-06-03T20:36:21.940+0000] {dagbag.py:541} INFO - Filling up the DagBag from /home/airflow/.local/lib/python3.7/site-packages/airflow/example_dags/example_sensor_decorator.py
[2023-06-03T20:36:21.945+0000] {processor.py:836} INFO - DAG(s) dict_keys(['example_sensor_decorator']) retrieved from /home/airflow/.local/lib/python3.7/site-packages/airflow/example_dags/example_sensor_decorator.py
[2023-06-03T20:36:21.967+0000] {logging_mixin.py:149} INFO - [2023-06-03T20:36:21.967+0000] {dag.py:2726} INFO - Sync 1 DAGs
[2023-06-03T20:36:21.986+0000] {logging_mixin.py:149} INFO - [2023-06-03T20:36:21.985+0000] {dag.py:3490} INFO - Setting next_dagrun for example_sensor_decorator to None, run_after=None
[2023-06-03T20:36:22.003+0000] {processor.py:179} INFO - Processing /home/airflow/.local/lib/python3.7/site-packages/airflow/example_dags/example_sensor_decorator.py took 0.068 seconds
[2023-06-03T20:36:52.492+0000] {processor.py:157} INFO - Started process (PID=5900) to work on /home/airflow/.local/lib/python3.7/site-packages/airflow/example_dags/example_sensor_decorator.py
[2023-06-03T20:36:52.493+0000] {processor.py:826} INFO - Processing file /home/airflow/.local/lib/python3.7/site-packages/airflow/example_dags/example_sensor_decorator.py for tasks to queue
[2023-06-03T20:36:52.494+0000] {logging_mixin.py:149} INFO - [2023-06-03T20:36:52.494+0000] {dagbag.py:541} INFO - Filling up the DagBag from /home/airflow/.local/lib/python3.7/site-packages/airflow/example_dags/example_sensor_decorator.py
[2023-06-03T20:36:52.498+0000] {processor.py:836} INFO - DAG(s) dict_keys(['example_sensor_decorator']) retrieved from /home/airflow/.local/lib/python3.7/site-packages/airflow/example_dags/example_sensor_decorator.py
[2023-06-03T20:36:52.515+0000] {logging_mixin.py:149} INFO - [2023-06-03T20:36:52.515+0000] {dag.py:2726} INFO - Sync 1 DAGs
[2023-06-03T20:36:52.533+0000] {logging_mixin.py:149} INFO - [2023-06-03T20:36:52.533+0000] {dag.py:3490} INFO - Setting next_dagrun for example_sensor_decorator to None, run_after=None
[2023-06-03T20:36:52.548+0000] {processor.py:179} INFO - Processing /home/airflow/.local/lib/python3.7/site-packages/airflow/example_dags/example_sensor_decorator.py took 0.058 seconds
[2023-06-03T20:37:23.284+0000] {processor.py:157} INFO - Started process (PID=6152) to work on /home/airflow/.local/lib/python3.7/site-packages/airflow/example_dags/example_sensor_decorator.py
[2023-06-03T20:37:23.285+0000] {processor.py:826} INFO - Processing file /home/airflow/.local/lib/python3.7/site-packages/airflow/example_dags/example_sensor_decorator.py for tasks to queue
[2023-06-03T20:37:23.286+0000] {logging_mixin.py:149} INFO - [2023-06-03T20:37:23.286+0000] {dagbag.py:541} INFO - Filling up the DagBag from /home/airflow/.local/lib/python3.7/site-packages/airflow/example_dags/example_sensor_decorator.py
[2023-06-03T20:37:23.291+0000] {processor.py:836} INFO - DAG(s) dict_keys(['example_sensor_decorator']) retrieved from /home/airflow/.local/lib/python3.7/site-packages/airflow/example_dags/example_sensor_decorator.py
[2023-06-03T20:37:23.309+0000] {logging_mixin.py:149} INFO - [2023-06-03T20:37:23.309+0000] {dag.py:2726} INFO - Sync 1 DAGs
[2023-06-03T20:37:23.327+0000] {logging_mixin.py:149} INFO - [2023-06-03T20:37:23.327+0000] {dag.py:3490} INFO - Setting next_dagrun for example_sensor_decorator to None, run_after=None
[2023-06-03T20:37:23.344+0000] {processor.py:179} INFO - Processing /home/airflow/.local/lib/python3.7/site-packages/airflow/example_dags/example_sensor_decorator.py took 0.062 seconds
[2023-06-03T20:37:53.904+0000] {processor.py:157} INFO - Started process (PID=6404) to work on /home/airflow/.local/lib/python3.7/site-packages/airflow/example_dags/example_sensor_decorator.py
[2023-06-03T20:37:53.905+0000] {processor.py:826} INFO - Processing file /home/airflow/.local/lib/python3.7/site-packages/airflow/example_dags/example_sensor_decorator.py for tasks to queue
[2023-06-03T20:37:53.906+0000] {logging_mixin.py:149} INFO - [2023-06-03T20:37:53.906+0000] {dagbag.py:541} INFO - Filling up the DagBag from /home/airflow/.local/lib/python3.7/site-packages/airflow/example_dags/example_sensor_decorator.py
[2023-06-03T20:37:53.911+0000] {processor.py:836} INFO - DAG(s) dict_keys(['example_sensor_decorator']) retrieved from /home/airflow/.local/lib/python3.7/site-packages/airflow/example_dags/example_sensor_decorator.py
[2023-06-03T20:37:53.927+0000] {logging_mixin.py:149} INFO - [2023-06-03T20:37:53.927+0000] {dag.py:2726} INFO - Sync 1 DAGs
[2023-06-03T20:37:53.945+0000] {logging_mixin.py:149} INFO - [2023-06-03T20:37:53.945+0000] {dag.py:3490} INFO - Setting next_dagrun for example_sensor_decorator to None, run_after=None
[2023-06-03T20:37:53.960+0000] {processor.py:179} INFO - Processing /home/airflow/.local/lib/python3.7/site-packages/airflow/example_dags/example_sensor_decorator.py took 0.058 seconds
[2023-06-03T20:38:24.133+0000] {processor.py:157} INFO - Started process (PID=6658) to work on /home/airflow/.local/lib/python3.7/site-packages/airflow/example_dags/example_sensor_decorator.py
[2023-06-03T20:38:24.134+0000] {processor.py:826} INFO - Processing file /home/airflow/.local/lib/python3.7/site-packages/airflow/example_dags/example_sensor_decorator.py for tasks to queue
[2023-06-03T20:38:24.135+0000] {logging_mixin.py:149} INFO - [2023-06-03T20:38:24.135+0000] {dagbag.py:541} INFO - Filling up the DagBag from /home/airflow/.local/lib/python3.7/site-packages/airflow/example_dags/example_sensor_decorator.py
[2023-06-03T20:38:24.140+0000] {processor.py:836} INFO - DAG(s) dict_keys(['example_sensor_decorator']) retrieved from /home/airflow/.local/lib/python3.7/site-packages/airflow/example_dags/example_sensor_decorator.py
[2023-06-03T20:38:24.156+0000] {logging_mixin.py:149} INFO - [2023-06-03T20:38:24.156+0000] {dag.py:2726} INFO - Sync 1 DAGs
[2023-06-03T20:38:24.173+0000] {logging_mixin.py:149} INFO - [2023-06-03T20:38:24.173+0000] {dag.py:3490} INFO - Setting next_dagrun for example_sensor_decorator to None, run_after=None
[2023-06-03T20:38:24.190+0000] {processor.py:179} INFO - Processing /home/airflow/.local/lib/python3.7/site-packages/airflow/example_dags/example_sensor_decorator.py took 0.060 seconds
[2023-06-03T20:38:54.292+0000] {processor.py:157} INFO - Started process (PID=6908) to work on /home/airflow/.local/lib/python3.7/site-packages/airflow/example_dags/example_sensor_decorator.py
[2023-06-03T20:38:54.294+0000] {processor.py:826} INFO - Processing file /home/airflow/.local/lib/python3.7/site-packages/airflow/example_dags/example_sensor_decorator.py for tasks to queue
[2023-06-03T20:38:54.295+0000] {logging_mixin.py:149} INFO - [2023-06-03T20:38:54.294+0000] {dagbag.py:541} INFO - Filling up the DagBag from /home/airflow/.local/lib/python3.7/site-packages/airflow/example_dags/example_sensor_decorator.py
[2023-06-03T20:38:54.299+0000] {processor.py:836} INFO - DAG(s) dict_keys(['example_sensor_decorator']) retrieved from /home/airflow/.local/lib/python3.7/site-packages/airflow/example_dags/example_sensor_decorator.py
[2023-06-03T20:38:54.316+0000] {logging_mixin.py:149} INFO - [2023-06-03T20:38:54.316+0000] {dag.py:2726} INFO - Sync 1 DAGs
[2023-06-03T20:38:54.336+0000] {logging_mixin.py:149} INFO - [2023-06-03T20:38:54.336+0000] {dag.py:3490} INFO - Setting next_dagrun for example_sensor_decorator to None, run_after=None
[2023-06-03T20:38:54.351+0000] {processor.py:179} INFO - Processing /home/airflow/.local/lib/python3.7/site-packages/airflow/example_dags/example_sensor_decorator.py took 0.061 seconds
[2023-06-03T20:39:24.685+0000] {processor.py:157} INFO - Started process (PID=7160) to work on /home/airflow/.local/lib/python3.7/site-packages/airflow/example_dags/example_sensor_decorator.py
[2023-06-03T20:39:24.687+0000] {processor.py:826} INFO - Processing file /home/airflow/.local/lib/python3.7/site-packages/airflow/example_dags/example_sensor_decorator.py for tasks to queue
[2023-06-03T20:39:24.689+0000] {logging_mixin.py:149} INFO - [2023-06-03T20:39:24.689+0000] {dagbag.py:541} INFO - Filling up the DagBag from /home/airflow/.local/lib/python3.7/site-packages/airflow/example_dags/example_sensor_decorator.py
[2023-06-03T20:39:24.694+0000] {processor.py:836} INFO - DAG(s) dict_keys(['example_sensor_decorator']) retrieved from /home/airflow/.local/lib/python3.7/site-packages/airflow/example_dags/example_sensor_decorator.py
[2023-06-03T20:39:24.717+0000] {logging_mixin.py:149} INFO - [2023-06-03T20:39:24.717+0000] {dag.py:2726} INFO - Sync 1 DAGs
[2023-06-03T20:39:24.739+0000] {logging_mixin.py:149} INFO - [2023-06-03T20:39:24.739+0000] {dag.py:3490} INFO - Setting next_dagrun for example_sensor_decorator to None, run_after=None
[2023-06-03T20:39:24.759+0000] {processor.py:179} INFO - Processing /home/airflow/.local/lib/python3.7/site-packages/airflow/example_dags/example_sensor_decorator.py took 0.076 seconds
[2023-06-03T20:39:54.932+0000] {processor.py:157} INFO - Started process (PID=7412) to work on /home/airflow/.local/lib/python3.7/site-packages/airflow/example_dags/example_sensor_decorator.py
[2023-06-03T20:39:54.941+0000] {processor.py:826} INFO - Processing file /home/airflow/.local/lib/python3.7/site-packages/airflow/example_dags/example_sensor_decorator.py for tasks to queue
[2023-06-03T20:39:54.943+0000] {logging_mixin.py:149} INFO - [2023-06-03T20:39:54.943+0000] {dagbag.py:541} INFO - Filling up the DagBag from /home/airflow/.local/lib/python3.7/site-packages/airflow/example_dags/example_sensor_decorator.py
[2023-06-03T20:39:54.948+0000] {processor.py:836} INFO - DAG(s) dict_keys(['example_sensor_decorator']) retrieved from /home/airflow/.local/lib/python3.7/site-packages/airflow/example_dags/example_sensor_decorator.py
[2023-06-03T20:39:54.965+0000] {logging_mixin.py:149} INFO - [2023-06-03T20:39:54.964+0000] {dag.py:2726} INFO - Sync 1 DAGs
[2023-06-03T20:39:54.991+0000] {logging_mixin.py:149} INFO - [2023-06-03T20:39:54.991+0000] {dag.py:3490} INFO - Setting next_dagrun for example_sensor_decorator to None, run_after=None
[2023-06-03T20:39:55.008+0000] {processor.py:179} INFO - Processing /home/airflow/.local/lib/python3.7/site-packages/airflow/example_dags/example_sensor_decorator.py took 0.078 seconds
[2023-06-03T20:40:25.273+0000] {processor.py:157} INFO - Started process (PID=7664) to work on /home/airflow/.local/lib/python3.7/site-packages/airflow/example_dags/example_sensor_decorator.py
[2023-06-03T20:40:25.274+0000] {processor.py:826} INFO - Processing file /home/airflow/.local/lib/python3.7/site-packages/airflow/example_dags/example_sensor_decorator.py for tasks to queue
[2023-06-03T20:40:25.275+0000] {logging_mixin.py:149} INFO - [2023-06-03T20:40:25.275+0000] {dagbag.py:541} INFO - Filling up the DagBag from /home/airflow/.local/lib/python3.7/site-packages/airflow/example_dags/example_sensor_decorator.py
[2023-06-03T20:40:25.280+0000] {processor.py:836} INFO - DAG(s) dict_keys(['example_sensor_decorator']) retrieved from /home/airflow/.local/lib/python3.7/site-packages/airflow/example_dags/example_sensor_decorator.py
[2023-06-03T20:40:25.298+0000] {logging_mixin.py:149} INFO - [2023-06-03T20:40:25.298+0000] {dag.py:2726} INFO - Sync 1 DAGs
[2023-06-03T20:40:25.315+0000] {logging_mixin.py:149} INFO - [2023-06-03T20:40:25.315+0000] {dag.py:3490} INFO - Setting next_dagrun for example_sensor_decorator to None, run_after=None
[2023-06-03T20:40:25.332+0000] {processor.py:179} INFO - Processing /home/airflow/.local/lib/python3.7/site-packages/airflow/example_dags/example_sensor_decorator.py took 0.061 seconds
[2023-06-03T20:40:56.289+0000] {processor.py:157} INFO - Started process (PID=7916) to work on /home/airflow/.local/lib/python3.7/site-packages/airflow/example_dags/example_sensor_decorator.py
[2023-06-03T20:40:56.298+0000] {processor.py:826} INFO - Processing file /home/airflow/.local/lib/python3.7/site-packages/airflow/example_dags/example_sensor_decorator.py for tasks to queue
[2023-06-03T20:40:56.300+0000] {logging_mixin.py:149} INFO - [2023-06-03T20:40:56.300+0000] {dagbag.py:541} INFO - Filling up the DagBag from /home/airflow/.local/lib/python3.7/site-packages/airflow/example_dags/example_sensor_decorator.py
[2023-06-03T20:40:56.305+0000] {processor.py:836} INFO - DAG(s) dict_keys(['example_sensor_decorator']) retrieved from /home/airflow/.local/lib/python3.7/site-packages/airflow/example_dags/example_sensor_decorator.py
[2023-06-03T20:40:56.322+0000] {logging_mixin.py:149} INFO - [2023-06-03T20:40:56.322+0000] {dag.py:2726} INFO - Sync 1 DAGs
[2023-06-03T20:40:56.340+0000] {logging_mixin.py:149} INFO - [2023-06-03T20:40:56.340+0000] {dag.py:3490} INFO - Setting next_dagrun for example_sensor_decorator to None, run_after=None
[2023-06-03T20:40:56.357+0000] {processor.py:179} INFO - Processing /home/airflow/.local/lib/python3.7/site-packages/airflow/example_dags/example_sensor_decorator.py took 0.070 seconds
[2023-06-03T20:41:26.458+0000] {processor.py:157} INFO - Started process (PID=8168) to work on /home/airflow/.local/lib/python3.7/site-packages/airflow/example_dags/example_sensor_decorator.py
[2023-06-03T20:41:26.460+0000] {processor.py:826} INFO - Processing file /home/airflow/.local/lib/python3.7/site-packages/airflow/example_dags/example_sensor_decorator.py for tasks to queue
[2023-06-03T20:41:26.462+0000] {logging_mixin.py:149} INFO - [2023-06-03T20:41:26.462+0000] {dagbag.py:541} INFO - Filling up the DagBag from /home/airflow/.local/lib/python3.7/site-packages/airflow/example_dags/example_sensor_decorator.py
[2023-06-03T20:41:26.466+0000] {processor.py:836} INFO - DAG(s) dict_keys(['example_sensor_decorator']) retrieved from /home/airflow/.local/lib/python3.7/site-packages/airflow/example_dags/example_sensor_decorator.py
[2023-06-03T20:41:26.485+0000] {logging_mixin.py:149} INFO - [2023-06-03T20:41:26.484+0000] {dag.py:2726} INFO - Sync 1 DAGs
[2023-06-03T20:41:26.502+0000] {logging_mixin.py:149} INFO - [2023-06-03T20:41:26.501+0000] {dag.py:3490} INFO - Setting next_dagrun for example_sensor_decorator to None, run_after=None
[2023-06-03T20:41:26.519+0000] {processor.py:179} INFO - Processing /home/airflow/.local/lib/python3.7/site-packages/airflow/example_dags/example_sensor_decorator.py took 0.063 seconds
[2023-06-03T20:41:56.811+0000] {processor.py:157} INFO - Started process (PID=8420) to work on /home/airflow/.local/lib/python3.7/site-packages/airflow/example_dags/example_sensor_decorator.py
[2023-06-03T20:41:56.812+0000] {processor.py:826} INFO - Processing file /home/airflow/.local/lib/python3.7/site-packages/airflow/example_dags/example_sensor_decorator.py for tasks to queue
[2023-06-03T20:41:56.813+0000] {logging_mixin.py:149} INFO - [2023-06-03T20:41:56.813+0000] {dagbag.py:541} INFO - Filling up the DagBag from /home/airflow/.local/lib/python3.7/site-packages/airflow/example_dags/example_sensor_decorator.py
[2023-06-03T20:41:56.817+0000] {processor.py:836} INFO - DAG(s) dict_keys(['example_sensor_decorator']) retrieved from /home/airflow/.local/lib/python3.7/site-packages/airflow/example_dags/example_sensor_decorator.py
[2023-06-03T20:41:56.834+0000] {logging_mixin.py:149} INFO - [2023-06-03T20:41:56.834+0000] {dag.py:2726} INFO - Sync 1 DAGs
[2023-06-03T20:41:56.851+0000] {logging_mixin.py:149} INFO - [2023-06-03T20:41:56.851+0000] {dag.py:3490} INFO - Setting next_dagrun for example_sensor_decorator to None, run_after=None
[2023-06-03T20:41:56.869+0000] {processor.py:179} INFO - Processing /home/airflow/.local/lib/python3.7/site-packages/airflow/example_dags/example_sensor_decorator.py took 0.060 seconds
[2023-06-03T20:42:26.991+0000] {processor.py:157} INFO - Started process (PID=8672) to work on /home/airflow/.local/lib/python3.7/site-packages/airflow/example_dags/example_sensor_decorator.py
[2023-06-03T20:42:26.992+0000] {processor.py:826} INFO - Processing file /home/airflow/.local/lib/python3.7/site-packages/airflow/example_dags/example_sensor_decorator.py for tasks to queue
[2023-06-03T20:42:26.993+0000] {logging_mixin.py:149} INFO - [2023-06-03T20:42:26.993+0000] {dagbag.py:541} INFO - Filling up the DagBag from /home/airflow/.local/lib/python3.7/site-packages/airflow/example_dags/example_sensor_decorator.py
[2023-06-03T20:42:26.997+0000] {processor.py:836} INFO - DAG(s) dict_keys(['example_sensor_decorator']) retrieved from /home/airflow/.local/lib/python3.7/site-packages/airflow/example_dags/example_sensor_decorator.py
[2023-06-03T20:42:27.015+0000] {logging_mixin.py:149} INFO - [2023-06-03T20:42:27.015+0000] {dag.py:2726} INFO - Sync 1 DAGs
[2023-06-03T20:42:27.031+0000] {logging_mixin.py:149} INFO - [2023-06-03T20:42:27.031+0000] {dag.py:3490} INFO - Setting next_dagrun for example_sensor_decorator to None, run_after=None
[2023-06-03T20:42:27.050+0000] {processor.py:179} INFO - Processing /home/airflow/.local/lib/python3.7/site-packages/airflow/example_dags/example_sensor_decorator.py took 0.062 seconds
[2023-06-03T20:42:57.153+0000] {processor.py:157} INFO - Started process (PID=8924) to work on /home/airflow/.local/lib/python3.7/site-packages/airflow/example_dags/example_sensor_decorator.py
[2023-06-03T20:42:57.155+0000] {processor.py:826} INFO - Processing file /home/airflow/.local/lib/python3.7/site-packages/airflow/example_dags/example_sensor_decorator.py for tasks to queue
[2023-06-03T20:42:57.156+0000] {logging_mixin.py:149} INFO - [2023-06-03T20:42:57.156+0000] {dagbag.py:541} INFO - Filling up the DagBag from /home/airflow/.local/lib/python3.7/site-packages/airflow/example_dags/example_sensor_decorator.py
[2023-06-03T20:42:57.163+0000] {processor.py:836} INFO - DAG(s) dict_keys(['example_sensor_decorator']) retrieved from /home/airflow/.local/lib/python3.7/site-packages/airflow/example_dags/example_sensor_decorator.py
[2023-06-03T20:42:57.247+0000] {logging_mixin.py:149} INFO - [2023-06-03T20:42:57.246+0000] {dag.py:2726} INFO - Sync 1 DAGs
[2023-06-03T20:42:57.265+0000] {logging_mixin.py:149} INFO - [2023-06-03T20:42:57.265+0000] {dag.py:3490} INFO - Setting next_dagrun for example_sensor_decorator to None, run_after=None
[2023-06-03T20:42:57.281+0000] {processor.py:179} INFO - Processing /home/airflow/.local/lib/python3.7/site-packages/airflow/example_dags/example_sensor_decorator.py took 0.130 seconds
[2023-06-03T20:43:27.396+0000] {processor.py:157} INFO - Started process (PID=9176) to work on /home/airflow/.local/lib/python3.7/site-packages/airflow/example_dags/example_sensor_decorator.py
[2023-06-03T20:43:27.397+0000] {processor.py:826} INFO - Processing file /home/airflow/.local/lib/python3.7/site-packages/airflow/example_dags/example_sensor_decorator.py for tasks to queue
[2023-06-03T20:43:27.398+0000] {logging_mixin.py:149} INFO - [2023-06-03T20:43:27.397+0000] {dagbag.py:541} INFO - Filling up the DagBag from /home/airflow/.local/lib/python3.7/site-packages/airflow/example_dags/example_sensor_decorator.py
[2023-06-03T20:43:27.402+0000] {processor.py:836} INFO - DAG(s) dict_keys(['example_sensor_decorator']) retrieved from /home/airflow/.local/lib/python3.7/site-packages/airflow/example_dags/example_sensor_decorator.py
[2023-06-03T20:43:27.419+0000] {logging_mixin.py:149} INFO - [2023-06-03T20:43:27.419+0000] {dag.py:2726} INFO - Sync 1 DAGs
[2023-06-03T20:43:27.437+0000] {logging_mixin.py:149} INFO - [2023-06-03T20:43:27.437+0000] {dag.py:3490} INFO - Setting next_dagrun for example_sensor_decorator to None, run_after=None
[2023-06-03T20:43:27.454+0000] {processor.py:179} INFO - Processing /home/airflow/.local/lib/python3.7/site-packages/airflow/example_dags/example_sensor_decorator.py took 0.061 seconds
[2023-06-03T20:43:57.628+0000] {processor.py:157} INFO - Started process (PID=9430) to work on /home/airflow/.local/lib/python3.7/site-packages/airflow/example_dags/example_sensor_decorator.py
[2023-06-03T20:43:57.629+0000] {processor.py:826} INFO - Processing file /home/airflow/.local/lib/python3.7/site-packages/airflow/example_dags/example_sensor_decorator.py for tasks to queue
[2023-06-03T20:43:57.630+0000] {logging_mixin.py:149} INFO - [2023-06-03T20:43:57.630+0000] {dagbag.py:541} INFO - Filling up the DagBag from /home/airflow/.local/lib/python3.7/site-packages/airflow/example_dags/example_sensor_decorator.py
[2023-06-03T20:43:57.635+0000] {processor.py:836} INFO - DAG(s) dict_keys(['example_sensor_decorator']) retrieved from /home/airflow/.local/lib/python3.7/site-packages/airflow/example_dags/example_sensor_decorator.py
[2023-06-03T20:43:57.651+0000] {logging_mixin.py:149} INFO - [2023-06-03T20:43:57.651+0000] {dag.py:2726} INFO - Sync 1 DAGs
[2023-06-03T20:43:57.668+0000] {logging_mixin.py:149} INFO - [2023-06-03T20:43:57.668+0000] {dag.py:3490} INFO - Setting next_dagrun for example_sensor_decorator to None, run_after=None
[2023-06-03T20:43:57.686+0000] {processor.py:179} INFO - Processing /home/airflow/.local/lib/python3.7/site-packages/airflow/example_dags/example_sensor_decorator.py took 0.061 seconds
[2023-06-03T20:44:28.259+0000] {processor.py:157} INFO - Started process (PID=9682) to work on /home/airflow/.local/lib/python3.7/site-packages/airflow/example_dags/example_sensor_decorator.py
[2023-06-03T20:44:28.260+0000] {processor.py:826} INFO - Processing file /home/airflow/.local/lib/python3.7/site-packages/airflow/example_dags/example_sensor_decorator.py for tasks to queue
[2023-06-03T20:44:28.261+0000] {logging_mixin.py:149} INFO - [2023-06-03T20:44:28.261+0000] {dagbag.py:541} INFO - Filling up the DagBag from /home/airflow/.local/lib/python3.7/site-packages/airflow/example_dags/example_sensor_decorator.py
[2023-06-03T20:44:28.266+0000] {processor.py:836} INFO - DAG(s) dict_keys(['example_sensor_decorator']) retrieved from /home/airflow/.local/lib/python3.7/site-packages/airflow/example_dags/example_sensor_decorator.py
[2023-06-03T20:44:28.350+0000] {logging_mixin.py:149} INFO - [2023-06-03T20:44:28.349+0000] {dag.py:2726} INFO - Sync 1 DAGs
[2023-06-03T20:44:28.368+0000] {logging_mixin.py:149} INFO - [2023-06-03T20:44:28.368+0000] {dag.py:3490} INFO - Setting next_dagrun for example_sensor_decorator to None, run_after=None
[2023-06-03T20:44:28.384+0000] {processor.py:179} INFO - Processing /home/airflow/.local/lib/python3.7/site-packages/airflow/example_dags/example_sensor_decorator.py took 0.128 seconds
[2023-06-03T20:44:58.613+0000] {processor.py:157} INFO - Started process (PID=9934) to work on /home/airflow/.local/lib/python3.7/site-packages/airflow/example_dags/example_sensor_decorator.py
[2023-06-03T20:44:58.615+0000] {processor.py:826} INFO - Processing file /home/airflow/.local/lib/python3.7/site-packages/airflow/example_dags/example_sensor_decorator.py for tasks to queue
[2023-06-03T20:44:58.616+0000] {logging_mixin.py:149} INFO - [2023-06-03T20:44:58.616+0000] {dagbag.py:541} INFO - Filling up the DagBag from /home/airflow/.local/lib/python3.7/site-packages/airflow/example_dags/example_sensor_decorator.py
[2023-06-03T20:44:58.620+0000] {processor.py:836} INFO - DAG(s) dict_keys(['example_sensor_decorator']) retrieved from /home/airflow/.local/lib/python3.7/site-packages/airflow/example_dags/example_sensor_decorator.py
[2023-06-03T20:44:58.643+0000] {logging_mixin.py:149} INFO - [2023-06-03T20:44:58.643+0000] {dag.py:2726} INFO - Sync 1 DAGs
[2023-06-03T20:44:58.662+0000] {logging_mixin.py:149} INFO - [2023-06-03T20:44:58.661+0000] {dag.py:3490} INFO - Setting next_dagrun for example_sensor_decorator to None, run_after=None
[2023-06-03T20:44:58.678+0000] {processor.py:179} INFO - Processing /home/airflow/.local/lib/python3.7/site-packages/airflow/example_dags/example_sensor_decorator.py took 0.067 seconds
[2023-06-03T20:45:29.294+0000] {processor.py:157} INFO - Started process (PID=10186) to work on /home/airflow/.local/lib/python3.7/site-packages/airflow/example_dags/example_sensor_decorator.py
[2023-06-03T20:45:29.296+0000] {processor.py:826} INFO - Processing file /home/airflow/.local/lib/python3.7/site-packages/airflow/example_dags/example_sensor_decorator.py for tasks to queue
[2023-06-03T20:45:29.297+0000] {logging_mixin.py:149} INFO - [2023-06-03T20:45:29.296+0000] {dagbag.py:541} INFO - Filling up the DagBag from /home/airflow/.local/lib/python3.7/site-packages/airflow/example_dags/example_sensor_decorator.py
[2023-06-03T20:45:29.301+0000] {processor.py:836} INFO - DAG(s) dict_keys(['example_sensor_decorator']) retrieved from /home/airflow/.local/lib/python3.7/site-packages/airflow/example_dags/example_sensor_decorator.py
[2023-06-03T20:45:29.318+0000] {logging_mixin.py:149} INFO - [2023-06-03T20:45:29.318+0000] {dag.py:2726} INFO - Sync 1 DAGs
[2023-06-03T20:45:29.360+0000] {logging_mixin.py:149} INFO - [2023-06-03T20:45:29.360+0000] {dag.py:3490} INFO - Setting next_dagrun for example_sensor_decorator to None, run_after=None
[2023-06-03T20:45:29.377+0000] {processor.py:179} INFO - Processing /home/airflow/.local/lib/python3.7/site-packages/airflow/example_dags/example_sensor_decorator.py took 0.085 seconds
[2023-06-03T20:45:59.520+0000] {processor.py:157} INFO - Started process (PID=10438) to work on /home/airflow/.local/lib/python3.7/site-packages/airflow/example_dags/example_sensor_decorator.py
[2023-06-03T20:45:59.521+0000] {processor.py:826} INFO - Processing file /home/airflow/.local/lib/python3.7/site-packages/airflow/example_dags/example_sensor_decorator.py for tasks to queue
[2023-06-03T20:45:59.522+0000] {logging_mixin.py:149} INFO - [2023-06-03T20:45:59.522+0000] {dagbag.py:541} INFO - Filling up the DagBag from /home/airflow/.local/lib/python3.7/site-packages/airflow/example_dags/example_sensor_decorator.py
[2023-06-03T20:45:59.527+0000] {processor.py:836} INFO - DAG(s) dict_keys(['example_sensor_decorator']) retrieved from /home/airflow/.local/lib/python3.7/site-packages/airflow/example_dags/example_sensor_decorator.py
[2023-06-03T20:45:59.544+0000] {logging_mixin.py:149} INFO - [2023-06-03T20:45:59.544+0000] {dag.py:2726} INFO - Sync 1 DAGs
[2023-06-03T20:45:59.562+0000] {logging_mixin.py:149} INFO - [2023-06-03T20:45:59.561+0000] {dag.py:3490} INFO - Setting next_dagrun for example_sensor_decorator to None, run_after=None
[2023-06-03T20:45:59.579+0000] {processor.py:179} INFO - Processing /home/airflow/.local/lib/python3.7/site-packages/airflow/example_dags/example_sensor_decorator.py took 0.061 seconds
[2023-06-03T20:46:29.767+0000] {processor.py:157} INFO - Started process (PID=10688) to work on /home/airflow/.local/lib/python3.7/site-packages/airflow/example_dags/example_sensor_decorator.py
[2023-06-03T20:46:29.768+0000] {processor.py:826} INFO - Processing file /home/airflow/.local/lib/python3.7/site-packages/airflow/example_dags/example_sensor_decorator.py for tasks to queue
[2023-06-03T20:46:29.769+0000] {logging_mixin.py:149} INFO - [2023-06-03T20:46:29.769+0000] {dagbag.py:541} INFO - Filling up the DagBag from /home/airflow/.local/lib/python3.7/site-packages/airflow/example_dags/example_sensor_decorator.py
[2023-06-03T20:46:29.774+0000] {processor.py:836} INFO - DAG(s) dict_keys(['example_sensor_decorator']) retrieved from /home/airflow/.local/lib/python3.7/site-packages/airflow/example_dags/example_sensor_decorator.py
[2023-06-03T20:46:29.792+0000] {logging_mixin.py:149} INFO - [2023-06-03T20:46:29.791+0000] {dag.py:2726} INFO - Sync 1 DAGs
[2023-06-03T20:46:29.809+0000] {logging_mixin.py:149} INFO - [2023-06-03T20:46:29.809+0000] {dag.py:3490} INFO - Setting next_dagrun for example_sensor_decorator to None, run_after=None
[2023-06-03T20:46:29.826+0000] {processor.py:179} INFO - Processing /home/airflow/.local/lib/python3.7/site-packages/airflow/example_dags/example_sensor_decorator.py took 0.061 seconds
[2023-06-03T20:47:00.186+0000] {processor.py:157} INFO - Started process (PID=10940) to work on /home/airflow/.local/lib/python3.7/site-packages/airflow/example_dags/example_sensor_decorator.py
[2023-06-03T20:47:00.187+0000] {processor.py:826} INFO - Processing file /home/airflow/.local/lib/python3.7/site-packages/airflow/example_dags/example_sensor_decorator.py for tasks to queue
[2023-06-03T20:47:00.189+0000] {logging_mixin.py:149} INFO - [2023-06-03T20:47:00.188+0000] {dagbag.py:541} INFO - Filling up the DagBag from /home/airflow/.local/lib/python3.7/site-packages/airflow/example_dags/example_sensor_decorator.py
[2023-06-03T20:47:00.196+0000] {processor.py:836} INFO - DAG(s) dict_keys(['example_sensor_decorator']) retrieved from /home/airflow/.local/lib/python3.7/site-packages/airflow/example_dags/example_sensor_decorator.py
[2023-06-03T20:47:00.214+0000] {logging_mixin.py:149} INFO - [2023-06-03T20:47:00.214+0000] {dag.py:2726} INFO - Sync 1 DAGs
[2023-06-03T20:47:00.232+0000] {logging_mixin.py:149} INFO - [2023-06-03T20:47:00.232+0000] {dag.py:3490} INFO - Setting next_dagrun for example_sensor_decorator to None, run_after=None
[2023-06-03T20:47:00.249+0000] {processor.py:179} INFO - Processing /home/airflow/.local/lib/python3.7/site-packages/airflow/example_dags/example_sensor_decorator.py took 0.065 seconds
[2023-06-03T20:47:30.415+0000] {processor.py:157} INFO - Started process (PID=11192) to work on /home/airflow/.local/lib/python3.7/site-packages/airflow/example_dags/example_sensor_decorator.py
[2023-06-03T20:47:30.416+0000] {processor.py:826} INFO - Processing file /home/airflow/.local/lib/python3.7/site-packages/airflow/example_dags/example_sensor_decorator.py for tasks to queue
[2023-06-03T20:47:30.417+0000] {logging_mixin.py:149} INFO - [2023-06-03T20:47:30.417+0000] {dagbag.py:541} INFO - Filling up the DagBag from /home/airflow/.local/lib/python3.7/site-packages/airflow/example_dags/example_sensor_decorator.py
[2023-06-03T20:47:30.421+0000] {processor.py:836} INFO - DAG(s) dict_keys(['example_sensor_decorator']) retrieved from /home/airflow/.local/lib/python3.7/site-packages/airflow/example_dags/example_sensor_decorator.py
[2023-06-03T20:47:30.438+0000] {logging_mixin.py:149} INFO - [2023-06-03T20:47:30.438+0000] {dag.py:2726} INFO - Sync 1 DAGs
[2023-06-03T20:47:30.455+0000] {logging_mixin.py:149} INFO - [2023-06-03T20:47:30.455+0000] {dag.py:3490} INFO - Setting next_dagrun for example_sensor_decorator to None, run_after=None
[2023-06-03T20:47:30.473+0000] {processor.py:179} INFO - Processing /home/airflow/.local/lib/python3.7/site-packages/airflow/example_dags/example_sensor_decorator.py took 0.060 seconds
[2023-06-03T20:48:00.510+0000] {processor.py:157} INFO - Started process (PID=11444) to work on /home/airflow/.local/lib/python3.7/site-packages/airflow/example_dags/example_sensor_decorator.py
[2023-06-03T20:48:00.512+0000] {processor.py:826} INFO - Processing file /home/airflow/.local/lib/python3.7/site-packages/airflow/example_dags/example_sensor_decorator.py for tasks to queue
[2023-06-03T20:48:00.513+0000] {logging_mixin.py:149} INFO - [2023-06-03T20:48:00.513+0000] {dagbag.py:541} INFO - Filling up the DagBag from /home/airflow/.local/lib/python3.7/site-packages/airflow/example_dags/example_sensor_decorator.py
[2023-06-03T20:48:00.517+0000] {processor.py:836} INFO - DAG(s) dict_keys(['example_sensor_decorator']) retrieved from /home/airflow/.local/lib/python3.7/site-packages/airflow/example_dags/example_sensor_decorator.py
[2023-06-03T20:48:00.534+0000] {logging_mixin.py:149} INFO - [2023-06-03T20:48:00.534+0000] {dag.py:2726} INFO - Sync 1 DAGs
[2023-06-03T20:48:00.551+0000] {logging_mixin.py:149} INFO - [2023-06-03T20:48:00.551+0000] {dag.py:3490} INFO - Setting next_dagrun for example_sensor_decorator to None, run_after=None
[2023-06-03T20:48:00.565+0000] {processor.py:179} INFO - Processing /home/airflow/.local/lib/python3.7/site-packages/airflow/example_dags/example_sensor_decorator.py took 0.057 seconds
[2023-06-03T20:48:30.890+0000] {processor.py:157} INFO - Started process (PID=11696) to work on /home/airflow/.local/lib/python3.7/site-packages/airflow/example_dags/example_sensor_decorator.py
[2023-06-03T20:48:30.892+0000] {processor.py:826} INFO - Processing file /home/airflow/.local/lib/python3.7/site-packages/airflow/example_dags/example_sensor_decorator.py for tasks to queue
[2023-06-03T20:48:30.893+0000] {logging_mixin.py:149} INFO - [2023-06-03T20:48:30.893+0000] {dagbag.py:541} INFO - Filling up the DagBag from /home/airflow/.local/lib/python3.7/site-packages/airflow/example_dags/example_sensor_decorator.py
[2023-06-03T20:48:30.898+0000] {processor.py:836} INFO - DAG(s) dict_keys(['example_sensor_decorator']) retrieved from /home/airflow/.local/lib/python3.7/site-packages/airflow/example_dags/example_sensor_decorator.py
[2023-06-03T20:48:30.915+0000] {logging_mixin.py:149} INFO - [2023-06-03T20:48:30.915+0000] {dag.py:2726} INFO - Sync 1 DAGs
[2023-06-03T20:48:30.934+0000] {logging_mixin.py:149} INFO - [2023-06-03T20:48:30.934+0000] {dag.py:3490} INFO - Setting next_dagrun for example_sensor_decorator to None, run_after=None
[2023-06-03T20:48:30.949+0000] {processor.py:179} INFO - Processing /home/airflow/.local/lib/python3.7/site-packages/airflow/example_dags/example_sensor_decorator.py took 0.060 seconds
[2023-06-03T20:49:01.294+0000] {processor.py:157} INFO - Started process (PID=11948) to work on /home/airflow/.local/lib/python3.7/site-packages/airflow/example_dags/example_sensor_decorator.py
[2023-06-03T20:49:01.295+0000] {processor.py:826} INFO - Processing file /home/airflow/.local/lib/python3.7/site-packages/airflow/example_dags/example_sensor_decorator.py for tasks to queue
[2023-06-03T20:49:01.296+0000] {logging_mixin.py:149} INFO - [2023-06-03T20:49:01.296+0000] {dagbag.py:541} INFO - Filling up the DagBag from /home/airflow/.local/lib/python3.7/site-packages/airflow/example_dags/example_sensor_decorator.py
[2023-06-03T20:49:01.301+0000] {processor.py:836} INFO - DAG(s) dict_keys(['example_sensor_decorator']) retrieved from /home/airflow/.local/lib/python3.7/site-packages/airflow/example_dags/example_sensor_decorator.py
[2023-06-03T20:49:01.348+0000] {logging_mixin.py:149} INFO - [2023-06-03T20:49:01.347+0000] {dag.py:2726} INFO - Sync 1 DAGs
[2023-06-03T20:49:01.366+0000] {logging_mixin.py:149} INFO - [2023-06-03T20:49:01.365+0000] {dag.py:3490} INFO - Setting next_dagrun for example_sensor_decorator to None, run_after=None
[2023-06-03T20:49:01.383+0000] {processor.py:179} INFO - Processing /home/airflow/.local/lib/python3.7/site-packages/airflow/example_dags/example_sensor_decorator.py took 0.092 seconds
[2023-06-03T20:49:31.700+0000] {processor.py:157} INFO - Started process (PID=12200) to work on /home/airflow/.local/lib/python3.7/site-packages/airflow/example_dags/example_sensor_decorator.py
[2023-06-03T20:49:31.701+0000] {processor.py:826} INFO - Processing file /home/airflow/.local/lib/python3.7/site-packages/airflow/example_dags/example_sensor_decorator.py for tasks to queue
[2023-06-03T20:49:31.702+0000] {logging_mixin.py:149} INFO - [2023-06-03T20:49:31.702+0000] {dagbag.py:541} INFO - Filling up the DagBag from /home/airflow/.local/lib/python3.7/site-packages/airflow/example_dags/example_sensor_decorator.py
[2023-06-03T20:49:31.706+0000] {processor.py:836} INFO - DAG(s) dict_keys(['example_sensor_decorator']) retrieved from /home/airflow/.local/lib/python3.7/site-packages/airflow/example_dags/example_sensor_decorator.py
[2023-06-03T20:49:31.723+0000] {logging_mixin.py:149} INFO - [2023-06-03T20:49:31.723+0000] {dag.py:2726} INFO - Sync 1 DAGs
[2023-06-03T20:49:31.740+0000] {logging_mixin.py:149} INFO - [2023-06-03T20:49:31.740+0000] {dag.py:3490} INFO - Setting next_dagrun for example_sensor_decorator to None, run_after=None
[2023-06-03T20:49:31.757+0000] {processor.py:179} INFO - Processing /home/airflow/.local/lib/python3.7/site-packages/airflow/example_dags/example_sensor_decorator.py took 0.060 seconds
[2023-06-03T20:50:02.373+0000] {processor.py:157} INFO - Started process (PID=12452) to work on /home/airflow/.local/lib/python3.7/site-packages/airflow/example_dags/example_sensor_decorator.py
[2023-06-03T20:50:02.375+0000] {processor.py:826} INFO - Processing file /home/airflow/.local/lib/python3.7/site-packages/airflow/example_dags/example_sensor_decorator.py for tasks to queue
[2023-06-03T20:50:02.376+0000] {logging_mixin.py:149} INFO - [2023-06-03T20:50:02.376+0000] {dagbag.py:541} INFO - Filling up the DagBag from /home/airflow/.local/lib/python3.7/site-packages/airflow/example_dags/example_sensor_decorator.py
[2023-06-03T20:50:02.380+0000] {processor.py:836} INFO - DAG(s) dict_keys(['example_sensor_decorator']) retrieved from /home/airflow/.local/lib/python3.7/site-packages/airflow/example_dags/example_sensor_decorator.py
[2023-06-03T20:50:02.397+0000] {logging_mixin.py:149} INFO - [2023-06-03T20:50:02.397+0000] {dag.py:2726} INFO - Sync 1 DAGs
[2023-06-03T20:50:02.450+0000] {logging_mixin.py:149} INFO - [2023-06-03T20:50:02.450+0000] {dag.py:3490} INFO - Setting next_dagrun for example_sensor_decorator to None, run_after=None
[2023-06-03T20:50:02.466+0000] {processor.py:179} INFO - Processing /home/airflow/.local/lib/python3.7/site-packages/airflow/example_dags/example_sensor_decorator.py took 0.095 seconds
[2023-06-03T20:50:32.563+0000] {processor.py:157} INFO - Started process (PID=12704) to work on /home/airflow/.local/lib/python3.7/site-packages/airflow/example_dags/example_sensor_decorator.py
[2023-06-03T20:50:32.565+0000] {processor.py:826} INFO - Processing file /home/airflow/.local/lib/python3.7/site-packages/airflow/example_dags/example_sensor_decorator.py for tasks to queue
[2023-06-03T20:50:32.567+0000] {logging_mixin.py:149} INFO - [2023-06-03T20:50:32.567+0000] {dagbag.py:541} INFO - Filling up the DagBag from /home/airflow/.local/lib/python3.7/site-packages/airflow/example_dags/example_sensor_decorator.py
[2023-06-03T20:50:32.572+0000] {processor.py:836} INFO - DAG(s) dict_keys(['example_sensor_decorator']) retrieved from /home/airflow/.local/lib/python3.7/site-packages/airflow/example_dags/example_sensor_decorator.py
[2023-06-03T20:50:32.589+0000] {logging_mixin.py:149} INFO - [2023-06-03T20:50:32.589+0000] {dag.py:2726} INFO - Sync 1 DAGs
[2023-06-03T20:50:32.607+0000] {logging_mixin.py:149} INFO - [2023-06-03T20:50:32.607+0000] {dag.py:3490} INFO - Setting next_dagrun for example_sensor_decorator to None, run_after=None
[2023-06-03T20:50:32.623+0000] {processor.py:179} INFO - Processing /home/airflow/.local/lib/python3.7/site-packages/airflow/example_dags/example_sensor_decorator.py took 0.062 seconds
[2023-06-03T20:51:03.008+0000] {processor.py:157} INFO - Started process (PID=12959) to work on /home/airflow/.local/lib/python3.7/site-packages/airflow/example_dags/example_sensor_decorator.py
[2023-06-03T20:51:03.009+0000] {processor.py:826} INFO - Processing file /home/airflow/.local/lib/python3.7/site-packages/airflow/example_dags/example_sensor_decorator.py for tasks to queue
[2023-06-03T20:51:03.010+0000] {logging_mixin.py:149} INFO - [2023-06-03T20:51:03.010+0000] {dagbag.py:541} INFO - Filling up the DagBag from /home/airflow/.local/lib/python3.7/site-packages/airflow/example_dags/example_sensor_decorator.py
[2023-06-03T20:51:03.014+0000] {processor.py:836} INFO - DAG(s) dict_keys(['example_sensor_decorator']) retrieved from /home/airflow/.local/lib/python3.7/site-packages/airflow/example_dags/example_sensor_decorator.py
[2023-06-03T20:51:03.032+0000] {logging_mixin.py:149} INFO - [2023-06-03T20:51:03.032+0000] {dag.py:2726} INFO - Sync 1 DAGs
[2023-06-03T20:51:03.049+0000] {logging_mixin.py:149} INFO - [2023-06-03T20:51:03.049+0000] {dag.py:3490} INFO - Setting next_dagrun for example_sensor_decorator to None, run_after=None
[2023-06-03T20:51:03.064+0000] {processor.py:179} INFO - Processing /home/airflow/.local/lib/python3.7/site-packages/airflow/example_dags/example_sensor_decorator.py took 0.059 seconds
[2023-06-03T20:51:33.815+0000] {processor.py:157} INFO - Started process (PID=13184) to work on /home/airflow/.local/lib/python3.7/site-packages/airflow/example_dags/example_sensor_decorator.py
[2023-06-03T20:51:33.816+0000] {processor.py:826} INFO - Processing file /home/airflow/.local/lib/python3.7/site-packages/airflow/example_dags/example_sensor_decorator.py for tasks to queue
[2023-06-03T20:51:33.817+0000] {logging_mixin.py:149} INFO - [2023-06-03T20:51:33.817+0000] {dagbag.py:541} INFO - Filling up the DagBag from /home/airflow/.local/lib/python3.7/site-packages/airflow/example_dags/example_sensor_decorator.py
[2023-06-03T20:51:33.822+0000] {processor.py:836} INFO - DAG(s) dict_keys(['example_sensor_decorator']) retrieved from /home/airflow/.local/lib/python3.7/site-packages/airflow/example_dags/example_sensor_decorator.py
[2023-06-03T20:51:33.840+0000] {logging_mixin.py:149} INFO - [2023-06-03T20:51:33.840+0000] {dag.py:2726} INFO - Sync 1 DAGs
[2023-06-03T20:51:33.857+0000] {logging_mixin.py:149} INFO - [2023-06-03T20:51:33.857+0000] {dag.py:3490} INFO - Setting next_dagrun for example_sensor_decorator to None, run_after=None
[2023-06-03T20:51:33.872+0000] {processor.py:179} INFO - Processing /home/airflow/.local/lib/python3.7/site-packages/airflow/example_dags/example_sensor_decorator.py took 0.059 seconds
[2023-06-03T20:52:03.950+0000] {processor.py:157} INFO - Started process (PID=13436) to work on /home/airflow/.local/lib/python3.7/site-packages/airflow/example_dags/example_sensor_decorator.py
[2023-06-03T20:52:03.951+0000] {processor.py:826} INFO - Processing file /home/airflow/.local/lib/python3.7/site-packages/airflow/example_dags/example_sensor_decorator.py for tasks to queue
[2023-06-03T20:52:03.952+0000] {logging_mixin.py:149} INFO - [2023-06-03T20:52:03.952+0000] {dagbag.py:541} INFO - Filling up the DagBag from /home/airflow/.local/lib/python3.7/site-packages/airflow/example_dags/example_sensor_decorator.py
[2023-06-03T20:52:03.956+0000] {processor.py:836} INFO - DAG(s) dict_keys(['example_sensor_decorator']) retrieved from /home/airflow/.local/lib/python3.7/site-packages/airflow/example_dags/example_sensor_decorator.py
[2023-06-03T20:52:03.973+0000] {logging_mixin.py:149} INFO - [2023-06-03T20:52:03.973+0000] {dag.py:2726} INFO - Sync 1 DAGs
[2023-06-03T20:52:03.990+0000] {logging_mixin.py:149} INFO - [2023-06-03T20:52:03.990+0000] {dag.py:3490} INFO - Setting next_dagrun for example_sensor_decorator to None, run_after=None
[2023-06-03T20:52:04.007+0000] {processor.py:179} INFO - Processing /home/airflow/.local/lib/python3.7/site-packages/airflow/example_dags/example_sensor_decorator.py took 0.060 seconds
[2023-06-03T20:52:34.637+0000] {processor.py:157} INFO - Started process (PID=13688) to work on /home/airflow/.local/lib/python3.7/site-packages/airflow/example_dags/example_sensor_decorator.py
[2023-06-03T20:52:34.639+0000] {processor.py:826} INFO - Processing file /home/airflow/.local/lib/python3.7/site-packages/airflow/example_dags/example_sensor_decorator.py for tasks to queue
[2023-06-03T20:52:34.641+0000] {logging_mixin.py:149} INFO - [2023-06-03T20:52:34.640+0000] {dagbag.py:541} INFO - Filling up the DagBag from /home/airflow/.local/lib/python3.7/site-packages/airflow/example_dags/example_sensor_decorator.py
[2023-06-03T20:52:34.646+0000] {processor.py:836} INFO - DAG(s) dict_keys(['example_sensor_decorator']) retrieved from /home/airflow/.local/lib/python3.7/site-packages/airflow/example_dags/example_sensor_decorator.py
[2023-06-03T20:52:34.664+0000] {logging_mixin.py:149} INFO - [2023-06-03T20:52:34.664+0000] {dag.py:2726} INFO - Sync 1 DAGs
[2023-06-03T20:52:34.682+0000] {logging_mixin.py:149} INFO - [2023-06-03T20:52:34.682+0000] {dag.py:3490} INFO - Setting next_dagrun for example_sensor_decorator to None, run_after=None
[2023-06-03T20:52:34.698+0000] {processor.py:179} INFO - Processing /home/airflow/.local/lib/python3.7/site-packages/airflow/example_dags/example_sensor_decorator.py took 0.063 seconds
[2023-06-03T20:53:04.848+0000] {processor.py:157} INFO - Started process (PID=13940) to work on /home/airflow/.local/lib/python3.7/site-packages/airflow/example_dags/example_sensor_decorator.py
[2023-06-03T20:53:04.849+0000] {processor.py:826} INFO - Processing file /home/airflow/.local/lib/python3.7/site-packages/airflow/example_dags/example_sensor_decorator.py for tasks to queue
[2023-06-03T20:53:04.850+0000] {logging_mixin.py:149} INFO - [2023-06-03T20:53:04.850+0000] {dagbag.py:541} INFO - Filling up the DagBag from /home/airflow/.local/lib/python3.7/site-packages/airflow/example_dags/example_sensor_decorator.py
[2023-06-03T20:53:04.855+0000] {processor.py:836} INFO - DAG(s) dict_keys(['example_sensor_decorator']) retrieved from /home/airflow/.local/lib/python3.7/site-packages/airflow/example_dags/example_sensor_decorator.py
[2023-06-03T20:53:04.873+0000] {logging_mixin.py:149} INFO - [2023-06-03T20:53:04.873+0000] {dag.py:2726} INFO - Sync 1 DAGs
[2023-06-03T20:53:04.891+0000] {logging_mixin.py:149} INFO - [2023-06-03T20:53:04.891+0000] {dag.py:3490} INFO - Setting next_dagrun for example_sensor_decorator to None, run_after=None
[2023-06-03T20:53:04.908+0000] {processor.py:179} INFO - Processing /home/airflow/.local/lib/python3.7/site-packages/airflow/example_dags/example_sensor_decorator.py took 0.062 seconds
[2023-06-03T20:53:35.100+0000] {processor.py:157} INFO - Started process (PID=14194) to work on /home/airflow/.local/lib/python3.7/site-packages/airflow/example_dags/example_sensor_decorator.py
[2023-06-03T20:53:35.101+0000] {processor.py:826} INFO - Processing file /home/airflow/.local/lib/python3.7/site-packages/airflow/example_dags/example_sensor_decorator.py for tasks to queue
[2023-06-03T20:53:35.103+0000] {logging_mixin.py:149} INFO - [2023-06-03T20:53:35.103+0000] {dagbag.py:541} INFO - Filling up the DagBag from /home/airflow/.local/lib/python3.7/site-packages/airflow/example_dags/example_sensor_decorator.py
[2023-06-03T20:53:35.108+0000] {processor.py:836} INFO - DAG(s) dict_keys(['example_sensor_decorator']) retrieved from /home/airflow/.local/lib/python3.7/site-packages/airflow/example_dags/example_sensor_decorator.py
[2023-06-03T20:53:35.125+0000] {logging_mixin.py:149} INFO - [2023-06-03T20:53:35.124+0000] {dag.py:2726} INFO - Sync 1 DAGs
[2023-06-03T20:53:35.143+0000] {logging_mixin.py:149} INFO - [2023-06-03T20:53:35.143+0000] {dag.py:3490} INFO - Setting next_dagrun for example_sensor_decorator to None, run_after=None
[2023-06-03T20:53:35.160+0000] {processor.py:179} INFO - Processing /home/airflow/.local/lib/python3.7/site-packages/airflow/example_dags/example_sensor_decorator.py took 0.065 seconds
[2023-06-03T20:54:05.392+0000] {processor.py:157} INFO - Started process (PID=14444) to work on /home/airflow/.local/lib/python3.7/site-packages/airflow/example_dags/example_sensor_decorator.py
[2023-06-03T20:54:05.394+0000] {processor.py:826} INFO - Processing file /home/airflow/.local/lib/python3.7/site-packages/airflow/example_dags/example_sensor_decorator.py for tasks to queue
[2023-06-03T20:54:05.396+0000] {logging_mixin.py:149} INFO - [2023-06-03T20:54:05.396+0000] {dagbag.py:541} INFO - Filling up the DagBag from /home/airflow/.local/lib/python3.7/site-packages/airflow/example_dags/example_sensor_decorator.py
[2023-06-03T20:54:05.401+0000] {processor.py:836} INFO - DAG(s) dict_keys(['example_sensor_decorator']) retrieved from /home/airflow/.local/lib/python3.7/site-packages/airflow/example_dags/example_sensor_decorator.py
[2023-06-03T20:54:05.418+0000] {logging_mixin.py:149} INFO - [2023-06-03T20:54:05.418+0000] {dag.py:2726} INFO - Sync 1 DAGs
[2023-06-03T20:54:05.435+0000] {logging_mixin.py:149} INFO - [2023-06-03T20:54:05.434+0000] {dag.py:3490} INFO - Setting next_dagrun for example_sensor_decorator to None, run_after=None
[2023-06-03T20:54:05.454+0000] {processor.py:179} INFO - Processing /home/airflow/.local/lib/python3.7/site-packages/airflow/example_dags/example_sensor_decorator.py took 0.063 seconds
[2023-06-03T20:54:35.606+0000] {processor.py:157} INFO - Started process (PID=14696) to work on /home/airflow/.local/lib/python3.7/site-packages/airflow/example_dags/example_sensor_decorator.py
[2023-06-03T20:54:35.607+0000] {processor.py:826} INFO - Processing file /home/airflow/.local/lib/python3.7/site-packages/airflow/example_dags/example_sensor_decorator.py for tasks to queue
[2023-06-03T20:54:35.608+0000] {logging_mixin.py:149} INFO - [2023-06-03T20:54:35.608+0000] {dagbag.py:541} INFO - Filling up the DagBag from /home/airflow/.local/lib/python3.7/site-packages/airflow/example_dags/example_sensor_decorator.py
[2023-06-03T20:54:35.612+0000] {processor.py:836} INFO - DAG(s) dict_keys(['example_sensor_decorator']) retrieved from /home/airflow/.local/lib/python3.7/site-packages/airflow/example_dags/example_sensor_decorator.py
[2023-06-03T20:54:35.629+0000] {logging_mixin.py:149} INFO - [2023-06-03T20:54:35.629+0000] {dag.py:2726} INFO - Sync 1 DAGs
[2023-06-03T20:54:35.648+0000] {logging_mixin.py:149} INFO - [2023-06-03T20:54:35.647+0000] {dag.py:3490} INFO - Setting next_dagrun for example_sensor_decorator to None, run_after=None
[2023-06-03T20:54:35.663+0000] {processor.py:179} INFO - Processing /home/airflow/.local/lib/python3.7/site-packages/airflow/example_dags/example_sensor_decorator.py took 0.060 seconds
[2023-06-03T20:55:05.944+0000] {processor.py:157} INFO - Started process (PID=14950) to work on /home/airflow/.local/lib/python3.7/site-packages/airflow/example_dags/example_sensor_decorator.py
[2023-06-03T20:55:05.945+0000] {processor.py:826} INFO - Processing file /home/airflow/.local/lib/python3.7/site-packages/airflow/example_dags/example_sensor_decorator.py for tasks to queue
[2023-06-03T20:55:05.946+0000] {logging_mixin.py:149} INFO - [2023-06-03T20:55:05.946+0000] {dagbag.py:541} INFO - Filling up the DagBag from /home/airflow/.local/lib/python3.7/site-packages/airflow/example_dags/example_sensor_decorator.py
[2023-06-03T20:55:05.951+0000] {processor.py:836} INFO - DAG(s) dict_keys(['example_sensor_decorator']) retrieved from /home/airflow/.local/lib/python3.7/site-packages/airflow/example_dags/example_sensor_decorator.py
[2023-06-03T20:55:05.969+0000] {logging_mixin.py:149} INFO - [2023-06-03T20:55:05.968+0000] {dag.py:2726} INFO - Sync 1 DAGs
[2023-06-03T20:55:05.987+0000] {logging_mixin.py:149} INFO - [2023-06-03T20:55:05.987+0000] {dag.py:3490} INFO - Setting next_dagrun for example_sensor_decorator to None, run_after=None
[2023-06-03T20:55:06.005+0000] {processor.py:179} INFO - Processing /home/airflow/.local/lib/python3.7/site-packages/airflow/example_dags/example_sensor_decorator.py took 0.064 seconds
[2023-06-03T20:55:36.072+0000] {processor.py:157} INFO - Started process (PID=15200) to work on /home/airflow/.local/lib/python3.7/site-packages/airflow/example_dags/example_sensor_decorator.py
[2023-06-03T20:55:36.074+0000] {processor.py:826} INFO - Processing file /home/airflow/.local/lib/python3.7/site-packages/airflow/example_dags/example_sensor_decorator.py for tasks to queue
[2023-06-03T20:55:36.075+0000] {logging_mixin.py:149} INFO - [2023-06-03T20:55:36.075+0000] {dagbag.py:541} INFO - Filling up the DagBag from /home/airflow/.local/lib/python3.7/site-packages/airflow/example_dags/example_sensor_decorator.py
[2023-06-03T20:55:36.080+0000] {processor.py:836} INFO - DAG(s) dict_keys(['example_sensor_decorator']) retrieved from /home/airflow/.local/lib/python3.7/site-packages/airflow/example_dags/example_sensor_decorator.py
[2023-06-03T20:55:36.100+0000] {logging_mixin.py:149} INFO - [2023-06-03T20:55:36.100+0000] {dag.py:2726} INFO - Sync 1 DAGs
[2023-06-03T20:55:36.120+0000] {logging_mixin.py:149} INFO - [2023-06-03T20:55:36.120+0000] {dag.py:3490} INFO - Setting next_dagrun for example_sensor_decorator to None, run_after=None
[2023-06-03T20:55:36.137+0000] {processor.py:179} INFO - Processing /home/airflow/.local/lib/python3.7/site-packages/airflow/example_dags/example_sensor_decorator.py took 0.067 seconds
[2023-06-03T20:56:07.077+0000] {processor.py:157} INFO - Started process (PID=15452) to work on /home/airflow/.local/lib/python3.7/site-packages/airflow/example_dags/example_sensor_decorator.py
[2023-06-03T20:56:07.078+0000] {processor.py:826} INFO - Processing file /home/airflow/.local/lib/python3.7/site-packages/airflow/example_dags/example_sensor_decorator.py for tasks to queue
[2023-06-03T20:56:07.080+0000] {logging_mixin.py:149} INFO - [2023-06-03T20:56:07.079+0000] {dagbag.py:541} INFO - Filling up the DagBag from /home/airflow/.local/lib/python3.7/site-packages/airflow/example_dags/example_sensor_decorator.py
[2023-06-03T20:56:07.084+0000] {processor.py:836} INFO - DAG(s) dict_keys(['example_sensor_decorator']) retrieved from /home/airflow/.local/lib/python3.7/site-packages/airflow/example_dags/example_sensor_decorator.py
[2023-06-03T20:56:07.102+0000] {logging_mixin.py:149} INFO - [2023-06-03T20:56:07.102+0000] {dag.py:2726} INFO - Sync 1 DAGs
[2023-06-03T20:56:07.120+0000] {logging_mixin.py:149} INFO - [2023-06-03T20:56:07.120+0000] {dag.py:3490} INFO - Setting next_dagrun for example_sensor_decorator to None, run_after=None
[2023-06-03T20:56:07.137+0000] {processor.py:179} INFO - Processing /home/airflow/.local/lib/python3.7/site-packages/airflow/example_dags/example_sensor_decorator.py took 0.062 seconds
[2023-06-03T20:56:37.692+0000] {processor.py:157} INFO - Started process (PID=15704) to work on /home/airflow/.local/lib/python3.7/site-packages/airflow/example_dags/example_sensor_decorator.py
[2023-06-03T20:56:37.695+0000] {processor.py:826} INFO - Processing file /home/airflow/.local/lib/python3.7/site-packages/airflow/example_dags/example_sensor_decorator.py for tasks to queue
[2023-06-03T20:56:37.696+0000] {logging_mixin.py:149} INFO - [2023-06-03T20:56:37.696+0000] {dagbag.py:541} INFO - Filling up the DagBag from /home/airflow/.local/lib/python3.7/site-packages/airflow/example_dags/example_sensor_decorator.py
[2023-06-03T20:56:37.702+0000] {processor.py:836} INFO - DAG(s) dict_keys(['example_sensor_decorator']) retrieved from /home/airflow/.local/lib/python3.7/site-packages/airflow/example_dags/example_sensor_decorator.py
[2023-06-03T20:56:37.719+0000] {logging_mixin.py:149} INFO - [2023-06-03T20:56:37.719+0000] {dag.py:2726} INFO - Sync 1 DAGs
[2023-06-03T20:56:37.735+0000] {logging_mixin.py:149} INFO - [2023-06-03T20:56:37.735+0000] {dag.py:3490} INFO - Setting next_dagrun for example_sensor_decorator to None, run_after=None
[2023-06-03T20:56:37.752+0000] {processor.py:179} INFO - Processing /home/airflow/.local/lib/python3.7/site-packages/airflow/example_dags/example_sensor_decorator.py took 0.062 seconds
[2023-06-03T20:57:08.250+0000] {processor.py:157} INFO - Started process (PID=15956) to work on /home/airflow/.local/lib/python3.7/site-packages/airflow/example_dags/example_sensor_decorator.py
[2023-06-03T20:57:08.251+0000] {processor.py:826} INFO - Processing file /home/airflow/.local/lib/python3.7/site-packages/airflow/example_dags/example_sensor_decorator.py for tasks to queue
[2023-06-03T20:57:08.252+0000] {logging_mixin.py:149} INFO - [2023-06-03T20:57:08.251+0000] {dagbag.py:541} INFO - Filling up the DagBag from /home/airflow/.local/lib/python3.7/site-packages/airflow/example_dags/example_sensor_decorator.py
[2023-06-03T20:57:08.256+0000] {processor.py:836} INFO - DAG(s) dict_keys(['example_sensor_decorator']) retrieved from /home/airflow/.local/lib/python3.7/site-packages/airflow/example_dags/example_sensor_decorator.py
[2023-06-03T20:57:08.272+0000] {logging_mixin.py:149} INFO - [2023-06-03T20:57:08.272+0000] {dag.py:2726} INFO - Sync 1 DAGs
[2023-06-03T20:57:08.289+0000] {logging_mixin.py:149} INFO - [2023-06-03T20:57:08.289+0000] {dag.py:3490} INFO - Setting next_dagrun for example_sensor_decorator to None, run_after=None
[2023-06-03T20:57:08.304+0000] {processor.py:179} INFO - Processing /home/airflow/.local/lib/python3.7/site-packages/airflow/example_dags/example_sensor_decorator.py took 0.056 seconds
[2023-06-03T20:57:38.531+0000] {processor.py:157} INFO - Started process (PID=16208) to work on /home/airflow/.local/lib/python3.7/site-packages/airflow/example_dags/example_sensor_decorator.py
[2023-06-03T20:57:38.533+0000] {processor.py:826} INFO - Processing file /home/airflow/.local/lib/python3.7/site-packages/airflow/example_dags/example_sensor_decorator.py for tasks to queue
[2023-06-03T20:57:38.535+0000] {logging_mixin.py:149} INFO - [2023-06-03T20:57:38.535+0000] {dagbag.py:541} INFO - Filling up the DagBag from /home/airflow/.local/lib/python3.7/site-packages/airflow/example_dags/example_sensor_decorator.py
[2023-06-03T20:57:38.540+0000] {processor.py:836} INFO - DAG(s) dict_keys(['example_sensor_decorator']) retrieved from /home/airflow/.local/lib/python3.7/site-packages/airflow/example_dags/example_sensor_decorator.py
[2023-06-03T20:57:38.557+0000] {logging_mixin.py:149} INFO - [2023-06-03T20:57:38.557+0000] {dag.py:2726} INFO - Sync 1 DAGs
[2023-06-03T20:57:38.576+0000] {logging_mixin.py:149} INFO - [2023-06-03T20:57:38.576+0000] {dag.py:3490} INFO - Setting next_dagrun for example_sensor_decorator to None, run_after=None
[2023-06-03T20:57:38.642+0000] {processor.py:179} INFO - Processing /home/airflow/.local/lib/python3.7/site-packages/airflow/example_dags/example_sensor_decorator.py took 0.113 seconds
[2023-06-03T20:58:08.928+0000] {processor.py:157} INFO - Started process (PID=16460) to work on /home/airflow/.local/lib/python3.7/site-packages/airflow/example_dags/example_sensor_decorator.py
[2023-06-03T20:58:08.930+0000] {processor.py:826} INFO - Processing file /home/airflow/.local/lib/python3.7/site-packages/airflow/example_dags/example_sensor_decorator.py for tasks to queue
[2023-06-03T20:58:08.931+0000] {logging_mixin.py:149} INFO - [2023-06-03T20:58:08.930+0000] {dagbag.py:541} INFO - Filling up the DagBag from /home/airflow/.local/lib/python3.7/site-packages/airflow/example_dags/example_sensor_decorator.py
[2023-06-03T20:58:08.936+0000] {processor.py:836} INFO - DAG(s) dict_keys(['example_sensor_decorator']) retrieved from /home/airflow/.local/lib/python3.7/site-packages/airflow/example_dags/example_sensor_decorator.py
[2023-06-03T20:58:08.954+0000] {logging_mixin.py:149} INFO - [2023-06-03T20:58:08.954+0000] {dag.py:2726} INFO - Sync 1 DAGs
[2023-06-03T20:58:08.973+0000] {logging_mixin.py:149} INFO - [2023-06-03T20:58:08.973+0000] {dag.py:3490} INFO - Setting next_dagrun for example_sensor_decorator to None, run_after=None
[2023-06-03T20:58:08.991+0000] {processor.py:179} INFO - Processing /home/airflow/.local/lib/python3.7/site-packages/airflow/example_dags/example_sensor_decorator.py took 0.065 seconds
[2023-06-03T20:58:39.341+0000] {processor.py:157} INFO - Started process (PID=16712) to work on /home/airflow/.local/lib/python3.7/site-packages/airflow/example_dags/example_sensor_decorator.py
[2023-06-03T20:58:39.342+0000] {processor.py:826} INFO - Processing file /home/airflow/.local/lib/python3.7/site-packages/airflow/example_dags/example_sensor_decorator.py for tasks to queue
[2023-06-03T20:58:39.343+0000] {logging_mixin.py:149} INFO - [2023-06-03T20:58:39.343+0000] {dagbag.py:541} INFO - Filling up the DagBag from /home/airflow/.local/lib/python3.7/site-packages/airflow/example_dags/example_sensor_decorator.py
[2023-06-03T20:58:39.348+0000] {processor.py:836} INFO - DAG(s) dict_keys(['example_sensor_decorator']) retrieved from /home/airflow/.local/lib/python3.7/site-packages/airflow/example_dags/example_sensor_decorator.py
[2023-06-03T20:58:39.374+0000] {logging_mixin.py:149} INFO - [2023-06-03T20:58:39.374+0000] {dag.py:2726} INFO - Sync 1 DAGs
[2023-06-03T20:58:39.396+0000] {logging_mixin.py:149} INFO - [2023-06-03T20:58:39.396+0000] {dag.py:3490} INFO - Setting next_dagrun for example_sensor_decorator to None, run_after=None
[2023-06-03T20:58:39.414+0000] {processor.py:179} INFO - Processing /home/airflow/.local/lib/python3.7/site-packages/airflow/example_dags/example_sensor_decorator.py took 0.075 seconds
[2023-06-03T20:59:09.736+0000] {processor.py:157} INFO - Started process (PID=16964) to work on /home/airflow/.local/lib/python3.7/site-packages/airflow/example_dags/example_sensor_decorator.py
[2023-06-03T20:59:09.737+0000] {processor.py:826} INFO - Processing file /home/airflow/.local/lib/python3.7/site-packages/airflow/example_dags/example_sensor_decorator.py for tasks to queue
[2023-06-03T20:59:09.738+0000] {logging_mixin.py:149} INFO - [2023-06-03T20:59:09.738+0000] {dagbag.py:541} INFO - Filling up the DagBag from /home/airflow/.local/lib/python3.7/site-packages/airflow/example_dags/example_sensor_decorator.py
[2023-06-03T20:59:09.743+0000] {processor.py:836} INFO - DAG(s) dict_keys(['example_sensor_decorator']) retrieved from /home/airflow/.local/lib/python3.7/site-packages/airflow/example_dags/example_sensor_decorator.py
[2023-06-03T20:59:09.761+0000] {logging_mixin.py:149} INFO - [2023-06-03T20:59:09.761+0000] {dag.py:2726} INFO - Sync 1 DAGs
[2023-06-03T20:59:09.779+0000] {logging_mixin.py:149} INFO - [2023-06-03T20:59:09.779+0000] {dag.py:3490} INFO - Setting next_dagrun for example_sensor_decorator to None, run_after=None
[2023-06-03T20:59:09.796+0000] {processor.py:179} INFO - Processing /home/airflow/.local/lib/python3.7/site-packages/airflow/example_dags/example_sensor_decorator.py took 0.063 seconds
[2023-06-03T20:59:40.565+0000] {processor.py:157} INFO - Started process (PID=17216) to work on /home/airflow/.local/lib/python3.7/site-packages/airflow/example_dags/example_sensor_decorator.py
[2023-06-03T20:59:40.566+0000] {processor.py:826} INFO - Processing file /home/airflow/.local/lib/python3.7/site-packages/airflow/example_dags/example_sensor_decorator.py for tasks to queue
[2023-06-03T20:59:40.567+0000] {logging_mixin.py:149} INFO - [2023-06-03T20:59:40.567+0000] {dagbag.py:541} INFO - Filling up the DagBag from /home/airflow/.local/lib/python3.7/site-packages/airflow/example_dags/example_sensor_decorator.py
[2023-06-03T20:59:40.572+0000] {processor.py:836} INFO - DAG(s) dict_keys(['example_sensor_decorator']) retrieved from /home/airflow/.local/lib/python3.7/site-packages/airflow/example_dags/example_sensor_decorator.py
[2023-06-03T20:59:40.588+0000] {logging_mixin.py:149} INFO - [2023-06-03T20:59:40.588+0000] {dag.py:2726} INFO - Sync 1 DAGs
[2023-06-03T20:59:40.608+0000] {logging_mixin.py:149} INFO - [2023-06-03T20:59:40.608+0000] {dag.py:3490} INFO - Setting next_dagrun for example_sensor_decorator to None, run_after=None
[2023-06-03T20:59:40.624+0000] {processor.py:179} INFO - Processing /home/airflow/.local/lib/python3.7/site-packages/airflow/example_dags/example_sensor_decorator.py took 0.061 seconds
[2023-06-03T21:00:11.675+0000] {processor.py:157} INFO - Started process (PID=17468) to work on /home/airflow/.local/lib/python3.7/site-packages/airflow/example_dags/example_sensor_decorator.py
[2023-06-03T21:00:11.676+0000] {processor.py:826} INFO - Processing file /home/airflow/.local/lib/python3.7/site-packages/airflow/example_dags/example_sensor_decorator.py for tasks to queue
[2023-06-03T21:00:11.678+0000] {logging_mixin.py:149} INFO - [2023-06-03T21:00:11.677+0000] {dagbag.py:541} INFO - Filling up the DagBag from /home/airflow/.local/lib/python3.7/site-packages/airflow/example_dags/example_sensor_decorator.py
[2023-06-03T21:00:11.682+0000] {processor.py:836} INFO - DAG(s) dict_keys(['example_sensor_decorator']) retrieved from /home/airflow/.local/lib/python3.7/site-packages/airflow/example_dags/example_sensor_decorator.py
[2023-06-03T21:00:11.700+0000] {logging_mixin.py:149} INFO - [2023-06-03T21:00:11.700+0000] {dag.py:2726} INFO - Sync 1 DAGs
[2023-06-03T21:00:11.719+0000] {logging_mixin.py:149} INFO - [2023-06-03T21:00:11.719+0000] {dag.py:3490} INFO - Setting next_dagrun for example_sensor_decorator to None, run_after=None
[2023-06-03T21:00:11.735+0000] {processor.py:179} INFO - Processing /home/airflow/.local/lib/python3.7/site-packages/airflow/example_dags/example_sensor_decorator.py took 0.062 seconds
[2023-06-03T21:00:42.893+0000] {processor.py:157} INFO - Started process (PID=17720) to work on /home/airflow/.local/lib/python3.7/site-packages/airflow/example_dags/example_sensor_decorator.py
[2023-06-03T21:00:42.896+0000] {processor.py:826} INFO - Processing file /home/airflow/.local/lib/python3.7/site-packages/airflow/example_dags/example_sensor_decorator.py for tasks to queue
[2023-06-03T21:00:42.898+0000] {logging_mixin.py:149} INFO - [2023-06-03T21:00:42.898+0000] {dagbag.py:541} INFO - Filling up the DagBag from /home/airflow/.local/lib/python3.7/site-packages/airflow/example_dags/example_sensor_decorator.py
[2023-06-03T21:00:42.908+0000] {processor.py:836} INFO - DAG(s) dict_keys(['example_sensor_decorator']) retrieved from /home/airflow/.local/lib/python3.7/site-packages/airflow/example_dags/example_sensor_decorator.py
[2023-06-03T21:00:42.947+0000] {logging_mixin.py:149} INFO - [2023-06-03T21:00:42.946+0000] {dag.py:2726} INFO - Sync 1 DAGs
[2023-06-03T21:00:42.993+0000] {logging_mixin.py:149} INFO - [2023-06-03T21:00:42.992+0000] {dag.py:3490} INFO - Setting next_dagrun for example_sensor_decorator to None, run_after=None
[2023-06-03T21:00:43.034+0000] {processor.py:179} INFO - Processing /home/airflow/.local/lib/python3.7/site-packages/airflow/example_dags/example_sensor_decorator.py took 0.147 seconds
