[2023-06-03T20:25:42.632+0000] {processor.py:157} INFO - Started process (PID=247) to work on /home/airflow/.local/lib/python3.7/site-packages/airflow/example_dags/example_local_kubernetes_executor.py
[2023-06-03T20:25:42.633+0000] {processor.py:826} INFO - Processing file /home/airflow/.local/lib/python3.7/site-packages/airflow/example_dags/example_local_kubernetes_executor.py for tasks to queue
[2023-06-03T20:25:42.635+0000] {logging_mixin.py:149} INFO - [2023-06-03T20:25:42.635+0000] {dagbag.py:541} INFO - Filling up the DagBag from /home/airflow/.local/lib/python3.7/site-packages/airflow/example_dags/example_local_kubernetes_executor.py
[2023-06-03T20:25:43.214+0000] {processor.py:836} INFO - DAG(s) dict_keys(['example_local_kubernetes_executor']) retrieved from /home/airflow/.local/lib/python3.7/site-packages/airflow/example_dags/example_local_kubernetes_executor.py
[2023-06-03T20:25:43.224+0000] {logging_mixin.py:149} INFO - [2023-06-03T20:25:43.224+0000] {dag.py:2726} INFO - Sync 1 DAGs
[2023-06-03T20:25:43.242+0000] {logging_mixin.py:149} INFO - [2023-06-03T20:25:43.242+0000] {dag.py:3490} INFO - Setting next_dagrun for example_local_kubernetes_executor to None, run_after=None
[2023-06-03T20:25:43.260+0000] {processor.py:179} INFO - Processing /home/airflow/.local/lib/python3.7/site-packages/airflow/example_dags/example_local_kubernetes_executor.py took 0.631 seconds
[2023-06-03T20:26:13.798+0000] {processor.py:157} INFO - Started process (PID=499) to work on /home/airflow/.local/lib/python3.7/site-packages/airflow/example_dags/example_local_kubernetes_executor.py
[2023-06-03T20:26:13.799+0000] {processor.py:826} INFO - Processing file /home/airflow/.local/lib/python3.7/site-packages/airflow/example_dags/example_local_kubernetes_executor.py for tasks to queue
[2023-06-03T20:26:13.800+0000] {logging_mixin.py:149} INFO - [2023-06-03T20:26:13.800+0000] {dagbag.py:541} INFO - Filling up the DagBag from /home/airflow/.local/lib/python3.7/site-packages/airflow/example_dags/example_local_kubernetes_executor.py
[2023-06-03T20:26:14.008+0000] {processor.py:836} INFO - DAG(s) dict_keys(['example_local_kubernetes_executor']) retrieved from /home/airflow/.local/lib/python3.7/site-packages/airflow/example_dags/example_local_kubernetes_executor.py
[2023-06-03T20:26:14.032+0000] {logging_mixin.py:149} INFO - [2023-06-03T20:26:14.031+0000] {dag.py:2726} INFO - Sync 1 DAGs
[2023-06-03T20:26:14.047+0000] {logging_mixin.py:149} INFO - [2023-06-03T20:26:14.047+0000] {dag.py:3490} INFO - Setting next_dagrun for example_local_kubernetes_executor to None, run_after=None
[2023-06-03T20:26:14.062+0000] {processor.py:179} INFO - Processing /home/airflow/.local/lib/python3.7/site-packages/airflow/example_dags/example_local_kubernetes_executor.py took 0.267 seconds
[2023-06-03T20:26:44.358+0000] {processor.py:157} INFO - Started process (PID=753) to work on /home/airflow/.local/lib/python3.7/site-packages/airflow/example_dags/example_local_kubernetes_executor.py
[2023-06-03T20:26:44.360+0000] {processor.py:826} INFO - Processing file /home/airflow/.local/lib/python3.7/site-packages/airflow/example_dags/example_local_kubernetes_executor.py for tasks to queue
[2023-06-03T20:26:44.361+0000] {logging_mixin.py:149} INFO - [2023-06-03T20:26:44.361+0000] {dagbag.py:541} INFO - Filling up the DagBag from /home/airflow/.local/lib/python3.7/site-packages/airflow/example_dags/example_local_kubernetes_executor.py
[2023-06-03T20:26:44.494+0000] {processor.py:836} INFO - DAG(s) dict_keys(['example_local_kubernetes_executor']) retrieved from /home/airflow/.local/lib/python3.7/site-packages/airflow/example_dags/example_local_kubernetes_executor.py
[2023-06-03T20:26:44.522+0000] {logging_mixin.py:149} INFO - [2023-06-03T20:26:44.522+0000] {dag.py:2726} INFO - Sync 1 DAGs
[2023-06-03T20:26:44.542+0000] {logging_mixin.py:149} INFO - [2023-06-03T20:26:44.542+0000] {dag.py:3490} INFO - Setting next_dagrun for example_local_kubernetes_executor to None, run_after=None
[2023-06-03T20:26:44.557+0000] {processor.py:179} INFO - Processing /home/airflow/.local/lib/python3.7/site-packages/airflow/example_dags/example_local_kubernetes_executor.py took 0.201 seconds
[2023-06-03T20:27:15.163+0000] {processor.py:157} INFO - Started process (PID=1005) to work on /home/airflow/.local/lib/python3.7/site-packages/airflow/example_dags/example_local_kubernetes_executor.py
[2023-06-03T20:27:15.164+0000] {processor.py:826} INFO - Processing file /home/airflow/.local/lib/python3.7/site-packages/airflow/example_dags/example_local_kubernetes_executor.py for tasks to queue
[2023-06-03T20:27:15.165+0000] {logging_mixin.py:149} INFO - [2023-06-03T20:27:15.165+0000] {dagbag.py:541} INFO - Filling up the DagBag from /home/airflow/.local/lib/python3.7/site-packages/airflow/example_dags/example_local_kubernetes_executor.py
[2023-06-03T20:27:15.295+0000] {processor.py:836} INFO - DAG(s) dict_keys(['example_local_kubernetes_executor']) retrieved from /home/airflow/.local/lib/python3.7/site-packages/airflow/example_dags/example_local_kubernetes_executor.py
[2023-06-03T20:27:15.321+0000] {logging_mixin.py:149} INFO - [2023-06-03T20:27:15.321+0000] {dag.py:2726} INFO - Sync 1 DAGs
[2023-06-03T20:27:15.341+0000] {logging_mixin.py:149} INFO - [2023-06-03T20:27:15.340+0000] {dag.py:3490} INFO - Setting next_dagrun for example_local_kubernetes_executor to None, run_after=None
[2023-06-03T20:27:15.355+0000] {processor.py:179} INFO - Processing /home/airflow/.local/lib/python3.7/site-packages/airflow/example_dags/example_local_kubernetes_executor.py took 0.194 seconds
[2023-06-03T20:27:45.431+0000] {processor.py:157} INFO - Started process (PID=1257) to work on /home/airflow/.local/lib/python3.7/site-packages/airflow/example_dags/example_local_kubernetes_executor.py
[2023-06-03T20:27:45.432+0000] {processor.py:826} INFO - Processing file /home/airflow/.local/lib/python3.7/site-packages/airflow/example_dags/example_local_kubernetes_executor.py for tasks to queue
[2023-06-03T20:27:45.433+0000] {logging_mixin.py:149} INFO - [2023-06-03T20:27:45.433+0000] {dagbag.py:541} INFO - Filling up the DagBag from /home/airflow/.local/lib/python3.7/site-packages/airflow/example_dags/example_local_kubernetes_executor.py
[2023-06-03T20:27:45.565+0000] {processor.py:836} INFO - DAG(s) dict_keys(['example_local_kubernetes_executor']) retrieved from /home/airflow/.local/lib/python3.7/site-packages/airflow/example_dags/example_local_kubernetes_executor.py
[2023-06-03T20:27:45.595+0000] {logging_mixin.py:149} INFO - [2023-06-03T20:27:45.595+0000] {dag.py:2726} INFO - Sync 1 DAGs
[2023-06-03T20:27:45.614+0000] {logging_mixin.py:149} INFO - [2023-06-03T20:27:45.614+0000] {dag.py:3490} INFO - Setting next_dagrun for example_local_kubernetes_executor to None, run_after=None
[2023-06-03T20:27:45.629+0000] {processor.py:179} INFO - Processing /home/airflow/.local/lib/python3.7/site-packages/airflow/example_dags/example_local_kubernetes_executor.py took 0.200 seconds
[2023-06-03T20:28:15.729+0000] {processor.py:157} INFO - Started process (PID=1513) to work on /home/airflow/.local/lib/python3.7/site-packages/airflow/example_dags/example_local_kubernetes_executor.py
[2023-06-03T20:28:15.730+0000] {processor.py:826} INFO - Processing file /home/airflow/.local/lib/python3.7/site-packages/airflow/example_dags/example_local_kubernetes_executor.py for tasks to queue
[2023-06-03T20:28:15.732+0000] {logging_mixin.py:149} INFO - [2023-06-03T20:28:15.731+0000] {dagbag.py:541} INFO - Filling up the DagBag from /home/airflow/.local/lib/python3.7/site-packages/airflow/example_dags/example_local_kubernetes_executor.py
[2023-06-03T20:28:15.873+0000] {processor.py:836} INFO - DAG(s) dict_keys(['example_local_kubernetes_executor']) retrieved from /home/airflow/.local/lib/python3.7/site-packages/airflow/example_dags/example_local_kubernetes_executor.py
[2023-06-03T20:28:15.915+0000] {logging_mixin.py:149} INFO - [2023-06-03T20:28:15.914+0000] {dag.py:2726} INFO - Sync 1 DAGs
[2023-06-03T20:28:15.937+0000] {logging_mixin.py:149} INFO - [2023-06-03T20:28:15.937+0000] {dag.py:3490} INFO - Setting next_dagrun for example_local_kubernetes_executor to None, run_after=None
[2023-06-03T20:28:15.959+0000] {processor.py:179} INFO - Processing /home/airflow/.local/lib/python3.7/site-packages/airflow/example_dags/example_local_kubernetes_executor.py took 0.233 seconds
[2023-06-03T20:28:46.086+0000] {processor.py:157} INFO - Started process (PID=1775) to work on /home/airflow/.local/lib/python3.7/site-packages/airflow/example_dags/example_local_kubernetes_executor.py
[2023-06-03T20:28:46.087+0000] {processor.py:826} INFO - Processing file /home/airflow/.local/lib/python3.7/site-packages/airflow/example_dags/example_local_kubernetes_executor.py for tasks to queue
[2023-06-03T20:28:46.088+0000] {logging_mixin.py:149} INFO - [2023-06-03T20:28:46.088+0000] {dagbag.py:541} INFO - Filling up the DagBag from /home/airflow/.local/lib/python3.7/site-packages/airflow/example_dags/example_local_kubernetes_executor.py
[2023-06-03T20:28:46.228+0000] {processor.py:836} INFO - DAG(s) dict_keys(['example_local_kubernetes_executor']) retrieved from /home/airflow/.local/lib/python3.7/site-packages/airflow/example_dags/example_local_kubernetes_executor.py
[2023-06-03T20:28:46.271+0000] {logging_mixin.py:149} INFO - [2023-06-03T20:28:46.270+0000] {dag.py:2726} INFO - Sync 1 DAGs
[2023-06-03T20:28:46.292+0000] {logging_mixin.py:149} INFO - [2023-06-03T20:28:46.292+0000] {dag.py:3490} INFO - Setting next_dagrun for example_local_kubernetes_executor to None, run_after=None
[2023-06-03T20:28:46.309+0000] {processor.py:179} INFO - Processing /home/airflow/.local/lib/python3.7/site-packages/airflow/example_dags/example_local_kubernetes_executor.py took 0.226 seconds
[2023-06-03T20:29:16.470+0000] {processor.py:157} INFO - Started process (PID=2027) to work on /home/airflow/.local/lib/python3.7/site-packages/airflow/example_dags/example_local_kubernetes_executor.py
[2023-06-03T20:29:16.471+0000] {processor.py:826} INFO - Processing file /home/airflow/.local/lib/python3.7/site-packages/airflow/example_dags/example_local_kubernetes_executor.py for tasks to queue
[2023-06-03T20:29:16.472+0000] {logging_mixin.py:149} INFO - [2023-06-03T20:29:16.472+0000] {dagbag.py:541} INFO - Filling up the DagBag from /home/airflow/.local/lib/python3.7/site-packages/airflow/example_dags/example_local_kubernetes_executor.py
[2023-06-03T20:29:16.605+0000] {processor.py:836} INFO - DAG(s) dict_keys(['example_local_kubernetes_executor']) retrieved from /home/airflow/.local/lib/python3.7/site-packages/airflow/example_dags/example_local_kubernetes_executor.py
[2023-06-03T20:29:16.630+0000] {logging_mixin.py:149} INFO - [2023-06-03T20:29:16.630+0000] {dag.py:2726} INFO - Sync 1 DAGs
[2023-06-03T20:29:16.646+0000] {logging_mixin.py:149} INFO - [2023-06-03T20:29:16.646+0000] {dag.py:3490} INFO - Setting next_dagrun for example_local_kubernetes_executor to None, run_after=None
[2023-06-03T20:29:16.663+0000] {processor.py:179} INFO - Processing /home/airflow/.local/lib/python3.7/site-packages/airflow/example_dags/example_local_kubernetes_executor.py took 0.196 seconds
[2023-06-03T20:29:46.841+0000] {processor.py:157} INFO - Started process (PID=2279) to work on /home/airflow/.local/lib/python3.7/site-packages/airflow/example_dags/example_local_kubernetes_executor.py
[2023-06-03T20:29:46.842+0000] {processor.py:826} INFO - Processing file /home/airflow/.local/lib/python3.7/site-packages/airflow/example_dags/example_local_kubernetes_executor.py for tasks to queue
[2023-06-03T20:29:46.843+0000] {logging_mixin.py:149} INFO - [2023-06-03T20:29:46.843+0000] {dagbag.py:541} INFO - Filling up the DagBag from /home/airflow/.local/lib/python3.7/site-packages/airflow/example_dags/example_local_kubernetes_executor.py
[2023-06-03T20:29:46.980+0000] {processor.py:836} INFO - DAG(s) dict_keys(['example_local_kubernetes_executor']) retrieved from /home/airflow/.local/lib/python3.7/site-packages/airflow/example_dags/example_local_kubernetes_executor.py
[2023-06-03T20:29:47.031+0000] {logging_mixin.py:149} INFO - [2023-06-03T20:29:47.031+0000] {dag.py:2726} INFO - Sync 1 DAGs
[2023-06-03T20:29:47.047+0000] {logging_mixin.py:149} INFO - [2023-06-03T20:29:47.047+0000] {dag.py:3490} INFO - Setting next_dagrun for example_local_kubernetes_executor to None, run_after=None
[2023-06-03T20:29:47.063+0000] {processor.py:179} INFO - Processing /home/airflow/.local/lib/python3.7/site-packages/airflow/example_dags/example_local_kubernetes_executor.py took 0.224 seconds
[2023-06-03T20:30:17.501+0000] {processor.py:157} INFO - Started process (PID=2516) to work on /home/airflow/.local/lib/python3.7/site-packages/airflow/example_dags/example_local_kubernetes_executor.py
[2023-06-03T20:30:17.503+0000] {processor.py:826} INFO - Processing file /home/airflow/.local/lib/python3.7/site-packages/airflow/example_dags/example_local_kubernetes_executor.py for tasks to queue
[2023-06-03T20:30:17.504+0000] {logging_mixin.py:149} INFO - [2023-06-03T20:30:17.504+0000] {dagbag.py:541} INFO - Filling up the DagBag from /home/airflow/.local/lib/python3.7/site-packages/airflow/example_dags/example_local_kubernetes_executor.py
[2023-06-03T20:30:17.661+0000] {processor.py:836} INFO - DAG(s) dict_keys(['example_local_kubernetes_executor']) retrieved from /home/airflow/.local/lib/python3.7/site-packages/airflow/example_dags/example_local_kubernetes_executor.py
[2023-06-03T20:30:17.695+0000] {logging_mixin.py:149} INFO - [2023-06-03T20:30:17.694+0000] {dag.py:2726} INFO - Sync 1 DAGs
[2023-06-03T20:30:17.716+0000] {logging_mixin.py:149} INFO - [2023-06-03T20:30:17.716+0000] {dag.py:3490} INFO - Setting next_dagrun for example_local_kubernetes_executor to None, run_after=None
[2023-06-03T20:30:17.735+0000] {processor.py:179} INFO - Processing /home/airflow/.local/lib/python3.7/site-packages/airflow/example_dags/example_local_kubernetes_executor.py took 0.237 seconds
[2023-06-03T20:30:48.062+0000] {processor.py:157} INFO - Started process (PID=2768) to work on /home/airflow/.local/lib/python3.7/site-packages/airflow/example_dags/example_local_kubernetes_executor.py
[2023-06-03T20:30:48.063+0000] {processor.py:826} INFO - Processing file /home/airflow/.local/lib/python3.7/site-packages/airflow/example_dags/example_local_kubernetes_executor.py for tasks to queue
[2023-06-03T20:30:48.065+0000] {logging_mixin.py:149} INFO - [2023-06-03T20:30:48.065+0000] {dagbag.py:541} INFO - Filling up the DagBag from /home/airflow/.local/lib/python3.7/site-packages/airflow/example_dags/example_local_kubernetes_executor.py
[2023-06-03T20:30:48.198+0000] {processor.py:836} INFO - DAG(s) dict_keys(['example_local_kubernetes_executor']) retrieved from /home/airflow/.local/lib/python3.7/site-packages/airflow/example_dags/example_local_kubernetes_executor.py
[2023-06-03T20:30:48.224+0000] {logging_mixin.py:149} INFO - [2023-06-03T20:30:48.224+0000] {dag.py:2726} INFO - Sync 1 DAGs
[2023-06-03T20:30:48.241+0000] {logging_mixin.py:149} INFO - [2023-06-03T20:30:48.241+0000] {dag.py:3490} INFO - Setting next_dagrun for example_local_kubernetes_executor to None, run_after=None
[2023-06-03T20:30:48.256+0000] {processor.py:179} INFO - Processing /home/airflow/.local/lib/python3.7/site-packages/airflow/example_dags/example_local_kubernetes_executor.py took 0.197 seconds
[2023-06-03T20:31:18.451+0000] {processor.py:157} INFO - Started process (PID=3020) to work on /home/airflow/.local/lib/python3.7/site-packages/airflow/example_dags/example_local_kubernetes_executor.py
[2023-06-03T20:31:18.452+0000] {processor.py:826} INFO - Processing file /home/airflow/.local/lib/python3.7/site-packages/airflow/example_dags/example_local_kubernetes_executor.py for tasks to queue
[2023-06-03T20:31:18.453+0000] {logging_mixin.py:149} INFO - [2023-06-03T20:31:18.453+0000] {dagbag.py:541} INFO - Filling up the DagBag from /home/airflow/.local/lib/python3.7/site-packages/airflow/example_dags/example_local_kubernetes_executor.py
[2023-06-03T20:31:18.579+0000] {processor.py:836} INFO - DAG(s) dict_keys(['example_local_kubernetes_executor']) retrieved from /home/airflow/.local/lib/python3.7/site-packages/airflow/example_dags/example_local_kubernetes_executor.py
[2023-06-03T20:31:18.608+0000] {logging_mixin.py:149} INFO - [2023-06-03T20:31:18.608+0000] {dag.py:2726} INFO - Sync 1 DAGs
[2023-06-03T20:31:18.624+0000] {logging_mixin.py:149} INFO - [2023-06-03T20:31:18.623+0000] {dag.py:3490} INFO - Setting next_dagrun for example_local_kubernetes_executor to None, run_after=None
[2023-06-03T20:31:18.642+0000] {processor.py:179} INFO - Processing /home/airflow/.local/lib/python3.7/site-packages/airflow/example_dags/example_local_kubernetes_executor.py took 0.192 seconds
[2023-06-03T20:31:49.584+0000] {processor.py:157} INFO - Started process (PID=3272) to work on /home/airflow/.local/lib/python3.7/site-packages/airflow/example_dags/example_local_kubernetes_executor.py
[2023-06-03T20:31:49.586+0000] {processor.py:826} INFO - Processing file /home/airflow/.local/lib/python3.7/site-packages/airflow/example_dags/example_local_kubernetes_executor.py for tasks to queue
[2023-06-03T20:31:49.588+0000] {logging_mixin.py:149} INFO - [2023-06-03T20:31:49.588+0000] {dagbag.py:541} INFO - Filling up the DagBag from /home/airflow/.local/lib/python3.7/site-packages/airflow/example_dags/example_local_kubernetes_executor.py
[2023-06-03T20:31:49.718+0000] {processor.py:836} INFO - DAG(s) dict_keys(['example_local_kubernetes_executor']) retrieved from /home/airflow/.local/lib/python3.7/site-packages/airflow/example_dags/example_local_kubernetes_executor.py
[2023-06-03T20:31:49.748+0000] {logging_mixin.py:149} INFO - [2023-06-03T20:31:49.748+0000] {dag.py:2726} INFO - Sync 1 DAGs
[2023-06-03T20:31:49.766+0000] {logging_mixin.py:149} INFO - [2023-06-03T20:31:49.766+0000] {dag.py:3490} INFO - Setting next_dagrun for example_local_kubernetes_executor to None, run_after=None
[2023-06-03T20:31:49.784+0000] {processor.py:179} INFO - Processing /home/airflow/.local/lib/python3.7/site-packages/airflow/example_dags/example_local_kubernetes_executor.py took 0.203 seconds
[2023-06-03T20:32:19.846+0000] {processor.py:157} INFO - Started process (PID=3662) to work on /home/airflow/.local/lib/python3.7/site-packages/airflow/example_dags/example_local_kubernetes_executor.py
[2023-06-03T20:32:19.847+0000] {processor.py:826} INFO - Processing file /home/airflow/.local/lib/python3.7/site-packages/airflow/example_dags/example_local_kubernetes_executor.py for tasks to queue
[2023-06-03T20:32:19.848+0000] {logging_mixin.py:149} INFO - [2023-06-03T20:32:19.848+0000] {dagbag.py:541} INFO - Filling up the DagBag from /home/airflow/.local/lib/python3.7/site-packages/airflow/example_dags/example_local_kubernetes_executor.py
[2023-06-03T20:32:19.989+0000] {processor.py:836} INFO - DAG(s) dict_keys(['example_local_kubernetes_executor']) retrieved from /home/airflow/.local/lib/python3.7/site-packages/airflow/example_dags/example_local_kubernetes_executor.py
[2023-06-03T20:32:20.116+0000] {logging_mixin.py:149} INFO - [2023-06-03T20:32:20.116+0000] {dag.py:2726} INFO - Sync 1 DAGs
[2023-06-03T20:32:20.136+0000] {logging_mixin.py:149} INFO - [2023-06-03T20:32:20.136+0000] {dag.py:3490} INFO - Setting next_dagrun for example_local_kubernetes_executor to None, run_after=None
[2023-06-03T20:32:20.152+0000] {processor.py:179} INFO - Processing /home/airflow/.local/lib/python3.7/site-packages/airflow/example_dags/example_local_kubernetes_executor.py took 0.308 seconds
[2023-06-03T20:32:51.116+0000] {processor.py:157} INFO - Started process (PID=3914) to work on /home/airflow/.local/lib/python3.7/site-packages/airflow/example_dags/example_local_kubernetes_executor.py
[2023-06-03T20:32:51.117+0000] {processor.py:826} INFO - Processing file /home/airflow/.local/lib/python3.7/site-packages/airflow/example_dags/example_local_kubernetes_executor.py for tasks to queue
[2023-06-03T20:32:51.118+0000] {logging_mixin.py:149} INFO - [2023-06-03T20:32:51.118+0000] {dagbag.py:541} INFO - Filling up the DagBag from /home/airflow/.local/lib/python3.7/site-packages/airflow/example_dags/example_local_kubernetes_executor.py
[2023-06-03T20:32:51.258+0000] {processor.py:836} INFO - DAG(s) dict_keys(['example_local_kubernetes_executor']) retrieved from /home/airflow/.local/lib/python3.7/site-packages/airflow/example_dags/example_local_kubernetes_executor.py
[2023-06-03T20:32:51.288+0000] {logging_mixin.py:149} INFO - [2023-06-03T20:32:51.288+0000] {dag.py:2726} INFO - Sync 1 DAGs
[2023-06-03T20:32:51.312+0000] {logging_mixin.py:149} INFO - [2023-06-03T20:32:51.311+0000] {dag.py:3490} INFO - Setting next_dagrun for example_local_kubernetes_executor to None, run_after=None
[2023-06-03T20:32:51.332+0000] {processor.py:179} INFO - Processing /home/airflow/.local/lib/python3.7/site-packages/airflow/example_dags/example_local_kubernetes_executor.py took 0.218 seconds
[2023-06-03T20:33:21.438+0000] {processor.py:157} INFO - Started process (PID=4166) to work on /home/airflow/.local/lib/python3.7/site-packages/airflow/example_dags/example_local_kubernetes_executor.py
[2023-06-03T20:33:21.439+0000] {processor.py:826} INFO - Processing file /home/airflow/.local/lib/python3.7/site-packages/airflow/example_dags/example_local_kubernetes_executor.py for tasks to queue
[2023-06-03T20:33:21.441+0000] {logging_mixin.py:149} INFO - [2023-06-03T20:33:21.440+0000] {dagbag.py:541} INFO - Filling up the DagBag from /home/airflow/.local/lib/python3.7/site-packages/airflow/example_dags/example_local_kubernetes_executor.py
[2023-06-03T20:33:21.576+0000] {processor.py:836} INFO - DAG(s) dict_keys(['example_local_kubernetes_executor']) retrieved from /home/airflow/.local/lib/python3.7/site-packages/airflow/example_dags/example_local_kubernetes_executor.py
[2023-06-03T20:33:21.610+0000] {logging_mixin.py:149} INFO - [2023-06-03T20:33:21.610+0000] {dag.py:2726} INFO - Sync 1 DAGs
[2023-06-03T20:33:21.633+0000] {logging_mixin.py:149} INFO - [2023-06-03T20:33:21.633+0000] {dag.py:3490} INFO - Setting next_dagrun for example_local_kubernetes_executor to None, run_after=None
[2023-06-03T20:33:21.652+0000] {processor.py:179} INFO - Processing /home/airflow/.local/lib/python3.7/site-packages/airflow/example_dags/example_local_kubernetes_executor.py took 0.215 seconds
[2023-06-03T20:33:52.398+0000] {processor.py:157} INFO - Started process (PID=4418) to work on /home/airflow/.local/lib/python3.7/site-packages/airflow/example_dags/example_local_kubernetes_executor.py
[2023-06-03T20:33:52.399+0000] {processor.py:826} INFO - Processing file /home/airflow/.local/lib/python3.7/site-packages/airflow/example_dags/example_local_kubernetes_executor.py for tasks to queue
[2023-06-03T20:33:52.400+0000] {logging_mixin.py:149} INFO - [2023-06-03T20:33:52.400+0000] {dagbag.py:541} INFO - Filling up the DagBag from /home/airflow/.local/lib/python3.7/site-packages/airflow/example_dags/example_local_kubernetes_executor.py
[2023-06-03T20:33:52.525+0000] {processor.py:836} INFO - DAG(s) dict_keys(['example_local_kubernetes_executor']) retrieved from /home/airflow/.local/lib/python3.7/site-packages/airflow/example_dags/example_local_kubernetes_executor.py
[2023-06-03T20:33:52.552+0000] {logging_mixin.py:149} INFO - [2023-06-03T20:33:52.552+0000] {dag.py:2726} INFO - Sync 1 DAGs
[2023-06-03T20:33:52.568+0000] {logging_mixin.py:149} INFO - [2023-06-03T20:33:52.568+0000] {dag.py:3490} INFO - Setting next_dagrun for example_local_kubernetes_executor to None, run_after=None
[2023-06-03T20:33:52.582+0000] {processor.py:179} INFO - Processing /home/airflow/.local/lib/python3.7/site-packages/airflow/example_dags/example_local_kubernetes_executor.py took 0.186 seconds
[2023-06-03T20:34:22.836+0000] {processor.py:157} INFO - Started process (PID=4670) to work on /home/airflow/.local/lib/python3.7/site-packages/airflow/example_dags/example_local_kubernetes_executor.py
[2023-06-03T20:34:22.837+0000] {processor.py:826} INFO - Processing file /home/airflow/.local/lib/python3.7/site-packages/airflow/example_dags/example_local_kubernetes_executor.py for tasks to queue
[2023-06-03T20:34:22.838+0000] {logging_mixin.py:149} INFO - [2023-06-03T20:34:22.838+0000] {dagbag.py:541} INFO - Filling up the DagBag from /home/airflow/.local/lib/python3.7/site-packages/airflow/example_dags/example_local_kubernetes_executor.py
[2023-06-03T20:34:22.959+0000] {processor.py:836} INFO - DAG(s) dict_keys(['example_local_kubernetes_executor']) retrieved from /home/airflow/.local/lib/python3.7/site-packages/airflow/example_dags/example_local_kubernetes_executor.py
[2023-06-03T20:34:22.984+0000] {logging_mixin.py:149} INFO - [2023-06-03T20:34:22.984+0000] {dag.py:2726} INFO - Sync 1 DAGs
[2023-06-03T20:34:23.002+0000] {logging_mixin.py:149} INFO - [2023-06-03T20:34:23.002+0000] {dag.py:3490} INFO - Setting next_dagrun for example_local_kubernetes_executor to None, run_after=None
[2023-06-03T20:34:23.016+0000] {processor.py:179} INFO - Processing /home/airflow/.local/lib/python3.7/site-packages/airflow/example_dags/example_local_kubernetes_executor.py took 0.182 seconds
[2023-06-03T20:34:53.336+0000] {processor.py:157} INFO - Started process (PID=4922) to work on /home/airflow/.local/lib/python3.7/site-packages/airflow/example_dags/example_local_kubernetes_executor.py
[2023-06-03T20:34:53.336+0000] {processor.py:826} INFO - Processing file /home/airflow/.local/lib/python3.7/site-packages/airflow/example_dags/example_local_kubernetes_executor.py for tasks to queue
[2023-06-03T20:34:53.337+0000] {logging_mixin.py:149} INFO - [2023-06-03T20:34:53.337+0000] {dagbag.py:541} INFO - Filling up the DagBag from /home/airflow/.local/lib/python3.7/site-packages/airflow/example_dags/example_local_kubernetes_executor.py
[2023-06-03T20:34:53.464+0000] {processor.py:836} INFO - DAG(s) dict_keys(['example_local_kubernetes_executor']) retrieved from /home/airflow/.local/lib/python3.7/site-packages/airflow/example_dags/example_local_kubernetes_executor.py
[2023-06-03T20:34:53.490+0000] {logging_mixin.py:149} INFO - [2023-06-03T20:34:53.490+0000] {dag.py:2726} INFO - Sync 1 DAGs
[2023-06-03T20:34:53.508+0000] {logging_mixin.py:149} INFO - [2023-06-03T20:34:53.508+0000] {dag.py:3490} INFO - Setting next_dagrun for example_local_kubernetes_executor to None, run_after=None
[2023-06-03T20:34:53.524+0000] {processor.py:179} INFO - Processing /home/airflow/.local/lib/python3.7/site-packages/airflow/example_dags/example_local_kubernetes_executor.py took 0.190 seconds
[2023-06-03T20:35:23.762+0000] {processor.py:157} INFO - Started process (PID=5174) to work on /home/airflow/.local/lib/python3.7/site-packages/airflow/example_dags/example_local_kubernetes_executor.py
[2023-06-03T20:35:23.765+0000] {processor.py:826} INFO - Processing file /home/airflow/.local/lib/python3.7/site-packages/airflow/example_dags/example_local_kubernetes_executor.py for tasks to queue
[2023-06-03T20:35:23.767+0000] {logging_mixin.py:149} INFO - [2023-06-03T20:35:23.767+0000] {dagbag.py:541} INFO - Filling up the DagBag from /home/airflow/.local/lib/python3.7/site-packages/airflow/example_dags/example_local_kubernetes_executor.py
[2023-06-03T20:35:23.898+0000] {processor.py:836} INFO - DAG(s) dict_keys(['example_local_kubernetes_executor']) retrieved from /home/airflow/.local/lib/python3.7/site-packages/airflow/example_dags/example_local_kubernetes_executor.py
[2023-06-03T20:35:23.926+0000] {logging_mixin.py:149} INFO - [2023-06-03T20:35:23.926+0000] {dag.py:2726} INFO - Sync 1 DAGs
[2023-06-03T20:35:23.944+0000] {logging_mixin.py:149} INFO - [2023-06-03T20:35:23.944+0000] {dag.py:3490} INFO - Setting next_dagrun for example_local_kubernetes_executor to None, run_after=None
[2023-06-03T20:35:23.963+0000] {processor.py:179} INFO - Processing /home/airflow/.local/lib/python3.7/site-packages/airflow/example_dags/example_local_kubernetes_executor.py took 0.203 seconds
[2023-06-03T20:35:54.614+0000] {processor.py:157} INFO - Started process (PID=5426) to work on /home/airflow/.local/lib/python3.7/site-packages/airflow/example_dags/example_local_kubernetes_executor.py
[2023-06-03T20:35:54.617+0000] {processor.py:826} INFO - Processing file /home/airflow/.local/lib/python3.7/site-packages/airflow/example_dags/example_local_kubernetes_executor.py for tasks to queue
[2023-06-03T20:35:54.620+0000] {logging_mixin.py:149} INFO - [2023-06-03T20:35:54.619+0000] {dagbag.py:541} INFO - Filling up the DagBag from /home/airflow/.local/lib/python3.7/site-packages/airflow/example_dags/example_local_kubernetes_executor.py
[2023-06-03T20:35:54.762+0000] {processor.py:836} INFO - DAG(s) dict_keys(['example_local_kubernetes_executor']) retrieved from /home/airflow/.local/lib/python3.7/site-packages/airflow/example_dags/example_local_kubernetes_executor.py
[2023-06-03T20:35:54.795+0000] {logging_mixin.py:149} INFO - [2023-06-03T20:35:54.795+0000] {dag.py:2726} INFO - Sync 1 DAGs
[2023-06-03T20:35:54.815+0000] {logging_mixin.py:149} INFO - [2023-06-03T20:35:54.815+0000] {dag.py:3490} INFO - Setting next_dagrun for example_local_kubernetes_executor to None, run_after=None
[2023-06-03T20:35:54.835+0000] {processor.py:179} INFO - Processing /home/airflow/.local/lib/python3.7/site-packages/airflow/example_dags/example_local_kubernetes_executor.py took 0.223 seconds
[2023-06-03T20:36:25.182+0000] {processor.py:157} INFO - Started process (PID=5678) to work on /home/airflow/.local/lib/python3.7/site-packages/airflow/example_dags/example_local_kubernetes_executor.py
[2023-06-03T20:36:25.183+0000] {processor.py:826} INFO - Processing file /home/airflow/.local/lib/python3.7/site-packages/airflow/example_dags/example_local_kubernetes_executor.py for tasks to queue
[2023-06-03T20:36:25.185+0000] {logging_mixin.py:149} INFO - [2023-06-03T20:36:25.185+0000] {dagbag.py:541} INFO - Filling up the DagBag from /home/airflow/.local/lib/python3.7/site-packages/airflow/example_dags/example_local_kubernetes_executor.py
[2023-06-03T20:36:25.321+0000] {processor.py:836} INFO - DAG(s) dict_keys(['example_local_kubernetes_executor']) retrieved from /home/airflow/.local/lib/python3.7/site-packages/airflow/example_dags/example_local_kubernetes_executor.py
[2023-06-03T20:36:25.355+0000] {logging_mixin.py:149} INFO - [2023-06-03T20:36:25.355+0000] {dag.py:2726} INFO - Sync 1 DAGs
[2023-06-03T20:36:25.377+0000] {logging_mixin.py:149} INFO - [2023-06-03T20:36:25.377+0000] {dag.py:3490} INFO - Setting next_dagrun for example_local_kubernetes_executor to None, run_after=None
[2023-06-03T20:36:25.399+0000] {processor.py:179} INFO - Processing /home/airflow/.local/lib/python3.7/site-packages/airflow/example_dags/example_local_kubernetes_executor.py took 0.220 seconds
[2023-06-03T20:36:55.707+0000] {processor.py:157} INFO - Started process (PID=5930) to work on /home/airflow/.local/lib/python3.7/site-packages/airflow/example_dags/example_local_kubernetes_executor.py
[2023-06-03T20:36:55.708+0000] {processor.py:826} INFO - Processing file /home/airflow/.local/lib/python3.7/site-packages/airflow/example_dags/example_local_kubernetes_executor.py for tasks to queue
[2023-06-03T20:36:55.709+0000] {logging_mixin.py:149} INFO - [2023-06-03T20:36:55.709+0000] {dagbag.py:541} INFO - Filling up the DagBag from /home/airflow/.local/lib/python3.7/site-packages/airflow/example_dags/example_local_kubernetes_executor.py
[2023-06-03T20:36:55.836+0000] {processor.py:836} INFO - DAG(s) dict_keys(['example_local_kubernetes_executor']) retrieved from /home/airflow/.local/lib/python3.7/site-packages/airflow/example_dags/example_local_kubernetes_executor.py
[2023-06-03T20:36:55.861+0000] {logging_mixin.py:149} INFO - [2023-06-03T20:36:55.861+0000] {dag.py:2726} INFO - Sync 1 DAGs
[2023-06-03T20:36:55.879+0000] {logging_mixin.py:149} INFO - [2023-06-03T20:36:55.879+0000] {dag.py:3490} INFO - Setting next_dagrun for example_local_kubernetes_executor to None, run_after=None
[2023-06-03T20:36:55.895+0000] {processor.py:179} INFO - Processing /home/airflow/.local/lib/python3.7/site-packages/airflow/example_dags/example_local_kubernetes_executor.py took 0.190 seconds
[2023-06-03T20:37:26.573+0000] {processor.py:157} INFO - Started process (PID=6182) to work on /home/airflow/.local/lib/python3.7/site-packages/airflow/example_dags/example_local_kubernetes_executor.py
[2023-06-03T20:37:26.574+0000] {processor.py:826} INFO - Processing file /home/airflow/.local/lib/python3.7/site-packages/airflow/example_dags/example_local_kubernetes_executor.py for tasks to queue
[2023-06-03T20:37:26.575+0000] {logging_mixin.py:149} INFO - [2023-06-03T20:37:26.575+0000] {dagbag.py:541} INFO - Filling up the DagBag from /home/airflow/.local/lib/python3.7/site-packages/airflow/example_dags/example_local_kubernetes_executor.py
[2023-06-03T20:37:26.712+0000] {processor.py:836} INFO - DAG(s) dict_keys(['example_local_kubernetes_executor']) retrieved from /home/airflow/.local/lib/python3.7/site-packages/airflow/example_dags/example_local_kubernetes_executor.py
[2023-06-03T20:37:26.739+0000] {logging_mixin.py:149} INFO - [2023-06-03T20:37:26.739+0000] {dag.py:2726} INFO - Sync 1 DAGs
[2023-06-03T20:37:26.756+0000] {logging_mixin.py:149} INFO - [2023-06-03T20:37:26.756+0000] {dag.py:3490} INFO - Setting next_dagrun for example_local_kubernetes_executor to None, run_after=None
[2023-06-03T20:37:26.774+0000] {processor.py:179} INFO - Processing /home/airflow/.local/lib/python3.7/site-packages/airflow/example_dags/example_local_kubernetes_executor.py took 0.203 seconds
[2023-06-03T20:37:57.161+0000] {processor.py:157} INFO - Started process (PID=6434) to work on /home/airflow/.local/lib/python3.7/site-packages/airflow/example_dags/example_local_kubernetes_executor.py
[2023-06-03T20:37:57.162+0000] {processor.py:826} INFO - Processing file /home/airflow/.local/lib/python3.7/site-packages/airflow/example_dags/example_local_kubernetes_executor.py for tasks to queue
[2023-06-03T20:37:57.163+0000] {logging_mixin.py:149} INFO - [2023-06-03T20:37:57.163+0000] {dagbag.py:541} INFO - Filling up the DagBag from /home/airflow/.local/lib/python3.7/site-packages/airflow/example_dags/example_local_kubernetes_executor.py
[2023-06-03T20:37:57.294+0000] {processor.py:836} INFO - DAG(s) dict_keys(['example_local_kubernetes_executor']) retrieved from /home/airflow/.local/lib/python3.7/site-packages/airflow/example_dags/example_local_kubernetes_executor.py
[2023-06-03T20:37:57.321+0000] {logging_mixin.py:149} INFO - [2023-06-03T20:37:57.321+0000] {dag.py:2726} INFO - Sync 1 DAGs
[2023-06-03T20:37:57.340+0000] {logging_mixin.py:149} INFO - [2023-06-03T20:37:57.340+0000] {dag.py:3490} INFO - Setting next_dagrun for example_local_kubernetes_executor to None, run_after=None
[2023-06-03T20:37:57.357+0000] {processor.py:179} INFO - Processing /home/airflow/.local/lib/python3.7/site-packages/airflow/example_dags/example_local_kubernetes_executor.py took 0.199 seconds
[2023-06-03T20:38:27.458+0000] {processor.py:157} INFO - Started process (PID=6686) to work on /home/airflow/.local/lib/python3.7/site-packages/airflow/example_dags/example_local_kubernetes_executor.py
[2023-06-03T20:38:27.460+0000] {processor.py:826} INFO - Processing file /home/airflow/.local/lib/python3.7/site-packages/airflow/example_dags/example_local_kubernetes_executor.py for tasks to queue
[2023-06-03T20:38:27.461+0000] {logging_mixin.py:149} INFO - [2023-06-03T20:38:27.461+0000] {dagbag.py:541} INFO - Filling up the DagBag from /home/airflow/.local/lib/python3.7/site-packages/airflow/example_dags/example_local_kubernetes_executor.py
[2023-06-03T20:38:27.587+0000] {processor.py:836} INFO - DAG(s) dict_keys(['example_local_kubernetes_executor']) retrieved from /home/airflow/.local/lib/python3.7/site-packages/airflow/example_dags/example_local_kubernetes_executor.py
[2023-06-03T20:38:27.612+0000] {logging_mixin.py:149} INFO - [2023-06-03T20:38:27.612+0000] {dag.py:2726} INFO - Sync 1 DAGs
[2023-06-03T20:38:27.630+0000] {logging_mixin.py:149} INFO - [2023-06-03T20:38:27.630+0000] {dag.py:3490} INFO - Setting next_dagrun for example_local_kubernetes_executor to None, run_after=None
[2023-06-03T20:38:27.646+0000] {processor.py:179} INFO - Processing /home/airflow/.local/lib/python3.7/site-packages/airflow/example_dags/example_local_kubernetes_executor.py took 0.190 seconds
[2023-06-03T20:38:57.751+0000] {processor.py:157} INFO - Started process (PID=6938) to work on /home/airflow/.local/lib/python3.7/site-packages/airflow/example_dags/example_local_kubernetes_executor.py
[2023-06-03T20:38:57.752+0000] {processor.py:826} INFO - Processing file /home/airflow/.local/lib/python3.7/site-packages/airflow/example_dags/example_local_kubernetes_executor.py for tasks to queue
[2023-06-03T20:38:57.755+0000] {logging_mixin.py:149} INFO - [2023-06-03T20:38:57.754+0000] {dagbag.py:541} INFO - Filling up the DagBag from /home/airflow/.local/lib/python3.7/site-packages/airflow/example_dags/example_local_kubernetes_executor.py
[2023-06-03T20:38:57.883+0000] {processor.py:836} INFO - DAG(s) dict_keys(['example_local_kubernetes_executor']) retrieved from /home/airflow/.local/lib/python3.7/site-packages/airflow/example_dags/example_local_kubernetes_executor.py
[2023-06-03T20:38:57.912+0000] {logging_mixin.py:149} INFO - [2023-06-03T20:38:57.912+0000] {dag.py:2726} INFO - Sync 1 DAGs
[2023-06-03T20:38:57.930+0000] {logging_mixin.py:149} INFO - [2023-06-03T20:38:57.930+0000] {dag.py:3490} INFO - Setting next_dagrun for example_local_kubernetes_executor to None, run_after=None
[2023-06-03T20:38:57.949+0000] {processor.py:179} INFO - Processing /home/airflow/.local/lib/python3.7/site-packages/airflow/example_dags/example_local_kubernetes_executor.py took 0.202 seconds
[2023-06-03T20:39:28.001+0000] {processor.py:157} INFO - Started process (PID=7190) to work on /home/airflow/.local/lib/python3.7/site-packages/airflow/example_dags/example_local_kubernetes_executor.py
[2023-06-03T20:39:28.002+0000] {processor.py:826} INFO - Processing file /home/airflow/.local/lib/python3.7/site-packages/airflow/example_dags/example_local_kubernetes_executor.py for tasks to queue
[2023-06-03T20:39:28.002+0000] {logging_mixin.py:149} INFO - [2023-06-03T20:39:28.002+0000] {dagbag.py:541} INFO - Filling up the DagBag from /home/airflow/.local/lib/python3.7/site-packages/airflow/example_dags/example_local_kubernetes_executor.py
[2023-06-03T20:39:28.130+0000] {processor.py:836} INFO - DAG(s) dict_keys(['example_local_kubernetes_executor']) retrieved from /home/airflow/.local/lib/python3.7/site-packages/airflow/example_dags/example_local_kubernetes_executor.py
[2023-06-03T20:39:28.159+0000] {logging_mixin.py:149} INFO - [2023-06-03T20:39:28.158+0000] {dag.py:2726} INFO - Sync 1 DAGs
[2023-06-03T20:39:28.177+0000] {logging_mixin.py:149} INFO - [2023-06-03T20:39:28.176+0000] {dag.py:3490} INFO - Setting next_dagrun for example_local_kubernetes_executor to None, run_after=None
[2023-06-03T20:39:28.194+0000] {processor.py:179} INFO - Processing /home/airflow/.local/lib/python3.7/site-packages/airflow/example_dags/example_local_kubernetes_executor.py took 0.196 seconds
[2023-06-03T20:39:58.292+0000] {processor.py:157} INFO - Started process (PID=7442) to work on /home/airflow/.local/lib/python3.7/site-packages/airflow/example_dags/example_local_kubernetes_executor.py
[2023-06-03T20:39:58.293+0000] {processor.py:826} INFO - Processing file /home/airflow/.local/lib/python3.7/site-packages/airflow/example_dags/example_local_kubernetes_executor.py for tasks to queue
[2023-06-03T20:39:58.294+0000] {logging_mixin.py:149} INFO - [2023-06-03T20:39:58.294+0000] {dagbag.py:541} INFO - Filling up the DagBag from /home/airflow/.local/lib/python3.7/site-packages/airflow/example_dags/example_local_kubernetes_executor.py
[2023-06-03T20:39:58.428+0000] {processor.py:836} INFO - DAG(s) dict_keys(['example_local_kubernetes_executor']) retrieved from /home/airflow/.local/lib/python3.7/site-packages/airflow/example_dags/example_local_kubernetes_executor.py
[2023-06-03T20:39:58.455+0000] {logging_mixin.py:149} INFO - [2023-06-03T20:39:58.455+0000] {dag.py:2726} INFO - Sync 1 DAGs
[2023-06-03T20:39:58.474+0000] {logging_mixin.py:149} INFO - [2023-06-03T20:39:58.474+0000] {dag.py:3490} INFO - Setting next_dagrun for example_local_kubernetes_executor to None, run_after=None
[2023-06-03T20:39:58.493+0000] {processor.py:179} INFO - Processing /home/airflow/.local/lib/python3.7/site-packages/airflow/example_dags/example_local_kubernetes_executor.py took 0.203 seconds
[2023-06-03T20:40:28.576+0000] {processor.py:157} INFO - Started process (PID=7694) to work on /home/airflow/.local/lib/python3.7/site-packages/airflow/example_dags/example_local_kubernetes_executor.py
[2023-06-03T20:40:28.576+0000] {processor.py:826} INFO - Processing file /home/airflow/.local/lib/python3.7/site-packages/airflow/example_dags/example_local_kubernetes_executor.py for tasks to queue
[2023-06-03T20:40:28.577+0000] {logging_mixin.py:149} INFO - [2023-06-03T20:40:28.577+0000] {dagbag.py:541} INFO - Filling up the DagBag from /home/airflow/.local/lib/python3.7/site-packages/airflow/example_dags/example_local_kubernetes_executor.py
[2023-06-03T20:40:28.718+0000] {processor.py:836} INFO - DAG(s) dict_keys(['example_local_kubernetes_executor']) retrieved from /home/airflow/.local/lib/python3.7/site-packages/airflow/example_dags/example_local_kubernetes_executor.py
[2023-06-03T20:40:28.747+0000] {logging_mixin.py:149} INFO - [2023-06-03T20:40:28.747+0000] {dag.py:2726} INFO - Sync 1 DAGs
[2023-06-03T20:40:28.765+0000] {logging_mixin.py:149} INFO - [2023-06-03T20:40:28.765+0000] {dag.py:3490} INFO - Setting next_dagrun for example_local_kubernetes_executor to None, run_after=None
[2023-06-03T20:40:28.781+0000] {processor.py:179} INFO - Processing /home/airflow/.local/lib/python3.7/site-packages/airflow/example_dags/example_local_kubernetes_executor.py took 0.208 seconds
[2023-06-03T20:40:59.534+0000] {processor.py:157} INFO - Started process (PID=7946) to work on /home/airflow/.local/lib/python3.7/site-packages/airflow/example_dags/example_local_kubernetes_executor.py
[2023-06-03T20:40:59.535+0000] {processor.py:826} INFO - Processing file /home/airflow/.local/lib/python3.7/site-packages/airflow/example_dags/example_local_kubernetes_executor.py for tasks to queue
[2023-06-03T20:40:59.537+0000] {logging_mixin.py:149} INFO - [2023-06-03T20:40:59.537+0000] {dagbag.py:541} INFO - Filling up the DagBag from /home/airflow/.local/lib/python3.7/site-packages/airflow/example_dags/example_local_kubernetes_executor.py
[2023-06-03T20:40:59.680+0000] {processor.py:836} INFO - DAG(s) dict_keys(['example_local_kubernetes_executor']) retrieved from /home/airflow/.local/lib/python3.7/site-packages/airflow/example_dags/example_local_kubernetes_executor.py
[2023-06-03T20:40:59.710+0000] {logging_mixin.py:149} INFO - [2023-06-03T20:40:59.710+0000] {dag.py:2726} INFO - Sync 1 DAGs
[2023-06-03T20:40:59.731+0000] {logging_mixin.py:149} INFO - [2023-06-03T20:40:59.731+0000] {dag.py:3490} INFO - Setting next_dagrun for example_local_kubernetes_executor to None, run_after=None
[2023-06-03T20:40:59.749+0000] {processor.py:179} INFO - Processing /home/airflow/.local/lib/python3.7/site-packages/airflow/example_dags/example_local_kubernetes_executor.py took 0.217 seconds
[2023-06-03T20:41:29.875+0000] {processor.py:157} INFO - Started process (PID=8198) to work on /home/airflow/.local/lib/python3.7/site-packages/airflow/example_dags/example_local_kubernetes_executor.py
[2023-06-03T20:41:29.877+0000] {processor.py:826} INFO - Processing file /home/airflow/.local/lib/python3.7/site-packages/airflow/example_dags/example_local_kubernetes_executor.py for tasks to queue
[2023-06-03T20:41:29.879+0000] {logging_mixin.py:149} INFO - [2023-06-03T20:41:29.878+0000] {dagbag.py:541} INFO - Filling up the DagBag from /home/airflow/.local/lib/python3.7/site-packages/airflow/example_dags/example_local_kubernetes_executor.py
[2023-06-03T20:41:30.013+0000] {processor.py:836} INFO - DAG(s) dict_keys(['example_local_kubernetes_executor']) retrieved from /home/airflow/.local/lib/python3.7/site-packages/airflow/example_dags/example_local_kubernetes_executor.py
[2023-06-03T20:41:30.041+0000] {logging_mixin.py:149} INFO - [2023-06-03T20:41:30.041+0000] {dag.py:2726} INFO - Sync 1 DAGs
[2023-06-03T20:41:30.059+0000] {logging_mixin.py:149} INFO - [2023-06-03T20:41:30.059+0000] {dag.py:3490} INFO - Setting next_dagrun for example_local_kubernetes_executor to None, run_after=None
[2023-06-03T20:41:30.076+0000] {processor.py:179} INFO - Processing /home/airflow/.local/lib/python3.7/site-packages/airflow/example_dags/example_local_kubernetes_executor.py took 0.203 seconds
[2023-06-03T20:42:00.123+0000] {processor.py:157} INFO - Started process (PID=8447) to work on /home/airflow/.local/lib/python3.7/site-packages/airflow/example_dags/example_local_kubernetes_executor.py
[2023-06-03T20:42:00.124+0000] {processor.py:826} INFO - Processing file /home/airflow/.local/lib/python3.7/site-packages/airflow/example_dags/example_local_kubernetes_executor.py for tasks to queue
[2023-06-03T20:42:00.125+0000] {logging_mixin.py:149} INFO - [2023-06-03T20:42:00.125+0000] {dagbag.py:541} INFO - Filling up the DagBag from /home/airflow/.local/lib/python3.7/site-packages/airflow/example_dags/example_local_kubernetes_executor.py
[2023-06-03T20:42:00.263+0000] {processor.py:836} INFO - DAG(s) dict_keys(['example_local_kubernetes_executor']) retrieved from /home/airflow/.local/lib/python3.7/site-packages/airflow/example_dags/example_local_kubernetes_executor.py
[2023-06-03T20:42:00.293+0000] {logging_mixin.py:149} INFO - [2023-06-03T20:42:00.293+0000] {dag.py:2726} INFO - Sync 1 DAGs
[2023-06-03T20:42:00.312+0000] {logging_mixin.py:149} INFO - [2023-06-03T20:42:00.312+0000] {dag.py:3490} INFO - Setting next_dagrun for example_local_kubernetes_executor to None, run_after=None
[2023-06-03T20:42:00.330+0000] {processor.py:179} INFO - Processing /home/airflow/.local/lib/python3.7/site-packages/airflow/example_dags/example_local_kubernetes_executor.py took 0.210 seconds
[2023-06-03T20:42:31.239+0000] {processor.py:157} INFO - Started process (PID=8702) to work on /home/airflow/.local/lib/python3.7/site-packages/airflow/example_dags/example_local_kubernetes_executor.py
[2023-06-03T20:42:31.240+0000] {processor.py:826} INFO - Processing file /home/airflow/.local/lib/python3.7/site-packages/airflow/example_dags/example_local_kubernetes_executor.py for tasks to queue
[2023-06-03T20:42:31.241+0000] {logging_mixin.py:149} INFO - [2023-06-03T20:42:31.241+0000] {dagbag.py:541} INFO - Filling up the DagBag from /home/airflow/.local/lib/python3.7/site-packages/airflow/example_dags/example_local_kubernetes_executor.py
[2023-06-03T20:42:31.384+0000] {processor.py:836} INFO - DAG(s) dict_keys(['example_local_kubernetes_executor']) retrieved from /home/airflow/.local/lib/python3.7/site-packages/airflow/example_dags/example_local_kubernetes_executor.py
[2023-06-03T20:42:31.413+0000] {logging_mixin.py:149} INFO - [2023-06-03T20:42:31.413+0000] {dag.py:2726} INFO - Sync 1 DAGs
[2023-06-03T20:42:31.432+0000] {logging_mixin.py:149} INFO - [2023-06-03T20:42:31.432+0000] {dag.py:3490} INFO - Setting next_dagrun for example_local_kubernetes_executor to None, run_after=None
[2023-06-03T20:42:31.448+0000] {processor.py:179} INFO - Processing /home/airflow/.local/lib/python3.7/site-packages/airflow/example_dags/example_local_kubernetes_executor.py took 0.211 seconds
[2023-06-03T20:43:01.561+0000] {processor.py:157} INFO - Started process (PID=8954) to work on /home/airflow/.local/lib/python3.7/site-packages/airflow/example_dags/example_local_kubernetes_executor.py
[2023-06-03T20:43:01.562+0000] {processor.py:826} INFO - Processing file /home/airflow/.local/lib/python3.7/site-packages/airflow/example_dags/example_local_kubernetes_executor.py for tasks to queue
[2023-06-03T20:43:01.563+0000] {logging_mixin.py:149} INFO - [2023-06-03T20:43:01.563+0000] {dagbag.py:541} INFO - Filling up the DagBag from /home/airflow/.local/lib/python3.7/site-packages/airflow/example_dags/example_local_kubernetes_executor.py
[2023-06-03T20:43:01.702+0000] {processor.py:836} INFO - DAG(s) dict_keys(['example_local_kubernetes_executor']) retrieved from /home/airflow/.local/lib/python3.7/site-packages/airflow/example_dags/example_local_kubernetes_executor.py
[2023-06-03T20:43:01.733+0000] {logging_mixin.py:149} INFO - [2023-06-03T20:43:01.732+0000] {dag.py:2726} INFO - Sync 1 DAGs
[2023-06-03T20:43:01.751+0000] {logging_mixin.py:149} INFO - [2023-06-03T20:43:01.751+0000] {dag.py:3490} INFO - Setting next_dagrun for example_local_kubernetes_executor to None, run_after=None
[2023-06-03T20:43:01.771+0000] {processor.py:179} INFO - Processing /home/airflow/.local/lib/python3.7/site-packages/airflow/example_dags/example_local_kubernetes_executor.py took 0.212 seconds
[2023-06-03T20:43:32.070+0000] {processor.py:157} INFO - Started process (PID=9208) to work on /home/airflow/.local/lib/python3.7/site-packages/airflow/example_dags/example_local_kubernetes_executor.py
[2023-06-03T20:43:32.071+0000] {processor.py:826} INFO - Processing file /home/airflow/.local/lib/python3.7/site-packages/airflow/example_dags/example_local_kubernetes_executor.py for tasks to queue
[2023-06-03T20:43:32.071+0000] {logging_mixin.py:149} INFO - [2023-06-03T20:43:32.071+0000] {dagbag.py:541} INFO - Filling up the DagBag from /home/airflow/.local/lib/python3.7/site-packages/airflow/example_dags/example_local_kubernetes_executor.py
[2023-06-03T20:43:32.206+0000] {processor.py:836} INFO - DAG(s) dict_keys(['example_local_kubernetes_executor']) retrieved from /home/airflow/.local/lib/python3.7/site-packages/airflow/example_dags/example_local_kubernetes_executor.py
[2023-06-03T20:43:32.235+0000] {logging_mixin.py:149} INFO - [2023-06-03T20:43:32.234+0000] {dag.py:2726} INFO - Sync 1 DAGs
[2023-06-03T20:43:32.254+0000] {logging_mixin.py:149} INFO - [2023-06-03T20:43:32.254+0000] {dag.py:3490} INFO - Setting next_dagrun for example_local_kubernetes_executor to None, run_after=None
[2023-06-03T20:43:32.271+0000] {processor.py:179} INFO - Processing /home/airflow/.local/lib/python3.7/site-packages/airflow/example_dags/example_local_kubernetes_executor.py took 0.203 seconds
[2023-06-03T20:44:02.891+0000] {processor.py:157} INFO - Started process (PID=9458) to work on /home/airflow/.local/lib/python3.7/site-packages/airflow/example_dags/example_local_kubernetes_executor.py
[2023-06-03T20:44:02.892+0000] {processor.py:826} INFO - Processing file /home/airflow/.local/lib/python3.7/site-packages/airflow/example_dags/example_local_kubernetes_executor.py for tasks to queue
[2023-06-03T20:44:02.893+0000] {logging_mixin.py:149} INFO - [2023-06-03T20:44:02.893+0000] {dagbag.py:541} INFO - Filling up the DagBag from /home/airflow/.local/lib/python3.7/site-packages/airflow/example_dags/example_local_kubernetes_executor.py
[2023-06-03T20:44:03.023+0000] {processor.py:836} INFO - DAG(s) dict_keys(['example_local_kubernetes_executor']) retrieved from /home/airflow/.local/lib/python3.7/site-packages/airflow/example_dags/example_local_kubernetes_executor.py
[2023-06-03T20:44:03.051+0000] {logging_mixin.py:149} INFO - [2023-06-03T20:44:03.051+0000] {dag.py:2726} INFO - Sync 1 DAGs
[2023-06-03T20:44:03.067+0000] {logging_mixin.py:149} INFO - [2023-06-03T20:44:03.067+0000] {dag.py:3490} INFO - Setting next_dagrun for example_local_kubernetes_executor to None, run_after=None
[2023-06-03T20:44:03.084+0000] {processor.py:179} INFO - Processing /home/airflow/.local/lib/python3.7/site-packages/airflow/example_dags/example_local_kubernetes_executor.py took 0.196 seconds
[2023-06-03T20:44:33.746+0000] {processor.py:157} INFO - Started process (PID=9710) to work on /home/airflow/.local/lib/python3.7/site-packages/airflow/example_dags/example_local_kubernetes_executor.py
[2023-06-03T20:44:33.749+0000] {processor.py:826} INFO - Processing file /home/airflow/.local/lib/python3.7/site-packages/airflow/example_dags/example_local_kubernetes_executor.py for tasks to queue
[2023-06-03T20:44:33.751+0000] {logging_mixin.py:149} INFO - [2023-06-03T20:44:33.751+0000] {dagbag.py:541} INFO - Filling up the DagBag from /home/airflow/.local/lib/python3.7/site-packages/airflow/example_dags/example_local_kubernetes_executor.py
[2023-06-03T20:44:33.886+0000] {processor.py:836} INFO - DAG(s) dict_keys(['example_local_kubernetes_executor']) retrieved from /home/airflow/.local/lib/python3.7/site-packages/airflow/example_dags/example_local_kubernetes_executor.py
[2023-06-03T20:44:33.915+0000] {logging_mixin.py:149} INFO - [2023-06-03T20:44:33.915+0000] {dag.py:2726} INFO - Sync 1 DAGs
[2023-06-03T20:44:33.934+0000] {logging_mixin.py:149} INFO - [2023-06-03T20:44:33.934+0000] {dag.py:3490} INFO - Setting next_dagrun for example_local_kubernetes_executor to None, run_after=None
[2023-06-03T20:44:33.952+0000] {processor.py:179} INFO - Processing /home/airflow/.local/lib/python3.7/site-packages/airflow/example_dags/example_local_kubernetes_executor.py took 0.209 seconds
[2023-06-03T20:45:04.940+0000] {processor.py:157} INFO - Started process (PID=9962) to work on /home/airflow/.local/lib/python3.7/site-packages/airflow/example_dags/example_local_kubernetes_executor.py
[2023-06-03T20:45:04.941+0000] {processor.py:826} INFO - Processing file /home/airflow/.local/lib/python3.7/site-packages/airflow/example_dags/example_local_kubernetes_executor.py for tasks to queue
[2023-06-03T20:45:04.942+0000] {logging_mixin.py:149} INFO - [2023-06-03T20:45:04.942+0000] {dagbag.py:541} INFO - Filling up the DagBag from /home/airflow/.local/lib/python3.7/site-packages/airflow/example_dags/example_local_kubernetes_executor.py
[2023-06-03T20:45:05.081+0000] {processor.py:836} INFO - DAG(s) dict_keys(['example_local_kubernetes_executor']) retrieved from /home/airflow/.local/lib/python3.7/site-packages/airflow/example_dags/example_local_kubernetes_executor.py
[2023-06-03T20:45:05.108+0000] {logging_mixin.py:149} INFO - [2023-06-03T20:45:05.108+0000] {dag.py:2726} INFO - Sync 1 DAGs
[2023-06-03T20:45:05.128+0000] {logging_mixin.py:149} INFO - [2023-06-03T20:45:05.128+0000] {dag.py:3490} INFO - Setting next_dagrun for example_local_kubernetes_executor to None, run_after=None
[2023-06-03T20:45:05.146+0000] {processor.py:179} INFO - Processing /home/airflow/.local/lib/python3.7/site-packages/airflow/example_dags/example_local_kubernetes_executor.py took 0.209 seconds
[2023-06-03T20:45:35.641+0000] {processor.py:157} INFO - Started process (PID=10214) to work on /home/airflow/.local/lib/python3.7/site-packages/airflow/example_dags/example_local_kubernetes_executor.py
[2023-06-03T20:45:35.642+0000] {processor.py:826} INFO - Processing file /home/airflow/.local/lib/python3.7/site-packages/airflow/example_dags/example_local_kubernetes_executor.py for tasks to queue
[2023-06-03T20:45:35.643+0000] {logging_mixin.py:149} INFO - [2023-06-03T20:45:35.642+0000] {dagbag.py:541} INFO - Filling up the DagBag from /home/airflow/.local/lib/python3.7/site-packages/airflow/example_dags/example_local_kubernetes_executor.py
[2023-06-03T20:45:35.781+0000] {processor.py:836} INFO - DAG(s) dict_keys(['example_local_kubernetes_executor']) retrieved from /home/airflow/.local/lib/python3.7/site-packages/airflow/example_dags/example_local_kubernetes_executor.py
[2023-06-03T20:45:35.810+0000] {logging_mixin.py:149} INFO - [2023-06-03T20:45:35.810+0000] {dag.py:2726} INFO - Sync 1 DAGs
[2023-06-03T20:45:35.829+0000] {logging_mixin.py:149} INFO - [2023-06-03T20:45:35.829+0000] {dag.py:3490} INFO - Setting next_dagrun for example_local_kubernetes_executor to None, run_after=None
[2023-06-03T20:45:35.847+0000] {processor.py:179} INFO - Processing /home/airflow/.local/lib/python3.7/site-packages/airflow/example_dags/example_local_kubernetes_executor.py took 0.209 seconds
[2023-06-03T20:46:05.902+0000] {processor.py:157} INFO - Started process (PID=10466) to work on /home/airflow/.local/lib/python3.7/site-packages/airflow/example_dags/example_local_kubernetes_executor.py
[2023-06-03T20:46:05.903+0000] {processor.py:826} INFO - Processing file /home/airflow/.local/lib/python3.7/site-packages/airflow/example_dags/example_local_kubernetes_executor.py for tasks to queue
[2023-06-03T20:46:05.904+0000] {logging_mixin.py:149} INFO - [2023-06-03T20:46:05.904+0000] {dagbag.py:541} INFO - Filling up the DagBag from /home/airflow/.local/lib/python3.7/site-packages/airflow/example_dags/example_local_kubernetes_executor.py
[2023-06-03T20:46:06.062+0000] {processor.py:836} INFO - DAG(s) dict_keys(['example_local_kubernetes_executor']) retrieved from /home/airflow/.local/lib/python3.7/site-packages/airflow/example_dags/example_local_kubernetes_executor.py
[2023-06-03T20:46:06.092+0000] {logging_mixin.py:149} INFO - [2023-06-03T20:46:06.092+0000] {dag.py:2726} INFO - Sync 1 DAGs
[2023-06-03T20:46:06.111+0000] {logging_mixin.py:149} INFO - [2023-06-03T20:46:06.111+0000] {dag.py:3490} INFO - Setting next_dagrun for example_local_kubernetes_executor to None, run_after=None
[2023-06-03T20:46:06.127+0000] {processor.py:179} INFO - Processing /home/airflow/.local/lib/python3.7/site-packages/airflow/example_dags/example_local_kubernetes_executor.py took 0.227 seconds
[2023-06-03T20:46:37.029+0000] {processor.py:157} INFO - Started process (PID=10718) to work on /home/airflow/.local/lib/python3.7/site-packages/airflow/example_dags/example_local_kubernetes_executor.py
[2023-06-03T20:46:37.030+0000] {processor.py:826} INFO - Processing file /home/airflow/.local/lib/python3.7/site-packages/airflow/example_dags/example_local_kubernetes_executor.py for tasks to queue
[2023-06-03T20:46:37.031+0000] {logging_mixin.py:149} INFO - [2023-06-03T20:46:37.030+0000] {dagbag.py:541} INFO - Filling up the DagBag from /home/airflow/.local/lib/python3.7/site-packages/airflow/example_dags/example_local_kubernetes_executor.py
[2023-06-03T20:46:37.155+0000] {processor.py:836} INFO - DAG(s) dict_keys(['example_local_kubernetes_executor']) retrieved from /home/airflow/.local/lib/python3.7/site-packages/airflow/example_dags/example_local_kubernetes_executor.py
[2023-06-03T20:46:37.182+0000] {logging_mixin.py:149} INFO - [2023-06-03T20:46:37.182+0000] {dag.py:2726} INFO - Sync 1 DAGs
[2023-06-03T20:46:37.199+0000] {logging_mixin.py:149} INFO - [2023-06-03T20:46:37.199+0000] {dag.py:3490} INFO - Setting next_dagrun for example_local_kubernetes_executor to None, run_after=None
[2023-06-03T20:46:37.216+0000] {processor.py:179} INFO - Processing /home/airflow/.local/lib/python3.7/site-packages/airflow/example_dags/example_local_kubernetes_executor.py took 0.190 seconds
[2023-06-03T20:47:07.446+0000] {processor.py:157} INFO - Started process (PID=10970) to work on /home/airflow/.local/lib/python3.7/site-packages/airflow/example_dags/example_local_kubernetes_executor.py
[2023-06-03T20:47:07.447+0000] {processor.py:826} INFO - Processing file /home/airflow/.local/lib/python3.7/site-packages/airflow/example_dags/example_local_kubernetes_executor.py for tasks to queue
[2023-06-03T20:47:07.448+0000] {logging_mixin.py:149} INFO - [2023-06-03T20:47:07.448+0000] {dagbag.py:541} INFO - Filling up the DagBag from /home/airflow/.local/lib/python3.7/site-packages/airflow/example_dags/example_local_kubernetes_executor.py
[2023-06-03T20:47:07.589+0000] {processor.py:836} INFO - DAG(s) dict_keys(['example_local_kubernetes_executor']) retrieved from /home/airflow/.local/lib/python3.7/site-packages/airflow/example_dags/example_local_kubernetes_executor.py
[2023-06-03T20:47:07.620+0000] {logging_mixin.py:149} INFO - [2023-06-03T20:47:07.620+0000] {dag.py:2726} INFO - Sync 1 DAGs
[2023-06-03T20:47:07.639+0000] {logging_mixin.py:149} INFO - [2023-06-03T20:47:07.639+0000] {dag.py:3490} INFO - Setting next_dagrun for example_local_kubernetes_executor to None, run_after=None
[2023-06-03T20:47:07.657+0000] {processor.py:179} INFO - Processing /home/airflow/.local/lib/python3.7/site-packages/airflow/example_dags/example_local_kubernetes_executor.py took 0.213 seconds
[2023-06-03T20:47:37.747+0000] {processor.py:157} INFO - Started process (PID=11222) to work on /home/airflow/.local/lib/python3.7/site-packages/airflow/example_dags/example_local_kubernetes_executor.py
[2023-06-03T20:47:37.748+0000] {processor.py:826} INFO - Processing file /home/airflow/.local/lib/python3.7/site-packages/airflow/example_dags/example_local_kubernetes_executor.py for tasks to queue
[2023-06-03T20:47:37.749+0000] {logging_mixin.py:149} INFO - [2023-06-03T20:47:37.748+0000] {dagbag.py:541} INFO - Filling up the DagBag from /home/airflow/.local/lib/python3.7/site-packages/airflow/example_dags/example_local_kubernetes_executor.py
[2023-06-03T20:47:37.871+0000] {processor.py:836} INFO - DAG(s) dict_keys(['example_local_kubernetes_executor']) retrieved from /home/airflow/.local/lib/python3.7/site-packages/airflow/example_dags/example_local_kubernetes_executor.py
[2023-06-03T20:47:37.895+0000] {logging_mixin.py:149} INFO - [2023-06-03T20:47:37.895+0000] {dag.py:2726} INFO - Sync 1 DAGs
[2023-06-03T20:47:37.911+0000] {logging_mixin.py:149} INFO - [2023-06-03T20:47:37.911+0000] {dag.py:3490} INFO - Setting next_dagrun for example_local_kubernetes_executor to None, run_after=None
[2023-06-03T20:47:37.930+0000] {processor.py:179} INFO - Processing /home/airflow/.local/lib/python3.7/site-packages/airflow/example_dags/example_local_kubernetes_executor.py took 0.186 seconds
[2023-06-03T20:48:07.974+0000] {processor.py:157} INFO - Started process (PID=11471) to work on /home/airflow/.local/lib/python3.7/site-packages/airflow/example_dags/example_local_kubernetes_executor.py
[2023-06-03T20:48:07.975+0000] {processor.py:826} INFO - Processing file /home/airflow/.local/lib/python3.7/site-packages/airflow/example_dags/example_local_kubernetes_executor.py for tasks to queue
[2023-06-03T20:48:07.976+0000] {logging_mixin.py:149} INFO - [2023-06-03T20:48:07.975+0000] {dagbag.py:541} INFO - Filling up the DagBag from /home/airflow/.local/lib/python3.7/site-packages/airflow/example_dags/example_local_kubernetes_executor.py
[2023-06-03T20:48:08.098+0000] {processor.py:836} INFO - DAG(s) dict_keys(['example_local_kubernetes_executor']) retrieved from /home/airflow/.local/lib/python3.7/site-packages/airflow/example_dags/example_local_kubernetes_executor.py
[2023-06-03T20:48:08.124+0000] {logging_mixin.py:149} INFO - [2023-06-03T20:48:08.124+0000] {dag.py:2726} INFO - Sync 1 DAGs
[2023-06-03T20:48:08.140+0000] {logging_mixin.py:149} INFO - [2023-06-03T20:48:08.140+0000] {dag.py:3490} INFO - Setting next_dagrun for example_local_kubernetes_executor to None, run_after=None
[2023-06-03T20:48:08.156+0000] {processor.py:179} INFO - Processing /home/airflow/.local/lib/python3.7/site-packages/airflow/example_dags/example_local_kubernetes_executor.py took 0.185 seconds
[2023-06-03T20:48:38.425+0000] {processor.py:157} INFO - Started process (PID=11726) to work on /home/airflow/.local/lib/python3.7/site-packages/airflow/example_dags/example_local_kubernetes_executor.py
[2023-06-03T20:48:38.427+0000] {processor.py:826} INFO - Processing file /home/airflow/.local/lib/python3.7/site-packages/airflow/example_dags/example_local_kubernetes_executor.py for tasks to queue
[2023-06-03T20:48:38.428+0000] {logging_mixin.py:149} INFO - [2023-06-03T20:48:38.428+0000] {dagbag.py:541} INFO - Filling up the DagBag from /home/airflow/.local/lib/python3.7/site-packages/airflow/example_dags/example_local_kubernetes_executor.py
[2023-06-03T20:48:38.561+0000] {processor.py:836} INFO - DAG(s) dict_keys(['example_local_kubernetes_executor']) retrieved from /home/airflow/.local/lib/python3.7/site-packages/airflow/example_dags/example_local_kubernetes_executor.py
[2023-06-03T20:48:38.591+0000] {logging_mixin.py:149} INFO - [2023-06-03T20:48:38.590+0000] {dag.py:2726} INFO - Sync 1 DAGs
[2023-06-03T20:48:38.609+0000] {logging_mixin.py:149} INFO - [2023-06-03T20:48:38.609+0000] {dag.py:3490} INFO - Setting next_dagrun for example_local_kubernetes_executor to None, run_after=None
[2023-06-03T20:48:38.626+0000] {processor.py:179} INFO - Processing /home/airflow/.local/lib/python3.7/site-packages/airflow/example_dags/example_local_kubernetes_executor.py took 0.203 seconds
[2023-06-03T20:49:08.765+0000] {processor.py:157} INFO - Started process (PID=11978) to work on /home/airflow/.local/lib/python3.7/site-packages/airflow/example_dags/example_local_kubernetes_executor.py
[2023-06-03T20:49:08.766+0000] {processor.py:826} INFO - Processing file /home/airflow/.local/lib/python3.7/site-packages/airflow/example_dags/example_local_kubernetes_executor.py for tasks to queue
[2023-06-03T20:49:08.767+0000] {logging_mixin.py:149} INFO - [2023-06-03T20:49:08.767+0000] {dagbag.py:541} INFO - Filling up the DagBag from /home/airflow/.local/lib/python3.7/site-packages/airflow/example_dags/example_local_kubernetes_executor.py
[2023-06-03T20:49:08.896+0000] {processor.py:836} INFO - DAG(s) dict_keys(['example_local_kubernetes_executor']) retrieved from /home/airflow/.local/lib/python3.7/site-packages/airflow/example_dags/example_local_kubernetes_executor.py
[2023-06-03T20:49:08.923+0000] {logging_mixin.py:149} INFO - [2023-06-03T20:49:08.922+0000] {dag.py:2726} INFO - Sync 1 DAGs
[2023-06-03T20:49:08.941+0000] {logging_mixin.py:149} INFO - [2023-06-03T20:49:08.941+0000] {dag.py:3490} INFO - Setting next_dagrun for example_local_kubernetes_executor to None, run_after=None
[2023-06-03T20:49:08.957+0000] {processor.py:179} INFO - Processing /home/airflow/.local/lib/python3.7/site-packages/airflow/example_dags/example_local_kubernetes_executor.py took 0.194 seconds
[2023-06-03T20:49:39.023+0000] {processor.py:157} INFO - Started process (PID=12230) to work on /home/airflow/.local/lib/python3.7/site-packages/airflow/example_dags/example_local_kubernetes_executor.py
[2023-06-03T20:49:39.025+0000] {processor.py:826} INFO - Processing file /home/airflow/.local/lib/python3.7/site-packages/airflow/example_dags/example_local_kubernetes_executor.py for tasks to queue
[2023-06-03T20:49:39.027+0000] {logging_mixin.py:149} INFO - [2023-06-03T20:49:39.027+0000] {dagbag.py:541} INFO - Filling up the DagBag from /home/airflow/.local/lib/python3.7/site-packages/airflow/example_dags/example_local_kubernetes_executor.py
[2023-06-03T20:49:39.157+0000] {processor.py:836} INFO - DAG(s) dict_keys(['example_local_kubernetes_executor']) retrieved from /home/airflow/.local/lib/python3.7/site-packages/airflow/example_dags/example_local_kubernetes_executor.py
[2023-06-03T20:49:39.183+0000] {logging_mixin.py:149} INFO - [2023-06-03T20:49:39.183+0000] {dag.py:2726} INFO - Sync 1 DAGs
[2023-06-03T20:49:39.201+0000] {logging_mixin.py:149} INFO - [2023-06-03T20:49:39.201+0000] {dag.py:3490} INFO - Setting next_dagrun for example_local_kubernetes_executor to None, run_after=None
[2023-06-03T20:49:39.217+0000] {processor.py:179} INFO - Processing /home/airflow/.local/lib/python3.7/site-packages/airflow/example_dags/example_local_kubernetes_executor.py took 0.197 seconds
[2023-06-03T20:50:09.761+0000] {processor.py:157} INFO - Started process (PID=12481) to work on /home/airflow/.local/lib/python3.7/site-packages/airflow/example_dags/example_local_kubernetes_executor.py
[2023-06-03T20:50:09.762+0000] {processor.py:826} INFO - Processing file /home/airflow/.local/lib/python3.7/site-packages/airflow/example_dags/example_local_kubernetes_executor.py for tasks to queue
[2023-06-03T20:50:09.763+0000] {logging_mixin.py:149} INFO - [2023-06-03T20:50:09.763+0000] {dagbag.py:541} INFO - Filling up the DagBag from /home/airflow/.local/lib/python3.7/site-packages/airflow/example_dags/example_local_kubernetes_executor.py
[2023-06-03T20:50:09.899+0000] {processor.py:836} INFO - DAG(s) dict_keys(['example_local_kubernetes_executor']) retrieved from /home/airflow/.local/lib/python3.7/site-packages/airflow/example_dags/example_local_kubernetes_executor.py
[2023-06-03T20:50:09.930+0000] {logging_mixin.py:149} INFO - [2023-06-03T20:50:09.930+0000] {dag.py:2726} INFO - Sync 1 DAGs
[2023-06-03T20:50:09.948+0000] {logging_mixin.py:149} INFO - [2023-06-03T20:50:09.948+0000] {dag.py:3490} INFO - Setting next_dagrun for example_local_kubernetes_executor to None, run_after=None
[2023-06-03T20:50:09.967+0000] {processor.py:179} INFO - Processing /home/airflow/.local/lib/python3.7/site-packages/airflow/example_dags/example_local_kubernetes_executor.py took 0.209 seconds
[2023-06-03T20:50:40.919+0000] {processor.py:157} INFO - Started process (PID=12734) to work on /home/airflow/.local/lib/python3.7/site-packages/airflow/example_dags/example_local_kubernetes_executor.py
[2023-06-03T20:50:40.920+0000] {processor.py:826} INFO - Processing file /home/airflow/.local/lib/python3.7/site-packages/airflow/example_dags/example_local_kubernetes_executor.py for tasks to queue
[2023-06-03T20:50:40.921+0000] {logging_mixin.py:149} INFO - [2023-06-03T20:50:40.921+0000] {dagbag.py:541} INFO - Filling up the DagBag from /home/airflow/.local/lib/python3.7/site-packages/airflow/example_dags/example_local_kubernetes_executor.py
[2023-06-03T20:50:41.049+0000] {processor.py:836} INFO - DAG(s) dict_keys(['example_local_kubernetes_executor']) retrieved from /home/airflow/.local/lib/python3.7/site-packages/airflow/example_dags/example_local_kubernetes_executor.py
[2023-06-03T20:50:41.079+0000] {logging_mixin.py:149} INFO - [2023-06-03T20:50:41.078+0000] {dag.py:2726} INFO - Sync 1 DAGs
[2023-06-03T20:50:41.097+0000] {logging_mixin.py:149} INFO - [2023-06-03T20:50:41.097+0000] {dag.py:3490} INFO - Setting next_dagrun for example_local_kubernetes_executor to None, run_after=None
[2023-06-03T20:50:41.114+0000] {processor.py:179} INFO - Processing /home/airflow/.local/lib/python3.7/site-packages/airflow/example_dags/example_local_kubernetes_executor.py took 0.197 seconds
[2023-06-03T20:51:11.463+0000] {processor.py:157} INFO - Started process (PID=12987) to work on /home/airflow/.local/lib/python3.7/site-packages/airflow/example_dags/example_local_kubernetes_executor.py
[2023-06-03T20:51:11.466+0000] {processor.py:826} INFO - Processing file /home/airflow/.local/lib/python3.7/site-packages/airflow/example_dags/example_local_kubernetes_executor.py for tasks to queue
[2023-06-03T20:51:11.470+0000] {logging_mixin.py:149} INFO - [2023-06-03T20:51:11.469+0000] {dagbag.py:541} INFO - Filling up the DagBag from /home/airflow/.local/lib/python3.7/site-packages/airflow/example_dags/example_local_kubernetes_executor.py
[2023-06-03T20:51:11.610+0000] {processor.py:836} INFO - DAG(s) dict_keys(['example_local_kubernetes_executor']) retrieved from /home/airflow/.local/lib/python3.7/site-packages/airflow/example_dags/example_local_kubernetes_executor.py
[2023-06-03T20:51:11.642+0000] {logging_mixin.py:149} INFO - [2023-06-03T20:51:11.642+0000] {dag.py:2726} INFO - Sync 1 DAGs
[2023-06-03T20:51:11.660+0000] {logging_mixin.py:149} INFO - [2023-06-03T20:51:11.660+0000] {dag.py:3490} INFO - Setting next_dagrun for example_local_kubernetes_executor to None, run_after=None
[2023-06-03T20:51:11.675+0000] {processor.py:179} INFO - Processing /home/airflow/.local/lib/python3.7/site-packages/airflow/example_dags/example_local_kubernetes_executor.py took 0.214 seconds
[2023-06-03T20:51:42.536+0000] {processor.py:157} INFO - Started process (PID=13246) to work on /home/airflow/.local/lib/python3.7/site-packages/airflow/example_dags/example_local_kubernetes_executor.py
[2023-06-03T20:51:42.538+0000] {processor.py:826} INFO - Processing file /home/airflow/.local/lib/python3.7/site-packages/airflow/example_dags/example_local_kubernetes_executor.py for tasks to queue
[2023-06-03T20:51:42.539+0000] {logging_mixin.py:149} INFO - [2023-06-03T20:51:42.539+0000] {dagbag.py:541} INFO - Filling up the DagBag from /home/airflow/.local/lib/python3.7/site-packages/airflow/example_dags/example_local_kubernetes_executor.py
[2023-06-03T20:51:42.662+0000] {processor.py:836} INFO - DAG(s) dict_keys(['example_local_kubernetes_executor']) retrieved from /home/airflow/.local/lib/python3.7/site-packages/airflow/example_dags/example_local_kubernetes_executor.py
[2023-06-03T20:51:42.689+0000] {logging_mixin.py:149} INFO - [2023-06-03T20:51:42.689+0000] {dag.py:2726} INFO - Sync 1 DAGs
[2023-06-03T20:51:42.707+0000] {logging_mixin.py:149} INFO - [2023-06-03T20:51:42.707+0000] {dag.py:3490} INFO - Setting next_dagrun for example_local_kubernetes_executor to None, run_after=None
[2023-06-03T20:51:42.723+0000] {processor.py:179} INFO - Processing /home/airflow/.local/lib/python3.7/site-packages/airflow/example_dags/example_local_kubernetes_executor.py took 0.191 seconds
[2023-06-03T20:52:13.405+0000] {processor.py:157} INFO - Started process (PID=13498) to work on /home/airflow/.local/lib/python3.7/site-packages/airflow/example_dags/example_local_kubernetes_executor.py
[2023-06-03T20:52:13.406+0000] {processor.py:826} INFO - Processing file /home/airflow/.local/lib/python3.7/site-packages/airflow/example_dags/example_local_kubernetes_executor.py for tasks to queue
[2023-06-03T20:52:13.408+0000] {logging_mixin.py:149} INFO - [2023-06-03T20:52:13.407+0000] {dagbag.py:541} INFO - Filling up the DagBag from /home/airflow/.local/lib/python3.7/site-packages/airflow/example_dags/example_local_kubernetes_executor.py
[2023-06-03T20:52:13.546+0000] {processor.py:836} INFO - DAG(s) dict_keys(['example_local_kubernetes_executor']) retrieved from /home/airflow/.local/lib/python3.7/site-packages/airflow/example_dags/example_local_kubernetes_executor.py
[2023-06-03T20:52:13.576+0000] {logging_mixin.py:149} INFO - [2023-06-03T20:52:13.576+0000] {dag.py:2726} INFO - Sync 1 DAGs
[2023-06-03T20:52:13.596+0000] {logging_mixin.py:149} INFO - [2023-06-03T20:52:13.596+0000] {dag.py:3490} INFO - Setting next_dagrun for example_local_kubernetes_executor to None, run_after=None
[2023-06-03T20:52:13.614+0000] {processor.py:179} INFO - Processing /home/airflow/.local/lib/python3.7/site-packages/airflow/example_dags/example_local_kubernetes_executor.py took 0.211 seconds
[2023-06-03T20:52:44.062+0000] {processor.py:157} INFO - Started process (PID=13750) to work on /home/airflow/.local/lib/python3.7/site-packages/airflow/example_dags/example_local_kubernetes_executor.py
[2023-06-03T20:52:44.063+0000] {processor.py:826} INFO - Processing file /home/airflow/.local/lib/python3.7/site-packages/airflow/example_dags/example_local_kubernetes_executor.py for tasks to queue
[2023-06-03T20:52:44.069+0000] {logging_mixin.py:149} INFO - [2023-06-03T20:52:44.069+0000] {dagbag.py:541} INFO - Filling up the DagBag from /home/airflow/.local/lib/python3.7/site-packages/airflow/example_dags/example_local_kubernetes_executor.py
[2023-06-03T20:52:44.193+0000] {processor.py:836} INFO - DAG(s) dict_keys(['example_local_kubernetes_executor']) retrieved from /home/airflow/.local/lib/python3.7/site-packages/airflow/example_dags/example_local_kubernetes_executor.py
[2023-06-03T20:52:44.222+0000] {logging_mixin.py:149} INFO - [2023-06-03T20:52:44.222+0000] {dag.py:2726} INFO - Sync 1 DAGs
[2023-06-03T20:52:44.239+0000] {logging_mixin.py:149} INFO - [2023-06-03T20:52:44.239+0000] {dag.py:3490} INFO - Setting next_dagrun for example_local_kubernetes_executor to None, run_after=None
[2023-06-03T20:52:44.254+0000] {processor.py:179} INFO - Processing /home/airflow/.local/lib/python3.7/site-packages/airflow/example_dags/example_local_kubernetes_executor.py took 0.194 seconds
[2023-06-03T20:53:14.609+0000] {processor.py:157} INFO - Started process (PID=14002) to work on /home/airflow/.local/lib/python3.7/site-packages/airflow/example_dags/example_local_kubernetes_executor.py
[2023-06-03T20:53:14.610+0000] {processor.py:826} INFO - Processing file /home/airflow/.local/lib/python3.7/site-packages/airflow/example_dags/example_local_kubernetes_executor.py for tasks to queue
[2023-06-03T20:53:14.611+0000] {logging_mixin.py:149} INFO - [2023-06-03T20:53:14.610+0000] {dagbag.py:541} INFO - Filling up the DagBag from /home/airflow/.local/lib/python3.7/site-packages/airflow/example_dags/example_local_kubernetes_executor.py
[2023-06-03T20:53:14.744+0000] {processor.py:836} INFO - DAG(s) dict_keys(['example_local_kubernetes_executor']) retrieved from /home/airflow/.local/lib/python3.7/site-packages/airflow/example_dags/example_local_kubernetes_executor.py
[2023-06-03T20:53:14.775+0000] {logging_mixin.py:149} INFO - [2023-06-03T20:53:14.775+0000] {dag.py:2726} INFO - Sync 1 DAGs
[2023-06-03T20:53:14.794+0000] {logging_mixin.py:149} INFO - [2023-06-03T20:53:14.794+0000] {dag.py:3490} INFO - Setting next_dagrun for example_local_kubernetes_executor to None, run_after=None
[2023-06-03T20:53:14.811+0000] {processor.py:179} INFO - Processing /home/airflow/.local/lib/python3.7/site-packages/airflow/example_dags/example_local_kubernetes_executor.py took 0.204 seconds
[2023-06-03T20:53:44.952+0000] {processor.py:157} INFO - Started process (PID=14254) to work on /home/airflow/.local/lib/python3.7/site-packages/airflow/example_dags/example_local_kubernetes_executor.py
[2023-06-03T20:53:44.954+0000] {processor.py:826} INFO - Processing file /home/airflow/.local/lib/python3.7/site-packages/airflow/example_dags/example_local_kubernetes_executor.py for tasks to queue
[2023-06-03T20:53:44.955+0000] {logging_mixin.py:149} INFO - [2023-06-03T20:53:44.955+0000] {dagbag.py:541} INFO - Filling up the DagBag from /home/airflow/.local/lib/python3.7/site-packages/airflow/example_dags/example_local_kubernetes_executor.py
[2023-06-03T20:53:45.098+0000] {processor.py:836} INFO - DAG(s) dict_keys(['example_local_kubernetes_executor']) retrieved from /home/airflow/.local/lib/python3.7/site-packages/airflow/example_dags/example_local_kubernetes_executor.py
[2023-06-03T20:53:45.129+0000] {logging_mixin.py:149} INFO - [2023-06-03T20:53:45.129+0000] {dag.py:2726} INFO - Sync 1 DAGs
[2023-06-03T20:53:45.149+0000] {logging_mixin.py:149} INFO - [2023-06-03T20:53:45.149+0000] {dag.py:3490} INFO - Setting next_dagrun for example_local_kubernetes_executor to None, run_after=None
[2023-06-03T20:53:45.168+0000] {processor.py:179} INFO - Processing /home/airflow/.local/lib/python3.7/site-packages/airflow/example_dags/example_local_kubernetes_executor.py took 0.219 seconds
[2023-06-03T20:54:15.826+0000] {processor.py:157} INFO - Started process (PID=14504) to work on /home/airflow/.local/lib/python3.7/site-packages/airflow/example_dags/example_local_kubernetes_executor.py
[2023-06-03T20:54:15.827+0000] {processor.py:826} INFO - Processing file /home/airflow/.local/lib/python3.7/site-packages/airflow/example_dags/example_local_kubernetes_executor.py for tasks to queue
[2023-06-03T20:54:15.828+0000] {logging_mixin.py:149} INFO - [2023-06-03T20:54:15.828+0000] {dagbag.py:541} INFO - Filling up the DagBag from /home/airflow/.local/lib/python3.7/site-packages/airflow/example_dags/example_local_kubernetes_executor.py
[2023-06-03T20:54:15.952+0000] {processor.py:836} INFO - DAG(s) dict_keys(['example_local_kubernetes_executor']) retrieved from /home/airflow/.local/lib/python3.7/site-packages/airflow/example_dags/example_local_kubernetes_executor.py
[2023-06-03T20:54:15.978+0000] {logging_mixin.py:149} INFO - [2023-06-03T20:54:15.978+0000] {dag.py:2726} INFO - Sync 1 DAGs
[2023-06-03T20:54:15.995+0000] {logging_mixin.py:149} INFO - [2023-06-03T20:54:15.994+0000] {dag.py:3490} INFO - Setting next_dagrun for example_local_kubernetes_executor to None, run_after=None
[2023-06-03T20:54:16.013+0000] {processor.py:179} INFO - Processing /home/airflow/.local/lib/python3.7/site-packages/airflow/example_dags/example_local_kubernetes_executor.py took 0.189 seconds
[2023-06-03T20:54:46.398+0000] {processor.py:157} INFO - Started process (PID=14758) to work on /home/airflow/.local/lib/python3.7/site-packages/airflow/example_dags/example_local_kubernetes_executor.py
[2023-06-03T20:54:46.400+0000] {processor.py:826} INFO - Processing file /home/airflow/.local/lib/python3.7/site-packages/airflow/example_dags/example_local_kubernetes_executor.py for tasks to queue
[2023-06-03T20:54:46.403+0000] {logging_mixin.py:149} INFO - [2023-06-03T20:54:46.403+0000] {dagbag.py:541} INFO - Filling up the DagBag from /home/airflow/.local/lib/python3.7/site-packages/airflow/example_dags/example_local_kubernetes_executor.py
[2023-06-03T20:54:46.541+0000] {processor.py:836} INFO - DAG(s) dict_keys(['example_local_kubernetes_executor']) retrieved from /home/airflow/.local/lib/python3.7/site-packages/airflow/example_dags/example_local_kubernetes_executor.py
[2023-06-03T20:54:46.573+0000] {logging_mixin.py:149} INFO - [2023-06-03T20:54:46.572+0000] {dag.py:2726} INFO - Sync 1 DAGs
[2023-06-03T20:54:46.591+0000] {logging_mixin.py:149} INFO - [2023-06-03T20:54:46.591+0000] {dag.py:3490} INFO - Setting next_dagrun for example_local_kubernetes_executor to None, run_after=None
[2023-06-03T20:54:46.611+0000] {processor.py:179} INFO - Processing /home/airflow/.local/lib/python3.7/site-packages/airflow/example_dags/example_local_kubernetes_executor.py took 0.215 seconds
[2023-06-03T20:55:16.748+0000] {processor.py:157} INFO - Started process (PID=15010) to work on /home/airflow/.local/lib/python3.7/site-packages/airflow/example_dags/example_local_kubernetes_executor.py
[2023-06-03T20:55:16.749+0000] {processor.py:826} INFO - Processing file /home/airflow/.local/lib/python3.7/site-packages/airflow/example_dags/example_local_kubernetes_executor.py for tasks to queue
[2023-06-03T20:55:16.750+0000] {logging_mixin.py:149} INFO - [2023-06-03T20:55:16.750+0000] {dagbag.py:541} INFO - Filling up the DagBag from /home/airflow/.local/lib/python3.7/site-packages/airflow/example_dags/example_local_kubernetes_executor.py
[2023-06-03T20:55:16.898+0000] {processor.py:836} INFO - DAG(s) dict_keys(['example_local_kubernetes_executor']) retrieved from /home/airflow/.local/lib/python3.7/site-packages/airflow/example_dags/example_local_kubernetes_executor.py
[2023-06-03T20:55:16.935+0000] {logging_mixin.py:149} INFO - [2023-06-03T20:55:16.935+0000] {dag.py:2726} INFO - Sync 1 DAGs
[2023-06-03T20:55:16.954+0000] {logging_mixin.py:149} INFO - [2023-06-03T20:55:16.954+0000] {dag.py:3490} INFO - Setting next_dagrun for example_local_kubernetes_executor to None, run_after=None
[2023-06-03T20:55:16.972+0000] {processor.py:179} INFO - Processing /home/airflow/.local/lib/python3.7/site-packages/airflow/example_dags/example_local_kubernetes_executor.py took 0.226 seconds
[2023-06-03T20:55:47.508+0000] {processor.py:157} INFO - Started process (PID=15262) to work on /home/airflow/.local/lib/python3.7/site-packages/airflow/example_dags/example_local_kubernetes_executor.py
[2023-06-03T20:55:47.509+0000] {processor.py:826} INFO - Processing file /home/airflow/.local/lib/python3.7/site-packages/airflow/example_dags/example_local_kubernetes_executor.py for tasks to queue
[2023-06-03T20:55:47.510+0000] {logging_mixin.py:149} INFO - [2023-06-03T20:55:47.510+0000] {dagbag.py:541} INFO - Filling up the DagBag from /home/airflow/.local/lib/python3.7/site-packages/airflow/example_dags/example_local_kubernetes_executor.py
[2023-06-03T20:55:47.638+0000] {processor.py:836} INFO - DAG(s) dict_keys(['example_local_kubernetes_executor']) retrieved from /home/airflow/.local/lib/python3.7/site-packages/airflow/example_dags/example_local_kubernetes_executor.py
[2023-06-03T20:55:47.668+0000] {logging_mixin.py:149} INFO - [2023-06-03T20:55:47.668+0000] {dag.py:2726} INFO - Sync 1 DAGs
[2023-06-03T20:55:47.778+0000] {logging_mixin.py:149} INFO - [2023-06-03T20:55:47.778+0000] {dag.py:3490} INFO - Setting next_dagrun for example_local_kubernetes_executor to None, run_after=None
[2023-06-03T20:55:47.796+0000] {processor.py:179} INFO - Processing /home/airflow/.local/lib/python3.7/site-packages/airflow/example_dags/example_local_kubernetes_executor.py took 0.290 seconds
[2023-06-03T20:56:17.839+0000] {processor.py:157} INFO - Started process (PID=15514) to work on /home/airflow/.local/lib/python3.7/site-packages/airflow/example_dags/example_local_kubernetes_executor.py
[2023-06-03T20:56:17.840+0000] {processor.py:826} INFO - Processing file /home/airflow/.local/lib/python3.7/site-packages/airflow/example_dags/example_local_kubernetes_executor.py for tasks to queue
[2023-06-03T20:56:17.840+0000] {logging_mixin.py:149} INFO - [2023-06-03T20:56:17.840+0000] {dagbag.py:541} INFO - Filling up the DagBag from /home/airflow/.local/lib/python3.7/site-packages/airflow/example_dags/example_local_kubernetes_executor.py
[2023-06-03T20:56:17.968+0000] {processor.py:836} INFO - DAG(s) dict_keys(['example_local_kubernetes_executor']) retrieved from /home/airflow/.local/lib/python3.7/site-packages/airflow/example_dags/example_local_kubernetes_executor.py
[2023-06-03T20:56:17.994+0000] {logging_mixin.py:149} INFO - [2023-06-03T20:56:17.994+0000] {dag.py:2726} INFO - Sync 1 DAGs
[2023-06-03T20:56:18.010+0000] {logging_mixin.py:149} INFO - [2023-06-03T20:56:18.010+0000] {dag.py:3490} INFO - Setting next_dagrun for example_local_kubernetes_executor to None, run_after=None
[2023-06-03T20:56:18.114+0000] {processor.py:179} INFO - Processing /home/airflow/.local/lib/python3.7/site-packages/airflow/example_dags/example_local_kubernetes_executor.py took 0.278 seconds
[2023-06-03T20:56:48.429+0000] {processor.py:157} INFO - Started process (PID=15766) to work on /home/airflow/.local/lib/python3.7/site-packages/airflow/example_dags/example_local_kubernetes_executor.py
[2023-06-03T20:56:48.430+0000] {processor.py:826} INFO - Processing file /home/airflow/.local/lib/python3.7/site-packages/airflow/example_dags/example_local_kubernetes_executor.py for tasks to queue
[2023-06-03T20:56:48.431+0000] {logging_mixin.py:149} INFO - [2023-06-03T20:56:48.431+0000] {dagbag.py:541} INFO - Filling up the DagBag from /home/airflow/.local/lib/python3.7/site-packages/airflow/example_dags/example_local_kubernetes_executor.py
[2023-06-03T20:56:48.566+0000] {processor.py:836} INFO - DAG(s) dict_keys(['example_local_kubernetes_executor']) retrieved from /home/airflow/.local/lib/python3.7/site-packages/airflow/example_dags/example_local_kubernetes_executor.py
[2023-06-03T20:56:48.594+0000] {logging_mixin.py:149} INFO - [2023-06-03T20:56:48.594+0000] {dag.py:2726} INFO - Sync 1 DAGs
[2023-06-03T20:56:48.612+0000] {logging_mixin.py:149} INFO - [2023-06-03T20:56:48.612+0000] {dag.py:3490} INFO - Setting next_dagrun for example_local_kubernetes_executor to None, run_after=None
[2023-06-03T20:56:48.628+0000] {processor.py:179} INFO - Processing /home/airflow/.local/lib/python3.7/site-packages/airflow/example_dags/example_local_kubernetes_executor.py took 0.201 seconds
[2023-06-03T20:57:18.960+0000] {processor.py:157} INFO - Started process (PID=16018) to work on /home/airflow/.local/lib/python3.7/site-packages/airflow/example_dags/example_local_kubernetes_executor.py
[2023-06-03T20:57:18.961+0000] {processor.py:826} INFO - Processing file /home/airflow/.local/lib/python3.7/site-packages/airflow/example_dags/example_local_kubernetes_executor.py for tasks to queue
[2023-06-03T20:57:18.962+0000] {logging_mixin.py:149} INFO - [2023-06-03T20:57:18.962+0000] {dagbag.py:541} INFO - Filling up the DagBag from /home/airflow/.local/lib/python3.7/site-packages/airflow/example_dags/example_local_kubernetes_executor.py
[2023-06-03T20:57:19.096+0000] {processor.py:836} INFO - DAG(s) dict_keys(['example_local_kubernetes_executor']) retrieved from /home/airflow/.local/lib/python3.7/site-packages/airflow/example_dags/example_local_kubernetes_executor.py
[2023-06-03T20:57:19.209+0000] {logging_mixin.py:149} INFO - [2023-06-03T20:57:19.209+0000] {dag.py:2726} INFO - Sync 1 DAGs
[2023-06-03T20:57:19.228+0000] {logging_mixin.py:149} INFO - [2023-06-03T20:57:19.228+0000] {dag.py:3490} INFO - Setting next_dagrun for example_local_kubernetes_executor to None, run_after=None
[2023-06-03T20:57:19.246+0000] {processor.py:179} INFO - Processing /home/airflow/.local/lib/python3.7/site-packages/airflow/example_dags/example_local_kubernetes_executor.py took 0.288 seconds
[2023-06-03T20:57:49.358+0000] {processor.py:157} INFO - Started process (PID=16270) to work on /home/airflow/.local/lib/python3.7/site-packages/airflow/example_dags/example_local_kubernetes_executor.py
[2023-06-03T20:57:49.359+0000] {processor.py:826} INFO - Processing file /home/airflow/.local/lib/python3.7/site-packages/airflow/example_dags/example_local_kubernetes_executor.py for tasks to queue
[2023-06-03T20:57:49.361+0000] {logging_mixin.py:149} INFO - [2023-06-03T20:57:49.361+0000] {dagbag.py:541} INFO - Filling up the DagBag from /home/airflow/.local/lib/python3.7/site-packages/airflow/example_dags/example_local_kubernetes_executor.py
[2023-06-03T20:57:49.495+0000] {processor.py:836} INFO - DAG(s) dict_keys(['example_local_kubernetes_executor']) retrieved from /home/airflow/.local/lib/python3.7/site-packages/airflow/example_dags/example_local_kubernetes_executor.py
[2023-06-03T20:57:49.522+0000] {logging_mixin.py:149} INFO - [2023-06-03T20:57:49.522+0000] {dag.py:2726} INFO - Sync 1 DAGs
[2023-06-03T20:57:49.617+0000] {logging_mixin.py:149} INFO - [2023-06-03T20:57:49.617+0000] {dag.py:3490} INFO - Setting next_dagrun for example_local_kubernetes_executor to None, run_after=None
[2023-06-03T20:57:49.634+0000] {processor.py:179} INFO - Processing /home/airflow/.local/lib/python3.7/site-packages/airflow/example_dags/example_local_kubernetes_executor.py took 0.278 seconds
[2023-06-03T20:58:19.723+0000] {processor.py:157} INFO - Started process (PID=16522) to work on /home/airflow/.local/lib/python3.7/site-packages/airflow/example_dags/example_local_kubernetes_executor.py
[2023-06-03T20:58:19.724+0000] {processor.py:826} INFO - Processing file /home/airflow/.local/lib/python3.7/site-packages/airflow/example_dags/example_local_kubernetes_executor.py for tasks to queue
[2023-06-03T20:58:19.725+0000] {logging_mixin.py:149} INFO - [2023-06-03T20:58:19.725+0000] {dagbag.py:541} INFO - Filling up the DagBag from /home/airflow/.local/lib/python3.7/site-packages/airflow/example_dags/example_local_kubernetes_executor.py
[2023-06-03T20:58:19.856+0000] {processor.py:836} INFO - DAG(s) dict_keys(['example_local_kubernetes_executor']) retrieved from /home/airflow/.local/lib/python3.7/site-packages/airflow/example_dags/example_local_kubernetes_executor.py
[2023-06-03T20:58:19.885+0000] {logging_mixin.py:149} INFO - [2023-06-03T20:58:19.885+0000] {dag.py:2726} INFO - Sync 1 DAGs
[2023-06-03T20:58:19.905+0000] {logging_mixin.py:149} INFO - [2023-06-03T20:58:19.905+0000] {dag.py:3490} INFO - Setting next_dagrun for example_local_kubernetes_executor to None, run_after=None
[2023-06-03T20:58:20.014+0000] {processor.py:179} INFO - Processing /home/airflow/.local/lib/python3.7/site-packages/airflow/example_dags/example_local_kubernetes_executor.py took 0.295 seconds
[2023-06-03T20:58:50.265+0000] {processor.py:157} INFO - Started process (PID=16774) to work on /home/airflow/.local/lib/python3.7/site-packages/airflow/example_dags/example_local_kubernetes_executor.py
[2023-06-03T20:58:50.267+0000] {processor.py:826} INFO - Processing file /home/airflow/.local/lib/python3.7/site-packages/airflow/example_dags/example_local_kubernetes_executor.py for tasks to queue
[2023-06-03T20:58:50.268+0000] {logging_mixin.py:149} INFO - [2023-06-03T20:58:50.268+0000] {dagbag.py:541} INFO - Filling up the DagBag from /home/airflow/.local/lib/python3.7/site-packages/airflow/example_dags/example_local_kubernetes_executor.py
[2023-06-03T20:58:50.408+0000] {processor.py:836} INFO - DAG(s) dict_keys(['example_local_kubernetes_executor']) retrieved from /home/airflow/.local/lib/python3.7/site-packages/airflow/example_dags/example_local_kubernetes_executor.py
[2023-06-03T20:58:50.541+0000] {logging_mixin.py:149} INFO - [2023-06-03T20:58:50.540+0000] {dag.py:2726} INFO - Sync 1 DAGs
[2023-06-03T20:58:50.559+0000] {logging_mixin.py:149} INFO - [2023-06-03T20:58:50.559+0000] {dag.py:3490} INFO - Setting next_dagrun for example_local_kubernetes_executor to None, run_after=None
[2023-06-03T20:58:50.579+0000] {processor.py:179} INFO - Processing /home/airflow/.local/lib/python3.7/site-packages/airflow/example_dags/example_local_kubernetes_executor.py took 0.316 seconds
[2023-06-03T20:59:21.093+0000] {processor.py:157} INFO - Started process (PID=17026) to work on /home/airflow/.local/lib/python3.7/site-packages/airflow/example_dags/example_local_kubernetes_executor.py
[2023-06-03T20:59:21.094+0000] {processor.py:826} INFO - Processing file /home/airflow/.local/lib/python3.7/site-packages/airflow/example_dags/example_local_kubernetes_executor.py for tasks to queue
[2023-06-03T20:59:21.095+0000] {logging_mixin.py:149} INFO - [2023-06-03T20:59:21.095+0000] {dagbag.py:541} INFO - Filling up the DagBag from /home/airflow/.local/lib/python3.7/site-packages/airflow/example_dags/example_local_kubernetes_executor.py
[2023-06-03T20:59:21.224+0000] {processor.py:836} INFO - DAG(s) dict_keys(['example_local_kubernetes_executor']) retrieved from /home/airflow/.local/lib/python3.7/site-packages/airflow/example_dags/example_local_kubernetes_executor.py
[2023-06-03T20:59:21.332+0000] {logging_mixin.py:149} INFO - [2023-06-03T20:59:21.332+0000] {dag.py:2726} INFO - Sync 1 DAGs
[2023-06-03T20:59:21.348+0000] {logging_mixin.py:149} INFO - [2023-06-03T20:59:21.348+0000] {dag.py:3490} INFO - Setting next_dagrun for example_local_kubernetes_executor to None, run_after=None
[2023-06-03T20:59:21.365+0000] {processor.py:179} INFO - Processing /home/airflow/.local/lib/python3.7/site-packages/airflow/example_dags/example_local_kubernetes_executor.py took 0.274 seconds
[2023-06-03T20:59:52.102+0000] {processor.py:157} INFO - Started process (PID=17278) to work on /home/airflow/.local/lib/python3.7/site-packages/airflow/example_dags/example_local_kubernetes_executor.py
[2023-06-03T20:59:52.104+0000] {processor.py:826} INFO - Processing file /home/airflow/.local/lib/python3.7/site-packages/airflow/example_dags/example_local_kubernetes_executor.py for tasks to queue
[2023-06-03T20:59:52.105+0000] {logging_mixin.py:149} INFO - [2023-06-03T20:59:52.105+0000] {dagbag.py:541} INFO - Filling up the DagBag from /home/airflow/.local/lib/python3.7/site-packages/airflow/example_dags/example_local_kubernetes_executor.py
[2023-06-03T20:59:52.334+0000] {processor.py:836} INFO - DAG(s) dict_keys(['example_local_kubernetes_executor']) retrieved from /home/airflow/.local/lib/python3.7/site-packages/airflow/example_dags/example_local_kubernetes_executor.py
[2023-06-03T20:59:52.358+0000] {logging_mixin.py:149} INFO - [2023-06-03T20:59:52.358+0000] {dag.py:2726} INFO - Sync 1 DAGs
[2023-06-03T20:59:52.376+0000] {logging_mixin.py:149} INFO - [2023-06-03T20:59:52.376+0000] {dag.py:3490} INFO - Setting next_dagrun for example_local_kubernetes_executor to None, run_after=None
[2023-06-03T20:59:52.393+0000] {processor.py:179} INFO - Processing /home/airflow/.local/lib/python3.7/site-packages/airflow/example_dags/example_local_kubernetes_executor.py took 0.293 seconds
[2023-06-03T21:00:22.443+0000] {processor.py:157} INFO - Started process (PID=17530) to work on /home/airflow/.local/lib/python3.7/site-packages/airflow/example_dags/example_local_kubernetes_executor.py
[2023-06-03T21:00:22.444+0000] {processor.py:826} INFO - Processing file /home/airflow/.local/lib/python3.7/site-packages/airflow/example_dags/example_local_kubernetes_executor.py for tasks to queue
[2023-06-03T21:00:22.446+0000] {logging_mixin.py:149} INFO - [2023-06-03T21:00:22.445+0000] {dagbag.py:541} INFO - Filling up the DagBag from /home/airflow/.local/lib/python3.7/site-packages/airflow/example_dags/example_local_kubernetes_executor.py
[2023-06-03T21:00:22.668+0000] {processor.py:836} INFO - DAG(s) dict_keys(['example_local_kubernetes_executor']) retrieved from /home/airflow/.local/lib/python3.7/site-packages/airflow/example_dags/example_local_kubernetes_executor.py
[2023-06-03T21:00:22.692+0000] {logging_mixin.py:149} INFO - [2023-06-03T21:00:22.692+0000] {dag.py:2726} INFO - Sync 1 DAGs
[2023-06-03T21:00:22.708+0000] {logging_mixin.py:149} INFO - [2023-06-03T21:00:22.707+0000] {dag.py:3490} INFO - Setting next_dagrun for example_local_kubernetes_executor to None, run_after=None
[2023-06-03T21:00:22.724+0000] {processor.py:179} INFO - Processing /home/airflow/.local/lib/python3.7/site-packages/airflow/example_dags/example_local_kubernetes_executor.py took 0.283 seconds
[2023-06-03T21:00:53.341+0000] {processor.py:157} INFO - Started process (PID=17782) to work on /home/airflow/.local/lib/python3.7/site-packages/airflow/example_dags/example_local_kubernetes_executor.py
[2023-06-03T21:00:53.342+0000] {processor.py:826} INFO - Processing file /home/airflow/.local/lib/python3.7/site-packages/airflow/example_dags/example_local_kubernetes_executor.py for tasks to queue
[2023-06-03T21:00:53.345+0000] {logging_mixin.py:149} INFO - [2023-06-03T21:00:53.344+0000] {dagbag.py:541} INFO - Filling up the DagBag from /home/airflow/.local/lib/python3.7/site-packages/airflow/example_dags/example_local_kubernetes_executor.py
[2023-06-03T21:00:53.627+0000] {processor.py:836} INFO - DAG(s) dict_keys(['example_local_kubernetes_executor']) retrieved from /home/airflow/.local/lib/python3.7/site-packages/airflow/example_dags/example_local_kubernetes_executor.py
[2023-06-03T21:00:53.874+0000] {logging_mixin.py:149} INFO - [2023-06-03T21:00:53.874+0000] {dag.py:2726} INFO - Sync 1 DAGs
[2023-06-03T21:00:53.903+0000] {logging_mixin.py:149} INFO - [2023-06-03T21:00:53.903+0000] {dag.py:3490} INFO - Setting next_dagrun for example_local_kubernetes_executor to None, run_after=None
[2023-06-03T21:00:53.929+0000] {processor.py:179} INFO - Processing /home/airflow/.local/lib/python3.7/site-packages/airflow/example_dags/example_local_kubernetes_executor.py took 0.592 seconds
