[2023-06-03T20:25:41.835+0000] {processor.py:157} INFO - Started process (PID=192) to work on /home/airflow/.local/lib/python3.7/site-packages/airflow/example_dags/example_params_ui_tutorial.py
[2023-06-03T20:25:41.837+0000] {processor.py:826} INFO - Processing file /home/airflow/.local/lib/python3.7/site-packages/airflow/example_dags/example_params_ui_tutorial.py for tasks to queue
[2023-06-03T20:25:41.838+0000] {logging_mixin.py:149} INFO - [2023-06-03T20:25:41.838+0000] {dagbag.py:541} INFO - Filling up the DagBag from /home/airflow/.local/lib/python3.7/site-packages/airflow/example_dags/example_params_ui_tutorial.py
[2023-06-03T20:25:41.883+0000] {processor.py:836} INFO - DAG(s) dict_keys(['example_params_ui_tutorial']) retrieved from /home/airflow/.local/lib/python3.7/site-packages/airflow/example_dags/example_params_ui_tutorial.py
[2023-06-03T20:25:41.893+0000] {logging_mixin.py:149} INFO - [2023-06-03T20:25:41.893+0000] {dag.py:2726} INFO - Sync 1 DAGs
[2023-06-03T20:25:41.918+0000] {logging_mixin.py:149} INFO - [2023-06-03T20:25:41.918+0000] {dag.py:3490} INFO - Setting next_dagrun for example_params_ui_tutorial to None, run_after=None
[2023-06-03T20:25:41.941+0000] {processor.py:179} INFO - Processing /home/airflow/.local/lib/python3.7/site-packages/airflow/example_dags/example_params_ui_tutorial.py took 0.109 seconds
[2023-06-03T20:26:12.779+0000] {processor.py:157} INFO - Started process (PID=444) to work on /home/airflow/.local/lib/python3.7/site-packages/airflow/example_dags/example_params_ui_tutorial.py
[2023-06-03T20:26:12.780+0000] {processor.py:826} INFO - Processing file /home/airflow/.local/lib/python3.7/site-packages/airflow/example_dags/example_params_ui_tutorial.py for tasks to queue
[2023-06-03T20:26:12.781+0000] {logging_mixin.py:149} INFO - [2023-06-03T20:26:12.781+0000] {dagbag.py:541} INFO - Filling up the DagBag from /home/airflow/.local/lib/python3.7/site-packages/airflow/example_dags/example_params_ui_tutorial.py
[2023-06-03T20:26:12.808+0000] {processor.py:836} INFO - DAG(s) dict_keys(['example_params_ui_tutorial']) retrieved from /home/airflow/.local/lib/python3.7/site-packages/airflow/example_dags/example_params_ui_tutorial.py
[2023-06-03T20:26:12.927+0000] {logging_mixin.py:149} INFO - [2023-06-03T20:26:12.926+0000] {dag.py:2726} INFO - Sync 1 DAGs
[2023-06-03T20:26:12.942+0000] {logging_mixin.py:149} INFO - [2023-06-03T20:26:12.942+0000] {dag.py:3490} INFO - Setting next_dagrun for example_params_ui_tutorial to None, run_after=None
[2023-06-03T20:26:12.956+0000] {processor.py:179} INFO - Processing /home/airflow/.local/lib/python3.7/site-packages/airflow/example_dags/example_params_ui_tutorial.py took 0.180 seconds
[2023-06-03T20:26:43.065+0000] {processor.py:157} INFO - Started process (PID=696) to work on /home/airflow/.local/lib/python3.7/site-packages/airflow/example_dags/example_params_ui_tutorial.py
[2023-06-03T20:26:43.066+0000] {processor.py:826} INFO - Processing file /home/airflow/.local/lib/python3.7/site-packages/airflow/example_dags/example_params_ui_tutorial.py for tasks to queue
[2023-06-03T20:26:43.068+0000] {logging_mixin.py:149} INFO - [2023-06-03T20:26:43.068+0000] {dagbag.py:541} INFO - Filling up the DagBag from /home/airflow/.local/lib/python3.7/site-packages/airflow/example_dags/example_params_ui_tutorial.py
[2023-06-03T20:26:43.097+0000] {processor.py:836} INFO - DAG(s) dict_keys(['example_params_ui_tutorial']) retrieved from /home/airflow/.local/lib/python3.7/site-packages/airflow/example_dags/example_params_ui_tutorial.py
[2023-06-03T20:26:43.143+0000] {logging_mixin.py:149} INFO - [2023-06-03T20:26:43.143+0000] {dag.py:2726} INFO - Sync 1 DAGs
[2023-06-03T20:26:43.162+0000] {logging_mixin.py:149} INFO - [2023-06-03T20:26:43.162+0000] {dag.py:3490} INFO - Setting next_dagrun for example_params_ui_tutorial to None, run_after=None
[2023-06-03T20:26:43.180+0000] {processor.py:179} INFO - Processing /home/airflow/.local/lib/python3.7/site-packages/airflow/example_dags/example_params_ui_tutorial.py took 0.117 seconds
[2023-06-03T20:27:13.252+0000] {processor.py:157} INFO - Started process (PID=948) to work on /home/airflow/.local/lib/python3.7/site-packages/airflow/example_dags/example_params_ui_tutorial.py
[2023-06-03T20:27:13.253+0000] {processor.py:826} INFO - Processing file /home/airflow/.local/lib/python3.7/site-packages/airflow/example_dags/example_params_ui_tutorial.py for tasks to queue
[2023-06-03T20:27:13.253+0000] {logging_mixin.py:149} INFO - [2023-06-03T20:27:13.253+0000] {dagbag.py:541} INFO - Filling up the DagBag from /home/airflow/.local/lib/python3.7/site-packages/airflow/example_dags/example_params_ui_tutorial.py
[2023-06-03T20:27:13.285+0000] {processor.py:836} INFO - DAG(s) dict_keys(['example_params_ui_tutorial']) retrieved from /home/airflow/.local/lib/python3.7/site-packages/airflow/example_dags/example_params_ui_tutorial.py
[2023-06-03T20:27:13.331+0000] {logging_mixin.py:149} INFO - [2023-06-03T20:27:13.331+0000] {dag.py:2726} INFO - Sync 1 DAGs
[2023-06-03T20:27:13.348+0000] {logging_mixin.py:149} INFO - [2023-06-03T20:27:13.348+0000] {dag.py:3490} INFO - Setting next_dagrun for example_params_ui_tutorial to None, run_after=None
[2023-06-03T20:27:13.364+0000] {processor.py:179} INFO - Processing /home/airflow/.local/lib/python3.7/site-packages/airflow/example_dags/example_params_ui_tutorial.py took 0.115 seconds
[2023-06-03T20:27:43.628+0000] {processor.py:157} INFO - Started process (PID=1200) to work on /home/airflow/.local/lib/python3.7/site-packages/airflow/example_dags/example_params_ui_tutorial.py
[2023-06-03T20:27:43.630+0000] {processor.py:826} INFO - Processing file /home/airflow/.local/lib/python3.7/site-packages/airflow/example_dags/example_params_ui_tutorial.py for tasks to queue
[2023-06-03T20:27:43.631+0000] {logging_mixin.py:149} INFO - [2023-06-03T20:27:43.631+0000] {dagbag.py:541} INFO - Filling up the DagBag from /home/airflow/.local/lib/python3.7/site-packages/airflow/example_dags/example_params_ui_tutorial.py
[2023-06-03T20:27:43.660+0000] {processor.py:836} INFO - DAG(s) dict_keys(['example_params_ui_tutorial']) retrieved from /home/airflow/.local/lib/python3.7/site-packages/airflow/example_dags/example_params_ui_tutorial.py
[2023-06-03T20:27:43.707+0000] {logging_mixin.py:149} INFO - [2023-06-03T20:27:43.707+0000] {dag.py:2726} INFO - Sync 1 DAGs
[2023-06-03T20:27:43.726+0000] {logging_mixin.py:149} INFO - [2023-06-03T20:27:43.726+0000] {dag.py:3490} INFO - Setting next_dagrun for example_params_ui_tutorial to None, run_after=None
[2023-06-03T20:27:43.742+0000] {processor.py:179} INFO - Processing /home/airflow/.local/lib/python3.7/site-packages/airflow/example_dags/example_params_ui_tutorial.py took 0.116 seconds
[2023-06-03T20:28:13.924+0000] {processor.py:157} INFO - Started process (PID=1453) to work on /home/airflow/.local/lib/python3.7/site-packages/airflow/example_dags/example_params_ui_tutorial.py
[2023-06-03T20:28:13.926+0000] {processor.py:826} INFO - Processing file /home/airflow/.local/lib/python3.7/site-packages/airflow/example_dags/example_params_ui_tutorial.py for tasks to queue
[2023-06-03T20:28:13.927+0000] {logging_mixin.py:149} INFO - [2023-06-03T20:28:13.926+0000] {dagbag.py:541} INFO - Filling up the DagBag from /home/airflow/.local/lib/python3.7/site-packages/airflow/example_dags/example_params_ui_tutorial.py
[2023-06-03T20:28:13.957+0000] {processor.py:836} INFO - DAG(s) dict_keys(['example_params_ui_tutorial']) retrieved from /home/airflow/.local/lib/python3.7/site-packages/airflow/example_dags/example_params_ui_tutorial.py
[2023-06-03T20:28:14.009+0000] {logging_mixin.py:149} INFO - [2023-06-03T20:28:14.009+0000] {dag.py:2726} INFO - Sync 1 DAGs
[2023-06-03T20:28:14.026+0000] {logging_mixin.py:149} INFO - [2023-06-03T20:28:14.026+0000] {dag.py:3490} INFO - Setting next_dagrun for example_params_ui_tutorial to None, run_after=None
[2023-06-03T20:28:14.042+0000] {processor.py:179} INFO - Processing /home/airflow/.local/lib/python3.7/site-packages/airflow/example_dags/example_params_ui_tutorial.py took 0.121 seconds
[2023-06-03T20:28:44.313+0000] {processor.py:157} INFO - Started process (PID=1705) to work on /home/airflow/.local/lib/python3.7/site-packages/airflow/example_dags/example_params_ui_tutorial.py
[2023-06-03T20:28:44.315+0000] {processor.py:826} INFO - Processing file /home/airflow/.local/lib/python3.7/site-packages/airflow/example_dags/example_params_ui_tutorial.py for tasks to queue
[2023-06-03T20:28:44.316+0000] {logging_mixin.py:149} INFO - [2023-06-03T20:28:44.316+0000] {dagbag.py:541} INFO - Filling up the DagBag from /home/airflow/.local/lib/python3.7/site-packages/airflow/example_dags/example_params_ui_tutorial.py
[2023-06-03T20:28:44.345+0000] {processor.py:836} INFO - DAG(s) dict_keys(['example_params_ui_tutorial']) retrieved from /home/airflow/.local/lib/python3.7/site-packages/airflow/example_dags/example_params_ui_tutorial.py
[2023-06-03T20:28:44.391+0000] {logging_mixin.py:149} INFO - [2023-06-03T20:28:44.391+0000] {dag.py:2726} INFO - Sync 1 DAGs
[2023-06-03T20:28:44.409+0000] {logging_mixin.py:149} INFO - [2023-06-03T20:28:44.409+0000] {dag.py:3490} INFO - Setting next_dagrun for example_params_ui_tutorial to None, run_after=None
[2023-06-03T20:28:44.424+0000] {processor.py:179} INFO - Processing /home/airflow/.local/lib/python3.7/site-packages/airflow/example_dags/example_params_ui_tutorial.py took 0.113 seconds
[2023-06-03T20:29:14.707+0000] {processor.py:157} INFO - Started process (PID=1957) to work on /home/airflow/.local/lib/python3.7/site-packages/airflow/example_dags/example_params_ui_tutorial.py
[2023-06-03T20:29:14.708+0000] {processor.py:826} INFO - Processing file /home/airflow/.local/lib/python3.7/site-packages/airflow/example_dags/example_params_ui_tutorial.py for tasks to queue
[2023-06-03T20:29:14.709+0000] {logging_mixin.py:149} INFO - [2023-06-03T20:29:14.709+0000] {dagbag.py:541} INFO - Filling up the DagBag from /home/airflow/.local/lib/python3.7/site-packages/airflow/example_dags/example_params_ui_tutorial.py
[2023-06-03T20:29:14.738+0000] {processor.py:836} INFO - DAG(s) dict_keys(['example_params_ui_tutorial']) retrieved from /home/airflow/.local/lib/python3.7/site-packages/airflow/example_dags/example_params_ui_tutorial.py
[2023-06-03T20:29:14.784+0000] {logging_mixin.py:149} INFO - [2023-06-03T20:29:14.784+0000] {dag.py:2726} INFO - Sync 1 DAGs
[2023-06-03T20:29:14.801+0000] {logging_mixin.py:149} INFO - [2023-06-03T20:29:14.801+0000] {dag.py:3490} INFO - Setting next_dagrun for example_params_ui_tutorial to None, run_after=None
[2023-06-03T20:29:14.819+0000] {processor.py:179} INFO - Processing /home/airflow/.local/lib/python3.7/site-packages/airflow/example_dags/example_params_ui_tutorial.py took 0.114 seconds
[2023-06-03T20:29:45.083+0000] {processor.py:157} INFO - Started process (PID=2216) to work on /home/airflow/.local/lib/python3.7/site-packages/airflow/example_dags/example_params_ui_tutorial.py
[2023-06-03T20:29:45.086+0000] {processor.py:826} INFO - Processing file /home/airflow/.local/lib/python3.7/site-packages/airflow/example_dags/example_params_ui_tutorial.py for tasks to queue
[2023-06-03T20:29:45.089+0000] {logging_mixin.py:149} INFO - [2023-06-03T20:29:45.088+0000] {dagbag.py:541} INFO - Filling up the DagBag from /home/airflow/.local/lib/python3.7/site-packages/airflow/example_dags/example_params_ui_tutorial.py
[2023-06-03T20:29:45.119+0000] {processor.py:836} INFO - DAG(s) dict_keys(['example_params_ui_tutorial']) retrieved from /home/airflow/.local/lib/python3.7/site-packages/airflow/example_dags/example_params_ui_tutorial.py
[2023-06-03T20:29:45.165+0000] {logging_mixin.py:149} INFO - [2023-06-03T20:29:45.165+0000] {dag.py:2726} INFO - Sync 1 DAGs
[2023-06-03T20:29:45.183+0000] {logging_mixin.py:149} INFO - [2023-06-03T20:29:45.183+0000] {dag.py:3490} INFO - Setting next_dagrun for example_params_ui_tutorial to None, run_after=None
[2023-06-03T20:29:45.201+0000] {processor.py:179} INFO - Processing /home/airflow/.local/lib/python3.7/site-packages/airflow/example_dags/example_params_ui_tutorial.py took 0.120 seconds
[2023-06-03T20:30:15.863+0000] {processor.py:157} INFO - Started process (PID=2461) to work on /home/airflow/.local/lib/python3.7/site-packages/airflow/example_dags/example_params_ui_tutorial.py
[2023-06-03T20:30:15.865+0000] {processor.py:826} INFO - Processing file /home/airflow/.local/lib/python3.7/site-packages/airflow/example_dags/example_params_ui_tutorial.py for tasks to queue
[2023-06-03T20:30:15.866+0000] {logging_mixin.py:149} INFO - [2023-06-03T20:30:15.866+0000] {dagbag.py:541} INFO - Filling up the DagBag from /home/airflow/.local/lib/python3.7/site-packages/airflow/example_dags/example_params_ui_tutorial.py
[2023-06-03T20:30:15.893+0000] {processor.py:836} INFO - DAG(s) dict_keys(['example_params_ui_tutorial']) retrieved from /home/airflow/.local/lib/python3.7/site-packages/airflow/example_dags/example_params_ui_tutorial.py
[2023-06-03T20:30:15.942+0000] {logging_mixin.py:149} INFO - [2023-06-03T20:30:15.942+0000] {dag.py:2726} INFO - Sync 1 DAGs
[2023-06-03T20:30:15.958+0000] {logging_mixin.py:149} INFO - [2023-06-03T20:30:15.958+0000] {dag.py:3490} INFO - Setting next_dagrun for example_params_ui_tutorial to None, run_after=None
[2023-06-03T20:30:15.974+0000] {processor.py:179} INFO - Processing /home/airflow/.local/lib/python3.7/site-packages/airflow/example_dags/example_params_ui_tutorial.py took 0.113 seconds
[2023-06-03T20:30:46.482+0000] {processor.py:157} INFO - Started process (PID=2713) to work on /home/airflow/.local/lib/python3.7/site-packages/airflow/example_dags/example_params_ui_tutorial.py
[2023-06-03T20:30:46.484+0000] {processor.py:826} INFO - Processing file /home/airflow/.local/lib/python3.7/site-packages/airflow/example_dags/example_params_ui_tutorial.py for tasks to queue
[2023-06-03T20:30:46.485+0000] {logging_mixin.py:149} INFO - [2023-06-03T20:30:46.484+0000] {dagbag.py:541} INFO - Filling up the DagBag from /home/airflow/.local/lib/python3.7/site-packages/airflow/example_dags/example_params_ui_tutorial.py
[2023-06-03T20:30:46.515+0000] {processor.py:836} INFO - DAG(s) dict_keys(['example_params_ui_tutorial']) retrieved from /home/airflow/.local/lib/python3.7/site-packages/airflow/example_dags/example_params_ui_tutorial.py
[2023-06-03T20:30:46.564+0000] {logging_mixin.py:149} INFO - [2023-06-03T20:30:46.564+0000] {dag.py:2726} INFO - Sync 1 DAGs
[2023-06-03T20:30:46.584+0000] {logging_mixin.py:149} INFO - [2023-06-03T20:30:46.583+0000] {dag.py:3490} INFO - Setting next_dagrun for example_params_ui_tutorial to None, run_after=None
[2023-06-03T20:30:46.601+0000] {processor.py:179} INFO - Processing /home/airflow/.local/lib/python3.7/site-packages/airflow/example_dags/example_params_ui_tutorial.py took 0.121 seconds
[2023-06-03T20:31:16.756+0000] {processor.py:157} INFO - Started process (PID=2965) to work on /home/airflow/.local/lib/python3.7/site-packages/airflow/example_dags/example_params_ui_tutorial.py
[2023-06-03T20:31:16.757+0000] {processor.py:826} INFO - Processing file /home/airflow/.local/lib/python3.7/site-packages/airflow/example_dags/example_params_ui_tutorial.py for tasks to queue
[2023-06-03T20:31:16.758+0000] {logging_mixin.py:149} INFO - [2023-06-03T20:31:16.758+0000] {dagbag.py:541} INFO - Filling up the DagBag from /home/airflow/.local/lib/python3.7/site-packages/airflow/example_dags/example_params_ui_tutorial.py
[2023-06-03T20:31:16.788+0000] {processor.py:836} INFO - DAG(s) dict_keys(['example_params_ui_tutorial']) retrieved from /home/airflow/.local/lib/python3.7/site-packages/airflow/example_dags/example_params_ui_tutorial.py
[2023-06-03T20:31:16.838+0000] {logging_mixin.py:149} INFO - [2023-06-03T20:31:16.838+0000] {dag.py:2726} INFO - Sync 1 DAGs
[2023-06-03T20:31:16.858+0000] {logging_mixin.py:149} INFO - [2023-06-03T20:31:16.858+0000] {dag.py:3490} INFO - Setting next_dagrun for example_params_ui_tutorial to None, run_after=None
[2023-06-03T20:31:16.876+0000] {processor.py:179} INFO - Processing /home/airflow/.local/lib/python3.7/site-packages/airflow/example_dags/example_params_ui_tutorial.py took 0.123 seconds
[2023-06-03T20:31:47.004+0000] {processor.py:157} INFO - Started process (PID=3217) to work on /home/airflow/.local/lib/python3.7/site-packages/airflow/example_dags/example_params_ui_tutorial.py
[2023-06-03T20:31:47.006+0000] {processor.py:826} INFO - Processing file /home/airflow/.local/lib/python3.7/site-packages/airflow/example_dags/example_params_ui_tutorial.py for tasks to queue
[2023-06-03T20:31:47.007+0000] {logging_mixin.py:149} INFO - [2023-06-03T20:31:47.007+0000] {dagbag.py:541} INFO - Filling up the DagBag from /home/airflow/.local/lib/python3.7/site-packages/airflow/example_dags/example_params_ui_tutorial.py
[2023-06-03T20:31:47.043+0000] {processor.py:836} INFO - DAG(s) dict_keys(['example_params_ui_tutorial']) retrieved from /home/airflow/.local/lib/python3.7/site-packages/airflow/example_dags/example_params_ui_tutorial.py
[2023-06-03T20:31:47.092+0000] {logging_mixin.py:149} INFO - [2023-06-03T20:31:47.092+0000] {dag.py:2726} INFO - Sync 1 DAGs
[2023-06-03T20:31:47.111+0000] {logging_mixin.py:149} INFO - [2023-06-03T20:31:47.110+0000] {dag.py:3490} INFO - Setting next_dagrun for example_params_ui_tutorial to None, run_after=None
[2023-06-03T20:31:47.128+0000] {processor.py:179} INFO - Processing /home/airflow/.local/lib/python3.7/site-packages/airflow/example_dags/example_params_ui_tutorial.py took 0.126 seconds
[2023-06-03T20:32:17.180+0000] {processor.py:157} INFO - Started process (PID=3607) to work on /home/airflow/.local/lib/python3.7/site-packages/airflow/example_dags/example_params_ui_tutorial.py
[2023-06-03T20:32:17.181+0000] {processor.py:826} INFO - Processing file /home/airflow/.local/lib/python3.7/site-packages/airflow/example_dags/example_params_ui_tutorial.py for tasks to queue
[2023-06-03T20:32:17.182+0000] {logging_mixin.py:149} INFO - [2023-06-03T20:32:17.182+0000] {dagbag.py:541} INFO - Filling up the DagBag from /home/airflow/.local/lib/python3.7/site-packages/airflow/example_dags/example_params_ui_tutorial.py
[2023-06-03T20:32:17.212+0000] {processor.py:836} INFO - DAG(s) dict_keys(['example_params_ui_tutorial']) retrieved from /home/airflow/.local/lib/python3.7/site-packages/airflow/example_dags/example_params_ui_tutorial.py
[2023-06-03T20:32:17.259+0000] {logging_mixin.py:149} INFO - [2023-06-03T20:32:17.259+0000] {dag.py:2726} INFO - Sync 1 DAGs
[2023-06-03T20:32:17.277+0000] {logging_mixin.py:149} INFO - [2023-06-03T20:32:17.277+0000] {dag.py:3490} INFO - Setting next_dagrun for example_params_ui_tutorial to None, run_after=None
[2023-06-03T20:32:17.293+0000] {processor.py:179} INFO - Processing /home/airflow/.local/lib/python3.7/site-packages/airflow/example_dags/example_params_ui_tutorial.py took 0.116 seconds
[2023-06-03T20:32:47.448+0000] {processor.py:157} INFO - Started process (PID=3859) to work on /home/airflow/.local/lib/python3.7/site-packages/airflow/example_dags/example_params_ui_tutorial.py
[2023-06-03T20:32:47.450+0000] {processor.py:826} INFO - Processing file /home/airflow/.local/lib/python3.7/site-packages/airflow/example_dags/example_params_ui_tutorial.py for tasks to queue
[2023-06-03T20:32:47.452+0000] {logging_mixin.py:149} INFO - [2023-06-03T20:32:47.452+0000] {dagbag.py:541} INFO - Filling up the DagBag from /home/airflow/.local/lib/python3.7/site-packages/airflow/example_dags/example_params_ui_tutorial.py
[2023-06-03T20:32:47.482+0000] {processor.py:836} INFO - DAG(s) dict_keys(['example_params_ui_tutorial']) retrieved from /home/airflow/.local/lib/python3.7/site-packages/airflow/example_dags/example_params_ui_tutorial.py
[2023-06-03T20:32:47.530+0000] {logging_mixin.py:149} INFO - [2023-06-03T20:32:47.530+0000] {dag.py:2726} INFO - Sync 1 DAGs
[2023-06-03T20:32:47.549+0000] {logging_mixin.py:149} INFO - [2023-06-03T20:32:47.549+0000] {dag.py:3490} INFO - Setting next_dagrun for example_params_ui_tutorial to None, run_after=None
[2023-06-03T20:32:47.566+0000] {processor.py:179} INFO - Processing /home/airflow/.local/lib/python3.7/site-packages/airflow/example_dags/example_params_ui_tutorial.py took 0.120 seconds
[2023-06-03T20:33:17.639+0000] {processor.py:157} INFO - Started process (PID=4111) to work on /home/airflow/.local/lib/python3.7/site-packages/airflow/example_dags/example_params_ui_tutorial.py
[2023-06-03T20:33:17.640+0000] {processor.py:826} INFO - Processing file /home/airflow/.local/lib/python3.7/site-packages/airflow/example_dags/example_params_ui_tutorial.py for tasks to queue
[2023-06-03T20:33:17.641+0000] {logging_mixin.py:149} INFO - [2023-06-03T20:33:17.641+0000] {dagbag.py:541} INFO - Filling up the DagBag from /home/airflow/.local/lib/python3.7/site-packages/airflow/example_dags/example_params_ui_tutorial.py
[2023-06-03T20:33:17.670+0000] {processor.py:836} INFO - DAG(s) dict_keys(['example_params_ui_tutorial']) retrieved from /home/airflow/.local/lib/python3.7/site-packages/airflow/example_dags/example_params_ui_tutorial.py
[2023-06-03T20:33:17.720+0000] {logging_mixin.py:149} INFO - [2023-06-03T20:33:17.720+0000] {dag.py:2726} INFO - Sync 1 DAGs
[2023-06-03T20:33:17.741+0000] {logging_mixin.py:149} INFO - [2023-06-03T20:33:17.741+0000] {dag.py:3490} INFO - Setting next_dagrun for example_params_ui_tutorial to None, run_after=None
[2023-06-03T20:33:17.796+0000] {processor.py:179} INFO - Processing /home/airflow/.local/lib/python3.7/site-packages/airflow/example_dags/example_params_ui_tutorial.py took 0.160 seconds
[2023-06-03T20:33:48.667+0000] {processor.py:157} INFO - Started process (PID=4361) to work on /home/airflow/.local/lib/python3.7/site-packages/airflow/example_dags/example_params_ui_tutorial.py
[2023-06-03T20:33:48.668+0000] {processor.py:826} INFO - Processing file /home/airflow/.local/lib/python3.7/site-packages/airflow/example_dags/example_params_ui_tutorial.py for tasks to queue
[2023-06-03T20:33:48.669+0000] {logging_mixin.py:149} INFO - [2023-06-03T20:33:48.669+0000] {dagbag.py:541} INFO - Filling up the DagBag from /home/airflow/.local/lib/python3.7/site-packages/airflow/example_dags/example_params_ui_tutorial.py
[2023-06-03T20:33:48.699+0000] {processor.py:836} INFO - DAG(s) dict_keys(['example_params_ui_tutorial']) retrieved from /home/airflow/.local/lib/python3.7/site-packages/airflow/example_dags/example_params_ui_tutorial.py
[2023-06-03T20:33:48.745+0000] {logging_mixin.py:149} INFO - [2023-06-03T20:33:48.745+0000] {dag.py:2726} INFO - Sync 1 DAGs
[2023-06-03T20:33:48.762+0000] {logging_mixin.py:149} INFO - [2023-06-03T20:33:48.762+0000] {dag.py:3490} INFO - Setting next_dagrun for example_params_ui_tutorial to None, run_after=None
[2023-06-03T20:33:48.779+0000] {processor.py:179} INFO - Processing /home/airflow/.local/lib/python3.7/site-packages/airflow/example_dags/example_params_ui_tutorial.py took 0.114 seconds
[2023-06-03T20:34:19.292+0000] {processor.py:157} INFO - Started process (PID=4615) to work on /home/airflow/.local/lib/python3.7/site-packages/airflow/example_dags/example_params_ui_tutorial.py
[2023-06-03T20:34:19.293+0000] {processor.py:826} INFO - Processing file /home/airflow/.local/lib/python3.7/site-packages/airflow/example_dags/example_params_ui_tutorial.py for tasks to queue
[2023-06-03T20:34:19.293+0000] {logging_mixin.py:149} INFO - [2023-06-03T20:34:19.293+0000] {dagbag.py:541} INFO - Filling up the DagBag from /home/airflow/.local/lib/python3.7/site-packages/airflow/example_dags/example_params_ui_tutorial.py
[2023-06-03T20:34:19.324+0000] {processor.py:836} INFO - DAG(s) dict_keys(['example_params_ui_tutorial']) retrieved from /home/airflow/.local/lib/python3.7/site-packages/airflow/example_dags/example_params_ui_tutorial.py
[2023-06-03T20:34:19.370+0000] {logging_mixin.py:149} INFO - [2023-06-03T20:34:19.370+0000] {dag.py:2726} INFO - Sync 1 DAGs
[2023-06-03T20:34:19.386+0000] {logging_mixin.py:149} INFO - [2023-06-03T20:34:19.386+0000] {dag.py:3490} INFO - Setting next_dagrun for example_params_ui_tutorial to None, run_after=None
[2023-06-03T20:34:19.402+0000] {processor.py:179} INFO - Processing /home/airflow/.local/lib/python3.7/site-packages/airflow/example_dags/example_params_ui_tutorial.py took 0.113 seconds
[2023-06-03T20:34:49.807+0000] {processor.py:157} INFO - Started process (PID=4867) to work on /home/airflow/.local/lib/python3.7/site-packages/airflow/example_dags/example_params_ui_tutorial.py
[2023-06-03T20:34:49.808+0000] {processor.py:826} INFO - Processing file /home/airflow/.local/lib/python3.7/site-packages/airflow/example_dags/example_params_ui_tutorial.py for tasks to queue
[2023-06-03T20:34:49.809+0000] {logging_mixin.py:149} INFO - [2023-06-03T20:34:49.809+0000] {dagbag.py:541} INFO - Filling up the DagBag from /home/airflow/.local/lib/python3.7/site-packages/airflow/example_dags/example_params_ui_tutorial.py
[2023-06-03T20:34:49.839+0000] {processor.py:836} INFO - DAG(s) dict_keys(['example_params_ui_tutorial']) retrieved from /home/airflow/.local/lib/python3.7/site-packages/airflow/example_dags/example_params_ui_tutorial.py
[2023-06-03T20:34:49.891+0000] {logging_mixin.py:149} INFO - [2023-06-03T20:34:49.891+0000] {dag.py:2726} INFO - Sync 1 DAGs
[2023-06-03T20:34:49.910+0000] {logging_mixin.py:149} INFO - [2023-06-03T20:34:49.910+0000] {dag.py:3490} INFO - Setting next_dagrun for example_params_ui_tutorial to None, run_after=None
[2023-06-03T20:34:49.925+0000] {processor.py:179} INFO - Processing /home/airflow/.local/lib/python3.7/site-packages/airflow/example_dags/example_params_ui_tutorial.py took 0.120 seconds
[2023-06-03T20:35:20.206+0000] {processor.py:157} INFO - Started process (PID=5119) to work on /home/airflow/.local/lib/python3.7/site-packages/airflow/example_dags/example_params_ui_tutorial.py
[2023-06-03T20:35:20.207+0000] {processor.py:826} INFO - Processing file /home/airflow/.local/lib/python3.7/site-packages/airflow/example_dags/example_params_ui_tutorial.py for tasks to queue
[2023-06-03T20:35:20.208+0000] {logging_mixin.py:149} INFO - [2023-06-03T20:35:20.208+0000] {dagbag.py:541} INFO - Filling up the DagBag from /home/airflow/.local/lib/python3.7/site-packages/airflow/example_dags/example_params_ui_tutorial.py
[2023-06-03T20:35:20.238+0000] {processor.py:836} INFO - DAG(s) dict_keys(['example_params_ui_tutorial']) retrieved from /home/airflow/.local/lib/python3.7/site-packages/airflow/example_dags/example_params_ui_tutorial.py
[2023-06-03T20:35:20.286+0000] {logging_mixin.py:149} INFO - [2023-06-03T20:35:20.286+0000] {dag.py:2726} INFO - Sync 1 DAGs
[2023-06-03T20:35:20.305+0000] {logging_mixin.py:149} INFO - [2023-06-03T20:35:20.304+0000] {dag.py:3490} INFO - Setting next_dagrun for example_params_ui_tutorial to None, run_after=None
[2023-06-03T20:35:20.320+0000] {processor.py:179} INFO - Processing /home/airflow/.local/lib/python3.7/site-packages/airflow/example_dags/example_params_ui_tutorial.py took 0.116 seconds
[2023-06-03T20:35:50.935+0000] {processor.py:157} INFO - Started process (PID=5371) to work on /home/airflow/.local/lib/python3.7/site-packages/airflow/example_dags/example_params_ui_tutorial.py
[2023-06-03T20:35:50.936+0000] {processor.py:826} INFO - Processing file /home/airflow/.local/lib/python3.7/site-packages/airflow/example_dags/example_params_ui_tutorial.py for tasks to queue
[2023-06-03T20:35:50.937+0000] {logging_mixin.py:149} INFO - [2023-06-03T20:35:50.937+0000] {dagbag.py:541} INFO - Filling up the DagBag from /home/airflow/.local/lib/python3.7/site-packages/airflow/example_dags/example_params_ui_tutorial.py
[2023-06-03T20:35:50.971+0000] {processor.py:836} INFO - DAG(s) dict_keys(['example_params_ui_tutorial']) retrieved from /home/airflow/.local/lib/python3.7/site-packages/airflow/example_dags/example_params_ui_tutorial.py
[2023-06-03T20:35:51.024+0000] {logging_mixin.py:149} INFO - [2023-06-03T20:35:51.024+0000] {dag.py:2726} INFO - Sync 1 DAGs
[2023-06-03T20:35:51.042+0000] {logging_mixin.py:149} INFO - [2023-06-03T20:35:51.042+0000] {dag.py:3490} INFO - Setting next_dagrun for example_params_ui_tutorial to None, run_after=None
[2023-06-03T20:35:51.060+0000] {processor.py:179} INFO - Processing /home/airflow/.local/lib/python3.7/site-packages/airflow/example_dags/example_params_ui_tutorial.py took 0.128 seconds
[2023-06-03T20:36:21.579+0000] {processor.py:157} INFO - Started process (PID=5623) to work on /home/airflow/.local/lib/python3.7/site-packages/airflow/example_dags/example_params_ui_tutorial.py
[2023-06-03T20:36:21.580+0000] {processor.py:826} INFO - Processing file /home/airflow/.local/lib/python3.7/site-packages/airflow/example_dags/example_params_ui_tutorial.py for tasks to queue
[2023-06-03T20:36:21.580+0000] {logging_mixin.py:149} INFO - [2023-06-03T20:36:21.580+0000] {dagbag.py:541} INFO - Filling up the DagBag from /home/airflow/.local/lib/python3.7/site-packages/airflow/example_dags/example_params_ui_tutorial.py
[2023-06-03T20:36:21.610+0000] {processor.py:836} INFO - DAG(s) dict_keys(['example_params_ui_tutorial']) retrieved from /home/airflow/.local/lib/python3.7/site-packages/airflow/example_dags/example_params_ui_tutorial.py
[2023-06-03T20:36:21.656+0000] {logging_mixin.py:149} INFO - [2023-06-03T20:36:21.656+0000] {dag.py:2726} INFO - Sync 1 DAGs
[2023-06-03T20:36:21.675+0000] {logging_mixin.py:149} INFO - [2023-06-03T20:36:21.675+0000] {dag.py:3490} INFO - Setting next_dagrun for example_params_ui_tutorial to None, run_after=None
[2023-06-03T20:36:21.693+0000] {processor.py:179} INFO - Processing /home/airflow/.local/lib/python3.7/site-packages/airflow/example_dags/example_params_ui_tutorial.py took 0.117 seconds
[2023-06-03T20:36:52.145+0000] {processor.py:157} INFO - Started process (PID=5875) to work on /home/airflow/.local/lib/python3.7/site-packages/airflow/example_dags/example_params_ui_tutorial.py
[2023-06-03T20:36:52.145+0000] {processor.py:826} INFO - Processing file /home/airflow/.local/lib/python3.7/site-packages/airflow/example_dags/example_params_ui_tutorial.py for tasks to queue
[2023-06-03T20:36:52.146+0000] {logging_mixin.py:149} INFO - [2023-06-03T20:36:52.146+0000] {dagbag.py:541} INFO - Filling up the DagBag from /home/airflow/.local/lib/python3.7/site-packages/airflow/example_dags/example_params_ui_tutorial.py
[2023-06-03T20:36:52.176+0000] {processor.py:836} INFO - DAG(s) dict_keys(['example_params_ui_tutorial']) retrieved from /home/airflow/.local/lib/python3.7/site-packages/airflow/example_dags/example_params_ui_tutorial.py
[2023-06-03T20:36:52.225+0000] {logging_mixin.py:149} INFO - [2023-06-03T20:36:52.225+0000] {dag.py:2726} INFO - Sync 1 DAGs
[2023-06-03T20:36:52.242+0000] {logging_mixin.py:149} INFO - [2023-06-03T20:36:52.242+0000] {dag.py:3490} INFO - Setting next_dagrun for example_params_ui_tutorial to None, run_after=None
[2023-06-03T20:36:52.267+0000] {processor.py:179} INFO - Processing /home/airflow/.local/lib/python3.7/site-packages/airflow/example_dags/example_params_ui_tutorial.py took 0.124 seconds
[2023-06-03T20:37:22.904+0000] {processor.py:157} INFO - Started process (PID=6127) to work on /home/airflow/.local/lib/python3.7/site-packages/airflow/example_dags/example_params_ui_tutorial.py
[2023-06-03T20:37:22.906+0000] {processor.py:826} INFO - Processing file /home/airflow/.local/lib/python3.7/site-packages/airflow/example_dags/example_params_ui_tutorial.py for tasks to queue
[2023-06-03T20:37:22.907+0000] {logging_mixin.py:149} INFO - [2023-06-03T20:37:22.907+0000] {dagbag.py:541} INFO - Filling up the DagBag from /home/airflow/.local/lib/python3.7/site-packages/airflow/example_dags/example_params_ui_tutorial.py
[2023-06-03T20:37:22.937+0000] {processor.py:836} INFO - DAG(s) dict_keys(['example_params_ui_tutorial']) retrieved from /home/airflow/.local/lib/python3.7/site-packages/airflow/example_dags/example_params_ui_tutorial.py
[2023-06-03T20:37:22.984+0000] {logging_mixin.py:149} INFO - [2023-06-03T20:37:22.984+0000] {dag.py:2726} INFO - Sync 1 DAGs
[2023-06-03T20:37:23.003+0000] {logging_mixin.py:149} INFO - [2023-06-03T20:37:23.003+0000] {dag.py:3490} INFO - Setting next_dagrun for example_params_ui_tutorial to None, run_after=None
[2023-06-03T20:37:23.020+0000] {processor.py:179} INFO - Processing /home/airflow/.local/lib/python3.7/site-packages/airflow/example_dags/example_params_ui_tutorial.py took 0.118 seconds
[2023-06-03T20:37:53.555+0000] {processor.py:157} INFO - Started process (PID=6379) to work on /home/airflow/.local/lib/python3.7/site-packages/airflow/example_dags/example_params_ui_tutorial.py
[2023-06-03T20:37:53.556+0000] {processor.py:826} INFO - Processing file /home/airflow/.local/lib/python3.7/site-packages/airflow/example_dags/example_params_ui_tutorial.py for tasks to queue
[2023-06-03T20:37:53.557+0000] {logging_mixin.py:149} INFO - [2023-06-03T20:37:53.557+0000] {dagbag.py:541} INFO - Filling up the DagBag from /home/airflow/.local/lib/python3.7/site-packages/airflow/example_dags/example_params_ui_tutorial.py
[2023-06-03T20:37:53.585+0000] {processor.py:836} INFO - DAG(s) dict_keys(['example_params_ui_tutorial']) retrieved from /home/airflow/.local/lib/python3.7/site-packages/airflow/example_dags/example_params_ui_tutorial.py
[2023-06-03T20:37:53.633+0000] {logging_mixin.py:149} INFO - [2023-06-03T20:37:53.633+0000] {dag.py:2726} INFO - Sync 1 DAGs
[2023-06-03T20:37:53.650+0000] {logging_mixin.py:149} INFO - [2023-06-03T20:37:53.650+0000] {dag.py:3490} INFO - Setting next_dagrun for example_params_ui_tutorial to None, run_after=None
[2023-06-03T20:37:53.665+0000] {processor.py:179} INFO - Processing /home/airflow/.local/lib/python3.7/site-packages/airflow/example_dags/example_params_ui_tutorial.py took 0.113 seconds
[2023-06-03T20:38:23.771+0000] {processor.py:157} INFO - Started process (PID=6631) to work on /home/airflow/.local/lib/python3.7/site-packages/airflow/example_dags/example_params_ui_tutorial.py
[2023-06-03T20:38:23.772+0000] {processor.py:826} INFO - Processing file /home/airflow/.local/lib/python3.7/site-packages/airflow/example_dags/example_params_ui_tutorial.py for tasks to queue
[2023-06-03T20:38:23.773+0000] {logging_mixin.py:149} INFO - [2023-06-03T20:38:23.773+0000] {dagbag.py:541} INFO - Filling up the DagBag from /home/airflow/.local/lib/python3.7/site-packages/airflow/example_dags/example_params_ui_tutorial.py
[2023-06-03T20:38:23.802+0000] {processor.py:836} INFO - DAG(s) dict_keys(['example_params_ui_tutorial']) retrieved from /home/airflow/.local/lib/python3.7/site-packages/airflow/example_dags/example_params_ui_tutorial.py
[2023-06-03T20:38:23.850+0000] {logging_mixin.py:149} INFO - [2023-06-03T20:38:23.850+0000] {dag.py:2726} INFO - Sync 1 DAGs
[2023-06-03T20:38:23.867+0000] {logging_mixin.py:149} INFO - [2023-06-03T20:38:23.867+0000] {dag.py:3490} INFO - Setting next_dagrun for example_params_ui_tutorial to None, run_after=None
[2023-06-03T20:38:23.882+0000] {processor.py:179} INFO - Processing /home/airflow/.local/lib/python3.7/site-packages/airflow/example_dags/example_params_ui_tutorial.py took 0.114 seconds
[2023-06-03T20:38:53.974+0000] {processor.py:157} INFO - Started process (PID=6883) to work on /home/airflow/.local/lib/python3.7/site-packages/airflow/example_dags/example_params_ui_tutorial.py
[2023-06-03T20:38:53.975+0000] {processor.py:826} INFO - Processing file /home/airflow/.local/lib/python3.7/site-packages/airflow/example_dags/example_params_ui_tutorial.py for tasks to queue
[2023-06-03T20:38:53.976+0000] {logging_mixin.py:149} INFO - [2023-06-03T20:38:53.976+0000] {dagbag.py:541} INFO - Filling up the DagBag from /home/airflow/.local/lib/python3.7/site-packages/airflow/example_dags/example_params_ui_tutorial.py
[2023-06-03T20:38:54.006+0000] {processor.py:836} INFO - DAG(s) dict_keys(['example_params_ui_tutorial']) retrieved from /home/airflow/.local/lib/python3.7/site-packages/airflow/example_dags/example_params_ui_tutorial.py
[2023-06-03T20:38:54.054+0000] {logging_mixin.py:149} INFO - [2023-06-03T20:38:54.054+0000] {dag.py:2726} INFO - Sync 1 DAGs
[2023-06-03T20:38:54.073+0000] {logging_mixin.py:149} INFO - [2023-06-03T20:38:54.073+0000] {dag.py:3490} INFO - Setting next_dagrun for example_params_ui_tutorial to None, run_after=None
[2023-06-03T20:38:54.090+0000] {processor.py:179} INFO - Processing /home/airflow/.local/lib/python3.7/site-packages/airflow/example_dags/example_params_ui_tutorial.py took 0.118 seconds
[2023-06-03T20:39:24.323+0000] {processor.py:157} INFO - Started process (PID=7135) to work on /home/airflow/.local/lib/python3.7/site-packages/airflow/example_dags/example_params_ui_tutorial.py
[2023-06-03T20:39:24.325+0000] {processor.py:826} INFO - Processing file /home/airflow/.local/lib/python3.7/site-packages/airflow/example_dags/example_params_ui_tutorial.py for tasks to queue
[2023-06-03T20:39:24.326+0000] {logging_mixin.py:149} INFO - [2023-06-03T20:39:24.326+0000] {dagbag.py:541} INFO - Filling up the DagBag from /home/airflow/.local/lib/python3.7/site-packages/airflow/example_dags/example_params_ui_tutorial.py
[2023-06-03T20:39:24.357+0000] {processor.py:836} INFO - DAG(s) dict_keys(['example_params_ui_tutorial']) retrieved from /home/airflow/.local/lib/python3.7/site-packages/airflow/example_dags/example_params_ui_tutorial.py
[2023-06-03T20:39:24.408+0000] {logging_mixin.py:149} INFO - [2023-06-03T20:39:24.407+0000] {dag.py:2726} INFO - Sync 1 DAGs
[2023-06-03T20:39:24.430+0000] {logging_mixin.py:149} INFO - [2023-06-03T20:39:24.429+0000] {dag.py:3490} INFO - Setting next_dagrun for example_params_ui_tutorial to None, run_after=None
[2023-06-03T20:39:24.447+0000] {processor.py:179} INFO - Processing /home/airflow/.local/lib/python3.7/site-packages/airflow/example_dags/example_params_ui_tutorial.py took 0.127 seconds
[2023-06-03T20:39:54.562+0000] {processor.py:157} INFO - Started process (PID=7387) to work on /home/airflow/.local/lib/python3.7/site-packages/airflow/example_dags/example_params_ui_tutorial.py
[2023-06-03T20:39:54.564+0000] {processor.py:826} INFO - Processing file /home/airflow/.local/lib/python3.7/site-packages/airflow/example_dags/example_params_ui_tutorial.py for tasks to queue
[2023-06-03T20:39:54.565+0000] {logging_mixin.py:149} INFO - [2023-06-03T20:39:54.565+0000] {dagbag.py:541} INFO - Filling up the DagBag from /home/airflow/.local/lib/python3.7/site-packages/airflow/example_dags/example_params_ui_tutorial.py
[2023-06-03T20:39:54.596+0000] {processor.py:836} INFO - DAG(s) dict_keys(['example_params_ui_tutorial']) retrieved from /home/airflow/.local/lib/python3.7/site-packages/airflow/example_dags/example_params_ui_tutorial.py
[2023-06-03T20:39:54.647+0000] {logging_mixin.py:149} INFO - [2023-06-03T20:39:54.646+0000] {dag.py:2726} INFO - Sync 1 DAGs
[2023-06-03T20:39:54.664+0000] {logging_mixin.py:149} INFO - [2023-06-03T20:39:54.664+0000] {dag.py:3490} INFO - Setting next_dagrun for example_params_ui_tutorial to None, run_after=None
[2023-06-03T20:39:54.682+0000] {processor.py:179} INFO - Processing /home/airflow/.local/lib/python3.7/site-packages/airflow/example_dags/example_params_ui_tutorial.py took 0.122 seconds
[2023-06-03T20:40:24.924+0000] {processor.py:157} INFO - Started process (PID=7639) to work on /home/airflow/.local/lib/python3.7/site-packages/airflow/example_dags/example_params_ui_tutorial.py
[2023-06-03T20:40:24.925+0000] {processor.py:826} INFO - Processing file /home/airflow/.local/lib/python3.7/site-packages/airflow/example_dags/example_params_ui_tutorial.py for tasks to queue
[2023-06-03T20:40:24.926+0000] {logging_mixin.py:149} INFO - [2023-06-03T20:40:24.926+0000] {dagbag.py:541} INFO - Filling up the DagBag from /home/airflow/.local/lib/python3.7/site-packages/airflow/example_dags/example_params_ui_tutorial.py
[2023-06-03T20:40:24.956+0000] {processor.py:836} INFO - DAG(s) dict_keys(['example_params_ui_tutorial']) retrieved from /home/airflow/.local/lib/python3.7/site-packages/airflow/example_dags/example_params_ui_tutorial.py
[2023-06-03T20:40:25.005+0000] {logging_mixin.py:149} INFO - [2023-06-03T20:40:25.005+0000] {dag.py:2726} INFO - Sync 1 DAGs
[2023-06-03T20:40:25.025+0000] {logging_mixin.py:149} INFO - [2023-06-03T20:40:25.025+0000] {dag.py:3490} INFO - Setting next_dagrun for example_params_ui_tutorial to None, run_after=None
[2023-06-03T20:40:25.043+0000] {processor.py:179} INFO - Processing /home/airflow/.local/lib/python3.7/site-packages/airflow/example_dags/example_params_ui_tutorial.py took 0.122 seconds
[2023-06-03T20:40:55.909+0000] {processor.py:157} INFO - Started process (PID=7891) to work on /home/airflow/.local/lib/python3.7/site-packages/airflow/example_dags/example_params_ui_tutorial.py
[2023-06-03T20:40:55.910+0000] {processor.py:826} INFO - Processing file /home/airflow/.local/lib/python3.7/site-packages/airflow/example_dags/example_params_ui_tutorial.py for tasks to queue
[2023-06-03T20:40:55.911+0000] {logging_mixin.py:149} INFO - [2023-06-03T20:40:55.911+0000] {dagbag.py:541} INFO - Filling up the DagBag from /home/airflow/.local/lib/python3.7/site-packages/airflow/example_dags/example_params_ui_tutorial.py
[2023-06-03T20:40:55.943+0000] {processor.py:836} INFO - DAG(s) dict_keys(['example_params_ui_tutorial']) retrieved from /home/airflow/.local/lib/python3.7/site-packages/airflow/example_dags/example_params_ui_tutorial.py
[2023-06-03T20:40:55.992+0000] {logging_mixin.py:149} INFO - [2023-06-03T20:40:55.992+0000] {dag.py:2726} INFO - Sync 1 DAGs
[2023-06-03T20:40:56.011+0000] {logging_mixin.py:149} INFO - [2023-06-03T20:40:56.011+0000] {dag.py:3490} INFO - Setting next_dagrun for example_params_ui_tutorial to None, run_after=None
[2023-06-03T20:40:56.029+0000] {processor.py:179} INFO - Processing /home/airflow/.local/lib/python3.7/site-packages/airflow/example_dags/example_params_ui_tutorial.py took 0.123 seconds
[2023-06-03T20:41:26.105+0000] {processor.py:157} INFO - Started process (PID=8143) to work on /home/airflow/.local/lib/python3.7/site-packages/airflow/example_dags/example_params_ui_tutorial.py
[2023-06-03T20:41:26.107+0000] {processor.py:826} INFO - Processing file /home/airflow/.local/lib/python3.7/site-packages/airflow/example_dags/example_params_ui_tutorial.py for tasks to queue
[2023-06-03T20:41:26.108+0000] {logging_mixin.py:149} INFO - [2023-06-03T20:41:26.108+0000] {dagbag.py:541} INFO - Filling up the DagBag from /home/airflow/.local/lib/python3.7/site-packages/airflow/example_dags/example_params_ui_tutorial.py
[2023-06-03T20:41:26.137+0000] {processor.py:836} INFO - DAG(s) dict_keys(['example_params_ui_tutorial']) retrieved from /home/airflow/.local/lib/python3.7/site-packages/airflow/example_dags/example_params_ui_tutorial.py
[2023-06-03T20:41:26.186+0000] {logging_mixin.py:149} INFO - [2023-06-03T20:41:26.186+0000] {dag.py:2726} INFO - Sync 1 DAGs
[2023-06-03T20:41:26.204+0000] {logging_mixin.py:149} INFO - [2023-06-03T20:41:26.204+0000] {dag.py:3490} INFO - Setting next_dagrun for example_params_ui_tutorial to None, run_after=None
[2023-06-03T20:41:26.221+0000] {processor.py:179} INFO - Processing /home/airflow/.local/lib/python3.7/site-packages/airflow/example_dags/example_params_ui_tutorial.py took 0.118 seconds
[2023-06-03T20:41:56.371+0000] {processor.py:157} INFO - Started process (PID=8395) to work on /home/airflow/.local/lib/python3.7/site-packages/airflow/example_dags/example_params_ui_tutorial.py
[2023-06-03T20:41:56.372+0000] {processor.py:826} INFO - Processing file /home/airflow/.local/lib/python3.7/site-packages/airflow/example_dags/example_params_ui_tutorial.py for tasks to queue
[2023-06-03T20:41:56.373+0000] {logging_mixin.py:149} INFO - [2023-06-03T20:41:56.373+0000] {dagbag.py:541} INFO - Filling up the DagBag from /home/airflow/.local/lib/python3.7/site-packages/airflow/example_dags/example_params_ui_tutorial.py
[2023-06-03T20:41:56.402+0000] {processor.py:836} INFO - DAG(s) dict_keys(['example_params_ui_tutorial']) retrieved from /home/airflow/.local/lib/python3.7/site-packages/airflow/example_dags/example_params_ui_tutorial.py
[2023-06-03T20:41:56.453+0000] {logging_mixin.py:149} INFO - [2023-06-03T20:41:56.453+0000] {dag.py:2726} INFO - Sync 1 DAGs
[2023-06-03T20:41:56.472+0000] {logging_mixin.py:149} INFO - [2023-06-03T20:41:56.471+0000] {dag.py:3490} INFO - Setting next_dagrun for example_params_ui_tutorial to None, run_after=None
[2023-06-03T20:41:56.491+0000] {processor.py:179} INFO - Processing /home/airflow/.local/lib/python3.7/site-packages/airflow/example_dags/example_params_ui_tutorial.py took 0.122 seconds
[2023-06-03T20:42:26.631+0000] {processor.py:157} INFO - Started process (PID=8647) to work on /home/airflow/.local/lib/python3.7/site-packages/airflow/example_dags/example_params_ui_tutorial.py
[2023-06-03T20:42:26.632+0000] {processor.py:826} INFO - Processing file /home/airflow/.local/lib/python3.7/site-packages/airflow/example_dags/example_params_ui_tutorial.py for tasks to queue
[2023-06-03T20:42:26.633+0000] {logging_mixin.py:149} INFO - [2023-06-03T20:42:26.633+0000] {dagbag.py:541} INFO - Filling up the DagBag from /home/airflow/.local/lib/python3.7/site-packages/airflow/example_dags/example_params_ui_tutorial.py
[2023-06-03T20:42:26.665+0000] {processor.py:836} INFO - DAG(s) dict_keys(['example_params_ui_tutorial']) retrieved from /home/airflow/.local/lib/python3.7/site-packages/airflow/example_dags/example_params_ui_tutorial.py
[2023-06-03T20:42:26.714+0000] {logging_mixin.py:149} INFO - [2023-06-03T20:42:26.714+0000] {dag.py:2726} INFO - Sync 1 DAGs
[2023-06-03T20:42:26.731+0000] {logging_mixin.py:149} INFO - [2023-06-03T20:42:26.731+0000] {dag.py:3490} INFO - Setting next_dagrun for example_params_ui_tutorial to None, run_after=None
[2023-06-03T20:42:26.746+0000] {processor.py:179} INFO - Processing /home/airflow/.local/lib/python3.7/site-packages/airflow/example_dags/example_params_ui_tutorial.py took 0.118 seconds
[2023-06-03T20:42:56.816+0000] {processor.py:157} INFO - Started process (PID=8899) to work on /home/airflow/.local/lib/python3.7/site-packages/airflow/example_dags/example_params_ui_tutorial.py
[2023-06-03T20:42:56.817+0000] {processor.py:826} INFO - Processing file /home/airflow/.local/lib/python3.7/site-packages/airflow/example_dags/example_params_ui_tutorial.py for tasks to queue
[2023-06-03T20:42:56.818+0000] {logging_mixin.py:149} INFO - [2023-06-03T20:42:56.818+0000] {dagbag.py:541} INFO - Filling up the DagBag from /home/airflow/.local/lib/python3.7/site-packages/airflow/example_dags/example_params_ui_tutorial.py
[2023-06-03T20:42:56.850+0000] {processor.py:836} INFO - DAG(s) dict_keys(['example_params_ui_tutorial']) retrieved from /home/airflow/.local/lib/python3.7/site-packages/airflow/example_dags/example_params_ui_tutorial.py
[2023-06-03T20:42:56.902+0000] {logging_mixin.py:149} INFO - [2023-06-03T20:42:56.902+0000] {dag.py:2726} INFO - Sync 1 DAGs
[2023-06-03T20:42:56.921+0000] {logging_mixin.py:149} INFO - [2023-06-03T20:42:56.921+0000] {dag.py:3490} INFO - Setting next_dagrun for example_params_ui_tutorial to None, run_after=None
[2023-06-03T20:42:56.938+0000] {processor.py:179} INFO - Processing /home/airflow/.local/lib/python3.7/site-packages/airflow/example_dags/example_params_ui_tutorial.py took 0.125 seconds
[2023-06-03T20:43:27.055+0000] {processor.py:157} INFO - Started process (PID=9151) to work on /home/airflow/.local/lib/python3.7/site-packages/airflow/example_dags/example_params_ui_tutorial.py
[2023-06-03T20:43:27.056+0000] {processor.py:826} INFO - Processing file /home/airflow/.local/lib/python3.7/site-packages/airflow/example_dags/example_params_ui_tutorial.py for tasks to queue
[2023-06-03T20:43:27.057+0000] {logging_mixin.py:149} INFO - [2023-06-03T20:43:27.057+0000] {dagbag.py:541} INFO - Filling up the DagBag from /home/airflow/.local/lib/python3.7/site-packages/airflow/example_dags/example_params_ui_tutorial.py
[2023-06-03T20:43:27.087+0000] {processor.py:836} INFO - DAG(s) dict_keys(['example_params_ui_tutorial']) retrieved from /home/airflow/.local/lib/python3.7/site-packages/airflow/example_dags/example_params_ui_tutorial.py
[2023-06-03T20:43:27.136+0000] {logging_mixin.py:149} INFO - [2023-06-03T20:43:27.136+0000] {dag.py:2726} INFO - Sync 1 DAGs
[2023-06-03T20:43:27.154+0000] {logging_mixin.py:149} INFO - [2023-06-03T20:43:27.154+0000] {dag.py:3490} INFO - Setting next_dagrun for example_params_ui_tutorial to None, run_after=None
[2023-06-03T20:43:27.171+0000] {processor.py:179} INFO - Processing /home/airflow/.local/lib/python3.7/site-packages/airflow/example_dags/example_params_ui_tutorial.py took 0.118 seconds
[2023-06-03T20:43:57.279+0000] {processor.py:157} INFO - Started process (PID=9403) to work on /home/airflow/.local/lib/python3.7/site-packages/airflow/example_dags/example_params_ui_tutorial.py
[2023-06-03T20:43:57.281+0000] {processor.py:826} INFO - Processing file /home/airflow/.local/lib/python3.7/site-packages/airflow/example_dags/example_params_ui_tutorial.py for tasks to queue
[2023-06-03T20:43:57.282+0000] {logging_mixin.py:149} INFO - [2023-06-03T20:43:57.282+0000] {dagbag.py:541} INFO - Filling up the DagBag from /home/airflow/.local/lib/python3.7/site-packages/airflow/example_dags/example_params_ui_tutorial.py
[2023-06-03T20:43:57.313+0000] {processor.py:836} INFO - DAG(s) dict_keys(['example_params_ui_tutorial']) retrieved from /home/airflow/.local/lib/python3.7/site-packages/airflow/example_dags/example_params_ui_tutorial.py
[2023-06-03T20:43:57.357+0000] {logging_mixin.py:149} INFO - [2023-06-03T20:43:57.357+0000] {dag.py:2726} INFO - Sync 1 DAGs
[2023-06-03T20:43:57.375+0000] {logging_mixin.py:149} INFO - [2023-06-03T20:43:57.375+0000] {dag.py:3490} INFO - Setting next_dagrun for example_params_ui_tutorial to None, run_after=None
[2023-06-03T20:43:57.396+0000] {processor.py:179} INFO - Processing /home/airflow/.local/lib/python3.7/site-packages/airflow/example_dags/example_params_ui_tutorial.py took 0.121 seconds
[2023-06-03T20:44:27.866+0000] {processor.py:157} INFO - Started process (PID=9655) to work on /home/airflow/.local/lib/python3.7/site-packages/airflow/example_dags/example_params_ui_tutorial.py
[2023-06-03T20:44:27.867+0000] {processor.py:826} INFO - Processing file /home/airflow/.local/lib/python3.7/site-packages/airflow/example_dags/example_params_ui_tutorial.py for tasks to queue
[2023-06-03T20:44:27.868+0000] {logging_mixin.py:149} INFO - [2023-06-03T20:44:27.868+0000] {dagbag.py:541} INFO - Filling up the DagBag from /home/airflow/.local/lib/python3.7/site-packages/airflow/example_dags/example_params_ui_tutorial.py
[2023-06-03T20:44:27.899+0000] {processor.py:836} INFO - DAG(s) dict_keys(['example_params_ui_tutorial']) retrieved from /home/airflow/.local/lib/python3.7/site-packages/airflow/example_dags/example_params_ui_tutorial.py
[2023-06-03T20:44:27.947+0000] {logging_mixin.py:149} INFO - [2023-06-03T20:44:27.947+0000] {dag.py:2726} INFO - Sync 1 DAGs
[2023-06-03T20:44:27.964+0000] {logging_mixin.py:149} INFO - [2023-06-03T20:44:27.964+0000] {dag.py:3490} INFO - Setting next_dagrun for example_params_ui_tutorial to None, run_after=None
[2023-06-03T20:44:27.983+0000] {processor.py:179} INFO - Processing /home/airflow/.local/lib/python3.7/site-packages/airflow/example_dags/example_params_ui_tutorial.py took 0.119 seconds
[2023-06-03T20:44:58.189+0000] {processor.py:157} INFO - Started process (PID=9907) to work on /home/airflow/.local/lib/python3.7/site-packages/airflow/example_dags/example_params_ui_tutorial.py
[2023-06-03T20:44:58.190+0000] {processor.py:826} INFO - Processing file /home/airflow/.local/lib/python3.7/site-packages/airflow/example_dags/example_params_ui_tutorial.py for tasks to queue
[2023-06-03T20:44:58.192+0000] {logging_mixin.py:149} INFO - [2023-06-03T20:44:58.192+0000] {dagbag.py:541} INFO - Filling up the DagBag from /home/airflow/.local/lib/python3.7/site-packages/airflow/example_dags/example_params_ui_tutorial.py
[2023-06-03T20:44:58.223+0000] {processor.py:836} INFO - DAG(s) dict_keys(['example_params_ui_tutorial']) retrieved from /home/airflow/.local/lib/python3.7/site-packages/airflow/example_dags/example_params_ui_tutorial.py
[2023-06-03T20:44:58.273+0000] {logging_mixin.py:149} INFO - [2023-06-03T20:44:58.273+0000] {dag.py:2726} INFO - Sync 1 DAGs
[2023-06-03T20:44:58.291+0000] {logging_mixin.py:149} INFO - [2023-06-03T20:44:58.291+0000] {dag.py:3490} INFO - Setting next_dagrun for example_params_ui_tutorial to None, run_after=None
[2023-06-03T20:44:58.309+0000] {processor.py:179} INFO - Processing /home/airflow/.local/lib/python3.7/site-packages/airflow/example_dags/example_params_ui_tutorial.py took 0.121 seconds
[2023-06-03T20:45:28.870+0000] {processor.py:157} INFO - Started process (PID=10159) to work on /home/airflow/.local/lib/python3.7/site-packages/airflow/example_dags/example_params_ui_tutorial.py
[2023-06-03T20:45:28.871+0000] {processor.py:826} INFO - Processing file /home/airflow/.local/lib/python3.7/site-packages/airflow/example_dags/example_params_ui_tutorial.py for tasks to queue
[2023-06-03T20:45:28.872+0000] {logging_mixin.py:149} INFO - [2023-06-03T20:45:28.872+0000] {dagbag.py:541} INFO - Filling up the DagBag from /home/airflow/.local/lib/python3.7/site-packages/airflow/example_dags/example_params_ui_tutorial.py
[2023-06-03T20:45:28.903+0000] {processor.py:836} INFO - DAG(s) dict_keys(['example_params_ui_tutorial']) retrieved from /home/airflow/.local/lib/python3.7/site-packages/airflow/example_dags/example_params_ui_tutorial.py
[2023-06-03T20:45:28.995+0000] {logging_mixin.py:149} INFO - [2023-06-03T20:45:28.995+0000] {dag.py:2726} INFO - Sync 1 DAGs
[2023-06-03T20:45:29.013+0000] {logging_mixin.py:149} INFO - [2023-06-03T20:45:29.013+0000] {dag.py:3490} INFO - Setting next_dagrun for example_params_ui_tutorial to None, run_after=None
[2023-06-03T20:45:29.030+0000] {processor.py:179} INFO - Processing /home/airflow/.local/lib/python3.7/site-packages/airflow/example_dags/example_params_ui_tutorial.py took 0.162 seconds
[2023-06-03T20:45:59.123+0000] {processor.py:157} INFO - Started process (PID=10411) to work on /home/airflow/.local/lib/python3.7/site-packages/airflow/example_dags/example_params_ui_tutorial.py
[2023-06-03T20:45:59.124+0000] {processor.py:826} INFO - Processing file /home/airflow/.local/lib/python3.7/site-packages/airflow/example_dags/example_params_ui_tutorial.py for tasks to queue
[2023-06-03T20:45:59.125+0000] {logging_mixin.py:149} INFO - [2023-06-03T20:45:59.125+0000] {dagbag.py:541} INFO - Filling up the DagBag from /home/airflow/.local/lib/python3.7/site-packages/airflow/example_dags/example_params_ui_tutorial.py
[2023-06-03T20:45:59.155+0000] {processor.py:836} INFO - DAG(s) dict_keys(['example_params_ui_tutorial']) retrieved from /home/airflow/.local/lib/python3.7/site-packages/airflow/example_dags/example_params_ui_tutorial.py
[2023-06-03T20:45:59.203+0000] {logging_mixin.py:149} INFO - [2023-06-03T20:45:59.202+0000] {dag.py:2726} INFO - Sync 1 DAGs
[2023-06-03T20:45:59.223+0000] {logging_mixin.py:149} INFO - [2023-06-03T20:45:59.223+0000] {dag.py:3490} INFO - Setting next_dagrun for example_params_ui_tutorial to None, run_after=None
[2023-06-03T20:45:59.249+0000] {processor.py:179} INFO - Processing /home/airflow/.local/lib/python3.7/site-packages/airflow/example_dags/example_params_ui_tutorial.py took 0.127 seconds
[2023-06-03T20:46:29.396+0000] {processor.py:157} INFO - Started process (PID=10663) to work on /home/airflow/.local/lib/python3.7/site-packages/airflow/example_dags/example_params_ui_tutorial.py
[2023-06-03T20:46:29.397+0000] {processor.py:826} INFO - Processing file /home/airflow/.local/lib/python3.7/site-packages/airflow/example_dags/example_params_ui_tutorial.py for tasks to queue
[2023-06-03T20:46:29.398+0000] {logging_mixin.py:149} INFO - [2023-06-03T20:46:29.398+0000] {dagbag.py:541} INFO - Filling up the DagBag from /home/airflow/.local/lib/python3.7/site-packages/airflow/example_dags/example_params_ui_tutorial.py
[2023-06-03T20:46:29.427+0000] {processor.py:836} INFO - DAG(s) dict_keys(['example_params_ui_tutorial']) retrieved from /home/airflow/.local/lib/python3.7/site-packages/airflow/example_dags/example_params_ui_tutorial.py
[2023-06-03T20:46:29.476+0000] {logging_mixin.py:149} INFO - [2023-06-03T20:46:29.476+0000] {dag.py:2726} INFO - Sync 1 DAGs
[2023-06-03T20:46:29.493+0000] {logging_mixin.py:149} INFO - [2023-06-03T20:46:29.493+0000] {dag.py:3490} INFO - Setting next_dagrun for example_params_ui_tutorial to None, run_after=None
[2023-06-03T20:46:29.510+0000] {processor.py:179} INFO - Processing /home/airflow/.local/lib/python3.7/site-packages/airflow/example_dags/example_params_ui_tutorial.py took 0.116 seconds
[2023-06-03T20:46:59.815+0000] {processor.py:157} INFO - Started process (PID=10915) to work on /home/airflow/.local/lib/python3.7/site-packages/airflow/example_dags/example_params_ui_tutorial.py
[2023-06-03T20:46:59.816+0000] {processor.py:826} INFO - Processing file /home/airflow/.local/lib/python3.7/site-packages/airflow/example_dags/example_params_ui_tutorial.py for tasks to queue
[2023-06-03T20:46:59.817+0000] {logging_mixin.py:149} INFO - [2023-06-03T20:46:59.817+0000] {dagbag.py:541} INFO - Filling up the DagBag from /home/airflow/.local/lib/python3.7/site-packages/airflow/example_dags/example_params_ui_tutorial.py
[2023-06-03T20:46:59.848+0000] {processor.py:836} INFO - DAG(s) dict_keys(['example_params_ui_tutorial']) retrieved from /home/airflow/.local/lib/python3.7/site-packages/airflow/example_dags/example_params_ui_tutorial.py
[2023-06-03T20:46:59.895+0000] {logging_mixin.py:149} INFO - [2023-06-03T20:46:59.895+0000] {dag.py:2726} INFO - Sync 1 DAGs
[2023-06-03T20:46:59.912+0000] {logging_mixin.py:149} INFO - [2023-06-03T20:46:59.912+0000] {dag.py:3490} INFO - Setting next_dagrun for example_params_ui_tutorial to None, run_after=None
[2023-06-03T20:46:59.926+0000] {processor.py:179} INFO - Processing /home/airflow/.local/lib/python3.7/site-packages/airflow/example_dags/example_params_ui_tutorial.py took 0.113 seconds
[2023-06-03T20:47:30.045+0000] {processor.py:157} INFO - Started process (PID=11167) to work on /home/airflow/.local/lib/python3.7/site-packages/airflow/example_dags/example_params_ui_tutorial.py
[2023-06-03T20:47:30.046+0000] {processor.py:826} INFO - Processing file /home/airflow/.local/lib/python3.7/site-packages/airflow/example_dags/example_params_ui_tutorial.py for tasks to queue
[2023-06-03T20:47:30.047+0000] {logging_mixin.py:149} INFO - [2023-06-03T20:47:30.047+0000] {dagbag.py:541} INFO - Filling up the DagBag from /home/airflow/.local/lib/python3.7/site-packages/airflow/example_dags/example_params_ui_tutorial.py
[2023-06-03T20:47:30.077+0000] {processor.py:836} INFO - DAG(s) dict_keys(['example_params_ui_tutorial']) retrieved from /home/airflow/.local/lib/python3.7/site-packages/airflow/example_dags/example_params_ui_tutorial.py
[2023-06-03T20:47:30.125+0000] {logging_mixin.py:149} INFO - [2023-06-03T20:47:30.125+0000] {dag.py:2726} INFO - Sync 1 DAGs
[2023-06-03T20:47:30.144+0000] {logging_mixin.py:149} INFO - [2023-06-03T20:47:30.144+0000] {dag.py:3490} INFO - Setting next_dagrun for example_params_ui_tutorial to None, run_after=None
[2023-06-03T20:47:30.159+0000] {processor.py:179} INFO - Processing /home/airflow/.local/lib/python3.7/site-packages/airflow/example_dags/example_params_ui_tutorial.py took 0.116 seconds
[2023-06-03T20:48:00.227+0000] {processor.py:157} INFO - Started process (PID=11419) to work on /home/airflow/.local/lib/python3.7/site-packages/airflow/example_dags/example_params_ui_tutorial.py
[2023-06-03T20:48:00.228+0000] {processor.py:826} INFO - Processing file /home/airflow/.local/lib/python3.7/site-packages/airflow/example_dags/example_params_ui_tutorial.py for tasks to queue
[2023-06-03T20:48:00.229+0000] {logging_mixin.py:149} INFO - [2023-06-03T20:48:00.229+0000] {dagbag.py:541} INFO - Filling up the DagBag from /home/airflow/.local/lib/python3.7/site-packages/airflow/example_dags/example_params_ui_tutorial.py
[2023-06-03T20:48:00.259+0000] {processor.py:836} INFO - DAG(s) dict_keys(['example_params_ui_tutorial']) retrieved from /home/airflow/.local/lib/python3.7/site-packages/airflow/example_dags/example_params_ui_tutorial.py
[2023-06-03T20:48:00.305+0000] {logging_mixin.py:149} INFO - [2023-06-03T20:48:00.305+0000] {dag.py:2726} INFO - Sync 1 DAGs
[2023-06-03T20:48:00.324+0000] {logging_mixin.py:149} INFO - [2023-06-03T20:48:00.324+0000] {dag.py:3490} INFO - Setting next_dagrun for example_params_ui_tutorial to None, run_after=None
[2023-06-03T20:48:00.340+0000] {processor.py:179} INFO - Processing /home/airflow/.local/lib/python3.7/site-packages/airflow/example_dags/example_params_ui_tutorial.py took 0.115 seconds
[2023-06-03T20:48:30.600+0000] {processor.py:157} INFO - Started process (PID=11671) to work on /home/airflow/.local/lib/python3.7/site-packages/airflow/example_dags/example_params_ui_tutorial.py
[2023-06-03T20:48:30.601+0000] {processor.py:826} INFO - Processing file /home/airflow/.local/lib/python3.7/site-packages/airflow/example_dags/example_params_ui_tutorial.py for tasks to queue
[2023-06-03T20:48:30.603+0000] {logging_mixin.py:149} INFO - [2023-06-03T20:48:30.602+0000] {dagbag.py:541} INFO - Filling up the DagBag from /home/airflow/.local/lib/python3.7/site-packages/airflow/example_dags/example_params_ui_tutorial.py
[2023-06-03T20:48:30.633+0000] {processor.py:836} INFO - DAG(s) dict_keys(['example_params_ui_tutorial']) retrieved from /home/airflow/.local/lib/python3.7/site-packages/airflow/example_dags/example_params_ui_tutorial.py
[2023-06-03T20:48:30.681+0000] {logging_mixin.py:149} INFO - [2023-06-03T20:48:30.681+0000] {dag.py:2726} INFO - Sync 1 DAGs
[2023-06-03T20:48:30.699+0000] {logging_mixin.py:149} INFO - [2023-06-03T20:48:30.699+0000] {dag.py:3490} INFO - Setting next_dagrun for example_params_ui_tutorial to None, run_after=None
[2023-06-03T20:48:30.716+0000] {processor.py:179} INFO - Processing /home/airflow/.local/lib/python3.7/site-packages/airflow/example_dags/example_params_ui_tutorial.py took 0.120 seconds
[2023-06-03T20:49:00.971+0000] {processor.py:157} INFO - Started process (PID=11923) to work on /home/airflow/.local/lib/python3.7/site-packages/airflow/example_dags/example_params_ui_tutorial.py
[2023-06-03T20:49:00.972+0000] {processor.py:826} INFO - Processing file /home/airflow/.local/lib/python3.7/site-packages/airflow/example_dags/example_params_ui_tutorial.py for tasks to queue
[2023-06-03T20:49:00.973+0000] {logging_mixin.py:149} INFO - [2023-06-03T20:49:00.973+0000] {dagbag.py:541} INFO - Filling up the DagBag from /home/airflow/.local/lib/python3.7/site-packages/airflow/example_dags/example_params_ui_tutorial.py
[2023-06-03T20:49:01.004+0000] {processor.py:836} INFO - DAG(s) dict_keys(['example_params_ui_tutorial']) retrieved from /home/airflow/.local/lib/python3.7/site-packages/airflow/example_dags/example_params_ui_tutorial.py
[2023-06-03T20:49:01.056+0000] {logging_mixin.py:149} INFO - [2023-06-03T20:49:01.056+0000] {dag.py:2726} INFO - Sync 1 DAGs
[2023-06-03T20:49:01.075+0000] {logging_mixin.py:149} INFO - [2023-06-03T20:49:01.075+0000] {dag.py:3490} INFO - Setting next_dagrun for example_params_ui_tutorial to None, run_after=None
[2023-06-03T20:49:01.092+0000] {processor.py:179} INFO - Processing /home/airflow/.local/lib/python3.7/site-packages/airflow/example_dags/example_params_ui_tutorial.py took 0.123 seconds
[2023-06-03T20:49:31.385+0000] {processor.py:157} INFO - Started process (PID=12175) to work on /home/airflow/.local/lib/python3.7/site-packages/airflow/example_dags/example_params_ui_tutorial.py
[2023-06-03T20:49:31.385+0000] {processor.py:826} INFO - Processing file /home/airflow/.local/lib/python3.7/site-packages/airflow/example_dags/example_params_ui_tutorial.py for tasks to queue
[2023-06-03T20:49:31.386+0000] {logging_mixin.py:149} INFO - [2023-06-03T20:49:31.386+0000] {dagbag.py:541} INFO - Filling up the DagBag from /home/airflow/.local/lib/python3.7/site-packages/airflow/example_dags/example_params_ui_tutorial.py
[2023-06-03T20:49:31.414+0000] {processor.py:836} INFO - DAG(s) dict_keys(['example_params_ui_tutorial']) retrieved from /home/airflow/.local/lib/python3.7/site-packages/airflow/example_dags/example_params_ui_tutorial.py
[2023-06-03T20:49:31.462+0000] {logging_mixin.py:149} INFO - [2023-06-03T20:49:31.462+0000] {dag.py:2726} INFO - Sync 1 DAGs
[2023-06-03T20:49:31.479+0000] {logging_mixin.py:149} INFO - [2023-06-03T20:49:31.479+0000] {dag.py:3490} INFO - Setting next_dagrun for example_params_ui_tutorial to None, run_after=None
[2023-06-03T20:49:31.494+0000] {processor.py:179} INFO - Processing /home/airflow/.local/lib/python3.7/site-packages/airflow/example_dags/example_params_ui_tutorial.py took 0.112 seconds
[2023-06-03T20:50:02.009+0000] {processor.py:157} INFO - Started process (PID=12427) to work on /home/airflow/.local/lib/python3.7/site-packages/airflow/example_dags/example_params_ui_tutorial.py
[2023-06-03T20:50:02.010+0000] {processor.py:826} INFO - Processing file /home/airflow/.local/lib/python3.7/site-packages/airflow/example_dags/example_params_ui_tutorial.py for tasks to queue
[2023-06-03T20:50:02.011+0000] {logging_mixin.py:149} INFO - [2023-06-03T20:50:02.011+0000] {dagbag.py:541} INFO - Filling up the DagBag from /home/airflow/.local/lib/python3.7/site-packages/airflow/example_dags/example_params_ui_tutorial.py
[2023-06-03T20:50:02.042+0000] {processor.py:836} INFO - DAG(s) dict_keys(['example_params_ui_tutorial']) retrieved from /home/airflow/.local/lib/python3.7/site-packages/airflow/example_dags/example_params_ui_tutorial.py
[2023-06-03T20:50:02.087+0000] {logging_mixin.py:149} INFO - [2023-06-03T20:50:02.087+0000] {dag.py:2726} INFO - Sync 1 DAGs
[2023-06-03T20:50:02.106+0000] {logging_mixin.py:149} INFO - [2023-06-03T20:50:02.106+0000] {dag.py:3490} INFO - Setting next_dagrun for example_params_ui_tutorial to None, run_after=None
[2023-06-03T20:50:02.124+0000] {processor.py:179} INFO - Processing /home/airflow/.local/lib/python3.7/site-packages/airflow/example_dags/example_params_ui_tutorial.py took 0.118 seconds
[2023-06-03T20:50:32.164+0000] {processor.py:157} INFO - Started process (PID=12679) to work on /home/airflow/.local/lib/python3.7/site-packages/airflow/example_dags/example_params_ui_tutorial.py
[2023-06-03T20:50:32.165+0000] {processor.py:826} INFO - Processing file /home/airflow/.local/lib/python3.7/site-packages/airflow/example_dags/example_params_ui_tutorial.py for tasks to queue
[2023-06-03T20:50:32.166+0000] {logging_mixin.py:149} INFO - [2023-06-03T20:50:32.166+0000] {dagbag.py:541} INFO - Filling up the DagBag from /home/airflow/.local/lib/python3.7/site-packages/airflow/example_dags/example_params_ui_tutorial.py
[2023-06-03T20:50:32.195+0000] {processor.py:836} INFO - DAG(s) dict_keys(['example_params_ui_tutorial']) retrieved from /home/airflow/.local/lib/python3.7/site-packages/airflow/example_dags/example_params_ui_tutorial.py
[2023-06-03T20:50:32.268+0000] {logging_mixin.py:149} INFO - [2023-06-03T20:50:32.268+0000] {dag.py:2726} INFO - Sync 1 DAGs
[2023-06-03T20:50:32.286+0000] {logging_mixin.py:149} INFO - [2023-06-03T20:50:32.286+0000] {dag.py:3490} INFO - Setting next_dagrun for example_params_ui_tutorial to None, run_after=None
[2023-06-03T20:50:32.304+0000] {processor.py:179} INFO - Processing /home/airflow/.local/lib/python3.7/site-packages/airflow/example_dags/example_params_ui_tutorial.py took 0.142 seconds
[2023-06-03T20:51:02.636+0000] {processor.py:157} INFO - Started process (PID=12932) to work on /home/airflow/.local/lib/python3.7/site-packages/airflow/example_dags/example_params_ui_tutorial.py
[2023-06-03T20:51:02.637+0000] {processor.py:826} INFO - Processing file /home/airflow/.local/lib/python3.7/site-packages/airflow/example_dags/example_params_ui_tutorial.py for tasks to queue
[2023-06-03T20:51:02.638+0000] {logging_mixin.py:149} INFO - [2023-06-03T20:51:02.638+0000] {dagbag.py:541} INFO - Filling up the DagBag from /home/airflow/.local/lib/python3.7/site-packages/airflow/example_dags/example_params_ui_tutorial.py
[2023-06-03T20:51:02.668+0000] {processor.py:836} INFO - DAG(s) dict_keys(['example_params_ui_tutorial']) retrieved from /home/airflow/.local/lib/python3.7/site-packages/airflow/example_dags/example_params_ui_tutorial.py
[2023-06-03T20:51:02.714+0000] {logging_mixin.py:149} INFO - [2023-06-03T20:51:02.714+0000] {dag.py:2726} INFO - Sync 1 DAGs
[2023-06-03T20:51:02.734+0000] {logging_mixin.py:149} INFO - [2023-06-03T20:51:02.734+0000] {dag.py:3490} INFO - Setting next_dagrun for example_params_ui_tutorial to None, run_after=None
[2023-06-03T20:51:02.750+0000] {processor.py:179} INFO - Processing /home/airflow/.local/lib/python3.7/site-packages/airflow/example_dags/example_params_ui_tutorial.py took 0.116 seconds
[2023-06-03T20:51:33.469+0000] {processor.py:157} INFO - Started process (PID=13159) to work on /home/airflow/.local/lib/python3.7/site-packages/airflow/example_dags/example_params_ui_tutorial.py
[2023-06-03T20:51:33.470+0000] {processor.py:826} INFO - Processing file /home/airflow/.local/lib/python3.7/site-packages/airflow/example_dags/example_params_ui_tutorial.py for tasks to queue
[2023-06-03T20:51:33.471+0000] {logging_mixin.py:149} INFO - [2023-06-03T20:51:33.471+0000] {dagbag.py:541} INFO - Filling up the DagBag from /home/airflow/.local/lib/python3.7/site-packages/airflow/example_dags/example_params_ui_tutorial.py
[2023-06-03T20:51:33.502+0000] {processor.py:836} INFO - DAG(s) dict_keys(['example_params_ui_tutorial']) retrieved from /home/airflow/.local/lib/python3.7/site-packages/airflow/example_dags/example_params_ui_tutorial.py
[2023-06-03T20:51:33.549+0000] {logging_mixin.py:149} INFO - [2023-06-03T20:51:33.549+0000] {dag.py:2726} INFO - Sync 1 DAGs
[2023-06-03T20:51:33.568+0000] {logging_mixin.py:149} INFO - [2023-06-03T20:51:33.567+0000] {dag.py:3490} INFO - Setting next_dagrun for example_params_ui_tutorial to None, run_after=None
[2023-06-03T20:51:33.583+0000] {processor.py:179} INFO - Processing /home/airflow/.local/lib/python3.7/site-packages/airflow/example_dags/example_params_ui_tutorial.py took 0.115 seconds
[2023-06-03T20:52:03.688+0000] {processor.py:157} INFO - Started process (PID=13411) to work on /home/airflow/.local/lib/python3.7/site-packages/airflow/example_dags/example_params_ui_tutorial.py
[2023-06-03T20:52:03.689+0000] {processor.py:826} INFO - Processing file /home/airflow/.local/lib/python3.7/site-packages/airflow/example_dags/example_params_ui_tutorial.py for tasks to queue
[2023-06-03T20:52:03.690+0000] {logging_mixin.py:149} INFO - [2023-06-03T20:52:03.690+0000] {dagbag.py:541} INFO - Filling up the DagBag from /home/airflow/.local/lib/python3.7/site-packages/airflow/example_dags/example_params_ui_tutorial.py
[2023-06-03T20:52:03.719+0000] {processor.py:836} INFO - DAG(s) dict_keys(['example_params_ui_tutorial']) retrieved from /home/airflow/.local/lib/python3.7/site-packages/airflow/example_dags/example_params_ui_tutorial.py
[2023-06-03T20:52:03.766+0000] {logging_mixin.py:149} INFO - [2023-06-03T20:52:03.766+0000] {dag.py:2726} INFO - Sync 1 DAGs
[2023-06-03T20:52:03.784+0000] {logging_mixin.py:149} INFO - [2023-06-03T20:52:03.784+0000] {dag.py:3490} INFO - Setting next_dagrun for example_params_ui_tutorial to None, run_after=None
[2023-06-03T20:52:03.799+0000] {processor.py:179} INFO - Processing /home/airflow/.local/lib/python3.7/site-packages/airflow/example_dags/example_params_ui_tutorial.py took 0.113 seconds
[2023-06-03T20:52:34.287+0000] {processor.py:157} INFO - Started process (PID=13663) to work on /home/airflow/.local/lib/python3.7/site-packages/airflow/example_dags/example_params_ui_tutorial.py
[2023-06-03T20:52:34.288+0000] {processor.py:826} INFO - Processing file /home/airflow/.local/lib/python3.7/site-packages/airflow/example_dags/example_params_ui_tutorial.py for tasks to queue
[2023-06-03T20:52:34.289+0000] {logging_mixin.py:149} INFO - [2023-06-03T20:52:34.289+0000] {dagbag.py:541} INFO - Filling up the DagBag from /home/airflow/.local/lib/python3.7/site-packages/airflow/example_dags/example_params_ui_tutorial.py
[2023-06-03T20:52:34.319+0000] {processor.py:836} INFO - DAG(s) dict_keys(['example_params_ui_tutorial']) retrieved from /home/airflow/.local/lib/python3.7/site-packages/airflow/example_dags/example_params_ui_tutorial.py
[2023-06-03T20:52:34.365+0000] {logging_mixin.py:149} INFO - [2023-06-03T20:52:34.365+0000] {dag.py:2726} INFO - Sync 1 DAGs
[2023-06-03T20:52:34.384+0000] {logging_mixin.py:149} INFO - [2023-06-03T20:52:34.383+0000] {dag.py:3490} INFO - Setting next_dagrun for example_params_ui_tutorial to None, run_after=None
[2023-06-03T20:52:34.404+0000] {processor.py:179} INFO - Processing /home/airflow/.local/lib/python3.7/site-packages/airflow/example_dags/example_params_ui_tutorial.py took 0.119 seconds
[2023-06-03T20:53:04.465+0000] {processor.py:157} INFO - Started process (PID=13915) to work on /home/airflow/.local/lib/python3.7/site-packages/airflow/example_dags/example_params_ui_tutorial.py
[2023-06-03T20:53:04.466+0000] {processor.py:826} INFO - Processing file /home/airflow/.local/lib/python3.7/site-packages/airflow/example_dags/example_params_ui_tutorial.py for tasks to queue
[2023-06-03T20:53:04.467+0000] {logging_mixin.py:149} INFO - [2023-06-03T20:53:04.467+0000] {dagbag.py:541} INFO - Filling up the DagBag from /home/airflow/.local/lib/python3.7/site-packages/airflow/example_dags/example_params_ui_tutorial.py
[2023-06-03T20:53:04.498+0000] {processor.py:836} INFO - DAG(s) dict_keys(['example_params_ui_tutorial']) retrieved from /home/airflow/.local/lib/python3.7/site-packages/airflow/example_dags/example_params_ui_tutorial.py
[2023-06-03T20:53:04.551+0000] {logging_mixin.py:149} INFO - [2023-06-03T20:53:04.551+0000] {dag.py:2726} INFO - Sync 1 DAGs
[2023-06-03T20:53:04.568+0000] {logging_mixin.py:149} INFO - [2023-06-03T20:53:04.568+0000] {dag.py:3490} INFO - Setting next_dagrun for example_params_ui_tutorial to None, run_after=None
[2023-06-03T20:53:04.584+0000] {processor.py:179} INFO - Processing /home/airflow/.local/lib/python3.7/site-packages/airflow/example_dags/example_params_ui_tutorial.py took 0.122 seconds
[2023-06-03T20:53:34.673+0000] {processor.py:157} INFO - Started process (PID=14167) to work on /home/airflow/.local/lib/python3.7/site-packages/airflow/example_dags/example_params_ui_tutorial.py
[2023-06-03T20:53:34.674+0000] {processor.py:826} INFO - Processing file /home/airflow/.local/lib/python3.7/site-packages/airflow/example_dags/example_params_ui_tutorial.py for tasks to queue
[2023-06-03T20:53:34.675+0000] {logging_mixin.py:149} INFO - [2023-06-03T20:53:34.675+0000] {dagbag.py:541} INFO - Filling up the DagBag from /home/airflow/.local/lib/python3.7/site-packages/airflow/example_dags/example_params_ui_tutorial.py
[2023-06-03T20:53:34.705+0000] {processor.py:836} INFO - DAG(s) dict_keys(['example_params_ui_tutorial']) retrieved from /home/airflow/.local/lib/python3.7/site-packages/airflow/example_dags/example_params_ui_tutorial.py
[2023-06-03T20:53:34.754+0000] {logging_mixin.py:149} INFO - [2023-06-03T20:53:34.754+0000] {dag.py:2726} INFO - Sync 1 DAGs
[2023-06-03T20:53:34.772+0000] {logging_mixin.py:149} INFO - [2023-06-03T20:53:34.772+0000] {dag.py:3490} INFO - Setting next_dagrun for example_params_ui_tutorial to None, run_after=None
[2023-06-03T20:53:34.789+0000] {processor.py:179} INFO - Processing /home/airflow/.local/lib/python3.7/site-packages/airflow/example_dags/example_params_ui_tutorial.py took 0.118 seconds
[2023-06-03T20:54:05.085+0000] {processor.py:157} INFO - Started process (PID=14419) to work on /home/airflow/.local/lib/python3.7/site-packages/airflow/example_dags/example_params_ui_tutorial.py
[2023-06-03T20:54:05.086+0000] {processor.py:826} INFO - Processing file /home/airflow/.local/lib/python3.7/site-packages/airflow/example_dags/example_params_ui_tutorial.py for tasks to queue
[2023-06-03T20:54:05.087+0000] {logging_mixin.py:149} INFO - [2023-06-03T20:54:05.087+0000] {dagbag.py:541} INFO - Filling up the DagBag from /home/airflow/.local/lib/python3.7/site-packages/airflow/example_dags/example_params_ui_tutorial.py
[2023-06-03T20:54:05.116+0000] {processor.py:836} INFO - DAG(s) dict_keys(['example_params_ui_tutorial']) retrieved from /home/airflow/.local/lib/python3.7/site-packages/airflow/example_dags/example_params_ui_tutorial.py
[2023-06-03T20:54:05.163+0000] {logging_mixin.py:149} INFO - [2023-06-03T20:54:05.163+0000] {dag.py:2726} INFO - Sync 1 DAGs
[2023-06-03T20:54:05.183+0000] {logging_mixin.py:149} INFO - [2023-06-03T20:54:05.182+0000] {dag.py:3490} INFO - Setting next_dagrun for example_params_ui_tutorial to None, run_after=None
[2023-06-03T20:54:05.198+0000] {processor.py:179} INFO - Processing /home/airflow/.local/lib/python3.7/site-packages/airflow/example_dags/example_params_ui_tutorial.py took 0.115 seconds
[2023-06-03T20:54:35.325+0000] {processor.py:157} INFO - Started process (PID=14673) to work on /home/airflow/.local/lib/python3.7/site-packages/airflow/example_dags/example_params_ui_tutorial.py
[2023-06-03T20:54:35.326+0000] {processor.py:826} INFO - Processing file /home/airflow/.local/lib/python3.7/site-packages/airflow/example_dags/example_params_ui_tutorial.py for tasks to queue
[2023-06-03T20:54:35.327+0000] {logging_mixin.py:149} INFO - [2023-06-03T20:54:35.327+0000] {dagbag.py:541} INFO - Filling up the DagBag from /home/airflow/.local/lib/python3.7/site-packages/airflow/example_dags/example_params_ui_tutorial.py
[2023-06-03T20:54:35.361+0000] {processor.py:836} INFO - DAG(s) dict_keys(['example_params_ui_tutorial']) retrieved from /home/airflow/.local/lib/python3.7/site-packages/airflow/example_dags/example_params_ui_tutorial.py
[2023-06-03T20:54:35.410+0000] {logging_mixin.py:149} INFO - [2023-06-03T20:54:35.410+0000] {dag.py:2726} INFO - Sync 1 DAGs
[2023-06-03T20:54:35.428+0000] {logging_mixin.py:149} INFO - [2023-06-03T20:54:35.428+0000] {dag.py:3490} INFO - Setting next_dagrun for example_params_ui_tutorial to None, run_after=None
[2023-06-03T20:54:35.449+0000] {processor.py:179} INFO - Processing /home/airflow/.local/lib/python3.7/site-packages/airflow/example_dags/example_params_ui_tutorial.py took 0.126 seconds
[2023-06-03T20:55:05.515+0000] {processor.py:157} INFO - Started process (PID=14923) to work on /home/airflow/.local/lib/python3.7/site-packages/airflow/example_dags/example_params_ui_tutorial.py
[2023-06-03T20:55:05.517+0000] {processor.py:826} INFO - Processing file /home/airflow/.local/lib/python3.7/site-packages/airflow/example_dags/example_params_ui_tutorial.py for tasks to queue
[2023-06-03T20:55:05.518+0000] {logging_mixin.py:149} INFO - [2023-06-03T20:55:05.518+0000] {dagbag.py:541} INFO - Filling up the DagBag from /home/airflow/.local/lib/python3.7/site-packages/airflow/example_dags/example_params_ui_tutorial.py
[2023-06-03T20:55:05.552+0000] {processor.py:836} INFO - DAG(s) dict_keys(['example_params_ui_tutorial']) retrieved from /home/airflow/.local/lib/python3.7/site-packages/airflow/example_dags/example_params_ui_tutorial.py
[2023-06-03T20:55:05.603+0000] {logging_mixin.py:149} INFO - [2023-06-03T20:55:05.603+0000] {dag.py:2726} INFO - Sync 1 DAGs
[2023-06-03T20:55:05.624+0000] {logging_mixin.py:149} INFO - [2023-06-03T20:55:05.624+0000] {dag.py:3490} INFO - Setting next_dagrun for example_params_ui_tutorial to None, run_after=None
[2023-06-03T20:55:05.643+0000] {processor.py:179} INFO - Processing /home/airflow/.local/lib/python3.7/site-packages/airflow/example_dags/example_params_ui_tutorial.py took 0.131 seconds
[2023-06-03T20:55:35.725+0000] {processor.py:157} INFO - Started process (PID=15175) to work on /home/airflow/.local/lib/python3.7/site-packages/airflow/example_dags/example_params_ui_tutorial.py
[2023-06-03T20:55:35.726+0000] {processor.py:826} INFO - Processing file /home/airflow/.local/lib/python3.7/site-packages/airflow/example_dags/example_params_ui_tutorial.py for tasks to queue
[2023-06-03T20:55:35.727+0000] {logging_mixin.py:149} INFO - [2023-06-03T20:55:35.727+0000] {dagbag.py:541} INFO - Filling up the DagBag from /home/airflow/.local/lib/python3.7/site-packages/airflow/example_dags/example_params_ui_tutorial.py
[2023-06-03T20:55:35.760+0000] {processor.py:836} INFO - DAG(s) dict_keys(['example_params_ui_tutorial']) retrieved from /home/airflow/.local/lib/python3.7/site-packages/airflow/example_dags/example_params_ui_tutorial.py
[2023-06-03T20:55:35.811+0000] {logging_mixin.py:149} INFO - [2023-06-03T20:55:35.810+0000] {dag.py:2726} INFO - Sync 1 DAGs
[2023-06-03T20:55:35.829+0000] {logging_mixin.py:149} INFO - [2023-06-03T20:55:35.829+0000] {dag.py:3490} INFO - Setting next_dagrun for example_params_ui_tutorial to None, run_after=None
[2023-06-03T20:55:35.850+0000] {processor.py:179} INFO - Processing /home/airflow/.local/lib/python3.7/site-packages/airflow/example_dags/example_params_ui_tutorial.py took 0.128 seconds
[2023-06-03T20:56:06.713+0000] {processor.py:157} INFO - Started process (PID=15427) to work on /home/airflow/.local/lib/python3.7/site-packages/airflow/example_dags/example_params_ui_tutorial.py
[2023-06-03T20:56:06.714+0000] {processor.py:826} INFO - Processing file /home/airflow/.local/lib/python3.7/site-packages/airflow/example_dags/example_params_ui_tutorial.py for tasks to queue
[2023-06-03T20:56:06.716+0000] {logging_mixin.py:149} INFO - [2023-06-03T20:56:06.715+0000] {dagbag.py:541} INFO - Filling up the DagBag from /home/airflow/.local/lib/python3.7/site-packages/airflow/example_dags/example_params_ui_tutorial.py
[2023-06-03T20:56:06.745+0000] {processor.py:836} INFO - DAG(s) dict_keys(['example_params_ui_tutorial']) retrieved from /home/airflow/.local/lib/python3.7/site-packages/airflow/example_dags/example_params_ui_tutorial.py
[2023-06-03T20:56:06.794+0000] {logging_mixin.py:149} INFO - [2023-06-03T20:56:06.794+0000] {dag.py:2726} INFO - Sync 1 DAGs
[2023-06-03T20:56:06.814+0000] {logging_mixin.py:149} INFO - [2023-06-03T20:56:06.813+0000] {dag.py:3490} INFO - Setting next_dagrun for example_params_ui_tutorial to None, run_after=None
[2023-06-03T20:56:06.829+0000] {processor.py:179} INFO - Processing /home/airflow/.local/lib/python3.7/site-packages/airflow/example_dags/example_params_ui_tutorial.py took 0.119 seconds
[2023-06-03T20:56:37.360+0000] {processor.py:157} INFO - Started process (PID=15679) to work on /home/airflow/.local/lib/python3.7/site-packages/airflow/example_dags/example_params_ui_tutorial.py
[2023-06-03T20:56:37.361+0000] {processor.py:826} INFO - Processing file /home/airflow/.local/lib/python3.7/site-packages/airflow/example_dags/example_params_ui_tutorial.py for tasks to queue
[2023-06-03T20:56:37.362+0000] {logging_mixin.py:149} INFO - [2023-06-03T20:56:37.361+0000] {dagbag.py:541} INFO - Filling up the DagBag from /home/airflow/.local/lib/python3.7/site-packages/airflow/example_dags/example_params_ui_tutorial.py
[2023-06-03T20:56:37.391+0000] {processor.py:836} INFO - DAG(s) dict_keys(['example_params_ui_tutorial']) retrieved from /home/airflow/.local/lib/python3.7/site-packages/airflow/example_dags/example_params_ui_tutorial.py
[2023-06-03T20:56:37.437+0000] {logging_mixin.py:149} INFO - [2023-06-03T20:56:37.437+0000] {dag.py:2726} INFO - Sync 1 DAGs
[2023-06-03T20:56:37.455+0000] {logging_mixin.py:149} INFO - [2023-06-03T20:56:37.455+0000] {dag.py:3490} INFO - Setting next_dagrun for example_params_ui_tutorial to None, run_after=None
[2023-06-03T20:56:37.473+0000] {processor.py:179} INFO - Processing /home/airflow/.local/lib/python3.7/site-packages/airflow/example_dags/example_params_ui_tutorial.py took 0.115 seconds
[2023-06-03T20:57:07.937+0000] {processor.py:157} INFO - Started process (PID=15931) to work on /home/airflow/.local/lib/python3.7/site-packages/airflow/example_dags/example_params_ui_tutorial.py
[2023-06-03T20:57:07.938+0000] {processor.py:826} INFO - Processing file /home/airflow/.local/lib/python3.7/site-packages/airflow/example_dags/example_params_ui_tutorial.py for tasks to queue
[2023-06-03T20:57:07.939+0000] {logging_mixin.py:149} INFO - [2023-06-03T20:57:07.939+0000] {dagbag.py:541} INFO - Filling up the DagBag from /home/airflow/.local/lib/python3.7/site-packages/airflow/example_dags/example_params_ui_tutorial.py
[2023-06-03T20:57:07.968+0000] {processor.py:836} INFO - DAG(s) dict_keys(['example_params_ui_tutorial']) retrieved from /home/airflow/.local/lib/python3.7/site-packages/airflow/example_dags/example_params_ui_tutorial.py
[2023-06-03T20:57:08.014+0000] {logging_mixin.py:149} INFO - [2023-06-03T20:57:08.014+0000] {dag.py:2726} INFO - Sync 1 DAGs
[2023-06-03T20:57:08.031+0000] {logging_mixin.py:149} INFO - [2023-06-03T20:57:08.031+0000] {dag.py:3490} INFO - Setting next_dagrun for example_params_ui_tutorial to None, run_after=None
[2023-06-03T20:57:08.051+0000] {processor.py:179} INFO - Processing /home/airflow/.local/lib/python3.7/site-packages/airflow/example_dags/example_params_ui_tutorial.py took 0.116 seconds
[2023-06-03T20:57:38.203+0000] {processor.py:157} INFO - Started process (PID=16183) to work on /home/airflow/.local/lib/python3.7/site-packages/airflow/example_dags/example_params_ui_tutorial.py
[2023-06-03T20:57:38.204+0000] {processor.py:826} INFO - Processing file /home/airflow/.local/lib/python3.7/site-packages/airflow/example_dags/example_params_ui_tutorial.py for tasks to queue
[2023-06-03T20:57:38.205+0000] {logging_mixin.py:149} INFO - [2023-06-03T20:57:38.205+0000] {dagbag.py:541} INFO - Filling up the DagBag from /home/airflow/.local/lib/python3.7/site-packages/airflow/example_dags/example_params_ui_tutorial.py
[2023-06-03T20:57:38.235+0000] {processor.py:836} INFO - DAG(s) dict_keys(['example_params_ui_tutorial']) retrieved from /home/airflow/.local/lib/python3.7/site-packages/airflow/example_dags/example_params_ui_tutorial.py
[2023-06-03T20:57:38.284+0000] {logging_mixin.py:149} INFO - [2023-06-03T20:57:38.284+0000] {dag.py:2726} INFO - Sync 1 DAGs
[2023-06-03T20:57:38.302+0000] {logging_mixin.py:149} INFO - [2023-06-03T20:57:38.302+0000] {dag.py:3490} INFO - Setting next_dagrun for example_params_ui_tutorial to None, run_after=None
[2023-06-03T20:57:38.320+0000] {processor.py:179} INFO - Processing /home/airflow/.local/lib/python3.7/site-packages/airflow/example_dags/example_params_ui_tutorial.py took 0.120 seconds
[2023-06-03T20:58:08.604+0000] {processor.py:157} INFO - Started process (PID=16435) to work on /home/airflow/.local/lib/python3.7/site-packages/airflow/example_dags/example_params_ui_tutorial.py
[2023-06-03T20:58:08.606+0000] {processor.py:826} INFO - Processing file /home/airflow/.local/lib/python3.7/site-packages/airflow/example_dags/example_params_ui_tutorial.py for tasks to queue
[2023-06-03T20:58:08.607+0000] {logging_mixin.py:149} INFO - [2023-06-03T20:58:08.607+0000] {dagbag.py:541} INFO - Filling up the DagBag from /home/airflow/.local/lib/python3.7/site-packages/airflow/example_dags/example_params_ui_tutorial.py
[2023-06-03T20:58:08.637+0000] {processor.py:836} INFO - DAG(s) dict_keys(['example_params_ui_tutorial']) retrieved from /home/airflow/.local/lib/python3.7/site-packages/airflow/example_dags/example_params_ui_tutorial.py
[2023-06-03T20:58:08.683+0000] {logging_mixin.py:149} INFO - [2023-06-03T20:58:08.683+0000] {dag.py:2726} INFO - Sync 1 DAGs
[2023-06-03T20:58:08.701+0000] {logging_mixin.py:149} INFO - [2023-06-03T20:58:08.701+0000] {dag.py:3490} INFO - Setting next_dagrun for example_params_ui_tutorial to None, run_after=None
[2023-06-03T20:58:08.717+0000] {processor.py:179} INFO - Processing /home/airflow/.local/lib/python3.7/site-packages/airflow/example_dags/example_params_ui_tutorial.py took 0.115 seconds
[2023-06-03T20:58:39.031+0000] {processor.py:157} INFO - Started process (PID=16687) to work on /home/airflow/.local/lib/python3.7/site-packages/airflow/example_dags/example_params_ui_tutorial.py
[2023-06-03T20:58:39.032+0000] {processor.py:826} INFO - Processing file /home/airflow/.local/lib/python3.7/site-packages/airflow/example_dags/example_params_ui_tutorial.py for tasks to queue
[2023-06-03T20:58:39.033+0000] {logging_mixin.py:149} INFO - [2023-06-03T20:58:39.033+0000] {dagbag.py:541} INFO - Filling up the DagBag from /home/airflow/.local/lib/python3.7/site-packages/airflow/example_dags/example_params_ui_tutorial.py
[2023-06-03T20:58:39.064+0000] {processor.py:836} INFO - DAG(s) dict_keys(['example_params_ui_tutorial']) retrieved from /home/airflow/.local/lib/python3.7/site-packages/airflow/example_dags/example_params_ui_tutorial.py
[2023-06-03T20:58:39.112+0000] {logging_mixin.py:149} INFO - [2023-06-03T20:58:39.112+0000] {dag.py:2726} INFO - Sync 1 DAGs
[2023-06-03T20:58:39.133+0000] {logging_mixin.py:149} INFO - [2023-06-03T20:58:39.133+0000] {dag.py:3490} INFO - Setting next_dagrun for example_params_ui_tutorial to None, run_after=None
[2023-06-03T20:58:39.150+0000] {processor.py:179} INFO - Processing /home/airflow/.local/lib/python3.7/site-packages/airflow/example_dags/example_params_ui_tutorial.py took 0.121 seconds
[2023-06-03T20:59:09.419+0000] {processor.py:157} INFO - Started process (PID=16939) to work on /home/airflow/.local/lib/python3.7/site-packages/airflow/example_dags/example_params_ui_tutorial.py
[2023-06-03T20:59:09.420+0000] {processor.py:826} INFO - Processing file /home/airflow/.local/lib/python3.7/site-packages/airflow/example_dags/example_params_ui_tutorial.py for tasks to queue
[2023-06-03T20:59:09.421+0000] {logging_mixin.py:149} INFO - [2023-06-03T20:59:09.421+0000] {dagbag.py:541} INFO - Filling up the DagBag from /home/airflow/.local/lib/python3.7/site-packages/airflow/example_dags/example_params_ui_tutorial.py
[2023-06-03T20:59:09.452+0000] {processor.py:836} INFO - DAG(s) dict_keys(['example_params_ui_tutorial']) retrieved from /home/airflow/.local/lib/python3.7/site-packages/airflow/example_dags/example_params_ui_tutorial.py
[2023-06-03T20:59:09.500+0000] {logging_mixin.py:149} INFO - [2023-06-03T20:59:09.500+0000] {dag.py:2726} INFO - Sync 1 DAGs
[2023-06-03T20:59:09.519+0000] {logging_mixin.py:149} INFO - [2023-06-03T20:59:09.519+0000] {dag.py:3490} INFO - Setting next_dagrun for example_params_ui_tutorial to None, run_after=None
[2023-06-03T20:59:09.536+0000] {processor.py:179} INFO - Processing /home/airflow/.local/lib/python3.7/site-packages/airflow/example_dags/example_params_ui_tutorial.py took 0.119 seconds
[2023-06-03T20:59:40.258+0000] {processor.py:157} INFO - Started process (PID=17191) to work on /home/airflow/.local/lib/python3.7/site-packages/airflow/example_dags/example_params_ui_tutorial.py
[2023-06-03T20:59:40.259+0000] {processor.py:826} INFO - Processing file /home/airflow/.local/lib/python3.7/site-packages/airflow/example_dags/example_params_ui_tutorial.py for tasks to queue
[2023-06-03T20:59:40.260+0000] {logging_mixin.py:149} INFO - [2023-06-03T20:59:40.260+0000] {dagbag.py:541} INFO - Filling up the DagBag from /home/airflow/.local/lib/python3.7/site-packages/airflow/example_dags/example_params_ui_tutorial.py
[2023-06-03T20:59:40.290+0000] {processor.py:836} INFO - DAG(s) dict_keys(['example_params_ui_tutorial']) retrieved from /home/airflow/.local/lib/python3.7/site-packages/airflow/example_dags/example_params_ui_tutorial.py
[2023-06-03T20:59:40.338+0000] {logging_mixin.py:149} INFO - [2023-06-03T20:59:40.338+0000] {dag.py:2726} INFO - Sync 1 DAGs
[2023-06-03T20:59:40.356+0000] {logging_mixin.py:149} INFO - [2023-06-03T20:59:40.356+0000] {dag.py:3490} INFO - Setting next_dagrun for example_params_ui_tutorial to None, run_after=None
[2023-06-03T20:59:40.372+0000] {processor.py:179} INFO - Processing /home/airflow/.local/lib/python3.7/site-packages/airflow/example_dags/example_params_ui_tutorial.py took 0.116 seconds
[2023-06-03T21:00:11.320+0000] {processor.py:157} INFO - Started process (PID=17443) to work on /home/airflow/.local/lib/python3.7/site-packages/airflow/example_dags/example_params_ui_tutorial.py
[2023-06-03T21:00:11.321+0000] {processor.py:826} INFO - Processing file /home/airflow/.local/lib/python3.7/site-packages/airflow/example_dags/example_params_ui_tutorial.py for tasks to queue
[2023-06-03T21:00:11.323+0000] {logging_mixin.py:149} INFO - [2023-06-03T21:00:11.322+0000] {dagbag.py:541} INFO - Filling up the DagBag from /home/airflow/.local/lib/python3.7/site-packages/airflow/example_dags/example_params_ui_tutorial.py
[2023-06-03T21:00:11.353+0000] {processor.py:836} INFO - DAG(s) dict_keys(['example_params_ui_tutorial']) retrieved from /home/airflow/.local/lib/python3.7/site-packages/airflow/example_dags/example_params_ui_tutorial.py
[2023-06-03T21:00:11.401+0000] {logging_mixin.py:149} INFO - [2023-06-03T21:00:11.401+0000] {dag.py:2726} INFO - Sync 1 DAGs
[2023-06-03T21:00:11.427+0000] {logging_mixin.py:149} INFO - [2023-06-03T21:00:11.427+0000] {dag.py:3490} INFO - Setting next_dagrun for example_params_ui_tutorial to None, run_after=None
[2023-06-03T21:00:11.450+0000] {processor.py:179} INFO - Processing /home/airflow/.local/lib/python3.7/site-packages/airflow/example_dags/example_params_ui_tutorial.py took 0.132 seconds
[2023-06-03T21:00:42.198+0000] {processor.py:157} INFO - Started process (PID=17695) to work on /home/airflow/.local/lib/python3.7/site-packages/airflow/example_dags/example_params_ui_tutorial.py
[2023-06-03T21:00:42.199+0000] {processor.py:826} INFO - Processing file /home/airflow/.local/lib/python3.7/site-packages/airflow/example_dags/example_params_ui_tutorial.py for tasks to queue
[2023-06-03T21:00:42.201+0000] {logging_mixin.py:149} INFO - [2023-06-03T21:00:42.201+0000] {dagbag.py:541} INFO - Filling up the DagBag from /home/airflow/.local/lib/python3.7/site-packages/airflow/example_dags/example_params_ui_tutorial.py
[2023-06-03T21:00:42.269+0000] {processor.py:836} INFO - DAG(s) dict_keys(['example_params_ui_tutorial']) retrieved from /home/airflow/.local/lib/python3.7/site-packages/airflow/example_dags/example_params_ui_tutorial.py
[2023-06-03T21:00:42.347+0000] {logging_mixin.py:149} INFO - [2023-06-03T21:00:42.347+0000] {dag.py:2726} INFO - Sync 1 DAGs
[2023-06-03T21:00:42.382+0000] {logging_mixin.py:149} INFO - [2023-06-03T21:00:42.382+0000] {dag.py:3490} INFO - Setting next_dagrun for example_params_ui_tutorial to None, run_after=None
[2023-06-03T21:00:42.419+0000] {processor.py:179} INFO - Processing /home/airflow/.local/lib/python3.7/site-packages/airflow/example_dags/example_params_ui_tutorial.py took 0.226 seconds
