[2023-06-03T20:25:44.123+0000] {processor.py:157} INFO - Started process (PID=312) to work on /home/airflow/.local/lib/python3.7/site-packages/airflow/example_dags/example_task_group_decorator.py
[2023-06-03T20:25:44.125+0000] {processor.py:826} INFO - Processing file /home/airflow/.local/lib/python3.7/site-packages/airflow/example_dags/example_task_group_decorator.py for tasks to queue
[2023-06-03T20:25:44.127+0000] {logging_mixin.py:149} INFO - [2023-06-03T20:25:44.127+0000] {dagbag.py:541} INFO - Filling up the DagBag from /home/airflow/.local/lib/python3.7/site-packages/airflow/example_dags/example_task_group_decorator.py
[2023-06-03T20:25:44.142+0000] {processor.py:836} INFO - DAG(s) dict_keys(['example_task_group_decorator']) retrieved from /home/airflow/.local/lib/python3.7/site-packages/airflow/example_dags/example_task_group_decorator.py
[2023-06-03T20:25:44.151+0000] {logging_mixin.py:149} INFO - [2023-06-03T20:25:44.151+0000] {dag.py:2726} INFO - Sync 1 DAGs
[2023-06-03T20:25:44.171+0000] {logging_mixin.py:149} INFO - [2023-06-03T20:25:44.171+0000] {dag.py:3490} INFO - Setting next_dagrun for example_task_group_decorator to 2023-06-02T20:25:44.171580+00:00, run_after=2023-06-03T20:25:44.171580+00:00
[2023-06-03T20:25:44.189+0000] {processor.py:179} INFO - Processing /home/airflow/.local/lib/python3.7/site-packages/airflow/example_dags/example_task_group_decorator.py took 0.068 seconds
[2023-06-03T20:26:14.913+0000] {processor.py:157} INFO - Started process (PID=564) to work on /home/airflow/.local/lib/python3.7/site-packages/airflow/example_dags/example_task_group_decorator.py
[2023-06-03T20:26:14.914+0000] {processor.py:826} INFO - Processing file /home/airflow/.local/lib/python3.7/site-packages/airflow/example_dags/example_task_group_decorator.py for tasks to queue
[2023-06-03T20:26:14.915+0000] {logging_mixin.py:149} INFO - [2023-06-03T20:26:14.915+0000] {dagbag.py:541} INFO - Filling up the DagBag from /home/airflow/.local/lib/python3.7/site-packages/airflow/example_dags/example_task_group_decorator.py
[2023-06-03T20:26:14.924+0000] {processor.py:836} INFO - DAG(s) dict_keys(['example_task_group_decorator']) retrieved from /home/airflow/.local/lib/python3.7/site-packages/airflow/example_dags/example_task_group_decorator.py
[2023-06-03T20:26:15.014+0000] {logging_mixin.py:149} INFO - [2023-06-03T20:26:15.014+0000] {dag.py:2726} INFO - Sync 1 DAGs
[2023-06-03T20:26:15.030+0000] {logging_mixin.py:149} INFO - [2023-06-03T20:26:15.030+0000] {dag.py:3490} INFO - Setting next_dagrun for example_task_group_decorator to 2023-06-02T20:26:15.030155+00:00, run_after=2023-06-03T20:26:15.030155+00:00
[2023-06-03T20:26:15.043+0000] {processor.py:179} INFO - Processing /home/airflow/.local/lib/python3.7/site-packages/airflow/example_dags/example_task_group_decorator.py took 0.132 seconds
[2023-06-03T20:26:45.257+0000] {processor.py:157} INFO - Started process (PID=816) to work on /home/airflow/.local/lib/python3.7/site-packages/airflow/example_dags/example_task_group_decorator.py
[2023-06-03T20:26:45.258+0000] {processor.py:826} INFO - Processing file /home/airflow/.local/lib/python3.7/site-packages/airflow/example_dags/example_task_group_decorator.py for tasks to queue
[2023-06-03T20:26:45.259+0000] {logging_mixin.py:149} INFO - [2023-06-03T20:26:45.258+0000] {dagbag.py:541} INFO - Filling up the DagBag from /home/airflow/.local/lib/python3.7/site-packages/airflow/example_dags/example_task_group_decorator.py
[2023-06-03T20:26:45.269+0000] {processor.py:836} INFO - DAG(s) dict_keys(['example_task_group_decorator']) retrieved from /home/airflow/.local/lib/python3.7/site-packages/airflow/example_dags/example_task_group_decorator.py
[2023-06-03T20:26:45.290+0000] {logging_mixin.py:149} INFO - [2023-06-03T20:26:45.290+0000] {dag.py:2726} INFO - Sync 1 DAGs
[2023-06-03T20:26:45.310+0000] {logging_mixin.py:149} INFO - [2023-06-03T20:26:45.310+0000] {dag.py:3490} INFO - Setting next_dagrun for example_task_group_decorator to 2023-06-02T20:26:45.309869+00:00, run_after=2023-06-03T20:26:45.309869+00:00
[2023-06-03T20:26:45.328+0000] {processor.py:179} INFO - Processing /home/airflow/.local/lib/python3.7/site-packages/airflow/example_dags/example_task_group_decorator.py took 0.073 seconds
[2023-06-03T20:27:15.965+0000] {processor.py:157} INFO - Started process (PID=1068) to work on /home/airflow/.local/lib/python3.7/site-packages/airflow/example_dags/example_task_group_decorator.py
[2023-06-03T20:27:15.966+0000] {processor.py:826} INFO - Processing file /home/airflow/.local/lib/python3.7/site-packages/airflow/example_dags/example_task_group_decorator.py for tasks to queue
[2023-06-03T20:27:15.967+0000] {logging_mixin.py:149} INFO - [2023-06-03T20:27:15.967+0000] {dagbag.py:541} INFO - Filling up the DagBag from /home/airflow/.local/lib/python3.7/site-packages/airflow/example_dags/example_task_group_decorator.py
[2023-06-03T20:27:15.976+0000] {processor.py:836} INFO - DAG(s) dict_keys(['example_task_group_decorator']) retrieved from /home/airflow/.local/lib/python3.7/site-packages/airflow/example_dags/example_task_group_decorator.py
[2023-06-03T20:27:15.995+0000] {logging_mixin.py:149} INFO - [2023-06-03T20:27:15.995+0000] {dag.py:2726} INFO - Sync 1 DAGs
[2023-06-03T20:27:16.012+0000] {logging_mixin.py:149} INFO - [2023-06-03T20:27:16.012+0000] {dag.py:3490} INFO - Setting next_dagrun for example_task_group_decorator to 2023-06-02T20:27:16.012367+00:00, run_after=2023-06-03T20:27:16.012367+00:00
[2023-06-03T20:27:16.028+0000] {processor.py:179} INFO - Processing /home/airflow/.local/lib/python3.7/site-packages/airflow/example_dags/example_task_group_decorator.py took 0.065 seconds
[2023-06-03T20:27:47.043+0000] {processor.py:157} INFO - Started process (PID=1319) to work on /home/airflow/.local/lib/python3.7/site-packages/airflow/example_dags/example_task_group_decorator.py
[2023-06-03T20:27:47.044+0000] {processor.py:826} INFO - Processing file /home/airflow/.local/lib/python3.7/site-packages/airflow/example_dags/example_task_group_decorator.py for tasks to queue
[2023-06-03T20:27:47.045+0000] {logging_mixin.py:149} INFO - [2023-06-03T20:27:47.044+0000] {dagbag.py:541} INFO - Filling up the DagBag from /home/airflow/.local/lib/python3.7/site-packages/airflow/example_dags/example_task_group_decorator.py
[2023-06-03T20:27:47.055+0000] {processor.py:836} INFO - DAG(s) dict_keys(['example_task_group_decorator']) retrieved from /home/airflow/.local/lib/python3.7/site-packages/airflow/example_dags/example_task_group_decorator.py
[2023-06-03T20:27:47.074+0000] {logging_mixin.py:149} INFO - [2023-06-03T20:27:47.074+0000] {dag.py:2726} INFO - Sync 1 DAGs
[2023-06-03T20:27:47.090+0000] {logging_mixin.py:149} INFO - [2023-06-03T20:27:47.090+0000] {dag.py:3490} INFO - Setting next_dagrun for example_task_group_decorator to 2023-06-02T20:27:47.090433+00:00, run_after=2023-06-03T20:27:47.090433+00:00
[2023-06-03T20:27:47.106+0000] {processor.py:179} INFO - Processing /home/airflow/.local/lib/python3.7/site-packages/airflow/example_dags/example_task_group_decorator.py took 0.065 seconds
[2023-06-03T20:28:17.558+0000] {processor.py:157} INFO - Started process (PID=1573) to work on /home/airflow/.local/lib/python3.7/site-packages/airflow/example_dags/example_task_group_decorator.py
[2023-06-03T20:28:17.559+0000] {processor.py:826} INFO - Processing file /home/airflow/.local/lib/python3.7/site-packages/airflow/example_dags/example_task_group_decorator.py for tasks to queue
[2023-06-03T20:28:17.559+0000] {logging_mixin.py:149} INFO - [2023-06-03T20:28:17.559+0000] {dagbag.py:541} INFO - Filling up the DagBag from /home/airflow/.local/lib/python3.7/site-packages/airflow/example_dags/example_task_group_decorator.py
[2023-06-03T20:28:17.569+0000] {processor.py:836} INFO - DAG(s) dict_keys(['example_task_group_decorator']) retrieved from /home/airflow/.local/lib/python3.7/site-packages/airflow/example_dags/example_task_group_decorator.py
[2023-06-03T20:28:17.589+0000] {logging_mixin.py:149} INFO - [2023-06-03T20:28:17.589+0000] {dag.py:2726} INFO - Sync 1 DAGs
[2023-06-03T20:28:17.606+0000] {logging_mixin.py:149} INFO - [2023-06-03T20:28:17.606+0000] {dag.py:3490} INFO - Setting next_dagrun for example_task_group_decorator to 2023-06-02T20:28:17.606353+00:00, run_after=2023-06-03T20:28:17.606353+00:00
[2023-06-03T20:28:17.622+0000] {processor.py:179} INFO - Processing /home/airflow/.local/lib/python3.7/site-packages/airflow/example_dags/example_task_group_decorator.py took 0.066 seconds
[2023-06-03T20:28:47.748+0000] {processor.py:157} INFO - Started process (PID=1825) to work on /home/airflow/.local/lib/python3.7/site-packages/airflow/example_dags/example_task_group_decorator.py
[2023-06-03T20:28:47.749+0000] {processor.py:826} INFO - Processing file /home/airflow/.local/lib/python3.7/site-packages/airflow/example_dags/example_task_group_decorator.py for tasks to queue
[2023-06-03T20:28:47.750+0000] {logging_mixin.py:149} INFO - [2023-06-03T20:28:47.750+0000] {dagbag.py:541} INFO - Filling up the DagBag from /home/airflow/.local/lib/python3.7/site-packages/airflow/example_dags/example_task_group_decorator.py
[2023-06-03T20:28:47.761+0000] {processor.py:836} INFO - DAG(s) dict_keys(['example_task_group_decorator']) retrieved from /home/airflow/.local/lib/python3.7/site-packages/airflow/example_dags/example_task_group_decorator.py
[2023-06-03T20:28:47.781+0000] {logging_mixin.py:149} INFO - [2023-06-03T20:28:47.781+0000] {dag.py:2726} INFO - Sync 1 DAGs
[2023-06-03T20:28:47.798+0000] {logging_mixin.py:149} INFO - [2023-06-03T20:28:47.798+0000] {dag.py:3490} INFO - Setting next_dagrun for example_task_group_decorator to 2023-06-02T20:28:47.798301+00:00, run_after=2023-06-03T20:28:47.798301+00:00
[2023-06-03T20:28:47.815+0000] {processor.py:179} INFO - Processing /home/airflow/.local/lib/python3.7/site-packages/airflow/example_dags/example_task_group_decorator.py took 0.070 seconds
[2023-06-03T20:29:18.166+0000] {processor.py:157} INFO - Started process (PID=2077) to work on /home/airflow/.local/lib/python3.7/site-packages/airflow/example_dags/example_task_group_decorator.py
[2023-06-03T20:29:18.167+0000] {processor.py:826} INFO - Processing file /home/airflow/.local/lib/python3.7/site-packages/airflow/example_dags/example_task_group_decorator.py for tasks to queue
[2023-06-03T20:29:18.169+0000] {logging_mixin.py:149} INFO - [2023-06-03T20:29:18.168+0000] {dagbag.py:541} INFO - Filling up the DagBag from /home/airflow/.local/lib/python3.7/site-packages/airflow/example_dags/example_task_group_decorator.py
[2023-06-03T20:29:18.179+0000] {processor.py:836} INFO - DAG(s) dict_keys(['example_task_group_decorator']) retrieved from /home/airflow/.local/lib/python3.7/site-packages/airflow/example_dags/example_task_group_decorator.py
[2023-06-03T20:29:18.199+0000] {logging_mixin.py:149} INFO - [2023-06-03T20:29:18.199+0000] {dag.py:2726} INFO - Sync 1 DAGs
[2023-06-03T20:29:18.218+0000] {logging_mixin.py:149} INFO - [2023-06-03T20:29:18.218+0000] {dag.py:3490} INFO - Setting next_dagrun for example_task_group_decorator to 2023-06-02T20:29:18.217995+00:00, run_after=2023-06-03T20:29:18.217995+00:00
[2023-06-03T20:29:18.236+0000] {processor.py:179} INFO - Processing /home/airflow/.local/lib/python3.7/site-packages/airflow/example_dags/example_task_group_decorator.py took 0.072 seconds
[2023-06-03T20:29:48.361+0000] {processor.py:157} INFO - Started process (PID=2329) to work on /home/airflow/.local/lib/python3.7/site-packages/airflow/example_dags/example_task_group_decorator.py
[2023-06-03T20:29:48.363+0000] {processor.py:826} INFO - Processing file /home/airflow/.local/lib/python3.7/site-packages/airflow/example_dags/example_task_group_decorator.py for tasks to queue
[2023-06-03T20:29:48.364+0000] {logging_mixin.py:149} INFO - [2023-06-03T20:29:48.364+0000] {dagbag.py:541} INFO - Filling up the DagBag from /home/airflow/.local/lib/python3.7/site-packages/airflow/example_dags/example_task_group_decorator.py
[2023-06-03T20:29:48.375+0000] {processor.py:836} INFO - DAG(s) dict_keys(['example_task_group_decorator']) retrieved from /home/airflow/.local/lib/python3.7/site-packages/airflow/example_dags/example_task_group_decorator.py
[2023-06-03T20:29:48.396+0000] {logging_mixin.py:149} INFO - [2023-06-03T20:29:48.396+0000] {dag.py:2726} INFO - Sync 1 DAGs
[2023-06-03T20:29:48.413+0000] {logging_mixin.py:149} INFO - [2023-06-03T20:29:48.413+0000] {dag.py:3490} INFO - Setting next_dagrun for example_task_group_decorator to 2023-06-02T20:29:48.413298+00:00, run_after=2023-06-03T20:29:48.413298+00:00
[2023-06-03T20:29:48.433+0000] {processor.py:179} INFO - Processing /home/airflow/.local/lib/python3.7/site-packages/airflow/example_dags/example_task_group_decorator.py took 0.074 seconds
[2023-06-03T20:30:19.333+0000] {processor.py:157} INFO - Started process (PID=2581) to work on /home/airflow/.local/lib/python3.7/site-packages/airflow/example_dags/example_task_group_decorator.py
[2023-06-03T20:30:19.334+0000] {processor.py:826} INFO - Processing file /home/airflow/.local/lib/python3.7/site-packages/airflow/example_dags/example_task_group_decorator.py for tasks to queue
[2023-06-03T20:30:19.335+0000] {logging_mixin.py:149} INFO - [2023-06-03T20:30:19.335+0000] {dagbag.py:541} INFO - Filling up the DagBag from /home/airflow/.local/lib/python3.7/site-packages/airflow/example_dags/example_task_group_decorator.py
[2023-06-03T20:30:19.344+0000] {processor.py:836} INFO - DAG(s) dict_keys(['example_task_group_decorator']) retrieved from /home/airflow/.local/lib/python3.7/site-packages/airflow/example_dags/example_task_group_decorator.py
[2023-06-03T20:30:19.371+0000] {logging_mixin.py:149} INFO - [2023-06-03T20:30:19.371+0000] {dag.py:2726} INFO - Sync 1 DAGs
[2023-06-03T20:30:19.389+0000] {logging_mixin.py:149} INFO - [2023-06-03T20:30:19.388+0000] {dag.py:3490} INFO - Setting next_dagrun for example_task_group_decorator to 2023-06-02T20:30:19.388758+00:00, run_after=2023-06-03T20:30:19.388758+00:00
[2023-06-03T20:30:19.405+0000] {processor.py:179} INFO - Processing /home/airflow/.local/lib/python3.7/site-packages/airflow/example_dags/example_task_group_decorator.py took 0.074 seconds
[2023-06-03T20:30:49.823+0000] {processor.py:157} INFO - Started process (PID=2833) to work on /home/airflow/.local/lib/python3.7/site-packages/airflow/example_dags/example_task_group_decorator.py
[2023-06-03T20:30:49.824+0000] {processor.py:826} INFO - Processing file /home/airflow/.local/lib/python3.7/site-packages/airflow/example_dags/example_task_group_decorator.py for tasks to queue
[2023-06-03T20:30:49.825+0000] {logging_mixin.py:149} INFO - [2023-06-03T20:30:49.825+0000] {dagbag.py:541} INFO - Filling up the DagBag from /home/airflow/.local/lib/python3.7/site-packages/airflow/example_dags/example_task_group_decorator.py
[2023-06-03T20:30:49.835+0000] {processor.py:836} INFO - DAG(s) dict_keys(['example_task_group_decorator']) retrieved from /home/airflow/.local/lib/python3.7/site-packages/airflow/example_dags/example_task_group_decorator.py
[2023-06-03T20:30:49.856+0000] {logging_mixin.py:149} INFO - [2023-06-03T20:30:49.856+0000] {dag.py:2726} INFO - Sync 1 DAGs
[2023-06-03T20:30:49.874+0000] {logging_mixin.py:149} INFO - [2023-06-03T20:30:49.874+0000] {dag.py:3490} INFO - Setting next_dagrun for example_task_group_decorator to 2023-06-02T20:30:49.873968+00:00, run_after=2023-06-03T20:30:49.873968+00:00
[2023-06-03T20:30:49.891+0000] {processor.py:179} INFO - Processing /home/airflow/.local/lib/python3.7/site-packages/airflow/example_dags/example_task_group_decorator.py took 0.070 seconds
[2023-06-03T20:31:20.150+0000] {processor.py:157} INFO - Started process (PID=3085) to work on /home/airflow/.local/lib/python3.7/site-packages/airflow/example_dags/example_task_group_decorator.py
[2023-06-03T20:31:20.151+0000] {processor.py:826} INFO - Processing file /home/airflow/.local/lib/python3.7/site-packages/airflow/example_dags/example_task_group_decorator.py for tasks to queue
[2023-06-03T20:31:20.152+0000] {logging_mixin.py:149} INFO - [2023-06-03T20:31:20.152+0000] {dagbag.py:541} INFO - Filling up the DagBag from /home/airflow/.local/lib/python3.7/site-packages/airflow/example_dags/example_task_group_decorator.py
[2023-06-03T20:31:20.163+0000] {processor.py:836} INFO - DAG(s) dict_keys(['example_task_group_decorator']) retrieved from /home/airflow/.local/lib/python3.7/site-packages/airflow/example_dags/example_task_group_decorator.py
[2023-06-03T20:31:20.185+0000] {logging_mixin.py:149} INFO - [2023-06-03T20:31:20.185+0000] {dag.py:2726} INFO - Sync 1 DAGs
[2023-06-03T20:31:20.204+0000] {logging_mixin.py:149} INFO - [2023-06-03T20:31:20.204+0000] {dag.py:3490} INFO - Setting next_dagrun for example_task_group_decorator to 2023-06-02T20:31:20.204440+00:00, run_after=2023-06-03T20:31:20.204440+00:00
[2023-06-03T20:31:20.223+0000] {processor.py:179} INFO - Processing /home/airflow/.local/lib/python3.7/site-packages/airflow/example_dags/example_task_group_decorator.py took 0.075 seconds
[2023-06-03T20:31:50.515+0000] {processor.py:157} INFO - Started process (PID=3337) to work on /home/airflow/.local/lib/python3.7/site-packages/airflow/example_dags/example_task_group_decorator.py
[2023-06-03T20:31:50.516+0000] {processor.py:826} INFO - Processing file /home/airflow/.local/lib/python3.7/site-packages/airflow/example_dags/example_task_group_decorator.py for tasks to queue
[2023-06-03T20:31:50.517+0000] {logging_mixin.py:149} INFO - [2023-06-03T20:31:50.517+0000] {dagbag.py:541} INFO - Filling up the DagBag from /home/airflow/.local/lib/python3.7/site-packages/airflow/example_dags/example_task_group_decorator.py
[2023-06-03T20:31:50.528+0000] {processor.py:836} INFO - DAG(s) dict_keys(['example_task_group_decorator']) retrieved from /home/airflow/.local/lib/python3.7/site-packages/airflow/example_dags/example_task_group_decorator.py
[2023-06-03T20:31:50.552+0000] {logging_mixin.py:149} INFO - [2023-06-03T20:31:50.552+0000] {dag.py:2726} INFO - Sync 1 DAGs
[2023-06-03T20:31:50.569+0000] {logging_mixin.py:149} INFO - [2023-06-03T20:31:50.569+0000] {dag.py:3490} INFO - Setting next_dagrun for example_task_group_decorator to 2023-06-02T20:31:50.569022+00:00, run_after=2023-06-03T20:31:50.569022+00:00
[2023-06-03T20:31:50.631+0000] {processor.py:179} INFO - Processing /home/airflow/.local/lib/python3.7/site-packages/airflow/example_dags/example_task_group_decorator.py took 0.118 seconds
[2023-06-03T20:32:20.828+0000] {processor.py:157} INFO - Started process (PID=3727) to work on /home/airflow/.local/lib/python3.7/site-packages/airflow/example_dags/example_task_group_decorator.py
[2023-06-03T20:32:20.829+0000] {processor.py:826} INFO - Processing file /home/airflow/.local/lib/python3.7/site-packages/airflow/example_dags/example_task_group_decorator.py for tasks to queue
[2023-06-03T20:32:20.830+0000] {logging_mixin.py:149} INFO - [2023-06-03T20:32:20.830+0000] {dagbag.py:541} INFO - Filling up the DagBag from /home/airflow/.local/lib/python3.7/site-packages/airflow/example_dags/example_task_group_decorator.py
[2023-06-03T20:32:20.841+0000] {processor.py:836} INFO - DAG(s) dict_keys(['example_task_group_decorator']) retrieved from /home/airflow/.local/lib/python3.7/site-packages/airflow/example_dags/example_task_group_decorator.py
[2023-06-03T20:32:20.860+0000] {logging_mixin.py:149} INFO - [2023-06-03T20:32:20.860+0000] {dag.py:2726} INFO - Sync 1 DAGs
[2023-06-03T20:32:20.880+0000] {logging_mixin.py:149} INFO - [2023-06-03T20:32:20.879+0000] {dag.py:3490} INFO - Setting next_dagrun for example_task_group_decorator to 2023-06-02T20:32:20.879699+00:00, run_after=2023-06-03T20:32:20.879699+00:00
[2023-06-03T20:32:20.898+0000] {processor.py:179} INFO - Processing /home/airflow/.local/lib/python3.7/site-packages/airflow/example_dags/example_task_group_decorator.py took 0.072 seconds
[2023-06-03T20:32:51.954+0000] {processor.py:157} INFO - Started process (PID=3979) to work on /home/airflow/.local/lib/python3.7/site-packages/airflow/example_dags/example_task_group_decorator.py
[2023-06-03T20:32:51.955+0000] {processor.py:826} INFO - Processing file /home/airflow/.local/lib/python3.7/site-packages/airflow/example_dags/example_task_group_decorator.py for tasks to queue
[2023-06-03T20:32:51.956+0000] {logging_mixin.py:149} INFO - [2023-06-03T20:32:51.956+0000] {dagbag.py:541} INFO - Filling up the DagBag from /home/airflow/.local/lib/python3.7/site-packages/airflow/example_dags/example_task_group_decorator.py
[2023-06-03T20:32:51.967+0000] {processor.py:836} INFO - DAG(s) dict_keys(['example_task_group_decorator']) retrieved from /home/airflow/.local/lib/python3.7/site-packages/airflow/example_dags/example_task_group_decorator.py
[2023-06-03T20:32:51.988+0000] {logging_mixin.py:149} INFO - [2023-06-03T20:32:51.988+0000] {dag.py:2726} INFO - Sync 1 DAGs
[2023-06-03T20:32:52.004+0000] {logging_mixin.py:149} INFO - [2023-06-03T20:32:52.004+0000] {dag.py:3490} INFO - Setting next_dagrun for example_task_group_decorator to 2023-06-02T20:32:52.004336+00:00, run_after=2023-06-03T20:32:52.004336+00:00
[2023-06-03T20:32:52.021+0000] {processor.py:179} INFO - Processing /home/airflow/.local/lib/python3.7/site-packages/airflow/example_dags/example_task_group_decorator.py took 0.069 seconds
[2023-06-03T20:33:22.472+0000] {processor.py:157} INFO - Started process (PID=4233) to work on /home/airflow/.local/lib/python3.7/site-packages/airflow/example_dags/example_task_group_decorator.py
[2023-06-03T20:33:22.473+0000] {processor.py:826} INFO - Processing file /home/airflow/.local/lib/python3.7/site-packages/airflow/example_dags/example_task_group_decorator.py for tasks to queue
[2023-06-03T20:33:22.474+0000] {logging_mixin.py:149} INFO - [2023-06-03T20:33:22.474+0000] {dagbag.py:541} INFO - Filling up the DagBag from /home/airflow/.local/lib/python3.7/site-packages/airflow/example_dags/example_task_group_decorator.py
[2023-06-03T20:33:22.485+0000] {processor.py:836} INFO - DAG(s) dict_keys(['example_task_group_decorator']) retrieved from /home/airflow/.local/lib/python3.7/site-packages/airflow/example_dags/example_task_group_decorator.py
[2023-06-03T20:33:22.506+0000] {logging_mixin.py:149} INFO - [2023-06-03T20:33:22.506+0000] {dag.py:2726} INFO - Sync 1 DAGs
[2023-06-03T20:33:22.524+0000] {logging_mixin.py:149} INFO - [2023-06-03T20:33:22.524+0000] {dag.py:3490} INFO - Setting next_dagrun for example_task_group_decorator to 2023-06-02T20:33:22.524213+00:00, run_after=2023-06-03T20:33:22.524213+00:00
[2023-06-03T20:33:22.544+0000] {processor.py:179} INFO - Processing /home/airflow/.local/lib/python3.7/site-packages/airflow/example_dags/example_task_group_decorator.py took 0.074 seconds
[2023-06-03T20:33:53.320+0000] {processor.py:157} INFO - Started process (PID=4483) to work on /home/airflow/.local/lib/python3.7/site-packages/airflow/example_dags/example_task_group_decorator.py
[2023-06-03T20:33:53.321+0000] {processor.py:826} INFO - Processing file /home/airflow/.local/lib/python3.7/site-packages/airflow/example_dags/example_task_group_decorator.py for tasks to queue
[2023-06-03T20:33:53.322+0000] {logging_mixin.py:149} INFO - [2023-06-03T20:33:53.322+0000] {dagbag.py:541} INFO - Filling up the DagBag from /home/airflow/.local/lib/python3.7/site-packages/airflow/example_dags/example_task_group_decorator.py
[2023-06-03T20:33:53.333+0000] {processor.py:836} INFO - DAG(s) dict_keys(['example_task_group_decorator']) retrieved from /home/airflow/.local/lib/python3.7/site-packages/airflow/example_dags/example_task_group_decorator.py
[2023-06-03T20:33:53.355+0000] {logging_mixin.py:149} INFO - [2023-06-03T20:33:53.355+0000] {dag.py:2726} INFO - Sync 1 DAGs
[2023-06-03T20:33:53.373+0000] {logging_mixin.py:149} INFO - [2023-06-03T20:33:53.373+0000] {dag.py:3490} INFO - Setting next_dagrun for example_task_group_decorator to 2023-06-02T20:33:53.373179+00:00, run_after=2023-06-03T20:33:53.373179+00:00
[2023-06-03T20:33:53.390+0000] {processor.py:179} INFO - Processing /home/airflow/.local/lib/python3.7/site-packages/airflow/example_dags/example_task_group_decorator.py took 0.073 seconds
[2023-06-03T20:34:23.802+0000] {processor.py:157} INFO - Started process (PID=4735) to work on /home/airflow/.local/lib/python3.7/site-packages/airflow/example_dags/example_task_group_decorator.py
[2023-06-03T20:34:23.803+0000] {processor.py:826} INFO - Processing file /home/airflow/.local/lib/python3.7/site-packages/airflow/example_dags/example_task_group_decorator.py for tasks to queue
[2023-06-03T20:34:23.804+0000] {logging_mixin.py:149} INFO - [2023-06-03T20:34:23.804+0000] {dagbag.py:541} INFO - Filling up the DagBag from /home/airflow/.local/lib/python3.7/site-packages/airflow/example_dags/example_task_group_decorator.py
[2023-06-03T20:34:23.815+0000] {processor.py:836} INFO - DAG(s) dict_keys(['example_task_group_decorator']) retrieved from /home/airflow/.local/lib/python3.7/site-packages/airflow/example_dags/example_task_group_decorator.py
[2023-06-03T20:34:23.835+0000] {logging_mixin.py:149} INFO - [2023-06-03T20:34:23.835+0000] {dag.py:2726} INFO - Sync 1 DAGs
[2023-06-03T20:34:23.853+0000] {logging_mixin.py:149} INFO - [2023-06-03T20:34:23.853+0000] {dag.py:3490} INFO - Setting next_dagrun for example_task_group_decorator to 2023-06-02T20:34:23.853053+00:00, run_after=2023-06-03T20:34:23.853053+00:00
[2023-06-03T20:34:23.868+0000] {processor.py:179} INFO - Processing /home/airflow/.local/lib/python3.7/site-packages/airflow/example_dags/example_task_group_decorator.py took 0.069 seconds
[2023-06-03T20:34:54.190+0000] {processor.py:157} INFO - Started process (PID=4987) to work on /home/airflow/.local/lib/python3.7/site-packages/airflow/example_dags/example_task_group_decorator.py
[2023-06-03T20:34:54.191+0000] {processor.py:826} INFO - Processing file /home/airflow/.local/lib/python3.7/site-packages/airflow/example_dags/example_task_group_decorator.py for tasks to queue
[2023-06-03T20:34:54.192+0000] {logging_mixin.py:149} INFO - [2023-06-03T20:34:54.192+0000] {dagbag.py:541} INFO - Filling up the DagBag from /home/airflow/.local/lib/python3.7/site-packages/airflow/example_dags/example_task_group_decorator.py
[2023-06-03T20:34:54.202+0000] {processor.py:836} INFO - DAG(s) dict_keys(['example_task_group_decorator']) retrieved from /home/airflow/.local/lib/python3.7/site-packages/airflow/example_dags/example_task_group_decorator.py
[2023-06-03T20:34:54.225+0000] {logging_mixin.py:149} INFO - [2023-06-03T20:34:54.225+0000] {dag.py:2726} INFO - Sync 1 DAGs
[2023-06-03T20:34:54.242+0000] {logging_mixin.py:149} INFO - [2023-06-03T20:34:54.242+0000] {dag.py:3490} INFO - Setting next_dagrun for example_task_group_decorator to 2023-06-02T20:34:54.242519+00:00, run_after=2023-06-03T20:34:54.242519+00:00
[2023-06-03T20:34:54.260+0000] {processor.py:179} INFO - Processing /home/airflow/.local/lib/python3.7/site-packages/airflow/example_dags/example_task_group_decorator.py took 0.072 seconds
[2023-06-03T20:35:24.638+0000] {processor.py:157} INFO - Started process (PID=5239) to work on /home/airflow/.local/lib/python3.7/site-packages/airflow/example_dags/example_task_group_decorator.py
[2023-06-03T20:35:24.639+0000] {processor.py:826} INFO - Processing file /home/airflow/.local/lib/python3.7/site-packages/airflow/example_dags/example_task_group_decorator.py for tasks to queue
[2023-06-03T20:35:24.640+0000] {logging_mixin.py:149} INFO - [2023-06-03T20:35:24.640+0000] {dagbag.py:541} INFO - Filling up the DagBag from /home/airflow/.local/lib/python3.7/site-packages/airflow/example_dags/example_task_group_decorator.py
[2023-06-03T20:35:24.651+0000] {processor.py:836} INFO - DAG(s) dict_keys(['example_task_group_decorator']) retrieved from /home/airflow/.local/lib/python3.7/site-packages/airflow/example_dags/example_task_group_decorator.py
[2023-06-03T20:35:24.671+0000] {logging_mixin.py:149} INFO - [2023-06-03T20:35:24.671+0000] {dag.py:2726} INFO - Sync 1 DAGs
[2023-06-03T20:35:24.689+0000] {logging_mixin.py:149} INFO - [2023-06-03T20:35:24.688+0000] {dag.py:3490} INFO - Setting next_dagrun for example_task_group_decorator to 2023-06-02T20:35:24.688319+00:00, run_after=2023-06-03T20:35:24.688319+00:00
[2023-06-03T20:35:24.705+0000] {processor.py:179} INFO - Processing /home/airflow/.local/lib/python3.7/site-packages/airflow/example_dags/example_task_group_decorator.py took 0.069 seconds
[2023-06-03T20:35:55.457+0000] {processor.py:157} INFO - Started process (PID=5491) to work on /home/airflow/.local/lib/python3.7/site-packages/airflow/example_dags/example_task_group_decorator.py
[2023-06-03T20:35:55.458+0000] {processor.py:826} INFO - Processing file /home/airflow/.local/lib/python3.7/site-packages/airflow/example_dags/example_task_group_decorator.py for tasks to queue
[2023-06-03T20:35:55.460+0000] {logging_mixin.py:149} INFO - [2023-06-03T20:35:55.460+0000] {dagbag.py:541} INFO - Filling up the DagBag from /home/airflow/.local/lib/python3.7/site-packages/airflow/example_dags/example_task_group_decorator.py
[2023-06-03T20:35:55.470+0000] {processor.py:836} INFO - DAG(s) dict_keys(['example_task_group_decorator']) retrieved from /home/airflow/.local/lib/python3.7/site-packages/airflow/example_dags/example_task_group_decorator.py
[2023-06-03T20:35:55.493+0000] {logging_mixin.py:149} INFO - [2023-06-03T20:35:55.492+0000] {dag.py:2726} INFO - Sync 1 DAGs
[2023-06-03T20:35:55.511+0000] {logging_mixin.py:149} INFO - [2023-06-03T20:35:55.511+0000] {dag.py:3490} INFO - Setting next_dagrun for example_task_group_decorator to 2023-06-02T20:35:55.511212+00:00, run_after=2023-06-03T20:35:55.511212+00:00
[2023-06-03T20:35:55.530+0000] {processor.py:179} INFO - Processing /home/airflow/.local/lib/python3.7/site-packages/airflow/example_dags/example_task_group_decorator.py took 0.075 seconds
[2023-06-03T20:36:26.121+0000] {processor.py:157} INFO - Started process (PID=5743) to work on /home/airflow/.local/lib/python3.7/site-packages/airflow/example_dags/example_task_group_decorator.py
[2023-06-03T20:36:26.122+0000] {processor.py:826} INFO - Processing file /home/airflow/.local/lib/python3.7/site-packages/airflow/example_dags/example_task_group_decorator.py for tasks to queue
[2023-06-03T20:36:26.124+0000] {logging_mixin.py:149} INFO - [2023-06-03T20:36:26.123+0000] {dagbag.py:541} INFO - Filling up the DagBag from /home/airflow/.local/lib/python3.7/site-packages/airflow/example_dags/example_task_group_decorator.py
[2023-06-03T20:36:26.135+0000] {processor.py:836} INFO - DAG(s) dict_keys(['example_task_group_decorator']) retrieved from /home/airflow/.local/lib/python3.7/site-packages/airflow/example_dags/example_task_group_decorator.py
[2023-06-03T20:36:26.157+0000] {logging_mixin.py:149} INFO - [2023-06-03T20:36:26.157+0000] {dag.py:2726} INFO - Sync 1 DAGs
[2023-06-03T20:36:26.176+0000] {logging_mixin.py:149} INFO - [2023-06-03T20:36:26.175+0000] {dag.py:3490} INFO - Setting next_dagrun for example_task_group_decorator to 2023-06-02T20:36:26.175778+00:00, run_after=2023-06-03T20:36:26.175778+00:00
[2023-06-03T20:36:26.193+0000] {processor.py:179} INFO - Processing /home/airflow/.local/lib/python3.7/site-packages/airflow/example_dags/example_task_group_decorator.py took 0.074 seconds
[2023-06-03T20:36:56.666+0000] {processor.py:157} INFO - Started process (PID=5997) to work on /home/airflow/.local/lib/python3.7/site-packages/airflow/example_dags/example_task_group_decorator.py
[2023-06-03T20:36:56.667+0000] {processor.py:826} INFO - Processing file /home/airflow/.local/lib/python3.7/site-packages/airflow/example_dags/example_task_group_decorator.py for tasks to queue
[2023-06-03T20:36:56.668+0000] {logging_mixin.py:149} INFO - [2023-06-03T20:36:56.668+0000] {dagbag.py:541} INFO - Filling up the DagBag from /home/airflow/.local/lib/python3.7/site-packages/airflow/example_dags/example_task_group_decorator.py
[2023-06-03T20:36:56.677+0000] {processor.py:836} INFO - DAG(s) dict_keys(['example_task_group_decorator']) retrieved from /home/airflow/.local/lib/python3.7/site-packages/airflow/example_dags/example_task_group_decorator.py
[2023-06-03T20:36:56.697+0000] {logging_mixin.py:149} INFO - [2023-06-03T20:36:56.697+0000] {dag.py:2726} INFO - Sync 1 DAGs
[2023-06-03T20:36:56.714+0000] {logging_mixin.py:149} INFO - [2023-06-03T20:36:56.714+0000] {dag.py:3490} INFO - Setting next_dagrun for example_task_group_decorator to 2023-06-02T20:36:56.714235+00:00, run_after=2023-06-03T20:36:56.714235+00:00
[2023-06-03T20:36:56.731+0000] {processor.py:179} INFO - Processing /home/airflow/.local/lib/python3.7/site-packages/airflow/example_dags/example_task_group_decorator.py took 0.068 seconds
[2023-06-03T20:37:27.471+0000] {processor.py:157} INFO - Started process (PID=6247) to work on /home/airflow/.local/lib/python3.7/site-packages/airflow/example_dags/example_task_group_decorator.py
[2023-06-03T20:37:27.472+0000] {processor.py:826} INFO - Processing file /home/airflow/.local/lib/python3.7/site-packages/airflow/example_dags/example_task_group_decorator.py for tasks to queue
[2023-06-03T20:37:27.473+0000] {logging_mixin.py:149} INFO - [2023-06-03T20:37:27.473+0000] {dagbag.py:541} INFO - Filling up the DagBag from /home/airflow/.local/lib/python3.7/site-packages/airflow/example_dags/example_task_group_decorator.py
[2023-06-03T20:37:27.483+0000] {processor.py:836} INFO - DAG(s) dict_keys(['example_task_group_decorator']) retrieved from /home/airflow/.local/lib/python3.7/site-packages/airflow/example_dags/example_task_group_decorator.py
[2023-06-03T20:37:27.502+0000] {logging_mixin.py:149} INFO - [2023-06-03T20:37:27.502+0000] {dag.py:2726} INFO - Sync 1 DAGs
[2023-06-03T20:37:27.520+0000] {logging_mixin.py:149} INFO - [2023-06-03T20:37:27.519+0000] {dag.py:3490} INFO - Setting next_dagrun for example_task_group_decorator to 2023-06-02T20:37:27.519750+00:00, run_after=2023-06-03T20:37:27.519750+00:00
[2023-06-03T20:37:27.537+0000] {processor.py:179} INFO - Processing /home/airflow/.local/lib/python3.7/site-packages/airflow/example_dags/example_task_group_decorator.py took 0.068 seconds
[2023-06-03T20:37:58.013+0000] {processor.py:157} INFO - Started process (PID=6499) to work on /home/airflow/.local/lib/python3.7/site-packages/airflow/example_dags/example_task_group_decorator.py
[2023-06-03T20:37:58.014+0000] {processor.py:826} INFO - Processing file /home/airflow/.local/lib/python3.7/site-packages/airflow/example_dags/example_task_group_decorator.py for tasks to queue
[2023-06-03T20:37:58.015+0000] {logging_mixin.py:149} INFO - [2023-06-03T20:37:58.015+0000] {dagbag.py:541} INFO - Filling up the DagBag from /home/airflow/.local/lib/python3.7/site-packages/airflow/example_dags/example_task_group_decorator.py
[2023-06-03T20:37:58.025+0000] {processor.py:836} INFO - DAG(s) dict_keys(['example_task_group_decorator']) retrieved from /home/airflow/.local/lib/python3.7/site-packages/airflow/example_dags/example_task_group_decorator.py
[2023-06-03T20:37:58.045+0000] {logging_mixin.py:149} INFO - [2023-06-03T20:37:58.045+0000] {dag.py:2726} INFO - Sync 1 DAGs
[2023-06-03T20:37:58.062+0000] {logging_mixin.py:149} INFO - [2023-06-03T20:37:58.062+0000] {dag.py:3490} INFO - Setting next_dagrun for example_task_group_decorator to 2023-06-02T20:37:58.061905+00:00, run_after=2023-06-03T20:37:58.061905+00:00
[2023-06-03T20:37:58.077+0000] {processor.py:179} INFO - Processing /home/airflow/.local/lib/python3.7/site-packages/airflow/example_dags/example_task_group_decorator.py took 0.067 seconds
[2023-06-03T20:38:28.176+0000] {processor.py:157} INFO - Started process (PID=6751) to work on /home/airflow/.local/lib/python3.7/site-packages/airflow/example_dags/example_task_group_decorator.py
[2023-06-03T20:38:28.177+0000] {processor.py:826} INFO - Processing file /home/airflow/.local/lib/python3.7/site-packages/airflow/example_dags/example_task_group_decorator.py for tasks to queue
[2023-06-03T20:38:28.178+0000] {logging_mixin.py:149} INFO - [2023-06-03T20:38:28.178+0000] {dagbag.py:541} INFO - Filling up the DagBag from /home/airflow/.local/lib/python3.7/site-packages/airflow/example_dags/example_task_group_decorator.py
[2023-06-03T20:38:28.189+0000] {processor.py:836} INFO - DAG(s) dict_keys(['example_task_group_decorator']) retrieved from /home/airflow/.local/lib/python3.7/site-packages/airflow/example_dags/example_task_group_decorator.py
[2023-06-03T20:38:28.209+0000] {logging_mixin.py:149} INFO - [2023-06-03T20:38:28.209+0000] {dag.py:2726} INFO - Sync 1 DAGs
[2023-06-03T20:38:28.226+0000] {logging_mixin.py:149} INFO - [2023-06-03T20:38:28.226+0000] {dag.py:3490} INFO - Setting next_dagrun for example_task_group_decorator to 2023-06-02T20:38:28.226296+00:00, run_after=2023-06-03T20:38:28.226296+00:00
[2023-06-03T20:38:28.243+0000] {processor.py:179} INFO - Processing /home/airflow/.local/lib/python3.7/site-packages/airflow/example_dags/example_task_group_decorator.py took 0.068 seconds
[2023-06-03T20:38:58.606+0000] {processor.py:157} INFO - Started process (PID=7003) to work on /home/airflow/.local/lib/python3.7/site-packages/airflow/example_dags/example_task_group_decorator.py
[2023-06-03T20:38:58.607+0000] {processor.py:826} INFO - Processing file /home/airflow/.local/lib/python3.7/site-packages/airflow/example_dags/example_task_group_decorator.py for tasks to queue
[2023-06-03T20:38:58.608+0000] {logging_mixin.py:149} INFO - [2023-06-03T20:38:58.608+0000] {dagbag.py:541} INFO - Filling up the DagBag from /home/airflow/.local/lib/python3.7/site-packages/airflow/example_dags/example_task_group_decorator.py
[2023-06-03T20:38:58.620+0000] {processor.py:836} INFO - DAG(s) dict_keys(['example_task_group_decorator']) retrieved from /home/airflow/.local/lib/python3.7/site-packages/airflow/example_dags/example_task_group_decorator.py
[2023-06-03T20:38:58.641+0000] {logging_mixin.py:149} INFO - [2023-06-03T20:38:58.641+0000] {dag.py:2726} INFO - Sync 1 DAGs
[2023-06-03T20:38:58.659+0000] {logging_mixin.py:149} INFO - [2023-06-03T20:38:58.658+0000] {dag.py:3490} INFO - Setting next_dagrun for example_task_group_decorator to 2023-06-02T20:38:58.658713+00:00, run_after=2023-06-03T20:38:58.658713+00:00
[2023-06-03T20:38:58.674+0000] {processor.py:179} INFO - Processing /home/airflow/.local/lib/python3.7/site-packages/airflow/example_dags/example_task_group_decorator.py took 0.070 seconds
[2023-06-03T20:39:28.834+0000] {processor.py:157} INFO - Started process (PID=7257) to work on /home/airflow/.local/lib/python3.7/site-packages/airflow/example_dags/example_task_group_decorator.py
[2023-06-03T20:39:28.835+0000] {processor.py:826} INFO - Processing file /home/airflow/.local/lib/python3.7/site-packages/airflow/example_dags/example_task_group_decorator.py for tasks to queue
[2023-06-03T20:39:28.836+0000] {logging_mixin.py:149} INFO - [2023-06-03T20:39:28.836+0000] {dagbag.py:541} INFO - Filling up the DagBag from /home/airflow/.local/lib/python3.7/site-packages/airflow/example_dags/example_task_group_decorator.py
[2023-06-03T20:39:28.849+0000] {processor.py:836} INFO - DAG(s) dict_keys(['example_task_group_decorator']) retrieved from /home/airflow/.local/lib/python3.7/site-packages/airflow/example_dags/example_task_group_decorator.py
[2023-06-03T20:39:28.871+0000] {logging_mixin.py:149} INFO - [2023-06-03T20:39:28.871+0000] {dag.py:2726} INFO - Sync 1 DAGs
[2023-06-03T20:39:28.890+0000] {logging_mixin.py:149} INFO - [2023-06-03T20:39:28.890+0000] {dag.py:3490} INFO - Setting next_dagrun for example_task_group_decorator to 2023-06-02T20:39:28.890362+00:00, run_after=2023-06-03T20:39:28.890362+00:00
[2023-06-03T20:39:28.909+0000] {processor.py:179} INFO - Processing /home/airflow/.local/lib/python3.7/site-packages/airflow/example_dags/example_task_group_decorator.py took 0.076 seconds
[2023-06-03T20:39:59.258+0000] {processor.py:157} INFO - Started process (PID=7507) to work on /home/airflow/.local/lib/python3.7/site-packages/airflow/example_dags/example_task_group_decorator.py
[2023-06-03T20:39:59.259+0000] {processor.py:826} INFO - Processing file /home/airflow/.local/lib/python3.7/site-packages/airflow/example_dags/example_task_group_decorator.py for tasks to queue
[2023-06-03T20:39:59.260+0000] {logging_mixin.py:149} INFO - [2023-06-03T20:39:59.260+0000] {dagbag.py:541} INFO - Filling up the DagBag from /home/airflow/.local/lib/python3.7/site-packages/airflow/example_dags/example_task_group_decorator.py
[2023-06-03T20:39:59.271+0000] {processor.py:836} INFO - DAG(s) dict_keys(['example_task_group_decorator']) retrieved from /home/airflow/.local/lib/python3.7/site-packages/airflow/example_dags/example_task_group_decorator.py
[2023-06-03T20:39:59.291+0000] {logging_mixin.py:149} INFO - [2023-06-03T20:39:59.290+0000] {dag.py:2726} INFO - Sync 1 DAGs
[2023-06-03T20:39:59.308+0000] {logging_mixin.py:149} INFO - [2023-06-03T20:39:59.308+0000] {dag.py:3490} INFO - Setting next_dagrun for example_task_group_decorator to 2023-06-02T20:39:59.308174+00:00, run_after=2023-06-03T20:39:59.308174+00:00
[2023-06-03T20:39:59.324+0000] {processor.py:179} INFO - Processing /home/airflow/.local/lib/python3.7/site-packages/airflow/example_dags/example_task_group_decorator.py took 0.068 seconds
[2023-06-03T20:40:29.584+0000] {processor.py:157} INFO - Started process (PID=7759) to work on /home/airflow/.local/lib/python3.7/site-packages/airflow/example_dags/example_task_group_decorator.py
[2023-06-03T20:40:29.586+0000] {processor.py:826} INFO - Processing file /home/airflow/.local/lib/python3.7/site-packages/airflow/example_dags/example_task_group_decorator.py for tasks to queue
[2023-06-03T20:40:29.587+0000] {logging_mixin.py:149} INFO - [2023-06-03T20:40:29.587+0000] {dagbag.py:541} INFO - Filling up the DagBag from /home/airflow/.local/lib/python3.7/site-packages/airflow/example_dags/example_task_group_decorator.py
[2023-06-03T20:40:29.598+0000] {processor.py:836} INFO - DAG(s) dict_keys(['example_task_group_decorator']) retrieved from /home/airflow/.local/lib/python3.7/site-packages/airflow/example_dags/example_task_group_decorator.py
[2023-06-03T20:40:29.619+0000] {logging_mixin.py:149} INFO - [2023-06-03T20:40:29.618+0000] {dag.py:2726} INFO - Sync 1 DAGs
[2023-06-03T20:40:29.637+0000] {logging_mixin.py:149} INFO - [2023-06-03T20:40:29.637+0000] {dag.py:3490} INFO - Setting next_dagrun for example_task_group_decorator to 2023-06-02T20:40:29.636863+00:00, run_after=2023-06-03T20:40:29.636863+00:00
[2023-06-03T20:40:29.654+0000] {processor.py:179} INFO - Processing /home/airflow/.local/lib/python3.7/site-packages/airflow/example_dags/example_task_group_decorator.py took 0.073 seconds
[2023-06-03T20:41:00.630+0000] {processor.py:157} INFO - Started process (PID=8011) to work on /home/airflow/.local/lib/python3.7/site-packages/airflow/example_dags/example_task_group_decorator.py
[2023-06-03T20:41:00.631+0000] {processor.py:826} INFO - Processing file /home/airflow/.local/lib/python3.7/site-packages/airflow/example_dags/example_task_group_decorator.py for tasks to queue
[2023-06-03T20:41:00.632+0000] {logging_mixin.py:149} INFO - [2023-06-03T20:41:00.632+0000] {dagbag.py:541} INFO - Filling up the DagBag from /home/airflow/.local/lib/python3.7/site-packages/airflow/example_dags/example_task_group_decorator.py
[2023-06-03T20:41:00.643+0000] {processor.py:836} INFO - DAG(s) dict_keys(['example_task_group_decorator']) retrieved from /home/airflow/.local/lib/python3.7/site-packages/airflow/example_dags/example_task_group_decorator.py
[2023-06-03T20:41:00.664+0000] {logging_mixin.py:149} INFO - [2023-06-03T20:41:00.664+0000] {dag.py:2726} INFO - Sync 1 DAGs
[2023-06-03T20:41:00.681+0000] {logging_mixin.py:149} INFO - [2023-06-03T20:41:00.681+0000] {dag.py:3490} INFO - Setting next_dagrun for example_task_group_decorator to 2023-06-02T20:41:00.681289+00:00, run_after=2023-06-03T20:41:00.681289+00:00
[2023-06-03T20:41:00.699+0000] {processor.py:179} INFO - Processing /home/airflow/.local/lib/python3.7/site-packages/airflow/example_dags/example_task_group_decorator.py took 0.072 seconds
[2023-06-03T20:41:30.788+0000] {processor.py:157} INFO - Started process (PID=8263) to work on /home/airflow/.local/lib/python3.7/site-packages/airflow/example_dags/example_task_group_decorator.py
[2023-06-03T20:41:30.789+0000] {processor.py:826} INFO - Processing file /home/airflow/.local/lib/python3.7/site-packages/airflow/example_dags/example_task_group_decorator.py for tasks to queue
[2023-06-03T20:41:30.790+0000] {logging_mixin.py:149} INFO - [2023-06-03T20:41:30.790+0000] {dagbag.py:541} INFO - Filling up the DagBag from /home/airflow/.local/lib/python3.7/site-packages/airflow/example_dags/example_task_group_decorator.py
[2023-06-03T20:41:30.801+0000] {processor.py:836} INFO - DAG(s) dict_keys(['example_task_group_decorator']) retrieved from /home/airflow/.local/lib/python3.7/site-packages/airflow/example_dags/example_task_group_decorator.py
[2023-06-03T20:41:30.824+0000] {logging_mixin.py:149} INFO - [2023-06-03T20:41:30.824+0000] {dag.py:2726} INFO - Sync 1 DAGs
[2023-06-03T20:41:30.843+0000] {logging_mixin.py:149} INFO - [2023-06-03T20:41:30.843+0000] {dag.py:3490} INFO - Setting next_dagrun for example_task_group_decorator to 2023-06-02T20:41:30.843586+00:00, run_after=2023-06-03T20:41:30.843586+00:00
[2023-06-03T20:41:30.860+0000] {processor.py:179} INFO - Processing /home/airflow/.local/lib/python3.7/site-packages/airflow/example_dags/example_task_group_decorator.py took 0.074 seconds
[2023-06-03T20:42:01.196+0000] {processor.py:157} INFO - Started process (PID=8517) to work on /home/airflow/.local/lib/python3.7/site-packages/airflow/example_dags/example_task_group_decorator.py
[2023-06-03T20:42:01.197+0000] {processor.py:826} INFO - Processing file /home/airflow/.local/lib/python3.7/site-packages/airflow/example_dags/example_task_group_decorator.py for tasks to queue
[2023-06-03T20:42:01.197+0000] {logging_mixin.py:149} INFO - [2023-06-03T20:42:01.197+0000] {dagbag.py:541} INFO - Filling up the DagBag from /home/airflow/.local/lib/python3.7/site-packages/airflow/example_dags/example_task_group_decorator.py
[2023-06-03T20:42:01.208+0000] {processor.py:836} INFO - DAG(s) dict_keys(['example_task_group_decorator']) retrieved from /home/airflow/.local/lib/python3.7/site-packages/airflow/example_dags/example_task_group_decorator.py
[2023-06-03T20:42:01.236+0000] {logging_mixin.py:149} INFO - [2023-06-03T20:42:01.236+0000] {dag.py:2726} INFO - Sync 1 DAGs
[2023-06-03T20:42:01.257+0000] {logging_mixin.py:149} INFO - [2023-06-03T20:42:01.257+0000] {dag.py:3490} INFO - Setting next_dagrun for example_task_group_decorator to 2023-06-02T20:42:01.256969+00:00, run_after=2023-06-03T20:42:01.256969+00:00
[2023-06-03T20:42:01.276+0000] {processor.py:179} INFO - Processing /home/airflow/.local/lib/python3.7/site-packages/airflow/example_dags/example_task_group_decorator.py took 0.083 seconds
[2023-06-03T20:42:32.246+0000] {processor.py:157} INFO - Started process (PID=8767) to work on /home/airflow/.local/lib/python3.7/site-packages/airflow/example_dags/example_task_group_decorator.py
[2023-06-03T20:42:32.249+0000] {processor.py:826} INFO - Processing file /home/airflow/.local/lib/python3.7/site-packages/airflow/example_dags/example_task_group_decorator.py for tasks to queue
[2023-06-03T20:42:32.251+0000] {logging_mixin.py:149} INFO - [2023-06-03T20:42:32.251+0000] {dagbag.py:541} INFO - Filling up the DagBag from /home/airflow/.local/lib/python3.7/site-packages/airflow/example_dags/example_task_group_decorator.py
[2023-06-03T20:42:32.263+0000] {processor.py:836} INFO - DAG(s) dict_keys(['example_task_group_decorator']) retrieved from /home/airflow/.local/lib/python3.7/site-packages/airflow/example_dags/example_task_group_decorator.py
[2023-06-03T20:42:32.285+0000] {logging_mixin.py:149} INFO - [2023-06-03T20:42:32.285+0000] {dag.py:2726} INFO - Sync 1 DAGs
[2023-06-03T20:42:32.303+0000] {logging_mixin.py:149} INFO - [2023-06-03T20:42:32.303+0000] {dag.py:3490} INFO - Setting next_dagrun for example_task_group_decorator to 2023-06-02T20:42:32.303419+00:00, run_after=2023-06-03T20:42:32.303419+00:00
[2023-06-03T20:42:32.336+0000] {processor.py:179} INFO - Processing /home/airflow/.local/lib/python3.7/site-packages/airflow/example_dags/example_task_group_decorator.py took 0.091 seconds
[2023-06-03T20:43:02.478+0000] {processor.py:157} INFO - Started process (PID=9019) to work on /home/airflow/.local/lib/python3.7/site-packages/airflow/example_dags/example_task_group_decorator.py
[2023-06-03T20:43:02.480+0000] {processor.py:826} INFO - Processing file /home/airflow/.local/lib/python3.7/site-packages/airflow/example_dags/example_task_group_decorator.py for tasks to queue
[2023-06-03T20:43:02.482+0000] {logging_mixin.py:149} INFO - [2023-06-03T20:43:02.481+0000] {dagbag.py:541} INFO - Filling up the DagBag from /home/airflow/.local/lib/python3.7/site-packages/airflow/example_dags/example_task_group_decorator.py
[2023-06-03T20:43:02.492+0000] {processor.py:836} INFO - DAG(s) dict_keys(['example_task_group_decorator']) retrieved from /home/airflow/.local/lib/python3.7/site-packages/airflow/example_dags/example_task_group_decorator.py
[2023-06-03T20:43:02.515+0000] {logging_mixin.py:149} INFO - [2023-06-03T20:43:02.515+0000] {dag.py:2726} INFO - Sync 1 DAGs
[2023-06-03T20:43:02.535+0000] {logging_mixin.py:149} INFO - [2023-06-03T20:43:02.535+0000] {dag.py:3490} INFO - Setting next_dagrun for example_task_group_decorator to 2023-06-02T20:43:02.534821+00:00, run_after=2023-06-03T20:43:02.534821+00:00
[2023-06-03T20:43:02.558+0000] {processor.py:179} INFO - Processing /home/airflow/.local/lib/python3.7/site-packages/airflow/example_dags/example_task_group_decorator.py took 0.082 seconds
[2023-06-03T20:43:32.937+0000] {processor.py:157} INFO - Started process (PID=9273) to work on /home/airflow/.local/lib/python3.7/site-packages/airflow/example_dags/example_task_group_decorator.py
[2023-06-03T20:43:32.938+0000] {processor.py:826} INFO - Processing file /home/airflow/.local/lib/python3.7/site-packages/airflow/example_dags/example_task_group_decorator.py for tasks to queue
[2023-06-03T20:43:32.940+0000] {logging_mixin.py:149} INFO - [2023-06-03T20:43:32.940+0000] {dagbag.py:541} INFO - Filling up the DagBag from /home/airflow/.local/lib/python3.7/site-packages/airflow/example_dags/example_task_group_decorator.py
[2023-06-03T20:43:32.952+0000] {processor.py:836} INFO - DAG(s) dict_keys(['example_task_group_decorator']) retrieved from /home/airflow/.local/lib/python3.7/site-packages/airflow/example_dags/example_task_group_decorator.py
[2023-06-03T20:43:32.972+0000] {logging_mixin.py:149} INFO - [2023-06-03T20:43:32.972+0000] {dag.py:2726} INFO - Sync 1 DAGs
[2023-06-03T20:43:32.991+0000] {logging_mixin.py:149} INFO - [2023-06-03T20:43:32.991+0000] {dag.py:3490} INFO - Setting next_dagrun for example_task_group_decorator to 2023-06-02T20:43:32.990781+00:00, run_after=2023-06-03T20:43:32.990781+00:00
[2023-06-03T20:43:33.008+0000] {processor.py:179} INFO - Processing /home/airflow/.local/lib/python3.7/site-packages/airflow/example_dags/example_task_group_decorator.py took 0.076 seconds
[2023-06-03T20:44:03.900+0000] {processor.py:157} INFO - Started process (PID=9525) to work on /home/airflow/.local/lib/python3.7/site-packages/airflow/example_dags/example_task_group_decorator.py
[2023-06-03T20:44:03.902+0000] {processor.py:826} INFO - Processing file /home/airflow/.local/lib/python3.7/site-packages/airflow/example_dags/example_task_group_decorator.py for tasks to queue
[2023-06-03T20:44:03.905+0000] {logging_mixin.py:149} INFO - [2023-06-03T20:44:03.904+0000] {dagbag.py:541} INFO - Filling up the DagBag from /home/airflow/.local/lib/python3.7/site-packages/airflow/example_dags/example_task_group_decorator.py
[2023-06-03T20:44:03.916+0000] {processor.py:836} INFO - DAG(s) dict_keys(['example_task_group_decorator']) retrieved from /home/airflow/.local/lib/python3.7/site-packages/airflow/example_dags/example_task_group_decorator.py
[2023-06-03T20:44:03.935+0000] {logging_mixin.py:149} INFO - [2023-06-03T20:44:03.935+0000] {dag.py:2726} INFO - Sync 1 DAGs
[2023-06-03T20:44:03.952+0000] {logging_mixin.py:149} INFO - [2023-06-03T20:44:03.952+0000] {dag.py:3490} INFO - Setting next_dagrun for example_task_group_decorator to 2023-06-02T20:44:03.952006+00:00, run_after=2023-06-03T20:44:03.952006+00:00
[2023-06-03T20:44:03.971+0000] {processor.py:179} INFO - Processing /home/airflow/.local/lib/python3.7/site-packages/airflow/example_dags/example_task_group_decorator.py took 0.074 seconds
[2023-06-03T20:44:34.700+0000] {processor.py:157} INFO - Started process (PID=9775) to work on /home/airflow/.local/lib/python3.7/site-packages/airflow/example_dags/example_task_group_decorator.py
[2023-06-03T20:44:34.701+0000] {processor.py:826} INFO - Processing file /home/airflow/.local/lib/python3.7/site-packages/airflow/example_dags/example_task_group_decorator.py for tasks to queue
[2023-06-03T20:44:34.702+0000] {logging_mixin.py:149} INFO - [2023-06-03T20:44:34.702+0000] {dagbag.py:541} INFO - Filling up the DagBag from /home/airflow/.local/lib/python3.7/site-packages/airflow/example_dags/example_task_group_decorator.py
[2023-06-03T20:44:34.712+0000] {processor.py:836} INFO - DAG(s) dict_keys(['example_task_group_decorator']) retrieved from /home/airflow/.local/lib/python3.7/site-packages/airflow/example_dags/example_task_group_decorator.py
[2023-06-03T20:44:34.732+0000] {logging_mixin.py:149} INFO - [2023-06-03T20:44:34.732+0000] {dag.py:2726} INFO - Sync 1 DAGs
[2023-06-03T20:44:34.750+0000] {logging_mixin.py:149} INFO - [2023-06-03T20:44:34.750+0000] {dag.py:3490} INFO - Setting next_dagrun for example_task_group_decorator to 2023-06-02T20:44:34.750173+00:00, run_after=2023-06-03T20:44:34.750173+00:00
[2023-06-03T20:44:34.767+0000] {processor.py:179} INFO - Processing /home/airflow/.local/lib/python3.7/site-packages/airflow/example_dags/example_task_group_decorator.py took 0.069 seconds
[2023-06-03T20:45:05.872+0000] {processor.py:157} INFO - Started process (PID=10027) to work on /home/airflow/.local/lib/python3.7/site-packages/airflow/example_dags/example_task_group_decorator.py
[2023-06-03T20:45:05.873+0000] {processor.py:826} INFO - Processing file /home/airflow/.local/lib/python3.7/site-packages/airflow/example_dags/example_task_group_decorator.py for tasks to queue
[2023-06-03T20:45:05.874+0000] {logging_mixin.py:149} INFO - [2023-06-03T20:45:05.874+0000] {dagbag.py:541} INFO - Filling up the DagBag from /home/airflow/.local/lib/python3.7/site-packages/airflow/example_dags/example_task_group_decorator.py
[2023-06-03T20:45:05.885+0000] {processor.py:836} INFO - DAG(s) dict_keys(['example_task_group_decorator']) retrieved from /home/airflow/.local/lib/python3.7/site-packages/airflow/example_dags/example_task_group_decorator.py
[2023-06-03T20:45:05.906+0000] {logging_mixin.py:149} INFO - [2023-06-03T20:45:05.906+0000] {dag.py:2726} INFO - Sync 1 DAGs
[2023-06-03T20:45:05.925+0000] {logging_mixin.py:149} INFO - [2023-06-03T20:45:05.925+0000] {dag.py:3490} INFO - Setting next_dagrun for example_task_group_decorator to 2023-06-02T20:45:05.924972+00:00, run_after=2023-06-03T20:45:05.924972+00:00
[2023-06-03T20:45:05.942+0000] {processor.py:179} INFO - Processing /home/airflow/.local/lib/python3.7/site-packages/airflow/example_dags/example_task_group_decorator.py took 0.072 seconds
[2023-06-03T20:45:36.545+0000] {processor.py:157} INFO - Started process (PID=10281) to work on /home/airflow/.local/lib/python3.7/site-packages/airflow/example_dags/example_task_group_decorator.py
[2023-06-03T20:45:36.546+0000] {processor.py:826} INFO - Processing file /home/airflow/.local/lib/python3.7/site-packages/airflow/example_dags/example_task_group_decorator.py for tasks to queue
[2023-06-03T20:45:36.547+0000] {logging_mixin.py:149} INFO - [2023-06-03T20:45:36.547+0000] {dagbag.py:541} INFO - Filling up the DagBag from /home/airflow/.local/lib/python3.7/site-packages/airflow/example_dags/example_task_group_decorator.py
[2023-06-03T20:45:36.558+0000] {processor.py:836} INFO - DAG(s) dict_keys(['example_task_group_decorator']) retrieved from /home/airflow/.local/lib/python3.7/site-packages/airflow/example_dags/example_task_group_decorator.py
[2023-06-03T20:45:36.579+0000] {logging_mixin.py:149} INFO - [2023-06-03T20:45:36.579+0000] {dag.py:2726} INFO - Sync 1 DAGs
[2023-06-03T20:45:36.597+0000] {logging_mixin.py:149} INFO - [2023-06-03T20:45:36.597+0000] {dag.py:3490} INFO - Setting next_dagrun for example_task_group_decorator to 2023-06-02T20:45:36.597178+00:00, run_after=2023-06-03T20:45:36.597178+00:00
[2023-06-03T20:45:36.615+0000] {processor.py:179} INFO - Processing /home/airflow/.local/lib/python3.7/site-packages/airflow/example_dags/example_task_group_decorator.py took 0.072 seconds
[2023-06-03T20:46:06.652+0000] {processor.py:157} INFO - Started process (PID=10531) to work on /home/airflow/.local/lib/python3.7/site-packages/airflow/example_dags/example_task_group_decorator.py
[2023-06-03T20:46:06.654+0000] {processor.py:826} INFO - Processing file /home/airflow/.local/lib/python3.7/site-packages/airflow/example_dags/example_task_group_decorator.py for tasks to queue
[2023-06-03T20:46:06.656+0000] {logging_mixin.py:149} INFO - [2023-06-03T20:46:06.656+0000] {dagbag.py:541} INFO - Filling up the DagBag from /home/airflow/.local/lib/python3.7/site-packages/airflow/example_dags/example_task_group_decorator.py
[2023-06-03T20:46:06.667+0000] {processor.py:836} INFO - DAG(s) dict_keys(['example_task_group_decorator']) retrieved from /home/airflow/.local/lib/python3.7/site-packages/airflow/example_dags/example_task_group_decorator.py
[2023-06-03T20:46:06.687+0000] {logging_mixin.py:149} INFO - [2023-06-03T20:46:06.687+0000] {dag.py:2726} INFO - Sync 1 DAGs
[2023-06-03T20:46:06.706+0000] {logging_mixin.py:149} INFO - [2023-06-03T20:46:06.706+0000] {dag.py:3490} INFO - Setting next_dagrun for example_task_group_decorator to 2023-06-02T20:46:06.706063+00:00, run_after=2023-06-03T20:46:06.706063+00:00
[2023-06-03T20:46:06.722+0000] {processor.py:179} INFO - Processing /home/airflow/.local/lib/python3.7/site-packages/airflow/example_dags/example_task_group_decorator.py took 0.072 seconds
[2023-06-03T20:46:38.032+0000] {processor.py:157} INFO - Started process (PID=10783) to work on /home/airflow/.local/lib/python3.7/site-packages/airflow/example_dags/example_task_group_decorator.py
[2023-06-03T20:46:38.033+0000] {processor.py:826} INFO - Processing file /home/airflow/.local/lib/python3.7/site-packages/airflow/example_dags/example_task_group_decorator.py for tasks to queue
[2023-06-03T20:46:38.034+0000] {logging_mixin.py:149} INFO - [2023-06-03T20:46:38.034+0000] {dagbag.py:541} INFO - Filling up the DagBag from /home/airflow/.local/lib/python3.7/site-packages/airflow/example_dags/example_task_group_decorator.py
[2023-06-03T20:46:38.048+0000] {processor.py:836} INFO - DAG(s) dict_keys(['example_task_group_decorator']) retrieved from /home/airflow/.local/lib/python3.7/site-packages/airflow/example_dags/example_task_group_decorator.py
[2023-06-03T20:46:38.079+0000] {logging_mixin.py:149} INFO - [2023-06-03T20:46:38.079+0000] {dag.py:2726} INFO - Sync 1 DAGs
[2023-06-03T20:46:38.099+0000] {logging_mixin.py:149} INFO - [2023-06-03T20:46:38.098+0000] {dag.py:3490} INFO - Setting next_dagrun for example_task_group_decorator to 2023-06-02T20:46:38.098787+00:00, run_after=2023-06-03T20:46:38.098787+00:00
[2023-06-03T20:46:38.116+0000] {processor.py:179} INFO - Processing /home/airflow/.local/lib/python3.7/site-packages/airflow/example_dags/example_task_group_decorator.py took 0.087 seconds
[2023-06-03T20:47:08.307+0000] {processor.py:157} INFO - Started process (PID=11035) to work on /home/airflow/.local/lib/python3.7/site-packages/airflow/example_dags/example_task_group_decorator.py
[2023-06-03T20:47:08.308+0000] {processor.py:826} INFO - Processing file /home/airflow/.local/lib/python3.7/site-packages/airflow/example_dags/example_task_group_decorator.py for tasks to queue
[2023-06-03T20:47:08.310+0000] {logging_mixin.py:149} INFO - [2023-06-03T20:47:08.310+0000] {dagbag.py:541} INFO - Filling up the DagBag from /home/airflow/.local/lib/python3.7/site-packages/airflow/example_dags/example_task_group_decorator.py
[2023-06-03T20:47:08.319+0000] {processor.py:836} INFO - DAG(s) dict_keys(['example_task_group_decorator']) retrieved from /home/airflow/.local/lib/python3.7/site-packages/airflow/example_dags/example_task_group_decorator.py
[2023-06-03T20:47:08.340+0000] {logging_mixin.py:149} INFO - [2023-06-03T20:47:08.340+0000] {dag.py:2726} INFO - Sync 1 DAGs
[2023-06-03T20:47:08.410+0000] {logging_mixin.py:149} INFO - [2023-06-03T20:47:08.410+0000] {dag.py:3490} INFO - Setting next_dagrun for example_task_group_decorator to 2023-06-02T20:47:08.410163+00:00, run_after=2023-06-03T20:47:08.410163+00:00
[2023-06-03T20:47:08.430+0000] {processor.py:179} INFO - Processing /home/airflow/.local/lib/python3.7/site-packages/airflow/example_dags/example_task_group_decorator.py took 0.125 seconds
[2023-06-03T20:47:38.588+0000] {processor.py:157} INFO - Started process (PID=11287) to work on /home/airflow/.local/lib/python3.7/site-packages/airflow/example_dags/example_task_group_decorator.py
[2023-06-03T20:47:38.589+0000] {processor.py:826} INFO - Processing file /home/airflow/.local/lib/python3.7/site-packages/airflow/example_dags/example_task_group_decorator.py for tasks to queue
[2023-06-03T20:47:38.590+0000] {logging_mixin.py:149} INFO - [2023-06-03T20:47:38.590+0000] {dagbag.py:541} INFO - Filling up the DagBag from /home/airflow/.local/lib/python3.7/site-packages/airflow/example_dags/example_task_group_decorator.py
[2023-06-03T20:47:38.600+0000] {processor.py:836} INFO - DAG(s) dict_keys(['example_task_group_decorator']) retrieved from /home/airflow/.local/lib/python3.7/site-packages/airflow/example_dags/example_task_group_decorator.py
[2023-06-03T20:47:38.621+0000] {logging_mixin.py:149} INFO - [2023-06-03T20:47:38.621+0000] {dag.py:2726} INFO - Sync 1 DAGs
[2023-06-03T20:47:38.639+0000] {logging_mixin.py:149} INFO - [2023-06-03T20:47:38.638+0000] {dag.py:3490} INFO - Setting next_dagrun for example_task_group_decorator to 2023-06-02T20:47:38.638710+00:00, run_after=2023-06-03T20:47:38.638710+00:00
[2023-06-03T20:47:38.655+0000] {processor.py:179} INFO - Processing /home/airflow/.local/lib/python3.7/site-packages/airflow/example_dags/example_task_group_decorator.py took 0.069 seconds
[2023-06-03T20:48:08.964+0000] {processor.py:157} INFO - Started process (PID=11541) to work on /home/airflow/.local/lib/python3.7/site-packages/airflow/example_dags/example_task_group_decorator.py
[2023-06-03T20:48:08.965+0000] {processor.py:826} INFO - Processing file /home/airflow/.local/lib/python3.7/site-packages/airflow/example_dags/example_task_group_decorator.py for tasks to queue
[2023-06-03T20:48:08.967+0000] {logging_mixin.py:149} INFO - [2023-06-03T20:48:08.966+0000] {dagbag.py:541} INFO - Filling up the DagBag from /home/airflow/.local/lib/python3.7/site-packages/airflow/example_dags/example_task_group_decorator.py
[2023-06-03T20:48:08.977+0000] {processor.py:836} INFO - DAG(s) dict_keys(['example_task_group_decorator']) retrieved from /home/airflow/.local/lib/python3.7/site-packages/airflow/example_dags/example_task_group_decorator.py
[2023-06-03T20:48:08.996+0000] {logging_mixin.py:149} INFO - [2023-06-03T20:48:08.995+0000] {dag.py:2726} INFO - Sync 1 DAGs
[2023-06-03T20:48:09.013+0000] {logging_mixin.py:149} INFO - [2023-06-03T20:48:09.013+0000] {dag.py:3490} INFO - Setting next_dagrun for example_task_group_decorator to 2023-06-02T20:48:09.012928+00:00, run_after=2023-06-03T20:48:09.012928+00:00
[2023-06-03T20:48:09.029+0000] {processor.py:179} INFO - Processing /home/airflow/.local/lib/python3.7/site-packages/airflow/example_dags/example_task_group_decorator.py took 0.067 seconds
[2023-06-03T20:48:39.556+0000] {processor.py:157} INFO - Started process (PID=11791) to work on /home/airflow/.local/lib/python3.7/site-packages/airflow/example_dags/example_task_group_decorator.py
[2023-06-03T20:48:39.559+0000] {processor.py:826} INFO - Processing file /home/airflow/.local/lib/python3.7/site-packages/airflow/example_dags/example_task_group_decorator.py for tasks to queue
[2023-06-03T20:48:39.561+0000] {logging_mixin.py:149} INFO - [2023-06-03T20:48:39.561+0000] {dagbag.py:541} INFO - Filling up the DagBag from /home/airflow/.local/lib/python3.7/site-packages/airflow/example_dags/example_task_group_decorator.py
[2023-06-03T20:48:39.572+0000] {processor.py:836} INFO - DAG(s) dict_keys(['example_task_group_decorator']) retrieved from /home/airflow/.local/lib/python3.7/site-packages/airflow/example_dags/example_task_group_decorator.py
[2023-06-03T20:48:39.595+0000] {logging_mixin.py:149} INFO - [2023-06-03T20:48:39.595+0000] {dag.py:2726} INFO - Sync 1 DAGs
[2023-06-03T20:48:39.613+0000] {logging_mixin.py:149} INFO - [2023-06-03T20:48:39.613+0000] {dag.py:3490} INFO - Setting next_dagrun for example_task_group_decorator to 2023-06-02T20:48:39.613283+00:00, run_after=2023-06-03T20:48:39.613283+00:00
[2023-06-03T20:48:39.632+0000] {processor.py:179} INFO - Processing /home/airflow/.local/lib/python3.7/site-packages/airflow/example_dags/example_task_group_decorator.py took 0.078 seconds
[2023-06-03T20:49:09.716+0000] {processor.py:157} INFO - Started process (PID=12045) to work on /home/airflow/.local/lib/python3.7/site-packages/airflow/example_dags/example_task_group_decorator.py
[2023-06-03T20:49:09.717+0000] {processor.py:826} INFO - Processing file /home/airflow/.local/lib/python3.7/site-packages/airflow/example_dags/example_task_group_decorator.py for tasks to queue
[2023-06-03T20:49:09.718+0000] {logging_mixin.py:149} INFO - [2023-06-03T20:49:09.717+0000] {dagbag.py:541} INFO - Filling up the DagBag from /home/airflow/.local/lib/python3.7/site-packages/airflow/example_dags/example_task_group_decorator.py
[2023-06-03T20:49:09.728+0000] {processor.py:836} INFO - DAG(s) dict_keys(['example_task_group_decorator']) retrieved from /home/airflow/.local/lib/python3.7/site-packages/airflow/example_dags/example_task_group_decorator.py
[2023-06-03T20:49:09.747+0000] {logging_mixin.py:149} INFO - [2023-06-03T20:49:09.747+0000] {dag.py:2726} INFO - Sync 1 DAGs
[2023-06-03T20:49:09.763+0000] {logging_mixin.py:149} INFO - [2023-06-03T20:49:09.763+0000] {dag.py:3490} INFO - Setting next_dagrun for example_task_group_decorator to 2023-06-02T20:49:09.763034+00:00, run_after=2023-06-03T20:49:09.763034+00:00
[2023-06-03T20:49:09.778+0000] {processor.py:179} INFO - Processing /home/airflow/.local/lib/python3.7/site-packages/airflow/example_dags/example_task_group_decorator.py took 0.064 seconds
[2023-06-03T20:49:40.762+0000] {processor.py:157} INFO - Started process (PID=12297) to work on /home/airflow/.local/lib/python3.7/site-packages/airflow/example_dags/example_task_group_decorator.py
[2023-06-03T20:49:40.763+0000] {processor.py:826} INFO - Processing file /home/airflow/.local/lib/python3.7/site-packages/airflow/example_dags/example_task_group_decorator.py for tasks to queue
[2023-06-03T20:49:40.764+0000] {logging_mixin.py:149} INFO - [2023-06-03T20:49:40.764+0000] {dagbag.py:541} INFO - Filling up the DagBag from /home/airflow/.local/lib/python3.7/site-packages/airflow/example_dags/example_task_group_decorator.py
[2023-06-03T20:49:40.774+0000] {processor.py:836} INFO - DAG(s) dict_keys(['example_task_group_decorator']) retrieved from /home/airflow/.local/lib/python3.7/site-packages/airflow/example_dags/example_task_group_decorator.py
[2023-06-03T20:49:40.794+0000] {logging_mixin.py:149} INFO - [2023-06-03T20:49:40.794+0000] {dag.py:2726} INFO - Sync 1 DAGs
[2023-06-03T20:49:40.810+0000] {logging_mixin.py:149} INFO - [2023-06-03T20:49:40.810+0000] {dag.py:3490} INFO - Setting next_dagrun for example_task_group_decorator to 2023-06-02T20:49:40.810354+00:00, run_after=2023-06-03T20:49:40.810354+00:00
[2023-06-03T20:49:40.827+0000] {processor.py:179} INFO - Processing /home/airflow/.local/lib/python3.7/site-packages/airflow/example_dags/example_task_group_decorator.py took 0.068 seconds
[2023-06-03T20:50:11.601+0000] {processor.py:157} INFO - Started process (PID=12556) to work on /home/airflow/.local/lib/python3.7/site-packages/airflow/example_dags/example_task_group_decorator.py
[2023-06-03T20:50:11.602+0000] {processor.py:826} INFO - Processing file /home/airflow/.local/lib/python3.7/site-packages/airflow/example_dags/example_task_group_decorator.py for tasks to queue
[2023-06-03T20:50:11.603+0000] {logging_mixin.py:149} INFO - [2023-06-03T20:50:11.603+0000] {dagbag.py:541} INFO - Filling up the DagBag from /home/airflow/.local/lib/python3.7/site-packages/airflow/example_dags/example_task_group_decorator.py
[2023-06-03T20:50:11.613+0000] {processor.py:836} INFO - DAG(s) dict_keys(['example_task_group_decorator']) retrieved from /home/airflow/.local/lib/python3.7/site-packages/airflow/example_dags/example_task_group_decorator.py
[2023-06-03T20:50:11.632+0000] {logging_mixin.py:149} INFO - [2023-06-03T20:50:11.632+0000] {dag.py:2726} INFO - Sync 1 DAGs
[2023-06-03T20:50:11.649+0000] {logging_mixin.py:149} INFO - [2023-06-03T20:50:11.648+0000] {dag.py:3490} INFO - Setting next_dagrun for example_task_group_decorator to 2023-06-02T20:50:11.648718+00:00, run_after=2023-06-03T20:50:11.648718+00:00
[2023-06-03T20:50:11.666+0000] {processor.py:179} INFO - Processing /home/airflow/.local/lib/python3.7/site-packages/airflow/example_dags/example_task_group_decorator.py took 0.067 seconds
[2023-06-03T20:50:41.950+0000] {processor.py:157} INFO - Started process (PID=12809) to work on /home/airflow/.local/lib/python3.7/site-packages/airflow/example_dags/example_task_group_decorator.py
[2023-06-03T20:50:41.951+0000] {processor.py:826} INFO - Processing file /home/airflow/.local/lib/python3.7/site-packages/airflow/example_dags/example_task_group_decorator.py for tasks to queue
[2023-06-03T20:50:41.952+0000] {logging_mixin.py:149} INFO - [2023-06-03T20:50:41.952+0000] {dagbag.py:541} INFO - Filling up the DagBag from /home/airflow/.local/lib/python3.7/site-packages/airflow/example_dags/example_task_group_decorator.py
[2023-06-03T20:50:41.962+0000] {processor.py:836} INFO - DAG(s) dict_keys(['example_task_group_decorator']) retrieved from /home/airflow/.local/lib/python3.7/site-packages/airflow/example_dags/example_task_group_decorator.py
[2023-06-03T20:50:41.981+0000] {logging_mixin.py:149} INFO - [2023-06-03T20:50:41.981+0000] {dag.py:2726} INFO - Sync 1 DAGs
[2023-06-03T20:50:41.998+0000] {logging_mixin.py:149} INFO - [2023-06-03T20:50:41.998+0000] {dag.py:3490} INFO - Setting next_dagrun for example_task_group_decorator to 2023-06-02T20:50:41.998165+00:00, run_after=2023-06-03T20:50:41.998165+00:00
[2023-06-03T20:50:42.015+0000] {processor.py:179} INFO - Processing /home/airflow/.local/lib/python3.7/site-packages/airflow/example_dags/example_task_group_decorator.py took 0.067 seconds
[2023-06-03T20:51:12.365+0000] {processor.py:157} INFO - Started process (PID=13059) to work on /home/airflow/.local/lib/python3.7/site-packages/airflow/example_dags/example_task_group_decorator.py
[2023-06-03T20:51:12.368+0000] {processor.py:826} INFO - Processing file /home/airflow/.local/lib/python3.7/site-packages/airflow/example_dags/example_task_group_decorator.py for tasks to queue
[2023-06-03T20:51:12.370+0000] {logging_mixin.py:149} INFO - [2023-06-03T20:51:12.370+0000] {dagbag.py:541} INFO - Filling up the DagBag from /home/airflow/.local/lib/python3.7/site-packages/airflow/example_dags/example_task_group_decorator.py
[2023-06-03T20:51:12.382+0000] {processor.py:836} INFO - DAG(s) dict_keys(['example_task_group_decorator']) retrieved from /home/airflow/.local/lib/python3.7/site-packages/airflow/example_dags/example_task_group_decorator.py
[2023-06-03T20:51:12.401+0000] {logging_mixin.py:149} INFO - [2023-06-03T20:51:12.400+0000] {dag.py:2726} INFO - Sync 1 DAGs
[2023-06-03T20:51:12.417+0000] {logging_mixin.py:149} INFO - [2023-06-03T20:51:12.417+0000] {dag.py:3490} INFO - Setting next_dagrun for example_task_group_decorator to 2023-06-02T20:51:12.416878+00:00, run_after=2023-06-03T20:51:12.416878+00:00
[2023-06-03T20:51:12.434+0000] {processor.py:179} INFO - Processing /home/airflow/.local/lib/python3.7/site-packages/airflow/example_dags/example_task_group_decorator.py took 0.072 seconds
[2023-06-03T20:51:43.576+0000] {processor.py:157} INFO - Started process (PID=13311) to work on /home/airflow/.local/lib/python3.7/site-packages/airflow/example_dags/example_task_group_decorator.py
[2023-06-03T20:51:43.577+0000] {processor.py:826} INFO - Processing file /home/airflow/.local/lib/python3.7/site-packages/airflow/example_dags/example_task_group_decorator.py for tasks to queue
[2023-06-03T20:51:43.579+0000] {logging_mixin.py:149} INFO - [2023-06-03T20:51:43.579+0000] {dagbag.py:541} INFO - Filling up the DagBag from /home/airflow/.local/lib/python3.7/site-packages/airflow/example_dags/example_task_group_decorator.py
[2023-06-03T20:51:43.589+0000] {processor.py:836} INFO - DAG(s) dict_keys(['example_task_group_decorator']) retrieved from /home/airflow/.local/lib/python3.7/site-packages/airflow/example_dags/example_task_group_decorator.py
[2023-06-03T20:51:43.609+0000] {logging_mixin.py:149} INFO - [2023-06-03T20:51:43.609+0000] {dag.py:2726} INFO - Sync 1 DAGs
[2023-06-03T20:51:43.627+0000] {logging_mixin.py:149} INFO - [2023-06-03T20:51:43.627+0000] {dag.py:3490} INFO - Setting next_dagrun for example_task_group_decorator to 2023-06-02T20:51:43.627049+00:00, run_after=2023-06-03T20:51:43.627049+00:00
[2023-06-03T20:51:43.644+0000] {processor.py:179} INFO - Processing /home/airflow/.local/lib/python3.7/site-packages/airflow/example_dags/example_task_group_decorator.py took 0.071 seconds
[2023-06-03T20:52:14.241+0000] {processor.py:157} INFO - Started process (PID=13563) to work on /home/airflow/.local/lib/python3.7/site-packages/airflow/example_dags/example_task_group_decorator.py
[2023-06-03T20:52:14.243+0000] {processor.py:826} INFO - Processing file /home/airflow/.local/lib/python3.7/site-packages/airflow/example_dags/example_task_group_decorator.py for tasks to queue
[2023-06-03T20:52:14.244+0000] {logging_mixin.py:149} INFO - [2023-06-03T20:52:14.244+0000] {dagbag.py:541} INFO - Filling up the DagBag from /home/airflow/.local/lib/python3.7/site-packages/airflow/example_dags/example_task_group_decorator.py
[2023-06-03T20:52:14.254+0000] {processor.py:836} INFO - DAG(s) dict_keys(['example_task_group_decorator']) retrieved from /home/airflow/.local/lib/python3.7/site-packages/airflow/example_dags/example_task_group_decorator.py
[2023-06-03T20:52:14.274+0000] {logging_mixin.py:149} INFO - [2023-06-03T20:52:14.274+0000] {dag.py:2726} INFO - Sync 1 DAGs
[2023-06-03T20:52:14.302+0000] {logging_mixin.py:149} INFO - [2023-06-03T20:52:14.302+0000] {dag.py:3490} INFO - Setting next_dagrun for example_task_group_decorator to 2023-06-02T20:52:14.301932+00:00, run_after=2023-06-03T20:52:14.301932+00:00
[2023-06-03T20:52:14.318+0000] {processor.py:179} INFO - Processing /home/airflow/.local/lib/python3.7/site-packages/airflow/example_dags/example_task_group_decorator.py took 0.079 seconds
[2023-06-03T20:52:45.227+0000] {processor.py:157} INFO - Started process (PID=13815) to work on /home/airflow/.local/lib/python3.7/site-packages/airflow/example_dags/example_task_group_decorator.py
[2023-06-03T20:52:45.228+0000] {processor.py:826} INFO - Processing file /home/airflow/.local/lib/python3.7/site-packages/airflow/example_dags/example_task_group_decorator.py for tasks to queue
[2023-06-03T20:52:45.230+0000] {logging_mixin.py:149} INFO - [2023-06-03T20:52:45.230+0000] {dagbag.py:541} INFO - Filling up the DagBag from /home/airflow/.local/lib/python3.7/site-packages/airflow/example_dags/example_task_group_decorator.py
[2023-06-03T20:52:45.239+0000] {processor.py:836} INFO - DAG(s) dict_keys(['example_task_group_decorator']) retrieved from /home/airflow/.local/lib/python3.7/site-packages/airflow/example_dags/example_task_group_decorator.py
[2023-06-03T20:52:45.310+0000] {logging_mixin.py:149} INFO - [2023-06-03T20:52:45.309+0000] {dag.py:2726} INFO - Sync 1 DAGs
[2023-06-03T20:52:45.350+0000] {logging_mixin.py:149} INFO - [2023-06-03T20:52:45.350+0000] {dag.py:3490} INFO - Setting next_dagrun for example_task_group_decorator to 2023-06-02T20:52:45.349923+00:00, run_after=2023-06-03T20:52:45.349923+00:00
[2023-06-03T20:52:45.372+0000] {processor.py:179} INFO - Processing /home/airflow/.local/lib/python3.7/site-packages/airflow/example_dags/example_task_group_decorator.py took 0.148 seconds
[2023-06-03T20:53:15.636+0000] {processor.py:157} INFO - Started process (PID=14067) to work on /home/airflow/.local/lib/python3.7/site-packages/airflow/example_dags/example_task_group_decorator.py
[2023-06-03T20:53:15.637+0000] {processor.py:826} INFO - Processing file /home/airflow/.local/lib/python3.7/site-packages/airflow/example_dags/example_task_group_decorator.py for tasks to queue
[2023-06-03T20:53:15.638+0000] {logging_mixin.py:149} INFO - [2023-06-03T20:53:15.638+0000] {dagbag.py:541} INFO - Filling up the DagBag from /home/airflow/.local/lib/python3.7/site-packages/airflow/example_dags/example_task_group_decorator.py
[2023-06-03T20:53:15.649+0000] {processor.py:836} INFO - DAG(s) dict_keys(['example_task_group_decorator']) retrieved from /home/airflow/.local/lib/python3.7/site-packages/airflow/example_dags/example_task_group_decorator.py
[2023-06-03T20:53:15.671+0000] {logging_mixin.py:149} INFO - [2023-06-03T20:53:15.671+0000] {dag.py:2726} INFO - Sync 1 DAGs
[2023-06-03T20:53:15.690+0000] {logging_mixin.py:149} INFO - [2023-06-03T20:53:15.689+0000] {dag.py:3490} INFO - Setting next_dagrun for example_task_group_decorator to 2023-06-02T20:53:15.689703+00:00, run_after=2023-06-03T20:53:15.689703+00:00
[2023-06-03T20:53:15.706+0000] {processor.py:179} INFO - Processing /home/airflow/.local/lib/python3.7/site-packages/airflow/example_dags/example_task_group_decorator.py took 0.072 seconds
[2023-06-03T20:53:45.841+0000] {processor.py:157} INFO - Started process (PID=14319) to work on /home/airflow/.local/lib/python3.7/site-packages/airflow/example_dags/example_task_group_decorator.py
[2023-06-03T20:53:45.842+0000] {processor.py:826} INFO - Processing file /home/airflow/.local/lib/python3.7/site-packages/airflow/example_dags/example_task_group_decorator.py for tasks to queue
[2023-06-03T20:53:45.843+0000] {logging_mixin.py:149} INFO - [2023-06-03T20:53:45.843+0000] {dagbag.py:541} INFO - Filling up the DagBag from /home/airflow/.local/lib/python3.7/site-packages/airflow/example_dags/example_task_group_decorator.py
[2023-06-03T20:53:45.853+0000] {processor.py:836} INFO - DAG(s) dict_keys(['example_task_group_decorator']) retrieved from /home/airflow/.local/lib/python3.7/site-packages/airflow/example_dags/example_task_group_decorator.py
[2023-06-03T20:53:45.874+0000] {logging_mixin.py:149} INFO - [2023-06-03T20:53:45.874+0000] {dag.py:2726} INFO - Sync 1 DAGs
[2023-06-03T20:53:45.891+0000] {logging_mixin.py:149} INFO - [2023-06-03T20:53:45.891+0000] {dag.py:3490} INFO - Setting next_dagrun for example_task_group_decorator to 2023-06-02T20:53:45.891240+00:00, run_after=2023-06-03T20:53:45.891240+00:00
[2023-06-03T20:53:45.907+0000] {processor.py:179} INFO - Processing /home/airflow/.local/lib/python3.7/site-packages/airflow/example_dags/example_task_group_decorator.py took 0.069 seconds
[2023-06-03T20:54:16.942+0000] {processor.py:157} INFO - Started process (PID=14573) to work on /home/airflow/.local/lib/python3.7/site-packages/airflow/example_dags/example_task_group_decorator.py
[2023-06-03T20:54:16.943+0000] {processor.py:826} INFO - Processing file /home/airflow/.local/lib/python3.7/site-packages/airflow/example_dags/example_task_group_decorator.py for tasks to queue
[2023-06-03T20:54:16.945+0000] {logging_mixin.py:149} INFO - [2023-06-03T20:54:16.944+0000] {dagbag.py:541} INFO - Filling up the DagBag from /home/airflow/.local/lib/python3.7/site-packages/airflow/example_dags/example_task_group_decorator.py
[2023-06-03T20:54:16.958+0000] {processor.py:836} INFO - DAG(s) dict_keys(['example_task_group_decorator']) retrieved from /home/airflow/.local/lib/python3.7/site-packages/airflow/example_dags/example_task_group_decorator.py
[2023-06-03T20:54:16.979+0000] {logging_mixin.py:149} INFO - [2023-06-03T20:54:16.979+0000] {dag.py:2726} INFO - Sync 1 DAGs
[2023-06-03T20:54:16.997+0000] {logging_mixin.py:149} INFO - [2023-06-03T20:54:16.997+0000] {dag.py:3490} INFO - Setting next_dagrun for example_task_group_decorator to 2023-06-02T20:54:16.997298+00:00, run_after=2023-06-03T20:54:16.997298+00:00
[2023-06-03T20:54:17.015+0000] {processor.py:179} INFO - Processing /home/airflow/.local/lib/python3.7/site-packages/airflow/example_dags/example_task_group_decorator.py took 0.075 seconds
[2023-06-03T20:54:47.232+0000] {processor.py:157} INFO - Started process (PID=14823) to work on /home/airflow/.local/lib/python3.7/site-packages/airflow/example_dags/example_task_group_decorator.py
[2023-06-03T20:54:47.233+0000] {processor.py:826} INFO - Processing file /home/airflow/.local/lib/python3.7/site-packages/airflow/example_dags/example_task_group_decorator.py for tasks to queue
[2023-06-03T20:54:47.234+0000] {logging_mixin.py:149} INFO - [2023-06-03T20:54:47.234+0000] {dagbag.py:541} INFO - Filling up the DagBag from /home/airflow/.local/lib/python3.7/site-packages/airflow/example_dags/example_task_group_decorator.py
[2023-06-03T20:54:47.244+0000] {processor.py:836} INFO - DAG(s) dict_keys(['example_task_group_decorator']) retrieved from /home/airflow/.local/lib/python3.7/site-packages/airflow/example_dags/example_task_group_decorator.py
[2023-06-03T20:54:47.264+0000] {logging_mixin.py:149} INFO - [2023-06-03T20:54:47.264+0000] {dag.py:2726} INFO - Sync 1 DAGs
[2023-06-03T20:54:47.282+0000] {logging_mixin.py:149} INFO - [2023-06-03T20:54:47.281+0000] {dag.py:3490} INFO - Setting next_dagrun for example_task_group_decorator to 2023-06-02T20:54:47.281828+00:00, run_after=2023-06-03T20:54:47.281828+00:00
[2023-06-03T20:54:47.300+0000] {processor.py:179} INFO - Processing /home/airflow/.local/lib/python3.7/site-packages/airflow/example_dags/example_task_group_decorator.py took 0.070 seconds
[2023-06-03T20:55:17.588+0000] {processor.py:157} INFO - Started process (PID=15075) to work on /home/airflow/.local/lib/python3.7/site-packages/airflow/example_dags/example_task_group_decorator.py
[2023-06-03T20:55:17.589+0000] {processor.py:826} INFO - Processing file /home/airflow/.local/lib/python3.7/site-packages/airflow/example_dags/example_task_group_decorator.py for tasks to queue
[2023-06-03T20:55:17.590+0000] {logging_mixin.py:149} INFO - [2023-06-03T20:55:17.590+0000] {dagbag.py:541} INFO - Filling up the DagBag from /home/airflow/.local/lib/python3.7/site-packages/airflow/example_dags/example_task_group_decorator.py
[2023-06-03T20:55:17.601+0000] {processor.py:836} INFO - DAG(s) dict_keys(['example_task_group_decorator']) retrieved from /home/airflow/.local/lib/python3.7/site-packages/airflow/example_dags/example_task_group_decorator.py
[2023-06-03T20:55:17.622+0000] {logging_mixin.py:149} INFO - [2023-06-03T20:55:17.622+0000] {dag.py:2726} INFO - Sync 1 DAGs
[2023-06-03T20:55:17.641+0000] {logging_mixin.py:149} INFO - [2023-06-03T20:55:17.641+0000] {dag.py:3490} INFO - Setting next_dagrun for example_task_group_decorator to 2023-06-02T20:55:17.641309+00:00, run_after=2023-06-03T20:55:17.641309+00:00
[2023-06-03T20:55:17.658+0000] {processor.py:179} INFO - Processing /home/airflow/.local/lib/python3.7/site-packages/airflow/example_dags/example_task_group_decorator.py took 0.072 seconds
[2023-06-03T20:55:48.575+0000] {processor.py:157} INFO - Started process (PID=15329) to work on /home/airflow/.local/lib/python3.7/site-packages/airflow/example_dags/example_task_group_decorator.py
[2023-06-03T20:55:48.576+0000] {processor.py:826} INFO - Processing file /home/airflow/.local/lib/python3.7/site-packages/airflow/example_dags/example_task_group_decorator.py for tasks to queue
[2023-06-03T20:55:48.576+0000] {logging_mixin.py:149} INFO - [2023-06-03T20:55:48.576+0000] {dagbag.py:541} INFO - Filling up the DagBag from /home/airflow/.local/lib/python3.7/site-packages/airflow/example_dags/example_task_group_decorator.py
[2023-06-03T20:55:48.587+0000] {processor.py:836} INFO - DAG(s) dict_keys(['example_task_group_decorator']) retrieved from /home/airflow/.local/lib/python3.7/site-packages/airflow/example_dags/example_task_group_decorator.py
[2023-06-03T20:55:48.606+0000] {logging_mixin.py:149} INFO - [2023-06-03T20:55:48.606+0000] {dag.py:2726} INFO - Sync 1 DAGs
[2023-06-03T20:55:48.623+0000] {logging_mixin.py:149} INFO - [2023-06-03T20:55:48.623+0000] {dag.py:3490} INFO - Setting next_dagrun for example_task_group_decorator to 2023-06-02T20:55:48.622909+00:00, run_after=2023-06-03T20:55:48.622909+00:00
[2023-06-03T20:55:48.639+0000] {processor.py:179} INFO - Processing /home/airflow/.local/lib/python3.7/site-packages/airflow/example_dags/example_task_group_decorator.py took 0.066 seconds
[2023-06-03T20:56:19.195+0000] {processor.py:157} INFO - Started process (PID=15581) to work on /home/airflow/.local/lib/python3.7/site-packages/airflow/example_dags/example_task_group_decorator.py
[2023-06-03T20:56:19.196+0000] {processor.py:826} INFO - Processing file /home/airflow/.local/lib/python3.7/site-packages/airflow/example_dags/example_task_group_decorator.py for tasks to queue
[2023-06-03T20:56:19.197+0000] {logging_mixin.py:149} INFO - [2023-06-03T20:56:19.197+0000] {dagbag.py:541} INFO - Filling up the DagBag from /home/airflow/.local/lib/python3.7/site-packages/airflow/example_dags/example_task_group_decorator.py
[2023-06-03T20:56:19.214+0000] {processor.py:836} INFO - DAG(s) dict_keys(['example_task_group_decorator']) retrieved from /home/airflow/.local/lib/python3.7/site-packages/airflow/example_dags/example_task_group_decorator.py
[2023-06-03T20:56:19.232+0000] {logging_mixin.py:149} INFO - [2023-06-03T20:56:19.232+0000] {dag.py:2726} INFO - Sync 1 DAGs
[2023-06-03T20:56:19.249+0000] {logging_mixin.py:149} INFO - [2023-06-03T20:56:19.249+0000] {dag.py:3490} INFO - Setting next_dagrun for example_task_group_decorator to 2023-06-02T20:56:19.248983+00:00, run_after=2023-06-03T20:56:19.248983+00:00
[2023-06-03T20:56:19.265+0000] {processor.py:179} INFO - Processing /home/airflow/.local/lib/python3.7/site-packages/airflow/example_dags/example_task_group_decorator.py took 0.072 seconds
[2023-06-03T20:56:49.450+0000] {processor.py:157} INFO - Started process (PID=15831) to work on /home/airflow/.local/lib/python3.7/site-packages/airflow/example_dags/example_task_group_decorator.py
[2023-06-03T20:56:49.452+0000] {processor.py:826} INFO - Processing file /home/airflow/.local/lib/python3.7/site-packages/airflow/example_dags/example_task_group_decorator.py for tasks to queue
[2023-06-03T20:56:49.455+0000] {logging_mixin.py:149} INFO - [2023-06-03T20:56:49.455+0000] {dagbag.py:541} INFO - Filling up the DagBag from /home/airflow/.local/lib/python3.7/site-packages/airflow/example_dags/example_task_group_decorator.py
[2023-06-03T20:56:49.467+0000] {processor.py:836} INFO - DAG(s) dict_keys(['example_task_group_decorator']) retrieved from /home/airflow/.local/lib/python3.7/site-packages/airflow/example_dags/example_task_group_decorator.py
[2023-06-03T20:56:49.489+0000] {logging_mixin.py:149} INFO - [2023-06-03T20:56:49.488+0000] {dag.py:2726} INFO - Sync 1 DAGs
[2023-06-03T20:56:49.508+0000] {logging_mixin.py:149} INFO - [2023-06-03T20:56:49.508+0000] {dag.py:3490} INFO - Setting next_dagrun for example_task_group_decorator to 2023-06-02T20:56:49.508349+00:00, run_after=2023-06-03T20:56:49.508349+00:00
[2023-06-03T20:56:49.526+0000] {processor.py:179} INFO - Processing /home/airflow/.local/lib/python3.7/site-packages/airflow/example_dags/example_task_group_decorator.py took 0.078 seconds
[2023-06-03T20:57:19.807+0000] {processor.py:157} INFO - Started process (PID=16083) to work on /home/airflow/.local/lib/python3.7/site-packages/airflow/example_dags/example_task_group_decorator.py
[2023-06-03T20:57:19.808+0000] {processor.py:826} INFO - Processing file /home/airflow/.local/lib/python3.7/site-packages/airflow/example_dags/example_task_group_decorator.py for tasks to queue
[2023-06-03T20:57:19.809+0000] {logging_mixin.py:149} INFO - [2023-06-03T20:57:19.809+0000] {dagbag.py:541} INFO - Filling up the DagBag from /home/airflow/.local/lib/python3.7/site-packages/airflow/example_dags/example_task_group_decorator.py
[2023-06-03T20:57:19.819+0000] {processor.py:836} INFO - DAG(s) dict_keys(['example_task_group_decorator']) retrieved from /home/airflow/.local/lib/python3.7/site-packages/airflow/example_dags/example_task_group_decorator.py
[2023-06-03T20:57:19.840+0000] {logging_mixin.py:149} INFO - [2023-06-03T20:57:19.840+0000] {dag.py:2726} INFO - Sync 1 DAGs
[2023-06-03T20:57:19.859+0000] {logging_mixin.py:149} INFO - [2023-06-03T20:57:19.859+0000] {dag.py:3490} INFO - Setting next_dagrun for example_task_group_decorator to 2023-06-02T20:57:19.858849+00:00, run_after=2023-06-03T20:57:19.858849+00:00
[2023-06-03T20:57:19.875+0000] {processor.py:179} INFO - Processing /home/airflow/.local/lib/python3.7/site-packages/airflow/example_dags/example_task_group_decorator.py took 0.070 seconds
[2023-06-03T20:57:50.390+0000] {processor.py:157} INFO - Started process (PID=16335) to work on /home/airflow/.local/lib/python3.7/site-packages/airflow/example_dags/example_task_group_decorator.py
[2023-06-03T20:57:50.391+0000] {processor.py:826} INFO - Processing file /home/airflow/.local/lib/python3.7/site-packages/airflow/example_dags/example_task_group_decorator.py for tasks to queue
[2023-06-03T20:57:50.393+0000] {logging_mixin.py:149} INFO - [2023-06-03T20:57:50.392+0000] {dagbag.py:541} INFO - Filling up the DagBag from /home/airflow/.local/lib/python3.7/site-packages/airflow/example_dags/example_task_group_decorator.py
[2023-06-03T20:57:50.403+0000] {processor.py:836} INFO - DAG(s) dict_keys(['example_task_group_decorator']) retrieved from /home/airflow/.local/lib/python3.7/site-packages/airflow/example_dags/example_task_group_decorator.py
[2023-06-03T20:57:50.424+0000] {logging_mixin.py:149} INFO - [2023-06-03T20:57:50.424+0000] {dag.py:2726} INFO - Sync 1 DAGs
[2023-06-03T20:57:50.443+0000] {logging_mixin.py:149} INFO - [2023-06-03T20:57:50.443+0000] {dag.py:3490} INFO - Setting next_dagrun for example_task_group_decorator to 2023-06-02T20:57:50.442974+00:00, run_after=2023-06-03T20:57:50.442974+00:00
[2023-06-03T20:57:50.459+0000] {processor.py:179} INFO - Processing /home/airflow/.local/lib/python3.7/site-packages/airflow/example_dags/example_task_group_decorator.py took 0.071 seconds
[2023-06-03T20:58:20.672+0000] {processor.py:157} INFO - Started process (PID=16587) to work on /home/airflow/.local/lib/python3.7/site-packages/airflow/example_dags/example_task_group_decorator.py
[2023-06-03T20:58:20.673+0000] {processor.py:826} INFO - Processing file /home/airflow/.local/lib/python3.7/site-packages/airflow/example_dags/example_task_group_decorator.py for tasks to queue
[2023-06-03T20:58:20.674+0000] {logging_mixin.py:149} INFO - [2023-06-03T20:58:20.674+0000] {dagbag.py:541} INFO - Filling up the DagBag from /home/airflow/.local/lib/python3.7/site-packages/airflow/example_dags/example_task_group_decorator.py
[2023-06-03T20:58:20.685+0000] {processor.py:836} INFO - DAG(s) dict_keys(['example_task_group_decorator']) retrieved from /home/airflow/.local/lib/python3.7/site-packages/airflow/example_dags/example_task_group_decorator.py
[2023-06-03T20:58:20.704+0000] {logging_mixin.py:149} INFO - [2023-06-03T20:58:20.704+0000] {dag.py:2726} INFO - Sync 1 DAGs
[2023-06-03T20:58:20.721+0000] {logging_mixin.py:149} INFO - [2023-06-03T20:58:20.721+0000] {dag.py:3490} INFO - Setting next_dagrun for example_task_group_decorator to 2023-06-02T20:58:20.721655+00:00, run_after=2023-06-03T20:58:20.721655+00:00
[2023-06-03T20:58:20.736+0000] {processor.py:179} INFO - Processing /home/airflow/.local/lib/python3.7/site-packages/airflow/example_dags/example_task_group_decorator.py took 0.066 seconds
[2023-06-03T20:58:51.256+0000] {processor.py:157} INFO - Started process (PID=16839) to work on /home/airflow/.local/lib/python3.7/site-packages/airflow/example_dags/example_task_group_decorator.py
[2023-06-03T20:58:51.257+0000] {processor.py:826} INFO - Processing file /home/airflow/.local/lib/python3.7/site-packages/airflow/example_dags/example_task_group_decorator.py for tasks to queue
[2023-06-03T20:58:51.258+0000] {logging_mixin.py:149} INFO - [2023-06-03T20:58:51.258+0000] {dagbag.py:541} INFO - Filling up the DagBag from /home/airflow/.local/lib/python3.7/site-packages/airflow/example_dags/example_task_group_decorator.py
[2023-06-03T20:58:51.269+0000] {processor.py:836} INFO - DAG(s) dict_keys(['example_task_group_decorator']) retrieved from /home/airflow/.local/lib/python3.7/site-packages/airflow/example_dags/example_task_group_decorator.py
[2023-06-03T20:58:51.290+0000] {logging_mixin.py:149} INFO - [2023-06-03T20:58:51.290+0000] {dag.py:2726} INFO - Sync 1 DAGs
[2023-06-03T20:58:51.309+0000] {logging_mixin.py:149} INFO - [2023-06-03T20:58:51.309+0000] {dag.py:3490} INFO - Setting next_dagrun for example_task_group_decorator to 2023-06-02T20:58:51.309122+00:00, run_after=2023-06-03T20:58:51.309122+00:00
[2023-06-03T20:58:51.326+0000] {processor.py:179} INFO - Processing /home/airflow/.local/lib/python3.7/site-packages/airflow/example_dags/example_task_group_decorator.py took 0.072 seconds
[2023-06-03T20:59:22.035+0000] {processor.py:157} INFO - Started process (PID=17091) to work on /home/airflow/.local/lib/python3.7/site-packages/airflow/example_dags/example_task_group_decorator.py
[2023-06-03T20:59:22.036+0000] {processor.py:826} INFO - Processing file /home/airflow/.local/lib/python3.7/site-packages/airflow/example_dags/example_task_group_decorator.py for tasks to queue
[2023-06-03T20:59:22.037+0000] {logging_mixin.py:149} INFO - [2023-06-03T20:59:22.037+0000] {dagbag.py:541} INFO - Filling up the DagBag from /home/airflow/.local/lib/python3.7/site-packages/airflow/example_dags/example_task_group_decorator.py
[2023-06-03T20:59:22.048+0000] {processor.py:836} INFO - DAG(s) dict_keys(['example_task_group_decorator']) retrieved from /home/airflow/.local/lib/python3.7/site-packages/airflow/example_dags/example_task_group_decorator.py
[2023-06-03T20:59:22.068+0000] {logging_mixin.py:149} INFO - [2023-06-03T20:59:22.068+0000] {dag.py:2726} INFO - Sync 1 DAGs
[2023-06-03T20:59:22.085+0000] {logging_mixin.py:149} INFO - [2023-06-03T20:59:22.085+0000] {dag.py:3490} INFO - Setting next_dagrun for example_task_group_decorator to 2023-06-02T20:59:22.085376+00:00, run_after=2023-06-03T20:59:22.085376+00:00
[2023-06-03T20:59:22.100+0000] {processor.py:179} INFO - Processing /home/airflow/.local/lib/python3.7/site-packages/airflow/example_dags/example_task_group_decorator.py took 0.068 seconds
[2023-06-03T20:59:53.159+0000] {processor.py:157} INFO - Started process (PID=17343) to work on /home/airflow/.local/lib/python3.7/site-packages/airflow/example_dags/example_task_group_decorator.py
[2023-06-03T20:59:53.162+0000] {processor.py:826} INFO - Processing file /home/airflow/.local/lib/python3.7/site-packages/airflow/example_dags/example_task_group_decorator.py for tasks to queue
[2023-06-03T20:59:53.163+0000] {logging_mixin.py:149} INFO - [2023-06-03T20:59:53.163+0000] {dagbag.py:541} INFO - Filling up the DagBag from /home/airflow/.local/lib/python3.7/site-packages/airflow/example_dags/example_task_group_decorator.py
[2023-06-03T20:59:53.174+0000] {processor.py:836} INFO - DAG(s) dict_keys(['example_task_group_decorator']) retrieved from /home/airflow/.local/lib/python3.7/site-packages/airflow/example_dags/example_task_group_decorator.py
[2023-06-03T20:59:53.197+0000] {logging_mixin.py:149} INFO - [2023-06-03T20:59:53.197+0000] {dag.py:2726} INFO - Sync 1 DAGs
[2023-06-03T20:59:53.216+0000] {logging_mixin.py:149} INFO - [2023-06-03T20:59:53.216+0000] {dag.py:3490} INFO - Setting next_dagrun for example_task_group_decorator to 2023-06-02T20:59:53.216135+00:00, run_after=2023-06-03T20:59:53.216135+00:00
[2023-06-03T20:59:53.235+0000] {processor.py:179} INFO - Processing /home/airflow/.local/lib/python3.7/site-packages/airflow/example_dags/example_task_group_decorator.py took 0.078 seconds
[2023-06-03T21:00:23.502+0000] {processor.py:157} INFO - Started process (PID=17595) to work on /home/airflow/.local/lib/python3.7/site-packages/airflow/example_dags/example_task_group_decorator.py
[2023-06-03T21:00:23.504+0000] {processor.py:826} INFO - Processing file /home/airflow/.local/lib/python3.7/site-packages/airflow/example_dags/example_task_group_decorator.py for tasks to queue
[2023-06-03T21:00:23.505+0000] {logging_mixin.py:149} INFO - [2023-06-03T21:00:23.504+0000] {dagbag.py:541} INFO - Filling up the DagBag from /home/airflow/.local/lib/python3.7/site-packages/airflow/example_dags/example_task_group_decorator.py
[2023-06-03T21:00:23.515+0000] {processor.py:836} INFO - DAG(s) dict_keys(['example_task_group_decorator']) retrieved from /home/airflow/.local/lib/python3.7/site-packages/airflow/example_dags/example_task_group_decorator.py
[2023-06-03T21:00:23.534+0000] {logging_mixin.py:149} INFO - [2023-06-03T21:00:23.534+0000] {dag.py:2726} INFO - Sync 1 DAGs
[2023-06-03T21:00:23.552+0000] {logging_mixin.py:149} INFO - [2023-06-03T21:00:23.551+0000] {dag.py:3490} INFO - Setting next_dagrun for example_task_group_decorator to 2023-06-02T21:00:23.551782+00:00, run_after=2023-06-03T21:00:23.551782+00:00
[2023-06-03T21:00:23.567+0000] {processor.py:179} INFO - Processing /home/airflow/.local/lib/python3.7/site-packages/airflow/example_dags/example_task_group_decorator.py took 0.067 seconds
[2023-06-03T21:00:54.840+0000] {processor.py:157} INFO - Started process (PID=17847) to work on /home/airflow/.local/lib/python3.7/site-packages/airflow/example_dags/example_task_group_decorator.py
[2023-06-03T21:00:54.842+0000] {processor.py:826} INFO - Processing file /home/airflow/.local/lib/python3.7/site-packages/airflow/example_dags/example_task_group_decorator.py for tasks to queue
[2023-06-03T21:00:54.844+0000] {logging_mixin.py:149} INFO - [2023-06-03T21:00:54.843+0000] {dagbag.py:541} INFO - Filling up the DagBag from /home/airflow/.local/lib/python3.7/site-packages/airflow/example_dags/example_task_group_decorator.py
[2023-06-03T21:00:54.862+0000] {processor.py:836} INFO - DAG(s) dict_keys(['example_task_group_decorator']) retrieved from /home/airflow/.local/lib/python3.7/site-packages/airflow/example_dags/example_task_group_decorator.py
[2023-06-03T21:00:54.901+0000] {logging_mixin.py:149} INFO - [2023-06-03T21:00:54.901+0000] {dag.py:2726} INFO - Sync 1 DAGs
[2023-06-03T21:00:54.933+0000] {logging_mixin.py:149} INFO - [2023-06-03T21:00:54.932+0000] {dag.py:3490} INFO - Setting next_dagrun for example_task_group_decorator to 2023-06-02T21:00:54.932523+00:00, run_after=2023-06-03T21:00:54.932523+00:00
[2023-06-03T21:00:54.962+0000] {processor.py:179} INFO - Processing /home/airflow/.local/lib/python3.7/site-packages/airflow/example_dags/example_task_group_decorator.py took 0.125 seconds
