[2023-06-03T20:25:44.621+0000] {processor.py:157} INFO - Started process (PID=339) to work on /home/airflow/.local/lib/python3.7/site-packages/airflow/example_dags/example_branch_operator.py
[2023-06-03T20:25:44.623+0000] {processor.py:826} INFO - Processing file /home/airflow/.local/lib/python3.7/site-packages/airflow/example_dags/example_branch_operator.py for tasks to queue
[2023-06-03T20:25:44.624+0000] {logging_mixin.py:149} INFO - [2023-06-03T20:25:44.624+0000] {dagbag.py:541} INFO - Filling up the DagBag from /home/airflow/.local/lib/python3.7/site-packages/airflow/example_dags/example_branch_operator.py
[2023-06-03T20:25:44.634+0000] {processor.py:836} INFO - DAG(s) dict_keys(['example_branch_operator']) retrieved from /home/airflow/.local/lib/python3.7/site-packages/airflow/example_dags/example_branch_operator.py
[2023-06-03T20:25:44.644+0000] {logging_mixin.py:149} INFO - [2023-06-03T20:25:44.644+0000] {dag.py:2726} INFO - Sync 1 DAGs
[2023-06-03T20:25:44.667+0000] {logging_mixin.py:149} INFO - [2023-06-03T20:25:44.667+0000] {dag.py:3490} INFO - Setting next_dagrun for example_branch_operator to 2023-06-02T00:00:00+00:00, run_after=2023-06-03T00:00:00+00:00
[2023-06-03T20:25:44.688+0000] {processor.py:179} INFO - Processing /home/airflow/.local/lib/python3.7/site-packages/airflow/example_dags/example_branch_operator.py took 0.069 seconds
[2023-06-03T20:26:15.354+0000] {processor.py:157} INFO - Started process (PID=589) to work on /home/airflow/.local/lib/python3.7/site-packages/airflow/example_dags/example_branch_operator.py
[2023-06-03T20:26:15.356+0000] {processor.py:826} INFO - Processing file /home/airflow/.local/lib/python3.7/site-packages/airflow/example_dags/example_branch_operator.py for tasks to queue
[2023-06-03T20:26:15.357+0000] {logging_mixin.py:149} INFO - [2023-06-03T20:26:15.357+0000] {dagbag.py:541} INFO - Filling up the DagBag from /home/airflow/.local/lib/python3.7/site-packages/airflow/example_dags/example_branch_operator.py
[2023-06-03T20:26:15.364+0000] {processor.py:836} INFO - DAG(s) dict_keys(['example_branch_operator']) retrieved from /home/airflow/.local/lib/python3.7/site-packages/airflow/example_dags/example_branch_operator.py
[2023-06-03T20:26:15.451+0000] {logging_mixin.py:149} INFO - [2023-06-03T20:26:15.451+0000] {dag.py:2726} INFO - Sync 1 DAGs
[2023-06-03T20:26:15.467+0000] {logging_mixin.py:149} INFO - [2023-06-03T20:26:15.467+0000] {dag.py:3490} INFO - Setting next_dagrun for example_branch_operator to 2023-06-02T00:00:00+00:00, run_after=2023-06-03T00:00:00+00:00
[2023-06-03T20:26:15.484+0000] {processor.py:179} INFO - Processing /home/airflow/.local/lib/python3.7/site-packages/airflow/example_dags/example_branch_operator.py took 0.132 seconds
[2023-06-03T20:26:45.875+0000] {processor.py:157} INFO - Started process (PID=841) to work on /home/airflow/.local/lib/python3.7/site-packages/airflow/example_dags/example_branch_operator.py
[2023-06-03T20:26:45.876+0000] {processor.py:826} INFO - Processing file /home/airflow/.local/lib/python3.7/site-packages/airflow/example_dags/example_branch_operator.py for tasks to queue
[2023-06-03T20:26:45.877+0000] {logging_mixin.py:149} INFO - [2023-06-03T20:26:45.877+0000] {dagbag.py:541} INFO - Filling up the DagBag from /home/airflow/.local/lib/python3.7/site-packages/airflow/example_dags/example_branch_operator.py
[2023-06-03T20:26:45.884+0000] {processor.py:836} INFO - DAG(s) dict_keys(['example_branch_operator']) retrieved from /home/airflow/.local/lib/python3.7/site-packages/airflow/example_dags/example_branch_operator.py
[2023-06-03T20:26:45.904+0000] {logging_mixin.py:149} INFO - [2023-06-03T20:26:45.904+0000] {dag.py:2726} INFO - Sync 1 DAGs
[2023-06-03T20:26:45.925+0000] {logging_mixin.py:149} INFO - [2023-06-03T20:26:45.925+0000] {dag.py:3490} INFO - Setting next_dagrun for example_branch_operator to 2023-06-02T00:00:00+00:00, run_after=2023-06-03T00:00:00+00:00
[2023-06-03T20:26:45.939+0000] {processor.py:179} INFO - Processing /home/airflow/.local/lib/python3.7/site-packages/airflow/example_dags/example_branch_operator.py took 0.067 seconds
[2023-06-03T20:27:16.461+0000] {processor.py:157} INFO - Started process (PID=1095) to work on /home/airflow/.local/lib/python3.7/site-packages/airflow/example_dags/example_branch_operator.py
[2023-06-03T20:27:16.462+0000] {processor.py:826} INFO - Processing file /home/airflow/.local/lib/python3.7/site-packages/airflow/example_dags/example_branch_operator.py for tasks to queue
[2023-06-03T20:27:16.463+0000] {logging_mixin.py:149} INFO - [2023-06-03T20:27:16.463+0000] {dagbag.py:541} INFO - Filling up the DagBag from /home/airflow/.local/lib/python3.7/site-packages/airflow/example_dags/example_branch_operator.py
[2023-06-03T20:27:16.469+0000] {processor.py:836} INFO - DAG(s) dict_keys(['example_branch_operator']) retrieved from /home/airflow/.local/lib/python3.7/site-packages/airflow/example_dags/example_branch_operator.py
[2023-06-03T20:27:16.487+0000] {logging_mixin.py:149} INFO - [2023-06-03T20:27:16.487+0000] {dag.py:2726} INFO - Sync 1 DAGs
[2023-06-03T20:27:16.506+0000] {logging_mixin.py:149} INFO - [2023-06-03T20:27:16.506+0000] {dag.py:3490} INFO - Setting next_dagrun for example_branch_operator to 2023-06-02T00:00:00+00:00, run_after=2023-06-03T00:00:00+00:00
[2023-06-03T20:27:16.524+0000] {processor.py:179} INFO - Processing /home/airflow/.local/lib/python3.7/site-packages/airflow/example_dags/example_branch_operator.py took 0.065 seconds
[2023-06-03T20:27:47.537+0000] {processor.py:157} INFO - Started process (PID=1347) to work on /home/airflow/.local/lib/python3.7/site-packages/airflow/example_dags/example_branch_operator.py
[2023-06-03T20:27:47.538+0000] {processor.py:826} INFO - Processing file /home/airflow/.local/lib/python3.7/site-packages/airflow/example_dags/example_branch_operator.py for tasks to queue
[2023-06-03T20:27:47.539+0000] {logging_mixin.py:149} INFO - [2023-06-03T20:27:47.539+0000] {dagbag.py:541} INFO - Filling up the DagBag from /home/airflow/.local/lib/python3.7/site-packages/airflow/example_dags/example_branch_operator.py
[2023-06-03T20:27:47.546+0000] {processor.py:836} INFO - DAG(s) dict_keys(['example_branch_operator']) retrieved from /home/airflow/.local/lib/python3.7/site-packages/airflow/example_dags/example_branch_operator.py
[2023-06-03T20:27:47.564+0000] {logging_mixin.py:149} INFO - [2023-06-03T20:27:47.564+0000] {dag.py:2726} INFO - Sync 1 DAGs
[2023-06-03T20:27:47.583+0000] {logging_mixin.py:149} INFO - [2023-06-03T20:27:47.582+0000] {dag.py:3490} INFO - Setting next_dagrun for example_branch_operator to 2023-06-02T00:00:00+00:00, run_after=2023-06-03T00:00:00+00:00
[2023-06-03T20:27:47.599+0000] {processor.py:179} INFO - Processing /home/airflow/.local/lib/python3.7/site-packages/airflow/example_dags/example_branch_operator.py took 0.064 seconds
[2023-06-03T20:28:18.070+0000] {processor.py:157} INFO - Started process (PID=1600) to work on /home/airflow/.local/lib/python3.7/site-packages/airflow/example_dags/example_branch_operator.py
[2023-06-03T20:28:18.071+0000] {processor.py:826} INFO - Processing file /home/airflow/.local/lib/python3.7/site-packages/airflow/example_dags/example_branch_operator.py for tasks to queue
[2023-06-03T20:28:18.072+0000] {logging_mixin.py:149} INFO - [2023-06-03T20:28:18.072+0000] {dagbag.py:541} INFO - Filling up the DagBag from /home/airflow/.local/lib/python3.7/site-packages/airflow/example_dags/example_branch_operator.py
[2023-06-03T20:28:18.078+0000] {processor.py:836} INFO - DAG(s) dict_keys(['example_branch_operator']) retrieved from /home/airflow/.local/lib/python3.7/site-packages/airflow/example_dags/example_branch_operator.py
[2023-06-03T20:28:18.096+0000] {logging_mixin.py:149} INFO - [2023-06-03T20:28:18.096+0000] {dag.py:2726} INFO - Sync 1 DAGs
[2023-06-03T20:28:18.119+0000] {logging_mixin.py:149} INFO - [2023-06-03T20:28:18.118+0000] {dag.py:3490} INFO - Setting next_dagrun for example_branch_operator to 2023-06-02T00:00:00+00:00, run_after=2023-06-03T00:00:00+00:00
[2023-06-03T20:28:18.138+0000] {processor.py:179} INFO - Processing /home/airflow/.local/lib/python3.7/site-packages/airflow/example_dags/example_branch_operator.py took 0.070 seconds
[2023-06-03T20:28:48.240+0000] {processor.py:157} INFO - Started process (PID=1852) to work on /home/airflow/.local/lib/python3.7/site-packages/airflow/example_dags/example_branch_operator.py
[2023-06-03T20:28:48.241+0000] {processor.py:826} INFO - Processing file /home/airflow/.local/lib/python3.7/site-packages/airflow/example_dags/example_branch_operator.py for tasks to queue
[2023-06-03T20:28:48.243+0000] {logging_mixin.py:149} INFO - [2023-06-03T20:28:48.243+0000] {dagbag.py:541} INFO - Filling up the DagBag from /home/airflow/.local/lib/python3.7/site-packages/airflow/example_dags/example_branch_operator.py
[2023-06-03T20:28:48.249+0000] {processor.py:836} INFO - DAG(s) dict_keys(['example_branch_operator']) retrieved from /home/airflow/.local/lib/python3.7/site-packages/airflow/example_dags/example_branch_operator.py
[2023-06-03T20:28:48.267+0000] {logging_mixin.py:149} INFO - [2023-06-03T20:28:48.267+0000] {dag.py:2726} INFO - Sync 1 DAGs
[2023-06-03T20:28:48.285+0000] {logging_mixin.py:149} INFO - [2023-06-03T20:28:48.285+0000] {dag.py:3490} INFO - Setting next_dagrun for example_branch_operator to 2023-06-02T00:00:00+00:00, run_after=2023-06-03T00:00:00+00:00
[2023-06-03T20:28:48.310+0000] {processor.py:179} INFO - Processing /home/airflow/.local/lib/python3.7/site-packages/airflow/example_dags/example_branch_operator.py took 0.071 seconds
[2023-06-03T20:29:18.511+0000] {processor.py:157} INFO - Started process (PID=2102) to work on /home/airflow/.local/lib/python3.7/site-packages/airflow/example_dags/example_branch_operator.py
[2023-06-03T20:29:18.512+0000] {processor.py:826} INFO - Processing file /home/airflow/.local/lib/python3.7/site-packages/airflow/example_dags/example_branch_operator.py for tasks to queue
[2023-06-03T20:29:18.513+0000] {logging_mixin.py:149} INFO - [2023-06-03T20:29:18.513+0000] {dagbag.py:541} INFO - Filling up the DagBag from /home/airflow/.local/lib/python3.7/site-packages/airflow/example_dags/example_branch_operator.py
[2023-06-03T20:29:18.520+0000] {processor.py:836} INFO - DAG(s) dict_keys(['example_branch_operator']) retrieved from /home/airflow/.local/lib/python3.7/site-packages/airflow/example_dags/example_branch_operator.py
[2023-06-03T20:29:18.539+0000] {logging_mixin.py:149} INFO - [2023-06-03T20:29:18.539+0000] {dag.py:2726} INFO - Sync 1 DAGs
[2023-06-03T20:29:18.557+0000] {logging_mixin.py:149} INFO - [2023-06-03T20:29:18.557+0000] {dag.py:3490} INFO - Setting next_dagrun for example_branch_operator to 2023-06-02T00:00:00+00:00, run_after=2023-06-03T00:00:00+00:00
[2023-06-03T20:29:18.572+0000] {processor.py:179} INFO - Processing /home/airflow/.local/lib/python3.7/site-packages/airflow/example_dags/example_branch_operator.py took 0.063 seconds
[2023-06-03T20:29:48.739+0000] {processor.py:157} INFO - Started process (PID=2351) to work on /home/airflow/.local/lib/python3.7/site-packages/airflow/example_dags/example_branch_operator.py
[2023-06-03T20:29:48.741+0000] {processor.py:826} INFO - Processing file /home/airflow/.local/lib/python3.7/site-packages/airflow/example_dags/example_branch_operator.py for tasks to queue
[2023-06-03T20:29:48.742+0000] {logging_mixin.py:149} INFO - [2023-06-03T20:29:48.742+0000] {dagbag.py:541} INFO - Filling up the DagBag from /home/airflow/.local/lib/python3.7/site-packages/airflow/example_dags/example_branch_operator.py
[2023-06-03T20:29:48.749+0000] {processor.py:836} INFO - DAG(s) dict_keys(['example_branch_operator']) retrieved from /home/airflow/.local/lib/python3.7/site-packages/airflow/example_dags/example_branch_operator.py
[2023-06-03T20:29:48.769+0000] {logging_mixin.py:149} INFO - [2023-06-03T20:29:48.769+0000] {dag.py:2726} INFO - Sync 1 DAGs
[2023-06-03T20:29:48.791+0000] {logging_mixin.py:149} INFO - [2023-06-03T20:29:48.790+0000] {dag.py:3490} INFO - Setting next_dagrun for example_branch_operator to 2023-06-02T00:00:00+00:00, run_after=2023-06-03T00:00:00+00:00
[2023-06-03T20:29:48.808+0000] {processor.py:179} INFO - Processing /home/airflow/.local/lib/python3.7/site-packages/airflow/example_dags/example_branch_operator.py took 0.070 seconds
[2023-06-03T20:30:19.644+0000] {processor.py:157} INFO - Started process (PID=2606) to work on /home/airflow/.local/lib/python3.7/site-packages/airflow/example_dags/example_branch_operator.py
[2023-06-03T20:30:19.645+0000] {processor.py:826} INFO - Processing file /home/airflow/.local/lib/python3.7/site-packages/airflow/example_dags/example_branch_operator.py for tasks to queue
[2023-06-03T20:30:19.646+0000] {logging_mixin.py:149} INFO - [2023-06-03T20:30:19.645+0000] {dagbag.py:541} INFO - Filling up the DagBag from /home/airflow/.local/lib/python3.7/site-packages/airflow/example_dags/example_branch_operator.py
[2023-06-03T20:30:19.653+0000] {processor.py:836} INFO - DAG(s) dict_keys(['example_branch_operator']) retrieved from /home/airflow/.local/lib/python3.7/site-packages/airflow/example_dags/example_branch_operator.py
[2023-06-03T20:30:19.672+0000] {logging_mixin.py:149} INFO - [2023-06-03T20:30:19.672+0000] {dag.py:2726} INFO - Sync 1 DAGs
[2023-06-03T20:30:19.690+0000] {logging_mixin.py:149} INFO - [2023-06-03T20:30:19.690+0000] {dag.py:3490} INFO - Setting next_dagrun for example_branch_operator to 2023-06-02T00:00:00+00:00, run_after=2023-06-03T00:00:00+00:00
[2023-06-03T20:30:19.707+0000] {processor.py:179} INFO - Processing /home/airflow/.local/lib/python3.7/site-packages/airflow/example_dags/example_branch_operator.py took 0.065 seconds
[2023-06-03T20:30:50.347+0000] {processor.py:157} INFO - Started process (PID=2860) to work on /home/airflow/.local/lib/python3.7/site-packages/airflow/example_dags/example_branch_operator.py
[2023-06-03T20:30:50.348+0000] {processor.py:826} INFO - Processing file /home/airflow/.local/lib/python3.7/site-packages/airflow/example_dags/example_branch_operator.py for tasks to queue
[2023-06-03T20:30:50.349+0000] {logging_mixin.py:149} INFO - [2023-06-03T20:30:50.349+0000] {dagbag.py:541} INFO - Filling up the DagBag from /home/airflow/.local/lib/python3.7/site-packages/airflow/example_dags/example_branch_operator.py
[2023-06-03T20:30:50.357+0000] {processor.py:836} INFO - DAG(s) dict_keys(['example_branch_operator']) retrieved from /home/airflow/.local/lib/python3.7/site-packages/airflow/example_dags/example_branch_operator.py
[2023-06-03T20:30:50.377+0000] {logging_mixin.py:149} INFO - [2023-06-03T20:30:50.377+0000] {dag.py:2726} INFO - Sync 1 DAGs
[2023-06-03T20:30:50.396+0000] {logging_mixin.py:149} INFO - [2023-06-03T20:30:50.396+0000] {dag.py:3490} INFO - Setting next_dagrun for example_branch_operator to 2023-06-02T00:00:00+00:00, run_after=2023-06-03T00:00:00+00:00
[2023-06-03T20:30:50.414+0000] {processor.py:179} INFO - Processing /home/airflow/.local/lib/python3.7/site-packages/airflow/example_dags/example_branch_operator.py took 0.069 seconds
[2023-06-03T20:31:20.689+0000] {processor.py:157} INFO - Started process (PID=3112) to work on /home/airflow/.local/lib/python3.7/site-packages/airflow/example_dags/example_branch_operator.py
[2023-06-03T20:31:20.690+0000] {processor.py:826} INFO - Processing file /home/airflow/.local/lib/python3.7/site-packages/airflow/example_dags/example_branch_operator.py for tasks to queue
[2023-06-03T20:31:20.691+0000] {logging_mixin.py:149} INFO - [2023-06-03T20:31:20.691+0000] {dagbag.py:541} INFO - Filling up the DagBag from /home/airflow/.local/lib/python3.7/site-packages/airflow/example_dags/example_branch_operator.py
[2023-06-03T20:31:20.698+0000] {processor.py:836} INFO - DAG(s) dict_keys(['example_branch_operator']) retrieved from /home/airflow/.local/lib/python3.7/site-packages/airflow/example_dags/example_branch_operator.py
[2023-06-03T20:31:20.717+0000] {logging_mixin.py:149} INFO - [2023-06-03T20:31:20.717+0000] {dag.py:2726} INFO - Sync 1 DAGs
[2023-06-03T20:31:20.737+0000] {logging_mixin.py:149} INFO - [2023-06-03T20:31:20.736+0000] {dag.py:3490} INFO - Setting next_dagrun for example_branch_operator to 2023-06-02T00:00:00+00:00, run_after=2023-06-03T00:00:00+00:00
[2023-06-03T20:31:20.756+0000] {processor.py:179} INFO - Processing /home/airflow/.local/lib/python3.7/site-packages/airflow/example_dags/example_branch_operator.py took 0.069 seconds
[2023-06-03T20:31:50.919+0000] {processor.py:157} INFO - Started process (PID=3364) to work on /home/airflow/.local/lib/python3.7/site-packages/airflow/example_dags/example_branch_operator.py
[2023-06-03T20:31:50.920+0000] {processor.py:826} INFO - Processing file /home/airflow/.local/lib/python3.7/site-packages/airflow/example_dags/example_branch_operator.py for tasks to queue
[2023-06-03T20:31:50.921+0000] {logging_mixin.py:149} INFO - [2023-06-03T20:31:50.921+0000] {dagbag.py:541} INFO - Filling up the DagBag from /home/airflow/.local/lib/python3.7/site-packages/airflow/example_dags/example_branch_operator.py
[2023-06-03T20:31:50.928+0000] {processor.py:836} INFO - DAG(s) dict_keys(['example_branch_operator']) retrieved from /home/airflow/.local/lib/python3.7/site-packages/airflow/example_dags/example_branch_operator.py
[2023-06-03T20:31:50.946+0000] {logging_mixin.py:149} INFO - [2023-06-03T20:31:50.946+0000] {dag.py:2726} INFO - Sync 1 DAGs
[2023-06-03T20:31:50.964+0000] {logging_mixin.py:149} INFO - [2023-06-03T20:31:50.964+0000] {dag.py:3490} INFO - Setting next_dagrun for example_branch_operator to 2023-06-02T00:00:00+00:00, run_after=2023-06-03T00:00:00+00:00
[2023-06-03T20:31:50.980+0000] {processor.py:179} INFO - Processing /home/airflow/.local/lib/python3.7/site-packages/airflow/example_dags/example_branch_operator.py took 0.063 seconds
[2023-06-03T20:32:21.117+0000] {processor.py:157} INFO - Started process (PID=3752) to work on /home/airflow/.local/lib/python3.7/site-packages/airflow/example_dags/example_branch_operator.py
[2023-06-03T20:32:21.118+0000] {processor.py:826} INFO - Processing file /home/airflow/.local/lib/python3.7/site-packages/airflow/example_dags/example_branch_operator.py for tasks to queue
[2023-06-03T20:32:21.119+0000] {logging_mixin.py:149} INFO - [2023-06-03T20:32:21.119+0000] {dagbag.py:541} INFO - Filling up the DagBag from /home/airflow/.local/lib/python3.7/site-packages/airflow/example_dags/example_branch_operator.py
[2023-06-03T20:32:21.126+0000] {processor.py:836} INFO - DAG(s) dict_keys(['example_branch_operator']) retrieved from /home/airflow/.local/lib/python3.7/site-packages/airflow/example_dags/example_branch_operator.py
[2023-06-03T20:32:21.145+0000] {logging_mixin.py:149} INFO - [2023-06-03T20:32:21.145+0000] {dag.py:2726} INFO - Sync 1 DAGs
[2023-06-03T20:32:21.164+0000] {logging_mixin.py:149} INFO - [2023-06-03T20:32:21.163+0000] {dag.py:3490} INFO - Setting next_dagrun for example_branch_operator to 2023-06-02T00:00:00+00:00, run_after=2023-06-03T00:00:00+00:00
[2023-06-03T20:32:21.181+0000] {processor.py:179} INFO - Processing /home/airflow/.local/lib/python3.7/site-packages/airflow/example_dags/example_branch_operator.py took 0.066 seconds
[2023-06-03T20:32:52.272+0000] {processor.py:157} INFO - Started process (PID=4004) to work on /home/airflow/.local/lib/python3.7/site-packages/airflow/example_dags/example_branch_operator.py
[2023-06-03T20:32:52.273+0000] {processor.py:826} INFO - Processing file /home/airflow/.local/lib/python3.7/site-packages/airflow/example_dags/example_branch_operator.py for tasks to queue
[2023-06-03T20:32:52.275+0000] {logging_mixin.py:149} INFO - [2023-06-03T20:32:52.274+0000] {dagbag.py:541} INFO - Filling up the DagBag from /home/airflow/.local/lib/python3.7/site-packages/airflow/example_dags/example_branch_operator.py
[2023-06-03T20:32:52.282+0000] {processor.py:836} INFO - DAG(s) dict_keys(['example_branch_operator']) retrieved from /home/airflow/.local/lib/python3.7/site-packages/airflow/example_dags/example_branch_operator.py
[2023-06-03T20:32:52.302+0000] {logging_mixin.py:149} INFO - [2023-06-03T20:32:52.302+0000] {dag.py:2726} INFO - Sync 1 DAGs
[2023-06-03T20:32:52.320+0000] {logging_mixin.py:149} INFO - [2023-06-03T20:32:52.320+0000] {dag.py:3490} INFO - Setting next_dagrun for example_branch_operator to 2023-06-02T00:00:00+00:00, run_after=2023-06-03T00:00:00+00:00
[2023-06-03T20:32:52.337+0000] {processor.py:179} INFO - Processing /home/airflow/.local/lib/python3.7/site-packages/airflow/example_dags/example_branch_operator.py took 0.068 seconds
[2023-06-03T20:33:22.838+0000] {processor.py:157} INFO - Started process (PID=4256) to work on /home/airflow/.local/lib/python3.7/site-packages/airflow/example_dags/example_branch_operator.py
[2023-06-03T20:33:22.840+0000] {processor.py:826} INFO - Processing file /home/airflow/.local/lib/python3.7/site-packages/airflow/example_dags/example_branch_operator.py for tasks to queue
[2023-06-03T20:33:22.841+0000] {logging_mixin.py:149} INFO - [2023-06-03T20:33:22.841+0000] {dagbag.py:541} INFO - Filling up the DagBag from /home/airflow/.local/lib/python3.7/site-packages/airflow/example_dags/example_branch_operator.py
[2023-06-03T20:33:22.848+0000] {processor.py:836} INFO - DAG(s) dict_keys(['example_branch_operator']) retrieved from /home/airflow/.local/lib/python3.7/site-packages/airflow/example_dags/example_branch_operator.py
[2023-06-03T20:33:22.871+0000] {logging_mixin.py:149} INFO - [2023-06-03T20:33:22.870+0000] {dag.py:2726} INFO - Sync 1 DAGs
[2023-06-03T20:33:22.891+0000] {logging_mixin.py:149} INFO - [2023-06-03T20:33:22.891+0000] {dag.py:3490} INFO - Setting next_dagrun for example_branch_operator to 2023-06-02T00:00:00+00:00, run_after=2023-06-03T00:00:00+00:00
[2023-06-03T20:33:22.908+0000] {processor.py:179} INFO - Processing /home/airflow/.local/lib/python3.7/site-packages/airflow/example_dags/example_branch_operator.py took 0.071 seconds
[2023-06-03T20:33:53.556+0000] {processor.py:157} INFO - Started process (PID=4508) to work on /home/airflow/.local/lib/python3.7/site-packages/airflow/example_dags/example_branch_operator.py
[2023-06-03T20:33:53.557+0000] {processor.py:826} INFO - Processing file /home/airflow/.local/lib/python3.7/site-packages/airflow/example_dags/example_branch_operator.py for tasks to queue
[2023-06-03T20:33:53.558+0000] {logging_mixin.py:149} INFO - [2023-06-03T20:33:53.558+0000] {dagbag.py:541} INFO - Filling up the DagBag from /home/airflow/.local/lib/python3.7/site-packages/airflow/example_dags/example_branch_operator.py
[2023-06-03T20:33:53.565+0000] {processor.py:836} INFO - DAG(s) dict_keys(['example_branch_operator']) retrieved from /home/airflow/.local/lib/python3.7/site-packages/airflow/example_dags/example_branch_operator.py
[2023-06-03T20:33:53.582+0000] {logging_mixin.py:149} INFO - [2023-06-03T20:33:53.581+0000] {dag.py:2726} INFO - Sync 1 DAGs
[2023-06-03T20:33:53.600+0000] {logging_mixin.py:149} INFO - [2023-06-03T20:33:53.600+0000] {dag.py:3490} INFO - Setting next_dagrun for example_branch_operator to 2023-06-02T00:00:00+00:00, run_after=2023-06-03T00:00:00+00:00
[2023-06-03T20:33:53.616+0000] {processor.py:179} INFO - Processing /home/airflow/.local/lib/python3.7/site-packages/airflow/example_dags/example_branch_operator.py took 0.061 seconds
[2023-06-03T20:34:24.018+0000] {processor.py:157} INFO - Started process (PID=4760) to work on /home/airflow/.local/lib/python3.7/site-packages/airflow/example_dags/example_branch_operator.py
[2023-06-03T20:34:24.019+0000] {processor.py:826} INFO - Processing file /home/airflow/.local/lib/python3.7/site-packages/airflow/example_dags/example_branch_operator.py for tasks to queue
[2023-06-03T20:34:24.019+0000] {logging_mixin.py:149} INFO - [2023-06-03T20:34:24.019+0000] {dagbag.py:541} INFO - Filling up the DagBag from /home/airflow/.local/lib/python3.7/site-packages/airflow/example_dags/example_branch_operator.py
[2023-06-03T20:34:24.026+0000] {processor.py:836} INFO - DAG(s) dict_keys(['example_branch_operator']) retrieved from /home/airflow/.local/lib/python3.7/site-packages/airflow/example_dags/example_branch_operator.py
[2023-06-03T20:34:24.043+0000] {logging_mixin.py:149} INFO - [2023-06-03T20:34:24.043+0000] {dag.py:2726} INFO - Sync 1 DAGs
[2023-06-03T20:34:24.061+0000] {logging_mixin.py:149} INFO - [2023-06-03T20:34:24.061+0000] {dag.py:3490} INFO - Setting next_dagrun for example_branch_operator to 2023-06-02T00:00:00+00:00, run_after=2023-06-03T00:00:00+00:00
[2023-06-03T20:34:24.076+0000] {processor.py:179} INFO - Processing /home/airflow/.local/lib/python3.7/site-packages/airflow/example_dags/example_branch_operator.py took 0.061 seconds
[2023-06-03T20:34:54.414+0000] {processor.py:157} INFO - Started process (PID=5012) to work on /home/airflow/.local/lib/python3.7/site-packages/airflow/example_dags/example_branch_operator.py
[2023-06-03T20:34:54.416+0000] {processor.py:826} INFO - Processing file /home/airflow/.local/lib/python3.7/site-packages/airflow/example_dags/example_branch_operator.py for tasks to queue
[2023-06-03T20:34:54.417+0000] {logging_mixin.py:149} INFO - [2023-06-03T20:34:54.417+0000] {dagbag.py:541} INFO - Filling up the DagBag from /home/airflow/.local/lib/python3.7/site-packages/airflow/example_dags/example_branch_operator.py
[2023-06-03T20:34:54.425+0000] {processor.py:836} INFO - DAG(s) dict_keys(['example_branch_operator']) retrieved from /home/airflow/.local/lib/python3.7/site-packages/airflow/example_dags/example_branch_operator.py
[2023-06-03T20:34:54.447+0000] {logging_mixin.py:149} INFO - [2023-06-03T20:34:54.447+0000] {dag.py:2726} INFO - Sync 1 DAGs
[2023-06-03T20:34:54.469+0000] {logging_mixin.py:149} INFO - [2023-06-03T20:34:54.468+0000] {dag.py:3490} INFO - Setting next_dagrun for example_branch_operator to 2023-06-02T00:00:00+00:00, run_after=2023-06-03T00:00:00+00:00
[2023-06-03T20:34:54.488+0000] {processor.py:179} INFO - Processing /home/airflow/.local/lib/python3.7/site-packages/airflow/example_dags/example_branch_operator.py took 0.076 seconds
[2023-06-03T20:35:25.064+0000] {processor.py:157} INFO - Started process (PID=5266) to work on /home/airflow/.local/lib/python3.7/site-packages/airflow/example_dags/example_branch_operator.py
[2023-06-03T20:35:25.066+0000] {processor.py:826} INFO - Processing file /home/airflow/.local/lib/python3.7/site-packages/airflow/example_dags/example_branch_operator.py for tasks to queue
[2023-06-03T20:35:25.068+0000] {logging_mixin.py:149} INFO - [2023-06-03T20:35:25.068+0000] {dagbag.py:541} INFO - Filling up the DagBag from /home/airflow/.local/lib/python3.7/site-packages/airflow/example_dags/example_branch_operator.py
[2023-06-03T20:35:25.077+0000] {processor.py:836} INFO - DAG(s) dict_keys(['example_branch_operator']) retrieved from /home/airflow/.local/lib/python3.7/site-packages/airflow/example_dags/example_branch_operator.py
[2023-06-03T20:35:25.096+0000] {logging_mixin.py:149} INFO - [2023-06-03T20:35:25.096+0000] {dag.py:2726} INFO - Sync 1 DAGs
[2023-06-03T20:35:25.114+0000] {logging_mixin.py:149} INFO - [2023-06-03T20:35:25.114+0000] {dag.py:3490} INFO - Setting next_dagrun for example_branch_operator to 2023-06-02T00:00:00+00:00, run_after=2023-06-03T00:00:00+00:00
[2023-06-03T20:35:25.129+0000] {processor.py:179} INFO - Processing /home/airflow/.local/lib/python3.7/site-packages/airflow/example_dags/example_branch_operator.py took 0.068 seconds
[2023-06-03T20:35:55.841+0000] {processor.py:157} INFO - Started process (PID=5516) to work on /home/airflow/.local/lib/python3.7/site-packages/airflow/example_dags/example_branch_operator.py
[2023-06-03T20:35:55.842+0000] {processor.py:826} INFO - Processing file /home/airflow/.local/lib/python3.7/site-packages/airflow/example_dags/example_branch_operator.py for tasks to queue
[2023-06-03T20:35:55.843+0000] {logging_mixin.py:149} INFO - [2023-06-03T20:35:55.843+0000] {dagbag.py:541} INFO - Filling up the DagBag from /home/airflow/.local/lib/python3.7/site-packages/airflow/example_dags/example_branch_operator.py
[2023-06-03T20:35:55.850+0000] {processor.py:836} INFO - DAG(s) dict_keys(['example_branch_operator']) retrieved from /home/airflow/.local/lib/python3.7/site-packages/airflow/example_dags/example_branch_operator.py
[2023-06-03T20:35:55.873+0000] {logging_mixin.py:149} INFO - [2023-06-03T20:35:55.873+0000] {dag.py:2726} INFO - Sync 1 DAGs
[2023-06-03T20:35:55.892+0000] {logging_mixin.py:149} INFO - [2023-06-03T20:35:55.892+0000] {dag.py:3490} INFO - Setting next_dagrun for example_branch_operator to 2023-06-02T00:00:00+00:00, run_after=2023-06-03T00:00:00+00:00
[2023-06-03T20:35:55.908+0000] {processor.py:179} INFO - Processing /home/airflow/.local/lib/python3.7/site-packages/airflow/example_dags/example_branch_operator.py took 0.069 seconds
[2023-06-03T20:36:26.348+0000] {processor.py:157} INFO - Started process (PID=5768) to work on /home/airflow/.local/lib/python3.7/site-packages/airflow/example_dags/example_branch_operator.py
[2023-06-03T20:36:26.349+0000] {processor.py:826} INFO - Processing file /home/airflow/.local/lib/python3.7/site-packages/airflow/example_dags/example_branch_operator.py for tasks to queue
[2023-06-03T20:36:26.351+0000] {logging_mixin.py:149} INFO - [2023-06-03T20:36:26.351+0000] {dagbag.py:541} INFO - Filling up the DagBag from /home/airflow/.local/lib/python3.7/site-packages/airflow/example_dags/example_branch_operator.py
[2023-06-03T20:36:26.358+0000] {processor.py:836} INFO - DAG(s) dict_keys(['example_branch_operator']) retrieved from /home/airflow/.local/lib/python3.7/site-packages/airflow/example_dags/example_branch_operator.py
[2023-06-03T20:36:26.377+0000] {logging_mixin.py:149} INFO - [2023-06-03T20:36:26.377+0000] {dag.py:2726} INFO - Sync 1 DAGs
[2023-06-03T20:36:26.396+0000] {logging_mixin.py:149} INFO - [2023-06-03T20:36:26.395+0000] {dag.py:3490} INFO - Setting next_dagrun for example_branch_operator to 2023-06-02T00:00:00+00:00, run_after=2023-06-03T00:00:00+00:00
[2023-06-03T20:36:26.412+0000] {processor.py:179} INFO - Processing /home/airflow/.local/lib/python3.7/site-packages/airflow/example_dags/example_branch_operator.py took 0.067 seconds
[2023-06-03T20:36:56.970+0000] {processor.py:157} INFO - Started process (PID=6020) to work on /home/airflow/.local/lib/python3.7/site-packages/airflow/example_dags/example_branch_operator.py
[2023-06-03T20:36:56.971+0000] {processor.py:826} INFO - Processing file /home/airflow/.local/lib/python3.7/site-packages/airflow/example_dags/example_branch_operator.py for tasks to queue
[2023-06-03T20:36:56.972+0000] {logging_mixin.py:149} INFO - [2023-06-03T20:36:56.972+0000] {dagbag.py:541} INFO - Filling up the DagBag from /home/airflow/.local/lib/python3.7/site-packages/airflow/example_dags/example_branch_operator.py
[2023-06-03T20:36:56.980+0000] {processor.py:836} INFO - DAG(s) dict_keys(['example_branch_operator']) retrieved from /home/airflow/.local/lib/python3.7/site-packages/airflow/example_dags/example_branch_operator.py
[2023-06-03T20:36:57.014+0000] {logging_mixin.py:149} INFO - [2023-06-03T20:36:57.014+0000] {dag.py:2726} INFO - Sync 1 DAGs
[2023-06-03T20:36:57.040+0000] {logging_mixin.py:149} INFO - [2023-06-03T20:36:57.040+0000] {dag.py:3490} INFO - Setting next_dagrun for example_branch_operator to 2023-06-02T00:00:00+00:00, run_after=2023-06-03T00:00:00+00:00
[2023-06-03T20:36:57.057+0000] {processor.py:179} INFO - Processing /home/airflow/.local/lib/python3.7/site-packages/airflow/example_dags/example_branch_operator.py took 0.089 seconds
[2023-06-03T20:37:27.680+0000] {processor.py:157} INFO - Started process (PID=6272) to work on /home/airflow/.local/lib/python3.7/site-packages/airflow/example_dags/example_branch_operator.py
[2023-06-03T20:37:27.682+0000] {processor.py:826} INFO - Processing file /home/airflow/.local/lib/python3.7/site-packages/airflow/example_dags/example_branch_operator.py for tasks to queue
[2023-06-03T20:37:27.683+0000] {logging_mixin.py:149} INFO - [2023-06-03T20:37:27.683+0000] {dagbag.py:541} INFO - Filling up the DagBag from /home/airflow/.local/lib/python3.7/site-packages/airflow/example_dags/example_branch_operator.py
[2023-06-03T20:37:27.690+0000] {processor.py:836} INFO - DAG(s) dict_keys(['example_branch_operator']) retrieved from /home/airflow/.local/lib/python3.7/site-packages/airflow/example_dags/example_branch_operator.py
[2023-06-03T20:37:27.710+0000] {logging_mixin.py:149} INFO - [2023-06-03T20:37:27.710+0000] {dag.py:2726} INFO - Sync 1 DAGs
[2023-06-03T20:37:27.729+0000] {logging_mixin.py:149} INFO - [2023-06-03T20:37:27.729+0000] {dag.py:3490} INFO - Setting next_dagrun for example_branch_operator to 2023-06-02T00:00:00+00:00, run_after=2023-06-03T00:00:00+00:00
[2023-06-03T20:37:27.747+0000] {processor.py:179} INFO - Processing /home/airflow/.local/lib/python3.7/site-packages/airflow/example_dags/example_branch_operator.py took 0.069 seconds
[2023-06-03T20:37:58.503+0000] {processor.py:157} INFO - Started process (PID=6526) to work on /home/airflow/.local/lib/python3.7/site-packages/airflow/example_dags/example_branch_operator.py
[2023-06-03T20:37:58.504+0000] {processor.py:826} INFO - Processing file /home/airflow/.local/lib/python3.7/site-packages/airflow/example_dags/example_branch_operator.py for tasks to queue
[2023-06-03T20:37:58.505+0000] {logging_mixin.py:149} INFO - [2023-06-03T20:37:58.505+0000] {dagbag.py:541} INFO - Filling up the DagBag from /home/airflow/.local/lib/python3.7/site-packages/airflow/example_dags/example_branch_operator.py
[2023-06-03T20:37:58.511+0000] {processor.py:836} INFO - DAG(s) dict_keys(['example_branch_operator']) retrieved from /home/airflow/.local/lib/python3.7/site-packages/airflow/example_dags/example_branch_operator.py
[2023-06-03T20:37:58.531+0000] {logging_mixin.py:149} INFO - [2023-06-03T20:37:58.531+0000] {dag.py:2726} INFO - Sync 1 DAGs
[2023-06-03T20:37:58.549+0000] {logging_mixin.py:149} INFO - [2023-06-03T20:37:58.548+0000] {dag.py:3490} INFO - Setting next_dagrun for example_branch_operator to 2023-06-02T00:00:00+00:00, run_after=2023-06-03T00:00:00+00:00
[2023-06-03T20:37:58.565+0000] {processor.py:179} INFO - Processing /home/airflow/.local/lib/python3.7/site-packages/airflow/example_dags/example_branch_operator.py took 0.064 seconds
[2023-06-03T20:38:28.714+0000] {processor.py:157} INFO - Started process (PID=6778) to work on /home/airflow/.local/lib/python3.7/site-packages/airflow/example_dags/example_branch_operator.py
[2023-06-03T20:38:28.715+0000] {processor.py:826} INFO - Processing file /home/airflow/.local/lib/python3.7/site-packages/airflow/example_dags/example_branch_operator.py for tasks to queue
[2023-06-03T20:38:28.716+0000] {logging_mixin.py:149} INFO - [2023-06-03T20:38:28.716+0000] {dagbag.py:541} INFO - Filling up the DagBag from /home/airflow/.local/lib/python3.7/site-packages/airflow/example_dags/example_branch_operator.py
[2023-06-03T20:38:28.723+0000] {processor.py:836} INFO - DAG(s) dict_keys(['example_branch_operator']) retrieved from /home/airflow/.local/lib/python3.7/site-packages/airflow/example_dags/example_branch_operator.py
[2023-06-03T20:38:28.740+0000] {logging_mixin.py:149} INFO - [2023-06-03T20:38:28.740+0000] {dag.py:2726} INFO - Sync 1 DAGs
[2023-06-03T20:38:28.757+0000] {logging_mixin.py:149} INFO - [2023-06-03T20:38:28.757+0000] {dag.py:3490} INFO - Setting next_dagrun for example_branch_operator to 2023-06-02T00:00:00+00:00, run_after=2023-06-03T00:00:00+00:00
[2023-06-03T20:38:28.775+0000] {processor.py:179} INFO - Processing /home/airflow/.local/lib/python3.7/site-packages/airflow/example_dags/example_branch_operator.py took 0.063 seconds
[2023-06-03T20:38:59.045+0000] {processor.py:157} INFO - Started process (PID=7030) to work on /home/airflow/.local/lib/python3.7/site-packages/airflow/example_dags/example_branch_operator.py
[2023-06-03T20:38:59.046+0000] {processor.py:826} INFO - Processing file /home/airflow/.local/lib/python3.7/site-packages/airflow/example_dags/example_branch_operator.py for tasks to queue
[2023-06-03T20:38:59.047+0000] {logging_mixin.py:149} INFO - [2023-06-03T20:38:59.047+0000] {dagbag.py:541} INFO - Filling up the DagBag from /home/airflow/.local/lib/python3.7/site-packages/airflow/example_dags/example_branch_operator.py
[2023-06-03T20:38:59.054+0000] {processor.py:836} INFO - DAG(s) dict_keys(['example_branch_operator']) retrieved from /home/airflow/.local/lib/python3.7/site-packages/airflow/example_dags/example_branch_operator.py
[2023-06-03T20:38:59.073+0000] {logging_mixin.py:149} INFO - [2023-06-03T20:38:59.073+0000] {dag.py:2726} INFO - Sync 1 DAGs
[2023-06-03T20:38:59.092+0000] {logging_mixin.py:149} INFO - [2023-06-03T20:38:59.092+0000] {dag.py:3490} INFO - Setting next_dagrun for example_branch_operator to 2023-06-02T00:00:00+00:00, run_after=2023-06-03T00:00:00+00:00
[2023-06-03T20:38:59.108+0000] {processor.py:179} INFO - Processing /home/airflow/.local/lib/python3.7/site-packages/airflow/example_dags/example_branch_operator.py took 0.065 seconds
[2023-06-03T20:39:29.253+0000] {processor.py:157} INFO - Started process (PID=7280) to work on /home/airflow/.local/lib/python3.7/site-packages/airflow/example_dags/example_branch_operator.py
[2023-06-03T20:39:29.255+0000] {processor.py:826} INFO - Processing file /home/airflow/.local/lib/python3.7/site-packages/airflow/example_dags/example_branch_operator.py for tasks to queue
[2023-06-03T20:39:29.256+0000] {logging_mixin.py:149} INFO - [2023-06-03T20:39:29.256+0000] {dagbag.py:541} INFO - Filling up the DagBag from /home/airflow/.local/lib/python3.7/site-packages/airflow/example_dags/example_branch_operator.py
[2023-06-03T20:39:29.263+0000] {processor.py:836} INFO - DAG(s) dict_keys(['example_branch_operator']) retrieved from /home/airflow/.local/lib/python3.7/site-packages/airflow/example_dags/example_branch_operator.py
[2023-06-03T20:39:29.282+0000] {logging_mixin.py:149} INFO - [2023-06-03T20:39:29.282+0000] {dag.py:2726} INFO - Sync 1 DAGs
[2023-06-03T20:39:29.301+0000] {logging_mixin.py:149} INFO - [2023-06-03T20:39:29.301+0000] {dag.py:3490} INFO - Setting next_dagrun for example_branch_operator to 2023-06-02T00:00:00+00:00, run_after=2023-06-03T00:00:00+00:00
[2023-06-03T20:39:29.318+0000] {processor.py:179} INFO - Processing /home/airflow/.local/lib/python3.7/site-packages/airflow/example_dags/example_branch_operator.py took 0.067 seconds
[2023-06-03T20:39:59.744+0000] {processor.py:157} INFO - Started process (PID=7534) to work on /home/airflow/.local/lib/python3.7/site-packages/airflow/example_dags/example_branch_operator.py
[2023-06-03T20:39:59.745+0000] {processor.py:826} INFO - Processing file /home/airflow/.local/lib/python3.7/site-packages/airflow/example_dags/example_branch_operator.py for tasks to queue
[2023-06-03T20:39:59.746+0000] {logging_mixin.py:149} INFO - [2023-06-03T20:39:59.746+0000] {dagbag.py:541} INFO - Filling up the DagBag from /home/airflow/.local/lib/python3.7/site-packages/airflow/example_dags/example_branch_operator.py
[2023-06-03T20:39:59.754+0000] {processor.py:836} INFO - DAG(s) dict_keys(['example_branch_operator']) retrieved from /home/airflow/.local/lib/python3.7/site-packages/airflow/example_dags/example_branch_operator.py
[2023-06-03T20:39:59.774+0000] {logging_mixin.py:149} INFO - [2023-06-03T20:39:59.774+0000] {dag.py:2726} INFO - Sync 1 DAGs
[2023-06-03T20:39:59.792+0000] {logging_mixin.py:149} INFO - [2023-06-03T20:39:59.792+0000] {dag.py:3490} INFO - Setting next_dagrun for example_branch_operator to 2023-06-02T00:00:00+00:00, run_after=2023-06-03T00:00:00+00:00
[2023-06-03T20:39:59.811+0000] {processor.py:179} INFO - Processing /home/airflow/.local/lib/python3.7/site-packages/airflow/example_dags/example_branch_operator.py took 0.069 seconds
[2023-06-03T20:40:29.956+0000] {processor.py:157} INFO - Started process (PID=7789) to work on /home/airflow/.local/lib/python3.7/site-packages/airflow/example_dags/example_branch_operator.py
[2023-06-03T20:40:29.957+0000] {processor.py:826} INFO - Processing file /home/airflow/.local/lib/python3.7/site-packages/airflow/example_dags/example_branch_operator.py for tasks to queue
[2023-06-03T20:40:29.958+0000] {logging_mixin.py:149} INFO - [2023-06-03T20:40:29.958+0000] {dagbag.py:541} INFO - Filling up the DagBag from /home/airflow/.local/lib/python3.7/site-packages/airflow/example_dags/example_branch_operator.py
[2023-06-03T20:40:29.965+0000] {processor.py:836} INFO - DAG(s) dict_keys(['example_branch_operator']) retrieved from /home/airflow/.local/lib/python3.7/site-packages/airflow/example_dags/example_branch_operator.py
[2023-06-03T20:40:29.986+0000] {logging_mixin.py:149} INFO - [2023-06-03T20:40:29.985+0000] {dag.py:2726} INFO - Sync 1 DAGs
[2023-06-03T20:40:30.010+0000] {logging_mixin.py:149} INFO - [2023-06-03T20:40:30.009+0000] {dag.py:3490} INFO - Setting next_dagrun for example_branch_operator to 2023-06-02T00:00:00+00:00, run_after=2023-06-03T00:00:00+00:00
[2023-06-03T20:40:30.026+0000] {processor.py:179} INFO - Processing /home/airflow/.local/lib/python3.7/site-packages/airflow/example_dags/example_branch_operator.py took 0.073 seconds
[2023-06-03T20:41:00.841+0000] {processor.py:157} INFO - Started process (PID=8036) to work on /home/airflow/.local/lib/python3.7/site-packages/airflow/example_dags/example_branch_operator.py
[2023-06-03T20:41:00.842+0000] {processor.py:826} INFO - Processing file /home/airflow/.local/lib/python3.7/site-packages/airflow/example_dags/example_branch_operator.py for tasks to queue
[2023-06-03T20:41:00.843+0000] {logging_mixin.py:149} INFO - [2023-06-03T20:41:00.843+0000] {dagbag.py:541} INFO - Filling up the DagBag from /home/airflow/.local/lib/python3.7/site-packages/airflow/example_dags/example_branch_operator.py
[2023-06-03T20:41:00.850+0000] {processor.py:836} INFO - DAG(s) dict_keys(['example_branch_operator']) retrieved from /home/airflow/.local/lib/python3.7/site-packages/airflow/example_dags/example_branch_operator.py
[2023-06-03T20:41:00.870+0000] {logging_mixin.py:149} INFO - [2023-06-03T20:41:00.870+0000] {dag.py:2726} INFO - Sync 1 DAGs
[2023-06-03T20:41:00.889+0000] {logging_mixin.py:149} INFO - [2023-06-03T20:41:00.888+0000] {dag.py:3490} INFO - Setting next_dagrun for example_branch_operator to 2023-06-02T00:00:00+00:00, run_after=2023-06-03T00:00:00+00:00
[2023-06-03T20:41:00.906+0000] {processor.py:179} INFO - Processing /home/airflow/.local/lib/python3.7/site-packages/airflow/example_dags/example_branch_operator.py took 0.067 seconds
[2023-06-03T20:41:31.207+0000] {processor.py:157} INFO - Started process (PID=8288) to work on /home/airflow/.local/lib/python3.7/site-packages/airflow/example_dags/example_branch_operator.py
[2023-06-03T20:41:31.208+0000] {processor.py:826} INFO - Processing file /home/airflow/.local/lib/python3.7/site-packages/airflow/example_dags/example_branch_operator.py for tasks to queue
[2023-06-03T20:41:31.209+0000] {logging_mixin.py:149} INFO - [2023-06-03T20:41:31.209+0000] {dagbag.py:541} INFO - Filling up the DagBag from /home/airflow/.local/lib/python3.7/site-packages/airflow/example_dags/example_branch_operator.py
[2023-06-03T20:41:31.216+0000] {processor.py:836} INFO - DAG(s) dict_keys(['example_branch_operator']) retrieved from /home/airflow/.local/lib/python3.7/site-packages/airflow/example_dags/example_branch_operator.py
[2023-06-03T20:41:31.235+0000] {logging_mixin.py:149} INFO - [2023-06-03T20:41:31.235+0000] {dag.py:2726} INFO - Sync 1 DAGs
[2023-06-03T20:41:31.255+0000] {logging_mixin.py:149} INFO - [2023-06-03T20:41:31.255+0000] {dag.py:3490} INFO - Setting next_dagrun for example_branch_operator to 2023-06-02T00:00:00+00:00, run_after=2023-06-03T00:00:00+00:00
[2023-06-03T20:41:31.272+0000] {processor.py:179} INFO - Processing /home/airflow/.local/lib/python3.7/site-packages/airflow/example_dags/example_branch_operator.py took 0.068 seconds
[2023-06-03T20:42:01.467+0000] {processor.py:157} INFO - Started process (PID=8535) to work on /home/airflow/.local/lib/python3.7/site-packages/airflow/example_dags/example_branch_operator.py
[2023-06-03T20:42:01.468+0000] {processor.py:826} INFO - Processing file /home/airflow/.local/lib/python3.7/site-packages/airflow/example_dags/example_branch_operator.py for tasks to queue
[2023-06-03T20:42:01.473+0000] {logging_mixin.py:149} INFO - [2023-06-03T20:42:01.473+0000] {dagbag.py:541} INFO - Filling up the DagBag from /home/airflow/.local/lib/python3.7/site-packages/airflow/example_dags/example_branch_operator.py
[2023-06-03T20:42:01.480+0000] {processor.py:836} INFO - DAG(s) dict_keys(['example_branch_operator']) retrieved from /home/airflow/.local/lib/python3.7/site-packages/airflow/example_dags/example_branch_operator.py
[2023-06-03T20:42:01.500+0000] {logging_mixin.py:149} INFO - [2023-06-03T20:42:01.500+0000] {dag.py:2726} INFO - Sync 1 DAGs
[2023-06-03T20:42:01.541+0000] {logging_mixin.py:149} INFO - [2023-06-03T20:42:01.541+0000] {dag.py:3490} INFO - Setting next_dagrun for example_branch_operator to 2023-06-02T00:00:00+00:00, run_after=2023-06-03T00:00:00+00:00
[2023-06-03T20:42:01.559+0000] {processor.py:179} INFO - Processing /home/airflow/.local/lib/python3.7/site-packages/airflow/example_dags/example_branch_operator.py took 0.095 seconds
[2023-06-03T20:42:32.691+0000] {processor.py:157} INFO - Started process (PID=8792) to work on /home/airflow/.local/lib/python3.7/site-packages/airflow/example_dags/example_branch_operator.py
[2023-06-03T20:42:32.692+0000] {processor.py:826} INFO - Processing file /home/airflow/.local/lib/python3.7/site-packages/airflow/example_dags/example_branch_operator.py for tasks to queue
[2023-06-03T20:42:32.693+0000] {logging_mixin.py:149} INFO - [2023-06-03T20:42:32.693+0000] {dagbag.py:541} INFO - Filling up the DagBag from /home/airflow/.local/lib/python3.7/site-packages/airflow/example_dags/example_branch_operator.py
[2023-06-03T20:42:32.700+0000] {processor.py:836} INFO - DAG(s) dict_keys(['example_branch_operator']) retrieved from /home/airflow/.local/lib/python3.7/site-packages/airflow/example_dags/example_branch_operator.py
[2023-06-03T20:42:32.720+0000] {logging_mixin.py:149} INFO - [2023-06-03T20:42:32.720+0000] {dag.py:2726} INFO - Sync 1 DAGs
[2023-06-03T20:42:32.740+0000] {logging_mixin.py:149} INFO - [2023-06-03T20:42:32.739+0000] {dag.py:3490} INFO - Setting next_dagrun for example_branch_operator to 2023-06-02T00:00:00+00:00, run_after=2023-06-03T00:00:00+00:00
[2023-06-03T20:42:32.756+0000] {processor.py:179} INFO - Processing /home/airflow/.local/lib/python3.7/site-packages/airflow/example_dags/example_branch_operator.py took 0.068 seconds
[2023-06-03T20:43:02.830+0000] {processor.py:157} INFO - Started process (PID=9044) to work on /home/airflow/.local/lib/python3.7/site-packages/airflow/example_dags/example_branch_operator.py
[2023-06-03T20:43:02.831+0000] {processor.py:826} INFO - Processing file /home/airflow/.local/lib/python3.7/site-packages/airflow/example_dags/example_branch_operator.py for tasks to queue
[2023-06-03T20:43:02.832+0000] {logging_mixin.py:149} INFO - [2023-06-03T20:43:02.832+0000] {dagbag.py:541} INFO - Filling up the DagBag from /home/airflow/.local/lib/python3.7/site-packages/airflow/example_dags/example_branch_operator.py
[2023-06-03T20:43:02.839+0000] {processor.py:836} INFO - DAG(s) dict_keys(['example_branch_operator']) retrieved from /home/airflow/.local/lib/python3.7/site-packages/airflow/example_dags/example_branch_operator.py
[2023-06-03T20:43:02.861+0000] {logging_mixin.py:149} INFO - [2023-06-03T20:43:02.861+0000] {dag.py:2726} INFO - Sync 1 DAGs
[2023-06-03T20:43:02.880+0000] {logging_mixin.py:149} INFO - [2023-06-03T20:43:02.880+0000] {dag.py:3490} INFO - Setting next_dagrun for example_branch_operator to 2023-06-02T00:00:00+00:00, run_after=2023-06-03T00:00:00+00:00
[2023-06-03T20:43:02.898+0000] {processor.py:179} INFO - Processing /home/airflow/.local/lib/python3.7/site-packages/airflow/example_dags/example_branch_operator.py took 0.071 seconds
[2023-06-03T20:43:33.436+0000] {processor.py:157} INFO - Started process (PID=9298) to work on /home/airflow/.local/lib/python3.7/site-packages/airflow/example_dags/example_branch_operator.py
[2023-06-03T20:43:33.437+0000] {processor.py:826} INFO - Processing file /home/airflow/.local/lib/python3.7/site-packages/airflow/example_dags/example_branch_operator.py for tasks to queue
[2023-06-03T20:43:33.438+0000] {logging_mixin.py:149} INFO - [2023-06-03T20:43:33.438+0000] {dagbag.py:541} INFO - Filling up the DagBag from /home/airflow/.local/lib/python3.7/site-packages/airflow/example_dags/example_branch_operator.py
[2023-06-03T20:43:33.445+0000] {processor.py:836} INFO - DAG(s) dict_keys(['example_branch_operator']) retrieved from /home/airflow/.local/lib/python3.7/site-packages/airflow/example_dags/example_branch_operator.py
[2023-06-03T20:43:33.465+0000] {logging_mixin.py:149} INFO - [2023-06-03T20:43:33.465+0000] {dag.py:2726} INFO - Sync 1 DAGs
[2023-06-03T20:43:33.484+0000] {logging_mixin.py:149} INFO - [2023-06-03T20:43:33.483+0000] {dag.py:3490} INFO - Setting next_dagrun for example_branch_operator to 2023-06-02T00:00:00+00:00, run_after=2023-06-03T00:00:00+00:00
[2023-06-03T20:43:33.501+0000] {processor.py:179} INFO - Processing /home/airflow/.local/lib/python3.7/site-packages/airflow/example_dags/example_branch_operator.py took 0.068 seconds
[2023-06-03T20:44:04.241+0000] {processor.py:157} INFO - Started process (PID=9548) to work on /home/airflow/.local/lib/python3.7/site-packages/airflow/example_dags/example_branch_operator.py
[2023-06-03T20:44:04.243+0000] {processor.py:826} INFO - Processing file /home/airflow/.local/lib/python3.7/site-packages/airflow/example_dags/example_branch_operator.py for tasks to queue
[2023-06-03T20:44:04.244+0000] {logging_mixin.py:149} INFO - [2023-06-03T20:44:04.244+0000] {dagbag.py:541} INFO - Filling up the DagBag from /home/airflow/.local/lib/python3.7/site-packages/airflow/example_dags/example_branch_operator.py
[2023-06-03T20:44:04.251+0000] {processor.py:836} INFO - DAG(s) dict_keys(['example_branch_operator']) retrieved from /home/airflow/.local/lib/python3.7/site-packages/airflow/example_dags/example_branch_operator.py
[2023-06-03T20:44:04.270+0000] {logging_mixin.py:149} INFO - [2023-06-03T20:44:04.270+0000] {dag.py:2726} INFO - Sync 1 DAGs
[2023-06-03T20:44:04.289+0000] {logging_mixin.py:149} INFO - [2023-06-03T20:44:04.288+0000] {dag.py:3490} INFO - Setting next_dagrun for example_branch_operator to 2023-06-02T00:00:00+00:00, run_after=2023-06-03T00:00:00+00:00
[2023-06-03T20:44:04.306+0000] {processor.py:179} INFO - Processing /home/airflow/.local/lib/python3.7/site-packages/airflow/example_dags/example_branch_operator.py took 0.067 seconds
[2023-06-03T20:44:34.917+0000] {processor.py:157} INFO - Started process (PID=9800) to work on /home/airflow/.local/lib/python3.7/site-packages/airflow/example_dags/example_branch_operator.py
[2023-06-03T20:44:34.918+0000] {processor.py:826} INFO - Processing file /home/airflow/.local/lib/python3.7/site-packages/airflow/example_dags/example_branch_operator.py for tasks to queue
[2023-06-03T20:44:34.920+0000] {logging_mixin.py:149} INFO - [2023-06-03T20:44:34.919+0000] {dagbag.py:541} INFO - Filling up the DagBag from /home/airflow/.local/lib/python3.7/site-packages/airflow/example_dags/example_branch_operator.py
[2023-06-03T20:44:34.926+0000] {processor.py:836} INFO - DAG(s) dict_keys(['example_branch_operator']) retrieved from /home/airflow/.local/lib/python3.7/site-packages/airflow/example_dags/example_branch_operator.py
[2023-06-03T20:44:34.944+0000] {logging_mixin.py:149} INFO - [2023-06-03T20:44:34.944+0000] {dag.py:2726} INFO - Sync 1 DAGs
[2023-06-03T20:44:34.962+0000] {logging_mixin.py:149} INFO - [2023-06-03T20:44:34.962+0000] {dag.py:3490} INFO - Setting next_dagrun for example_branch_operator to 2023-06-02T00:00:00+00:00, run_after=2023-06-03T00:00:00+00:00
[2023-06-03T20:44:34.979+0000] {processor.py:179} INFO - Processing /home/airflow/.local/lib/python3.7/site-packages/airflow/example_dags/example_branch_operator.py took 0.064 seconds
[2023-06-03T20:45:06.096+0000] {processor.py:157} INFO - Started process (PID=10052) to work on /home/airflow/.local/lib/python3.7/site-packages/airflow/example_dags/example_branch_operator.py
[2023-06-03T20:45:06.097+0000] {processor.py:826} INFO - Processing file /home/airflow/.local/lib/python3.7/site-packages/airflow/example_dags/example_branch_operator.py for tasks to queue
[2023-06-03T20:45:06.098+0000] {logging_mixin.py:149} INFO - [2023-06-03T20:45:06.098+0000] {dagbag.py:541} INFO - Filling up the DagBag from /home/airflow/.local/lib/python3.7/site-packages/airflow/example_dags/example_branch_operator.py
[2023-06-03T20:45:06.105+0000] {processor.py:836} INFO - DAG(s) dict_keys(['example_branch_operator']) retrieved from /home/airflow/.local/lib/python3.7/site-packages/airflow/example_dags/example_branch_operator.py
[2023-06-03T20:45:06.126+0000] {logging_mixin.py:149} INFO - [2023-06-03T20:45:06.126+0000] {dag.py:2726} INFO - Sync 1 DAGs
[2023-06-03T20:45:06.144+0000] {logging_mixin.py:149} INFO - [2023-06-03T20:45:06.144+0000] {dag.py:3490} INFO - Setting next_dagrun for example_branch_operator to 2023-06-02T00:00:00+00:00, run_after=2023-06-03T00:00:00+00:00
[2023-06-03T20:45:06.160+0000] {processor.py:179} INFO - Processing /home/airflow/.local/lib/python3.7/site-packages/airflow/example_dags/example_branch_operator.py took 0.066 seconds
[2023-06-03T20:45:36.891+0000] {processor.py:157} INFO - Started process (PID=10304) to work on /home/airflow/.local/lib/python3.7/site-packages/airflow/example_dags/example_branch_operator.py
[2023-06-03T20:45:36.892+0000] {processor.py:826} INFO - Processing file /home/airflow/.local/lib/python3.7/site-packages/airflow/example_dags/example_branch_operator.py for tasks to queue
[2023-06-03T20:45:36.893+0000] {logging_mixin.py:149} INFO - [2023-06-03T20:45:36.893+0000] {dagbag.py:541} INFO - Filling up the DagBag from /home/airflow/.local/lib/python3.7/site-packages/airflow/example_dags/example_branch_operator.py
[2023-06-03T20:45:36.901+0000] {processor.py:836} INFO - DAG(s) dict_keys(['example_branch_operator']) retrieved from /home/airflow/.local/lib/python3.7/site-packages/airflow/example_dags/example_branch_operator.py
[2023-06-03T20:45:36.922+0000] {logging_mixin.py:149} INFO - [2023-06-03T20:45:36.922+0000] {dag.py:2726} INFO - Sync 1 DAGs
[2023-06-03T20:45:36.946+0000] {logging_mixin.py:149} INFO - [2023-06-03T20:45:36.945+0000] {dag.py:3490} INFO - Setting next_dagrun for example_branch_operator to 2023-06-02T00:00:00+00:00, run_after=2023-06-03T00:00:00+00:00
[2023-06-03T20:45:36.963+0000] {processor.py:179} INFO - Processing /home/airflow/.local/lib/python3.7/site-packages/airflow/example_dags/example_branch_operator.py took 0.074 seconds
[2023-06-03T20:46:07.225+0000] {processor.py:157} INFO - Started process (PID=10558) to work on /home/airflow/.local/lib/python3.7/site-packages/airflow/example_dags/example_branch_operator.py
[2023-06-03T20:46:07.226+0000] {processor.py:826} INFO - Processing file /home/airflow/.local/lib/python3.7/site-packages/airflow/example_dags/example_branch_operator.py for tasks to queue
[2023-06-03T20:46:07.227+0000] {logging_mixin.py:149} INFO - [2023-06-03T20:46:07.227+0000] {dagbag.py:541} INFO - Filling up the DagBag from /home/airflow/.local/lib/python3.7/site-packages/airflow/example_dags/example_branch_operator.py
[2023-06-03T20:46:07.234+0000] {processor.py:836} INFO - DAG(s) dict_keys(['example_branch_operator']) retrieved from /home/airflow/.local/lib/python3.7/site-packages/airflow/example_dags/example_branch_operator.py
[2023-06-03T20:46:07.254+0000] {logging_mixin.py:149} INFO - [2023-06-03T20:46:07.254+0000] {dag.py:2726} INFO - Sync 1 DAGs
[2023-06-03T20:46:07.273+0000] {logging_mixin.py:149} INFO - [2023-06-03T20:46:07.272+0000] {dag.py:3490} INFO - Setting next_dagrun for example_branch_operator to 2023-06-02T00:00:00+00:00, run_after=2023-06-03T00:00:00+00:00
[2023-06-03T20:46:07.288+0000] {processor.py:179} INFO - Processing /home/airflow/.local/lib/python3.7/site-packages/airflow/example_dags/example_branch_operator.py took 0.065 seconds
[2023-06-03T20:46:38.569+0000] {processor.py:157} INFO - Started process (PID=10810) to work on /home/airflow/.local/lib/python3.7/site-packages/airflow/example_dags/example_branch_operator.py
[2023-06-03T20:46:38.571+0000] {processor.py:826} INFO - Processing file /home/airflow/.local/lib/python3.7/site-packages/airflow/example_dags/example_branch_operator.py for tasks to queue
[2023-06-03T20:46:38.573+0000] {logging_mixin.py:149} INFO - [2023-06-03T20:46:38.573+0000] {dagbag.py:541} INFO - Filling up the DagBag from /home/airflow/.local/lib/python3.7/site-packages/airflow/example_dags/example_branch_operator.py
[2023-06-03T20:46:38.583+0000] {processor.py:836} INFO - DAG(s) dict_keys(['example_branch_operator']) retrieved from /home/airflow/.local/lib/python3.7/site-packages/airflow/example_dags/example_branch_operator.py
[2023-06-03T20:46:38.602+0000] {logging_mixin.py:149} INFO - [2023-06-03T20:46:38.602+0000] {dag.py:2726} INFO - Sync 1 DAGs
[2023-06-03T20:46:38.620+0000] {logging_mixin.py:149} INFO - [2023-06-03T20:46:38.620+0000] {dag.py:3490} INFO - Setting next_dagrun for example_branch_operator to 2023-06-02T00:00:00+00:00, run_after=2023-06-03T00:00:00+00:00
[2023-06-03T20:46:38.641+0000] {processor.py:179} INFO - Processing /home/airflow/.local/lib/python3.7/site-packages/airflow/example_dags/example_branch_operator.py took 0.075 seconds
[2023-06-03T20:47:08.719+0000] {processor.py:157} INFO - Started process (PID=11060) to work on /home/airflow/.local/lib/python3.7/site-packages/airflow/example_dags/example_branch_operator.py
[2023-06-03T20:47:08.722+0000] {processor.py:826} INFO - Processing file /home/airflow/.local/lib/python3.7/site-packages/airflow/example_dags/example_branch_operator.py for tasks to queue
[2023-06-03T20:47:08.723+0000] {logging_mixin.py:149} INFO - [2023-06-03T20:47:08.723+0000] {dagbag.py:541} INFO - Filling up the DagBag from /home/airflow/.local/lib/python3.7/site-packages/airflow/example_dags/example_branch_operator.py
[2023-06-03T20:47:08.731+0000] {processor.py:836} INFO - DAG(s) dict_keys(['example_branch_operator']) retrieved from /home/airflow/.local/lib/python3.7/site-packages/airflow/example_dags/example_branch_operator.py
[2023-06-03T20:47:08.751+0000] {logging_mixin.py:149} INFO - [2023-06-03T20:47:08.751+0000] {dag.py:2726} INFO - Sync 1 DAGs
[2023-06-03T20:47:08.768+0000] {logging_mixin.py:149} INFO - [2023-06-03T20:47:08.768+0000] {dag.py:3490} INFO - Setting next_dagrun for example_branch_operator to 2023-06-02T00:00:00+00:00, run_after=2023-06-03T00:00:00+00:00
[2023-06-03T20:47:08.785+0000] {processor.py:179} INFO - Processing /home/airflow/.local/lib/python3.7/site-packages/airflow/example_dags/example_branch_operator.py took 0.069 seconds
[2023-06-03T20:47:38.830+0000] {processor.py:157} INFO - Started process (PID=11309) to work on /home/airflow/.local/lib/python3.7/site-packages/airflow/example_dags/example_branch_operator.py
[2023-06-03T20:47:38.831+0000] {processor.py:826} INFO - Processing file /home/airflow/.local/lib/python3.7/site-packages/airflow/example_dags/example_branch_operator.py for tasks to queue
[2023-06-03T20:47:38.832+0000] {logging_mixin.py:149} INFO - [2023-06-03T20:47:38.832+0000] {dagbag.py:541} INFO - Filling up the DagBag from /home/airflow/.local/lib/python3.7/site-packages/airflow/example_dags/example_branch_operator.py
[2023-06-03T20:47:38.839+0000] {processor.py:836} INFO - DAG(s) dict_keys(['example_branch_operator']) retrieved from /home/airflow/.local/lib/python3.7/site-packages/airflow/example_dags/example_branch_operator.py
[2023-06-03T20:47:38.857+0000] {logging_mixin.py:149} INFO - [2023-06-03T20:47:38.857+0000] {dag.py:2726} INFO - Sync 1 DAGs
[2023-06-03T20:47:38.874+0000] {logging_mixin.py:149} INFO - [2023-06-03T20:47:38.874+0000] {dag.py:3490} INFO - Setting next_dagrun for example_branch_operator to 2023-06-02T00:00:00+00:00, run_after=2023-06-03T00:00:00+00:00
[2023-06-03T20:47:38.891+0000] {processor.py:179} INFO - Processing /home/airflow/.local/lib/python3.7/site-packages/airflow/example_dags/example_branch_operator.py took 0.063 seconds
[2023-06-03T20:48:09.323+0000] {processor.py:157} INFO - Started process (PID=11564) to work on /home/airflow/.local/lib/python3.7/site-packages/airflow/example_dags/example_branch_operator.py
[2023-06-03T20:48:09.324+0000] {processor.py:826} INFO - Processing file /home/airflow/.local/lib/python3.7/site-packages/airflow/example_dags/example_branch_operator.py for tasks to queue
[2023-06-03T20:48:09.325+0000] {logging_mixin.py:149} INFO - [2023-06-03T20:48:09.325+0000] {dagbag.py:541} INFO - Filling up the DagBag from /home/airflow/.local/lib/python3.7/site-packages/airflow/example_dags/example_branch_operator.py
[2023-06-03T20:48:09.331+0000] {processor.py:836} INFO - DAG(s) dict_keys(['example_branch_operator']) retrieved from /home/airflow/.local/lib/python3.7/site-packages/airflow/example_dags/example_branch_operator.py
[2023-06-03T20:48:09.350+0000] {logging_mixin.py:149} INFO - [2023-06-03T20:48:09.350+0000] {dag.py:2726} INFO - Sync 1 DAGs
[2023-06-03T20:48:09.368+0000] {logging_mixin.py:149} INFO - [2023-06-03T20:48:09.368+0000] {dag.py:3490} INFO - Setting next_dagrun for example_branch_operator to 2023-06-02T00:00:00+00:00, run_after=2023-06-03T00:00:00+00:00
[2023-06-03T20:48:09.384+0000] {processor.py:179} INFO - Processing /home/airflow/.local/lib/python3.7/site-packages/airflow/example_dags/example_branch_operator.py took 0.063 seconds
[2023-06-03T20:48:39.773+0000] {processor.py:157} INFO - Started process (PID=11816) to work on /home/airflow/.local/lib/python3.7/site-packages/airflow/example_dags/example_branch_operator.py
[2023-06-03T20:48:39.774+0000] {processor.py:826} INFO - Processing file /home/airflow/.local/lib/python3.7/site-packages/airflow/example_dags/example_branch_operator.py for tasks to queue
[2023-06-03T20:48:39.775+0000] {logging_mixin.py:149} INFO - [2023-06-03T20:48:39.775+0000] {dagbag.py:541} INFO - Filling up the DagBag from /home/airflow/.local/lib/python3.7/site-packages/airflow/example_dags/example_branch_operator.py
[2023-06-03T20:48:39.782+0000] {processor.py:836} INFO - DAG(s) dict_keys(['example_branch_operator']) retrieved from /home/airflow/.local/lib/python3.7/site-packages/airflow/example_dags/example_branch_operator.py
[2023-06-03T20:48:39.802+0000] {logging_mixin.py:149} INFO - [2023-06-03T20:48:39.802+0000] {dag.py:2726} INFO - Sync 1 DAGs
[2023-06-03T20:48:39.821+0000] {logging_mixin.py:149} INFO - [2023-06-03T20:48:39.820+0000] {dag.py:3490} INFO - Setting next_dagrun for example_branch_operator to 2023-06-02T00:00:00+00:00, run_after=2023-06-03T00:00:00+00:00
[2023-06-03T20:48:39.839+0000] {processor.py:179} INFO - Processing /home/airflow/.local/lib/python3.7/site-packages/airflow/example_dags/example_branch_operator.py took 0.068 seconds
[2023-06-03T20:49:10.038+0000] {processor.py:157} INFO - Started process (PID=12068) to work on /home/airflow/.local/lib/python3.7/site-packages/airflow/example_dags/example_branch_operator.py
[2023-06-03T20:49:10.039+0000] {processor.py:826} INFO - Processing file /home/airflow/.local/lib/python3.7/site-packages/airflow/example_dags/example_branch_operator.py for tasks to queue
[2023-06-03T20:49:10.040+0000] {logging_mixin.py:149} INFO - [2023-06-03T20:49:10.040+0000] {dagbag.py:541} INFO - Filling up the DagBag from /home/airflow/.local/lib/python3.7/site-packages/airflow/example_dags/example_branch_operator.py
[2023-06-03T20:49:10.046+0000] {processor.py:836} INFO - DAG(s) dict_keys(['example_branch_operator']) retrieved from /home/airflow/.local/lib/python3.7/site-packages/airflow/example_dags/example_branch_operator.py
[2023-06-03T20:49:10.066+0000] {logging_mixin.py:149} INFO - [2023-06-03T20:49:10.065+0000] {dag.py:2726} INFO - Sync 1 DAGs
[2023-06-03T20:49:10.084+0000] {logging_mixin.py:149} INFO - [2023-06-03T20:49:10.083+0000] {dag.py:3490} INFO - Setting next_dagrun for example_branch_operator to 2023-06-02T00:00:00+00:00, run_after=2023-06-03T00:00:00+00:00
[2023-06-03T20:49:10.099+0000] {processor.py:179} INFO - Processing /home/airflow/.local/lib/python3.7/site-packages/airflow/example_dags/example_branch_operator.py took 0.063 seconds
[2023-06-03T20:49:41.058+0000] {processor.py:157} INFO - Started process (PID=12320) to work on /home/airflow/.local/lib/python3.7/site-packages/airflow/example_dags/example_branch_operator.py
[2023-06-03T20:49:41.059+0000] {processor.py:826} INFO - Processing file /home/airflow/.local/lib/python3.7/site-packages/airflow/example_dags/example_branch_operator.py for tasks to queue
[2023-06-03T20:49:41.060+0000] {logging_mixin.py:149} INFO - [2023-06-03T20:49:41.060+0000] {dagbag.py:541} INFO - Filling up the DagBag from /home/airflow/.local/lib/python3.7/site-packages/airflow/example_dags/example_branch_operator.py
[2023-06-03T20:49:41.067+0000] {processor.py:836} INFO - DAG(s) dict_keys(['example_branch_operator']) retrieved from /home/airflow/.local/lib/python3.7/site-packages/airflow/example_dags/example_branch_operator.py
[2023-06-03T20:49:41.085+0000] {logging_mixin.py:149} INFO - [2023-06-03T20:49:41.085+0000] {dag.py:2726} INFO - Sync 1 DAGs
[2023-06-03T20:49:41.104+0000] {logging_mixin.py:149} INFO - [2023-06-03T20:49:41.103+0000] {dag.py:3490} INFO - Setting next_dagrun for example_branch_operator to 2023-06-02T00:00:00+00:00, run_after=2023-06-03T00:00:00+00:00
[2023-06-03T20:49:41.118+0000] {processor.py:179} INFO - Processing /home/airflow/.local/lib/python3.7/site-packages/airflow/example_dags/example_branch_operator.py took 0.062 seconds
[2023-06-03T20:50:11.891+0000] {processor.py:157} INFO - Started process (PID=12579) to work on /home/airflow/.local/lib/python3.7/site-packages/airflow/example_dags/example_branch_operator.py
[2023-06-03T20:50:11.892+0000] {processor.py:826} INFO - Processing file /home/airflow/.local/lib/python3.7/site-packages/airflow/example_dags/example_branch_operator.py for tasks to queue
[2023-06-03T20:50:11.893+0000] {logging_mixin.py:149} INFO - [2023-06-03T20:50:11.893+0000] {dagbag.py:541} INFO - Filling up the DagBag from /home/airflow/.local/lib/python3.7/site-packages/airflow/example_dags/example_branch_operator.py
[2023-06-03T20:50:11.900+0000] {processor.py:836} INFO - DAG(s) dict_keys(['example_branch_operator']) retrieved from /home/airflow/.local/lib/python3.7/site-packages/airflow/example_dags/example_branch_operator.py
[2023-06-03T20:50:11.917+0000] {logging_mixin.py:149} INFO - [2023-06-03T20:50:11.917+0000] {dag.py:2726} INFO - Sync 1 DAGs
[2023-06-03T20:50:11.935+0000] {logging_mixin.py:149} INFO - [2023-06-03T20:50:11.935+0000] {dag.py:3490} INFO - Setting next_dagrun for example_branch_operator to 2023-06-02T00:00:00+00:00, run_after=2023-06-03T00:00:00+00:00
[2023-06-03T20:50:11.951+0000] {processor.py:179} INFO - Processing /home/airflow/.local/lib/python3.7/site-packages/airflow/example_dags/example_branch_operator.py took 0.062 seconds
[2023-06-03T20:50:42.248+0000] {processor.py:157} INFO - Started process (PID=12832) to work on /home/airflow/.local/lib/python3.7/site-packages/airflow/example_dags/example_branch_operator.py
[2023-06-03T20:50:42.249+0000] {processor.py:826} INFO - Processing file /home/airflow/.local/lib/python3.7/site-packages/airflow/example_dags/example_branch_operator.py for tasks to queue
[2023-06-03T20:50:42.250+0000] {logging_mixin.py:149} INFO - [2023-06-03T20:50:42.250+0000] {dagbag.py:541} INFO - Filling up the DagBag from /home/airflow/.local/lib/python3.7/site-packages/airflow/example_dags/example_branch_operator.py
[2023-06-03T20:50:42.257+0000] {processor.py:836} INFO - DAG(s) dict_keys(['example_branch_operator']) retrieved from /home/airflow/.local/lib/python3.7/site-packages/airflow/example_dags/example_branch_operator.py
[2023-06-03T20:50:42.276+0000] {logging_mixin.py:149} INFO - [2023-06-03T20:50:42.275+0000] {dag.py:2726} INFO - Sync 1 DAGs
[2023-06-03T20:50:42.295+0000] {logging_mixin.py:149} INFO - [2023-06-03T20:50:42.294+0000] {dag.py:3490} INFO - Setting next_dagrun for example_branch_operator to 2023-06-02T00:00:00+00:00, run_after=2023-06-03T00:00:00+00:00
[2023-06-03T20:50:42.312+0000] {processor.py:179} INFO - Processing /home/airflow/.local/lib/python3.7/site-packages/airflow/example_dags/example_branch_operator.py took 0.066 seconds
[2023-06-03T20:51:12.571+0000] {processor.py:157} INFO - Started process (PID=13079) to work on /home/airflow/.local/lib/python3.7/site-packages/airflow/example_dags/example_branch_operator.py
[2023-06-03T20:51:12.573+0000] {processor.py:826} INFO - Processing file /home/airflow/.local/lib/python3.7/site-packages/airflow/example_dags/example_branch_operator.py for tasks to queue
[2023-06-03T20:51:12.574+0000] {logging_mixin.py:149} INFO - [2023-06-03T20:51:12.574+0000] {dagbag.py:541} INFO - Filling up the DagBag from /home/airflow/.local/lib/python3.7/site-packages/airflow/example_dags/example_branch_operator.py
[2023-06-03T20:51:12.580+0000] {processor.py:836} INFO - DAG(s) dict_keys(['example_branch_operator']) retrieved from /home/airflow/.local/lib/python3.7/site-packages/airflow/example_dags/example_branch_operator.py
[2023-06-03T20:51:12.600+0000] {logging_mixin.py:149} INFO - [2023-06-03T20:51:12.600+0000] {dag.py:2726} INFO - Sync 1 DAGs
[2023-06-03T20:51:12.618+0000] {logging_mixin.py:149} INFO - [2023-06-03T20:51:12.618+0000] {dag.py:3490} INFO - Setting next_dagrun for example_branch_operator to 2023-06-02T00:00:00+00:00, run_after=2023-06-03T00:00:00+00:00
[2023-06-03T20:51:12.635+0000] {processor.py:179} INFO - Processing /home/airflow/.local/lib/python3.7/site-packages/airflow/example_dags/example_branch_operator.py took 0.065 seconds
[2023-06-03T20:51:43.794+0000] {processor.py:157} INFO - Started process (PID=13336) to work on /home/airflow/.local/lib/python3.7/site-packages/airflow/example_dags/example_branch_operator.py
[2023-06-03T20:51:43.795+0000] {processor.py:826} INFO - Processing file /home/airflow/.local/lib/python3.7/site-packages/airflow/example_dags/example_branch_operator.py for tasks to queue
[2023-06-03T20:51:43.797+0000] {logging_mixin.py:149} INFO - [2023-06-03T20:51:43.797+0000] {dagbag.py:541} INFO - Filling up the DagBag from /home/airflow/.local/lib/python3.7/site-packages/airflow/example_dags/example_branch_operator.py
[2023-06-03T20:51:43.804+0000] {processor.py:836} INFO - DAG(s) dict_keys(['example_branch_operator']) retrieved from /home/airflow/.local/lib/python3.7/site-packages/airflow/example_dags/example_branch_operator.py
[2023-06-03T20:51:43.825+0000] {logging_mixin.py:149} INFO - [2023-06-03T20:51:43.825+0000] {dag.py:2726} INFO - Sync 1 DAGs
[2023-06-03T20:51:43.844+0000] {logging_mixin.py:149} INFO - [2023-06-03T20:51:43.844+0000] {dag.py:3490} INFO - Setting next_dagrun for example_branch_operator to 2023-06-02T00:00:00+00:00, run_after=2023-06-03T00:00:00+00:00
[2023-06-03T20:51:43.862+0000] {processor.py:179} INFO - Processing /home/airflow/.local/lib/python3.7/site-packages/airflow/example_dags/example_branch_operator.py took 0.070 seconds
[2023-06-03T20:52:14.559+0000] {processor.py:157} INFO - Started process (PID=13588) to work on /home/airflow/.local/lib/python3.7/site-packages/airflow/example_dags/example_branch_operator.py
[2023-06-03T20:52:14.562+0000] {processor.py:826} INFO - Processing file /home/airflow/.local/lib/python3.7/site-packages/airflow/example_dags/example_branch_operator.py for tasks to queue
[2023-06-03T20:52:14.563+0000] {logging_mixin.py:149} INFO - [2023-06-03T20:52:14.563+0000] {dagbag.py:541} INFO - Filling up the DagBag from /home/airflow/.local/lib/python3.7/site-packages/airflow/example_dags/example_branch_operator.py
[2023-06-03T20:52:14.571+0000] {processor.py:836} INFO - DAG(s) dict_keys(['example_branch_operator']) retrieved from /home/airflow/.local/lib/python3.7/site-packages/airflow/example_dags/example_branch_operator.py
[2023-06-03T20:52:14.590+0000] {logging_mixin.py:149} INFO - [2023-06-03T20:52:14.590+0000] {dag.py:2726} INFO - Sync 1 DAGs
[2023-06-03T20:52:14.608+0000] {logging_mixin.py:149} INFO - [2023-06-03T20:52:14.607+0000] {dag.py:3490} INFO - Setting next_dagrun for example_branch_operator to 2023-06-02T00:00:00+00:00, run_after=2023-06-03T00:00:00+00:00
[2023-06-03T20:52:14.623+0000] {processor.py:179} INFO - Processing /home/airflow/.local/lib/python3.7/site-packages/airflow/example_dags/example_branch_operator.py took 0.066 seconds
[2023-06-03T20:52:45.569+0000] {processor.py:157} INFO - Started process (PID=13840) to work on /home/airflow/.local/lib/python3.7/site-packages/airflow/example_dags/example_branch_operator.py
[2023-06-03T20:52:45.571+0000] {processor.py:826} INFO - Processing file /home/airflow/.local/lib/python3.7/site-packages/airflow/example_dags/example_branch_operator.py for tasks to queue
[2023-06-03T20:52:45.572+0000] {logging_mixin.py:149} INFO - [2023-06-03T20:52:45.572+0000] {dagbag.py:541} INFO - Filling up the DagBag from /home/airflow/.local/lib/python3.7/site-packages/airflow/example_dags/example_branch_operator.py
[2023-06-03T20:52:45.579+0000] {processor.py:836} INFO - DAG(s) dict_keys(['example_branch_operator']) retrieved from /home/airflow/.local/lib/python3.7/site-packages/airflow/example_dags/example_branch_operator.py
[2023-06-03T20:52:45.598+0000] {logging_mixin.py:149} INFO - [2023-06-03T20:52:45.598+0000] {dag.py:2726} INFO - Sync 1 DAGs
[2023-06-03T20:52:45.616+0000] {logging_mixin.py:149} INFO - [2023-06-03T20:52:45.616+0000] {dag.py:3490} INFO - Setting next_dagrun for example_branch_operator to 2023-06-02T00:00:00+00:00, run_after=2023-06-03T00:00:00+00:00
[2023-06-03T20:52:45.641+0000] {processor.py:179} INFO - Processing /home/airflow/.local/lib/python3.7/site-packages/airflow/example_dags/example_branch_operator.py took 0.074 seconds
[2023-06-03T20:53:15.850+0000] {processor.py:157} INFO - Started process (PID=14092) to work on /home/airflow/.local/lib/python3.7/site-packages/airflow/example_dags/example_branch_operator.py
[2023-06-03T20:53:15.851+0000] {processor.py:826} INFO - Processing file /home/airflow/.local/lib/python3.7/site-packages/airflow/example_dags/example_branch_operator.py for tasks to queue
[2023-06-03T20:53:15.852+0000] {logging_mixin.py:149} INFO - [2023-06-03T20:53:15.852+0000] {dagbag.py:541} INFO - Filling up the DagBag from /home/airflow/.local/lib/python3.7/site-packages/airflow/example_dags/example_branch_operator.py
[2023-06-03T20:53:15.859+0000] {processor.py:836} INFO - DAG(s) dict_keys(['example_branch_operator']) retrieved from /home/airflow/.local/lib/python3.7/site-packages/airflow/example_dags/example_branch_operator.py
[2023-06-03T20:53:15.877+0000] {logging_mixin.py:149} INFO - [2023-06-03T20:53:15.877+0000] {dag.py:2726} INFO - Sync 1 DAGs
[2023-06-03T20:53:15.896+0000] {logging_mixin.py:149} INFO - [2023-06-03T20:53:15.896+0000] {dag.py:3490} INFO - Setting next_dagrun for example_branch_operator to 2023-06-02T00:00:00+00:00, run_after=2023-06-03T00:00:00+00:00
[2023-06-03T20:53:15.915+0000] {processor.py:179} INFO - Processing /home/airflow/.local/lib/python3.7/site-packages/airflow/example_dags/example_branch_operator.py took 0.067 seconds
[2023-06-03T20:53:46.111+0000] {processor.py:157} INFO - Started process (PID=14344) to work on /home/airflow/.local/lib/python3.7/site-packages/airflow/example_dags/example_branch_operator.py
[2023-06-03T20:53:46.112+0000] {processor.py:826} INFO - Processing file /home/airflow/.local/lib/python3.7/site-packages/airflow/example_dags/example_branch_operator.py for tasks to queue
[2023-06-03T20:53:46.114+0000] {logging_mixin.py:149} INFO - [2023-06-03T20:53:46.114+0000] {dagbag.py:541} INFO - Filling up the DagBag from /home/airflow/.local/lib/python3.7/site-packages/airflow/example_dags/example_branch_operator.py
[2023-06-03T20:53:46.121+0000] {processor.py:836} INFO - DAG(s) dict_keys(['example_branch_operator']) retrieved from /home/airflow/.local/lib/python3.7/site-packages/airflow/example_dags/example_branch_operator.py
[2023-06-03T20:53:46.140+0000] {logging_mixin.py:149} INFO - [2023-06-03T20:53:46.140+0000] {dag.py:2726} INFO - Sync 1 DAGs
[2023-06-03T20:53:46.159+0000] {logging_mixin.py:149} INFO - [2023-06-03T20:53:46.158+0000] {dag.py:3490} INFO - Setting next_dagrun for example_branch_operator to 2023-06-02T00:00:00+00:00, run_after=2023-06-03T00:00:00+00:00
[2023-06-03T20:53:46.176+0000] {processor.py:179} INFO - Processing /home/airflow/.local/lib/python3.7/site-packages/airflow/example_dags/example_branch_operator.py took 0.067 seconds
[2023-06-03T20:54:17.239+0000] {processor.py:157} INFO - Started process (PID=14596) to work on /home/airflow/.local/lib/python3.7/site-packages/airflow/example_dags/example_branch_operator.py
[2023-06-03T20:54:17.241+0000] {processor.py:826} INFO - Processing file /home/airflow/.local/lib/python3.7/site-packages/airflow/example_dags/example_branch_operator.py for tasks to queue
[2023-06-03T20:54:17.241+0000] {logging_mixin.py:149} INFO - [2023-06-03T20:54:17.241+0000] {dagbag.py:541} INFO - Filling up the DagBag from /home/airflow/.local/lib/python3.7/site-packages/airflow/example_dags/example_branch_operator.py
[2023-06-03T20:54:17.248+0000] {processor.py:836} INFO - DAG(s) dict_keys(['example_branch_operator']) retrieved from /home/airflow/.local/lib/python3.7/site-packages/airflow/example_dags/example_branch_operator.py
[2023-06-03T20:54:17.267+0000] {logging_mixin.py:149} INFO - [2023-06-03T20:54:17.267+0000] {dag.py:2726} INFO - Sync 1 DAGs
[2023-06-03T20:54:17.286+0000] {logging_mixin.py:149} INFO - [2023-06-03T20:54:17.286+0000] {dag.py:3490} INFO - Setting next_dagrun for example_branch_operator to 2023-06-02T00:00:00+00:00, run_after=2023-06-03T00:00:00+00:00
[2023-06-03T20:54:17.302+0000] {processor.py:179} INFO - Processing /home/airflow/.local/lib/python3.7/site-packages/airflow/example_dags/example_branch_operator.py took 0.065 seconds
[2023-06-03T20:54:47.434+0000] {processor.py:157} INFO - Started process (PID=14843) to work on /home/airflow/.local/lib/python3.7/site-packages/airflow/example_dags/example_branch_operator.py
[2023-06-03T20:54:47.435+0000] {processor.py:826} INFO - Processing file /home/airflow/.local/lib/python3.7/site-packages/airflow/example_dags/example_branch_operator.py for tasks to queue
[2023-06-03T20:54:47.436+0000] {logging_mixin.py:149} INFO - [2023-06-03T20:54:47.436+0000] {dagbag.py:541} INFO - Filling up the DagBag from /home/airflow/.local/lib/python3.7/site-packages/airflow/example_dags/example_branch_operator.py
[2023-06-03T20:54:47.443+0000] {processor.py:836} INFO - DAG(s) dict_keys(['example_branch_operator']) retrieved from /home/airflow/.local/lib/python3.7/site-packages/airflow/example_dags/example_branch_operator.py
[2023-06-03T20:54:47.462+0000] {logging_mixin.py:149} INFO - [2023-06-03T20:54:47.461+0000] {dag.py:2726} INFO - Sync 1 DAGs
[2023-06-03T20:54:47.480+0000] {logging_mixin.py:149} INFO - [2023-06-03T20:54:47.480+0000] {dag.py:3490} INFO - Setting next_dagrun for example_branch_operator to 2023-06-02T00:00:00+00:00, run_after=2023-06-03T00:00:00+00:00
[2023-06-03T20:54:47.496+0000] {processor.py:179} INFO - Processing /home/airflow/.local/lib/python3.7/site-packages/airflow/example_dags/example_branch_operator.py took 0.065 seconds
[2023-06-03T20:55:17.792+0000] {processor.py:157} INFO - Started process (PID=15095) to work on /home/airflow/.local/lib/python3.7/site-packages/airflow/example_dags/example_branch_operator.py
[2023-06-03T20:55:17.794+0000] {processor.py:826} INFO - Processing file /home/airflow/.local/lib/python3.7/site-packages/airflow/example_dags/example_branch_operator.py for tasks to queue
[2023-06-03T20:55:17.795+0000] {logging_mixin.py:149} INFO - [2023-06-03T20:55:17.795+0000] {dagbag.py:541} INFO - Filling up the DagBag from /home/airflow/.local/lib/python3.7/site-packages/airflow/example_dags/example_branch_operator.py
[2023-06-03T20:55:17.803+0000] {processor.py:836} INFO - DAG(s) dict_keys(['example_branch_operator']) retrieved from /home/airflow/.local/lib/python3.7/site-packages/airflow/example_dags/example_branch_operator.py
[2023-06-03T20:55:17.822+0000] {logging_mixin.py:149} INFO - [2023-06-03T20:55:17.822+0000] {dag.py:2726} INFO - Sync 1 DAGs
[2023-06-03T20:55:17.841+0000] {logging_mixin.py:149} INFO - [2023-06-03T20:55:17.841+0000] {dag.py:3490} INFO - Setting next_dagrun for example_branch_operator to 2023-06-02T00:00:00+00:00, run_after=2023-06-03T00:00:00+00:00
[2023-06-03T20:55:17.857+0000] {processor.py:179} INFO - Processing /home/airflow/.local/lib/python3.7/site-packages/airflow/example_dags/example_branch_operator.py took 0.067 seconds
[2023-06-03T20:55:48.888+0000] {processor.py:157} INFO - Started process (PID=15352) to work on /home/airflow/.local/lib/python3.7/site-packages/airflow/example_dags/example_branch_operator.py
[2023-06-03T20:55:48.889+0000] {processor.py:826} INFO - Processing file /home/airflow/.local/lib/python3.7/site-packages/airflow/example_dags/example_branch_operator.py for tasks to queue
[2023-06-03T20:55:48.890+0000] {logging_mixin.py:149} INFO - [2023-06-03T20:55:48.890+0000] {dagbag.py:541} INFO - Filling up the DagBag from /home/airflow/.local/lib/python3.7/site-packages/airflow/example_dags/example_branch_operator.py
[2023-06-03T20:55:48.898+0000] {processor.py:836} INFO - DAG(s) dict_keys(['example_branch_operator']) retrieved from /home/airflow/.local/lib/python3.7/site-packages/airflow/example_dags/example_branch_operator.py
[2023-06-03T20:55:48.918+0000] {logging_mixin.py:149} INFO - [2023-06-03T20:55:48.917+0000] {dag.py:2726} INFO - Sync 1 DAGs
[2023-06-03T20:55:48.938+0000] {logging_mixin.py:149} INFO - [2023-06-03T20:55:48.938+0000] {dag.py:3490} INFO - Setting next_dagrun for example_branch_operator to 2023-06-02T00:00:00+00:00, run_after=2023-06-03T00:00:00+00:00
[2023-06-03T20:55:48.955+0000] {processor.py:179} INFO - Processing /home/airflow/.local/lib/python3.7/site-packages/airflow/example_dags/example_branch_operator.py took 0.070 seconds
[2023-06-03T20:56:19.508+0000] {processor.py:157} INFO - Started process (PID=15604) to work on /home/airflow/.local/lib/python3.7/site-packages/airflow/example_dags/example_branch_operator.py
[2023-06-03T20:56:19.511+0000] {processor.py:826} INFO - Processing file /home/airflow/.local/lib/python3.7/site-packages/airflow/example_dags/example_branch_operator.py for tasks to queue
[2023-06-03T20:56:19.512+0000] {logging_mixin.py:149} INFO - [2023-06-03T20:56:19.512+0000] {dagbag.py:541} INFO - Filling up the DagBag from /home/airflow/.local/lib/python3.7/site-packages/airflow/example_dags/example_branch_operator.py
[2023-06-03T20:56:19.519+0000] {processor.py:836} INFO - DAG(s) dict_keys(['example_branch_operator']) retrieved from /home/airflow/.local/lib/python3.7/site-packages/airflow/example_dags/example_branch_operator.py
[2023-06-03T20:56:19.538+0000] {logging_mixin.py:149} INFO - [2023-06-03T20:56:19.538+0000] {dag.py:2726} INFO - Sync 1 DAGs
[2023-06-03T20:56:19.557+0000] {logging_mixin.py:149} INFO - [2023-06-03T20:56:19.557+0000] {dag.py:3490} INFO - Setting next_dagrun for example_branch_operator to 2023-06-02T00:00:00+00:00, run_after=2023-06-03T00:00:00+00:00
[2023-06-03T20:56:19.572+0000] {processor.py:179} INFO - Processing /home/airflow/.local/lib/python3.7/site-packages/airflow/example_dags/example_branch_operator.py took 0.066 seconds
[2023-06-03T20:56:49.853+0000] {processor.py:157} INFO - Started process (PID=15858) to work on /home/airflow/.local/lib/python3.7/site-packages/airflow/example_dags/example_branch_operator.py
[2023-06-03T20:56:49.854+0000] {processor.py:826} INFO - Processing file /home/airflow/.local/lib/python3.7/site-packages/airflow/example_dags/example_branch_operator.py for tasks to queue
[2023-06-03T20:56:49.855+0000] {logging_mixin.py:149} INFO - [2023-06-03T20:56:49.855+0000] {dagbag.py:541} INFO - Filling up the DagBag from /home/airflow/.local/lib/python3.7/site-packages/airflow/example_dags/example_branch_operator.py
[2023-06-03T20:56:49.862+0000] {processor.py:836} INFO - DAG(s) dict_keys(['example_branch_operator']) retrieved from /home/airflow/.local/lib/python3.7/site-packages/airflow/example_dags/example_branch_operator.py
[2023-06-03T20:56:49.882+0000] {logging_mixin.py:149} INFO - [2023-06-03T20:56:49.882+0000] {dag.py:2726} INFO - Sync 1 DAGs
[2023-06-03T20:56:49.902+0000] {logging_mixin.py:149} INFO - [2023-06-03T20:56:49.902+0000] {dag.py:3490} INFO - Setting next_dagrun for example_branch_operator to 2023-06-02T00:00:00+00:00, run_after=2023-06-03T00:00:00+00:00
[2023-06-03T20:56:49.921+0000] {processor.py:179} INFO - Processing /home/airflow/.local/lib/python3.7/site-packages/airflow/example_dags/example_branch_operator.py took 0.070 seconds
[2023-06-03T20:57:20.037+0000] {processor.py:157} INFO - Started process (PID=16108) to work on /home/airflow/.local/lib/python3.7/site-packages/airflow/example_dags/example_branch_operator.py
[2023-06-03T20:57:20.038+0000] {processor.py:826} INFO - Processing file /home/airflow/.local/lib/python3.7/site-packages/airflow/example_dags/example_branch_operator.py for tasks to queue
[2023-06-03T20:57:20.039+0000] {logging_mixin.py:149} INFO - [2023-06-03T20:57:20.038+0000] {dagbag.py:541} INFO - Filling up the DagBag from /home/airflow/.local/lib/python3.7/site-packages/airflow/example_dags/example_branch_operator.py
[2023-06-03T20:57:20.046+0000] {processor.py:836} INFO - DAG(s) dict_keys(['example_branch_operator']) retrieved from /home/airflow/.local/lib/python3.7/site-packages/airflow/example_dags/example_branch_operator.py
[2023-06-03T20:57:20.066+0000] {logging_mixin.py:149} INFO - [2023-06-03T20:57:20.066+0000] {dag.py:2726} INFO - Sync 1 DAGs
[2023-06-03T20:57:20.085+0000] {logging_mixin.py:149} INFO - [2023-06-03T20:57:20.085+0000] {dag.py:3490} INFO - Setting next_dagrun for example_branch_operator to 2023-06-02T00:00:00+00:00, run_after=2023-06-03T00:00:00+00:00
[2023-06-03T20:57:20.103+0000] {processor.py:179} INFO - Processing /home/airflow/.local/lib/python3.7/site-packages/airflow/example_dags/example_branch_operator.py took 0.069 seconds
[2023-06-03T20:57:50.726+0000] {processor.py:157} INFO - Started process (PID=16360) to work on /home/airflow/.local/lib/python3.7/site-packages/airflow/example_dags/example_branch_operator.py
[2023-06-03T20:57:50.728+0000] {processor.py:826} INFO - Processing file /home/airflow/.local/lib/python3.7/site-packages/airflow/example_dags/example_branch_operator.py for tasks to queue
[2023-06-03T20:57:50.729+0000] {logging_mixin.py:149} INFO - [2023-06-03T20:57:50.729+0000] {dagbag.py:541} INFO - Filling up the DagBag from /home/airflow/.local/lib/python3.7/site-packages/airflow/example_dags/example_branch_operator.py
[2023-06-03T20:57:50.736+0000] {processor.py:836} INFO - DAG(s) dict_keys(['example_branch_operator']) retrieved from /home/airflow/.local/lib/python3.7/site-packages/airflow/example_dags/example_branch_operator.py
[2023-06-03T20:57:50.756+0000] {logging_mixin.py:149} INFO - [2023-06-03T20:57:50.756+0000] {dag.py:2726} INFO - Sync 1 DAGs
[2023-06-03T20:57:50.775+0000] {logging_mixin.py:149} INFO - [2023-06-03T20:57:50.775+0000] {dag.py:3490} INFO - Setting next_dagrun for example_branch_operator to 2023-06-02T00:00:00+00:00, run_after=2023-06-03T00:00:00+00:00
[2023-06-03T20:57:50.793+0000] {processor.py:179} INFO - Processing /home/airflow/.local/lib/python3.7/site-packages/airflow/example_dags/example_branch_operator.py took 0.069 seconds
[2023-06-03T20:58:21.149+0000] {processor.py:157} INFO - Started process (PID=16612) to work on /home/airflow/.local/lib/python3.7/site-packages/airflow/example_dags/example_branch_operator.py
[2023-06-03T20:58:21.150+0000] {processor.py:826} INFO - Processing file /home/airflow/.local/lib/python3.7/site-packages/airflow/example_dags/example_branch_operator.py for tasks to queue
[2023-06-03T20:58:21.151+0000] {logging_mixin.py:149} INFO - [2023-06-03T20:58:21.151+0000] {dagbag.py:541} INFO - Filling up the DagBag from /home/airflow/.local/lib/python3.7/site-packages/airflow/example_dags/example_branch_operator.py
[2023-06-03T20:58:21.158+0000] {processor.py:836} INFO - DAG(s) dict_keys(['example_branch_operator']) retrieved from /home/airflow/.local/lib/python3.7/site-packages/airflow/example_dags/example_branch_operator.py
[2023-06-03T20:58:21.178+0000] {logging_mixin.py:149} INFO - [2023-06-03T20:58:21.178+0000] {dag.py:2726} INFO - Sync 1 DAGs
[2023-06-03T20:58:21.229+0000] {logging_mixin.py:149} INFO - [2023-06-03T20:58:21.229+0000] {dag.py:3490} INFO - Setting next_dagrun for example_branch_operator to 2023-06-02T00:00:00+00:00, run_after=2023-06-03T00:00:00+00:00
[2023-06-03T20:58:21.247+0000] {processor.py:179} INFO - Processing /home/airflow/.local/lib/python3.7/site-packages/airflow/example_dags/example_branch_operator.py took 0.100 seconds
[2023-06-03T20:58:51.518+0000] {processor.py:157} INFO - Started process (PID=16864) to work on /home/airflow/.local/lib/python3.7/site-packages/airflow/example_dags/example_branch_operator.py
[2023-06-03T20:58:51.519+0000] {processor.py:826} INFO - Processing file /home/airflow/.local/lib/python3.7/site-packages/airflow/example_dags/example_branch_operator.py for tasks to queue
[2023-06-03T20:58:51.520+0000] {logging_mixin.py:149} INFO - [2023-06-03T20:58:51.520+0000] {dagbag.py:541} INFO - Filling up the DagBag from /home/airflow/.local/lib/python3.7/site-packages/airflow/example_dags/example_branch_operator.py
[2023-06-03T20:58:51.528+0000] {processor.py:836} INFO - DAG(s) dict_keys(['example_branch_operator']) retrieved from /home/airflow/.local/lib/python3.7/site-packages/airflow/example_dags/example_branch_operator.py
[2023-06-03T20:58:51.548+0000] {logging_mixin.py:149} INFO - [2023-06-03T20:58:51.548+0000] {dag.py:2726} INFO - Sync 1 DAGs
[2023-06-03T20:58:51.566+0000] {logging_mixin.py:149} INFO - [2023-06-03T20:58:51.566+0000] {dag.py:3490} INFO - Setting next_dagrun for example_branch_operator to 2023-06-02T00:00:00+00:00, run_after=2023-06-03T00:00:00+00:00
[2023-06-03T20:58:51.584+0000] {processor.py:179} INFO - Processing /home/airflow/.local/lib/python3.7/site-packages/airflow/example_dags/example_branch_operator.py took 0.068 seconds
[2023-06-03T20:59:22.345+0000] {processor.py:157} INFO - Started process (PID=17116) to work on /home/airflow/.local/lib/python3.7/site-packages/airflow/example_dags/example_branch_operator.py
[2023-06-03T20:59:22.346+0000] {processor.py:826} INFO - Processing file /home/airflow/.local/lib/python3.7/site-packages/airflow/example_dags/example_branch_operator.py for tasks to queue
[2023-06-03T20:59:22.347+0000] {logging_mixin.py:149} INFO - [2023-06-03T20:59:22.346+0000] {dagbag.py:541} INFO - Filling up the DagBag from /home/airflow/.local/lib/python3.7/site-packages/airflow/example_dags/example_branch_operator.py
[2023-06-03T20:59:22.354+0000] {processor.py:836} INFO - DAG(s) dict_keys(['example_branch_operator']) retrieved from /home/airflow/.local/lib/python3.7/site-packages/airflow/example_dags/example_branch_operator.py
[2023-06-03T20:59:22.374+0000] {logging_mixin.py:149} INFO - [2023-06-03T20:59:22.374+0000] {dag.py:2726} INFO - Sync 1 DAGs
[2023-06-03T20:59:22.392+0000] {logging_mixin.py:149} INFO - [2023-06-03T20:59:22.392+0000] {dag.py:3490} INFO - Setting next_dagrun for example_branch_operator to 2023-06-02T00:00:00+00:00, run_after=2023-06-03T00:00:00+00:00
[2023-06-03T20:59:22.411+0000] {processor.py:179} INFO - Processing /home/airflow/.local/lib/python3.7/site-packages/airflow/example_dags/example_branch_operator.py took 0.068 seconds
[2023-06-03T20:59:53.436+0000] {processor.py:157} INFO - Started process (PID=17368) to work on /home/airflow/.local/lib/python3.7/site-packages/airflow/example_dags/example_branch_operator.py
[2023-06-03T20:59:53.437+0000] {processor.py:826} INFO - Processing file /home/airflow/.local/lib/python3.7/site-packages/airflow/example_dags/example_branch_operator.py for tasks to queue
[2023-06-03T20:59:53.438+0000] {logging_mixin.py:149} INFO - [2023-06-03T20:59:53.438+0000] {dagbag.py:541} INFO - Filling up the DagBag from /home/airflow/.local/lib/python3.7/site-packages/airflow/example_dags/example_branch_operator.py
[2023-06-03T20:59:53.446+0000] {processor.py:836} INFO - DAG(s) dict_keys(['example_branch_operator']) retrieved from /home/airflow/.local/lib/python3.7/site-packages/airflow/example_dags/example_branch_operator.py
[2023-06-03T20:59:53.465+0000] {logging_mixin.py:149} INFO - [2023-06-03T20:59:53.465+0000] {dag.py:2726} INFO - Sync 1 DAGs
[2023-06-03T20:59:53.485+0000] {logging_mixin.py:149} INFO - [2023-06-03T20:59:53.485+0000] {dag.py:3490} INFO - Setting next_dagrun for example_branch_operator to 2023-06-02T00:00:00+00:00, run_after=2023-06-03T00:00:00+00:00
[2023-06-03T20:59:53.540+0000] {processor.py:179} INFO - Processing /home/airflow/.local/lib/python3.7/site-packages/airflow/example_dags/example_branch_operator.py took 0.106 seconds
[2023-06-03T21:00:23.977+0000] {processor.py:157} INFO - Started process (PID=17622) to work on /home/airflow/.local/lib/python3.7/site-packages/airflow/example_dags/example_branch_operator.py
[2023-06-03T21:00:23.978+0000] {processor.py:826} INFO - Processing file /home/airflow/.local/lib/python3.7/site-packages/airflow/example_dags/example_branch_operator.py for tasks to queue
[2023-06-03T21:00:23.979+0000] {logging_mixin.py:149} INFO - [2023-06-03T21:00:23.979+0000] {dagbag.py:541} INFO - Filling up the DagBag from /home/airflow/.local/lib/python3.7/site-packages/airflow/example_dags/example_branch_operator.py
[2023-06-03T21:00:23.986+0000] {processor.py:836} INFO - DAG(s) dict_keys(['example_branch_operator']) retrieved from /home/airflow/.local/lib/python3.7/site-packages/airflow/example_dags/example_branch_operator.py
[2023-06-03T21:00:24.005+0000] {logging_mixin.py:149} INFO - [2023-06-03T21:00:24.005+0000] {dag.py:2726} INFO - Sync 1 DAGs
[2023-06-03T21:00:24.023+0000] {logging_mixin.py:149} INFO - [2023-06-03T21:00:24.023+0000] {dag.py:3490} INFO - Setting next_dagrun for example_branch_operator to 2023-06-02T00:00:00+00:00, run_after=2023-06-03T00:00:00+00:00
[2023-06-03T21:00:24.039+0000] {processor.py:179} INFO - Processing /home/airflow/.local/lib/python3.7/site-packages/airflow/example_dags/example_branch_operator.py took 0.064 seconds
[2023-06-03T21:00:55.308+0000] {processor.py:157} INFO - Started process (PID=17872) to work on /home/airflow/.local/lib/python3.7/site-packages/airflow/example_dags/example_branch_operator.py
[2023-06-03T21:00:55.412+0000] {processor.py:826} INFO - Processing file /home/airflow/.local/lib/python3.7/site-packages/airflow/example_dags/example_branch_operator.py for tasks to queue
[2023-06-03T21:00:55.423+0000] {logging_mixin.py:149} INFO - [2023-06-03T21:00:55.423+0000] {dagbag.py:541} INFO - Filling up the DagBag from /home/airflow/.local/lib/python3.7/site-packages/airflow/example_dags/example_branch_operator.py
[2023-06-03T21:00:55.444+0000] {processor.py:836} INFO - DAG(s) dict_keys(['example_branch_operator']) retrieved from /home/airflow/.local/lib/python3.7/site-packages/airflow/example_dags/example_branch_operator.py
[2023-06-03T21:00:55.480+0000] {logging_mixin.py:149} INFO - [2023-06-03T21:00:55.480+0000] {dag.py:2726} INFO - Sync 1 DAGs
[2023-06-03T21:00:55.516+0000] {logging_mixin.py:149} INFO - [2023-06-03T21:00:55.516+0000] {dag.py:3490} INFO - Setting next_dagrun for example_branch_operator to 2023-06-02T00:00:00+00:00, run_after=2023-06-03T00:00:00+00:00
[2023-06-03T21:00:55.541+0000] {processor.py:179} INFO - Processing /home/airflow/.local/lib/python3.7/site-packages/airflow/example_dags/example_branch_operator.py took 0.237 seconds
