[2023-06-03T20:25:41.606+0000] {processor.py:157} INFO - Started process (PID=177) to work on /home/airflow/.local/lib/python3.7/site-packages/airflow/example_dags/example_branch_labels.py
[2023-06-03T20:25:41.612+0000] {processor.py:826} INFO - Processing file /home/airflow/.local/lib/python3.7/site-packages/airflow/example_dags/example_branch_labels.py for tasks to queue
[2023-06-03T20:25:41.615+0000] {logging_mixin.py:149} INFO - [2023-06-03T20:25:41.615+0000] {dagbag.py:541} INFO - Filling up the DagBag from /home/airflow/.local/lib/python3.7/site-packages/airflow/example_dags/example_branch_labels.py
[2023-06-03T20:25:41.633+0000] {processor.py:836} INFO - DAG(s) dict_keys(['example_branch_labels']) retrieved from /home/airflow/.local/lib/python3.7/site-packages/airflow/example_dags/example_branch_labels.py
[2023-06-03T20:25:41.647+0000] {logging_mixin.py:149} INFO - [2023-06-03T20:25:41.647+0000] {dag.py:2726} INFO - Sync 1 DAGs
[2023-06-03T20:25:41.677+0000] {logging_mixin.py:149} INFO - [2023-06-03T20:25:41.676+0000] {dag.py:3490} INFO - Setting next_dagrun for example_branch_labels to 2023-06-02T00:00:00+00:00, run_after=2023-06-03T00:00:00+00:00
[2023-06-03T20:25:41.694+0000] {processor.py:179} INFO - Processing /home/airflow/.local/lib/python3.7/site-packages/airflow/example_dags/example_branch_labels.py took 0.091 seconds
[2023-06-03T20:26:12.428+0000] {processor.py:157} INFO - Started process (PID=429) to work on /home/airflow/.local/lib/python3.7/site-packages/airflow/example_dags/example_branch_labels.py
[2023-06-03T20:26:12.429+0000] {processor.py:826} INFO - Processing file /home/airflow/.local/lib/python3.7/site-packages/airflow/example_dags/example_branch_labels.py for tasks to queue
[2023-06-03T20:26:12.430+0000] {logging_mixin.py:149} INFO - [2023-06-03T20:26:12.430+0000] {dagbag.py:541} INFO - Filling up the DagBag from /home/airflow/.local/lib/python3.7/site-packages/airflow/example_dags/example_branch_labels.py
[2023-06-03T20:26:12.436+0000] {processor.py:836} INFO - DAG(s) dict_keys(['example_branch_labels']) retrieved from /home/airflow/.local/lib/python3.7/site-packages/airflow/example_dags/example_branch_labels.py
[2023-06-03T20:26:12.452+0000] {logging_mixin.py:149} INFO - [2023-06-03T20:26:12.452+0000] {dag.py:2726} INFO - Sync 1 DAGs
[2023-06-03T20:26:12.469+0000] {logging_mixin.py:149} INFO - [2023-06-03T20:26:12.469+0000] {dag.py:3490} INFO - Setting next_dagrun for example_branch_labels to 2023-06-02T00:00:00+00:00, run_after=2023-06-03T00:00:00+00:00
[2023-06-03T20:26:12.554+0000] {processor.py:179} INFO - Processing /home/airflow/.local/lib/python3.7/site-packages/airflow/example_dags/example_branch_labels.py took 0.127 seconds
[2023-06-03T20:26:42.798+0000] {processor.py:157} INFO - Started process (PID=681) to work on /home/airflow/.local/lib/python3.7/site-packages/airflow/example_dags/example_branch_labels.py
[2023-06-03T20:26:42.801+0000] {processor.py:826} INFO - Processing file /home/airflow/.local/lib/python3.7/site-packages/airflow/example_dags/example_branch_labels.py for tasks to queue
[2023-06-03T20:26:42.802+0000] {logging_mixin.py:149} INFO - [2023-06-03T20:26:42.802+0000] {dagbag.py:541} INFO - Filling up the DagBag from /home/airflow/.local/lib/python3.7/site-packages/airflow/example_dags/example_branch_labels.py
[2023-06-03T20:26:42.808+0000] {processor.py:836} INFO - DAG(s) dict_keys(['example_branch_labels']) retrieved from /home/airflow/.local/lib/python3.7/site-packages/airflow/example_dags/example_branch_labels.py
[2023-06-03T20:26:42.830+0000] {logging_mixin.py:149} INFO - [2023-06-03T20:26:42.830+0000] {dag.py:2726} INFO - Sync 1 DAGs
[2023-06-03T20:26:42.849+0000] {logging_mixin.py:149} INFO - [2023-06-03T20:26:42.848+0000] {dag.py:3490} INFO - Setting next_dagrun for example_branch_labels to 2023-06-02T00:00:00+00:00, run_after=2023-06-03T00:00:00+00:00
[2023-06-03T20:26:42.865+0000] {processor.py:179} INFO - Processing /home/airflow/.local/lib/python3.7/site-packages/airflow/example_dags/example_branch_labels.py took 0.070 seconds
[2023-06-03T20:27:13.065+0000] {processor.py:157} INFO - Started process (PID=933) to work on /home/airflow/.local/lib/python3.7/site-packages/airflow/example_dags/example_branch_labels.py
[2023-06-03T20:27:13.066+0000] {processor.py:826} INFO - Processing file /home/airflow/.local/lib/python3.7/site-packages/airflow/example_dags/example_branch_labels.py for tasks to queue
[2023-06-03T20:27:13.067+0000] {logging_mixin.py:149} INFO - [2023-06-03T20:27:13.067+0000] {dagbag.py:541} INFO - Filling up the DagBag from /home/airflow/.local/lib/python3.7/site-packages/airflow/example_dags/example_branch_labels.py
[2023-06-03T20:27:13.072+0000] {processor.py:836} INFO - DAG(s) dict_keys(['example_branch_labels']) retrieved from /home/airflow/.local/lib/python3.7/site-packages/airflow/example_dags/example_branch_labels.py
[2023-06-03T20:27:13.091+0000] {logging_mixin.py:149} INFO - [2023-06-03T20:27:13.091+0000] {dag.py:2726} INFO - Sync 1 DAGs
[2023-06-03T20:27:13.109+0000] {logging_mixin.py:149} INFO - [2023-06-03T20:27:13.109+0000] {dag.py:3490} INFO - Setting next_dagrun for example_branch_labels to 2023-06-02T00:00:00+00:00, run_after=2023-06-03T00:00:00+00:00
[2023-06-03T20:27:13.124+0000] {processor.py:179} INFO - Processing /home/airflow/.local/lib/python3.7/site-packages/airflow/example_dags/example_branch_labels.py took 0.061 seconds
[2023-06-03T20:27:43.390+0000] {processor.py:157} INFO - Started process (PID=1185) to work on /home/airflow/.local/lib/python3.7/site-packages/airflow/example_dags/example_branch_labels.py
[2023-06-03T20:27:43.392+0000] {processor.py:826} INFO - Processing file /home/airflow/.local/lib/python3.7/site-packages/airflow/example_dags/example_branch_labels.py for tasks to queue
[2023-06-03T20:27:43.393+0000] {logging_mixin.py:149} INFO - [2023-06-03T20:27:43.393+0000] {dagbag.py:541} INFO - Filling up the DagBag from /home/airflow/.local/lib/python3.7/site-packages/airflow/example_dags/example_branch_labels.py
[2023-06-03T20:27:43.403+0000] {processor.py:836} INFO - DAG(s) dict_keys(['example_branch_labels']) retrieved from /home/airflow/.local/lib/python3.7/site-packages/airflow/example_dags/example_branch_labels.py
[2023-06-03T20:27:43.423+0000] {logging_mixin.py:149} INFO - [2023-06-03T20:27:43.423+0000] {dag.py:2726} INFO - Sync 1 DAGs
[2023-06-03T20:27:43.443+0000] {logging_mixin.py:149} INFO - [2023-06-03T20:27:43.443+0000] {dag.py:3490} INFO - Setting next_dagrun for example_branch_labels to 2023-06-02T00:00:00+00:00, run_after=2023-06-03T00:00:00+00:00
[2023-06-03T20:27:43.459+0000] {processor.py:179} INFO - Processing /home/airflow/.local/lib/python3.7/site-packages/airflow/example_dags/example_branch_labels.py took 0.071 seconds
[2023-06-03T20:28:13.760+0000] {processor.py:157} INFO - Started process (PID=1438) to work on /home/airflow/.local/lib/python3.7/site-packages/airflow/example_dags/example_branch_labels.py
[2023-06-03T20:28:13.763+0000] {processor.py:826} INFO - Processing file /home/airflow/.local/lib/python3.7/site-packages/airflow/example_dags/example_branch_labels.py for tasks to queue
[2023-06-03T20:28:13.765+0000] {logging_mixin.py:149} INFO - [2023-06-03T20:28:13.764+0000] {dagbag.py:541} INFO - Filling up the DagBag from /home/airflow/.local/lib/python3.7/site-packages/airflow/example_dags/example_branch_labels.py
[2023-06-03T20:28:13.771+0000] {processor.py:836} INFO - DAG(s) dict_keys(['example_branch_labels']) retrieved from /home/airflow/.local/lib/python3.7/site-packages/airflow/example_dags/example_branch_labels.py
[2023-06-03T20:28:13.790+0000] {logging_mixin.py:149} INFO - [2023-06-03T20:28:13.790+0000] {dag.py:2726} INFO - Sync 1 DAGs
[2023-06-03T20:28:13.811+0000] {logging_mixin.py:149} INFO - [2023-06-03T20:28:13.811+0000] {dag.py:3490} INFO - Setting next_dagrun for example_branch_labels to 2023-06-02T00:00:00+00:00, run_after=2023-06-03T00:00:00+00:00
[2023-06-03T20:28:13.829+0000] {processor.py:179} INFO - Processing /home/airflow/.local/lib/python3.7/site-packages/airflow/example_dags/example_branch_labels.py took 0.072 seconds
[2023-06-03T20:28:44.032+0000] {processor.py:157} INFO - Started process (PID=1690) to work on /home/airflow/.local/lib/python3.7/site-packages/airflow/example_dags/example_branch_labels.py
[2023-06-03T20:28:44.032+0000] {processor.py:826} INFO - Processing file /home/airflow/.local/lib/python3.7/site-packages/airflow/example_dags/example_branch_labels.py for tasks to queue
[2023-06-03T20:28:44.034+0000] {logging_mixin.py:149} INFO - [2023-06-03T20:28:44.033+0000] {dagbag.py:541} INFO - Filling up the DagBag from /home/airflow/.local/lib/python3.7/site-packages/airflow/example_dags/example_branch_labels.py
[2023-06-03T20:28:44.039+0000] {processor.py:836} INFO - DAG(s) dict_keys(['example_branch_labels']) retrieved from /home/airflow/.local/lib/python3.7/site-packages/airflow/example_dags/example_branch_labels.py
[2023-06-03T20:28:44.057+0000] {logging_mixin.py:149} INFO - [2023-06-03T20:28:44.057+0000] {dag.py:2726} INFO - Sync 1 DAGs
[2023-06-03T20:28:44.074+0000] {logging_mixin.py:149} INFO - [2023-06-03T20:28:44.074+0000] {dag.py:3490} INFO - Setting next_dagrun for example_branch_labels to 2023-06-02T00:00:00+00:00, run_after=2023-06-03T00:00:00+00:00
[2023-06-03T20:28:44.087+0000] {processor.py:179} INFO - Processing /home/airflow/.local/lib/python3.7/site-packages/airflow/example_dags/example_branch_labels.py took 0.058 seconds
[2023-06-03T20:29:14.465+0000] {processor.py:157} INFO - Started process (PID=1944) to work on /home/airflow/.local/lib/python3.7/site-packages/airflow/example_dags/example_branch_labels.py
[2023-06-03T20:29:14.466+0000] {processor.py:826} INFO - Processing file /home/airflow/.local/lib/python3.7/site-packages/airflow/example_dags/example_branch_labels.py for tasks to queue
[2023-06-03T20:29:14.468+0000] {logging_mixin.py:149} INFO - [2023-06-03T20:29:14.468+0000] {dagbag.py:541} INFO - Filling up the DagBag from /home/airflow/.local/lib/python3.7/site-packages/airflow/example_dags/example_branch_labels.py
[2023-06-03T20:29:14.477+0000] {processor.py:836} INFO - DAG(s) dict_keys(['example_branch_labels']) retrieved from /home/airflow/.local/lib/python3.7/site-packages/airflow/example_dags/example_branch_labels.py
[2023-06-03T20:29:14.498+0000] {logging_mixin.py:149} INFO - [2023-06-03T20:29:14.498+0000] {dag.py:2726} INFO - Sync 1 DAGs
[2023-06-03T20:29:14.517+0000] {logging_mixin.py:149} INFO - [2023-06-03T20:29:14.517+0000] {dag.py:3490} INFO - Setting next_dagrun for example_branch_labels to 2023-06-02T00:00:00+00:00, run_after=2023-06-03T00:00:00+00:00
[2023-06-03T20:29:14.532+0000] {processor.py:179} INFO - Processing /home/airflow/.local/lib/python3.7/site-packages/airflow/example_dags/example_branch_labels.py took 0.073 seconds
[2023-06-03T20:29:44.720+0000] {processor.py:157} INFO - Started process (PID=2196) to work on /home/airflow/.local/lib/python3.7/site-packages/airflow/example_dags/example_branch_labels.py
[2023-06-03T20:29:44.721+0000] {processor.py:826} INFO - Processing file /home/airflow/.local/lib/python3.7/site-packages/airflow/example_dags/example_branch_labels.py for tasks to queue
[2023-06-03T20:29:44.724+0000] {logging_mixin.py:149} INFO - [2023-06-03T20:29:44.724+0000] {dagbag.py:541} INFO - Filling up the DagBag from /home/airflow/.local/lib/python3.7/site-packages/airflow/example_dags/example_branch_labels.py
[2023-06-03T20:29:44.730+0000] {processor.py:836} INFO - DAG(s) dict_keys(['example_branch_labels']) retrieved from /home/airflow/.local/lib/python3.7/site-packages/airflow/example_dags/example_branch_labels.py
[2023-06-03T20:29:44.747+0000] {logging_mixin.py:149} INFO - [2023-06-03T20:29:44.747+0000] {dag.py:2726} INFO - Sync 1 DAGs
[2023-06-03T20:29:44.765+0000] {logging_mixin.py:149} INFO - [2023-06-03T20:29:44.765+0000] {dag.py:3490} INFO - Setting next_dagrun for example_branch_labels to 2023-06-02T00:00:00+00:00, run_after=2023-06-03T00:00:00+00:00
[2023-06-03T20:29:44.783+0000] {processor.py:179} INFO - Processing /home/airflow/.local/lib/python3.7/site-packages/airflow/example_dags/example_branch_labels.py took 0.066 seconds
[2023-06-03T20:30:14.843+0000] {processor.py:157} INFO - Started process (PID=2448) to work on /home/airflow/.local/lib/python3.7/site-packages/airflow/example_dags/example_branch_labels.py
[2023-06-03T20:30:14.845+0000] {processor.py:826} INFO - Processing file /home/airflow/.local/lib/python3.7/site-packages/airflow/example_dags/example_branch_labels.py for tasks to queue
[2023-06-03T20:30:14.846+0000] {logging_mixin.py:149} INFO - [2023-06-03T20:30:14.845+0000] {dagbag.py:541} INFO - Filling up the DagBag from /home/airflow/.local/lib/python3.7/site-packages/airflow/example_dags/example_branch_labels.py
[2023-06-03T20:30:14.851+0000] {processor.py:836} INFO - DAG(s) dict_keys(['example_branch_labels']) retrieved from /home/airflow/.local/lib/python3.7/site-packages/airflow/example_dags/example_branch_labels.py
[2023-06-03T20:30:14.868+0000] {logging_mixin.py:149} INFO - [2023-06-03T20:30:14.868+0000] {dag.py:2726} INFO - Sync 1 DAGs
[2023-06-03T20:30:14.886+0000] {logging_mixin.py:149} INFO - [2023-06-03T20:30:14.886+0000] {dag.py:3490} INFO - Setting next_dagrun for example_branch_labels to 2023-06-02T00:00:00+00:00, run_after=2023-06-03T00:00:00+00:00
[2023-06-03T20:30:14.902+0000] {processor.py:179} INFO - Processing /home/airflow/.local/lib/python3.7/site-packages/airflow/example_dags/example_branch_labels.py took 0.060 seconds
[2023-06-03T20:30:45.386+0000] {processor.py:157} INFO - Started process (PID=2698) to work on /home/airflow/.local/lib/python3.7/site-packages/airflow/example_dags/example_branch_labels.py
[2023-06-03T20:30:45.387+0000] {processor.py:826} INFO - Processing file /home/airflow/.local/lib/python3.7/site-packages/airflow/example_dags/example_branch_labels.py for tasks to queue
[2023-06-03T20:30:45.387+0000] {logging_mixin.py:149} INFO - [2023-06-03T20:30:45.387+0000] {dagbag.py:541} INFO - Filling up the DagBag from /home/airflow/.local/lib/python3.7/site-packages/airflow/example_dags/example_branch_labels.py
[2023-06-03T20:30:45.393+0000] {processor.py:836} INFO - DAG(s) dict_keys(['example_branch_labels']) retrieved from /home/airflow/.local/lib/python3.7/site-packages/airflow/example_dags/example_branch_labels.py
[2023-06-03T20:30:45.409+0000] {logging_mixin.py:149} INFO - [2023-06-03T20:30:45.409+0000] {dag.py:2726} INFO - Sync 1 DAGs
[2023-06-03T20:30:45.426+0000] {logging_mixin.py:149} INFO - [2023-06-03T20:30:45.426+0000] {dag.py:3490} INFO - Setting next_dagrun for example_branch_labels to 2023-06-02T00:00:00+00:00, run_after=2023-06-03T00:00:00+00:00
[2023-06-03T20:30:45.442+0000] {processor.py:179} INFO - Processing /home/airflow/.local/lib/python3.7/site-packages/airflow/example_dags/example_branch_labels.py took 0.059 seconds
[2023-06-03T20:31:15.643+0000] {processor.py:157} INFO - Started process (PID=2950) to work on /home/airflow/.local/lib/python3.7/site-packages/airflow/example_dags/example_branch_labels.py
[2023-06-03T20:31:15.644+0000] {processor.py:826} INFO - Processing file /home/airflow/.local/lib/python3.7/site-packages/airflow/example_dags/example_branch_labels.py for tasks to queue
[2023-06-03T20:31:15.646+0000] {logging_mixin.py:149} INFO - [2023-06-03T20:31:15.645+0000] {dagbag.py:541} INFO - Filling up the DagBag from /home/airflow/.local/lib/python3.7/site-packages/airflow/example_dags/example_branch_labels.py
[2023-06-03T20:31:15.651+0000] {processor.py:836} INFO - DAG(s) dict_keys(['example_branch_labels']) retrieved from /home/airflow/.local/lib/python3.7/site-packages/airflow/example_dags/example_branch_labels.py
[2023-06-03T20:31:15.669+0000] {logging_mixin.py:149} INFO - [2023-06-03T20:31:15.669+0000] {dag.py:2726} INFO - Sync 1 DAGs
[2023-06-03T20:31:15.688+0000] {logging_mixin.py:149} INFO - [2023-06-03T20:31:15.688+0000] {dag.py:3490} INFO - Setting next_dagrun for example_branch_labels to 2023-06-02T00:00:00+00:00, run_after=2023-06-03T00:00:00+00:00
[2023-06-03T20:31:15.705+0000] {processor.py:179} INFO - Processing /home/airflow/.local/lib/python3.7/site-packages/airflow/example_dags/example_branch_labels.py took 0.064 seconds
[2023-06-03T20:31:45.783+0000] {processor.py:157} INFO - Started process (PID=3202) to work on /home/airflow/.local/lib/python3.7/site-packages/airflow/example_dags/example_branch_labels.py
[2023-06-03T20:31:45.785+0000] {processor.py:826} INFO - Processing file /home/airflow/.local/lib/python3.7/site-packages/airflow/example_dags/example_branch_labels.py for tasks to queue
[2023-06-03T20:31:45.786+0000] {logging_mixin.py:149} INFO - [2023-06-03T20:31:45.786+0000] {dagbag.py:541} INFO - Filling up the DagBag from /home/airflow/.local/lib/python3.7/site-packages/airflow/example_dags/example_branch_labels.py
[2023-06-03T20:31:45.793+0000] {processor.py:836} INFO - DAG(s) dict_keys(['example_branch_labels']) retrieved from /home/airflow/.local/lib/python3.7/site-packages/airflow/example_dags/example_branch_labels.py
[2023-06-03T20:31:45.814+0000] {logging_mixin.py:149} INFO - [2023-06-03T20:31:45.813+0000] {dag.py:2726} INFO - Sync 1 DAGs
[2023-06-03T20:31:45.832+0000] {logging_mixin.py:149} INFO - [2023-06-03T20:31:45.832+0000] {dag.py:3490} INFO - Setting next_dagrun for example_branch_labels to 2023-06-02T00:00:00+00:00, run_after=2023-06-03T00:00:00+00:00
[2023-06-03T20:31:45.849+0000] {processor.py:179} INFO - Processing /home/airflow/.local/lib/python3.7/site-packages/airflow/example_dags/example_branch_labels.py took 0.068 seconds
[2023-06-03T20:32:16.071+0000] {processor.py:157} INFO - Started process (PID=3594) to work on /home/airflow/.local/lib/python3.7/site-packages/airflow/example_dags/example_branch_labels.py
[2023-06-03T20:32:16.073+0000] {processor.py:826} INFO - Processing file /home/airflow/.local/lib/python3.7/site-packages/airflow/example_dags/example_branch_labels.py for tasks to queue
[2023-06-03T20:32:16.074+0000] {logging_mixin.py:149} INFO - [2023-06-03T20:32:16.074+0000] {dagbag.py:541} INFO - Filling up the DagBag from /home/airflow/.local/lib/python3.7/site-packages/airflow/example_dags/example_branch_labels.py
[2023-06-03T20:32:16.081+0000] {processor.py:836} INFO - DAG(s) dict_keys(['example_branch_labels']) retrieved from /home/airflow/.local/lib/python3.7/site-packages/airflow/example_dags/example_branch_labels.py
[2023-06-03T20:32:16.100+0000] {logging_mixin.py:149} INFO - [2023-06-03T20:32:16.099+0000] {dag.py:2726} INFO - Sync 1 DAGs
[2023-06-03T20:32:16.119+0000] {logging_mixin.py:149} INFO - [2023-06-03T20:32:16.118+0000] {dag.py:3490} INFO - Setting next_dagrun for example_branch_labels to 2023-06-02T00:00:00+00:00, run_after=2023-06-03T00:00:00+00:00
[2023-06-03T20:32:16.135+0000] {processor.py:179} INFO - Processing /home/airflow/.local/lib/python3.7/site-packages/airflow/example_dags/example_branch_labels.py took 0.066 seconds
[2023-06-03T20:32:46.228+0000] {processor.py:157} INFO - Started process (PID=3844) to work on /home/airflow/.local/lib/python3.7/site-packages/airflow/example_dags/example_branch_labels.py
[2023-06-03T20:32:46.230+0000] {processor.py:826} INFO - Processing file /home/airflow/.local/lib/python3.7/site-packages/airflow/example_dags/example_branch_labels.py for tasks to queue
[2023-06-03T20:32:46.231+0000] {logging_mixin.py:149} INFO - [2023-06-03T20:32:46.231+0000] {dagbag.py:541} INFO - Filling up the DagBag from /home/airflow/.local/lib/python3.7/site-packages/airflow/example_dags/example_branch_labels.py
[2023-06-03T20:32:46.237+0000] {processor.py:836} INFO - DAG(s) dict_keys(['example_branch_labels']) retrieved from /home/airflow/.local/lib/python3.7/site-packages/airflow/example_dags/example_branch_labels.py
[2023-06-03T20:32:46.255+0000] {logging_mixin.py:149} INFO - [2023-06-03T20:32:46.255+0000] {dag.py:2726} INFO - Sync 1 DAGs
[2023-06-03T20:32:46.273+0000] {logging_mixin.py:149} INFO - [2023-06-03T20:32:46.273+0000] {dag.py:3490} INFO - Setting next_dagrun for example_branch_labels to 2023-06-02T00:00:00+00:00, run_after=2023-06-03T00:00:00+00:00
[2023-06-03T20:32:46.291+0000] {processor.py:179} INFO - Processing /home/airflow/.local/lib/python3.7/site-packages/airflow/example_dags/example_branch_labels.py took 0.064 seconds
[2023-06-03T20:33:16.372+0000] {processor.py:157} INFO - Started process (PID=4096) to work on /home/airflow/.local/lib/python3.7/site-packages/airflow/example_dags/example_branch_labels.py
[2023-06-03T20:33:16.373+0000] {processor.py:826} INFO - Processing file /home/airflow/.local/lib/python3.7/site-packages/airflow/example_dags/example_branch_labels.py for tasks to queue
[2023-06-03T20:33:16.374+0000] {logging_mixin.py:149} INFO - [2023-06-03T20:33:16.374+0000] {dagbag.py:541} INFO - Filling up the DagBag from /home/airflow/.local/lib/python3.7/site-packages/airflow/example_dags/example_branch_labels.py
[2023-06-03T20:33:16.380+0000] {processor.py:836} INFO - DAG(s) dict_keys(['example_branch_labels']) retrieved from /home/airflow/.local/lib/python3.7/site-packages/airflow/example_dags/example_branch_labels.py
[2023-06-03T20:33:16.399+0000] {logging_mixin.py:149} INFO - [2023-06-03T20:33:16.399+0000] {dag.py:2726} INFO - Sync 1 DAGs
[2023-06-03T20:33:16.417+0000] {logging_mixin.py:149} INFO - [2023-06-03T20:33:16.416+0000] {dag.py:3490} INFO - Setting next_dagrun for example_branch_labels to 2023-06-02T00:00:00+00:00, run_after=2023-06-03T00:00:00+00:00
[2023-06-03T20:33:16.434+0000] {processor.py:179} INFO - Processing /home/airflow/.local/lib/python3.7/site-packages/airflow/example_dags/example_branch_labels.py took 0.064 seconds
[2023-06-03T20:33:46.547+0000] {processor.py:157} INFO - Started process (PID=4348) to work on /home/airflow/.local/lib/python3.7/site-packages/airflow/example_dags/example_branch_labels.py
[2023-06-03T20:33:46.548+0000] {processor.py:826} INFO - Processing file /home/airflow/.local/lib/python3.7/site-packages/airflow/example_dags/example_branch_labels.py for tasks to queue
[2023-06-03T20:33:46.549+0000] {logging_mixin.py:149} INFO - [2023-06-03T20:33:46.549+0000] {dagbag.py:541} INFO - Filling up the DagBag from /home/airflow/.local/lib/python3.7/site-packages/airflow/example_dags/example_branch_labels.py
[2023-06-03T20:33:46.555+0000] {processor.py:836} INFO - DAG(s) dict_keys(['example_branch_labels']) retrieved from /home/airflow/.local/lib/python3.7/site-packages/airflow/example_dags/example_branch_labels.py
[2023-06-03T20:33:46.573+0000] {logging_mixin.py:149} INFO - [2023-06-03T20:33:46.573+0000] {dag.py:2726} INFO - Sync 1 DAGs
[2023-06-03T20:33:46.590+0000] {logging_mixin.py:149} INFO - [2023-06-03T20:33:46.590+0000] {dag.py:3490} INFO - Setting next_dagrun for example_branch_labels to 2023-06-02T00:00:00+00:00, run_after=2023-06-03T00:00:00+00:00
[2023-06-03T20:33:46.604+0000] {processor.py:179} INFO - Processing /home/airflow/.local/lib/python3.7/site-packages/airflow/example_dags/example_branch_labels.py took 0.060 seconds
[2023-06-03T20:34:17.192+0000] {processor.py:157} INFO - Started process (PID=4600) to work on /home/airflow/.local/lib/python3.7/site-packages/airflow/example_dags/example_branch_labels.py
[2023-06-03T20:34:17.193+0000] {processor.py:826} INFO - Processing file /home/airflow/.local/lib/python3.7/site-packages/airflow/example_dags/example_branch_labels.py for tasks to queue
[2023-06-03T20:34:17.195+0000] {logging_mixin.py:149} INFO - [2023-06-03T20:34:17.195+0000] {dagbag.py:541} INFO - Filling up the DagBag from /home/airflow/.local/lib/python3.7/site-packages/airflow/example_dags/example_branch_labels.py
[2023-06-03T20:34:17.200+0000] {processor.py:836} INFO - DAG(s) dict_keys(['example_branch_labels']) retrieved from /home/airflow/.local/lib/python3.7/site-packages/airflow/example_dags/example_branch_labels.py
[2023-06-03T20:34:17.216+0000] {logging_mixin.py:149} INFO - [2023-06-03T20:34:17.216+0000] {dag.py:2726} INFO - Sync 1 DAGs
[2023-06-03T20:34:17.234+0000] {logging_mixin.py:149} INFO - [2023-06-03T20:34:17.233+0000] {dag.py:3490} INFO - Setting next_dagrun for example_branch_labels to 2023-06-02T00:00:00+00:00, run_after=2023-06-03T00:00:00+00:00
[2023-06-03T20:34:17.248+0000] {processor.py:179} INFO - Processing /home/airflow/.local/lib/python3.7/site-packages/airflow/example_dags/example_branch_labels.py took 0.057 seconds
[2023-06-03T20:34:47.677+0000] {processor.py:157} INFO - Started process (PID=4852) to work on /home/airflow/.local/lib/python3.7/site-packages/airflow/example_dags/example_branch_labels.py
[2023-06-03T20:34:47.680+0000] {processor.py:826} INFO - Processing file /home/airflow/.local/lib/python3.7/site-packages/airflow/example_dags/example_branch_labels.py for tasks to queue
[2023-06-03T20:34:47.682+0000] {logging_mixin.py:149} INFO - [2023-06-03T20:34:47.681+0000] {dagbag.py:541} INFO - Filling up the DagBag from /home/airflow/.local/lib/python3.7/site-packages/airflow/example_dags/example_branch_labels.py
[2023-06-03T20:34:47.687+0000] {processor.py:836} INFO - DAG(s) dict_keys(['example_branch_labels']) retrieved from /home/airflow/.local/lib/python3.7/site-packages/airflow/example_dags/example_branch_labels.py
[2023-06-03T20:34:47.707+0000] {logging_mixin.py:149} INFO - [2023-06-03T20:34:47.707+0000] {dag.py:2726} INFO - Sync 1 DAGs
[2023-06-03T20:34:47.726+0000] {logging_mixin.py:149} INFO - [2023-06-03T20:34:47.726+0000] {dag.py:3490} INFO - Setting next_dagrun for example_branch_labels to 2023-06-02T00:00:00+00:00, run_after=2023-06-03T00:00:00+00:00
[2023-06-03T20:34:47.754+0000] {processor.py:179} INFO - Processing /home/airflow/.local/lib/python3.7/site-packages/airflow/example_dags/example_branch_labels.py took 0.079 seconds
[2023-06-03T20:35:18.091+0000] {processor.py:157} INFO - Started process (PID=5104) to work on /home/airflow/.local/lib/python3.7/site-packages/airflow/example_dags/example_branch_labels.py
[2023-06-03T20:35:18.092+0000] {processor.py:826} INFO - Processing file /home/airflow/.local/lib/python3.7/site-packages/airflow/example_dags/example_branch_labels.py for tasks to queue
[2023-06-03T20:35:18.092+0000] {logging_mixin.py:149} INFO - [2023-06-03T20:35:18.092+0000] {dagbag.py:541} INFO - Filling up the DagBag from /home/airflow/.local/lib/python3.7/site-packages/airflow/example_dags/example_branch_labels.py
[2023-06-03T20:35:18.098+0000] {processor.py:836} INFO - DAG(s) dict_keys(['example_branch_labels']) retrieved from /home/airflow/.local/lib/python3.7/site-packages/airflow/example_dags/example_branch_labels.py
[2023-06-03T20:35:18.116+0000] {logging_mixin.py:149} INFO - [2023-06-03T20:35:18.116+0000] {dag.py:2726} INFO - Sync 1 DAGs
[2023-06-03T20:35:18.134+0000] {logging_mixin.py:149} INFO - [2023-06-03T20:35:18.134+0000] {dag.py:3490} INFO - Setting next_dagrun for example_branch_labels to 2023-06-02T00:00:00+00:00, run_after=2023-06-03T00:00:00+00:00
[2023-06-03T20:35:18.150+0000] {processor.py:179} INFO - Processing /home/airflow/.local/lib/python3.7/site-packages/airflow/example_dags/example_branch_labels.py took 0.062 seconds
[2023-06-03T20:35:48.830+0000] {processor.py:157} INFO - Started process (PID=5356) to work on /home/airflow/.local/lib/python3.7/site-packages/airflow/example_dags/example_branch_labels.py
[2023-06-03T20:35:48.831+0000] {processor.py:826} INFO - Processing file /home/airflow/.local/lib/python3.7/site-packages/airflow/example_dags/example_branch_labels.py for tasks to queue
[2023-06-03T20:35:48.832+0000] {logging_mixin.py:149} INFO - [2023-06-03T20:35:48.832+0000] {dagbag.py:541} INFO - Filling up the DagBag from /home/airflow/.local/lib/python3.7/site-packages/airflow/example_dags/example_branch_labels.py
[2023-06-03T20:35:48.838+0000] {processor.py:836} INFO - DAG(s) dict_keys(['example_branch_labels']) retrieved from /home/airflow/.local/lib/python3.7/site-packages/airflow/example_dags/example_branch_labels.py
[2023-06-03T20:35:48.856+0000] {logging_mixin.py:149} INFO - [2023-06-03T20:35:48.856+0000] {dag.py:2726} INFO - Sync 1 DAGs
[2023-06-03T20:35:48.873+0000] {logging_mixin.py:149} INFO - [2023-06-03T20:35:48.873+0000] {dag.py:3490} INFO - Setting next_dagrun for example_branch_labels to 2023-06-02T00:00:00+00:00, run_after=2023-06-03T00:00:00+00:00
[2023-06-03T20:35:48.889+0000] {processor.py:179} INFO - Processing /home/airflow/.local/lib/python3.7/site-packages/airflow/example_dags/example_branch_labels.py took 0.062 seconds
[2023-06-03T20:36:19.464+0000] {processor.py:157} INFO - Started process (PID=5608) to work on /home/airflow/.local/lib/python3.7/site-packages/airflow/example_dags/example_branch_labels.py
[2023-06-03T20:36:19.466+0000] {processor.py:826} INFO - Processing file /home/airflow/.local/lib/python3.7/site-packages/airflow/example_dags/example_branch_labels.py for tasks to queue
[2023-06-03T20:36:19.467+0000] {logging_mixin.py:149} INFO - [2023-06-03T20:36:19.467+0000] {dagbag.py:541} INFO - Filling up the DagBag from /home/airflow/.local/lib/python3.7/site-packages/airflow/example_dags/example_branch_labels.py
[2023-06-03T20:36:19.473+0000] {processor.py:836} INFO - DAG(s) dict_keys(['example_branch_labels']) retrieved from /home/airflow/.local/lib/python3.7/site-packages/airflow/example_dags/example_branch_labels.py
[2023-06-03T20:36:19.491+0000] {logging_mixin.py:149} INFO - [2023-06-03T20:36:19.491+0000] {dag.py:2726} INFO - Sync 1 DAGs
[2023-06-03T20:36:19.509+0000] {logging_mixin.py:149} INFO - [2023-06-03T20:36:19.509+0000] {dag.py:3490} INFO - Setting next_dagrun for example_branch_labels to 2023-06-02T00:00:00+00:00, run_after=2023-06-03T00:00:00+00:00
[2023-06-03T20:36:19.527+0000] {processor.py:179} INFO - Processing /home/airflow/.local/lib/python3.7/site-packages/airflow/example_dags/example_branch_labels.py took 0.065 seconds
[2023-06-03T20:36:50.034+0000] {processor.py:157} INFO - Started process (PID=5860) to work on /home/airflow/.local/lib/python3.7/site-packages/airflow/example_dags/example_branch_labels.py
[2023-06-03T20:36:50.035+0000] {processor.py:826} INFO - Processing file /home/airflow/.local/lib/python3.7/site-packages/airflow/example_dags/example_branch_labels.py for tasks to queue
[2023-06-03T20:36:50.037+0000] {logging_mixin.py:149} INFO - [2023-06-03T20:36:50.036+0000] {dagbag.py:541} INFO - Filling up the DagBag from /home/airflow/.local/lib/python3.7/site-packages/airflow/example_dags/example_branch_labels.py
[2023-06-03T20:36:50.042+0000] {processor.py:836} INFO - DAG(s) dict_keys(['example_branch_labels']) retrieved from /home/airflow/.local/lib/python3.7/site-packages/airflow/example_dags/example_branch_labels.py
[2023-06-03T20:36:50.061+0000] {logging_mixin.py:149} INFO - [2023-06-03T20:36:50.061+0000] {dag.py:2726} INFO - Sync 1 DAGs
[2023-06-03T20:36:50.080+0000] {logging_mixin.py:149} INFO - [2023-06-03T20:36:50.079+0000] {dag.py:3490} INFO - Setting next_dagrun for example_branch_labels to 2023-06-02T00:00:00+00:00, run_after=2023-06-03T00:00:00+00:00
[2023-06-03T20:36:50.094+0000] {processor.py:179} INFO - Processing /home/airflow/.local/lib/python3.7/site-packages/airflow/example_dags/example_branch_labels.py took 0.062 seconds
[2023-06-03T20:37:20.771+0000] {processor.py:157} INFO - Started process (PID=6112) to work on /home/airflow/.local/lib/python3.7/site-packages/airflow/example_dags/example_branch_labels.py
[2023-06-03T20:37:20.773+0000] {processor.py:826} INFO - Processing file /home/airflow/.local/lib/python3.7/site-packages/airflow/example_dags/example_branch_labels.py for tasks to queue
[2023-06-03T20:37:20.774+0000] {logging_mixin.py:149} INFO - [2023-06-03T20:37:20.774+0000] {dagbag.py:541} INFO - Filling up the DagBag from /home/airflow/.local/lib/python3.7/site-packages/airflow/example_dags/example_branch_labels.py
[2023-06-03T20:37:20.780+0000] {processor.py:836} INFO - DAG(s) dict_keys(['example_branch_labels']) retrieved from /home/airflow/.local/lib/python3.7/site-packages/airflow/example_dags/example_branch_labels.py
[2023-06-03T20:37:20.800+0000] {logging_mixin.py:149} INFO - [2023-06-03T20:37:20.800+0000] {dag.py:2726} INFO - Sync 1 DAGs
[2023-06-03T20:37:20.818+0000] {logging_mixin.py:149} INFO - [2023-06-03T20:37:20.818+0000] {dag.py:3490} INFO - Setting next_dagrun for example_branch_labels to 2023-06-02T00:00:00+00:00, run_after=2023-06-03T00:00:00+00:00
[2023-06-03T20:37:20.834+0000] {processor.py:179} INFO - Processing /home/airflow/.local/lib/python3.7/site-packages/airflow/example_dags/example_branch_labels.py took 0.065 seconds
[2023-06-03T20:37:51.410+0000] {processor.py:157} INFO - Started process (PID=6364) to work on /home/airflow/.local/lib/python3.7/site-packages/airflow/example_dags/example_branch_labels.py
[2023-06-03T20:37:51.411+0000] {processor.py:826} INFO - Processing file /home/airflow/.local/lib/python3.7/site-packages/airflow/example_dags/example_branch_labels.py for tasks to queue
[2023-06-03T20:37:51.412+0000] {logging_mixin.py:149} INFO - [2023-06-03T20:37:51.412+0000] {dagbag.py:541} INFO - Filling up the DagBag from /home/airflow/.local/lib/python3.7/site-packages/airflow/example_dags/example_branch_labels.py
[2023-06-03T20:37:51.417+0000] {processor.py:836} INFO - DAG(s) dict_keys(['example_branch_labels']) retrieved from /home/airflow/.local/lib/python3.7/site-packages/airflow/example_dags/example_branch_labels.py
[2023-06-03T20:37:51.438+0000] {logging_mixin.py:149} INFO - [2023-06-03T20:37:51.438+0000] {dag.py:2726} INFO - Sync 1 DAGs
[2023-06-03T20:37:51.457+0000] {logging_mixin.py:149} INFO - [2023-06-03T20:37:51.457+0000] {dag.py:3490} INFO - Setting next_dagrun for example_branch_labels to 2023-06-02T00:00:00+00:00, run_after=2023-06-03T00:00:00+00:00
[2023-06-03T20:37:51.491+0000] {processor.py:179} INFO - Processing /home/airflow/.local/lib/python3.7/site-packages/airflow/example_dags/example_branch_labels.py took 0.083 seconds
[2023-06-03T20:38:21.654+0000] {processor.py:157} INFO - Started process (PID=6616) to work on /home/airflow/.local/lib/python3.7/site-packages/airflow/example_dags/example_branch_labels.py
[2023-06-03T20:38:21.655+0000] {processor.py:826} INFO - Processing file /home/airflow/.local/lib/python3.7/site-packages/airflow/example_dags/example_branch_labels.py for tasks to queue
[2023-06-03T20:38:21.656+0000] {logging_mixin.py:149} INFO - [2023-06-03T20:38:21.656+0000] {dagbag.py:541} INFO - Filling up the DagBag from /home/airflow/.local/lib/python3.7/site-packages/airflow/example_dags/example_branch_labels.py
[2023-06-03T20:38:21.661+0000] {processor.py:836} INFO - DAG(s) dict_keys(['example_branch_labels']) retrieved from /home/airflow/.local/lib/python3.7/site-packages/airflow/example_dags/example_branch_labels.py
[2023-06-03T20:38:21.678+0000] {logging_mixin.py:149} INFO - [2023-06-03T20:38:21.678+0000] {dag.py:2726} INFO - Sync 1 DAGs
[2023-06-03T20:38:21.696+0000] {logging_mixin.py:149} INFO - [2023-06-03T20:38:21.696+0000] {dag.py:3490} INFO - Setting next_dagrun for example_branch_labels to 2023-06-02T00:00:00+00:00, run_after=2023-06-03T00:00:00+00:00
[2023-06-03T20:38:21.710+0000] {processor.py:179} INFO - Processing /home/airflow/.local/lib/python3.7/site-packages/airflow/example_dags/example_branch_labels.py took 0.058 seconds
[2023-06-03T20:38:51.846+0000] {processor.py:157} INFO - Started process (PID=6868) to work on /home/airflow/.local/lib/python3.7/site-packages/airflow/example_dags/example_branch_labels.py
[2023-06-03T20:38:51.847+0000] {processor.py:826} INFO - Processing file /home/airflow/.local/lib/python3.7/site-packages/airflow/example_dags/example_branch_labels.py for tasks to queue
[2023-06-03T20:38:51.848+0000] {logging_mixin.py:149} INFO - [2023-06-03T20:38:51.848+0000] {dagbag.py:541} INFO - Filling up the DagBag from /home/airflow/.local/lib/python3.7/site-packages/airflow/example_dags/example_branch_labels.py
[2023-06-03T20:38:51.854+0000] {processor.py:836} INFO - DAG(s) dict_keys(['example_branch_labels']) retrieved from /home/airflow/.local/lib/python3.7/site-packages/airflow/example_dags/example_branch_labels.py
[2023-06-03T20:38:51.872+0000] {logging_mixin.py:149} INFO - [2023-06-03T20:38:51.872+0000] {dag.py:2726} INFO - Sync 1 DAGs
[2023-06-03T20:38:51.889+0000] {logging_mixin.py:149} INFO - [2023-06-03T20:38:51.889+0000] {dag.py:3490} INFO - Setting next_dagrun for example_branch_labels to 2023-06-02T00:00:00+00:00, run_after=2023-06-03T00:00:00+00:00
[2023-06-03T20:38:51.923+0000] {processor.py:179} INFO - Processing /home/airflow/.local/lib/python3.7/site-packages/airflow/example_dags/example_branch_labels.py took 0.080 seconds
[2023-06-03T20:39:22.212+0000] {processor.py:157} INFO - Started process (PID=7120) to work on /home/airflow/.local/lib/python3.7/site-packages/airflow/example_dags/example_branch_labels.py
[2023-06-03T20:39:22.213+0000] {processor.py:826} INFO - Processing file /home/airflow/.local/lib/python3.7/site-packages/airflow/example_dags/example_branch_labels.py for tasks to queue
[2023-06-03T20:39:22.214+0000] {logging_mixin.py:149} INFO - [2023-06-03T20:39:22.214+0000] {dagbag.py:541} INFO - Filling up the DagBag from /home/airflow/.local/lib/python3.7/site-packages/airflow/example_dags/example_branch_labels.py
[2023-06-03T20:39:22.220+0000] {processor.py:836} INFO - DAG(s) dict_keys(['example_branch_labels']) retrieved from /home/airflow/.local/lib/python3.7/site-packages/airflow/example_dags/example_branch_labels.py
[2023-06-03T20:39:22.239+0000] {logging_mixin.py:149} INFO - [2023-06-03T20:39:22.239+0000] {dag.py:2726} INFO - Sync 1 DAGs
[2023-06-03T20:39:22.259+0000] {logging_mixin.py:149} INFO - [2023-06-03T20:39:22.259+0000] {dag.py:3490} INFO - Setting next_dagrun for example_branch_labels to 2023-06-02T00:00:00+00:00, run_after=2023-06-03T00:00:00+00:00
[2023-06-03T20:39:22.274+0000] {processor.py:179} INFO - Processing /home/airflow/.local/lib/python3.7/site-packages/airflow/example_dags/example_branch_labels.py took 0.065 seconds
[2023-06-03T20:39:52.348+0000] {processor.py:157} INFO - Started process (PID=7372) to work on /home/airflow/.local/lib/python3.7/site-packages/airflow/example_dags/example_branch_labels.py
[2023-06-03T20:39:52.350+0000] {processor.py:826} INFO - Processing file /home/airflow/.local/lib/python3.7/site-packages/airflow/example_dags/example_branch_labels.py for tasks to queue
[2023-06-03T20:39:52.351+0000] {logging_mixin.py:149} INFO - [2023-06-03T20:39:52.350+0000] {dagbag.py:541} INFO - Filling up the DagBag from /home/airflow/.local/lib/python3.7/site-packages/airflow/example_dags/example_branch_labels.py
[2023-06-03T20:39:52.357+0000] {processor.py:836} INFO - DAG(s) dict_keys(['example_branch_labels']) retrieved from /home/airflow/.local/lib/python3.7/site-packages/airflow/example_dags/example_branch_labels.py
[2023-06-03T20:39:52.376+0000] {logging_mixin.py:149} INFO - [2023-06-03T20:39:52.376+0000] {dag.py:2726} INFO - Sync 1 DAGs
[2023-06-03T20:39:52.396+0000] {logging_mixin.py:149} INFO - [2023-06-03T20:39:52.395+0000] {dag.py:3490} INFO - Setting next_dagrun for example_branch_labels to 2023-06-02T00:00:00+00:00, run_after=2023-06-03T00:00:00+00:00
[2023-06-03T20:39:52.412+0000] {processor.py:179} INFO - Processing /home/airflow/.local/lib/python3.7/site-packages/airflow/example_dags/example_branch_labels.py took 0.066 seconds
[2023-06-03T20:40:22.807+0000] {processor.py:157} INFO - Started process (PID=7626) to work on /home/airflow/.local/lib/python3.7/site-packages/airflow/example_dags/example_branch_labels.py
[2023-06-03T20:40:22.809+0000] {processor.py:826} INFO - Processing file /home/airflow/.local/lib/python3.7/site-packages/airflow/example_dags/example_branch_labels.py for tasks to queue
[2023-06-03T20:40:22.810+0000] {logging_mixin.py:149} INFO - [2023-06-03T20:40:22.810+0000] {dagbag.py:541} INFO - Filling up the DagBag from /home/airflow/.local/lib/python3.7/site-packages/airflow/example_dags/example_branch_labels.py
[2023-06-03T20:40:22.815+0000] {processor.py:836} INFO - DAG(s) dict_keys(['example_branch_labels']) retrieved from /home/airflow/.local/lib/python3.7/site-packages/airflow/example_dags/example_branch_labels.py
[2023-06-03T20:40:22.833+0000] {logging_mixin.py:149} INFO - [2023-06-03T20:40:22.833+0000] {dag.py:2726} INFO - Sync 1 DAGs
[2023-06-03T20:40:22.852+0000] {logging_mixin.py:149} INFO - [2023-06-03T20:40:22.851+0000] {dag.py:3490} INFO - Setting next_dagrun for example_branch_labels to 2023-06-02T00:00:00+00:00, run_after=2023-06-03T00:00:00+00:00
[2023-06-03T20:40:22.870+0000] {processor.py:179} INFO - Processing /home/airflow/.local/lib/python3.7/site-packages/airflow/example_dags/example_branch_labels.py took 0.064 seconds
[2023-06-03T20:40:53.755+0000] {processor.py:157} INFO - Started process (PID=7876) to work on /home/airflow/.local/lib/python3.7/site-packages/airflow/example_dags/example_branch_labels.py
[2023-06-03T20:40:53.757+0000] {processor.py:826} INFO - Processing file /home/airflow/.local/lib/python3.7/site-packages/airflow/example_dags/example_branch_labels.py for tasks to queue
[2023-06-03T20:40:53.758+0000] {logging_mixin.py:149} INFO - [2023-06-03T20:40:53.758+0000] {dagbag.py:541} INFO - Filling up the DagBag from /home/airflow/.local/lib/python3.7/site-packages/airflow/example_dags/example_branch_labels.py
[2023-06-03T20:40:53.766+0000] {processor.py:836} INFO - DAG(s) dict_keys(['example_branch_labels']) retrieved from /home/airflow/.local/lib/python3.7/site-packages/airflow/example_dags/example_branch_labels.py
[2023-06-03T20:40:53.789+0000] {logging_mixin.py:149} INFO - [2023-06-03T20:40:53.788+0000] {dag.py:2726} INFO - Sync 1 DAGs
[2023-06-03T20:40:53.810+0000] {logging_mixin.py:149} INFO - [2023-06-03T20:40:53.810+0000] {dag.py:3490} INFO - Setting next_dagrun for example_branch_labels to 2023-06-02T00:00:00+00:00, run_after=2023-06-03T00:00:00+00:00
[2023-06-03T20:40:53.826+0000] {processor.py:179} INFO - Processing /home/airflow/.local/lib/python3.7/site-packages/airflow/example_dags/example_branch_labels.py took 0.074 seconds
[2023-06-03T20:41:23.971+0000] {processor.py:157} INFO - Started process (PID=8128) to work on /home/airflow/.local/lib/python3.7/site-packages/airflow/example_dags/example_branch_labels.py
[2023-06-03T20:41:23.980+0000] {processor.py:826} INFO - Processing file /home/airflow/.local/lib/python3.7/site-packages/airflow/example_dags/example_branch_labels.py for tasks to queue
[2023-06-03T20:41:23.984+0000] {logging_mixin.py:149} INFO - [2023-06-03T20:41:23.983+0000] {dagbag.py:541} INFO - Filling up the DagBag from /home/airflow/.local/lib/python3.7/site-packages/airflow/example_dags/example_branch_labels.py
[2023-06-03T20:41:23.992+0000] {processor.py:836} INFO - DAG(s) dict_keys(['example_branch_labels']) retrieved from /home/airflow/.local/lib/python3.7/site-packages/airflow/example_dags/example_branch_labels.py
[2023-06-03T20:41:24.014+0000] {logging_mixin.py:149} INFO - [2023-06-03T20:41:24.014+0000] {dag.py:2726} INFO - Sync 1 DAGs
[2023-06-03T20:41:24.038+0000] {logging_mixin.py:149} INFO - [2023-06-03T20:41:24.038+0000] {dag.py:3490} INFO - Setting next_dagrun for example_branch_labels to 2023-06-02T00:00:00+00:00, run_after=2023-06-03T00:00:00+00:00
[2023-06-03T20:41:24.054+0000] {processor.py:179} INFO - Processing /home/airflow/.local/lib/python3.7/site-packages/airflow/example_dags/example_branch_labels.py took 0.085 seconds
[2023-06-03T20:41:54.257+0000] {processor.py:157} INFO - Started process (PID=8380) to work on /home/airflow/.local/lib/python3.7/site-packages/airflow/example_dags/example_branch_labels.py
[2023-06-03T20:41:54.258+0000] {processor.py:826} INFO - Processing file /home/airflow/.local/lib/python3.7/site-packages/airflow/example_dags/example_branch_labels.py for tasks to queue
[2023-06-03T20:41:54.259+0000] {logging_mixin.py:149} INFO - [2023-06-03T20:41:54.259+0000] {dagbag.py:541} INFO - Filling up the DagBag from /home/airflow/.local/lib/python3.7/site-packages/airflow/example_dags/example_branch_labels.py
[2023-06-03T20:41:54.264+0000] {processor.py:836} INFO - DAG(s) dict_keys(['example_branch_labels']) retrieved from /home/airflow/.local/lib/python3.7/site-packages/airflow/example_dags/example_branch_labels.py
[2023-06-03T20:41:54.282+0000] {logging_mixin.py:149} INFO - [2023-06-03T20:41:54.282+0000] {dag.py:2726} INFO - Sync 1 DAGs
[2023-06-03T20:41:54.299+0000] {logging_mixin.py:149} INFO - [2023-06-03T20:41:54.299+0000] {dag.py:3490} INFO - Setting next_dagrun for example_branch_labels to 2023-06-02T00:00:00+00:00, run_after=2023-06-03T00:00:00+00:00
[2023-06-03T20:41:54.318+0000] {processor.py:179} INFO - Processing /home/airflow/.local/lib/python3.7/site-packages/airflow/example_dags/example_branch_labels.py took 0.063 seconds
[2023-06-03T20:42:24.510+0000] {processor.py:157} INFO - Started process (PID=8632) to work on /home/airflow/.local/lib/python3.7/site-packages/airflow/example_dags/example_branch_labels.py
[2023-06-03T20:42:24.514+0000] {processor.py:826} INFO - Processing file /home/airflow/.local/lib/python3.7/site-packages/airflow/example_dags/example_branch_labels.py for tasks to queue
[2023-06-03T20:42:24.515+0000] {logging_mixin.py:149} INFO - [2023-06-03T20:42:24.515+0000] {dagbag.py:541} INFO - Filling up the DagBag from /home/airflow/.local/lib/python3.7/site-packages/airflow/example_dags/example_branch_labels.py
[2023-06-03T20:42:24.524+0000] {processor.py:836} INFO - DAG(s) dict_keys(['example_branch_labels']) retrieved from /home/airflow/.local/lib/python3.7/site-packages/airflow/example_dags/example_branch_labels.py
[2023-06-03T20:42:24.541+0000] {logging_mixin.py:149} INFO - [2023-06-03T20:42:24.541+0000] {dag.py:2726} INFO - Sync 1 DAGs
[2023-06-03T20:42:24.559+0000] {logging_mixin.py:149} INFO - [2023-06-03T20:42:24.559+0000] {dag.py:3490} INFO - Setting next_dagrun for example_branch_labels to 2023-06-02T00:00:00+00:00, run_after=2023-06-03T00:00:00+00:00
[2023-06-03T20:42:24.574+0000] {processor.py:179} INFO - Processing /home/airflow/.local/lib/python3.7/site-packages/airflow/example_dags/example_branch_labels.py took 0.067 seconds
[2023-06-03T20:42:54.702+0000] {processor.py:157} INFO - Started process (PID=8884) to work on /home/airflow/.local/lib/python3.7/site-packages/airflow/example_dags/example_branch_labels.py
[2023-06-03T20:42:54.703+0000] {processor.py:826} INFO - Processing file /home/airflow/.local/lib/python3.7/site-packages/airflow/example_dags/example_branch_labels.py for tasks to queue
[2023-06-03T20:42:54.704+0000] {logging_mixin.py:149} INFO - [2023-06-03T20:42:54.704+0000] {dagbag.py:541} INFO - Filling up the DagBag from /home/airflow/.local/lib/python3.7/site-packages/airflow/example_dags/example_branch_labels.py
[2023-06-03T20:42:54.710+0000] {processor.py:836} INFO - DAG(s) dict_keys(['example_branch_labels']) retrieved from /home/airflow/.local/lib/python3.7/site-packages/airflow/example_dags/example_branch_labels.py
[2023-06-03T20:42:54.728+0000] {logging_mixin.py:149} INFO - [2023-06-03T20:42:54.728+0000] {dag.py:2726} INFO - Sync 1 DAGs
[2023-06-03T20:42:54.747+0000] {logging_mixin.py:149} INFO - [2023-06-03T20:42:54.747+0000] {dag.py:3490} INFO - Setting next_dagrun for example_branch_labels to 2023-06-02T00:00:00+00:00, run_after=2023-06-03T00:00:00+00:00
[2023-06-03T20:42:54.764+0000] {processor.py:179} INFO - Processing /home/airflow/.local/lib/python3.7/site-packages/airflow/example_dags/example_branch_labels.py took 0.064 seconds
[2023-06-03T20:43:24.945+0000] {processor.py:157} INFO - Started process (PID=9136) to work on /home/airflow/.local/lib/python3.7/site-packages/airflow/example_dags/example_branch_labels.py
[2023-06-03T20:43:24.946+0000] {processor.py:826} INFO - Processing file /home/airflow/.local/lib/python3.7/site-packages/airflow/example_dags/example_branch_labels.py for tasks to queue
[2023-06-03T20:43:24.947+0000] {logging_mixin.py:149} INFO - [2023-06-03T20:43:24.947+0000] {dagbag.py:541} INFO - Filling up the DagBag from /home/airflow/.local/lib/python3.7/site-packages/airflow/example_dags/example_branch_labels.py
[2023-06-03T20:43:24.953+0000] {processor.py:836} INFO - DAG(s) dict_keys(['example_branch_labels']) retrieved from /home/airflow/.local/lib/python3.7/site-packages/airflow/example_dags/example_branch_labels.py
[2023-06-03T20:43:24.971+0000] {logging_mixin.py:149} INFO - [2023-06-03T20:43:24.971+0000] {dag.py:2726} INFO - Sync 1 DAGs
[2023-06-03T20:43:24.990+0000] {logging_mixin.py:149} INFO - [2023-06-03T20:43:24.989+0000] {dag.py:3490} INFO - Setting next_dagrun for example_branch_labels to 2023-06-02T00:00:00+00:00, run_after=2023-06-03T00:00:00+00:00
[2023-06-03T20:43:25.007+0000] {processor.py:179} INFO - Processing /home/airflow/.local/lib/python3.7/site-packages/airflow/example_dags/example_branch_labels.py took 0.064 seconds
[2023-06-03T20:43:55.141+0000] {processor.py:157} INFO - Started process (PID=9388) to work on /home/airflow/.local/lib/python3.7/site-packages/airflow/example_dags/example_branch_labels.py
[2023-06-03T20:43:55.142+0000] {processor.py:826} INFO - Processing file /home/airflow/.local/lib/python3.7/site-packages/airflow/example_dags/example_branch_labels.py for tasks to queue
[2023-06-03T20:43:55.143+0000] {logging_mixin.py:149} INFO - [2023-06-03T20:43:55.143+0000] {dagbag.py:541} INFO - Filling up the DagBag from /home/airflow/.local/lib/python3.7/site-packages/airflow/example_dags/example_branch_labels.py
[2023-06-03T20:43:55.149+0000] {processor.py:836} INFO - DAG(s) dict_keys(['example_branch_labels']) retrieved from /home/airflow/.local/lib/python3.7/site-packages/airflow/example_dags/example_branch_labels.py
[2023-06-03T20:43:55.166+0000] {logging_mixin.py:149} INFO - [2023-06-03T20:43:55.166+0000] {dag.py:2726} INFO - Sync 1 DAGs
[2023-06-03T20:43:55.183+0000] {logging_mixin.py:149} INFO - [2023-06-03T20:43:55.183+0000] {dag.py:3490} INFO - Setting next_dagrun for example_branch_labels to 2023-06-02T00:00:00+00:00, run_after=2023-06-03T00:00:00+00:00
[2023-06-03T20:43:55.202+0000] {processor.py:179} INFO - Processing /home/airflow/.local/lib/python3.7/site-packages/airflow/example_dags/example_branch_labels.py took 0.063 seconds
[2023-06-03T20:44:25.752+0000] {processor.py:157} INFO - Started process (PID=9640) to work on /home/airflow/.local/lib/python3.7/site-packages/airflow/example_dags/example_branch_labels.py
[2023-06-03T20:44:25.753+0000] {processor.py:826} INFO - Processing file /home/airflow/.local/lib/python3.7/site-packages/airflow/example_dags/example_branch_labels.py for tasks to queue
[2023-06-03T20:44:25.754+0000] {logging_mixin.py:149} INFO - [2023-06-03T20:44:25.754+0000] {dagbag.py:541} INFO - Filling up the DagBag from /home/airflow/.local/lib/python3.7/site-packages/airflow/example_dags/example_branch_labels.py
[2023-06-03T20:44:25.759+0000] {processor.py:836} INFO - DAG(s) dict_keys(['example_branch_labels']) retrieved from /home/airflow/.local/lib/python3.7/site-packages/airflow/example_dags/example_branch_labels.py
[2023-06-03T20:44:25.776+0000] {logging_mixin.py:149} INFO - [2023-06-03T20:44:25.775+0000] {dag.py:2726} INFO - Sync 1 DAGs
[2023-06-03T20:44:25.794+0000] {logging_mixin.py:149} INFO - [2023-06-03T20:44:25.794+0000] {dag.py:3490} INFO - Setting next_dagrun for example_branch_labels to 2023-06-02T00:00:00+00:00, run_after=2023-06-03T00:00:00+00:00
[2023-06-03T20:44:25.812+0000] {processor.py:179} INFO - Processing /home/airflow/.local/lib/python3.7/site-packages/airflow/example_dags/example_branch_labels.py took 0.062 seconds
[2023-06-03T20:44:56.060+0000] {processor.py:157} INFO - Started process (PID=9892) to work on /home/airflow/.local/lib/python3.7/site-packages/airflow/example_dags/example_branch_labels.py
[2023-06-03T20:44:56.061+0000] {processor.py:826} INFO - Processing file /home/airflow/.local/lib/python3.7/site-packages/airflow/example_dags/example_branch_labels.py for tasks to queue
[2023-06-03T20:44:56.062+0000] {logging_mixin.py:149} INFO - [2023-06-03T20:44:56.062+0000] {dagbag.py:541} INFO - Filling up the DagBag from /home/airflow/.local/lib/python3.7/site-packages/airflow/example_dags/example_branch_labels.py
[2023-06-03T20:44:56.067+0000] {processor.py:836} INFO - DAG(s) dict_keys(['example_branch_labels']) retrieved from /home/airflow/.local/lib/python3.7/site-packages/airflow/example_dags/example_branch_labels.py
[2023-06-03T20:44:56.085+0000] {logging_mixin.py:149} INFO - [2023-06-03T20:44:56.085+0000] {dag.py:2726} INFO - Sync 1 DAGs
[2023-06-03T20:44:56.103+0000] {logging_mixin.py:149} INFO - [2023-06-03T20:44:56.103+0000] {dag.py:3490} INFO - Setting next_dagrun for example_branch_labels to 2023-06-02T00:00:00+00:00, run_after=2023-06-03T00:00:00+00:00
[2023-06-03T20:44:56.121+0000] {processor.py:179} INFO - Processing /home/airflow/.local/lib/python3.7/site-packages/airflow/example_dags/example_branch_labels.py took 0.063 seconds
[2023-06-03T20:45:26.755+0000] {processor.py:157} INFO - Started process (PID=10144) to work on /home/airflow/.local/lib/python3.7/site-packages/airflow/example_dags/example_branch_labels.py
[2023-06-03T20:45:26.757+0000] {processor.py:826} INFO - Processing file /home/airflow/.local/lib/python3.7/site-packages/airflow/example_dags/example_branch_labels.py for tasks to queue
[2023-06-03T20:45:26.758+0000] {logging_mixin.py:149} INFO - [2023-06-03T20:45:26.758+0000] {dagbag.py:541} INFO - Filling up the DagBag from /home/airflow/.local/lib/python3.7/site-packages/airflow/example_dags/example_branch_labels.py
[2023-06-03T20:45:26.764+0000] {processor.py:836} INFO - DAG(s) dict_keys(['example_branch_labels']) retrieved from /home/airflow/.local/lib/python3.7/site-packages/airflow/example_dags/example_branch_labels.py
[2023-06-03T20:45:26.781+0000] {logging_mixin.py:149} INFO - [2023-06-03T20:45:26.781+0000] {dag.py:2726} INFO - Sync 1 DAGs
[2023-06-03T20:45:26.800+0000] {logging_mixin.py:149} INFO - [2023-06-03T20:45:26.799+0000] {dag.py:3490} INFO - Setting next_dagrun for example_branch_labels to 2023-06-02T00:00:00+00:00, run_after=2023-06-03T00:00:00+00:00
[2023-06-03T20:45:26.818+0000] {processor.py:179} INFO - Processing /home/airflow/.local/lib/python3.7/site-packages/airflow/example_dags/example_branch_labels.py took 0.065 seconds
[2023-06-03T20:45:57.005+0000] {processor.py:157} INFO - Started process (PID=10396) to work on /home/airflow/.local/lib/python3.7/site-packages/airflow/example_dags/example_branch_labels.py
[2023-06-03T20:45:57.006+0000] {processor.py:826} INFO - Processing file /home/airflow/.local/lib/python3.7/site-packages/airflow/example_dags/example_branch_labels.py for tasks to queue
[2023-06-03T20:45:57.007+0000] {logging_mixin.py:149} INFO - [2023-06-03T20:45:57.007+0000] {dagbag.py:541} INFO - Filling up the DagBag from /home/airflow/.local/lib/python3.7/site-packages/airflow/example_dags/example_branch_labels.py
[2023-06-03T20:45:57.014+0000] {processor.py:836} INFO - DAG(s) dict_keys(['example_branch_labels']) retrieved from /home/airflow/.local/lib/python3.7/site-packages/airflow/example_dags/example_branch_labels.py
[2023-06-03T20:45:57.033+0000] {logging_mixin.py:149} INFO - [2023-06-03T20:45:57.032+0000] {dag.py:2726} INFO - Sync 1 DAGs
[2023-06-03T20:45:57.051+0000] {logging_mixin.py:149} INFO - [2023-06-03T20:45:57.051+0000] {dag.py:3490} INFO - Setting next_dagrun for example_branch_labels to 2023-06-02T00:00:00+00:00, run_after=2023-06-03T00:00:00+00:00
[2023-06-03T20:45:57.068+0000] {processor.py:179} INFO - Processing /home/airflow/.local/lib/python3.7/site-packages/airflow/example_dags/example_branch_labels.py took 0.066 seconds
[2023-06-03T20:46:27.280+0000] {processor.py:157} INFO - Started process (PID=10648) to work on /home/airflow/.local/lib/python3.7/site-packages/airflow/example_dags/example_branch_labels.py
[2023-06-03T20:46:27.282+0000] {processor.py:826} INFO - Processing file /home/airflow/.local/lib/python3.7/site-packages/airflow/example_dags/example_branch_labels.py for tasks to queue
[2023-06-03T20:46:27.283+0000] {logging_mixin.py:149} INFO - [2023-06-03T20:46:27.283+0000] {dagbag.py:541} INFO - Filling up the DagBag from /home/airflow/.local/lib/python3.7/site-packages/airflow/example_dags/example_branch_labels.py
[2023-06-03T20:46:27.289+0000] {processor.py:836} INFO - DAG(s) dict_keys(['example_branch_labels']) retrieved from /home/airflow/.local/lib/python3.7/site-packages/airflow/example_dags/example_branch_labels.py
[2023-06-03T20:46:27.305+0000] {logging_mixin.py:149} INFO - [2023-06-03T20:46:27.305+0000] {dag.py:2726} INFO - Sync 1 DAGs
[2023-06-03T20:46:27.323+0000] {logging_mixin.py:149} INFO - [2023-06-03T20:46:27.323+0000] {dag.py:3490} INFO - Setting next_dagrun for example_branch_labels to 2023-06-02T00:00:00+00:00, run_after=2023-06-03T00:00:00+00:00
[2023-06-03T20:46:27.342+0000] {processor.py:179} INFO - Processing /home/airflow/.local/lib/python3.7/site-packages/airflow/example_dags/example_branch_labels.py took 0.064 seconds
[2023-06-03T20:46:57.706+0000] {processor.py:157} INFO - Started process (PID=10900) to work on /home/airflow/.local/lib/python3.7/site-packages/airflow/example_dags/example_branch_labels.py
[2023-06-03T20:46:57.708+0000] {processor.py:826} INFO - Processing file /home/airflow/.local/lib/python3.7/site-packages/airflow/example_dags/example_branch_labels.py for tasks to queue
[2023-06-03T20:46:57.710+0000] {logging_mixin.py:149} INFO - [2023-06-03T20:46:57.709+0000] {dagbag.py:541} INFO - Filling up the DagBag from /home/airflow/.local/lib/python3.7/site-packages/airflow/example_dags/example_branch_labels.py
[2023-06-03T20:46:57.717+0000] {processor.py:836} INFO - DAG(s) dict_keys(['example_branch_labels']) retrieved from /home/airflow/.local/lib/python3.7/site-packages/airflow/example_dags/example_branch_labels.py
[2023-06-03T20:46:57.734+0000] {logging_mixin.py:149} INFO - [2023-06-03T20:46:57.734+0000] {dag.py:2726} INFO - Sync 1 DAGs
[2023-06-03T20:46:57.752+0000] {logging_mixin.py:149} INFO - [2023-06-03T20:46:57.752+0000] {dag.py:3490} INFO - Setting next_dagrun for example_branch_labels to 2023-06-02T00:00:00+00:00, run_after=2023-06-03T00:00:00+00:00
[2023-06-03T20:46:57.769+0000] {processor.py:179} INFO - Processing /home/airflow/.local/lib/python3.7/site-packages/airflow/example_dags/example_branch_labels.py took 0.067 seconds
[2023-06-03T20:47:27.820+0000] {processor.py:157} INFO - Started process (PID=11152) to work on /home/airflow/.local/lib/python3.7/site-packages/airflow/example_dags/example_branch_labels.py
[2023-06-03T20:47:27.821+0000] {processor.py:826} INFO - Processing file /home/airflow/.local/lib/python3.7/site-packages/airflow/example_dags/example_branch_labels.py for tasks to queue
[2023-06-03T20:47:27.822+0000] {logging_mixin.py:149} INFO - [2023-06-03T20:47:27.822+0000] {dagbag.py:541} INFO - Filling up the DagBag from /home/airflow/.local/lib/python3.7/site-packages/airflow/example_dags/example_branch_labels.py
[2023-06-03T20:47:27.828+0000] {processor.py:836} INFO - DAG(s) dict_keys(['example_branch_labels']) retrieved from /home/airflow/.local/lib/python3.7/site-packages/airflow/example_dags/example_branch_labels.py
[2023-06-03T20:47:27.843+0000] {logging_mixin.py:149} INFO - [2023-06-03T20:47:27.843+0000] {dag.py:2726} INFO - Sync 1 DAGs
[2023-06-03T20:47:27.860+0000] {logging_mixin.py:149} INFO - [2023-06-03T20:47:27.860+0000] {dag.py:3490} INFO - Setting next_dagrun for example_branch_labels to 2023-06-02T00:00:00+00:00, run_after=2023-06-03T00:00:00+00:00
[2023-06-03T20:47:27.875+0000] {processor.py:179} INFO - Processing /home/airflow/.local/lib/python3.7/site-packages/airflow/example_dags/example_branch_labels.py took 0.057 seconds
[2023-06-03T20:47:58.011+0000] {processor.py:157} INFO - Started process (PID=11404) to work on /home/airflow/.local/lib/python3.7/site-packages/airflow/example_dags/example_branch_labels.py
[2023-06-03T20:47:58.012+0000] {processor.py:826} INFO - Processing file /home/airflow/.local/lib/python3.7/site-packages/airflow/example_dags/example_branch_labels.py for tasks to queue
[2023-06-03T20:47:58.013+0000] {logging_mixin.py:149} INFO - [2023-06-03T20:47:58.013+0000] {dagbag.py:541} INFO - Filling up the DagBag from /home/airflow/.local/lib/python3.7/site-packages/airflow/example_dags/example_branch_labels.py
[2023-06-03T20:47:58.018+0000] {processor.py:836} INFO - DAG(s) dict_keys(['example_branch_labels']) retrieved from /home/airflow/.local/lib/python3.7/site-packages/airflow/example_dags/example_branch_labels.py
[2023-06-03T20:47:58.036+0000] {logging_mixin.py:149} INFO - [2023-06-03T20:47:58.036+0000] {dag.py:2726} INFO - Sync 1 DAGs
[2023-06-03T20:47:58.053+0000] {logging_mixin.py:149} INFO - [2023-06-03T20:47:58.053+0000] {dag.py:3490} INFO - Setting next_dagrun for example_branch_labels to 2023-06-02T00:00:00+00:00, run_after=2023-06-03T00:00:00+00:00
[2023-06-03T20:47:58.069+0000] {processor.py:179} INFO - Processing /home/airflow/.local/lib/python3.7/site-packages/airflow/example_dags/example_branch_labels.py took 0.060 seconds
[2023-06-03T20:48:28.429+0000] {processor.py:157} INFO - Started process (PID=11656) to work on /home/airflow/.local/lib/python3.7/site-packages/airflow/example_dags/example_branch_labels.py
[2023-06-03T20:48:28.430+0000] {processor.py:826} INFO - Processing file /home/airflow/.local/lib/python3.7/site-packages/airflow/example_dags/example_branch_labels.py for tasks to queue
[2023-06-03T20:48:28.432+0000] {logging_mixin.py:149} INFO - [2023-06-03T20:48:28.432+0000] {dagbag.py:541} INFO - Filling up the DagBag from /home/airflow/.local/lib/python3.7/site-packages/airflow/example_dags/example_branch_labels.py
[2023-06-03T20:48:28.439+0000] {processor.py:836} INFO - DAG(s) dict_keys(['example_branch_labels']) retrieved from /home/airflow/.local/lib/python3.7/site-packages/airflow/example_dags/example_branch_labels.py
[2023-06-03T20:48:28.457+0000] {logging_mixin.py:149} INFO - [2023-06-03T20:48:28.457+0000] {dag.py:2726} INFO - Sync 1 DAGs
[2023-06-03T20:48:28.483+0000] {logging_mixin.py:149} INFO - [2023-06-03T20:48:28.483+0000] {dag.py:3490} INFO - Setting next_dagrun for example_branch_labels to 2023-06-02T00:00:00+00:00, run_after=2023-06-03T00:00:00+00:00
[2023-06-03T20:48:28.521+0000] {processor.py:179} INFO - Processing /home/airflow/.local/lib/python3.7/site-packages/airflow/example_dags/example_branch_labels.py took 0.096 seconds
[2023-06-03T20:48:58.860+0000] {processor.py:157} INFO - Started process (PID=11908) to work on /home/airflow/.local/lib/python3.7/site-packages/airflow/example_dags/example_branch_labels.py
[2023-06-03T20:48:58.861+0000] {processor.py:826} INFO - Processing file /home/airflow/.local/lib/python3.7/site-packages/airflow/example_dags/example_branch_labels.py for tasks to queue
[2023-06-03T20:48:58.862+0000] {logging_mixin.py:149} INFO - [2023-06-03T20:48:58.862+0000] {dagbag.py:541} INFO - Filling up the DagBag from /home/airflow/.local/lib/python3.7/site-packages/airflow/example_dags/example_branch_labels.py
[2023-06-03T20:48:58.867+0000] {processor.py:836} INFO - DAG(s) dict_keys(['example_branch_labels']) retrieved from /home/airflow/.local/lib/python3.7/site-packages/airflow/example_dags/example_branch_labels.py
[2023-06-03T20:48:58.884+0000] {logging_mixin.py:149} INFO - [2023-06-03T20:48:58.883+0000] {dag.py:2726} INFO - Sync 1 DAGs
[2023-06-03T20:48:58.903+0000] {logging_mixin.py:149} INFO - [2023-06-03T20:48:58.903+0000] {dag.py:3490} INFO - Setting next_dagrun for example_branch_labels to 2023-06-02T00:00:00+00:00, run_after=2023-06-03T00:00:00+00:00
[2023-06-03T20:48:58.919+0000] {processor.py:179} INFO - Processing /home/airflow/.local/lib/python3.7/site-packages/airflow/example_dags/example_branch_labels.py took 0.061 seconds
[2023-06-03T20:49:29.696+0000] {processor.py:157} INFO - Started process (PID=12135) to work on /home/airflow/.local/lib/python3.7/site-packages/airflow/example_dags/example_branch_labels.py
[2023-06-03T20:49:29.697+0000] {processor.py:826} INFO - Processing file /home/airflow/.local/lib/python3.7/site-packages/airflow/example_dags/example_branch_labels.py for tasks to queue
[2023-06-03T20:49:29.698+0000] {logging_mixin.py:149} INFO - [2023-06-03T20:49:29.698+0000] {dagbag.py:541} INFO - Filling up the DagBag from /home/airflow/.local/lib/python3.7/site-packages/airflow/example_dags/example_branch_labels.py
[2023-06-03T20:49:29.704+0000] {processor.py:836} INFO - DAG(s) dict_keys(['example_branch_labels']) retrieved from /home/airflow/.local/lib/python3.7/site-packages/airflow/example_dags/example_branch_labels.py
[2023-06-03T20:49:29.720+0000] {logging_mixin.py:149} INFO - [2023-06-03T20:49:29.720+0000] {dag.py:2726} INFO - Sync 1 DAGs
[2023-06-03T20:49:29.738+0000] {logging_mixin.py:149} INFO - [2023-06-03T20:49:29.737+0000] {dag.py:3490} INFO - Setting next_dagrun for example_branch_labels to 2023-06-02T00:00:00+00:00, run_after=2023-06-03T00:00:00+00:00
[2023-06-03T20:49:29.754+0000] {processor.py:179} INFO - Processing /home/airflow/.local/lib/python3.7/site-packages/airflow/example_dags/example_branch_labels.py took 0.060 seconds
[2023-06-03T20:50:00.748+0000] {processor.py:157} INFO - Started process (PID=12387) to work on /home/airflow/.local/lib/python3.7/site-packages/airflow/example_dags/example_branch_labels.py
[2023-06-03T20:50:00.750+0000] {processor.py:826} INFO - Processing file /home/airflow/.local/lib/python3.7/site-packages/airflow/example_dags/example_branch_labels.py for tasks to queue
[2023-06-03T20:50:00.751+0000] {logging_mixin.py:149} INFO - [2023-06-03T20:50:00.751+0000] {dagbag.py:541} INFO - Filling up the DagBag from /home/airflow/.local/lib/python3.7/site-packages/airflow/example_dags/example_branch_labels.py
[2023-06-03T20:50:00.757+0000] {processor.py:836} INFO - DAG(s) dict_keys(['example_branch_labels']) retrieved from /home/airflow/.local/lib/python3.7/site-packages/airflow/example_dags/example_branch_labels.py
[2023-06-03T20:50:00.774+0000] {logging_mixin.py:149} INFO - [2023-06-03T20:50:00.774+0000] {dag.py:2726} INFO - Sync 1 DAGs
[2023-06-03T20:50:00.792+0000] {logging_mixin.py:149} INFO - [2023-06-03T20:50:00.791+0000] {dag.py:3490} INFO - Setting next_dagrun for example_branch_labels to 2023-06-02T00:00:00+00:00, run_after=2023-06-03T00:00:00+00:00
[2023-06-03T20:50:00.808+0000] {processor.py:179} INFO - Processing /home/airflow/.local/lib/python3.7/site-packages/airflow/example_dags/example_branch_labels.py took 0.061 seconds
[2023-06-03T20:50:31.507+0000] {processor.py:157} INFO - Started process (PID=12639) to work on /home/airflow/.local/lib/python3.7/site-packages/airflow/example_dags/example_branch_labels.py
[2023-06-03T20:50:31.508+0000] {processor.py:826} INFO - Processing file /home/airflow/.local/lib/python3.7/site-packages/airflow/example_dags/example_branch_labels.py for tasks to queue
[2023-06-03T20:50:31.509+0000] {logging_mixin.py:149} INFO - [2023-06-03T20:50:31.509+0000] {dagbag.py:541} INFO - Filling up the DagBag from /home/airflow/.local/lib/python3.7/site-packages/airflow/example_dags/example_branch_labels.py
[2023-06-03T20:50:31.515+0000] {processor.py:836} INFO - DAG(s) dict_keys(['example_branch_labels']) retrieved from /home/airflow/.local/lib/python3.7/site-packages/airflow/example_dags/example_branch_labels.py
[2023-06-03T20:50:31.532+0000] {logging_mixin.py:149} INFO - [2023-06-03T20:50:31.532+0000] {dag.py:2726} INFO - Sync 1 DAGs
[2023-06-03T20:50:31.549+0000] {logging_mixin.py:149} INFO - [2023-06-03T20:50:31.549+0000] {dag.py:3490} INFO - Setting next_dagrun for example_branch_labels to 2023-06-02T00:00:00+00:00, run_after=2023-06-03T00:00:00+00:00
[2023-06-03T20:50:31.566+0000] {processor.py:179} INFO - Processing /home/airflow/.local/lib/python3.7/site-packages/airflow/example_dags/example_branch_labels.py took 0.062 seconds
[2023-06-03T20:51:01.963+0000] {processor.py:157} INFO - Started process (PID=12892) to work on /home/airflow/.local/lib/python3.7/site-packages/airflow/example_dags/example_branch_labels.py
[2023-06-03T20:51:01.965+0000] {processor.py:826} INFO - Processing file /home/airflow/.local/lib/python3.7/site-packages/airflow/example_dags/example_branch_labels.py for tasks to queue
[2023-06-03T20:51:01.966+0000] {logging_mixin.py:149} INFO - [2023-06-03T20:51:01.966+0000] {dagbag.py:541} INFO - Filling up the DagBag from /home/airflow/.local/lib/python3.7/site-packages/airflow/example_dags/example_branch_labels.py
[2023-06-03T20:51:01.971+0000] {processor.py:836} INFO - DAG(s) dict_keys(['example_branch_labels']) retrieved from /home/airflow/.local/lib/python3.7/site-packages/airflow/example_dags/example_branch_labels.py
[2023-06-03T20:51:01.988+0000] {logging_mixin.py:149} INFO - [2023-06-03T20:51:01.988+0000] {dag.py:2726} INFO - Sync 1 DAGs
[2023-06-03T20:51:02.005+0000] {logging_mixin.py:149} INFO - [2023-06-03T20:51:02.005+0000] {dag.py:3490} INFO - Setting next_dagrun for example_branch_labels to 2023-06-02T00:00:00+00:00, run_after=2023-06-03T00:00:00+00:00
[2023-06-03T20:51:02.022+0000] {processor.py:179} INFO - Processing /home/airflow/.local/lib/python3.7/site-packages/airflow/example_dags/example_branch_labels.py took 0.060 seconds
[2023-06-03T20:51:32.320+0000] {processor.py:157} INFO - Started process (PID=13144) to work on /home/airflow/.local/lib/python3.7/site-packages/airflow/example_dags/example_branch_labels.py
[2023-06-03T20:51:32.322+0000] {processor.py:826} INFO - Processing file /home/airflow/.local/lib/python3.7/site-packages/airflow/example_dags/example_branch_labels.py for tasks to queue
[2023-06-03T20:51:32.323+0000] {logging_mixin.py:149} INFO - [2023-06-03T20:51:32.323+0000] {dagbag.py:541} INFO - Filling up the DagBag from /home/airflow/.local/lib/python3.7/site-packages/airflow/example_dags/example_branch_labels.py
[2023-06-03T20:51:32.329+0000] {processor.py:836} INFO - DAG(s) dict_keys(['example_branch_labels']) retrieved from /home/airflow/.local/lib/python3.7/site-packages/airflow/example_dags/example_branch_labels.py
[2023-06-03T20:51:32.346+0000] {logging_mixin.py:149} INFO - [2023-06-03T20:51:32.346+0000] {dag.py:2726} INFO - Sync 1 DAGs
[2023-06-03T20:51:32.364+0000] {logging_mixin.py:149} INFO - [2023-06-03T20:51:32.364+0000] {dag.py:3490} INFO - Setting next_dagrun for example_branch_labels to 2023-06-02T00:00:00+00:00, run_after=2023-06-03T00:00:00+00:00
[2023-06-03T20:51:32.383+0000] {processor.py:179} INFO - Processing /home/airflow/.local/lib/python3.7/site-packages/airflow/example_dags/example_branch_labels.py took 0.064 seconds
[2023-06-03T20:52:02.479+0000] {processor.py:157} INFO - Started process (PID=13396) to work on /home/airflow/.local/lib/python3.7/site-packages/airflow/example_dags/example_branch_labels.py
[2023-06-03T20:52:02.480+0000] {processor.py:826} INFO - Processing file /home/airflow/.local/lib/python3.7/site-packages/airflow/example_dags/example_branch_labels.py for tasks to queue
[2023-06-03T20:52:02.481+0000] {logging_mixin.py:149} INFO - [2023-06-03T20:52:02.481+0000] {dagbag.py:541} INFO - Filling up the DagBag from /home/airflow/.local/lib/python3.7/site-packages/airflow/example_dags/example_branch_labels.py
[2023-06-03T20:52:02.487+0000] {processor.py:836} INFO - DAG(s) dict_keys(['example_branch_labels']) retrieved from /home/airflow/.local/lib/python3.7/site-packages/airflow/example_dags/example_branch_labels.py
[2023-06-03T20:52:02.505+0000] {logging_mixin.py:149} INFO - [2023-06-03T20:52:02.505+0000] {dag.py:2726} INFO - Sync 1 DAGs
[2023-06-03T20:52:02.523+0000] {logging_mixin.py:149} INFO - [2023-06-03T20:52:02.523+0000] {dag.py:3490} INFO - Setting next_dagrun for example_branch_labels to 2023-06-02T00:00:00+00:00, run_after=2023-06-03T00:00:00+00:00
[2023-06-03T20:52:02.541+0000] {processor.py:179} INFO - Processing /home/airflow/.local/lib/python3.7/site-packages/airflow/example_dags/example_branch_labels.py took 0.064 seconds
[2023-06-03T20:52:33.183+0000] {processor.py:157} INFO - Started process (PID=13648) to work on /home/airflow/.local/lib/python3.7/site-packages/airflow/example_dags/example_branch_labels.py
[2023-06-03T20:52:33.184+0000] {processor.py:826} INFO - Processing file /home/airflow/.local/lib/python3.7/site-packages/airflow/example_dags/example_branch_labels.py for tasks to queue
[2023-06-03T20:52:33.185+0000] {logging_mixin.py:149} INFO - [2023-06-03T20:52:33.185+0000] {dagbag.py:541} INFO - Filling up the DagBag from /home/airflow/.local/lib/python3.7/site-packages/airflow/example_dags/example_branch_labels.py
[2023-06-03T20:52:33.191+0000] {processor.py:836} INFO - DAG(s) dict_keys(['example_branch_labels']) retrieved from /home/airflow/.local/lib/python3.7/site-packages/airflow/example_dags/example_branch_labels.py
[2023-06-03T20:52:33.208+0000] {logging_mixin.py:149} INFO - [2023-06-03T20:52:33.207+0000] {dag.py:2726} INFO - Sync 1 DAGs
[2023-06-03T20:52:33.227+0000] {logging_mixin.py:149} INFO - [2023-06-03T20:52:33.227+0000] {dag.py:3490} INFO - Setting next_dagrun for example_branch_labels to 2023-06-02T00:00:00+00:00, run_after=2023-06-03T00:00:00+00:00
[2023-06-03T20:52:33.244+0000] {processor.py:179} INFO - Processing /home/airflow/.local/lib/python3.7/site-packages/airflow/example_dags/example_branch_labels.py took 0.063 seconds
[2023-06-03T20:53:03.360+0000] {processor.py:157} INFO - Started process (PID=13900) to work on /home/airflow/.local/lib/python3.7/site-packages/airflow/example_dags/example_branch_labels.py
[2023-06-03T20:53:03.362+0000] {processor.py:826} INFO - Processing file /home/airflow/.local/lib/python3.7/site-packages/airflow/example_dags/example_branch_labels.py for tasks to queue
[2023-06-03T20:53:03.362+0000] {logging_mixin.py:149} INFO - [2023-06-03T20:53:03.362+0000] {dagbag.py:541} INFO - Filling up the DagBag from /home/airflow/.local/lib/python3.7/site-packages/airflow/example_dags/example_branch_labels.py
[2023-06-03T20:53:03.369+0000] {processor.py:836} INFO - DAG(s) dict_keys(['example_branch_labels']) retrieved from /home/airflow/.local/lib/python3.7/site-packages/airflow/example_dags/example_branch_labels.py
[2023-06-03T20:53:03.385+0000] {logging_mixin.py:149} INFO - [2023-06-03T20:53:03.385+0000] {dag.py:2726} INFO - Sync 1 DAGs
[2023-06-03T20:53:03.403+0000] {logging_mixin.py:149} INFO - [2023-06-03T20:53:03.403+0000] {dag.py:3490} INFO - Setting next_dagrun for example_branch_labels to 2023-06-02T00:00:00+00:00, run_after=2023-06-03T00:00:00+00:00
[2023-06-03T20:53:03.421+0000] {processor.py:179} INFO - Processing /home/airflow/.local/lib/python3.7/site-packages/airflow/example_dags/example_branch_labels.py took 0.063 seconds
[2023-06-03T20:53:33.565+0000] {processor.py:157} INFO - Started process (PID=14152) to work on /home/airflow/.local/lib/python3.7/site-packages/airflow/example_dags/example_branch_labels.py
[2023-06-03T20:53:33.566+0000] {processor.py:826} INFO - Processing file /home/airflow/.local/lib/python3.7/site-packages/airflow/example_dags/example_branch_labels.py for tasks to queue
[2023-06-03T20:53:33.567+0000] {logging_mixin.py:149} INFO - [2023-06-03T20:53:33.566+0000] {dagbag.py:541} INFO - Filling up the DagBag from /home/airflow/.local/lib/python3.7/site-packages/airflow/example_dags/example_branch_labels.py
[2023-06-03T20:53:33.573+0000] {processor.py:836} INFO - DAG(s) dict_keys(['example_branch_labels']) retrieved from /home/airflow/.local/lib/python3.7/site-packages/airflow/example_dags/example_branch_labels.py
[2023-06-03T20:53:33.590+0000] {logging_mixin.py:149} INFO - [2023-06-03T20:53:33.590+0000] {dag.py:2726} INFO - Sync 1 DAGs
[2023-06-03T20:53:33.610+0000] {logging_mixin.py:149} INFO - [2023-06-03T20:53:33.610+0000] {dag.py:3490} INFO - Setting next_dagrun for example_branch_labels to 2023-06-02T00:00:00+00:00, run_after=2023-06-03T00:00:00+00:00
[2023-06-03T20:53:33.627+0000] {processor.py:179} INFO - Processing /home/airflow/.local/lib/python3.7/site-packages/airflow/example_dags/example_branch_labels.py took 0.064 seconds
[2023-06-03T20:54:03.981+0000] {processor.py:157} INFO - Started process (PID=14404) to work on /home/airflow/.local/lib/python3.7/site-packages/airflow/example_dags/example_branch_labels.py
[2023-06-03T20:54:03.982+0000] {processor.py:826} INFO - Processing file /home/airflow/.local/lib/python3.7/site-packages/airflow/example_dags/example_branch_labels.py for tasks to queue
[2023-06-03T20:54:03.983+0000] {logging_mixin.py:149} INFO - [2023-06-03T20:54:03.983+0000] {dagbag.py:541} INFO - Filling up the DagBag from /home/airflow/.local/lib/python3.7/site-packages/airflow/example_dags/example_branch_labels.py
[2023-06-03T20:54:03.989+0000] {processor.py:836} INFO - DAG(s) dict_keys(['example_branch_labels']) retrieved from /home/airflow/.local/lib/python3.7/site-packages/airflow/example_dags/example_branch_labels.py
[2023-06-03T20:54:04.005+0000] {logging_mixin.py:149} INFO - [2023-06-03T20:54:04.005+0000] {dag.py:2726} INFO - Sync 1 DAGs
[2023-06-03T20:54:04.022+0000] {logging_mixin.py:149} INFO - [2023-06-03T20:54:04.022+0000] {dag.py:3490} INFO - Setting next_dagrun for example_branch_labels to 2023-06-02T00:00:00+00:00, run_after=2023-06-03T00:00:00+00:00
[2023-06-03T20:54:04.040+0000] {processor.py:179} INFO - Processing /home/airflow/.local/lib/python3.7/site-packages/airflow/example_dags/example_branch_labels.py took 0.061 seconds
[2023-06-03T20:54:34.994+0000] {processor.py:157} INFO - Started process (PID=14656) to work on /home/airflow/.local/lib/python3.7/site-packages/airflow/example_dags/example_branch_labels.py
[2023-06-03T20:54:34.995+0000] {processor.py:826} INFO - Processing file /home/airflow/.local/lib/python3.7/site-packages/airflow/example_dags/example_branch_labels.py for tasks to queue
[2023-06-03T20:54:34.996+0000] {logging_mixin.py:149} INFO - [2023-06-03T20:54:34.996+0000] {dagbag.py:541} INFO - Filling up the DagBag from /home/airflow/.local/lib/python3.7/site-packages/airflow/example_dags/example_branch_labels.py
[2023-06-03T20:54:35.002+0000] {processor.py:836} INFO - DAG(s) dict_keys(['example_branch_labels']) retrieved from /home/airflow/.local/lib/python3.7/site-packages/airflow/example_dags/example_branch_labels.py
[2023-06-03T20:54:35.020+0000] {logging_mixin.py:149} INFO - [2023-06-03T20:54:35.020+0000] {dag.py:2726} INFO - Sync 1 DAGs
[2023-06-03T20:54:35.039+0000] {logging_mixin.py:149} INFO - [2023-06-03T20:54:35.038+0000] {dag.py:3490} INFO - Setting next_dagrun for example_branch_labels to 2023-06-02T00:00:00+00:00, run_after=2023-06-03T00:00:00+00:00
[2023-06-03T20:54:35.055+0000] {processor.py:179} INFO - Processing /home/airflow/.local/lib/python3.7/site-packages/airflow/example_dags/example_branch_labels.py took 0.064 seconds
[2023-06-03T20:55:05.226+0000] {processor.py:157} INFO - Started process (PID=14908) to work on /home/airflow/.local/lib/python3.7/site-packages/airflow/example_dags/example_branch_labels.py
[2023-06-03T20:55:05.227+0000] {processor.py:826} INFO - Processing file /home/airflow/.local/lib/python3.7/site-packages/airflow/example_dags/example_branch_labels.py for tasks to queue
[2023-06-03T20:55:05.229+0000] {logging_mixin.py:149} INFO - [2023-06-03T20:55:05.229+0000] {dagbag.py:541} INFO - Filling up the DagBag from /home/airflow/.local/lib/python3.7/site-packages/airflow/example_dags/example_branch_labels.py
[2023-06-03T20:55:05.238+0000] {processor.py:836} INFO - DAG(s) dict_keys(['example_branch_labels']) retrieved from /home/airflow/.local/lib/python3.7/site-packages/airflow/example_dags/example_branch_labels.py
[2023-06-03T20:55:05.259+0000] {logging_mixin.py:149} INFO - [2023-06-03T20:55:05.259+0000] {dag.py:2726} INFO - Sync 1 DAGs
[2023-06-03T20:55:05.284+0000] {logging_mixin.py:149} INFO - [2023-06-03T20:55:05.283+0000] {dag.py:3490} INFO - Setting next_dagrun for example_branch_labels to 2023-06-02T00:00:00+00:00, run_after=2023-06-03T00:00:00+00:00
[2023-06-03T20:55:05.302+0000] {processor.py:179} INFO - Processing /home/airflow/.local/lib/python3.7/site-packages/airflow/example_dags/example_branch_labels.py took 0.079 seconds
[2023-06-03T20:55:35.471+0000] {processor.py:157} INFO - Started process (PID=15160) to work on /home/airflow/.local/lib/python3.7/site-packages/airflow/example_dags/example_branch_labels.py
[2023-06-03T20:55:35.472+0000] {processor.py:826} INFO - Processing file /home/airflow/.local/lib/python3.7/site-packages/airflow/example_dags/example_branch_labels.py for tasks to queue
[2023-06-03T20:55:35.473+0000] {logging_mixin.py:149} INFO - [2023-06-03T20:55:35.473+0000] {dagbag.py:541} INFO - Filling up the DagBag from /home/airflow/.local/lib/python3.7/site-packages/airflow/example_dags/example_branch_labels.py
[2023-06-03T20:55:35.480+0000] {processor.py:836} INFO - DAG(s) dict_keys(['example_branch_labels']) retrieved from /home/airflow/.local/lib/python3.7/site-packages/airflow/example_dags/example_branch_labels.py
[2023-06-03T20:55:35.499+0000] {logging_mixin.py:149} INFO - [2023-06-03T20:55:35.499+0000] {dag.py:2726} INFO - Sync 1 DAGs
[2023-06-03T20:55:35.520+0000] {logging_mixin.py:149} INFO - [2023-06-03T20:55:35.520+0000] {dag.py:3490} INFO - Setting next_dagrun for example_branch_labels to 2023-06-02T00:00:00+00:00, run_after=2023-06-03T00:00:00+00:00
[2023-06-03T20:55:35.537+0000] {processor.py:179} INFO - Processing /home/airflow/.local/lib/python3.7/site-packages/airflow/example_dags/example_branch_labels.py took 0.068 seconds
[2023-06-03T20:56:06.513+0000] {processor.py:157} INFO - Started process (PID=15412) to work on /home/airflow/.local/lib/python3.7/site-packages/airflow/example_dags/example_branch_labels.py
[2023-06-03T20:56:06.514+0000] {processor.py:826} INFO - Processing file /home/airflow/.local/lib/python3.7/site-packages/airflow/example_dags/example_branch_labels.py for tasks to queue
[2023-06-03T20:56:06.515+0000] {logging_mixin.py:149} INFO - [2023-06-03T20:56:06.515+0000] {dagbag.py:541} INFO - Filling up the DagBag from /home/airflow/.local/lib/python3.7/site-packages/airflow/example_dags/example_branch_labels.py
[2023-06-03T20:56:06.521+0000] {processor.py:836} INFO - DAG(s) dict_keys(['example_branch_labels']) retrieved from /home/airflow/.local/lib/python3.7/site-packages/airflow/example_dags/example_branch_labels.py
[2023-06-03T20:56:06.539+0000] {logging_mixin.py:149} INFO - [2023-06-03T20:56:06.538+0000] {dag.py:2726} INFO - Sync 1 DAGs
[2023-06-03T20:56:06.556+0000] {logging_mixin.py:149} INFO - [2023-06-03T20:56:06.556+0000] {dag.py:3490} INFO - Setting next_dagrun for example_branch_labels to 2023-06-02T00:00:00+00:00, run_after=2023-06-03T00:00:00+00:00
[2023-06-03T20:56:06.573+0000] {processor.py:179} INFO - Processing /home/airflow/.local/lib/python3.7/site-packages/airflow/example_dags/example_branch_labels.py took 0.063 seconds
[2023-06-03T20:56:37.150+0000] {processor.py:157} INFO - Started process (PID=15664) to work on /home/airflow/.local/lib/python3.7/site-packages/airflow/example_dags/example_branch_labels.py
[2023-06-03T20:56:37.151+0000] {processor.py:826} INFO - Processing file /home/airflow/.local/lib/python3.7/site-packages/airflow/example_dags/example_branch_labels.py for tasks to queue
[2023-06-03T20:56:37.152+0000] {logging_mixin.py:149} INFO - [2023-06-03T20:56:37.152+0000] {dagbag.py:541} INFO - Filling up the DagBag from /home/airflow/.local/lib/python3.7/site-packages/airflow/example_dags/example_branch_labels.py
[2023-06-03T20:56:37.158+0000] {processor.py:836} INFO - DAG(s) dict_keys(['example_branch_labels']) retrieved from /home/airflow/.local/lib/python3.7/site-packages/airflow/example_dags/example_branch_labels.py
[2023-06-03T20:56:37.175+0000] {logging_mixin.py:149} INFO - [2023-06-03T20:56:37.175+0000] {dag.py:2726} INFO - Sync 1 DAGs
[2023-06-03T20:56:37.193+0000] {logging_mixin.py:149} INFO - [2023-06-03T20:56:37.193+0000] {dag.py:3490} INFO - Setting next_dagrun for example_branch_labels to 2023-06-02T00:00:00+00:00, run_after=2023-06-03T00:00:00+00:00
[2023-06-03T20:56:37.208+0000] {processor.py:179} INFO - Processing /home/airflow/.local/lib/python3.7/site-packages/airflow/example_dags/example_branch_labels.py took 0.061 seconds
[2023-06-03T20:57:07.745+0000] {processor.py:157} INFO - Started process (PID=15914) to work on /home/airflow/.local/lib/python3.7/site-packages/airflow/example_dags/example_branch_labels.py
[2023-06-03T20:57:07.746+0000] {processor.py:826} INFO - Processing file /home/airflow/.local/lib/python3.7/site-packages/airflow/example_dags/example_branch_labels.py for tasks to queue
[2023-06-03T20:57:07.747+0000] {logging_mixin.py:149} INFO - [2023-06-03T20:57:07.747+0000] {dagbag.py:541} INFO - Filling up the DagBag from /home/airflow/.local/lib/python3.7/site-packages/airflow/example_dags/example_branch_labels.py
[2023-06-03T20:57:07.753+0000] {processor.py:836} INFO - DAG(s) dict_keys(['example_branch_labels']) retrieved from /home/airflow/.local/lib/python3.7/site-packages/airflow/example_dags/example_branch_labels.py
[2023-06-03T20:57:07.770+0000] {logging_mixin.py:149} INFO - [2023-06-03T20:57:07.770+0000] {dag.py:2726} INFO - Sync 1 DAGs
[2023-06-03T20:57:07.789+0000] {logging_mixin.py:149} INFO - [2023-06-03T20:57:07.789+0000] {dag.py:3490} INFO - Setting next_dagrun for example_branch_labels to 2023-06-02T00:00:00+00:00, run_after=2023-06-03T00:00:00+00:00
[2023-06-03T20:57:07.805+0000] {processor.py:179} INFO - Processing /home/airflow/.local/lib/python3.7/site-packages/airflow/example_dags/example_branch_labels.py took 0.062 seconds
[2023-06-03T20:57:37.973+0000] {processor.py:157} INFO - Started process (PID=16168) to work on /home/airflow/.local/lib/python3.7/site-packages/airflow/example_dags/example_branch_labels.py
[2023-06-03T20:57:37.976+0000] {processor.py:826} INFO - Processing file /home/airflow/.local/lib/python3.7/site-packages/airflow/example_dags/example_branch_labels.py for tasks to queue
[2023-06-03T20:57:37.977+0000] {logging_mixin.py:149} INFO - [2023-06-03T20:57:37.977+0000] {dagbag.py:541} INFO - Filling up the DagBag from /home/airflow/.local/lib/python3.7/site-packages/airflow/example_dags/example_branch_labels.py
[2023-06-03T20:57:37.983+0000] {processor.py:836} INFO - DAG(s) dict_keys(['example_branch_labels']) retrieved from /home/airflow/.local/lib/python3.7/site-packages/airflow/example_dags/example_branch_labels.py
[2023-06-03T20:57:38.001+0000] {logging_mixin.py:149} INFO - [2023-06-03T20:57:38.001+0000] {dag.py:2726} INFO - Sync 1 DAGs
[2023-06-03T20:57:38.019+0000] {logging_mixin.py:149} INFO - [2023-06-03T20:57:38.019+0000] {dag.py:3490} INFO - Setting next_dagrun for example_branch_labels to 2023-06-02T00:00:00+00:00, run_after=2023-06-03T00:00:00+00:00
[2023-06-03T20:57:38.037+0000] {processor.py:179} INFO - Processing /home/airflow/.local/lib/python3.7/site-packages/airflow/example_dags/example_branch_labels.py took 0.066 seconds
[2023-06-03T20:58:08.397+0000] {processor.py:157} INFO - Started process (PID=16420) to work on /home/airflow/.local/lib/python3.7/site-packages/airflow/example_dags/example_branch_labels.py
[2023-06-03T20:58:08.399+0000] {processor.py:826} INFO - Processing file /home/airflow/.local/lib/python3.7/site-packages/airflow/example_dags/example_branch_labels.py for tasks to queue
[2023-06-03T20:58:08.400+0000] {logging_mixin.py:149} INFO - [2023-06-03T20:58:08.400+0000] {dagbag.py:541} INFO - Filling up the DagBag from /home/airflow/.local/lib/python3.7/site-packages/airflow/example_dags/example_branch_labels.py
[2023-06-03T20:58:08.406+0000] {processor.py:836} INFO - DAG(s) dict_keys(['example_branch_labels']) retrieved from /home/airflow/.local/lib/python3.7/site-packages/airflow/example_dags/example_branch_labels.py
[2023-06-03T20:58:08.425+0000] {logging_mixin.py:149} INFO - [2023-06-03T20:58:08.425+0000] {dag.py:2726} INFO - Sync 1 DAGs
[2023-06-03T20:58:08.445+0000] {logging_mixin.py:149} INFO - [2023-06-03T20:58:08.445+0000] {dag.py:3490} INFO - Setting next_dagrun for example_branch_labels to 2023-06-02T00:00:00+00:00, run_after=2023-06-03T00:00:00+00:00
[2023-06-03T20:58:08.462+0000] {processor.py:179} INFO - Processing /home/airflow/.local/lib/python3.7/site-packages/airflow/example_dags/example_branch_labels.py took 0.067 seconds
[2023-06-03T20:58:38.837+0000] {processor.py:157} INFO - Started process (PID=16672) to work on /home/airflow/.local/lib/python3.7/site-packages/airflow/example_dags/example_branch_labels.py
[2023-06-03T20:58:38.838+0000] {processor.py:826} INFO - Processing file /home/airflow/.local/lib/python3.7/site-packages/airflow/example_dags/example_branch_labels.py for tasks to queue
[2023-06-03T20:58:38.839+0000] {logging_mixin.py:149} INFO - [2023-06-03T20:58:38.839+0000] {dagbag.py:541} INFO - Filling up the DagBag from /home/airflow/.local/lib/python3.7/site-packages/airflow/example_dags/example_branch_labels.py
[2023-06-03T20:58:38.845+0000] {processor.py:836} INFO - DAG(s) dict_keys(['example_branch_labels']) retrieved from /home/airflow/.local/lib/python3.7/site-packages/airflow/example_dags/example_branch_labels.py
[2023-06-03T20:58:38.862+0000] {logging_mixin.py:149} INFO - [2023-06-03T20:58:38.862+0000] {dag.py:2726} INFO - Sync 1 DAGs
[2023-06-03T20:58:38.880+0000] {logging_mixin.py:149} INFO - [2023-06-03T20:58:38.880+0000] {dag.py:3490} INFO - Setting next_dagrun for example_branch_labels to 2023-06-02T00:00:00+00:00, run_after=2023-06-03T00:00:00+00:00
[2023-06-03T20:58:38.897+0000] {processor.py:179} INFO - Processing /home/airflow/.local/lib/python3.7/site-packages/airflow/example_dags/example_branch_labels.py took 0.063 seconds
[2023-06-03T20:59:09.209+0000] {processor.py:157} INFO - Started process (PID=16924) to work on /home/airflow/.local/lib/python3.7/site-packages/airflow/example_dags/example_branch_labels.py
[2023-06-03T20:59:09.211+0000] {processor.py:826} INFO - Processing file /home/airflow/.local/lib/python3.7/site-packages/airflow/example_dags/example_branch_labels.py for tasks to queue
[2023-06-03T20:59:09.212+0000] {logging_mixin.py:149} INFO - [2023-06-03T20:59:09.212+0000] {dagbag.py:541} INFO - Filling up the DagBag from /home/airflow/.local/lib/python3.7/site-packages/airflow/example_dags/example_branch_labels.py
[2023-06-03T20:59:09.222+0000] {processor.py:836} INFO - DAG(s) dict_keys(['example_branch_labels']) retrieved from /home/airflow/.local/lib/python3.7/site-packages/airflow/example_dags/example_branch_labels.py
[2023-06-03T20:59:09.240+0000] {logging_mixin.py:149} INFO - [2023-06-03T20:59:09.240+0000] {dag.py:2726} INFO - Sync 1 DAGs
[2023-06-03T20:59:09.259+0000] {logging_mixin.py:149} INFO - [2023-06-03T20:59:09.259+0000] {dag.py:3490} INFO - Setting next_dagrun for example_branch_labels to 2023-06-02T00:00:00+00:00, run_after=2023-06-03T00:00:00+00:00
[2023-06-03T20:59:09.278+0000] {processor.py:179} INFO - Processing /home/airflow/.local/lib/python3.7/site-packages/airflow/example_dags/example_branch_labels.py took 0.071 seconds
[2023-06-03T20:59:40.051+0000] {processor.py:157} INFO - Started process (PID=17176) to work on /home/airflow/.local/lib/python3.7/site-packages/airflow/example_dags/example_branch_labels.py
[2023-06-03T20:59:40.053+0000] {processor.py:826} INFO - Processing file /home/airflow/.local/lib/python3.7/site-packages/airflow/example_dags/example_branch_labels.py for tasks to queue
[2023-06-03T20:59:40.054+0000] {logging_mixin.py:149} INFO - [2023-06-03T20:59:40.054+0000] {dagbag.py:541} INFO - Filling up the DagBag from /home/airflow/.local/lib/python3.7/site-packages/airflow/example_dags/example_branch_labels.py
[2023-06-03T20:59:40.060+0000] {processor.py:836} INFO - DAG(s) dict_keys(['example_branch_labels']) retrieved from /home/airflow/.local/lib/python3.7/site-packages/airflow/example_dags/example_branch_labels.py
[2023-06-03T20:59:40.078+0000] {logging_mixin.py:149} INFO - [2023-06-03T20:59:40.077+0000] {dag.py:2726} INFO - Sync 1 DAGs
[2023-06-03T20:59:40.095+0000] {logging_mixin.py:149} INFO - [2023-06-03T20:59:40.095+0000] {dag.py:3490} INFO - Setting next_dagrun for example_branch_labels to 2023-06-02T00:00:00+00:00, run_after=2023-06-03T00:00:00+00:00
[2023-06-03T20:59:40.112+0000] {processor.py:179} INFO - Processing /home/airflow/.local/lib/python3.7/site-packages/airflow/example_dags/example_branch_labels.py took 0.063 seconds
[2023-06-03T21:00:11.104+0000] {processor.py:157} INFO - Started process (PID=17428) to work on /home/airflow/.local/lib/python3.7/site-packages/airflow/example_dags/example_branch_labels.py
[2023-06-03T21:00:11.105+0000] {processor.py:826} INFO - Processing file /home/airflow/.local/lib/python3.7/site-packages/airflow/example_dags/example_branch_labels.py for tasks to queue
[2023-06-03T21:00:11.106+0000] {logging_mixin.py:149} INFO - [2023-06-03T21:00:11.106+0000] {dagbag.py:541} INFO - Filling up the DagBag from /home/airflow/.local/lib/python3.7/site-packages/airflow/example_dags/example_branch_labels.py
[2023-06-03T21:00:11.112+0000] {processor.py:836} INFO - DAG(s) dict_keys(['example_branch_labels']) retrieved from /home/airflow/.local/lib/python3.7/site-packages/airflow/example_dags/example_branch_labels.py
[2023-06-03T21:00:11.129+0000] {logging_mixin.py:149} INFO - [2023-06-03T21:00:11.129+0000] {dag.py:2726} INFO - Sync 1 DAGs
[2023-06-03T21:00:11.148+0000] {logging_mixin.py:149} INFO - [2023-06-03T21:00:11.148+0000] {dag.py:3490} INFO - Setting next_dagrun for example_branch_labels to 2023-06-02T00:00:00+00:00, run_after=2023-06-03T00:00:00+00:00
[2023-06-03T21:00:11.165+0000] {processor.py:179} INFO - Processing /home/airflow/.local/lib/python3.7/site-packages/airflow/example_dags/example_branch_labels.py took 0.064 seconds
[2023-06-03T21:00:41.810+0000] {processor.py:157} INFO - Started process (PID=17680) to work on /home/airflow/.local/lib/python3.7/site-packages/airflow/example_dags/example_branch_labels.py
[2023-06-03T21:00:41.812+0000] {processor.py:826} INFO - Processing file /home/airflow/.local/lib/python3.7/site-packages/airflow/example_dags/example_branch_labels.py for tasks to queue
[2023-06-03T21:00:41.813+0000] {logging_mixin.py:149} INFO - [2023-06-03T21:00:41.813+0000] {dagbag.py:541} INFO - Filling up the DagBag from /home/airflow/.local/lib/python3.7/site-packages/airflow/example_dags/example_branch_labels.py
[2023-06-03T21:00:41.824+0000] {processor.py:836} INFO - DAG(s) dict_keys(['example_branch_labels']) retrieved from /home/airflow/.local/lib/python3.7/site-packages/airflow/example_dags/example_branch_labels.py
[2023-06-03T21:00:41.853+0000] {logging_mixin.py:149} INFO - [2023-06-03T21:00:41.853+0000] {dag.py:2726} INFO - Sync 1 DAGs
[2023-06-03T21:00:41.917+0000] {logging_mixin.py:149} INFO - [2023-06-03T21:00:41.917+0000] {dag.py:3490} INFO - Setting next_dagrun for example_branch_labels to 2023-06-02T00:00:00+00:00, run_after=2023-06-03T00:00:00+00:00
[2023-06-03T21:00:41.945+0000] {processor.py:179} INFO - Processing /home/airflow/.local/lib/python3.7/site-packages/airflow/example_dags/example_branch_labels.py took 0.138 seconds
