[2023-06-03T20:25:41.589+0000] {processor.py:157} INFO - Started process (PID=172) to work on /home/airflow/.local/lib/python3.7/site-packages/airflow/example_dags/example_latest_only.py
[2023-06-03T20:25:41.593+0000] {processor.py:826} INFO - Processing file /home/airflow/.local/lib/python3.7/site-packages/airflow/example_dags/example_latest_only.py for tasks to queue
[2023-06-03T20:25:41.596+0000] {logging_mixin.py:149} INFO - [2023-06-03T20:25:41.596+0000] {dagbag.py:541} INFO - Filling up the DagBag from /home/airflow/.local/lib/python3.7/site-packages/airflow/example_dags/example_latest_only.py
[2023-06-03T20:25:41.607+0000] {processor.py:836} INFO - DAG(s) dict_keys(['latest_only']) retrieved from /home/airflow/.local/lib/python3.7/site-packages/airflow/example_dags/example_latest_only.py
[2023-06-03T20:25:41.623+0000] {logging_mixin.py:149} INFO - [2023-06-03T20:25:41.623+0000] {dag.py:2726} INFO - Sync 1 DAGs
[2023-06-03T20:25:41.646+0000] {logging_mixin.py:149} INFO - [2023-06-03T20:25:41.646+0000] {dag.py:3490} INFO - Setting next_dagrun for latest_only to 2023-06-03T16:25:41.646567+00:00, run_after=2023-06-03T20:25:41.646567+00:00
[2023-06-03T20:25:41.675+0000] {processor.py:179} INFO - Processing /home/airflow/.local/lib/python3.7/site-packages/airflow/example_dags/example_latest_only.py took 0.087 seconds
[2023-06-03T20:26:12.428+0000] {processor.py:157} INFO - Started process (PID=426) to work on /home/airflow/.local/lib/python3.7/site-packages/airflow/example_dags/example_latest_only.py
[2023-06-03T20:26:12.429+0000] {processor.py:826} INFO - Processing file /home/airflow/.local/lib/python3.7/site-packages/airflow/example_dags/example_latest_only.py for tasks to queue
[2023-06-03T20:26:12.430+0000] {logging_mixin.py:149} INFO - [2023-06-03T20:26:12.430+0000] {dagbag.py:541} INFO - Filling up the DagBag from /home/airflow/.local/lib/python3.7/site-packages/airflow/example_dags/example_latest_only.py
[2023-06-03T20:26:12.433+0000] {processor.py:836} INFO - DAG(s) dict_keys(['latest_only']) retrieved from /home/airflow/.local/lib/python3.7/site-packages/airflow/example_dags/example_latest_only.py
[2023-06-03T20:26:12.449+0000] {logging_mixin.py:149} INFO - [2023-06-03T20:26:12.449+0000] {dag.py:2726} INFO - Sync 1 DAGs
[2023-06-03T20:26:12.466+0000] {logging_mixin.py:149} INFO - [2023-06-03T20:26:12.466+0000] {dag.py:3490} INFO - Setting next_dagrun for latest_only to 2023-06-03T16:26:12.466124+00:00, run_after=2023-06-03T20:26:12.466124+00:00
[2023-06-03T20:26:12.552+0000] {processor.py:179} INFO - Processing /home/airflow/.local/lib/python3.7/site-packages/airflow/example_dags/example_latest_only.py took 0.126 seconds
[2023-06-03T20:26:42.791+0000] {processor.py:157} INFO - Started process (PID=676) to work on /home/airflow/.local/lib/python3.7/site-packages/airflow/example_dags/example_latest_only.py
[2023-06-03T20:26:42.793+0000] {processor.py:826} INFO - Processing file /home/airflow/.local/lib/python3.7/site-packages/airflow/example_dags/example_latest_only.py for tasks to queue
[2023-06-03T20:26:42.794+0000] {logging_mixin.py:149} INFO - [2023-06-03T20:26:42.794+0000] {dagbag.py:541} INFO - Filling up the DagBag from /home/airflow/.local/lib/python3.7/site-packages/airflow/example_dags/example_latest_only.py
[2023-06-03T20:26:42.800+0000] {processor.py:836} INFO - DAG(s) dict_keys(['latest_only']) retrieved from /home/airflow/.local/lib/python3.7/site-packages/airflow/example_dags/example_latest_only.py
[2023-06-03T20:26:42.823+0000] {logging_mixin.py:149} INFO - [2023-06-03T20:26:42.822+0000] {dag.py:2726} INFO - Sync 1 DAGs
[2023-06-03T20:26:42.842+0000] {logging_mixin.py:149} INFO - [2023-06-03T20:26:42.842+0000] {dag.py:3490} INFO - Setting next_dagrun for latest_only to 2023-06-03T16:26:42.841916+00:00, run_after=2023-06-03T20:26:42.841916+00:00
[2023-06-03T20:26:42.859+0000] {processor.py:179} INFO - Processing /home/airflow/.local/lib/python3.7/site-packages/airflow/example_dags/example_latest_only.py took 0.070 seconds
[2023-06-03T20:27:13.064+0000] {processor.py:157} INFO - Started process (PID=930) to work on /home/airflow/.local/lib/python3.7/site-packages/airflow/example_dags/example_latest_only.py
[2023-06-03T20:27:13.065+0000] {processor.py:826} INFO - Processing file /home/airflow/.local/lib/python3.7/site-packages/airflow/example_dags/example_latest_only.py for tasks to queue
[2023-06-03T20:27:13.066+0000] {logging_mixin.py:149} INFO - [2023-06-03T20:27:13.066+0000] {dagbag.py:541} INFO - Filling up the DagBag from /home/airflow/.local/lib/python3.7/site-packages/airflow/example_dags/example_latest_only.py
[2023-06-03T20:27:13.070+0000] {processor.py:836} INFO - DAG(s) dict_keys(['latest_only']) retrieved from /home/airflow/.local/lib/python3.7/site-packages/airflow/example_dags/example_latest_only.py
[2023-06-03T20:27:13.086+0000] {logging_mixin.py:149} INFO - [2023-06-03T20:27:13.086+0000] {dag.py:2726} INFO - Sync 1 DAGs
[2023-06-03T20:27:13.105+0000] {logging_mixin.py:149} INFO - [2023-06-03T20:27:13.105+0000] {dag.py:3490} INFO - Setting next_dagrun for latest_only to 2023-06-03T16:27:13.105493+00:00, run_after=2023-06-03T20:27:13.105493+00:00
[2023-06-03T20:27:13.120+0000] {processor.py:179} INFO - Processing /home/airflow/.local/lib/python3.7/site-packages/airflow/example_dags/example_latest_only.py took 0.058 seconds
[2023-06-03T20:27:43.389+0000] {processor.py:157} INFO - Started process (PID=1182) to work on /home/airflow/.local/lib/python3.7/site-packages/airflow/example_dags/example_latest_only.py
[2023-06-03T20:27:43.390+0000] {processor.py:826} INFO - Processing file /home/airflow/.local/lib/python3.7/site-packages/airflow/example_dags/example_latest_only.py for tasks to queue
[2023-06-03T20:27:43.392+0000] {logging_mixin.py:149} INFO - [2023-06-03T20:27:43.392+0000] {dagbag.py:541} INFO - Filling up the DagBag from /home/airflow/.local/lib/python3.7/site-packages/airflow/example_dags/example_latest_only.py
[2023-06-03T20:27:43.399+0000] {processor.py:836} INFO - DAG(s) dict_keys(['latest_only']) retrieved from /home/airflow/.local/lib/python3.7/site-packages/airflow/example_dags/example_latest_only.py
[2023-06-03T20:27:43.418+0000] {logging_mixin.py:149} INFO - [2023-06-03T20:27:43.418+0000] {dag.py:2726} INFO - Sync 1 DAGs
[2023-06-03T20:27:43.440+0000] {logging_mixin.py:149} INFO - [2023-06-03T20:27:43.440+0000] {dag.py:3490} INFO - Setting next_dagrun for latest_only to 2023-06-03T16:27:43.440454+00:00, run_after=2023-06-03T20:27:43.440454+00:00
[2023-06-03T20:27:43.456+0000] {processor.py:179} INFO - Processing /home/airflow/.local/lib/python3.7/site-packages/airflow/example_dags/example_latest_only.py took 0.069 seconds
[2023-06-03T20:28:13.703+0000] {processor.py:157} INFO - Started process (PID=1433) to work on /home/airflow/.local/lib/python3.7/site-packages/airflow/example_dags/example_latest_only.py
[2023-06-03T20:28:13.705+0000] {processor.py:826} INFO - Processing file /home/airflow/.local/lib/python3.7/site-packages/airflow/example_dags/example_latest_only.py for tasks to queue
[2023-06-03T20:28:13.706+0000] {logging_mixin.py:149} INFO - [2023-06-03T20:28:13.706+0000] {dagbag.py:541} INFO - Filling up the DagBag from /home/airflow/.local/lib/python3.7/site-packages/airflow/example_dags/example_latest_only.py
[2023-06-03T20:28:13.711+0000] {processor.py:836} INFO - DAG(s) dict_keys(['latest_only']) retrieved from /home/airflow/.local/lib/python3.7/site-packages/airflow/example_dags/example_latest_only.py
[2023-06-03T20:28:13.733+0000] {logging_mixin.py:149} INFO - [2023-06-03T20:28:13.733+0000] {dag.py:2726} INFO - Sync 1 DAGs
[2023-06-03T20:28:13.773+0000] {logging_mixin.py:149} INFO - [2023-06-03T20:28:13.773+0000] {dag.py:3490} INFO - Setting next_dagrun for latest_only to 2023-06-03T16:28:13.773127+00:00, run_after=2023-06-03T20:28:13.773127+00:00
[2023-06-03T20:28:13.789+0000] {processor.py:179} INFO - Processing /home/airflow/.local/lib/python3.7/site-packages/airflow/example_dags/example_latest_only.py took 0.089 seconds
[2023-06-03T20:28:44.025+0000] {processor.py:157} INFO - Started process (PID=1685) to work on /home/airflow/.local/lib/python3.7/site-packages/airflow/example_dags/example_latest_only.py
[2023-06-03T20:28:44.026+0000] {processor.py:826} INFO - Processing file /home/airflow/.local/lib/python3.7/site-packages/airflow/example_dags/example_latest_only.py for tasks to queue
[2023-06-03T20:28:44.027+0000] {logging_mixin.py:149} INFO - [2023-06-03T20:28:44.027+0000] {dagbag.py:541} INFO - Filling up the DagBag from /home/airflow/.local/lib/python3.7/site-packages/airflow/example_dags/example_latest_only.py
[2023-06-03T20:28:44.031+0000] {processor.py:836} INFO - DAG(s) dict_keys(['latest_only']) retrieved from /home/airflow/.local/lib/python3.7/site-packages/airflow/example_dags/example_latest_only.py
[2023-06-03T20:28:44.048+0000] {logging_mixin.py:149} INFO - [2023-06-03T20:28:44.048+0000] {dag.py:2726} INFO - Sync 1 DAGs
[2023-06-03T20:28:44.064+0000] {logging_mixin.py:149} INFO - [2023-06-03T20:28:44.064+0000] {dag.py:3490} INFO - Setting next_dagrun for latest_only to 2023-06-03T16:28:44.064662+00:00, run_after=2023-06-03T20:28:44.064662+00:00
[2023-06-03T20:28:44.080+0000] {processor.py:179} INFO - Processing /home/airflow/.local/lib/python3.7/site-packages/airflow/example_dags/example_latest_only.py took 0.056 seconds
[2023-06-03T20:29:14.323+0000] {processor.py:157} INFO - Started process (PID=1939) to work on /home/airflow/.local/lib/python3.7/site-packages/airflow/example_dags/example_latest_only.py
[2023-06-03T20:29:14.324+0000] {processor.py:826} INFO - Processing file /home/airflow/.local/lib/python3.7/site-packages/airflow/example_dags/example_latest_only.py for tasks to queue
[2023-06-03T20:29:14.325+0000] {logging_mixin.py:149} INFO - [2023-06-03T20:29:14.325+0000] {dagbag.py:541} INFO - Filling up the DagBag from /home/airflow/.local/lib/python3.7/site-packages/airflow/example_dags/example_latest_only.py
[2023-06-03T20:29:14.329+0000] {processor.py:836} INFO - DAG(s) dict_keys(['latest_only']) retrieved from /home/airflow/.local/lib/python3.7/site-packages/airflow/example_dags/example_latest_only.py
[2023-06-03T20:29:14.348+0000] {logging_mixin.py:149} INFO - [2023-06-03T20:29:14.347+0000] {dag.py:2726} INFO - Sync 1 DAGs
[2023-06-03T20:29:14.368+0000] {logging_mixin.py:149} INFO - [2023-06-03T20:29:14.368+0000] {dag.py:3490} INFO - Setting next_dagrun for latest_only to 2023-06-03T16:29:14.367887+00:00, run_after=2023-06-03T20:29:14.367887+00:00
[2023-06-03T20:29:14.384+0000] {processor.py:179} INFO - Processing /home/airflow/.local/lib/python3.7/site-packages/airflow/example_dags/example_latest_only.py took 0.064 seconds
[2023-06-03T20:29:44.582+0000] {processor.py:157} INFO - Started process (PID=2191) to work on /home/airflow/.local/lib/python3.7/site-packages/airflow/example_dags/example_latest_only.py
[2023-06-03T20:29:44.583+0000] {processor.py:826} INFO - Processing file /home/airflow/.local/lib/python3.7/site-packages/airflow/example_dags/example_latest_only.py for tasks to queue
[2023-06-03T20:29:44.585+0000] {logging_mixin.py:149} INFO - [2023-06-03T20:29:44.584+0000] {dagbag.py:541} INFO - Filling up the DagBag from /home/airflow/.local/lib/python3.7/site-packages/airflow/example_dags/example_latest_only.py
[2023-06-03T20:29:44.589+0000] {processor.py:836} INFO - DAG(s) dict_keys(['latest_only']) retrieved from /home/airflow/.local/lib/python3.7/site-packages/airflow/example_dags/example_latest_only.py
[2023-06-03T20:29:44.606+0000] {logging_mixin.py:149} INFO - [2023-06-03T20:29:44.606+0000] {dag.py:2726} INFO - Sync 1 DAGs
[2023-06-03T20:29:44.624+0000] {logging_mixin.py:149} INFO - [2023-06-03T20:29:44.623+0000] {dag.py:3490} INFO - Setting next_dagrun for latest_only to 2023-06-03T16:29:44.623810+00:00, run_after=2023-06-03T20:29:44.623810+00:00
[2023-06-03T20:29:44.643+0000] {processor.py:179} INFO - Processing /home/airflow/.local/lib/python3.7/site-packages/airflow/example_dags/example_latest_only.py took 0.063 seconds
[2023-06-03T20:30:14.758+0000] {processor.py:157} INFO - Started process (PID=2441) to work on /home/airflow/.local/lib/python3.7/site-packages/airflow/example_dags/example_latest_only.py
[2023-06-03T20:30:14.759+0000] {processor.py:826} INFO - Processing file /home/airflow/.local/lib/python3.7/site-packages/airflow/example_dags/example_latest_only.py for tasks to queue
[2023-06-03T20:30:14.761+0000] {logging_mixin.py:149} INFO - [2023-06-03T20:30:14.761+0000] {dagbag.py:541} INFO - Filling up the DagBag from /home/airflow/.local/lib/python3.7/site-packages/airflow/example_dags/example_latest_only.py
[2023-06-03T20:30:14.765+0000] {processor.py:836} INFO - DAG(s) dict_keys(['latest_only']) retrieved from /home/airflow/.local/lib/python3.7/site-packages/airflow/example_dags/example_latest_only.py
[2023-06-03T20:30:14.780+0000] {logging_mixin.py:149} INFO - [2023-06-03T20:30:14.780+0000] {dag.py:2726} INFO - Sync 1 DAGs
[2023-06-03T20:30:14.797+0000] {logging_mixin.py:149} INFO - [2023-06-03T20:30:14.797+0000] {dag.py:3490} INFO - Setting next_dagrun for latest_only to 2023-06-03T16:30:14.796990+00:00, run_after=2023-06-03T20:30:14.796990+00:00
[2023-06-03T20:30:14.813+0000] {processor.py:179} INFO - Processing /home/airflow/.local/lib/python3.7/site-packages/airflow/example_dags/example_latest_only.py took 0.056 seconds
[2023-06-03T20:30:45.385+0000] {processor.py:157} INFO - Started process (PID=2695) to work on /home/airflow/.local/lib/python3.7/site-packages/airflow/example_dags/example_latest_only.py
[2023-06-03T20:30:45.385+0000] {processor.py:826} INFO - Processing file /home/airflow/.local/lib/python3.7/site-packages/airflow/example_dags/example_latest_only.py for tasks to queue
[2023-06-03T20:30:45.386+0000] {logging_mixin.py:149} INFO - [2023-06-03T20:30:45.386+0000] {dagbag.py:541} INFO - Filling up the DagBag from /home/airflow/.local/lib/python3.7/site-packages/airflow/example_dags/example_latest_only.py
[2023-06-03T20:30:45.390+0000] {processor.py:836} INFO - DAG(s) dict_keys(['latest_only']) retrieved from /home/airflow/.local/lib/python3.7/site-packages/airflow/example_dags/example_latest_only.py
[2023-06-03T20:30:45.406+0000] {logging_mixin.py:149} INFO - [2023-06-03T20:30:45.406+0000] {dag.py:2726} INFO - Sync 1 DAGs
[2023-06-03T20:30:45.423+0000] {logging_mixin.py:149} INFO - [2023-06-03T20:30:45.423+0000] {dag.py:3490} INFO - Setting next_dagrun for latest_only to 2023-06-03T16:30:45.423279+00:00, run_after=2023-06-03T20:30:45.423279+00:00
[2023-06-03T20:30:45.440+0000] {processor.py:179} INFO - Processing /home/airflow/.local/lib/python3.7/site-packages/airflow/example_dags/example_latest_only.py took 0.057 seconds
[2023-06-03T20:31:15.624+0000] {processor.py:157} INFO - Started process (PID=2945) to work on /home/airflow/.local/lib/python3.7/site-packages/airflow/example_dags/example_latest_only.py
[2023-06-03T20:31:15.625+0000] {processor.py:826} INFO - Processing file /home/airflow/.local/lib/python3.7/site-packages/airflow/example_dags/example_latest_only.py for tasks to queue
[2023-06-03T20:31:15.626+0000] {logging_mixin.py:149} INFO - [2023-06-03T20:31:15.626+0000] {dagbag.py:541} INFO - Filling up the DagBag from /home/airflow/.local/lib/python3.7/site-packages/airflow/example_dags/example_latest_only.py
[2023-06-03T20:31:15.631+0000] {processor.py:836} INFO - DAG(s) dict_keys(['latest_only']) retrieved from /home/airflow/.local/lib/python3.7/site-packages/airflow/example_dags/example_latest_only.py
[2023-06-03T20:31:15.648+0000] {logging_mixin.py:149} INFO - [2023-06-03T20:31:15.648+0000] {dag.py:2726} INFO - Sync 1 DAGs
[2023-06-03T20:31:15.666+0000] {logging_mixin.py:149} INFO - [2023-06-03T20:31:15.665+0000] {dag.py:3490} INFO - Setting next_dagrun for latest_only to 2023-06-03T16:31:15.665758+00:00, run_after=2023-06-03T20:31:15.665758+00:00
[2023-06-03T20:31:15.682+0000] {processor.py:179} INFO - Processing /home/airflow/.local/lib/python3.7/site-packages/airflow/example_dags/example_latest_only.py took 0.060 seconds
[2023-06-03T20:31:45.777+0000] {processor.py:157} INFO - Started process (PID=3197) to work on /home/airflow/.local/lib/python3.7/site-packages/airflow/example_dags/example_latest_only.py
[2023-06-03T20:31:45.779+0000] {processor.py:826} INFO - Processing file /home/airflow/.local/lib/python3.7/site-packages/airflow/example_dags/example_latest_only.py for tasks to queue
[2023-06-03T20:31:45.780+0000] {logging_mixin.py:149} INFO - [2023-06-03T20:31:45.780+0000] {dagbag.py:541} INFO - Filling up the DagBag from /home/airflow/.local/lib/python3.7/site-packages/airflow/example_dags/example_latest_only.py
[2023-06-03T20:31:45.785+0000] {processor.py:836} INFO - DAG(s) dict_keys(['latest_only']) retrieved from /home/airflow/.local/lib/python3.7/site-packages/airflow/example_dags/example_latest_only.py
[2023-06-03T20:31:45.804+0000] {logging_mixin.py:149} INFO - [2023-06-03T20:31:45.804+0000] {dag.py:2726} INFO - Sync 1 DAGs
[2023-06-03T20:31:45.823+0000] {logging_mixin.py:149} INFO - [2023-06-03T20:31:45.822+0000] {dag.py:3490} INFO - Setting next_dagrun for latest_only to 2023-06-03T16:31:45.822744+00:00, run_after=2023-06-03T20:31:45.822744+00:00
[2023-06-03T20:31:45.842+0000] {processor.py:179} INFO - Processing /home/airflow/.local/lib/python3.7/site-packages/airflow/example_dags/example_latest_only.py took 0.066 seconds
[2023-06-03T20:32:15.918+0000] {processor.py:157} INFO - Started process (PID=3589) to work on /home/airflow/.local/lib/python3.7/site-packages/airflow/example_dags/example_latest_only.py
[2023-06-03T20:32:15.920+0000] {processor.py:826} INFO - Processing file /home/airflow/.local/lib/python3.7/site-packages/airflow/example_dags/example_latest_only.py for tasks to queue
[2023-06-03T20:32:15.921+0000] {logging_mixin.py:149} INFO - [2023-06-03T20:32:15.921+0000] {dagbag.py:541} INFO - Filling up the DagBag from /home/airflow/.local/lib/python3.7/site-packages/airflow/example_dags/example_latest_only.py
[2023-06-03T20:32:15.926+0000] {processor.py:836} INFO - DAG(s) dict_keys(['latest_only']) retrieved from /home/airflow/.local/lib/python3.7/site-packages/airflow/example_dags/example_latest_only.py
[2023-06-03T20:32:15.944+0000] {logging_mixin.py:149} INFO - [2023-06-03T20:32:15.944+0000] {dag.py:2726} INFO - Sync 1 DAGs
[2023-06-03T20:32:16.003+0000] {logging_mixin.py:149} INFO - [2023-06-03T20:32:16.003+0000] {dag.py:3490} INFO - Setting next_dagrun for latest_only to 2023-06-03T16:32:16.002912+00:00, run_after=2023-06-03T20:32:16.002912+00:00
[2023-06-03T20:32:16.019+0000] {processor.py:179} INFO - Processing /home/airflow/.local/lib/python3.7/site-packages/airflow/example_dags/example_latest_only.py took 0.104 seconds
[2023-06-03T20:32:46.223+0000] {processor.py:157} INFO - Started process (PID=3840) to work on /home/airflow/.local/lib/python3.7/site-packages/airflow/example_dags/example_latest_only.py
[2023-06-03T20:32:46.225+0000] {processor.py:826} INFO - Processing file /home/airflow/.local/lib/python3.7/site-packages/airflow/example_dags/example_latest_only.py for tasks to queue
[2023-06-03T20:32:46.226+0000] {logging_mixin.py:149} INFO - [2023-06-03T20:32:46.226+0000] {dagbag.py:541} INFO - Filling up the DagBag from /home/airflow/.local/lib/python3.7/site-packages/airflow/example_dags/example_latest_only.py
[2023-06-03T20:32:46.231+0000] {processor.py:836} INFO - DAG(s) dict_keys(['latest_only']) retrieved from /home/airflow/.local/lib/python3.7/site-packages/airflow/example_dags/example_latest_only.py
[2023-06-03T20:32:46.248+0000] {logging_mixin.py:149} INFO - [2023-06-03T20:32:46.248+0000] {dag.py:2726} INFO - Sync 1 DAGs
[2023-06-03T20:32:46.265+0000] {logging_mixin.py:149} INFO - [2023-06-03T20:32:46.265+0000] {dag.py:3490} INFO - Setting next_dagrun for latest_only to 2023-06-03T16:32:46.265517+00:00, run_after=2023-06-03T20:32:46.265517+00:00
[2023-06-03T20:32:46.283+0000] {processor.py:179} INFO - Processing /home/airflow/.local/lib/python3.7/site-packages/airflow/example_dags/example_latest_only.py took 0.062 seconds
[2023-06-03T20:33:16.353+0000] {processor.py:157} INFO - Started process (PID=4091) to work on /home/airflow/.local/lib/python3.7/site-packages/airflow/example_dags/example_latest_only.py
[2023-06-03T20:33:16.354+0000] {processor.py:826} INFO - Processing file /home/airflow/.local/lib/python3.7/site-packages/airflow/example_dags/example_latest_only.py for tasks to queue
[2023-06-03T20:33:16.356+0000] {logging_mixin.py:149} INFO - [2023-06-03T20:33:16.355+0000] {dagbag.py:541} INFO - Filling up the DagBag from /home/airflow/.local/lib/python3.7/site-packages/airflow/example_dags/example_latest_only.py
[2023-06-03T20:33:16.360+0000] {processor.py:836} INFO - DAG(s) dict_keys(['latest_only']) retrieved from /home/airflow/.local/lib/python3.7/site-packages/airflow/example_dags/example_latest_only.py
[2023-06-03T20:33:16.376+0000] {logging_mixin.py:149} INFO - [2023-06-03T20:33:16.376+0000] {dag.py:2726} INFO - Sync 1 DAGs
[2023-06-03T20:33:16.393+0000] {logging_mixin.py:149} INFO - [2023-06-03T20:33:16.392+0000] {dag.py:3490} INFO - Setting next_dagrun for latest_only to 2023-06-03T16:33:16.392817+00:00, run_after=2023-06-03T20:33:16.392817+00:00
[2023-06-03T20:33:16.411+0000] {processor.py:179} INFO - Processing /home/airflow/.local/lib/python3.7/site-packages/airflow/example_dags/example_latest_only.py took 0.060 seconds
[2023-06-03T20:33:46.540+0000] {processor.py:157} INFO - Started process (PID=4343) to work on /home/airflow/.local/lib/python3.7/site-packages/airflow/example_dags/example_latest_only.py
[2023-06-03T20:33:46.541+0000] {processor.py:826} INFO - Processing file /home/airflow/.local/lib/python3.7/site-packages/airflow/example_dags/example_latest_only.py for tasks to queue
[2023-06-03T20:33:46.542+0000] {logging_mixin.py:149} INFO - [2023-06-03T20:33:46.541+0000] {dagbag.py:541} INFO - Filling up the DagBag from /home/airflow/.local/lib/python3.7/site-packages/airflow/example_dags/example_latest_only.py
[2023-06-03T20:33:46.546+0000] {processor.py:836} INFO - DAG(s) dict_keys(['latest_only']) retrieved from /home/airflow/.local/lib/python3.7/site-packages/airflow/example_dags/example_latest_only.py
[2023-06-03T20:33:46.562+0000] {logging_mixin.py:149} INFO - [2023-06-03T20:33:46.562+0000] {dag.py:2726} INFO - Sync 1 DAGs
[2023-06-03T20:33:46.578+0000] {logging_mixin.py:149} INFO - [2023-06-03T20:33:46.578+0000] {dag.py:3490} INFO - Setting next_dagrun for latest_only to 2023-06-03T16:33:46.578421+00:00, run_after=2023-06-03T20:33:46.578421+00:00
[2023-06-03T20:33:46.594+0000] {processor.py:179} INFO - Processing /home/airflow/.local/lib/python3.7/site-packages/airflow/example_dags/example_latest_only.py took 0.056 seconds
[2023-06-03T20:34:17.185+0000] {processor.py:157} INFO - Started process (PID=4596) to work on /home/airflow/.local/lib/python3.7/site-packages/airflow/example_dags/example_latest_only.py
[2023-06-03T20:34:17.186+0000] {processor.py:826} INFO - Processing file /home/airflow/.local/lib/python3.7/site-packages/airflow/example_dags/example_latest_only.py for tasks to queue
[2023-06-03T20:34:17.187+0000] {logging_mixin.py:149} INFO - [2023-06-03T20:34:17.187+0000] {dagbag.py:541} INFO - Filling up the DagBag from /home/airflow/.local/lib/python3.7/site-packages/airflow/example_dags/example_latest_only.py
[2023-06-03T20:34:17.192+0000] {processor.py:836} INFO - DAG(s) dict_keys(['latest_only']) retrieved from /home/airflow/.local/lib/python3.7/site-packages/airflow/example_dags/example_latest_only.py
[2023-06-03T20:34:17.207+0000] {logging_mixin.py:149} INFO - [2023-06-03T20:34:17.207+0000] {dag.py:2726} INFO - Sync 1 DAGs
[2023-06-03T20:34:17.225+0000] {logging_mixin.py:149} INFO - [2023-06-03T20:34:17.224+0000] {dag.py:3490} INFO - Setting next_dagrun for latest_only to 2023-06-03T16:34:17.224815+00:00, run_after=2023-06-03T20:34:17.224815+00:00
[2023-06-03T20:34:17.241+0000] {processor.py:179} INFO - Processing /home/airflow/.local/lib/python3.7/site-packages/airflow/example_dags/example_latest_only.py took 0.057 seconds
[2023-06-03T20:34:47.670+0000] {processor.py:157} INFO - Started process (PID=4847) to work on /home/airflow/.local/lib/python3.7/site-packages/airflow/example_dags/example_latest_only.py
[2023-06-03T20:34:47.671+0000] {processor.py:826} INFO - Processing file /home/airflow/.local/lib/python3.7/site-packages/airflow/example_dags/example_latest_only.py for tasks to queue
[2023-06-03T20:34:47.672+0000] {logging_mixin.py:149} INFO - [2023-06-03T20:34:47.672+0000] {dagbag.py:541} INFO - Filling up the DagBag from /home/airflow/.local/lib/python3.7/site-packages/airflow/example_dags/example_latest_only.py
[2023-06-03T20:34:47.677+0000] {processor.py:836} INFO - DAG(s) dict_keys(['latest_only']) retrieved from /home/airflow/.local/lib/python3.7/site-packages/airflow/example_dags/example_latest_only.py
[2023-06-03T20:34:47.695+0000] {logging_mixin.py:149} INFO - [2023-06-03T20:34:47.694+0000] {dag.py:2726} INFO - Sync 1 DAGs
[2023-06-03T20:34:47.713+0000] {logging_mixin.py:149} INFO - [2023-06-03T20:34:47.713+0000] {dag.py:3490} INFO - Setting next_dagrun for latest_only to 2023-06-03T16:34:47.713562+00:00, run_after=2023-06-03T20:34:47.713562+00:00
[2023-06-03T20:34:47.756+0000] {processor.py:179} INFO - Processing /home/airflow/.local/lib/python3.7/site-packages/airflow/example_dags/example_latest_only.py took 0.087 seconds
[2023-06-03T20:35:18.085+0000] {processor.py:157} INFO - Started process (PID=5100) to work on /home/airflow/.local/lib/python3.7/site-packages/airflow/example_dags/example_latest_only.py
[2023-06-03T20:35:18.086+0000] {processor.py:826} INFO - Processing file /home/airflow/.local/lib/python3.7/site-packages/airflow/example_dags/example_latest_only.py for tasks to queue
[2023-06-03T20:35:18.086+0000] {logging_mixin.py:149} INFO - [2023-06-03T20:35:18.086+0000] {dagbag.py:541} INFO - Filling up the DagBag from /home/airflow/.local/lib/python3.7/site-packages/airflow/example_dags/example_latest_only.py
[2023-06-03T20:35:18.090+0000] {processor.py:836} INFO - DAG(s) dict_keys(['latest_only']) retrieved from /home/airflow/.local/lib/python3.7/site-packages/airflow/example_dags/example_latest_only.py
[2023-06-03T20:35:18.107+0000] {logging_mixin.py:149} INFO - [2023-06-03T20:35:18.106+0000] {dag.py:2726} INFO - Sync 1 DAGs
[2023-06-03T20:35:18.125+0000] {logging_mixin.py:149} INFO - [2023-06-03T20:35:18.124+0000] {dag.py:3490} INFO - Setting next_dagrun for latest_only to 2023-06-03T16:35:18.124782+00:00, run_after=2023-06-03T20:35:18.124782+00:00
[2023-06-03T20:35:18.141+0000] {processor.py:179} INFO - Processing /home/airflow/.local/lib/python3.7/site-packages/airflow/example_dags/example_latest_only.py took 0.058 seconds
[2023-06-03T20:35:48.828+0000] {processor.py:157} INFO - Started process (PID=5353) to work on /home/airflow/.local/lib/python3.7/site-packages/airflow/example_dags/example_latest_only.py
[2023-06-03T20:35:48.830+0000] {processor.py:826} INFO - Processing file /home/airflow/.local/lib/python3.7/site-packages/airflow/example_dags/example_latest_only.py for tasks to queue
[2023-06-03T20:35:48.831+0000] {logging_mixin.py:149} INFO - [2023-06-03T20:35:48.831+0000] {dagbag.py:541} INFO - Filling up the DagBag from /home/airflow/.local/lib/python3.7/site-packages/airflow/example_dags/example_latest_only.py
[2023-06-03T20:35:48.835+0000] {processor.py:836} INFO - DAG(s) dict_keys(['latest_only']) retrieved from /home/airflow/.local/lib/python3.7/site-packages/airflow/example_dags/example_latest_only.py
[2023-06-03T20:35:48.852+0000] {logging_mixin.py:149} INFO - [2023-06-03T20:35:48.852+0000] {dag.py:2726} INFO - Sync 1 DAGs
[2023-06-03T20:35:48.869+0000] {logging_mixin.py:149} INFO - [2023-06-03T20:35:48.868+0000] {dag.py:3490} INFO - Setting next_dagrun for latest_only to 2023-06-03T16:35:48.868810+00:00, run_after=2023-06-03T20:35:48.868810+00:00
[2023-06-03T20:35:48.884+0000] {processor.py:179} INFO - Processing /home/airflow/.local/lib/python3.7/site-packages/airflow/example_dags/example_latest_only.py took 0.057 seconds
[2023-06-03T20:36:19.450+0000] {processor.py:157} INFO - Started process (PID=5603) to work on /home/airflow/.local/lib/python3.7/site-packages/airflow/example_dags/example_latest_only.py
[2023-06-03T20:36:19.451+0000] {processor.py:826} INFO - Processing file /home/airflow/.local/lib/python3.7/site-packages/airflow/example_dags/example_latest_only.py for tasks to queue
[2023-06-03T20:36:19.452+0000] {logging_mixin.py:149} INFO - [2023-06-03T20:36:19.452+0000] {dagbag.py:541} INFO - Filling up the DagBag from /home/airflow/.local/lib/python3.7/site-packages/airflow/example_dags/example_latest_only.py
[2023-06-03T20:36:19.456+0000] {processor.py:836} INFO - DAG(s) dict_keys(['latest_only']) retrieved from /home/airflow/.local/lib/python3.7/site-packages/airflow/example_dags/example_latest_only.py
[2023-06-03T20:36:19.472+0000] {logging_mixin.py:149} INFO - [2023-06-03T20:36:19.472+0000] {dag.py:2726} INFO - Sync 1 DAGs
[2023-06-03T20:36:19.490+0000] {logging_mixin.py:149} INFO - [2023-06-03T20:36:19.490+0000] {dag.py:3490} INFO - Setting next_dagrun for latest_only to 2023-06-03T16:36:19.490196+00:00, run_after=2023-06-03T20:36:19.490196+00:00
[2023-06-03T20:36:19.505+0000] {processor.py:179} INFO - Processing /home/airflow/.local/lib/python3.7/site-packages/airflow/example_dags/example_latest_only.py took 0.058 seconds
[2023-06-03T20:36:50.024+0000] {processor.py:157} INFO - Started process (PID=5856) to work on /home/airflow/.local/lib/python3.7/site-packages/airflow/example_dags/example_latest_only.py
[2023-06-03T20:36:50.026+0000] {processor.py:826} INFO - Processing file /home/airflow/.local/lib/python3.7/site-packages/airflow/example_dags/example_latest_only.py for tasks to queue
[2023-06-03T20:36:50.027+0000] {logging_mixin.py:149} INFO - [2023-06-03T20:36:50.027+0000] {dagbag.py:541} INFO - Filling up the DagBag from /home/airflow/.local/lib/python3.7/site-packages/airflow/example_dags/example_latest_only.py
[2023-06-03T20:36:50.031+0000] {processor.py:836} INFO - DAG(s) dict_keys(['latest_only']) retrieved from /home/airflow/.local/lib/python3.7/site-packages/airflow/example_dags/example_latest_only.py
[2023-06-03T20:36:50.048+0000] {logging_mixin.py:149} INFO - [2023-06-03T20:36:50.048+0000] {dag.py:2726} INFO - Sync 1 DAGs
[2023-06-03T20:36:50.066+0000] {logging_mixin.py:149} INFO - [2023-06-03T20:36:50.066+0000] {dag.py:3490} INFO - Setting next_dagrun for latest_only to 2023-06-03T16:36:50.066663+00:00, run_after=2023-06-03T20:36:50.066663+00:00
[2023-06-03T20:36:50.083+0000] {processor.py:179} INFO - Processing /home/airflow/.local/lib/python3.7/site-packages/airflow/example_dags/example_latest_only.py took 0.060 seconds
[2023-06-03T20:37:20.744+0000] {processor.py:157} INFO - Started process (PID=6107) to work on /home/airflow/.local/lib/python3.7/site-packages/airflow/example_dags/example_latest_only.py
[2023-06-03T20:37:20.745+0000] {processor.py:826} INFO - Processing file /home/airflow/.local/lib/python3.7/site-packages/airflow/example_dags/example_latest_only.py for tasks to queue
[2023-06-03T20:37:20.747+0000] {logging_mixin.py:149} INFO - [2023-06-03T20:37:20.747+0000] {dagbag.py:541} INFO - Filling up the DagBag from /home/airflow/.local/lib/python3.7/site-packages/airflow/example_dags/example_latest_only.py
[2023-06-03T20:37:20.754+0000] {processor.py:836} INFO - DAG(s) dict_keys(['latest_only']) retrieved from /home/airflow/.local/lib/python3.7/site-packages/airflow/example_dags/example_latest_only.py
[2023-06-03T20:37:20.773+0000] {logging_mixin.py:149} INFO - [2023-06-03T20:37:20.773+0000] {dag.py:2726} INFO - Sync 1 DAGs
[2023-06-03T20:37:20.791+0000] {logging_mixin.py:149} INFO - [2023-06-03T20:37:20.791+0000] {dag.py:3490} INFO - Setting next_dagrun for latest_only to 2023-06-03T16:37:20.791045+00:00, run_after=2023-06-03T20:37:20.791045+00:00
[2023-06-03T20:37:20.808+0000] {processor.py:179} INFO - Processing /home/airflow/.local/lib/python3.7/site-packages/airflow/example_dags/example_latest_only.py took 0.068 seconds
[2023-06-03T20:37:51.410+0000] {processor.py:157} INFO - Started process (PID=6361) to work on /home/airflow/.local/lib/python3.7/site-packages/airflow/example_dags/example_latest_only.py
[2023-06-03T20:37:51.411+0000] {processor.py:826} INFO - Processing file /home/airflow/.local/lib/python3.7/site-packages/airflow/example_dags/example_latest_only.py for tasks to queue
[2023-06-03T20:37:51.412+0000] {logging_mixin.py:149} INFO - [2023-06-03T20:37:51.411+0000] {dagbag.py:541} INFO - Filling up the DagBag from /home/airflow/.local/lib/python3.7/site-packages/airflow/example_dags/example_latest_only.py
[2023-06-03T20:37:51.415+0000] {processor.py:836} INFO - DAG(s) dict_keys(['latest_only']) retrieved from /home/airflow/.local/lib/python3.7/site-packages/airflow/example_dags/example_latest_only.py
[2023-06-03T20:37:51.434+0000] {logging_mixin.py:149} INFO - [2023-06-03T20:37:51.434+0000] {dag.py:2726} INFO - Sync 1 DAGs
[2023-06-03T20:37:51.454+0000] {logging_mixin.py:149} INFO - [2023-06-03T20:37:51.454+0000] {dag.py:3490} INFO - Setting next_dagrun for latest_only to 2023-06-03T16:37:51.454517+00:00, run_after=2023-06-03T20:37:51.454517+00:00
[2023-06-03T20:37:51.493+0000] {processor.py:179} INFO - Processing /home/airflow/.local/lib/python3.7/site-packages/airflow/example_dags/example_latest_only.py took 0.085 seconds
[2023-06-03T20:38:21.646+0000] {processor.py:157} INFO - Started process (PID=6611) to work on /home/airflow/.local/lib/python3.7/site-packages/airflow/example_dags/example_latest_only.py
[2023-06-03T20:38:21.647+0000] {processor.py:826} INFO - Processing file /home/airflow/.local/lib/python3.7/site-packages/airflow/example_dags/example_latest_only.py for tasks to queue
[2023-06-03T20:38:21.648+0000] {logging_mixin.py:149} INFO - [2023-06-03T20:38:21.648+0000] {dagbag.py:541} INFO - Filling up the DagBag from /home/airflow/.local/lib/python3.7/site-packages/airflow/example_dags/example_latest_only.py
[2023-06-03T20:38:21.652+0000] {processor.py:836} INFO - DAG(s) dict_keys(['latest_only']) retrieved from /home/airflow/.local/lib/python3.7/site-packages/airflow/example_dags/example_latest_only.py
[2023-06-03T20:38:21.668+0000] {logging_mixin.py:149} INFO - [2023-06-03T20:38:21.668+0000] {dag.py:2726} INFO - Sync 1 DAGs
[2023-06-03T20:38:21.686+0000] {logging_mixin.py:149} INFO - [2023-06-03T20:38:21.686+0000] {dag.py:3490} INFO - Setting next_dagrun for latest_only to 2023-06-03T16:38:21.686540+00:00, run_after=2023-06-03T20:38:21.686540+00:00
[2023-06-03T20:38:21.703+0000] {processor.py:179} INFO - Processing /home/airflow/.local/lib/python3.7/site-packages/airflow/example_dags/example_latest_only.py took 0.059 seconds
[2023-06-03T20:38:51.829+0000] {processor.py:157} INFO - Started process (PID=6863) to work on /home/airflow/.local/lib/python3.7/site-packages/airflow/example_dags/example_latest_only.py
[2023-06-03T20:38:51.830+0000] {processor.py:826} INFO - Processing file /home/airflow/.local/lib/python3.7/site-packages/airflow/example_dags/example_latest_only.py for tasks to queue
[2023-06-03T20:38:51.831+0000] {logging_mixin.py:149} INFO - [2023-06-03T20:38:51.831+0000] {dagbag.py:541} INFO - Filling up the DagBag from /home/airflow/.local/lib/python3.7/site-packages/airflow/example_dags/example_latest_only.py
[2023-06-03T20:38:51.836+0000] {processor.py:836} INFO - DAG(s) dict_keys(['latest_only']) retrieved from /home/airflow/.local/lib/python3.7/site-packages/airflow/example_dags/example_latest_only.py
[2023-06-03T20:38:51.853+0000] {logging_mixin.py:149} INFO - [2023-06-03T20:38:51.853+0000] {dag.py:2726} INFO - Sync 1 DAGs
[2023-06-03T20:38:51.870+0000] {logging_mixin.py:149} INFO - [2023-06-03T20:38:51.870+0000] {dag.py:3490} INFO - Setting next_dagrun for latest_only to 2023-06-03T16:38:51.869875+00:00, run_after=2023-06-03T20:38:51.869875+00:00
[2023-06-03T20:38:51.888+0000] {processor.py:179} INFO - Processing /home/airflow/.local/lib/python3.7/site-packages/airflow/example_dags/example_latest_only.py took 0.061 seconds
[2023-06-03T20:39:22.209+0000] {processor.py:157} INFO - Started process (PID=7117) to work on /home/airflow/.local/lib/python3.7/site-packages/airflow/example_dags/example_latest_only.py
[2023-06-03T20:39:22.211+0000] {processor.py:826} INFO - Processing file /home/airflow/.local/lib/python3.7/site-packages/airflow/example_dags/example_latest_only.py for tasks to queue
[2023-06-03T20:39:22.212+0000] {logging_mixin.py:149} INFO - [2023-06-03T20:39:22.211+0000] {dagbag.py:541} INFO - Filling up the DagBag from /home/airflow/.local/lib/python3.7/site-packages/airflow/example_dags/example_latest_only.py
[2023-06-03T20:39:22.216+0000] {processor.py:836} INFO - DAG(s) dict_keys(['latest_only']) retrieved from /home/airflow/.local/lib/python3.7/site-packages/airflow/example_dags/example_latest_only.py
[2023-06-03T20:39:22.233+0000] {logging_mixin.py:149} INFO - [2023-06-03T20:39:22.233+0000] {dag.py:2726} INFO - Sync 1 DAGs
[2023-06-03T20:39:22.253+0000] {logging_mixin.py:149} INFO - [2023-06-03T20:39:22.253+0000] {dag.py:3490} INFO - Setting next_dagrun for latest_only to 2023-06-03T16:39:22.253188+00:00, run_after=2023-06-03T20:39:22.253188+00:00
[2023-06-03T20:39:22.271+0000] {processor.py:179} INFO - Processing /home/airflow/.local/lib/python3.7/site-packages/airflow/example_dags/example_latest_only.py took 0.063 seconds
[2023-06-03T20:39:52.345+0000] {processor.py:157} INFO - Started process (PID=7369) to work on /home/airflow/.local/lib/python3.7/site-packages/airflow/example_dags/example_latest_only.py
[2023-06-03T20:39:52.346+0000] {processor.py:826} INFO - Processing file /home/airflow/.local/lib/python3.7/site-packages/airflow/example_dags/example_latest_only.py for tasks to queue
[2023-06-03T20:39:52.347+0000] {logging_mixin.py:149} INFO - [2023-06-03T20:39:52.347+0000] {dagbag.py:541} INFO - Filling up the DagBag from /home/airflow/.local/lib/python3.7/site-packages/airflow/example_dags/example_latest_only.py
[2023-06-03T20:39:52.352+0000] {processor.py:836} INFO - DAG(s) dict_keys(['latest_only']) retrieved from /home/airflow/.local/lib/python3.7/site-packages/airflow/example_dags/example_latest_only.py
[2023-06-03T20:39:52.369+0000] {logging_mixin.py:149} INFO - [2023-06-03T20:39:52.369+0000] {dag.py:2726} INFO - Sync 1 DAGs
[2023-06-03T20:39:52.388+0000] {logging_mixin.py:149} INFO - [2023-06-03T20:39:52.388+0000] {dag.py:3490} INFO - Setting next_dagrun for latest_only to 2023-06-03T16:39:52.387951+00:00, run_after=2023-06-03T20:39:52.387951+00:00
[2023-06-03T20:39:52.406+0000] {processor.py:179} INFO - Processing /home/airflow/.local/lib/python3.7/site-packages/airflow/example_dags/example_latest_only.py took 0.063 seconds
[2023-06-03T20:40:22.699+0000] {processor.py:157} INFO - Started process (PID=7621) to work on /home/airflow/.local/lib/python3.7/site-packages/airflow/example_dags/example_latest_only.py
[2023-06-03T20:40:22.701+0000] {processor.py:826} INFO - Processing file /home/airflow/.local/lib/python3.7/site-packages/airflow/example_dags/example_latest_only.py for tasks to queue
[2023-06-03T20:40:22.703+0000] {logging_mixin.py:149} INFO - [2023-06-03T20:40:22.702+0000] {dagbag.py:541} INFO - Filling up the DagBag from /home/airflow/.local/lib/python3.7/site-packages/airflow/example_dags/example_latest_only.py
[2023-06-03T20:40:22.709+0000] {processor.py:836} INFO - DAG(s) dict_keys(['latest_only']) retrieved from /home/airflow/.local/lib/python3.7/site-packages/airflow/example_dags/example_latest_only.py
[2023-06-03T20:40:22.729+0000] {logging_mixin.py:149} INFO - [2023-06-03T20:40:22.729+0000] {dag.py:2726} INFO - Sync 1 DAGs
[2023-06-03T20:40:22.747+0000] {logging_mixin.py:149} INFO - [2023-06-03T20:40:22.747+0000] {dag.py:3490} INFO - Setting next_dagrun for latest_only to 2023-06-03T16:40:22.747050+00:00, run_after=2023-06-03T20:40:22.747050+00:00
[2023-06-03T20:40:22.761+0000] {processor.py:179} INFO - Processing /home/airflow/.local/lib/python3.7/site-packages/airflow/example_dags/example_latest_only.py took 0.066 seconds
[2023-06-03T20:40:53.755+0000] {processor.py:157} INFO - Started process (PID=7873) to work on /home/airflow/.local/lib/python3.7/site-packages/airflow/example_dags/example_latest_only.py
[2023-06-03T20:40:53.756+0000] {processor.py:826} INFO - Processing file /home/airflow/.local/lib/python3.7/site-packages/airflow/example_dags/example_latest_only.py for tasks to queue
[2023-06-03T20:40:53.758+0000] {logging_mixin.py:149} INFO - [2023-06-03T20:40:53.757+0000] {dagbag.py:541} INFO - Filling up the DagBag from /home/airflow/.local/lib/python3.7/site-packages/airflow/example_dags/example_latest_only.py
[2023-06-03T20:40:53.762+0000] {processor.py:836} INFO - DAG(s) dict_keys(['latest_only']) retrieved from /home/airflow/.local/lib/python3.7/site-packages/airflow/example_dags/example_latest_only.py
[2023-06-03T20:40:53.781+0000] {logging_mixin.py:149} INFO - [2023-06-03T20:40:53.781+0000] {dag.py:2726} INFO - Sync 1 DAGs
[2023-06-03T20:40:53.803+0000] {logging_mixin.py:149} INFO - [2023-06-03T20:40:53.803+0000] {dag.py:3490} INFO - Setting next_dagrun for latest_only to 2023-06-03T16:40:53.803585+00:00, run_after=2023-06-03T20:40:53.803585+00:00
[2023-06-03T20:40:53.822+0000] {processor.py:179} INFO - Processing /home/airflow/.local/lib/python3.7/site-packages/airflow/example_dags/example_latest_only.py took 0.070 seconds
[2023-06-03T20:41:23.972+0000] {processor.py:157} INFO - Started process (PID=8125) to work on /home/airflow/.local/lib/python3.7/site-packages/airflow/example_dags/example_latest_only.py
[2023-06-03T20:41:23.973+0000] {processor.py:826} INFO - Processing file /home/airflow/.local/lib/python3.7/site-packages/airflow/example_dags/example_latest_only.py for tasks to queue
[2023-06-03T20:41:23.975+0000] {logging_mixin.py:149} INFO - [2023-06-03T20:41:23.975+0000] {dagbag.py:541} INFO - Filling up the DagBag from /home/airflow/.local/lib/python3.7/site-packages/airflow/example_dags/example_latest_only.py
[2023-06-03T20:41:23.983+0000] {processor.py:836} INFO - DAG(s) dict_keys(['latest_only']) retrieved from /home/airflow/.local/lib/python3.7/site-packages/airflow/example_dags/example_latest_only.py
[2023-06-03T20:41:24.007+0000] {logging_mixin.py:149} INFO - [2023-06-03T20:41:24.007+0000] {dag.py:2726} INFO - Sync 1 DAGs
[2023-06-03T20:41:24.028+0000] {logging_mixin.py:149} INFO - [2023-06-03T20:41:24.028+0000] {dag.py:3490} INFO - Setting next_dagrun for latest_only to 2023-06-03T16:41:24.027825+00:00, run_after=2023-06-03T20:41:24.027825+00:00
[2023-06-03T20:41:24.049+0000] {processor.py:179} INFO - Processing /home/airflow/.local/lib/python3.7/site-packages/airflow/example_dags/example_latest_only.py took 0.079 seconds
[2023-06-03T20:41:54.257+0000] {processor.py:157} INFO - Started process (PID=8377) to work on /home/airflow/.local/lib/python3.7/site-packages/airflow/example_dags/example_latest_only.py
[2023-06-03T20:41:54.258+0000] {processor.py:826} INFO - Processing file /home/airflow/.local/lib/python3.7/site-packages/airflow/example_dags/example_latest_only.py for tasks to queue
[2023-06-03T20:41:54.260+0000] {logging_mixin.py:149} INFO - [2023-06-03T20:41:54.260+0000] {dagbag.py:541} INFO - Filling up the DagBag from /home/airflow/.local/lib/python3.7/site-packages/airflow/example_dags/example_latest_only.py
[2023-06-03T20:41:54.264+0000] {processor.py:836} INFO - DAG(s) dict_keys(['latest_only']) retrieved from /home/airflow/.local/lib/python3.7/site-packages/airflow/example_dags/example_latest_only.py
[2023-06-03T20:41:54.281+0000] {logging_mixin.py:149} INFO - [2023-06-03T20:41:54.281+0000] {dag.py:2726} INFO - Sync 1 DAGs
[2023-06-03T20:41:54.299+0000] {logging_mixin.py:149} INFO - [2023-06-03T20:41:54.299+0000] {dag.py:3490} INFO - Setting next_dagrun for latest_only to 2023-06-03T16:41:54.298937+00:00, run_after=2023-06-03T20:41:54.298937+00:00
[2023-06-03T20:41:54.316+0000] {processor.py:179} INFO - Processing /home/airflow/.local/lib/python3.7/site-packages/airflow/example_dags/example_latest_only.py took 0.061 seconds
[2023-06-03T20:42:24.512+0000] {processor.py:157} INFO - Started process (PID=8629) to work on /home/airflow/.local/lib/python3.7/site-packages/airflow/example_dags/example_latest_only.py
[2023-06-03T20:42:24.514+0000] {processor.py:826} INFO - Processing file /home/airflow/.local/lib/python3.7/site-packages/airflow/example_dags/example_latest_only.py for tasks to queue
[2023-06-03T20:42:24.515+0000] {logging_mixin.py:149} INFO - [2023-06-03T20:42:24.515+0000] {dagbag.py:541} INFO - Filling up the DagBag from /home/airflow/.local/lib/python3.7/site-packages/airflow/example_dags/example_latest_only.py
[2023-06-03T20:42:24.519+0000] {processor.py:836} INFO - DAG(s) dict_keys(['latest_only']) retrieved from /home/airflow/.local/lib/python3.7/site-packages/airflow/example_dags/example_latest_only.py
[2023-06-03T20:42:24.539+0000] {logging_mixin.py:149} INFO - [2023-06-03T20:42:24.539+0000] {dag.py:2726} INFO - Sync 1 DAGs
[2023-06-03T20:42:24.556+0000] {logging_mixin.py:149} INFO - [2023-06-03T20:42:24.556+0000] {dag.py:3490} INFO - Setting next_dagrun for latest_only to 2023-06-03T16:42:24.556282+00:00, run_after=2023-06-03T20:42:24.556282+00:00
[2023-06-03T20:42:24.573+0000] {processor.py:179} INFO - Processing /home/airflow/.local/lib/python3.7/site-packages/airflow/example_dags/example_latest_only.py took 0.062 seconds
[2023-06-03T20:42:54.702+0000] {processor.py:157} INFO - Started process (PID=8881) to work on /home/airflow/.local/lib/python3.7/site-packages/airflow/example_dags/example_latest_only.py
[2023-06-03T20:42:54.703+0000] {processor.py:826} INFO - Processing file /home/airflow/.local/lib/python3.7/site-packages/airflow/example_dags/example_latest_only.py for tasks to queue
[2023-06-03T20:42:54.704+0000] {logging_mixin.py:149} INFO - [2023-06-03T20:42:54.704+0000] {dagbag.py:541} INFO - Filling up the DagBag from /home/airflow/.local/lib/python3.7/site-packages/airflow/example_dags/example_latest_only.py
[2023-06-03T20:42:54.708+0000] {processor.py:836} INFO - DAG(s) dict_keys(['latest_only']) retrieved from /home/airflow/.local/lib/python3.7/site-packages/airflow/example_dags/example_latest_only.py
[2023-06-03T20:42:54.727+0000] {logging_mixin.py:149} INFO - [2023-06-03T20:42:54.727+0000] {dag.py:2726} INFO - Sync 1 DAGs
[2023-06-03T20:42:54.745+0000] {logging_mixin.py:149} INFO - [2023-06-03T20:42:54.745+0000] {dag.py:3490} INFO - Setting next_dagrun for latest_only to 2023-06-03T16:42:54.744946+00:00, run_after=2023-06-03T20:42:54.744946+00:00
[2023-06-03T20:42:54.763+0000] {processor.py:179} INFO - Processing /home/airflow/.local/lib/python3.7/site-packages/airflow/example_dags/example_latest_only.py took 0.064 seconds
[2023-06-03T20:43:24.945+0000] {processor.py:157} INFO - Started process (PID=9133) to work on /home/airflow/.local/lib/python3.7/site-packages/airflow/example_dags/example_latest_only.py
[2023-06-03T20:43:24.946+0000] {processor.py:826} INFO - Processing file /home/airflow/.local/lib/python3.7/site-packages/airflow/example_dags/example_latest_only.py for tasks to queue
[2023-06-03T20:43:24.947+0000] {logging_mixin.py:149} INFO - [2023-06-03T20:43:24.947+0000] {dagbag.py:541} INFO - Filling up the DagBag from /home/airflow/.local/lib/python3.7/site-packages/airflow/example_dags/example_latest_only.py
[2023-06-03T20:43:24.952+0000] {processor.py:836} INFO - DAG(s) dict_keys(['latest_only']) retrieved from /home/airflow/.local/lib/python3.7/site-packages/airflow/example_dags/example_latest_only.py
[2023-06-03T20:43:24.971+0000] {logging_mixin.py:149} INFO - [2023-06-03T20:43:24.971+0000] {dag.py:2726} INFO - Sync 1 DAGs
[2023-06-03T20:43:24.991+0000] {logging_mixin.py:149} INFO - [2023-06-03T20:43:24.991+0000] {dag.py:3490} INFO - Setting next_dagrun for latest_only to 2023-06-03T16:43:24.991004+00:00, run_after=2023-06-03T20:43:24.991004+00:00
[2023-06-03T20:43:25.009+0000] {processor.py:179} INFO - Processing /home/airflow/.local/lib/python3.7/site-packages/airflow/example_dags/example_latest_only.py took 0.066 seconds
[2023-06-03T20:43:55.141+0000] {processor.py:157} INFO - Started process (PID=9385) to work on /home/airflow/.local/lib/python3.7/site-packages/airflow/example_dags/example_latest_only.py
[2023-06-03T20:43:55.142+0000] {processor.py:826} INFO - Processing file /home/airflow/.local/lib/python3.7/site-packages/airflow/example_dags/example_latest_only.py for tasks to queue
[2023-06-03T20:43:55.143+0000] {logging_mixin.py:149} INFO - [2023-06-03T20:43:55.143+0000] {dagbag.py:541} INFO - Filling up the DagBag from /home/airflow/.local/lib/python3.7/site-packages/airflow/example_dags/example_latest_only.py
[2023-06-03T20:43:55.147+0000] {processor.py:836} INFO - DAG(s) dict_keys(['latest_only']) retrieved from /home/airflow/.local/lib/python3.7/site-packages/airflow/example_dags/example_latest_only.py
[2023-06-03T20:43:55.165+0000] {logging_mixin.py:149} INFO - [2023-06-03T20:43:55.165+0000] {dag.py:2726} INFO - Sync 1 DAGs
[2023-06-03T20:43:55.182+0000] {logging_mixin.py:149} INFO - [2023-06-03T20:43:55.182+0000] {dag.py:3490} INFO - Setting next_dagrun for latest_only to 2023-06-03T16:43:55.182546+00:00, run_after=2023-06-03T20:43:55.182546+00:00
[2023-06-03T20:43:55.200+0000] {processor.py:179} INFO - Processing /home/airflow/.local/lib/python3.7/site-packages/airflow/example_dags/example_latest_only.py took 0.061 seconds
[2023-06-03T20:44:25.751+0000] {processor.py:157} INFO - Started process (PID=9637) to work on /home/airflow/.local/lib/python3.7/site-packages/airflow/example_dags/example_latest_only.py
[2023-06-03T20:44:25.752+0000] {processor.py:826} INFO - Processing file /home/airflow/.local/lib/python3.7/site-packages/airflow/example_dags/example_latest_only.py for tasks to queue
[2023-06-03T20:44:25.754+0000] {logging_mixin.py:149} INFO - [2023-06-03T20:44:25.753+0000] {dagbag.py:541} INFO - Filling up the DagBag from /home/airflow/.local/lib/python3.7/site-packages/airflow/example_dags/example_latest_only.py
[2023-06-03T20:44:25.758+0000] {processor.py:836} INFO - DAG(s) dict_keys(['latest_only']) retrieved from /home/airflow/.local/lib/python3.7/site-packages/airflow/example_dags/example_latest_only.py
[2023-06-03T20:44:25.775+0000] {logging_mixin.py:149} INFO - [2023-06-03T20:44:25.775+0000] {dag.py:2726} INFO - Sync 1 DAGs
[2023-06-03T20:44:25.792+0000] {logging_mixin.py:149} INFO - [2023-06-03T20:44:25.792+0000] {dag.py:3490} INFO - Setting next_dagrun for latest_only to 2023-06-03T16:44:25.792481+00:00, run_after=2023-06-03T20:44:25.792481+00:00
[2023-06-03T20:44:25.809+0000] {processor.py:179} INFO - Processing /home/airflow/.local/lib/python3.7/site-packages/airflow/example_dags/example_latest_only.py took 0.060 seconds
[2023-06-03T20:44:56.060+0000] {processor.py:157} INFO - Started process (PID=9889) to work on /home/airflow/.local/lib/python3.7/site-packages/airflow/example_dags/example_latest_only.py
[2023-06-03T20:44:56.061+0000] {processor.py:826} INFO - Processing file /home/airflow/.local/lib/python3.7/site-packages/airflow/example_dags/example_latest_only.py for tasks to queue
[2023-06-03T20:44:56.062+0000] {logging_mixin.py:149} INFO - [2023-06-03T20:44:56.062+0000] {dagbag.py:541} INFO - Filling up the DagBag from /home/airflow/.local/lib/python3.7/site-packages/airflow/example_dags/example_latest_only.py
[2023-06-03T20:44:56.066+0000] {processor.py:836} INFO - DAG(s) dict_keys(['latest_only']) retrieved from /home/airflow/.local/lib/python3.7/site-packages/airflow/example_dags/example_latest_only.py
[2023-06-03T20:44:56.084+0000] {logging_mixin.py:149} INFO - [2023-06-03T20:44:56.084+0000] {dag.py:2726} INFO - Sync 1 DAGs
[2023-06-03T20:44:56.102+0000] {logging_mixin.py:149} INFO - [2023-06-03T20:44:56.102+0000] {dag.py:3490} INFO - Setting next_dagrun for latest_only to 2023-06-03T16:44:56.102488+00:00, run_after=2023-06-03T20:44:56.102488+00:00
[2023-06-03T20:44:56.122+0000] {processor.py:179} INFO - Processing /home/airflow/.local/lib/python3.7/site-packages/airflow/example_dags/example_latest_only.py took 0.064 seconds
[2023-06-03T20:45:26.754+0000] {processor.py:157} INFO - Started process (PID=10141) to work on /home/airflow/.local/lib/python3.7/site-packages/airflow/example_dags/example_latest_only.py
[2023-06-03T20:45:26.756+0000] {processor.py:826} INFO - Processing file /home/airflow/.local/lib/python3.7/site-packages/airflow/example_dags/example_latest_only.py for tasks to queue
[2023-06-03T20:45:26.758+0000] {logging_mixin.py:149} INFO - [2023-06-03T20:45:26.757+0000] {dagbag.py:541} INFO - Filling up the DagBag from /home/airflow/.local/lib/python3.7/site-packages/airflow/example_dags/example_latest_only.py
[2023-06-03T20:45:26.762+0000] {processor.py:836} INFO - DAG(s) dict_keys(['latest_only']) retrieved from /home/airflow/.local/lib/python3.7/site-packages/airflow/example_dags/example_latest_only.py
[2023-06-03T20:45:26.780+0000] {logging_mixin.py:149} INFO - [2023-06-03T20:45:26.780+0000] {dag.py:2726} INFO - Sync 1 DAGs
[2023-06-03T20:45:26.798+0000] {logging_mixin.py:149} INFO - [2023-06-03T20:45:26.798+0000] {dag.py:3490} INFO - Setting next_dagrun for latest_only to 2023-06-03T16:45:26.798137+00:00, run_after=2023-06-03T20:45:26.798137+00:00
[2023-06-03T20:45:26.816+0000] {processor.py:179} INFO - Processing /home/airflow/.local/lib/python3.7/site-packages/airflow/example_dags/example_latest_only.py took 0.064 seconds
[2023-06-03T20:45:57.007+0000] {processor.py:157} INFO - Started process (PID=10393) to work on /home/airflow/.local/lib/python3.7/site-packages/airflow/example_dags/example_latest_only.py
[2023-06-03T20:45:57.008+0000] {processor.py:826} INFO - Processing file /home/airflow/.local/lib/python3.7/site-packages/airflow/example_dags/example_latest_only.py for tasks to queue
[2023-06-03T20:45:57.009+0000] {logging_mixin.py:149} INFO - [2023-06-03T20:45:57.009+0000] {dagbag.py:541} INFO - Filling up the DagBag from /home/airflow/.local/lib/python3.7/site-packages/airflow/example_dags/example_latest_only.py
[2023-06-03T20:45:57.013+0000] {processor.py:836} INFO - DAG(s) dict_keys(['latest_only']) retrieved from /home/airflow/.local/lib/python3.7/site-packages/airflow/example_dags/example_latest_only.py
[2023-06-03T20:45:57.033+0000] {logging_mixin.py:149} INFO - [2023-06-03T20:45:57.032+0000] {dag.py:2726} INFO - Sync 1 DAGs
[2023-06-03T20:45:57.051+0000] {logging_mixin.py:149} INFO - [2023-06-03T20:45:57.051+0000] {dag.py:3490} INFO - Setting next_dagrun for latest_only to 2023-06-03T16:45:57.050862+00:00, run_after=2023-06-03T20:45:57.050862+00:00
[2023-06-03T20:45:57.070+0000] {processor.py:179} INFO - Processing /home/airflow/.local/lib/python3.7/site-packages/airflow/example_dags/example_latest_only.py took 0.065 seconds
[2023-06-03T20:46:27.280+0000] {processor.py:157} INFO - Started process (PID=10645) to work on /home/airflow/.local/lib/python3.7/site-packages/airflow/example_dags/example_latest_only.py
[2023-06-03T20:46:27.282+0000] {processor.py:826} INFO - Processing file /home/airflow/.local/lib/python3.7/site-packages/airflow/example_dags/example_latest_only.py for tasks to queue
[2023-06-03T20:46:27.282+0000] {logging_mixin.py:149} INFO - [2023-06-03T20:46:27.282+0000] {dagbag.py:541} INFO - Filling up the DagBag from /home/airflow/.local/lib/python3.7/site-packages/airflow/example_dags/example_latest_only.py
[2023-06-03T20:46:27.287+0000] {processor.py:836} INFO - DAG(s) dict_keys(['latest_only']) retrieved from /home/airflow/.local/lib/python3.7/site-packages/airflow/example_dags/example_latest_only.py
[2023-06-03T20:46:27.303+0000] {logging_mixin.py:149} INFO - [2023-06-03T20:46:27.303+0000] {dag.py:2726} INFO - Sync 1 DAGs
[2023-06-03T20:46:27.322+0000] {logging_mixin.py:149} INFO - [2023-06-03T20:46:27.322+0000] {dag.py:3490} INFO - Setting next_dagrun for latest_only to 2023-06-03T16:46:27.321932+00:00, run_after=2023-06-03T20:46:27.321932+00:00
[2023-06-03T20:46:27.341+0000] {processor.py:179} INFO - Processing /home/airflow/.local/lib/python3.7/site-packages/airflow/example_dags/example_latest_only.py took 0.063 seconds
[2023-06-03T20:46:57.706+0000] {processor.py:157} INFO - Started process (PID=10897) to work on /home/airflow/.local/lib/python3.7/site-packages/airflow/example_dags/example_latest_only.py
[2023-06-03T20:46:57.708+0000] {processor.py:826} INFO - Processing file /home/airflow/.local/lib/python3.7/site-packages/airflow/example_dags/example_latest_only.py for tasks to queue
[2023-06-03T20:46:57.710+0000] {logging_mixin.py:149} INFO - [2023-06-03T20:46:57.710+0000] {dagbag.py:541} INFO - Filling up the DagBag from /home/airflow/.local/lib/python3.7/site-packages/airflow/example_dags/example_latest_only.py
[2023-06-03T20:46:57.715+0000] {processor.py:836} INFO - DAG(s) dict_keys(['latest_only']) retrieved from /home/airflow/.local/lib/python3.7/site-packages/airflow/example_dags/example_latest_only.py
[2023-06-03T20:46:57.732+0000] {logging_mixin.py:149} INFO - [2023-06-03T20:46:57.732+0000] {dag.py:2726} INFO - Sync 1 DAGs
[2023-06-03T20:46:57.750+0000] {logging_mixin.py:149} INFO - [2023-06-03T20:46:57.749+0000] {dag.py:3490} INFO - Setting next_dagrun for latest_only to 2023-06-03T16:46:57.749763+00:00, run_after=2023-06-03T20:46:57.749763+00:00
[2023-06-03T20:46:57.767+0000] {processor.py:179} INFO - Processing /home/airflow/.local/lib/python3.7/site-packages/airflow/example_dags/example_latest_only.py took 0.065 seconds
[2023-06-03T20:47:27.820+0000] {processor.py:157} INFO - Started process (PID=11149) to work on /home/airflow/.local/lib/python3.7/site-packages/airflow/example_dags/example_latest_only.py
[2023-06-03T20:47:27.821+0000] {processor.py:826} INFO - Processing file /home/airflow/.local/lib/python3.7/site-packages/airflow/example_dags/example_latest_only.py for tasks to queue
[2023-06-03T20:47:27.822+0000] {logging_mixin.py:149} INFO - [2023-06-03T20:47:27.822+0000] {dagbag.py:541} INFO - Filling up the DagBag from /home/airflow/.local/lib/python3.7/site-packages/airflow/example_dags/example_latest_only.py
[2023-06-03T20:47:27.826+0000] {processor.py:836} INFO - DAG(s) dict_keys(['latest_only']) retrieved from /home/airflow/.local/lib/python3.7/site-packages/airflow/example_dags/example_latest_only.py
[2023-06-03T20:47:27.842+0000] {logging_mixin.py:149} INFO - [2023-06-03T20:47:27.842+0000] {dag.py:2726} INFO - Sync 1 DAGs
[2023-06-03T20:47:27.859+0000] {logging_mixin.py:149} INFO - [2023-06-03T20:47:27.859+0000] {dag.py:3490} INFO - Setting next_dagrun for latest_only to 2023-06-03T16:47:27.859251+00:00, run_after=2023-06-03T20:47:27.859251+00:00
[2023-06-03T20:47:27.877+0000] {processor.py:179} INFO - Processing /home/airflow/.local/lib/python3.7/site-packages/airflow/example_dags/example_latest_only.py took 0.058 seconds
[2023-06-03T20:47:58.011+0000] {processor.py:157} INFO - Started process (PID=11401) to work on /home/airflow/.local/lib/python3.7/site-packages/airflow/example_dags/example_latest_only.py
[2023-06-03T20:47:58.012+0000] {processor.py:826} INFO - Processing file /home/airflow/.local/lib/python3.7/site-packages/airflow/example_dags/example_latest_only.py for tasks to queue
[2023-06-03T20:47:58.013+0000] {logging_mixin.py:149} INFO - [2023-06-03T20:47:58.012+0000] {dagbag.py:541} INFO - Filling up the DagBag from /home/airflow/.local/lib/python3.7/site-packages/airflow/example_dags/example_latest_only.py
[2023-06-03T20:47:58.017+0000] {processor.py:836} INFO - DAG(s) dict_keys(['latest_only']) retrieved from /home/airflow/.local/lib/python3.7/site-packages/airflow/example_dags/example_latest_only.py
[2023-06-03T20:47:58.034+0000] {logging_mixin.py:149} INFO - [2023-06-03T20:47:58.034+0000] {dag.py:2726} INFO - Sync 1 DAGs
[2023-06-03T20:47:58.051+0000] {logging_mixin.py:149} INFO - [2023-06-03T20:47:58.051+0000] {dag.py:3490} INFO - Setting next_dagrun for latest_only to 2023-06-03T16:47:58.051207+00:00, run_after=2023-06-03T20:47:58.051207+00:00
[2023-06-03T20:47:58.068+0000] {processor.py:179} INFO - Processing /home/airflow/.local/lib/python3.7/site-packages/airflow/example_dags/example_latest_only.py took 0.059 seconds
[2023-06-03T20:48:28.429+0000] {processor.py:157} INFO - Started process (PID=11653) to work on /home/airflow/.local/lib/python3.7/site-packages/airflow/example_dags/example_latest_only.py
[2023-06-03T20:48:28.430+0000] {processor.py:826} INFO - Processing file /home/airflow/.local/lib/python3.7/site-packages/airflow/example_dags/example_latest_only.py for tasks to queue
[2023-06-03T20:48:28.431+0000] {logging_mixin.py:149} INFO - [2023-06-03T20:48:28.431+0000] {dagbag.py:541} INFO - Filling up the DagBag from /home/airflow/.local/lib/python3.7/site-packages/airflow/example_dags/example_latest_only.py
[2023-06-03T20:48:28.436+0000] {processor.py:836} INFO - DAG(s) dict_keys(['latest_only']) retrieved from /home/airflow/.local/lib/python3.7/site-packages/airflow/example_dags/example_latest_only.py
[2023-06-03T20:48:28.453+0000] {logging_mixin.py:149} INFO - [2023-06-03T20:48:28.453+0000] {dag.py:2726} INFO - Sync 1 DAGs
[2023-06-03T20:48:28.470+0000] {logging_mixin.py:149} INFO - [2023-06-03T20:48:28.470+0000] {dag.py:3490} INFO - Setting next_dagrun for latest_only to 2023-06-03T16:48:28.470296+00:00, run_after=2023-06-03T20:48:28.470296+00:00
[2023-06-03T20:48:28.524+0000] {processor.py:179} INFO - Processing /home/airflow/.local/lib/python3.7/site-packages/airflow/example_dags/example_latest_only.py took 0.097 seconds
[2023-06-03T20:48:58.860+0000] {processor.py:157} INFO - Started process (PID=11905) to work on /home/airflow/.local/lib/python3.7/site-packages/airflow/example_dags/example_latest_only.py
[2023-06-03T20:48:58.861+0000] {processor.py:826} INFO - Processing file /home/airflow/.local/lib/python3.7/site-packages/airflow/example_dags/example_latest_only.py for tasks to queue
[2023-06-03T20:48:58.862+0000] {logging_mixin.py:149} INFO - [2023-06-03T20:48:58.862+0000] {dagbag.py:541} INFO - Filling up the DagBag from /home/airflow/.local/lib/python3.7/site-packages/airflow/example_dags/example_latest_only.py
[2023-06-03T20:48:58.866+0000] {processor.py:836} INFO - DAG(s) dict_keys(['latest_only']) retrieved from /home/airflow/.local/lib/python3.7/site-packages/airflow/example_dags/example_latest_only.py
[2023-06-03T20:48:58.882+0000] {logging_mixin.py:149} INFO - [2023-06-03T20:48:58.882+0000] {dag.py:2726} INFO - Sync 1 DAGs
[2023-06-03T20:48:58.901+0000] {logging_mixin.py:149} INFO - [2023-06-03T20:48:58.901+0000] {dag.py:3490} INFO - Setting next_dagrun for latest_only to 2023-06-03T16:48:58.900920+00:00, run_after=2023-06-03T20:48:58.900920+00:00
[2023-06-03T20:48:58.917+0000] {processor.py:179} INFO - Processing /home/airflow/.local/lib/python3.7/site-packages/airflow/example_dags/example_latest_only.py took 0.058 seconds
[2023-06-03T20:49:29.695+0000] {processor.py:157} INFO - Started process (PID=12132) to work on /home/airflow/.local/lib/python3.7/site-packages/airflow/example_dags/example_latest_only.py
[2023-06-03T20:49:29.696+0000] {processor.py:826} INFO - Processing file /home/airflow/.local/lib/python3.7/site-packages/airflow/example_dags/example_latest_only.py for tasks to queue
[2023-06-03T20:49:29.697+0000] {logging_mixin.py:149} INFO - [2023-06-03T20:49:29.697+0000] {dagbag.py:541} INFO - Filling up the DagBag from /home/airflow/.local/lib/python3.7/site-packages/airflow/example_dags/example_latest_only.py
[2023-06-03T20:49:29.701+0000] {processor.py:836} INFO - DAG(s) dict_keys(['latest_only']) retrieved from /home/airflow/.local/lib/python3.7/site-packages/airflow/example_dags/example_latest_only.py
[2023-06-03T20:49:29.719+0000] {logging_mixin.py:149} INFO - [2023-06-03T20:49:29.719+0000] {dag.py:2726} INFO - Sync 1 DAGs
[2023-06-03T20:49:29.736+0000] {logging_mixin.py:149} INFO - [2023-06-03T20:49:29.736+0000] {dag.py:3490} INFO - Setting next_dagrun for latest_only to 2023-06-03T16:49:29.736654+00:00, run_after=2023-06-03T20:49:29.736654+00:00
[2023-06-03T20:49:29.756+0000] {processor.py:179} INFO - Processing /home/airflow/.local/lib/python3.7/site-packages/airflow/example_dags/example_latest_only.py took 0.063 seconds
[2023-06-03T20:50:00.747+0000] {processor.py:157} INFO - Started process (PID=12384) to work on /home/airflow/.local/lib/python3.7/site-packages/airflow/example_dags/example_latest_only.py
[2023-06-03T20:50:00.748+0000] {processor.py:826} INFO - Processing file /home/airflow/.local/lib/python3.7/site-packages/airflow/example_dags/example_latest_only.py for tasks to queue
[2023-06-03T20:50:00.749+0000] {logging_mixin.py:149} INFO - [2023-06-03T20:50:00.749+0000] {dagbag.py:541} INFO - Filling up the DagBag from /home/airflow/.local/lib/python3.7/site-packages/airflow/example_dags/example_latest_only.py
[2023-06-03T20:50:00.753+0000] {processor.py:836} INFO - DAG(s) dict_keys(['latest_only']) retrieved from /home/airflow/.local/lib/python3.7/site-packages/airflow/example_dags/example_latest_only.py
[2023-06-03T20:50:00.771+0000] {logging_mixin.py:149} INFO - [2023-06-03T20:50:00.771+0000] {dag.py:2726} INFO - Sync 1 DAGs
[2023-06-03T20:50:00.788+0000] {logging_mixin.py:149} INFO - [2023-06-03T20:50:00.788+0000] {dag.py:3490} INFO - Setting next_dagrun for latest_only to 2023-06-03T16:50:00.788588+00:00, run_after=2023-06-03T20:50:00.788588+00:00
[2023-06-03T20:50:00.806+0000] {processor.py:179} INFO - Processing /home/airflow/.local/lib/python3.7/site-packages/airflow/example_dags/example_latest_only.py took 0.062 seconds
[2023-06-03T20:50:31.507+0000] {processor.py:157} INFO - Started process (PID=12636) to work on /home/airflow/.local/lib/python3.7/site-packages/airflow/example_dags/example_latest_only.py
[2023-06-03T20:50:31.508+0000] {processor.py:826} INFO - Processing file /home/airflow/.local/lib/python3.7/site-packages/airflow/example_dags/example_latest_only.py for tasks to queue
[2023-06-03T20:50:31.509+0000] {logging_mixin.py:149} INFO - [2023-06-03T20:50:31.509+0000] {dagbag.py:541} INFO - Filling up the DagBag from /home/airflow/.local/lib/python3.7/site-packages/airflow/example_dags/example_latest_only.py
[2023-06-03T20:50:31.514+0000] {processor.py:836} INFO - DAG(s) dict_keys(['latest_only']) retrieved from /home/airflow/.local/lib/python3.7/site-packages/airflow/example_dags/example_latest_only.py
[2023-06-03T20:50:31.531+0000] {logging_mixin.py:149} INFO - [2023-06-03T20:50:31.531+0000] {dag.py:2726} INFO - Sync 1 DAGs
[2023-06-03T20:50:31.548+0000] {logging_mixin.py:149} INFO - [2023-06-03T20:50:31.547+0000] {dag.py:3490} INFO - Setting next_dagrun for latest_only to 2023-06-03T16:50:31.547741+00:00, run_after=2023-06-03T20:50:31.547741+00:00
[2023-06-03T20:50:31.564+0000] {processor.py:179} INFO - Processing /home/airflow/.local/lib/python3.7/site-packages/airflow/example_dags/example_latest_only.py took 0.060 seconds
[2023-06-03T20:51:01.963+0000] {processor.py:157} INFO - Started process (PID=12889) to work on /home/airflow/.local/lib/python3.7/site-packages/airflow/example_dags/example_latest_only.py
[2023-06-03T20:51:01.965+0000] {processor.py:826} INFO - Processing file /home/airflow/.local/lib/python3.7/site-packages/airflow/example_dags/example_latest_only.py for tasks to queue
[2023-06-03T20:51:01.965+0000] {logging_mixin.py:149} INFO - [2023-06-03T20:51:01.965+0000] {dagbag.py:541} INFO - Filling up the DagBag from /home/airflow/.local/lib/python3.7/site-packages/airflow/example_dags/example_latest_only.py
[2023-06-03T20:51:01.970+0000] {processor.py:836} INFO - DAG(s) dict_keys(['latest_only']) retrieved from /home/airflow/.local/lib/python3.7/site-packages/airflow/example_dags/example_latest_only.py
[2023-06-03T20:51:01.987+0000] {logging_mixin.py:149} INFO - [2023-06-03T20:51:01.987+0000] {dag.py:2726} INFO - Sync 1 DAGs
[2023-06-03T20:51:02.005+0000] {logging_mixin.py:149} INFO - [2023-06-03T20:51:02.005+0000] {dag.py:3490} INFO - Setting next_dagrun for latest_only to 2023-06-03T16:51:02.004998+00:00, run_after=2023-06-03T20:51:02.004998+00:00
[2023-06-03T20:51:02.024+0000] {processor.py:179} INFO - Processing /home/airflow/.local/lib/python3.7/site-packages/airflow/example_dags/example_latest_only.py took 0.063 seconds
[2023-06-03T20:51:32.320+0000] {processor.py:157} INFO - Started process (PID=13141) to work on /home/airflow/.local/lib/python3.7/site-packages/airflow/example_dags/example_latest_only.py
[2023-06-03T20:51:32.321+0000] {processor.py:826} INFO - Processing file /home/airflow/.local/lib/python3.7/site-packages/airflow/example_dags/example_latest_only.py for tasks to queue
[2023-06-03T20:51:32.323+0000] {logging_mixin.py:149} INFO - [2023-06-03T20:51:32.323+0000] {dagbag.py:541} INFO - Filling up the DagBag from /home/airflow/.local/lib/python3.7/site-packages/airflow/example_dags/example_latest_only.py
[2023-06-03T20:51:32.327+0000] {processor.py:836} INFO - DAG(s) dict_keys(['latest_only']) retrieved from /home/airflow/.local/lib/python3.7/site-packages/airflow/example_dags/example_latest_only.py
[2023-06-03T20:51:32.344+0000] {logging_mixin.py:149} INFO - [2023-06-03T20:51:32.344+0000] {dag.py:2726} INFO - Sync 1 DAGs
[2023-06-03T20:51:32.362+0000] {logging_mixin.py:149} INFO - [2023-06-03T20:51:32.362+0000] {dag.py:3490} INFO - Setting next_dagrun for latest_only to 2023-06-03T16:51:32.362051+00:00, run_after=2023-06-03T20:51:32.362051+00:00
[2023-06-03T20:51:32.380+0000] {processor.py:179} INFO - Processing /home/airflow/.local/lib/python3.7/site-packages/airflow/example_dags/example_latest_only.py took 0.062 seconds
[2023-06-03T20:52:02.479+0000] {processor.py:157} INFO - Started process (PID=13393) to work on /home/airflow/.local/lib/python3.7/site-packages/airflow/example_dags/example_latest_only.py
[2023-06-03T20:52:02.480+0000] {processor.py:826} INFO - Processing file /home/airflow/.local/lib/python3.7/site-packages/airflow/example_dags/example_latest_only.py for tasks to queue
[2023-06-03T20:52:02.481+0000] {logging_mixin.py:149} INFO - [2023-06-03T20:52:02.481+0000] {dagbag.py:541} INFO - Filling up the DagBag from /home/airflow/.local/lib/python3.7/site-packages/airflow/example_dags/example_latest_only.py
[2023-06-03T20:52:02.485+0000] {processor.py:836} INFO - DAG(s) dict_keys(['latest_only']) retrieved from /home/airflow/.local/lib/python3.7/site-packages/airflow/example_dags/example_latest_only.py
[2023-06-03T20:52:02.502+0000] {logging_mixin.py:149} INFO - [2023-06-03T20:52:02.502+0000] {dag.py:2726} INFO - Sync 1 DAGs
[2023-06-03T20:52:02.520+0000] {logging_mixin.py:149} INFO - [2023-06-03T20:52:02.520+0000] {dag.py:3490} INFO - Setting next_dagrun for latest_only to 2023-06-03T16:52:02.520680+00:00, run_after=2023-06-03T20:52:02.520680+00:00
[2023-06-03T20:52:02.539+0000] {processor.py:179} INFO - Processing /home/airflow/.local/lib/python3.7/site-packages/airflow/example_dags/example_latest_only.py took 0.062 seconds
[2023-06-03T20:52:33.182+0000] {processor.py:157} INFO - Started process (PID=13645) to work on /home/airflow/.local/lib/python3.7/site-packages/airflow/example_dags/example_latest_only.py
[2023-06-03T20:52:33.183+0000] {processor.py:826} INFO - Processing file /home/airflow/.local/lib/python3.7/site-packages/airflow/example_dags/example_latest_only.py for tasks to queue
[2023-06-03T20:52:33.184+0000] {logging_mixin.py:149} INFO - [2023-06-03T20:52:33.184+0000] {dagbag.py:541} INFO - Filling up the DagBag from /home/airflow/.local/lib/python3.7/site-packages/airflow/example_dags/example_latest_only.py
[2023-06-03T20:52:33.188+0000] {processor.py:836} INFO - DAG(s) dict_keys(['latest_only']) retrieved from /home/airflow/.local/lib/python3.7/site-packages/airflow/example_dags/example_latest_only.py
[2023-06-03T20:52:33.206+0000] {logging_mixin.py:149} INFO - [2023-06-03T20:52:33.206+0000] {dag.py:2726} INFO - Sync 1 DAGs
[2023-06-03T20:52:33.225+0000] {logging_mixin.py:149} INFO - [2023-06-03T20:52:33.225+0000] {dag.py:3490} INFO - Setting next_dagrun for latest_only to 2023-06-03T16:52:33.225279+00:00, run_after=2023-06-03T20:52:33.225279+00:00
[2023-06-03T20:52:33.243+0000] {processor.py:179} INFO - Processing /home/airflow/.local/lib/python3.7/site-packages/airflow/example_dags/example_latest_only.py took 0.063 seconds
[2023-06-03T20:53:03.361+0000] {processor.py:157} INFO - Started process (PID=13897) to work on /home/airflow/.local/lib/python3.7/site-packages/airflow/example_dags/example_latest_only.py
[2023-06-03T20:53:03.362+0000] {processor.py:826} INFO - Processing file /home/airflow/.local/lib/python3.7/site-packages/airflow/example_dags/example_latest_only.py for tasks to queue
[2023-06-03T20:53:03.363+0000] {logging_mixin.py:149} INFO - [2023-06-03T20:53:03.363+0000] {dagbag.py:541} INFO - Filling up the DagBag from /home/airflow/.local/lib/python3.7/site-packages/airflow/example_dags/example_latest_only.py
[2023-06-03T20:53:03.367+0000] {processor.py:836} INFO - DAG(s) dict_keys(['latest_only']) retrieved from /home/airflow/.local/lib/python3.7/site-packages/airflow/example_dags/example_latest_only.py
[2023-06-03T20:53:03.383+0000] {logging_mixin.py:149} INFO - [2023-06-03T20:53:03.383+0000] {dag.py:2726} INFO - Sync 1 DAGs
[2023-06-03T20:53:03.401+0000] {logging_mixin.py:149} INFO - [2023-06-03T20:53:03.401+0000] {dag.py:3490} INFO - Setting next_dagrun for latest_only to 2023-06-03T16:53:03.401396+00:00, run_after=2023-06-03T20:53:03.401396+00:00
[2023-06-03T20:53:03.420+0000] {processor.py:179} INFO - Processing /home/airflow/.local/lib/python3.7/site-packages/airflow/example_dags/example_latest_only.py took 0.061 seconds
[2023-06-03T20:53:33.564+0000] {processor.py:157} INFO - Started process (PID=14149) to work on /home/airflow/.local/lib/python3.7/site-packages/airflow/example_dags/example_latest_only.py
[2023-06-03T20:53:33.565+0000] {processor.py:826} INFO - Processing file /home/airflow/.local/lib/python3.7/site-packages/airflow/example_dags/example_latest_only.py for tasks to queue
[2023-06-03T20:53:33.566+0000] {logging_mixin.py:149} INFO - [2023-06-03T20:53:33.566+0000] {dagbag.py:541} INFO - Filling up the DagBag from /home/airflow/.local/lib/python3.7/site-packages/airflow/example_dags/example_latest_only.py
[2023-06-03T20:53:33.570+0000] {processor.py:836} INFO - DAG(s) dict_keys(['latest_only']) retrieved from /home/airflow/.local/lib/python3.7/site-packages/airflow/example_dags/example_latest_only.py
[2023-06-03T20:53:33.590+0000] {logging_mixin.py:149} INFO - [2023-06-03T20:53:33.590+0000] {dag.py:2726} INFO - Sync 1 DAGs
[2023-06-03T20:53:33.609+0000] {logging_mixin.py:149} INFO - [2023-06-03T20:53:33.609+0000] {dag.py:3490} INFO - Setting next_dagrun for latest_only to 2023-06-03T16:53:33.609215+00:00, run_after=2023-06-03T20:53:33.609215+00:00
[2023-06-03T20:53:33.629+0000] {processor.py:179} INFO - Processing /home/airflow/.local/lib/python3.7/site-packages/airflow/example_dags/example_latest_only.py took 0.067 seconds
[2023-06-03T20:54:03.981+0000] {processor.py:157} INFO - Started process (PID=14401) to work on /home/airflow/.local/lib/python3.7/site-packages/airflow/example_dags/example_latest_only.py
[2023-06-03T20:54:03.982+0000] {processor.py:826} INFO - Processing file /home/airflow/.local/lib/python3.7/site-packages/airflow/example_dags/example_latest_only.py for tasks to queue
[2023-06-03T20:54:03.983+0000] {logging_mixin.py:149} INFO - [2023-06-03T20:54:03.982+0000] {dagbag.py:541} INFO - Filling up the DagBag from /home/airflow/.local/lib/python3.7/site-packages/airflow/example_dags/example_latest_only.py
[2023-06-03T20:54:03.987+0000] {processor.py:836} INFO - DAG(s) dict_keys(['latest_only']) retrieved from /home/airflow/.local/lib/python3.7/site-packages/airflow/example_dags/example_latest_only.py
[2023-06-03T20:54:04.003+0000] {logging_mixin.py:149} INFO - [2023-06-03T20:54:04.003+0000] {dag.py:2726} INFO - Sync 1 DAGs
[2023-06-03T20:54:04.020+0000] {logging_mixin.py:149} INFO - [2023-06-03T20:54:04.020+0000] {dag.py:3490} INFO - Setting next_dagrun for latest_only to 2023-06-03T16:54:04.020273+00:00, run_after=2023-06-03T20:54:04.020273+00:00
[2023-06-03T20:54:04.038+0000] {processor.py:179} INFO - Processing /home/airflow/.local/lib/python3.7/site-packages/airflow/example_dags/example_latest_only.py took 0.059 seconds
[2023-06-03T20:54:34.994+0000] {processor.py:157} INFO - Started process (PID=14653) to work on /home/airflow/.local/lib/python3.7/site-packages/airflow/example_dags/example_latest_only.py
[2023-06-03T20:54:34.995+0000] {processor.py:826} INFO - Processing file /home/airflow/.local/lib/python3.7/site-packages/airflow/example_dags/example_latest_only.py for tasks to queue
[2023-06-03T20:54:34.996+0000] {logging_mixin.py:149} INFO - [2023-06-03T20:54:34.996+0000] {dagbag.py:541} INFO - Filling up the DagBag from /home/airflow/.local/lib/python3.7/site-packages/airflow/example_dags/example_latest_only.py
[2023-06-03T20:54:35.000+0000] {processor.py:836} INFO - DAG(s) dict_keys(['latest_only']) retrieved from /home/airflow/.local/lib/python3.7/site-packages/airflow/example_dags/example_latest_only.py
[2023-06-03T20:54:35.019+0000] {logging_mixin.py:149} INFO - [2023-06-03T20:54:35.019+0000] {dag.py:2726} INFO - Sync 1 DAGs
[2023-06-03T20:54:35.037+0000] {logging_mixin.py:149} INFO - [2023-06-03T20:54:35.037+0000] {dag.py:3490} INFO - Setting next_dagrun for latest_only to 2023-06-03T16:54:35.037350+00:00, run_after=2023-06-03T20:54:35.037350+00:00
[2023-06-03T20:54:35.053+0000] {processor.py:179} INFO - Processing /home/airflow/.local/lib/python3.7/site-packages/airflow/example_dags/example_latest_only.py took 0.063 seconds
[2023-06-03T20:55:05.221+0000] {processor.py:157} INFO - Started process (PID=14905) to work on /home/airflow/.local/lib/python3.7/site-packages/airflow/example_dags/example_latest_only.py
[2023-06-03T20:55:05.223+0000] {processor.py:826} INFO - Processing file /home/airflow/.local/lib/python3.7/site-packages/airflow/example_dags/example_latest_only.py for tasks to queue
[2023-06-03T20:55:05.224+0000] {logging_mixin.py:149} INFO - [2023-06-03T20:55:05.224+0000] {dagbag.py:541} INFO - Filling up the DagBag from /home/airflow/.local/lib/python3.7/site-packages/airflow/example_dags/example_latest_only.py
[2023-06-03T20:55:05.230+0000] {processor.py:836} INFO - DAG(s) dict_keys(['latest_only']) retrieved from /home/airflow/.local/lib/python3.7/site-packages/airflow/example_dags/example_latest_only.py
[2023-06-03T20:55:05.249+0000] {logging_mixin.py:149} INFO - [2023-06-03T20:55:05.249+0000] {dag.py:2726} INFO - Sync 1 DAGs
[2023-06-03T20:55:05.271+0000] {logging_mixin.py:149} INFO - [2023-06-03T20:55:05.271+0000] {dag.py:3490} INFO - Setting next_dagrun for latest_only to 2023-06-03T16:55:05.270845+00:00, run_after=2023-06-03T20:55:05.270845+00:00
[2023-06-03T20:55:05.291+0000] {processor.py:179} INFO - Processing /home/airflow/.local/lib/python3.7/site-packages/airflow/example_dags/example_latest_only.py took 0.074 seconds
[2023-06-03T20:55:35.467+0000] {processor.py:157} INFO - Started process (PID=15157) to work on /home/airflow/.local/lib/python3.7/site-packages/airflow/example_dags/example_latest_only.py
[2023-06-03T20:55:35.469+0000] {processor.py:826} INFO - Processing file /home/airflow/.local/lib/python3.7/site-packages/airflow/example_dags/example_latest_only.py for tasks to queue
[2023-06-03T20:55:35.470+0000] {logging_mixin.py:149} INFO - [2023-06-03T20:55:35.470+0000] {dagbag.py:541} INFO - Filling up the DagBag from /home/airflow/.local/lib/python3.7/site-packages/airflow/example_dags/example_latest_only.py
[2023-06-03T20:55:35.474+0000] {processor.py:836} INFO - DAG(s) dict_keys(['latest_only']) retrieved from /home/airflow/.local/lib/python3.7/site-packages/airflow/example_dags/example_latest_only.py
[2023-06-03T20:55:35.493+0000] {logging_mixin.py:149} INFO - [2023-06-03T20:55:35.493+0000] {dag.py:2726} INFO - Sync 1 DAGs
[2023-06-03T20:55:35.512+0000] {logging_mixin.py:149} INFO - [2023-06-03T20:55:35.512+0000] {dag.py:3490} INFO - Setting next_dagrun for latest_only to 2023-06-03T16:55:35.512531+00:00, run_after=2023-06-03T20:55:35.512531+00:00
[2023-06-03T20:55:35.530+0000] {processor.py:179} INFO - Processing /home/airflow/.local/lib/python3.7/site-packages/airflow/example_dags/example_latest_only.py took 0.065 seconds
[2023-06-03T20:56:06.513+0000] {processor.py:157} INFO - Started process (PID=15409) to work on /home/airflow/.local/lib/python3.7/site-packages/airflow/example_dags/example_latest_only.py
[2023-06-03T20:56:06.514+0000] {processor.py:826} INFO - Processing file /home/airflow/.local/lib/python3.7/site-packages/airflow/example_dags/example_latest_only.py for tasks to queue
[2023-06-03T20:56:06.515+0000] {logging_mixin.py:149} INFO - [2023-06-03T20:56:06.515+0000] {dagbag.py:541} INFO - Filling up the DagBag from /home/airflow/.local/lib/python3.7/site-packages/airflow/example_dags/example_latest_only.py
[2023-06-03T20:56:06.519+0000] {processor.py:836} INFO - DAG(s) dict_keys(['latest_only']) retrieved from /home/airflow/.local/lib/python3.7/site-packages/airflow/example_dags/example_latest_only.py
[2023-06-03T20:56:06.538+0000] {logging_mixin.py:149} INFO - [2023-06-03T20:56:06.538+0000] {dag.py:2726} INFO - Sync 1 DAGs
[2023-06-03T20:56:06.556+0000] {logging_mixin.py:149} INFO - [2023-06-03T20:56:06.555+0000] {dag.py:3490} INFO - Setting next_dagrun for latest_only to 2023-06-03T16:56:06.555600+00:00, run_after=2023-06-03T20:56:06.555600+00:00
[2023-06-03T20:56:06.575+0000] {processor.py:179} INFO - Processing /home/airflow/.local/lib/python3.7/site-packages/airflow/example_dags/example_latest_only.py took 0.064 seconds
[2023-06-03T20:56:37.152+0000] {processor.py:157} INFO - Started process (PID=15661) to work on /home/airflow/.local/lib/python3.7/site-packages/airflow/example_dags/example_latest_only.py
[2023-06-03T20:56:37.153+0000] {processor.py:826} INFO - Processing file /home/airflow/.local/lib/python3.7/site-packages/airflow/example_dags/example_latest_only.py for tasks to queue
[2023-06-03T20:56:37.154+0000] {logging_mixin.py:149} INFO - [2023-06-03T20:56:37.154+0000] {dagbag.py:541} INFO - Filling up the DagBag from /home/airflow/.local/lib/python3.7/site-packages/airflow/example_dags/example_latest_only.py
[2023-06-03T20:56:37.158+0000] {processor.py:836} INFO - DAG(s) dict_keys(['latest_only']) retrieved from /home/airflow/.local/lib/python3.7/site-packages/airflow/example_dags/example_latest_only.py
[2023-06-03T20:56:37.174+0000] {logging_mixin.py:149} INFO - [2023-06-03T20:56:37.174+0000] {dag.py:2726} INFO - Sync 1 DAGs
[2023-06-03T20:56:37.192+0000] {logging_mixin.py:149} INFO - [2023-06-03T20:56:37.192+0000] {dag.py:3490} INFO - Setting next_dagrun for latest_only to 2023-06-03T16:56:37.192508+00:00, run_after=2023-06-03T20:56:37.192508+00:00
[2023-06-03T20:56:37.211+0000] {processor.py:179} INFO - Processing /home/airflow/.local/lib/python3.7/site-packages/airflow/example_dags/example_latest_only.py took 0.060 seconds
[2023-06-03T20:57:07.744+0000] {processor.py:157} INFO - Started process (PID=15913) to work on /home/airflow/.local/lib/python3.7/site-packages/airflow/example_dags/example_latest_only.py
[2023-06-03T20:57:07.746+0000] {processor.py:826} INFO - Processing file /home/airflow/.local/lib/python3.7/site-packages/airflow/example_dags/example_latest_only.py for tasks to queue
[2023-06-03T20:57:07.747+0000] {logging_mixin.py:149} INFO - [2023-06-03T20:57:07.747+0000] {dagbag.py:541} INFO - Filling up the DagBag from /home/airflow/.local/lib/python3.7/site-packages/airflow/example_dags/example_latest_only.py
[2023-06-03T20:57:07.751+0000] {processor.py:836} INFO - DAG(s) dict_keys(['latest_only']) retrieved from /home/airflow/.local/lib/python3.7/site-packages/airflow/example_dags/example_latest_only.py
[2023-06-03T20:57:07.768+0000] {logging_mixin.py:149} INFO - [2023-06-03T20:57:07.768+0000] {dag.py:2726} INFO - Sync 1 DAGs
[2023-06-03T20:57:07.785+0000] {logging_mixin.py:149} INFO - [2023-06-03T20:57:07.785+0000] {dag.py:3490} INFO - Setting next_dagrun for latest_only to 2023-06-03T16:57:07.785553+00:00, run_after=2023-06-03T20:57:07.785553+00:00
[2023-06-03T20:57:07.803+0000] {processor.py:179} INFO - Processing /home/airflow/.local/lib/python3.7/site-packages/airflow/example_dags/example_latest_only.py took 0.061 seconds
[2023-06-03T20:57:37.972+0000] {processor.py:157} INFO - Started process (PID=16165) to work on /home/airflow/.local/lib/python3.7/site-packages/airflow/example_dags/example_latest_only.py
[2023-06-03T20:57:37.974+0000] {processor.py:826} INFO - Processing file /home/airflow/.local/lib/python3.7/site-packages/airflow/example_dags/example_latest_only.py for tasks to queue
[2023-06-03T20:57:37.976+0000] {logging_mixin.py:149} INFO - [2023-06-03T20:57:37.976+0000] {dagbag.py:541} INFO - Filling up the DagBag from /home/airflow/.local/lib/python3.7/site-packages/airflow/example_dags/example_latest_only.py
[2023-06-03T20:57:37.981+0000] {processor.py:836} INFO - DAG(s) dict_keys(['latest_only']) retrieved from /home/airflow/.local/lib/python3.7/site-packages/airflow/example_dags/example_latest_only.py
[2023-06-03T20:57:37.999+0000] {logging_mixin.py:149} INFO - [2023-06-03T20:57:37.999+0000] {dag.py:2726} INFO - Sync 1 DAGs
[2023-06-03T20:57:38.018+0000] {logging_mixin.py:149} INFO - [2023-06-03T20:57:38.018+0000] {dag.py:3490} INFO - Setting next_dagrun for latest_only to 2023-06-03T16:57:38.018203+00:00, run_after=2023-06-03T20:57:38.018203+00:00
[2023-06-03T20:57:38.036+0000] {processor.py:179} INFO - Processing /home/airflow/.local/lib/python3.7/site-packages/airflow/example_dags/example_latest_only.py took 0.066 seconds
[2023-06-03T20:58:08.397+0000] {processor.py:157} INFO - Started process (PID=16417) to work on /home/airflow/.local/lib/python3.7/site-packages/airflow/example_dags/example_latest_only.py
[2023-06-03T20:58:08.399+0000] {processor.py:826} INFO - Processing file /home/airflow/.local/lib/python3.7/site-packages/airflow/example_dags/example_latest_only.py for tasks to queue
[2023-06-03T20:58:08.401+0000] {logging_mixin.py:149} INFO - [2023-06-03T20:58:08.400+0000] {dagbag.py:541} INFO - Filling up the DagBag from /home/airflow/.local/lib/python3.7/site-packages/airflow/example_dags/example_latest_only.py
[2023-06-03T20:58:08.410+0000] {processor.py:836} INFO - DAG(s) dict_keys(['latest_only']) retrieved from /home/airflow/.local/lib/python3.7/site-packages/airflow/example_dags/example_latest_only.py
[2023-06-03T20:58:08.427+0000] {logging_mixin.py:149} INFO - [2023-06-03T20:58:08.427+0000] {dag.py:2726} INFO - Sync 1 DAGs
[2023-06-03T20:58:08.444+0000] {logging_mixin.py:149} INFO - [2023-06-03T20:58:08.444+0000] {dag.py:3490} INFO - Setting next_dagrun for latest_only to 2023-06-03T16:58:08.444374+00:00, run_after=2023-06-03T20:58:08.444374+00:00
[2023-06-03T20:58:08.464+0000] {processor.py:179} INFO - Processing /home/airflow/.local/lib/python3.7/site-packages/airflow/example_dags/example_latest_only.py took 0.070 seconds
[2023-06-03T20:58:38.838+0000] {processor.py:157} INFO - Started process (PID=16669) to work on /home/airflow/.local/lib/python3.7/site-packages/airflow/example_dags/example_latest_only.py
[2023-06-03T20:58:38.839+0000] {processor.py:826} INFO - Processing file /home/airflow/.local/lib/python3.7/site-packages/airflow/example_dags/example_latest_only.py for tasks to queue
[2023-06-03T20:58:38.840+0000] {logging_mixin.py:149} INFO - [2023-06-03T20:58:38.840+0000] {dagbag.py:541} INFO - Filling up the DagBag from /home/airflow/.local/lib/python3.7/site-packages/airflow/example_dags/example_latest_only.py
[2023-06-03T20:58:38.844+0000] {processor.py:836} INFO - DAG(s) dict_keys(['latest_only']) retrieved from /home/airflow/.local/lib/python3.7/site-packages/airflow/example_dags/example_latest_only.py
[2023-06-03T20:58:38.861+0000] {logging_mixin.py:149} INFO - [2023-06-03T20:58:38.861+0000] {dag.py:2726} INFO - Sync 1 DAGs
[2023-06-03T20:58:38.878+0000] {logging_mixin.py:149} INFO - [2023-06-03T20:58:38.878+0000] {dag.py:3490} INFO - Setting next_dagrun for latest_only to 2023-06-03T16:58:38.878457+00:00, run_after=2023-06-03T20:58:38.878457+00:00
[2023-06-03T20:58:38.896+0000] {processor.py:179} INFO - Processing /home/airflow/.local/lib/python3.7/site-packages/airflow/example_dags/example_latest_only.py took 0.061 seconds
[2023-06-03T20:59:09.209+0000] {processor.py:157} INFO - Started process (PID=16921) to work on /home/airflow/.local/lib/python3.7/site-packages/airflow/example_dags/example_latest_only.py
[2023-06-03T20:59:09.212+0000] {processor.py:826} INFO - Processing file /home/airflow/.local/lib/python3.7/site-packages/airflow/example_dags/example_latest_only.py for tasks to queue
[2023-06-03T20:59:09.215+0000] {logging_mixin.py:149} INFO - [2023-06-03T20:59:09.215+0000] {dagbag.py:541} INFO - Filling up the DagBag from /home/airflow/.local/lib/python3.7/site-packages/airflow/example_dags/example_latest_only.py
[2023-06-03T20:59:09.220+0000] {processor.py:836} INFO - DAG(s) dict_keys(['latest_only']) retrieved from /home/airflow/.local/lib/python3.7/site-packages/airflow/example_dags/example_latest_only.py
[2023-06-03T20:59:09.239+0000] {logging_mixin.py:149} INFO - [2023-06-03T20:59:09.239+0000] {dag.py:2726} INFO - Sync 1 DAGs
[2023-06-03T20:59:09.258+0000] {logging_mixin.py:149} INFO - [2023-06-03T20:59:09.258+0000] {dag.py:3490} INFO - Setting next_dagrun for latest_only to 2023-06-03T16:59:09.258427+00:00, run_after=2023-06-03T20:59:09.258427+00:00
[2023-06-03T20:59:09.281+0000] {processor.py:179} INFO - Processing /home/airflow/.local/lib/python3.7/site-packages/airflow/example_dags/example_latest_only.py took 0.074 seconds
[2023-06-03T20:59:40.051+0000] {processor.py:157} INFO - Started process (PID=17173) to work on /home/airflow/.local/lib/python3.7/site-packages/airflow/example_dags/example_latest_only.py
[2023-06-03T20:59:40.053+0000] {processor.py:826} INFO - Processing file /home/airflow/.local/lib/python3.7/site-packages/airflow/example_dags/example_latest_only.py for tasks to queue
[2023-06-03T20:59:40.054+0000] {logging_mixin.py:149} INFO - [2023-06-03T20:59:40.054+0000] {dagbag.py:541} INFO - Filling up the DagBag from /home/airflow/.local/lib/python3.7/site-packages/airflow/example_dags/example_latest_only.py
[2023-06-03T20:59:40.058+0000] {processor.py:836} INFO - DAG(s) dict_keys(['latest_only']) retrieved from /home/airflow/.local/lib/python3.7/site-packages/airflow/example_dags/example_latest_only.py
[2023-06-03T20:59:40.076+0000] {logging_mixin.py:149} INFO - [2023-06-03T20:59:40.075+0000] {dag.py:2726} INFO - Sync 1 DAGs
[2023-06-03T20:59:40.093+0000] {logging_mixin.py:149} INFO - [2023-06-03T20:59:40.093+0000] {dag.py:3490} INFO - Setting next_dagrun for latest_only to 2023-06-03T16:59:40.092949+00:00, run_after=2023-06-03T20:59:40.092949+00:00
[2023-06-03T20:59:40.111+0000] {processor.py:179} INFO - Processing /home/airflow/.local/lib/python3.7/site-packages/airflow/example_dags/example_latest_only.py took 0.063 seconds
[2023-06-03T21:00:11.104+0000] {processor.py:157} INFO - Started process (PID=17425) to work on /home/airflow/.local/lib/python3.7/site-packages/airflow/example_dags/example_latest_only.py
[2023-06-03T21:00:11.105+0000] {processor.py:826} INFO - Processing file /home/airflow/.local/lib/python3.7/site-packages/airflow/example_dags/example_latest_only.py for tasks to queue
[2023-06-03T21:00:11.106+0000] {logging_mixin.py:149} INFO - [2023-06-03T21:00:11.106+0000] {dagbag.py:541} INFO - Filling up the DagBag from /home/airflow/.local/lib/python3.7/site-packages/airflow/example_dags/example_latest_only.py
[2023-06-03T21:00:11.110+0000] {processor.py:836} INFO - DAG(s) dict_keys(['latest_only']) retrieved from /home/airflow/.local/lib/python3.7/site-packages/airflow/example_dags/example_latest_only.py
[2023-06-03T21:00:11.127+0000] {logging_mixin.py:149} INFO - [2023-06-03T21:00:11.126+0000] {dag.py:2726} INFO - Sync 1 DAGs
[2023-06-03T21:00:11.145+0000] {logging_mixin.py:149} INFO - [2023-06-03T21:00:11.145+0000] {dag.py:3490} INFO - Setting next_dagrun for latest_only to 2023-06-03T17:00:11.145537+00:00, run_after=2023-06-03T21:00:11.145537+00:00
[2023-06-03T21:00:11.164+0000] {processor.py:179} INFO - Processing /home/airflow/.local/lib/python3.7/site-packages/airflow/example_dags/example_latest_only.py took 0.061 seconds
[2023-06-03T21:00:41.810+0000] {processor.py:157} INFO - Started process (PID=17677) to work on /home/airflow/.local/lib/python3.7/site-packages/airflow/example_dags/example_latest_only.py
[2023-06-03T21:00:41.812+0000] {processor.py:826} INFO - Processing file /home/airflow/.local/lib/python3.7/site-packages/airflow/example_dags/example_latest_only.py for tasks to queue
[2023-06-03T21:00:41.814+0000] {logging_mixin.py:149} INFO - [2023-06-03T21:00:41.814+0000] {dagbag.py:541} INFO - Filling up the DagBag from /home/airflow/.local/lib/python3.7/site-packages/airflow/example_dags/example_latest_only.py
[2023-06-03T21:00:41.821+0000] {processor.py:836} INFO - DAG(s) dict_keys(['latest_only']) retrieved from /home/airflow/.local/lib/python3.7/site-packages/airflow/example_dags/example_latest_only.py
[2023-06-03T21:00:41.851+0000] {logging_mixin.py:149} INFO - [2023-06-03T21:00:41.851+0000] {dag.py:2726} INFO - Sync 1 DAGs
[2023-06-03T21:00:41.915+0000] {logging_mixin.py:149} INFO - [2023-06-03T21:00:41.915+0000] {dag.py:3490} INFO - Setting next_dagrun for latest_only to 2023-06-03T17:00:41.915481+00:00, run_after=2023-06-03T21:00:41.915481+00:00
[2023-06-03T21:00:41.944+0000] {processor.py:179} INFO - Processing /home/airflow/.local/lib/python3.7/site-packages/airflow/example_dags/example_latest_only.py took 0.137 seconds
