[2023-06-03T20:25:44.888+0000] {processor.py:157} INFO - Started process (PID=359) to work on /home/airflow/.local/lib/python3.7/site-packages/airflow/example_dags/example_nested_branch_dag.py
[2023-06-03T20:25:44.889+0000] {processor.py:826} INFO - Processing file /home/airflow/.local/lib/python3.7/site-packages/airflow/example_dags/example_nested_branch_dag.py for tasks to queue
[2023-06-03T20:25:44.890+0000] {logging_mixin.py:149} INFO - [2023-06-03T20:25:44.890+0000] {dagbag.py:541} INFO - Filling up the DagBag from /home/airflow/.local/lib/python3.7/site-packages/airflow/example_dags/example_nested_branch_dag.py
[2023-06-03T20:25:44.898+0000] {processor.py:836} INFO - DAG(s) dict_keys(['example_nested_branch_dag']) retrieved from /home/airflow/.local/lib/python3.7/site-packages/airflow/example_dags/example_nested_branch_dag.py
[2023-06-03T20:25:44.908+0000] {logging_mixin.py:149} INFO - [2023-06-03T20:25:44.908+0000] {dag.py:2726} INFO - Sync 1 DAGs
[2023-06-03T20:25:44.928+0000] {logging_mixin.py:149} INFO - [2023-06-03T20:25:44.927+0000] {dag.py:3490} INFO - Setting next_dagrun for example_nested_branch_dag to 2023-06-02T00:00:00+00:00, run_after=2023-06-03T00:00:00+00:00
[2023-06-03T20:25:44.944+0000] {processor.py:179} INFO - Processing /home/airflow/.local/lib/python3.7/site-packages/airflow/example_dags/example_nested_branch_dag.py took 0.058 seconds
[2023-06-03T20:26:15.671+0000] {processor.py:157} INFO - Started process (PID=609) to work on /home/airflow/.local/lib/python3.7/site-packages/airflow/example_dags/example_nested_branch_dag.py
[2023-06-03T20:26:15.672+0000] {processor.py:826} INFO - Processing file /home/airflow/.local/lib/python3.7/site-packages/airflow/example_dags/example_nested_branch_dag.py for tasks to queue
[2023-06-03T20:26:15.673+0000] {logging_mixin.py:149} INFO - [2023-06-03T20:26:15.673+0000] {dagbag.py:541} INFO - Filling up the DagBag from /home/airflow/.local/lib/python3.7/site-packages/airflow/example_dags/example_nested_branch_dag.py
[2023-06-03T20:26:15.680+0000] {processor.py:836} INFO - DAG(s) dict_keys(['example_nested_branch_dag']) retrieved from /home/airflow/.local/lib/python3.7/site-packages/airflow/example_dags/example_nested_branch_dag.py
[2023-06-03T20:26:15.770+0000] {logging_mixin.py:149} INFO - [2023-06-03T20:26:15.770+0000] {dag.py:2726} INFO - Sync 1 DAGs
[2023-06-03T20:26:15.787+0000] {logging_mixin.py:149} INFO - [2023-06-03T20:26:15.787+0000] {dag.py:3490} INFO - Setting next_dagrun for example_nested_branch_dag to 2023-06-02T00:00:00+00:00, run_after=2023-06-03T00:00:00+00:00
[2023-06-03T20:26:15.801+0000] {processor.py:179} INFO - Processing /home/airflow/.local/lib/python3.7/site-packages/airflow/example_dags/example_nested_branch_dag.py took 0.132 seconds
[2023-06-03T20:26:46.076+0000] {processor.py:157} INFO - Started process (PID=861) to work on /home/airflow/.local/lib/python3.7/site-packages/airflow/example_dags/example_nested_branch_dag.py
[2023-06-03T20:26:46.077+0000] {processor.py:826} INFO - Processing file /home/airflow/.local/lib/python3.7/site-packages/airflow/example_dags/example_nested_branch_dag.py for tasks to queue
[2023-06-03T20:26:46.078+0000] {logging_mixin.py:149} INFO - [2023-06-03T20:26:46.078+0000] {dagbag.py:541} INFO - Filling up the DagBag from /home/airflow/.local/lib/python3.7/site-packages/airflow/example_dags/example_nested_branch_dag.py
[2023-06-03T20:26:46.088+0000] {processor.py:836} INFO - DAG(s) dict_keys(['example_nested_branch_dag']) retrieved from /home/airflow/.local/lib/python3.7/site-packages/airflow/example_dags/example_nested_branch_dag.py
[2023-06-03T20:26:46.111+0000] {logging_mixin.py:149} INFO - [2023-06-03T20:26:46.111+0000] {dag.py:2726} INFO - Sync 1 DAGs
[2023-06-03T20:26:46.130+0000] {logging_mixin.py:149} INFO - [2023-06-03T20:26:46.130+0000] {dag.py:3490} INFO - Setting next_dagrun for example_nested_branch_dag to 2023-06-02T00:00:00+00:00, run_after=2023-06-03T00:00:00+00:00
[2023-06-03T20:26:46.146+0000] {processor.py:179} INFO - Processing /home/airflow/.local/lib/python3.7/site-packages/airflow/example_dags/example_nested_branch_dag.py took 0.072 seconds
[2023-06-03T20:27:16.683+0000] {processor.py:157} INFO - Started process (PID=1113) to work on /home/airflow/.local/lib/python3.7/site-packages/airflow/example_dags/example_nested_branch_dag.py
[2023-06-03T20:27:16.684+0000] {processor.py:826} INFO - Processing file /home/airflow/.local/lib/python3.7/site-packages/airflow/example_dags/example_nested_branch_dag.py for tasks to queue
[2023-06-03T20:27:16.685+0000] {logging_mixin.py:149} INFO - [2023-06-03T20:27:16.685+0000] {dagbag.py:541} INFO - Filling up the DagBag from /home/airflow/.local/lib/python3.7/site-packages/airflow/example_dags/example_nested_branch_dag.py
[2023-06-03T20:27:16.692+0000] {processor.py:836} INFO - DAG(s) dict_keys(['example_nested_branch_dag']) retrieved from /home/airflow/.local/lib/python3.7/site-packages/airflow/example_dags/example_nested_branch_dag.py
[2023-06-03T20:27:16.728+0000] {logging_mixin.py:149} INFO - [2023-06-03T20:27:16.728+0000] {dag.py:2726} INFO - Sync 1 DAGs
[2023-06-03T20:27:16.747+0000] {logging_mixin.py:149} INFO - [2023-06-03T20:27:16.747+0000] {dag.py:3490} INFO - Setting next_dagrun for example_nested_branch_dag to 2023-06-02T00:00:00+00:00, run_after=2023-06-03T00:00:00+00:00
[2023-06-03T20:27:16.764+0000] {processor.py:179} INFO - Processing /home/airflow/.local/lib/python3.7/site-packages/airflow/example_dags/example_nested_branch_dag.py took 0.084 seconds
[2023-06-03T20:27:47.777+0000] {processor.py:157} INFO - Started process (PID=1365) to work on /home/airflow/.local/lib/python3.7/site-packages/airflow/example_dags/example_nested_branch_dag.py
[2023-06-03T20:27:47.779+0000] {processor.py:826} INFO - Processing file /home/airflow/.local/lib/python3.7/site-packages/airflow/example_dags/example_nested_branch_dag.py for tasks to queue
[2023-06-03T20:27:47.781+0000] {logging_mixin.py:149} INFO - [2023-06-03T20:27:47.781+0000] {dagbag.py:541} INFO - Filling up the DagBag from /home/airflow/.local/lib/python3.7/site-packages/airflow/example_dags/example_nested_branch_dag.py
[2023-06-03T20:27:47.789+0000] {processor.py:836} INFO - DAG(s) dict_keys(['example_nested_branch_dag']) retrieved from /home/airflow/.local/lib/python3.7/site-packages/airflow/example_dags/example_nested_branch_dag.py
[2023-06-03T20:27:47.810+0000] {logging_mixin.py:149} INFO - [2023-06-03T20:27:47.810+0000] {dag.py:2726} INFO - Sync 1 DAGs
[2023-06-03T20:27:47.829+0000] {logging_mixin.py:149} INFO - [2023-06-03T20:27:47.829+0000] {dag.py:3490} INFO - Setting next_dagrun for example_nested_branch_dag to 2023-06-02T00:00:00+00:00, run_after=2023-06-03T00:00:00+00:00
[2023-06-03T20:27:47.846+0000] {processor.py:179} INFO - Processing /home/airflow/.local/lib/python3.7/site-packages/airflow/example_dags/example_nested_branch_dag.py took 0.071 seconds
[2023-06-03T20:28:18.340+0000] {processor.py:157} INFO - Started process (PID=1618) to work on /home/airflow/.local/lib/python3.7/site-packages/airflow/example_dags/example_nested_branch_dag.py
[2023-06-03T20:28:18.341+0000] {processor.py:826} INFO - Processing file /home/airflow/.local/lib/python3.7/site-packages/airflow/example_dags/example_nested_branch_dag.py for tasks to queue
[2023-06-03T20:28:18.342+0000] {logging_mixin.py:149} INFO - [2023-06-03T20:28:18.342+0000] {dagbag.py:541} INFO - Filling up the DagBag from /home/airflow/.local/lib/python3.7/site-packages/airflow/example_dags/example_nested_branch_dag.py
[2023-06-03T20:28:18.350+0000] {processor.py:836} INFO - DAG(s) dict_keys(['example_nested_branch_dag']) retrieved from /home/airflow/.local/lib/python3.7/site-packages/airflow/example_dags/example_nested_branch_dag.py
[2023-06-03T20:28:18.369+0000] {logging_mixin.py:149} INFO - [2023-06-03T20:28:18.369+0000] {dag.py:2726} INFO - Sync 1 DAGs
[2023-06-03T20:28:18.387+0000] {logging_mixin.py:149} INFO - [2023-06-03T20:28:18.387+0000] {dag.py:3490} INFO - Setting next_dagrun for example_nested_branch_dag to 2023-06-02T00:00:00+00:00, run_after=2023-06-03T00:00:00+00:00
[2023-06-03T20:28:18.404+0000] {processor.py:179} INFO - Processing /home/airflow/.local/lib/python3.7/site-packages/airflow/example_dags/example_nested_branch_dag.py took 0.066 seconds
[2023-06-03T20:28:48.455+0000] {processor.py:157} INFO - Started process (PID=1870) to work on /home/airflow/.local/lib/python3.7/site-packages/airflow/example_dags/example_nested_branch_dag.py
[2023-06-03T20:28:48.457+0000] {processor.py:826} INFO - Processing file /home/airflow/.local/lib/python3.7/site-packages/airflow/example_dags/example_nested_branch_dag.py for tasks to queue
[2023-06-03T20:28:48.458+0000] {logging_mixin.py:149} INFO - [2023-06-03T20:28:48.458+0000] {dagbag.py:541} INFO - Filling up the DagBag from /home/airflow/.local/lib/python3.7/site-packages/airflow/example_dags/example_nested_branch_dag.py
[2023-06-03T20:28:48.465+0000] {processor.py:836} INFO - DAG(s) dict_keys(['example_nested_branch_dag']) retrieved from /home/airflow/.local/lib/python3.7/site-packages/airflow/example_dags/example_nested_branch_dag.py
[2023-06-03T20:28:48.482+0000] {logging_mixin.py:149} INFO - [2023-06-03T20:28:48.482+0000] {dag.py:2726} INFO - Sync 1 DAGs
[2023-06-03T20:28:48.500+0000] {logging_mixin.py:149} INFO - [2023-06-03T20:28:48.499+0000] {dag.py:3490} INFO - Setting next_dagrun for example_nested_branch_dag to 2023-06-02T00:00:00+00:00, run_after=2023-06-03T00:00:00+00:00
[2023-06-03T20:28:48.514+0000] {processor.py:179} INFO - Processing /home/airflow/.local/lib/python3.7/site-packages/airflow/example_dags/example_nested_branch_dag.py took 0.061 seconds
[2023-06-03T20:29:18.757+0000] {processor.py:157} INFO - Started process (PID=2122) to work on /home/airflow/.local/lib/python3.7/site-packages/airflow/example_dags/example_nested_branch_dag.py
[2023-06-03T20:29:18.758+0000] {processor.py:826} INFO - Processing file /home/airflow/.local/lib/python3.7/site-packages/airflow/example_dags/example_nested_branch_dag.py for tasks to queue
[2023-06-03T20:29:18.759+0000] {logging_mixin.py:149} INFO - [2023-06-03T20:29:18.759+0000] {dagbag.py:541} INFO - Filling up the DagBag from /home/airflow/.local/lib/python3.7/site-packages/airflow/example_dags/example_nested_branch_dag.py
[2023-06-03T20:29:18.767+0000] {processor.py:836} INFO - DAG(s) dict_keys(['example_nested_branch_dag']) retrieved from /home/airflow/.local/lib/python3.7/site-packages/airflow/example_dags/example_nested_branch_dag.py
[2023-06-03T20:29:18.784+0000] {logging_mixin.py:149} INFO - [2023-06-03T20:29:18.784+0000] {dag.py:2726} INFO - Sync 1 DAGs
[2023-06-03T20:29:18.802+0000] {logging_mixin.py:149} INFO - [2023-06-03T20:29:18.802+0000] {dag.py:3490} INFO - Setting next_dagrun for example_nested_branch_dag to 2023-06-02T00:00:00+00:00, run_after=2023-06-03T00:00:00+00:00
[2023-06-03T20:29:18.820+0000] {processor.py:179} INFO - Processing /home/airflow/.local/lib/python3.7/site-packages/airflow/example_dags/example_nested_branch_dag.py took 0.065 seconds
[2023-06-03T20:29:49.010+0000] {processor.py:157} INFO - Started process (PID=2374) to work on /home/airflow/.local/lib/python3.7/site-packages/airflow/example_dags/example_nested_branch_dag.py
[2023-06-03T20:29:49.011+0000] {processor.py:826} INFO - Processing file /home/airflow/.local/lib/python3.7/site-packages/airflow/example_dags/example_nested_branch_dag.py for tasks to queue
[2023-06-03T20:29:49.012+0000] {logging_mixin.py:149} INFO - [2023-06-03T20:29:49.012+0000] {dagbag.py:541} INFO - Filling up the DagBag from /home/airflow/.local/lib/python3.7/site-packages/airflow/example_dags/example_nested_branch_dag.py
[2023-06-03T20:29:49.020+0000] {processor.py:836} INFO - DAG(s) dict_keys(['example_nested_branch_dag']) retrieved from /home/airflow/.local/lib/python3.7/site-packages/airflow/example_dags/example_nested_branch_dag.py
[2023-06-03T20:29:49.040+0000] {logging_mixin.py:149} INFO - [2023-06-03T20:29:49.040+0000] {dag.py:2726} INFO - Sync 1 DAGs
[2023-06-03T20:29:49.069+0000] {logging_mixin.py:149} INFO - [2023-06-03T20:29:49.068+0000] {dag.py:3490} INFO - Setting next_dagrun for example_nested_branch_dag to 2023-06-02T00:00:00+00:00, run_after=2023-06-03T00:00:00+00:00
[2023-06-03T20:29:49.087+0000] {processor.py:179} INFO - Processing /home/airflow/.local/lib/python3.7/site-packages/airflow/example_dags/example_nested_branch_dag.py took 0.080 seconds
[2023-06-03T20:30:19.886+0000] {processor.py:157} INFO - Started process (PID=2626) to work on /home/airflow/.local/lib/python3.7/site-packages/airflow/example_dags/example_nested_branch_dag.py
[2023-06-03T20:30:19.887+0000] {processor.py:826} INFO - Processing file /home/airflow/.local/lib/python3.7/site-packages/airflow/example_dags/example_nested_branch_dag.py for tasks to queue
[2023-06-03T20:30:19.888+0000] {logging_mixin.py:149} INFO - [2023-06-03T20:30:19.888+0000] {dagbag.py:541} INFO - Filling up the DagBag from /home/airflow/.local/lib/python3.7/site-packages/airflow/example_dags/example_nested_branch_dag.py
[2023-06-03T20:30:19.896+0000] {processor.py:836} INFO - DAG(s) dict_keys(['example_nested_branch_dag']) retrieved from /home/airflow/.local/lib/python3.7/site-packages/airflow/example_dags/example_nested_branch_dag.py
[2023-06-03T20:30:19.914+0000] {logging_mixin.py:149} INFO - [2023-06-03T20:30:19.914+0000] {dag.py:2726} INFO - Sync 1 DAGs
[2023-06-03T20:30:19.932+0000] {logging_mixin.py:149} INFO - [2023-06-03T20:30:19.932+0000] {dag.py:3490} INFO - Setting next_dagrun for example_nested_branch_dag to 2023-06-02T00:00:00+00:00, run_after=2023-06-03T00:00:00+00:00
[2023-06-03T20:30:19.948+0000] {processor.py:179} INFO - Processing /home/airflow/.local/lib/python3.7/site-packages/airflow/example_dags/example_nested_branch_dag.py took 0.064 seconds
[2023-06-03T20:30:50.755+0000] {processor.py:157} INFO - Started process (PID=2880) to work on /home/airflow/.local/lib/python3.7/site-packages/airflow/example_dags/example_nested_branch_dag.py
[2023-06-03T20:30:50.757+0000] {processor.py:826} INFO - Processing file /home/airflow/.local/lib/python3.7/site-packages/airflow/example_dags/example_nested_branch_dag.py for tasks to queue
[2023-06-03T20:30:50.759+0000] {logging_mixin.py:149} INFO - [2023-06-03T20:30:50.759+0000] {dagbag.py:541} INFO - Filling up the DagBag from /home/airflow/.local/lib/python3.7/site-packages/airflow/example_dags/example_nested_branch_dag.py
[2023-06-03T20:30:50.768+0000] {processor.py:836} INFO - DAG(s) dict_keys(['example_nested_branch_dag']) retrieved from /home/airflow/.local/lib/python3.7/site-packages/airflow/example_dags/example_nested_branch_dag.py
[2023-06-03T20:30:50.787+0000] {logging_mixin.py:149} INFO - [2023-06-03T20:30:50.787+0000] {dag.py:2726} INFO - Sync 1 DAGs
[2023-06-03T20:30:50.806+0000] {logging_mixin.py:149} INFO - [2023-06-03T20:30:50.806+0000] {dag.py:3490} INFO - Setting next_dagrun for example_nested_branch_dag to 2023-06-02T00:00:00+00:00, run_after=2023-06-03T00:00:00+00:00
[2023-06-03T20:30:50.822+0000] {processor.py:179} INFO - Processing /home/airflow/.local/lib/python3.7/site-packages/airflow/example_dags/example_nested_branch_dag.py took 0.072 seconds
[2023-06-03T20:31:21.029+0000] {processor.py:157} INFO - Started process (PID=3132) to work on /home/airflow/.local/lib/python3.7/site-packages/airflow/example_dags/example_nested_branch_dag.py
[2023-06-03T20:31:21.029+0000] {processor.py:826} INFO - Processing file /home/airflow/.local/lib/python3.7/site-packages/airflow/example_dags/example_nested_branch_dag.py for tasks to queue
[2023-06-03T20:31:21.030+0000] {logging_mixin.py:149} INFO - [2023-06-03T20:31:21.030+0000] {dagbag.py:541} INFO - Filling up the DagBag from /home/airflow/.local/lib/python3.7/site-packages/airflow/example_dags/example_nested_branch_dag.py
[2023-06-03T20:31:21.040+0000] {processor.py:836} INFO - DAG(s) dict_keys(['example_nested_branch_dag']) retrieved from /home/airflow/.local/lib/python3.7/site-packages/airflow/example_dags/example_nested_branch_dag.py
[2023-06-03T20:31:21.058+0000] {logging_mixin.py:149} INFO - [2023-06-03T20:31:21.058+0000] {dag.py:2726} INFO - Sync 1 DAGs
[2023-06-03T20:31:21.076+0000] {logging_mixin.py:149} INFO - [2023-06-03T20:31:21.076+0000] {dag.py:3490} INFO - Setting next_dagrun for example_nested_branch_dag to 2023-06-02T00:00:00+00:00, run_after=2023-06-03T00:00:00+00:00
[2023-06-03T20:31:21.092+0000] {processor.py:179} INFO - Processing /home/airflow/.local/lib/python3.7/site-packages/airflow/example_dags/example_nested_branch_dag.py took 0.066 seconds
[2023-06-03T20:31:51.171+0000] {processor.py:157} INFO - Started process (PID=3382) to work on /home/airflow/.local/lib/python3.7/site-packages/airflow/example_dags/example_nested_branch_dag.py
[2023-06-03T20:31:51.172+0000] {processor.py:826} INFO - Processing file /home/airflow/.local/lib/python3.7/site-packages/airflow/example_dags/example_nested_branch_dag.py for tasks to queue
[2023-06-03T20:31:51.173+0000] {logging_mixin.py:149} INFO - [2023-06-03T20:31:51.173+0000] {dagbag.py:541} INFO - Filling up the DagBag from /home/airflow/.local/lib/python3.7/site-packages/airflow/example_dags/example_nested_branch_dag.py
[2023-06-03T20:31:51.181+0000] {processor.py:836} INFO - DAG(s) dict_keys(['example_nested_branch_dag']) retrieved from /home/airflow/.local/lib/python3.7/site-packages/airflow/example_dags/example_nested_branch_dag.py
[2023-06-03T20:31:51.199+0000] {logging_mixin.py:149} INFO - [2023-06-03T20:31:51.199+0000] {dag.py:2726} INFO - Sync 1 DAGs
[2023-06-03T20:31:51.217+0000] {logging_mixin.py:149} INFO - [2023-06-03T20:31:51.217+0000] {dag.py:3490} INFO - Setting next_dagrun for example_nested_branch_dag to 2023-06-02T00:00:00+00:00, run_after=2023-06-03T00:00:00+00:00
[2023-06-03T20:31:51.234+0000] {processor.py:179} INFO - Processing /home/airflow/.local/lib/python3.7/site-packages/airflow/example_dags/example_nested_branch_dag.py took 0.066 seconds
[2023-06-03T20:32:21.445+0000] {processor.py:157} INFO - Started process (PID=3774) to work on /home/airflow/.local/lib/python3.7/site-packages/airflow/example_dags/example_nested_branch_dag.py
[2023-06-03T20:32:21.446+0000] {processor.py:826} INFO - Processing file /home/airflow/.local/lib/python3.7/site-packages/airflow/example_dags/example_nested_branch_dag.py for tasks to queue
[2023-06-03T20:32:21.447+0000] {logging_mixin.py:149} INFO - [2023-06-03T20:32:21.447+0000] {dagbag.py:541} INFO - Filling up the DagBag from /home/airflow/.local/lib/python3.7/site-packages/airflow/example_dags/example_nested_branch_dag.py
[2023-06-03T20:32:21.454+0000] {processor.py:836} INFO - DAG(s) dict_keys(['example_nested_branch_dag']) retrieved from /home/airflow/.local/lib/python3.7/site-packages/airflow/example_dags/example_nested_branch_dag.py
[2023-06-03T20:32:21.472+0000] {logging_mixin.py:149} INFO - [2023-06-03T20:32:21.472+0000] {dag.py:2726} INFO - Sync 1 DAGs
[2023-06-03T20:32:21.489+0000] {logging_mixin.py:149} INFO - [2023-06-03T20:32:21.489+0000] {dag.py:3490} INFO - Setting next_dagrun for example_nested_branch_dag to 2023-06-02T00:00:00+00:00, run_after=2023-06-03T00:00:00+00:00
[2023-06-03T20:32:21.505+0000] {processor.py:179} INFO - Processing /home/airflow/.local/lib/python3.7/site-packages/airflow/example_dags/example_nested_branch_dag.py took 0.062 seconds
[2023-06-03T20:32:52.470+0000] {processor.py:157} INFO - Started process (PID=4024) to work on /home/airflow/.local/lib/python3.7/site-packages/airflow/example_dags/example_nested_branch_dag.py
[2023-06-03T20:32:52.471+0000] {processor.py:826} INFO - Processing file /home/airflow/.local/lib/python3.7/site-packages/airflow/example_dags/example_nested_branch_dag.py for tasks to queue
[2023-06-03T20:32:52.473+0000] {logging_mixin.py:149} INFO - [2023-06-03T20:32:52.472+0000] {dagbag.py:541} INFO - Filling up the DagBag from /home/airflow/.local/lib/python3.7/site-packages/airflow/example_dags/example_nested_branch_dag.py
[2023-06-03T20:32:52.480+0000] {processor.py:836} INFO - DAG(s) dict_keys(['example_nested_branch_dag']) retrieved from /home/airflow/.local/lib/python3.7/site-packages/airflow/example_dags/example_nested_branch_dag.py
[2023-06-03T20:32:52.501+0000] {logging_mixin.py:149} INFO - [2023-06-03T20:32:52.500+0000] {dag.py:2726} INFO - Sync 1 DAGs
[2023-06-03T20:32:52.522+0000] {logging_mixin.py:149} INFO - [2023-06-03T20:32:52.522+0000] {dag.py:3490} INFO - Setting next_dagrun for example_nested_branch_dag to 2023-06-02T00:00:00+00:00, run_after=2023-06-03T00:00:00+00:00
[2023-06-03T20:32:52.541+0000] {processor.py:179} INFO - Processing /home/airflow/.local/lib/python3.7/site-packages/airflow/example_dags/example_nested_branch_dag.py took 0.073 seconds
[2023-06-03T20:33:23.102+0000] {processor.py:157} INFO - Started process (PID=4276) to work on /home/airflow/.local/lib/python3.7/site-packages/airflow/example_dags/example_nested_branch_dag.py
[2023-06-03T20:33:23.103+0000] {processor.py:826} INFO - Processing file /home/airflow/.local/lib/python3.7/site-packages/airflow/example_dags/example_nested_branch_dag.py for tasks to queue
[2023-06-03T20:33:23.104+0000] {logging_mixin.py:149} INFO - [2023-06-03T20:33:23.104+0000] {dagbag.py:541} INFO - Filling up the DagBag from /home/airflow/.local/lib/python3.7/site-packages/airflow/example_dags/example_nested_branch_dag.py
[2023-06-03T20:33:23.111+0000] {processor.py:836} INFO - DAG(s) dict_keys(['example_nested_branch_dag']) retrieved from /home/airflow/.local/lib/python3.7/site-packages/airflow/example_dags/example_nested_branch_dag.py
[2023-06-03T20:33:23.131+0000] {logging_mixin.py:149} INFO - [2023-06-03T20:33:23.131+0000] {dag.py:2726} INFO - Sync 1 DAGs
[2023-06-03T20:33:23.150+0000] {logging_mixin.py:149} INFO - [2023-06-03T20:33:23.150+0000] {dag.py:3490} INFO - Setting next_dagrun for example_nested_branch_dag to 2023-06-02T00:00:00+00:00, run_after=2023-06-03T00:00:00+00:00
[2023-06-03T20:33:23.192+0000] {processor.py:179} INFO - Processing /home/airflow/.local/lib/python3.7/site-packages/airflow/example_dags/example_nested_branch_dag.py took 0.092 seconds
[2023-06-03T20:33:53.765+0000] {processor.py:157} INFO - Started process (PID=4528) to work on /home/airflow/.local/lib/python3.7/site-packages/airflow/example_dags/example_nested_branch_dag.py
[2023-06-03T20:33:53.767+0000] {processor.py:826} INFO - Processing file /home/airflow/.local/lib/python3.7/site-packages/airflow/example_dags/example_nested_branch_dag.py for tasks to queue
[2023-06-03T20:33:53.767+0000] {logging_mixin.py:149} INFO - [2023-06-03T20:33:53.767+0000] {dagbag.py:541} INFO - Filling up the DagBag from /home/airflow/.local/lib/python3.7/site-packages/airflow/example_dags/example_nested_branch_dag.py
[2023-06-03T20:33:53.774+0000] {processor.py:836} INFO - DAG(s) dict_keys(['example_nested_branch_dag']) retrieved from /home/airflow/.local/lib/python3.7/site-packages/airflow/example_dags/example_nested_branch_dag.py
[2023-06-03T20:33:53.790+0000] {logging_mixin.py:149} INFO - [2023-06-03T20:33:53.790+0000] {dag.py:2726} INFO - Sync 1 DAGs
[2023-06-03T20:33:53.809+0000] {logging_mixin.py:149} INFO - [2023-06-03T20:33:53.809+0000] {dag.py:3490} INFO - Setting next_dagrun for example_nested_branch_dag to 2023-06-02T00:00:00+00:00, run_after=2023-06-03T00:00:00+00:00
[2023-06-03T20:33:53.824+0000] {processor.py:179} INFO - Processing /home/airflow/.local/lib/python3.7/site-packages/airflow/example_dags/example_nested_branch_dag.py took 0.062 seconds
[2023-06-03T20:34:24.229+0000] {processor.py:157} INFO - Started process (PID=4780) to work on /home/airflow/.local/lib/python3.7/site-packages/airflow/example_dags/example_nested_branch_dag.py
[2023-06-03T20:34:24.231+0000] {processor.py:826} INFO - Processing file /home/airflow/.local/lib/python3.7/site-packages/airflow/example_dags/example_nested_branch_dag.py for tasks to queue
[2023-06-03T20:34:24.233+0000] {logging_mixin.py:149} INFO - [2023-06-03T20:34:24.233+0000] {dagbag.py:541} INFO - Filling up the DagBag from /home/airflow/.local/lib/python3.7/site-packages/airflow/example_dags/example_nested_branch_dag.py
[2023-06-03T20:34:24.241+0000] {processor.py:836} INFO - DAG(s) dict_keys(['example_nested_branch_dag']) retrieved from /home/airflow/.local/lib/python3.7/site-packages/airflow/example_dags/example_nested_branch_dag.py
[2023-06-03T20:34:24.260+0000] {logging_mixin.py:149} INFO - [2023-06-03T20:34:24.260+0000] {dag.py:2726} INFO - Sync 1 DAGs
[2023-06-03T20:34:24.280+0000] {logging_mixin.py:149} INFO - [2023-06-03T20:34:24.280+0000] {dag.py:3490} INFO - Setting next_dagrun for example_nested_branch_dag to 2023-06-02T00:00:00+00:00, run_after=2023-06-03T00:00:00+00:00
[2023-06-03T20:34:24.297+0000] {processor.py:179} INFO - Processing /home/airflow/.local/lib/python3.7/site-packages/airflow/example_dags/example_nested_branch_dag.py took 0.070 seconds
[2023-06-03T20:34:54.645+0000] {processor.py:157} INFO - Started process (PID=5032) to work on /home/airflow/.local/lib/python3.7/site-packages/airflow/example_dags/example_nested_branch_dag.py
[2023-06-03T20:34:54.646+0000] {processor.py:826} INFO - Processing file /home/airflow/.local/lib/python3.7/site-packages/airflow/example_dags/example_nested_branch_dag.py for tasks to queue
[2023-06-03T20:34:54.648+0000] {logging_mixin.py:149} INFO - [2023-06-03T20:34:54.648+0000] {dagbag.py:541} INFO - Filling up the DagBag from /home/airflow/.local/lib/python3.7/site-packages/airflow/example_dags/example_nested_branch_dag.py
[2023-06-03T20:34:54.661+0000] {processor.py:836} INFO - DAG(s) dict_keys(['example_nested_branch_dag']) retrieved from /home/airflow/.local/lib/python3.7/site-packages/airflow/example_dags/example_nested_branch_dag.py
[2023-06-03T20:34:54.681+0000] {logging_mixin.py:149} INFO - [2023-06-03T20:34:54.681+0000] {dag.py:2726} INFO - Sync 1 DAGs
[2023-06-03T20:34:54.701+0000] {logging_mixin.py:149} INFO - [2023-06-03T20:34:54.701+0000] {dag.py:3490} INFO - Setting next_dagrun for example_nested_branch_dag to 2023-06-02T00:00:00+00:00, run_after=2023-06-03T00:00:00+00:00
[2023-06-03T20:34:54.718+0000] {processor.py:179} INFO - Processing /home/airflow/.local/lib/python3.7/site-packages/airflow/example_dags/example_nested_branch_dag.py took 0.076 seconds
[2023-06-03T20:35:25.368+0000] {processor.py:157} INFO - Started process (PID=5286) to work on /home/airflow/.local/lib/python3.7/site-packages/airflow/example_dags/example_nested_branch_dag.py
[2023-06-03T20:35:25.369+0000] {processor.py:826} INFO - Processing file /home/airflow/.local/lib/python3.7/site-packages/airflow/example_dags/example_nested_branch_dag.py for tasks to queue
[2023-06-03T20:35:25.370+0000] {logging_mixin.py:149} INFO - [2023-06-03T20:35:25.370+0000] {dagbag.py:541} INFO - Filling up the DagBag from /home/airflow/.local/lib/python3.7/site-packages/airflow/example_dags/example_nested_branch_dag.py
[2023-06-03T20:35:25.376+0000] {processor.py:836} INFO - DAG(s) dict_keys(['example_nested_branch_dag']) retrieved from /home/airflow/.local/lib/python3.7/site-packages/airflow/example_dags/example_nested_branch_dag.py
[2023-06-03T20:35:25.392+0000] {logging_mixin.py:149} INFO - [2023-06-03T20:35:25.392+0000] {dag.py:2726} INFO - Sync 1 DAGs
[2023-06-03T20:35:25.410+0000] {logging_mixin.py:149} INFO - [2023-06-03T20:35:25.410+0000] {dag.py:3490} INFO - Setting next_dagrun for example_nested_branch_dag to 2023-06-02T00:00:00+00:00, run_after=2023-06-03T00:00:00+00:00
[2023-06-03T20:35:25.426+0000] {processor.py:179} INFO - Processing /home/airflow/.local/lib/python3.7/site-packages/airflow/example_dags/example_nested_branch_dag.py took 0.060 seconds
[2023-06-03T20:35:56.033+0000] {processor.py:157} INFO - Started process (PID=5536) to work on /home/airflow/.local/lib/python3.7/site-packages/airflow/example_dags/example_nested_branch_dag.py
[2023-06-03T20:35:56.042+0000] {processor.py:826} INFO - Processing file /home/airflow/.local/lib/python3.7/site-packages/airflow/example_dags/example_nested_branch_dag.py for tasks to queue
[2023-06-03T20:35:56.051+0000] {logging_mixin.py:149} INFO - [2023-06-03T20:35:56.051+0000] {dagbag.py:541} INFO - Filling up the DagBag from /home/airflow/.local/lib/python3.7/site-packages/airflow/example_dags/example_nested_branch_dag.py
[2023-06-03T20:35:56.060+0000] {processor.py:836} INFO - DAG(s) dict_keys(['example_nested_branch_dag']) retrieved from /home/airflow/.local/lib/python3.7/site-packages/airflow/example_dags/example_nested_branch_dag.py
[2023-06-03T20:35:56.078+0000] {logging_mixin.py:149} INFO - [2023-06-03T20:35:56.078+0000] {dag.py:2726} INFO - Sync 1 DAGs
[2023-06-03T20:35:56.098+0000] {logging_mixin.py:149} INFO - [2023-06-03T20:35:56.098+0000] {dag.py:3490} INFO - Setting next_dagrun for example_nested_branch_dag to 2023-06-02T00:00:00+00:00, run_after=2023-06-03T00:00:00+00:00
[2023-06-03T20:35:56.114+0000] {processor.py:179} INFO - Processing /home/airflow/.local/lib/python3.7/site-packages/airflow/example_dags/example_nested_branch_dag.py took 0.083 seconds
[2023-06-03T20:36:26.570+0000] {processor.py:157} INFO - Started process (PID=5788) to work on /home/airflow/.local/lib/python3.7/site-packages/airflow/example_dags/example_nested_branch_dag.py
[2023-06-03T20:36:26.572+0000] {processor.py:826} INFO - Processing file /home/airflow/.local/lib/python3.7/site-packages/airflow/example_dags/example_nested_branch_dag.py for tasks to queue
[2023-06-03T20:36:26.574+0000] {logging_mixin.py:149} INFO - [2023-06-03T20:36:26.574+0000] {dagbag.py:541} INFO - Filling up the DagBag from /home/airflow/.local/lib/python3.7/site-packages/airflow/example_dags/example_nested_branch_dag.py
[2023-06-03T20:36:26.583+0000] {processor.py:836} INFO - DAG(s) dict_keys(['example_nested_branch_dag']) retrieved from /home/airflow/.local/lib/python3.7/site-packages/airflow/example_dags/example_nested_branch_dag.py
[2023-06-03T20:36:26.603+0000] {logging_mixin.py:149} INFO - [2023-06-03T20:36:26.603+0000] {dag.py:2726} INFO - Sync 1 DAGs
[2023-06-03T20:36:26.623+0000] {logging_mixin.py:149} INFO - [2023-06-03T20:36:26.623+0000] {dag.py:3490} INFO - Setting next_dagrun for example_nested_branch_dag to 2023-06-02T00:00:00+00:00, run_after=2023-06-03T00:00:00+00:00
[2023-06-03T20:36:26.640+0000] {processor.py:179} INFO - Processing /home/airflow/.local/lib/python3.7/site-packages/airflow/example_dags/example_nested_branch_dag.py took 0.072 seconds
[2023-06-03T20:36:57.218+0000] {processor.py:157} INFO - Started process (PID=6040) to work on /home/airflow/.local/lib/python3.7/site-packages/airflow/example_dags/example_nested_branch_dag.py
[2023-06-03T20:36:57.219+0000] {processor.py:826} INFO - Processing file /home/airflow/.local/lib/python3.7/site-packages/airflow/example_dags/example_nested_branch_dag.py for tasks to queue
[2023-06-03T20:36:57.220+0000] {logging_mixin.py:149} INFO - [2023-06-03T20:36:57.220+0000] {dagbag.py:541} INFO - Filling up the DagBag from /home/airflow/.local/lib/python3.7/site-packages/airflow/example_dags/example_nested_branch_dag.py
[2023-06-03T20:36:57.227+0000] {processor.py:836} INFO - DAG(s) dict_keys(['example_nested_branch_dag']) retrieved from /home/airflow/.local/lib/python3.7/site-packages/airflow/example_dags/example_nested_branch_dag.py
[2023-06-03T20:36:57.245+0000] {logging_mixin.py:149} INFO - [2023-06-03T20:36:57.245+0000] {dag.py:2726} INFO - Sync 1 DAGs
[2023-06-03T20:36:57.263+0000] {logging_mixin.py:149} INFO - [2023-06-03T20:36:57.263+0000] {dag.py:3490} INFO - Setting next_dagrun for example_nested_branch_dag to 2023-06-02T00:00:00+00:00, run_after=2023-06-03T00:00:00+00:00
[2023-06-03T20:36:57.279+0000] {processor.py:179} INFO - Processing /home/airflow/.local/lib/python3.7/site-packages/airflow/example_dags/example_nested_branch_dag.py took 0.063 seconds
[2023-06-03T20:37:27.918+0000] {processor.py:157} INFO - Started process (PID=6292) to work on /home/airflow/.local/lib/python3.7/site-packages/airflow/example_dags/example_nested_branch_dag.py
[2023-06-03T20:37:27.919+0000] {processor.py:826} INFO - Processing file /home/airflow/.local/lib/python3.7/site-packages/airflow/example_dags/example_nested_branch_dag.py for tasks to queue
[2023-06-03T20:37:27.920+0000] {logging_mixin.py:149} INFO - [2023-06-03T20:37:27.920+0000] {dagbag.py:541} INFO - Filling up the DagBag from /home/airflow/.local/lib/python3.7/site-packages/airflow/example_dags/example_nested_branch_dag.py
[2023-06-03T20:37:27.928+0000] {processor.py:836} INFO - DAG(s) dict_keys(['example_nested_branch_dag']) retrieved from /home/airflow/.local/lib/python3.7/site-packages/airflow/example_dags/example_nested_branch_dag.py
[2023-06-03T20:37:27.948+0000] {logging_mixin.py:149} INFO - [2023-06-03T20:37:27.948+0000] {dag.py:2726} INFO - Sync 1 DAGs
[2023-06-03T20:37:27.968+0000] {logging_mixin.py:149} INFO - [2023-06-03T20:37:27.968+0000] {dag.py:3490} INFO - Setting next_dagrun for example_nested_branch_dag to 2023-06-02T00:00:00+00:00, run_after=2023-06-03T00:00:00+00:00
[2023-06-03T20:37:27.984+0000] {processor.py:179} INFO - Processing /home/airflow/.local/lib/python3.7/site-packages/airflow/example_dags/example_nested_branch_dag.py took 0.068 seconds
[2023-06-03T20:37:58.699+0000] {processor.py:157} INFO - Started process (PID=6544) to work on /home/airflow/.local/lib/python3.7/site-packages/airflow/example_dags/example_nested_branch_dag.py
[2023-06-03T20:37:58.700+0000] {processor.py:826} INFO - Processing file /home/airflow/.local/lib/python3.7/site-packages/airflow/example_dags/example_nested_branch_dag.py for tasks to queue
[2023-06-03T20:37:58.701+0000] {logging_mixin.py:149} INFO - [2023-06-03T20:37:58.701+0000] {dagbag.py:541} INFO - Filling up the DagBag from /home/airflow/.local/lib/python3.7/site-packages/airflow/example_dags/example_nested_branch_dag.py
[2023-06-03T20:37:58.708+0000] {processor.py:836} INFO - DAG(s) dict_keys(['example_nested_branch_dag']) retrieved from /home/airflow/.local/lib/python3.7/site-packages/airflow/example_dags/example_nested_branch_dag.py
[2023-06-03T20:37:58.725+0000] {logging_mixin.py:149} INFO - [2023-06-03T20:37:58.725+0000] {dag.py:2726} INFO - Sync 1 DAGs
[2023-06-03T20:37:58.744+0000] {logging_mixin.py:149} INFO - [2023-06-03T20:37:58.743+0000] {dag.py:3490} INFO - Setting next_dagrun for example_nested_branch_dag to 2023-06-02T00:00:00+00:00, run_after=2023-06-03T00:00:00+00:00
[2023-06-03T20:37:58.758+0000] {processor.py:179} INFO - Processing /home/airflow/.local/lib/python3.7/site-packages/airflow/example_dags/example_nested_branch_dag.py took 0.062 seconds
[2023-06-03T20:38:28.917+0000] {processor.py:157} INFO - Started process (PID=6796) to work on /home/airflow/.local/lib/python3.7/site-packages/airflow/example_dags/example_nested_branch_dag.py
[2023-06-03T20:38:28.918+0000] {processor.py:826} INFO - Processing file /home/airflow/.local/lib/python3.7/site-packages/airflow/example_dags/example_nested_branch_dag.py for tasks to queue
[2023-06-03T20:38:28.919+0000] {logging_mixin.py:149} INFO - [2023-06-03T20:38:28.919+0000] {dagbag.py:541} INFO - Filling up the DagBag from /home/airflow/.local/lib/python3.7/site-packages/airflow/example_dags/example_nested_branch_dag.py
[2023-06-03T20:38:28.927+0000] {processor.py:836} INFO - DAG(s) dict_keys(['example_nested_branch_dag']) retrieved from /home/airflow/.local/lib/python3.7/site-packages/airflow/example_dags/example_nested_branch_dag.py
[2023-06-03T20:38:28.944+0000] {logging_mixin.py:149} INFO - [2023-06-03T20:38:28.944+0000] {dag.py:2726} INFO - Sync 1 DAGs
[2023-06-03T20:38:28.961+0000] {logging_mixin.py:149} INFO - [2023-06-03T20:38:28.961+0000] {dag.py:3490} INFO - Setting next_dagrun for example_nested_branch_dag to 2023-06-02T00:00:00+00:00, run_after=2023-06-03T00:00:00+00:00
[2023-06-03T20:38:28.976+0000] {processor.py:179} INFO - Processing /home/airflow/.local/lib/python3.7/site-packages/airflow/example_dags/example_nested_branch_dag.py took 0.061 seconds
[2023-06-03T20:38:59.250+0000] {processor.py:157} INFO - Started process (PID=7048) to work on /home/airflow/.local/lib/python3.7/site-packages/airflow/example_dags/example_nested_branch_dag.py
[2023-06-03T20:38:59.251+0000] {processor.py:826} INFO - Processing file /home/airflow/.local/lib/python3.7/site-packages/airflow/example_dags/example_nested_branch_dag.py for tasks to queue
[2023-06-03T20:38:59.252+0000] {logging_mixin.py:149} INFO - [2023-06-03T20:38:59.251+0000] {dagbag.py:541} INFO - Filling up the DagBag from /home/airflow/.local/lib/python3.7/site-packages/airflow/example_dags/example_nested_branch_dag.py
[2023-06-03T20:38:59.259+0000] {processor.py:836} INFO - DAG(s) dict_keys(['example_nested_branch_dag']) retrieved from /home/airflow/.local/lib/python3.7/site-packages/airflow/example_dags/example_nested_branch_dag.py
[2023-06-03T20:38:59.277+0000] {logging_mixin.py:149} INFO - [2023-06-03T20:38:59.277+0000] {dag.py:2726} INFO - Sync 1 DAGs
[2023-06-03T20:38:59.295+0000] {logging_mixin.py:149} INFO - [2023-06-03T20:38:59.295+0000] {dag.py:3490} INFO - Setting next_dagrun for example_nested_branch_dag to 2023-06-02T00:00:00+00:00, run_after=2023-06-03T00:00:00+00:00
[2023-06-03T20:38:59.311+0000] {processor.py:179} INFO - Processing /home/airflow/.local/lib/python3.7/site-packages/airflow/example_dags/example_nested_branch_dag.py took 0.064 seconds
[2023-06-03T20:39:29.491+0000] {processor.py:157} INFO - Started process (PID=7300) to work on /home/airflow/.local/lib/python3.7/site-packages/airflow/example_dags/example_nested_branch_dag.py
[2023-06-03T20:39:29.493+0000] {processor.py:826} INFO - Processing file /home/airflow/.local/lib/python3.7/site-packages/airflow/example_dags/example_nested_branch_dag.py for tasks to queue
[2023-06-03T20:39:29.494+0000] {logging_mixin.py:149} INFO - [2023-06-03T20:39:29.493+0000] {dagbag.py:541} INFO - Filling up the DagBag from /home/airflow/.local/lib/python3.7/site-packages/airflow/example_dags/example_nested_branch_dag.py
[2023-06-03T20:39:29.501+0000] {processor.py:836} INFO - DAG(s) dict_keys(['example_nested_branch_dag']) retrieved from /home/airflow/.local/lib/python3.7/site-packages/airflow/example_dags/example_nested_branch_dag.py
[2023-06-03T20:39:29.520+0000] {logging_mixin.py:149} INFO - [2023-06-03T20:39:29.520+0000] {dag.py:2726} INFO - Sync 1 DAGs
[2023-06-03T20:39:29.540+0000] {logging_mixin.py:149} INFO - [2023-06-03T20:39:29.540+0000] {dag.py:3490} INFO - Setting next_dagrun for example_nested_branch_dag to 2023-06-02T00:00:00+00:00, run_after=2023-06-03T00:00:00+00:00
[2023-06-03T20:39:29.558+0000] {processor.py:179} INFO - Processing /home/airflow/.local/lib/python3.7/site-packages/airflow/example_dags/example_nested_branch_dag.py took 0.069 seconds
[2023-06-03T20:39:59.962+0000] {processor.py:157} INFO - Started process (PID=7552) to work on /home/airflow/.local/lib/python3.7/site-packages/airflow/example_dags/example_nested_branch_dag.py
[2023-06-03T20:39:59.964+0000] {processor.py:826} INFO - Processing file /home/airflow/.local/lib/python3.7/site-packages/airflow/example_dags/example_nested_branch_dag.py for tasks to queue
[2023-06-03T20:39:59.965+0000] {logging_mixin.py:149} INFO - [2023-06-03T20:39:59.965+0000] {dagbag.py:541} INFO - Filling up the DagBag from /home/airflow/.local/lib/python3.7/site-packages/airflow/example_dags/example_nested_branch_dag.py
[2023-06-03T20:39:59.973+0000] {processor.py:836} INFO - DAG(s) dict_keys(['example_nested_branch_dag']) retrieved from /home/airflow/.local/lib/python3.7/site-packages/airflow/example_dags/example_nested_branch_dag.py
[2023-06-03T20:39:59.990+0000] {logging_mixin.py:149} INFO - [2023-06-03T20:39:59.990+0000] {dag.py:2726} INFO - Sync 1 DAGs
[2023-06-03T20:40:00.009+0000] {logging_mixin.py:149} INFO - [2023-06-03T20:40:00.009+0000] {dag.py:3490} INFO - Setting next_dagrun for example_nested_branch_dag to 2023-06-02T00:00:00+00:00, run_after=2023-06-03T00:00:00+00:00
[2023-06-03T20:40:00.032+0000] {processor.py:179} INFO - Processing /home/airflow/.local/lib/python3.7/site-packages/airflow/example_dags/example_nested_branch_dag.py took 0.073 seconds
[2023-06-03T20:40:30.121+0000] {processor.py:157} INFO - Started process (PID=7804) to work on /home/airflow/.local/lib/python3.7/site-packages/airflow/example_dags/example_nested_branch_dag.py
[2023-06-03T20:40:30.122+0000] {processor.py:826} INFO - Processing file /home/airflow/.local/lib/python3.7/site-packages/airflow/example_dags/example_nested_branch_dag.py for tasks to queue
[2023-06-03T20:40:30.123+0000] {logging_mixin.py:149} INFO - [2023-06-03T20:40:30.123+0000] {dagbag.py:541} INFO - Filling up the DagBag from /home/airflow/.local/lib/python3.7/site-packages/airflow/example_dags/example_nested_branch_dag.py
[2023-06-03T20:40:30.131+0000] {processor.py:836} INFO - DAG(s) dict_keys(['example_nested_branch_dag']) retrieved from /home/airflow/.local/lib/python3.7/site-packages/airflow/example_dags/example_nested_branch_dag.py
[2023-06-03T20:40:30.151+0000] {logging_mixin.py:149} INFO - [2023-06-03T20:40:30.151+0000] {dag.py:2726} INFO - Sync 1 DAGs
[2023-06-03T20:40:30.169+0000] {logging_mixin.py:149} INFO - [2023-06-03T20:40:30.169+0000] {dag.py:3490} INFO - Setting next_dagrun for example_nested_branch_dag to 2023-06-02T00:00:00+00:00, run_after=2023-06-03T00:00:00+00:00
[2023-06-03T20:40:30.185+0000] {processor.py:179} INFO - Processing /home/airflow/.local/lib/python3.7/site-packages/airflow/example_dags/example_nested_branch_dag.py took 0.068 seconds
[2023-06-03T20:41:01.105+0000] {processor.py:157} INFO - Started process (PID=8056) to work on /home/airflow/.local/lib/python3.7/site-packages/airflow/example_dags/example_nested_branch_dag.py
[2023-06-03T20:41:01.109+0000] {processor.py:826} INFO - Processing file /home/airflow/.local/lib/python3.7/site-packages/airflow/example_dags/example_nested_branch_dag.py for tasks to queue
[2023-06-03T20:41:01.111+0000] {logging_mixin.py:149} INFO - [2023-06-03T20:41:01.111+0000] {dagbag.py:541} INFO - Filling up the DagBag from /home/airflow/.local/lib/python3.7/site-packages/airflow/example_dags/example_nested_branch_dag.py
[2023-06-03T20:41:01.118+0000] {processor.py:836} INFO - DAG(s) dict_keys(['example_nested_branch_dag']) retrieved from /home/airflow/.local/lib/python3.7/site-packages/airflow/example_dags/example_nested_branch_dag.py
[2023-06-03T20:41:01.137+0000] {logging_mixin.py:149} INFO - [2023-06-03T20:41:01.137+0000] {dag.py:2726} INFO - Sync 1 DAGs
[2023-06-03T20:41:01.156+0000] {logging_mixin.py:149} INFO - [2023-06-03T20:41:01.156+0000] {dag.py:3490} INFO - Setting next_dagrun for example_nested_branch_dag to 2023-06-02T00:00:00+00:00, run_after=2023-06-03T00:00:00+00:00
[2023-06-03T20:41:01.171+0000] {processor.py:179} INFO - Processing /home/airflow/.local/lib/python3.7/site-packages/airflow/example_dags/example_nested_branch_dag.py took 0.069 seconds
[2023-06-03T20:41:31.441+0000] {processor.py:157} INFO - Started process (PID=8308) to work on /home/airflow/.local/lib/python3.7/site-packages/airflow/example_dags/example_nested_branch_dag.py
[2023-06-03T20:41:31.443+0000] {processor.py:826} INFO - Processing file /home/airflow/.local/lib/python3.7/site-packages/airflow/example_dags/example_nested_branch_dag.py for tasks to queue
[2023-06-03T20:41:31.444+0000] {logging_mixin.py:149} INFO - [2023-06-03T20:41:31.443+0000] {dagbag.py:541} INFO - Filling up the DagBag from /home/airflow/.local/lib/python3.7/site-packages/airflow/example_dags/example_nested_branch_dag.py
[2023-06-03T20:41:31.451+0000] {processor.py:836} INFO - DAG(s) dict_keys(['example_nested_branch_dag']) retrieved from /home/airflow/.local/lib/python3.7/site-packages/airflow/example_dags/example_nested_branch_dag.py
[2023-06-03T20:41:31.471+0000] {logging_mixin.py:149} INFO - [2023-06-03T20:41:31.471+0000] {dag.py:2726} INFO - Sync 1 DAGs
[2023-06-03T20:41:31.489+0000] {logging_mixin.py:149} INFO - [2023-06-03T20:41:31.489+0000] {dag.py:3490} INFO - Setting next_dagrun for example_nested_branch_dag to 2023-06-02T00:00:00+00:00, run_after=2023-06-03T00:00:00+00:00
[2023-06-03T20:41:31.505+0000] {processor.py:179} INFO - Processing /home/airflow/.local/lib/python3.7/site-packages/airflow/example_dags/example_nested_branch_dag.py took 0.066 seconds
[2023-06-03T20:42:02.086+0000] {processor.py:157} INFO - Started process (PID=8562) to work on /home/airflow/.local/lib/python3.7/site-packages/airflow/example_dags/example_nested_branch_dag.py
[2023-06-03T20:42:02.087+0000] {processor.py:826} INFO - Processing file /home/airflow/.local/lib/python3.7/site-packages/airflow/example_dags/example_nested_branch_dag.py for tasks to queue
[2023-06-03T20:42:02.088+0000] {logging_mixin.py:149} INFO - [2023-06-03T20:42:02.088+0000] {dagbag.py:541} INFO - Filling up the DagBag from /home/airflow/.local/lib/python3.7/site-packages/airflow/example_dags/example_nested_branch_dag.py
[2023-06-03T20:42:02.096+0000] {processor.py:836} INFO - DAG(s) dict_keys(['example_nested_branch_dag']) retrieved from /home/airflow/.local/lib/python3.7/site-packages/airflow/example_dags/example_nested_branch_dag.py
[2023-06-03T20:42:02.115+0000] {logging_mixin.py:149} INFO - [2023-06-03T20:42:02.115+0000] {dag.py:2726} INFO - Sync 1 DAGs
[2023-06-03T20:42:02.133+0000] {logging_mixin.py:149} INFO - [2023-06-03T20:42:02.133+0000] {dag.py:3490} INFO - Setting next_dagrun for example_nested_branch_dag to 2023-06-02T00:00:00+00:00, run_after=2023-06-03T00:00:00+00:00
[2023-06-03T20:42:02.150+0000] {processor.py:179} INFO - Processing /home/airflow/.local/lib/python3.7/site-packages/airflow/example_dags/example_nested_branch_dag.py took 0.067 seconds
[2023-06-03T20:42:32.882+0000] {processor.py:157} INFO - Started process (PID=8812) to work on /home/airflow/.local/lib/python3.7/site-packages/airflow/example_dags/example_nested_branch_dag.py
[2023-06-03T20:42:32.883+0000] {processor.py:826} INFO - Processing file /home/airflow/.local/lib/python3.7/site-packages/airflow/example_dags/example_nested_branch_dag.py for tasks to queue
[2023-06-03T20:42:32.884+0000] {logging_mixin.py:149} INFO - [2023-06-03T20:42:32.884+0000] {dagbag.py:541} INFO - Filling up the DagBag from /home/airflow/.local/lib/python3.7/site-packages/airflow/example_dags/example_nested_branch_dag.py
[2023-06-03T20:42:32.892+0000] {processor.py:836} INFO - DAG(s) dict_keys(['example_nested_branch_dag']) retrieved from /home/airflow/.local/lib/python3.7/site-packages/airflow/example_dags/example_nested_branch_dag.py
[2023-06-03T20:42:32.911+0000] {logging_mixin.py:149} INFO - [2023-06-03T20:42:32.911+0000] {dag.py:2726} INFO - Sync 1 DAGs
[2023-06-03T20:42:32.934+0000] {logging_mixin.py:149} INFO - [2023-06-03T20:42:32.934+0000] {dag.py:3490} INFO - Setting next_dagrun for example_nested_branch_dag to 2023-06-02T00:00:00+00:00, run_after=2023-06-03T00:00:00+00:00
[2023-06-03T20:42:32.950+0000] {processor.py:179} INFO - Processing /home/airflow/.local/lib/python3.7/site-packages/airflow/example_dags/example_nested_branch_dag.py took 0.070 seconds
[2023-06-03T20:43:03.110+0000] {processor.py:157} INFO - Started process (PID=9064) to work on /home/airflow/.local/lib/python3.7/site-packages/airflow/example_dags/example_nested_branch_dag.py
[2023-06-03T20:43:03.111+0000] {processor.py:826} INFO - Processing file /home/airflow/.local/lib/python3.7/site-packages/airflow/example_dags/example_nested_branch_dag.py for tasks to queue
[2023-06-03T20:43:03.112+0000] {logging_mixin.py:149} INFO - [2023-06-03T20:43:03.112+0000] {dagbag.py:541} INFO - Filling up the DagBag from /home/airflow/.local/lib/python3.7/site-packages/airflow/example_dags/example_nested_branch_dag.py
[2023-06-03T20:43:03.127+0000] {processor.py:836} INFO - DAG(s) dict_keys(['example_nested_branch_dag']) retrieved from /home/airflow/.local/lib/python3.7/site-packages/airflow/example_dags/example_nested_branch_dag.py
[2023-06-03T20:43:03.151+0000] {logging_mixin.py:149} INFO - [2023-06-03T20:43:03.151+0000] {dag.py:2726} INFO - Sync 1 DAGs
[2023-06-03T20:43:03.171+0000] {logging_mixin.py:149} INFO - [2023-06-03T20:43:03.171+0000] {dag.py:3490} INFO - Setting next_dagrun for example_nested_branch_dag to 2023-06-02T00:00:00+00:00, run_after=2023-06-03T00:00:00+00:00
[2023-06-03T20:43:03.189+0000] {processor.py:179} INFO - Processing /home/airflow/.local/lib/python3.7/site-packages/airflow/example_dags/example_nested_branch_dag.py took 0.081 seconds
[2023-06-03T20:43:33.639+0000] {processor.py:157} INFO - Started process (PID=9318) to work on /home/airflow/.local/lib/python3.7/site-packages/airflow/example_dags/example_nested_branch_dag.py
[2023-06-03T20:43:33.640+0000] {processor.py:826} INFO - Processing file /home/airflow/.local/lib/python3.7/site-packages/airflow/example_dags/example_nested_branch_dag.py for tasks to queue
[2023-06-03T20:43:33.641+0000] {logging_mixin.py:149} INFO - [2023-06-03T20:43:33.641+0000] {dagbag.py:541} INFO - Filling up the DagBag from /home/airflow/.local/lib/python3.7/site-packages/airflow/example_dags/example_nested_branch_dag.py
[2023-06-03T20:43:33.648+0000] {processor.py:836} INFO - DAG(s) dict_keys(['example_nested_branch_dag']) retrieved from /home/airflow/.local/lib/python3.7/site-packages/airflow/example_dags/example_nested_branch_dag.py
[2023-06-03T20:43:33.666+0000] {logging_mixin.py:149} INFO - [2023-06-03T20:43:33.666+0000] {dag.py:2726} INFO - Sync 1 DAGs
[2023-06-03T20:43:33.686+0000] {logging_mixin.py:149} INFO - [2023-06-03T20:43:33.685+0000] {dag.py:3490} INFO - Setting next_dagrun for example_nested_branch_dag to 2023-06-02T00:00:00+00:00, run_after=2023-06-03T00:00:00+00:00
[2023-06-03T20:43:33.702+0000] {processor.py:179} INFO - Processing /home/airflow/.local/lib/python3.7/site-packages/airflow/example_dags/example_nested_branch_dag.py took 0.066 seconds
[2023-06-03T20:44:04.423+0000] {processor.py:157} INFO - Started process (PID=9568) to work on /home/airflow/.local/lib/python3.7/site-packages/airflow/example_dags/example_nested_branch_dag.py
[2023-06-03T20:44:04.425+0000] {processor.py:826} INFO - Processing file /home/airflow/.local/lib/python3.7/site-packages/airflow/example_dags/example_nested_branch_dag.py for tasks to queue
[2023-06-03T20:44:04.426+0000] {logging_mixin.py:149} INFO - [2023-06-03T20:44:04.425+0000] {dagbag.py:541} INFO - Filling up the DagBag from /home/airflow/.local/lib/python3.7/site-packages/airflow/example_dags/example_nested_branch_dag.py
[2023-06-03T20:44:04.433+0000] {processor.py:836} INFO - DAG(s) dict_keys(['example_nested_branch_dag']) retrieved from /home/airflow/.local/lib/python3.7/site-packages/airflow/example_dags/example_nested_branch_dag.py
[2023-06-03T20:44:04.452+0000] {logging_mixin.py:149} INFO - [2023-06-03T20:44:04.452+0000] {dag.py:2726} INFO - Sync 1 DAGs
[2023-06-03T20:44:04.470+0000] {logging_mixin.py:149} INFO - [2023-06-03T20:44:04.470+0000] {dag.py:3490} INFO - Setting next_dagrun for example_nested_branch_dag to 2023-06-02T00:00:00+00:00, run_after=2023-06-03T00:00:00+00:00
[2023-06-03T20:44:04.486+0000] {processor.py:179} INFO - Processing /home/airflow/.local/lib/python3.7/site-packages/airflow/example_dags/example_nested_branch_dag.py took 0.065 seconds
[2023-06-03T20:44:35.174+0000] {processor.py:157} INFO - Started process (PID=9820) to work on /home/airflow/.local/lib/python3.7/site-packages/airflow/example_dags/example_nested_branch_dag.py
[2023-06-03T20:44:35.175+0000] {processor.py:826} INFO - Processing file /home/airflow/.local/lib/python3.7/site-packages/airflow/example_dags/example_nested_branch_dag.py for tasks to queue
[2023-06-03T20:44:35.176+0000] {logging_mixin.py:149} INFO - [2023-06-03T20:44:35.176+0000] {dagbag.py:541} INFO - Filling up the DagBag from /home/airflow/.local/lib/python3.7/site-packages/airflow/example_dags/example_nested_branch_dag.py
[2023-06-03T20:44:35.183+0000] {processor.py:836} INFO - DAG(s) dict_keys(['example_nested_branch_dag']) retrieved from /home/airflow/.local/lib/python3.7/site-packages/airflow/example_dags/example_nested_branch_dag.py
[2023-06-03T20:44:35.204+0000] {logging_mixin.py:149} INFO - [2023-06-03T20:44:35.204+0000] {dag.py:2726} INFO - Sync 1 DAGs
[2023-06-03T20:44:35.246+0000] {logging_mixin.py:149} INFO - [2023-06-03T20:44:35.246+0000] {dag.py:3490} INFO - Setting next_dagrun for example_nested_branch_dag to 2023-06-02T00:00:00+00:00, run_after=2023-06-03T00:00:00+00:00
[2023-06-03T20:44:35.262+0000] {processor.py:179} INFO - Processing /home/airflow/.local/lib/python3.7/site-packages/airflow/example_dags/example_nested_branch_dag.py took 0.090 seconds
[2023-06-03T20:45:06.331+0000] {processor.py:157} INFO - Started process (PID=10072) to work on /home/airflow/.local/lib/python3.7/site-packages/airflow/example_dags/example_nested_branch_dag.py
[2023-06-03T20:45:06.332+0000] {processor.py:826} INFO - Processing file /home/airflow/.local/lib/python3.7/site-packages/airflow/example_dags/example_nested_branch_dag.py for tasks to queue
[2023-06-03T20:45:06.333+0000] {logging_mixin.py:149} INFO - [2023-06-03T20:45:06.333+0000] {dagbag.py:541} INFO - Filling up the DagBag from /home/airflow/.local/lib/python3.7/site-packages/airflow/example_dags/example_nested_branch_dag.py
[2023-06-03T20:45:06.341+0000] {processor.py:836} INFO - DAG(s) dict_keys(['example_nested_branch_dag']) retrieved from /home/airflow/.local/lib/python3.7/site-packages/airflow/example_dags/example_nested_branch_dag.py
[2023-06-03T20:45:06.361+0000] {logging_mixin.py:149} INFO - [2023-06-03T20:45:06.360+0000] {dag.py:2726} INFO - Sync 1 DAGs
[2023-06-03T20:45:06.380+0000] {logging_mixin.py:149} INFO - [2023-06-03T20:45:06.380+0000] {dag.py:3490} INFO - Setting next_dagrun for example_nested_branch_dag to 2023-06-02T00:00:00+00:00, run_after=2023-06-03T00:00:00+00:00
[2023-06-03T20:45:06.395+0000] {processor.py:179} INFO - Processing /home/airflow/.local/lib/python3.7/site-packages/airflow/example_dags/example_nested_branch_dag.py took 0.067 seconds
[2023-06-03T20:45:37.131+0000] {processor.py:157} INFO - Started process (PID=10324) to work on /home/airflow/.local/lib/python3.7/site-packages/airflow/example_dags/example_nested_branch_dag.py
[2023-06-03T20:45:37.133+0000] {processor.py:826} INFO - Processing file /home/airflow/.local/lib/python3.7/site-packages/airflow/example_dags/example_nested_branch_dag.py for tasks to queue
[2023-06-03T20:45:37.134+0000] {logging_mixin.py:149} INFO - [2023-06-03T20:45:37.134+0000] {dagbag.py:541} INFO - Filling up the DagBag from /home/airflow/.local/lib/python3.7/site-packages/airflow/example_dags/example_nested_branch_dag.py
[2023-06-03T20:45:37.141+0000] {processor.py:836} INFO - DAG(s) dict_keys(['example_nested_branch_dag']) retrieved from /home/airflow/.local/lib/python3.7/site-packages/airflow/example_dags/example_nested_branch_dag.py
[2023-06-03T20:45:37.161+0000] {logging_mixin.py:149} INFO - [2023-06-03T20:45:37.160+0000] {dag.py:2726} INFO - Sync 1 DAGs
[2023-06-03T20:45:37.180+0000] {logging_mixin.py:149} INFO - [2023-06-03T20:45:37.180+0000] {dag.py:3490} INFO - Setting next_dagrun for example_nested_branch_dag to 2023-06-02T00:00:00+00:00, run_after=2023-06-03T00:00:00+00:00
[2023-06-03T20:45:37.195+0000] {processor.py:179} INFO - Processing /home/airflow/.local/lib/python3.7/site-packages/airflow/example_dags/example_nested_branch_dag.py took 0.066 seconds
[2023-06-03T20:46:07.527+0000] {processor.py:157} INFO - Started process (PID=10578) to work on /home/airflow/.local/lib/python3.7/site-packages/airflow/example_dags/example_nested_branch_dag.py
[2023-06-03T20:46:07.528+0000] {processor.py:826} INFO - Processing file /home/airflow/.local/lib/python3.7/site-packages/airflow/example_dags/example_nested_branch_dag.py for tasks to queue
[2023-06-03T20:46:07.529+0000] {logging_mixin.py:149} INFO - [2023-06-03T20:46:07.529+0000] {dagbag.py:541} INFO - Filling up the DagBag from /home/airflow/.local/lib/python3.7/site-packages/airflow/example_dags/example_nested_branch_dag.py
[2023-06-03T20:46:07.536+0000] {processor.py:836} INFO - DAG(s) dict_keys(['example_nested_branch_dag']) retrieved from /home/airflow/.local/lib/python3.7/site-packages/airflow/example_dags/example_nested_branch_dag.py
[2023-06-03T20:46:07.554+0000] {logging_mixin.py:149} INFO - [2023-06-03T20:46:07.554+0000] {dag.py:2726} INFO - Sync 1 DAGs
[2023-06-03T20:46:07.572+0000] {logging_mixin.py:149} INFO - [2023-06-03T20:46:07.572+0000] {dag.py:3490} INFO - Setting next_dagrun for example_nested_branch_dag to 2023-06-02T00:00:00+00:00, run_after=2023-06-03T00:00:00+00:00
[2023-06-03T20:46:07.592+0000] {processor.py:179} INFO - Processing /home/airflow/.local/lib/python3.7/site-packages/airflow/example_dags/example_nested_branch_dag.py took 0.067 seconds
[2023-06-03T20:46:38.794+0000] {processor.py:157} INFO - Started process (PID=10828) to work on /home/airflow/.local/lib/python3.7/site-packages/airflow/example_dags/example_nested_branch_dag.py
[2023-06-03T20:46:38.795+0000] {processor.py:826} INFO - Processing file /home/airflow/.local/lib/python3.7/site-packages/airflow/example_dags/example_nested_branch_dag.py for tasks to queue
[2023-06-03T20:46:38.796+0000] {logging_mixin.py:149} INFO - [2023-06-03T20:46:38.796+0000] {dagbag.py:541} INFO - Filling up the DagBag from /home/airflow/.local/lib/python3.7/site-packages/airflow/example_dags/example_nested_branch_dag.py
[2023-06-03T20:46:38.803+0000] {processor.py:836} INFO - DAG(s) dict_keys(['example_nested_branch_dag']) retrieved from /home/airflow/.local/lib/python3.7/site-packages/airflow/example_dags/example_nested_branch_dag.py
[2023-06-03T20:46:38.821+0000] {logging_mixin.py:149} INFO - [2023-06-03T20:46:38.821+0000] {dag.py:2726} INFO - Sync 1 DAGs
[2023-06-03T20:46:38.839+0000] {logging_mixin.py:149} INFO - [2023-06-03T20:46:38.839+0000] {dag.py:3490} INFO - Setting next_dagrun for example_nested_branch_dag to 2023-06-02T00:00:00+00:00, run_after=2023-06-03T00:00:00+00:00
[2023-06-03T20:46:38.855+0000] {processor.py:179} INFO - Processing /home/airflow/.local/lib/python3.7/site-packages/airflow/example_dags/example_nested_branch_dag.py took 0.063 seconds
[2023-06-03T20:47:08.953+0000] {processor.py:157} INFO - Started process (PID=11080) to work on /home/airflow/.local/lib/python3.7/site-packages/airflow/example_dags/example_nested_branch_dag.py
[2023-06-03T20:47:08.954+0000] {processor.py:826} INFO - Processing file /home/airflow/.local/lib/python3.7/site-packages/airflow/example_dags/example_nested_branch_dag.py for tasks to queue
[2023-06-03T20:47:08.955+0000] {logging_mixin.py:149} INFO - [2023-06-03T20:47:08.955+0000] {dagbag.py:541} INFO - Filling up the DagBag from /home/airflow/.local/lib/python3.7/site-packages/airflow/example_dags/example_nested_branch_dag.py
[2023-06-03T20:47:08.962+0000] {processor.py:836} INFO - DAG(s) dict_keys(['example_nested_branch_dag']) retrieved from /home/airflow/.local/lib/python3.7/site-packages/airflow/example_dags/example_nested_branch_dag.py
[2023-06-03T20:47:08.980+0000] {logging_mixin.py:149} INFO - [2023-06-03T20:47:08.980+0000] {dag.py:2726} INFO - Sync 1 DAGs
[2023-06-03T20:47:08.999+0000] {logging_mixin.py:149} INFO - [2023-06-03T20:47:08.999+0000] {dag.py:3490} INFO - Setting next_dagrun for example_nested_branch_dag to 2023-06-02T00:00:00+00:00, run_after=2023-06-03T00:00:00+00:00
[2023-06-03T20:47:09.015+0000] {processor.py:179} INFO - Processing /home/airflow/.local/lib/python3.7/site-packages/airflow/example_dags/example_nested_branch_dag.py took 0.064 seconds
[2023-06-03T20:47:39.119+0000] {processor.py:157} INFO - Started process (PID=11332) to work on /home/airflow/.local/lib/python3.7/site-packages/airflow/example_dags/example_nested_branch_dag.py
[2023-06-03T20:47:39.120+0000] {processor.py:826} INFO - Processing file /home/airflow/.local/lib/python3.7/site-packages/airflow/example_dags/example_nested_branch_dag.py for tasks to queue
[2023-06-03T20:47:39.121+0000] {logging_mixin.py:149} INFO - [2023-06-03T20:47:39.120+0000] {dagbag.py:541} INFO - Filling up the DagBag from /home/airflow/.local/lib/python3.7/site-packages/airflow/example_dags/example_nested_branch_dag.py
[2023-06-03T20:47:39.128+0000] {processor.py:836} INFO - DAG(s) dict_keys(['example_nested_branch_dag']) retrieved from /home/airflow/.local/lib/python3.7/site-packages/airflow/example_dags/example_nested_branch_dag.py
[2023-06-03T20:47:39.146+0000] {logging_mixin.py:149} INFO - [2023-06-03T20:47:39.146+0000] {dag.py:2726} INFO - Sync 1 DAGs
[2023-06-03T20:47:39.164+0000] {logging_mixin.py:149} INFO - [2023-06-03T20:47:39.164+0000] {dag.py:3490} INFO - Setting next_dagrun for example_nested_branch_dag to 2023-06-02T00:00:00+00:00, run_after=2023-06-03T00:00:00+00:00
[2023-06-03T20:47:39.179+0000] {processor.py:179} INFO - Processing /home/airflow/.local/lib/python3.7/site-packages/airflow/example_dags/example_nested_branch_dag.py took 0.062 seconds
[2023-06-03T20:48:09.581+0000] {processor.py:157} INFO - Started process (PID=11584) to work on /home/airflow/.local/lib/python3.7/site-packages/airflow/example_dags/example_nested_branch_dag.py
[2023-06-03T20:48:09.583+0000] {processor.py:826} INFO - Processing file /home/airflow/.local/lib/python3.7/site-packages/airflow/example_dags/example_nested_branch_dag.py for tasks to queue
[2023-06-03T20:48:09.584+0000] {logging_mixin.py:149} INFO - [2023-06-03T20:48:09.584+0000] {dagbag.py:541} INFO - Filling up the DagBag from /home/airflow/.local/lib/python3.7/site-packages/airflow/example_dags/example_nested_branch_dag.py
[2023-06-03T20:48:09.592+0000] {processor.py:836} INFO - DAG(s) dict_keys(['example_nested_branch_dag']) retrieved from /home/airflow/.local/lib/python3.7/site-packages/airflow/example_dags/example_nested_branch_dag.py
[2023-06-03T20:48:09.611+0000] {logging_mixin.py:149} INFO - [2023-06-03T20:48:09.611+0000] {dag.py:2726} INFO - Sync 1 DAGs
[2023-06-03T20:48:09.630+0000] {logging_mixin.py:149} INFO - [2023-06-03T20:48:09.630+0000] {dag.py:3490} INFO - Setting next_dagrun for example_nested_branch_dag to 2023-06-02T00:00:00+00:00, run_after=2023-06-03T00:00:00+00:00
[2023-06-03T20:48:09.645+0000] {processor.py:179} INFO - Processing /home/airflow/.local/lib/python3.7/site-packages/airflow/example_dags/example_nested_branch_dag.py took 0.066 seconds
[2023-06-03T20:48:40.016+0000] {processor.py:157} INFO - Started process (PID=11836) to work on /home/airflow/.local/lib/python3.7/site-packages/airflow/example_dags/example_nested_branch_dag.py
[2023-06-03T20:48:40.017+0000] {processor.py:826} INFO - Processing file /home/airflow/.local/lib/python3.7/site-packages/airflow/example_dags/example_nested_branch_dag.py for tasks to queue
[2023-06-03T20:48:40.018+0000] {logging_mixin.py:149} INFO - [2023-06-03T20:48:40.018+0000] {dagbag.py:541} INFO - Filling up the DagBag from /home/airflow/.local/lib/python3.7/site-packages/airflow/example_dags/example_nested_branch_dag.py
[2023-06-03T20:48:40.026+0000] {processor.py:836} INFO - DAG(s) dict_keys(['example_nested_branch_dag']) retrieved from /home/airflow/.local/lib/python3.7/site-packages/airflow/example_dags/example_nested_branch_dag.py
[2023-06-03T20:48:40.046+0000] {logging_mixin.py:149} INFO - [2023-06-03T20:48:40.046+0000] {dag.py:2726} INFO - Sync 1 DAGs
[2023-06-03T20:48:40.067+0000] {logging_mixin.py:149} INFO - [2023-06-03T20:48:40.066+0000] {dag.py:3490} INFO - Setting next_dagrun for example_nested_branch_dag to 2023-06-02T00:00:00+00:00, run_after=2023-06-03T00:00:00+00:00
[2023-06-03T20:48:40.084+0000] {processor.py:179} INFO - Processing /home/airflow/.local/lib/python3.7/site-packages/airflow/example_dags/example_nested_branch_dag.py took 0.070 seconds
[2023-06-03T20:49:10.299+0000] {processor.py:157} INFO - Started process (PID=12088) to work on /home/airflow/.local/lib/python3.7/site-packages/airflow/example_dags/example_nested_branch_dag.py
[2023-06-03T20:49:10.302+0000] {processor.py:826} INFO - Processing file /home/airflow/.local/lib/python3.7/site-packages/airflow/example_dags/example_nested_branch_dag.py for tasks to queue
[2023-06-03T20:49:10.305+0000] {logging_mixin.py:149} INFO - [2023-06-03T20:49:10.304+0000] {dagbag.py:541} INFO - Filling up the DagBag from /home/airflow/.local/lib/python3.7/site-packages/airflow/example_dags/example_nested_branch_dag.py
[2023-06-03T20:49:10.314+0000] {processor.py:836} INFO - DAG(s) dict_keys(['example_nested_branch_dag']) retrieved from /home/airflow/.local/lib/python3.7/site-packages/airflow/example_dags/example_nested_branch_dag.py
[2023-06-03T20:49:10.332+0000] {logging_mixin.py:149} INFO - [2023-06-03T20:49:10.332+0000] {dag.py:2726} INFO - Sync 1 DAGs
[2023-06-03T20:49:10.350+0000] {logging_mixin.py:149} INFO - [2023-06-03T20:49:10.350+0000] {dag.py:3490} INFO - Setting next_dagrun for example_nested_branch_dag to 2023-06-02T00:00:00+00:00, run_after=2023-06-03T00:00:00+00:00
[2023-06-03T20:49:10.367+0000] {processor.py:179} INFO - Processing /home/airflow/.local/lib/python3.7/site-packages/airflow/example_dags/example_nested_branch_dag.py took 0.071 seconds
[2023-06-03T20:49:41.253+0000] {processor.py:157} INFO - Started process (PID=12340) to work on /home/airflow/.local/lib/python3.7/site-packages/airflow/example_dags/example_nested_branch_dag.py
[2023-06-03T20:49:41.255+0000] {processor.py:826} INFO - Processing file /home/airflow/.local/lib/python3.7/site-packages/airflow/example_dags/example_nested_branch_dag.py for tasks to queue
[2023-06-03T20:49:41.256+0000] {logging_mixin.py:149} INFO - [2023-06-03T20:49:41.256+0000] {dagbag.py:541} INFO - Filling up the DagBag from /home/airflow/.local/lib/python3.7/site-packages/airflow/example_dags/example_nested_branch_dag.py
[2023-06-03T20:49:41.266+0000] {processor.py:836} INFO - DAG(s) dict_keys(['example_nested_branch_dag']) retrieved from /home/airflow/.local/lib/python3.7/site-packages/airflow/example_dags/example_nested_branch_dag.py
[2023-06-03T20:49:41.287+0000] {logging_mixin.py:149} INFO - [2023-06-03T20:49:41.287+0000] {dag.py:2726} INFO - Sync 1 DAGs
[2023-06-03T20:49:41.304+0000] {logging_mixin.py:149} INFO - [2023-06-03T20:49:41.304+0000] {dag.py:3490} INFO - Setting next_dagrun for example_nested_branch_dag to 2023-06-02T00:00:00+00:00, run_after=2023-06-03T00:00:00+00:00
[2023-06-03T20:49:41.319+0000] {processor.py:179} INFO - Processing /home/airflow/.local/lib/python3.7/site-packages/airflow/example_dags/example_nested_branch_dag.py took 0.068 seconds
[2023-06-03T20:50:12.113+0000] {processor.py:157} INFO - Started process (PID=12599) to work on /home/airflow/.local/lib/python3.7/site-packages/airflow/example_dags/example_nested_branch_dag.py
[2023-06-03T20:50:12.114+0000] {processor.py:826} INFO - Processing file /home/airflow/.local/lib/python3.7/site-packages/airflow/example_dags/example_nested_branch_dag.py for tasks to queue
[2023-06-03T20:50:12.115+0000] {logging_mixin.py:149} INFO - [2023-06-03T20:50:12.115+0000] {dagbag.py:541} INFO - Filling up the DagBag from /home/airflow/.local/lib/python3.7/site-packages/airflow/example_dags/example_nested_branch_dag.py
[2023-06-03T20:50:12.123+0000] {processor.py:836} INFO - DAG(s) dict_keys(['example_nested_branch_dag']) retrieved from /home/airflow/.local/lib/python3.7/site-packages/airflow/example_dags/example_nested_branch_dag.py
[2023-06-03T20:50:12.141+0000] {logging_mixin.py:149} INFO - [2023-06-03T20:50:12.141+0000] {dag.py:2726} INFO - Sync 1 DAGs
[2023-06-03T20:50:12.160+0000] {logging_mixin.py:149} INFO - [2023-06-03T20:50:12.160+0000] {dag.py:3490} INFO - Setting next_dagrun for example_nested_branch_dag to 2023-06-02T00:00:00+00:00, run_after=2023-06-03T00:00:00+00:00
[2023-06-03T20:50:12.176+0000] {processor.py:179} INFO - Processing /home/airflow/.local/lib/python3.7/site-packages/airflow/example_dags/example_nested_branch_dag.py took 0.066 seconds
[2023-06-03T20:50:42.493+0000] {processor.py:157} INFO - Started process (PID=12852) to work on /home/airflow/.local/lib/python3.7/site-packages/airflow/example_dags/example_nested_branch_dag.py
[2023-06-03T20:50:42.494+0000] {processor.py:826} INFO - Processing file /home/airflow/.local/lib/python3.7/site-packages/airflow/example_dags/example_nested_branch_dag.py for tasks to queue
[2023-06-03T20:50:42.495+0000] {logging_mixin.py:149} INFO - [2023-06-03T20:50:42.495+0000] {dagbag.py:541} INFO - Filling up the DagBag from /home/airflow/.local/lib/python3.7/site-packages/airflow/example_dags/example_nested_branch_dag.py
[2023-06-03T20:50:42.502+0000] {processor.py:836} INFO - DAG(s) dict_keys(['example_nested_branch_dag']) retrieved from /home/airflow/.local/lib/python3.7/site-packages/airflow/example_dags/example_nested_branch_dag.py
[2023-06-03T20:50:42.520+0000] {logging_mixin.py:149} INFO - [2023-06-03T20:50:42.519+0000] {dag.py:2726} INFO - Sync 1 DAGs
[2023-06-03T20:50:42.538+0000] {logging_mixin.py:149} INFO - [2023-06-03T20:50:42.538+0000] {dag.py:3490} INFO - Setting next_dagrun for example_nested_branch_dag to 2023-06-02T00:00:00+00:00, run_after=2023-06-03T00:00:00+00:00
[2023-06-03T20:50:42.553+0000] {processor.py:179} INFO - Processing /home/airflow/.local/lib/python3.7/site-packages/airflow/example_dags/example_nested_branch_dag.py took 0.062 seconds
[2023-06-03T20:51:12.928+0000] {processor.py:157} INFO - Started process (PID=13106) to work on /home/airflow/.local/lib/python3.7/site-packages/airflow/example_dags/example_nested_branch_dag.py
[2023-06-03T20:51:12.929+0000] {processor.py:826} INFO - Processing file /home/airflow/.local/lib/python3.7/site-packages/airflow/example_dags/example_nested_branch_dag.py for tasks to queue
[2023-06-03T20:51:12.930+0000] {logging_mixin.py:149} INFO - [2023-06-03T20:51:12.930+0000] {dagbag.py:541} INFO - Filling up the DagBag from /home/airflow/.local/lib/python3.7/site-packages/airflow/example_dags/example_nested_branch_dag.py
[2023-06-03T20:51:12.937+0000] {processor.py:836} INFO - DAG(s) dict_keys(['example_nested_branch_dag']) retrieved from /home/airflow/.local/lib/python3.7/site-packages/airflow/example_dags/example_nested_branch_dag.py
[2023-06-03T20:51:12.954+0000] {logging_mixin.py:149} INFO - [2023-06-03T20:51:12.954+0000] {dag.py:2726} INFO - Sync 1 DAGs
[2023-06-03T20:51:12.972+0000] {logging_mixin.py:149} INFO - [2023-06-03T20:51:12.972+0000] {dag.py:3490} INFO - Setting next_dagrun for example_nested_branch_dag to 2023-06-02T00:00:00+00:00, run_after=2023-06-03T00:00:00+00:00
[2023-06-03T20:51:12.988+0000] {processor.py:179} INFO - Processing /home/airflow/.local/lib/python3.7/site-packages/airflow/example_dags/example_nested_branch_dag.py took 0.062 seconds
[2023-06-03T20:51:44.059+0000] {processor.py:157} INFO - Started process (PID=13356) to work on /home/airflow/.local/lib/python3.7/site-packages/airflow/example_dags/example_nested_branch_dag.py
[2023-06-03T20:51:44.060+0000] {processor.py:826} INFO - Processing file /home/airflow/.local/lib/python3.7/site-packages/airflow/example_dags/example_nested_branch_dag.py for tasks to queue
[2023-06-03T20:51:44.061+0000] {logging_mixin.py:149} INFO - [2023-06-03T20:51:44.061+0000] {dagbag.py:541} INFO - Filling up the DagBag from /home/airflow/.local/lib/python3.7/site-packages/airflow/example_dags/example_nested_branch_dag.py
[2023-06-03T20:51:44.069+0000] {processor.py:836} INFO - DAG(s) dict_keys(['example_nested_branch_dag']) retrieved from /home/airflow/.local/lib/python3.7/site-packages/airflow/example_dags/example_nested_branch_dag.py
[2023-06-03T20:51:44.086+0000] {logging_mixin.py:149} INFO - [2023-06-03T20:51:44.086+0000] {dag.py:2726} INFO - Sync 1 DAGs
[2023-06-03T20:51:44.104+0000] {logging_mixin.py:149} INFO - [2023-06-03T20:51:44.104+0000] {dag.py:3490} INFO - Setting next_dagrun for example_nested_branch_dag to 2023-06-02T00:00:00+00:00, run_after=2023-06-03T00:00:00+00:00
[2023-06-03T20:51:44.120+0000] {processor.py:179} INFO - Processing /home/airflow/.local/lib/python3.7/site-packages/airflow/example_dags/example_nested_branch_dag.py took 0.063 seconds
[2023-06-03T20:52:14.752+0000] {processor.py:157} INFO - Started process (PID=13608) to work on /home/airflow/.local/lib/python3.7/site-packages/airflow/example_dags/example_nested_branch_dag.py
[2023-06-03T20:52:14.753+0000] {processor.py:826} INFO - Processing file /home/airflow/.local/lib/python3.7/site-packages/airflow/example_dags/example_nested_branch_dag.py for tasks to queue
[2023-06-03T20:52:14.754+0000] {logging_mixin.py:149} INFO - [2023-06-03T20:52:14.754+0000] {dagbag.py:541} INFO - Filling up the DagBag from /home/airflow/.local/lib/python3.7/site-packages/airflow/example_dags/example_nested_branch_dag.py
[2023-06-03T20:52:14.761+0000] {processor.py:836} INFO - DAG(s) dict_keys(['example_nested_branch_dag']) retrieved from /home/airflow/.local/lib/python3.7/site-packages/airflow/example_dags/example_nested_branch_dag.py
[2023-06-03T20:52:14.779+0000] {logging_mixin.py:149} INFO - [2023-06-03T20:52:14.779+0000] {dag.py:2726} INFO - Sync 1 DAGs
[2023-06-03T20:52:14.797+0000] {logging_mixin.py:149} INFO - [2023-06-03T20:52:14.797+0000] {dag.py:3490} INFO - Setting next_dagrun for example_nested_branch_dag to 2023-06-02T00:00:00+00:00, run_after=2023-06-03T00:00:00+00:00
[2023-06-03T20:52:14.813+0000] {processor.py:179} INFO - Processing /home/airflow/.local/lib/python3.7/site-packages/airflow/example_dags/example_nested_branch_dag.py took 0.063 seconds
[2023-06-03T20:52:45.891+0000] {processor.py:157} INFO - Started process (PID=13862) to work on /home/airflow/.local/lib/python3.7/site-packages/airflow/example_dags/example_nested_branch_dag.py
[2023-06-03T20:52:45.892+0000] {processor.py:826} INFO - Processing file /home/airflow/.local/lib/python3.7/site-packages/airflow/example_dags/example_nested_branch_dag.py for tasks to queue
[2023-06-03T20:52:45.893+0000] {logging_mixin.py:149} INFO - [2023-06-03T20:52:45.892+0000] {dagbag.py:541} INFO - Filling up the DagBag from /home/airflow/.local/lib/python3.7/site-packages/airflow/example_dags/example_nested_branch_dag.py
[2023-06-03T20:52:45.900+0000] {processor.py:836} INFO - DAG(s) dict_keys(['example_nested_branch_dag']) retrieved from /home/airflow/.local/lib/python3.7/site-packages/airflow/example_dags/example_nested_branch_dag.py
[2023-06-03T20:52:45.917+0000] {logging_mixin.py:149} INFO - [2023-06-03T20:52:45.917+0000] {dag.py:2726} INFO - Sync 1 DAGs
[2023-06-03T20:52:45.934+0000] {logging_mixin.py:149} INFO - [2023-06-03T20:52:45.934+0000] {dag.py:3490} INFO - Setting next_dagrun for example_nested_branch_dag to 2023-06-02T00:00:00+00:00, run_after=2023-06-03T00:00:00+00:00
[2023-06-03T20:52:45.952+0000] {processor.py:179} INFO - Processing /home/airflow/.local/lib/python3.7/site-packages/airflow/example_dags/example_nested_branch_dag.py took 0.064 seconds
[2023-06-03T20:53:16.092+0000] {processor.py:157} INFO - Started process (PID=14112) to work on /home/airflow/.local/lib/python3.7/site-packages/airflow/example_dags/example_nested_branch_dag.py
[2023-06-03T20:53:16.093+0000] {processor.py:826} INFO - Processing file /home/airflow/.local/lib/python3.7/site-packages/airflow/example_dags/example_nested_branch_dag.py for tasks to queue
[2023-06-03T20:53:16.095+0000] {logging_mixin.py:149} INFO - [2023-06-03T20:53:16.095+0000] {dagbag.py:541} INFO - Filling up the DagBag from /home/airflow/.local/lib/python3.7/site-packages/airflow/example_dags/example_nested_branch_dag.py
[2023-06-03T20:53:16.103+0000] {processor.py:836} INFO - DAG(s) dict_keys(['example_nested_branch_dag']) retrieved from /home/airflow/.local/lib/python3.7/site-packages/airflow/example_dags/example_nested_branch_dag.py
[2023-06-03T20:53:16.123+0000] {logging_mixin.py:149} INFO - [2023-06-03T20:53:16.123+0000] {dag.py:2726} INFO - Sync 1 DAGs
[2023-06-03T20:53:16.141+0000] {logging_mixin.py:149} INFO - [2023-06-03T20:53:16.141+0000] {dag.py:3490} INFO - Setting next_dagrun for example_nested_branch_dag to 2023-06-02T00:00:00+00:00, run_after=2023-06-03T00:00:00+00:00
[2023-06-03T20:53:16.168+0000] {processor.py:179} INFO - Processing /home/airflow/.local/lib/python3.7/site-packages/airflow/example_dags/example_nested_branch_dag.py took 0.078 seconds
[2023-06-03T20:53:46.517+0000] {processor.py:157} INFO - Started process (PID=14366) to work on /home/airflow/.local/lib/python3.7/site-packages/airflow/example_dags/example_nested_branch_dag.py
[2023-06-03T20:53:46.519+0000] {processor.py:826} INFO - Processing file /home/airflow/.local/lib/python3.7/site-packages/airflow/example_dags/example_nested_branch_dag.py for tasks to queue
[2023-06-03T20:53:46.520+0000] {logging_mixin.py:149} INFO - [2023-06-03T20:53:46.520+0000] {dagbag.py:541} INFO - Filling up the DagBag from /home/airflow/.local/lib/python3.7/site-packages/airflow/example_dags/example_nested_branch_dag.py
[2023-06-03T20:53:46.528+0000] {processor.py:836} INFO - DAG(s) dict_keys(['example_nested_branch_dag']) retrieved from /home/airflow/.local/lib/python3.7/site-packages/airflow/example_dags/example_nested_branch_dag.py
[2023-06-03T20:53:46.575+0000] {logging_mixin.py:149} INFO - [2023-06-03T20:53:46.574+0000] {dag.py:2726} INFO - Sync 1 DAGs
[2023-06-03T20:53:46.595+0000] {logging_mixin.py:149} INFO - [2023-06-03T20:53:46.595+0000] {dag.py:3490} INFO - Setting next_dagrun for example_nested_branch_dag to 2023-06-02T00:00:00+00:00, run_after=2023-06-03T00:00:00+00:00
[2023-06-03T20:53:46.614+0000] {processor.py:179} INFO - Processing /home/airflow/.local/lib/python3.7/site-packages/airflow/example_dags/example_nested_branch_dag.py took 0.099 seconds
[2023-06-03T20:54:17.544+0000] {processor.py:157} INFO - Started process (PID=14616) to work on /home/airflow/.local/lib/python3.7/site-packages/airflow/example_dags/example_nested_branch_dag.py
[2023-06-03T20:54:17.546+0000] {processor.py:826} INFO - Processing file /home/airflow/.local/lib/python3.7/site-packages/airflow/example_dags/example_nested_branch_dag.py for tasks to queue
[2023-06-03T20:54:17.547+0000] {logging_mixin.py:149} INFO - [2023-06-03T20:54:17.547+0000] {dagbag.py:541} INFO - Filling up the DagBag from /home/airflow/.local/lib/python3.7/site-packages/airflow/example_dags/example_nested_branch_dag.py
[2023-06-03T20:54:17.556+0000] {processor.py:836} INFO - DAG(s) dict_keys(['example_nested_branch_dag']) retrieved from /home/airflow/.local/lib/python3.7/site-packages/airflow/example_dags/example_nested_branch_dag.py
[2023-06-03T20:54:17.577+0000] {logging_mixin.py:149} INFO - [2023-06-03T20:54:17.577+0000] {dag.py:2726} INFO - Sync 1 DAGs
[2023-06-03T20:54:17.600+0000] {logging_mixin.py:149} INFO - [2023-06-03T20:54:17.600+0000] {dag.py:3490} INFO - Setting next_dagrun for example_nested_branch_dag to 2023-06-02T00:00:00+00:00, run_after=2023-06-03T00:00:00+00:00
[2023-06-03T20:54:17.620+0000] {processor.py:179} INFO - Processing /home/airflow/.local/lib/python3.7/site-packages/airflow/example_dags/example_nested_branch_dag.py took 0.078 seconds
[2023-06-03T20:54:47.752+0000] {processor.py:157} INFO - Started process (PID=14870) to work on /home/airflow/.local/lib/python3.7/site-packages/airflow/example_dags/example_nested_branch_dag.py
[2023-06-03T20:54:47.753+0000] {processor.py:826} INFO - Processing file /home/airflow/.local/lib/python3.7/site-packages/airflow/example_dags/example_nested_branch_dag.py for tasks to queue
[2023-06-03T20:54:47.754+0000] {logging_mixin.py:149} INFO - [2023-06-03T20:54:47.754+0000] {dagbag.py:541} INFO - Filling up the DagBag from /home/airflow/.local/lib/python3.7/site-packages/airflow/example_dags/example_nested_branch_dag.py
[2023-06-03T20:54:47.761+0000] {processor.py:836} INFO - DAG(s) dict_keys(['example_nested_branch_dag']) retrieved from /home/airflow/.local/lib/python3.7/site-packages/airflow/example_dags/example_nested_branch_dag.py
[2023-06-03T20:54:47.779+0000] {logging_mixin.py:149} INFO - [2023-06-03T20:54:47.779+0000] {dag.py:2726} INFO - Sync 1 DAGs
[2023-06-03T20:54:47.796+0000] {logging_mixin.py:149} INFO - [2023-06-03T20:54:47.796+0000] {dag.py:3490} INFO - Setting next_dagrun for example_nested_branch_dag to 2023-06-02T00:00:00+00:00, run_after=2023-06-03T00:00:00+00:00
[2023-06-03T20:54:47.812+0000] {processor.py:179} INFO - Processing /home/airflow/.local/lib/python3.7/site-packages/airflow/example_dags/example_nested_branch_dag.py took 0.062 seconds
[2023-06-03T20:55:18.081+0000] {processor.py:157} INFO - Started process (PID=15122) to work on /home/airflow/.local/lib/python3.7/site-packages/airflow/example_dags/example_nested_branch_dag.py
[2023-06-03T20:55:18.083+0000] {processor.py:826} INFO - Processing file /home/airflow/.local/lib/python3.7/site-packages/airflow/example_dags/example_nested_branch_dag.py for tasks to queue
[2023-06-03T20:55:18.084+0000] {logging_mixin.py:149} INFO - [2023-06-03T20:55:18.084+0000] {dagbag.py:541} INFO - Filling up the DagBag from /home/airflow/.local/lib/python3.7/site-packages/airflow/example_dags/example_nested_branch_dag.py
[2023-06-03T20:55:18.092+0000] {processor.py:836} INFO - DAG(s) dict_keys(['example_nested_branch_dag']) retrieved from /home/airflow/.local/lib/python3.7/site-packages/airflow/example_dags/example_nested_branch_dag.py
[2023-06-03T20:55:18.110+0000] {logging_mixin.py:149} INFO - [2023-06-03T20:55:18.110+0000] {dag.py:2726} INFO - Sync 1 DAGs
[2023-06-03T20:55:18.129+0000] {logging_mixin.py:149} INFO - [2023-06-03T20:55:18.129+0000] {dag.py:3490} INFO - Setting next_dagrun for example_nested_branch_dag to 2023-06-02T00:00:00+00:00, run_after=2023-06-03T00:00:00+00:00
[2023-06-03T20:55:18.146+0000] {processor.py:179} INFO - Processing /home/airflow/.local/lib/python3.7/site-packages/airflow/example_dags/example_nested_branch_dag.py took 0.067 seconds
[2023-06-03T20:55:49.097+0000] {processor.py:157} INFO - Started process (PID=15372) to work on /home/airflow/.local/lib/python3.7/site-packages/airflow/example_dags/example_nested_branch_dag.py
[2023-06-03T20:55:49.099+0000] {processor.py:826} INFO - Processing file /home/airflow/.local/lib/python3.7/site-packages/airflow/example_dags/example_nested_branch_dag.py for tasks to queue
[2023-06-03T20:55:49.100+0000] {logging_mixin.py:149} INFO - [2023-06-03T20:55:49.100+0000] {dagbag.py:541} INFO - Filling up the DagBag from /home/airflow/.local/lib/python3.7/site-packages/airflow/example_dags/example_nested_branch_dag.py
[2023-06-03T20:55:49.108+0000] {processor.py:836} INFO - DAG(s) dict_keys(['example_nested_branch_dag']) retrieved from /home/airflow/.local/lib/python3.7/site-packages/airflow/example_dags/example_nested_branch_dag.py
[2023-06-03T20:55:49.127+0000] {logging_mixin.py:149} INFO - [2023-06-03T20:55:49.127+0000] {dag.py:2726} INFO - Sync 1 DAGs
[2023-06-03T20:55:49.147+0000] {logging_mixin.py:149} INFO - [2023-06-03T20:55:49.147+0000] {dag.py:3490} INFO - Setting next_dagrun for example_nested_branch_dag to 2023-06-02T00:00:00+00:00, run_after=2023-06-03T00:00:00+00:00
[2023-06-03T20:55:49.165+0000] {processor.py:179} INFO - Processing /home/airflow/.local/lib/python3.7/site-packages/airflow/example_dags/example_nested_branch_dag.py took 0.071 seconds
[2023-06-03T20:56:19.702+0000] {processor.py:157} INFO - Started process (PID=15624) to work on /home/airflow/.local/lib/python3.7/site-packages/airflow/example_dags/example_nested_branch_dag.py
[2023-06-03T20:56:19.703+0000] {processor.py:826} INFO - Processing file /home/airflow/.local/lib/python3.7/site-packages/airflow/example_dags/example_nested_branch_dag.py for tasks to queue
[2023-06-03T20:56:19.704+0000] {logging_mixin.py:149} INFO - [2023-06-03T20:56:19.704+0000] {dagbag.py:541} INFO - Filling up the DagBag from /home/airflow/.local/lib/python3.7/site-packages/airflow/example_dags/example_nested_branch_dag.py
[2023-06-03T20:56:19.711+0000] {processor.py:836} INFO - DAG(s) dict_keys(['example_nested_branch_dag']) retrieved from /home/airflow/.local/lib/python3.7/site-packages/airflow/example_dags/example_nested_branch_dag.py
[2023-06-03T20:56:19.730+0000] {logging_mixin.py:149} INFO - [2023-06-03T20:56:19.730+0000] {dag.py:2726} INFO - Sync 1 DAGs
[2023-06-03T20:56:19.748+0000] {logging_mixin.py:149} INFO - [2023-06-03T20:56:19.748+0000] {dag.py:3490} INFO - Setting next_dagrun for example_nested_branch_dag to 2023-06-02T00:00:00+00:00, run_after=2023-06-03T00:00:00+00:00
[2023-06-03T20:56:19.763+0000] {processor.py:179} INFO - Processing /home/airflow/.local/lib/python3.7/site-packages/airflow/example_dags/example_nested_branch_dag.py took 0.063 seconds
[2023-06-03T20:56:50.202+0000] {processor.py:157} INFO - Started process (PID=15876) to work on /home/airflow/.local/lib/python3.7/site-packages/airflow/example_dags/example_nested_branch_dag.py
[2023-06-03T20:56:50.203+0000] {processor.py:826} INFO - Processing file /home/airflow/.local/lib/python3.7/site-packages/airflow/example_dags/example_nested_branch_dag.py for tasks to queue
[2023-06-03T20:56:50.204+0000] {logging_mixin.py:149} INFO - [2023-06-03T20:56:50.204+0000] {dagbag.py:541} INFO - Filling up the DagBag from /home/airflow/.local/lib/python3.7/site-packages/airflow/example_dags/example_nested_branch_dag.py
[2023-06-03T20:56:50.211+0000] {processor.py:836} INFO - DAG(s) dict_keys(['example_nested_branch_dag']) retrieved from /home/airflow/.local/lib/python3.7/site-packages/airflow/example_dags/example_nested_branch_dag.py
[2023-06-03T20:56:50.228+0000] {logging_mixin.py:149} INFO - [2023-06-03T20:56:50.228+0000] {dag.py:2726} INFO - Sync 1 DAGs
[2023-06-03T20:56:50.247+0000] {logging_mixin.py:149} INFO - [2023-06-03T20:56:50.247+0000] {dag.py:3490} INFO - Setting next_dagrun for example_nested_branch_dag to 2023-06-02T00:00:00+00:00, run_after=2023-06-03T00:00:00+00:00
[2023-06-03T20:56:50.264+0000] {processor.py:179} INFO - Processing /home/airflow/.local/lib/python3.7/site-packages/airflow/example_dags/example_nested_branch_dag.py took 0.064 seconds
[2023-06-03T20:57:20.419+0000] {processor.py:157} INFO - Started process (PID=16128) to work on /home/airflow/.local/lib/python3.7/site-packages/airflow/example_dags/example_nested_branch_dag.py
[2023-06-03T20:57:20.421+0000] {processor.py:826} INFO - Processing file /home/airflow/.local/lib/python3.7/site-packages/airflow/example_dags/example_nested_branch_dag.py for tasks to queue
[2023-06-03T20:57:20.422+0000] {logging_mixin.py:149} INFO - [2023-06-03T20:57:20.422+0000] {dagbag.py:541} INFO - Filling up the DagBag from /home/airflow/.local/lib/python3.7/site-packages/airflow/example_dags/example_nested_branch_dag.py
[2023-06-03T20:57:20.430+0000] {processor.py:836} INFO - DAG(s) dict_keys(['example_nested_branch_dag']) retrieved from /home/airflow/.local/lib/python3.7/site-packages/airflow/example_dags/example_nested_branch_dag.py
[2023-06-03T20:57:20.449+0000] {logging_mixin.py:149} INFO - [2023-06-03T20:57:20.449+0000] {dag.py:2726} INFO - Sync 1 DAGs
[2023-06-03T20:57:20.469+0000] {logging_mixin.py:149} INFO - [2023-06-03T20:57:20.469+0000] {dag.py:3490} INFO - Setting next_dagrun for example_nested_branch_dag to 2023-06-02T00:00:00+00:00, run_after=2023-06-03T00:00:00+00:00
[2023-06-03T20:57:20.488+0000] {processor.py:179} INFO - Processing /home/airflow/.local/lib/python3.7/site-packages/airflow/example_dags/example_nested_branch_dag.py took 0.071 seconds
[2023-06-03T20:57:50.983+0000] {processor.py:157} INFO - Started process (PID=16380) to work on /home/airflow/.local/lib/python3.7/site-packages/airflow/example_dags/example_nested_branch_dag.py
[2023-06-03T20:57:50.984+0000] {processor.py:826} INFO - Processing file /home/airflow/.local/lib/python3.7/site-packages/airflow/example_dags/example_nested_branch_dag.py for tasks to queue
[2023-06-03T20:57:50.986+0000] {logging_mixin.py:149} INFO - [2023-06-03T20:57:50.986+0000] {dagbag.py:541} INFO - Filling up the DagBag from /home/airflow/.local/lib/python3.7/site-packages/airflow/example_dags/example_nested_branch_dag.py
[2023-06-03T20:57:50.993+0000] {processor.py:836} INFO - DAG(s) dict_keys(['example_nested_branch_dag']) retrieved from /home/airflow/.local/lib/python3.7/site-packages/airflow/example_dags/example_nested_branch_dag.py
[2023-06-03T20:57:51.012+0000] {logging_mixin.py:149} INFO - [2023-06-03T20:57:51.012+0000] {dag.py:2726} INFO - Sync 1 DAGs
[2023-06-03T20:57:51.031+0000] {logging_mixin.py:149} INFO - [2023-06-03T20:57:51.031+0000] {dag.py:3490} INFO - Setting next_dagrun for example_nested_branch_dag to 2023-06-02T00:00:00+00:00, run_after=2023-06-03T00:00:00+00:00
[2023-06-03T20:57:51.049+0000] {processor.py:179} INFO - Processing /home/airflow/.local/lib/python3.7/site-packages/airflow/example_dags/example_nested_branch_dag.py took 0.068 seconds
[2023-06-03T20:58:21.363+0000] {processor.py:157} INFO - Started process (PID=16632) to work on /home/airflow/.local/lib/python3.7/site-packages/airflow/example_dags/example_nested_branch_dag.py
[2023-06-03T20:58:21.364+0000] {processor.py:826} INFO - Processing file /home/airflow/.local/lib/python3.7/site-packages/airflow/example_dags/example_nested_branch_dag.py for tasks to queue
[2023-06-03T20:58:21.365+0000] {logging_mixin.py:149} INFO - [2023-06-03T20:58:21.365+0000] {dagbag.py:541} INFO - Filling up the DagBag from /home/airflow/.local/lib/python3.7/site-packages/airflow/example_dags/example_nested_branch_dag.py
[2023-06-03T20:58:21.373+0000] {processor.py:836} INFO - DAG(s) dict_keys(['example_nested_branch_dag']) retrieved from /home/airflow/.local/lib/python3.7/site-packages/airflow/example_dags/example_nested_branch_dag.py
[2023-06-03T20:58:21.391+0000] {logging_mixin.py:149} INFO - [2023-06-03T20:58:21.391+0000] {dag.py:2726} INFO - Sync 1 DAGs
[2023-06-03T20:58:21.412+0000] {logging_mixin.py:149} INFO - [2023-06-03T20:58:21.412+0000] {dag.py:3490} INFO - Setting next_dagrun for example_nested_branch_dag to 2023-06-02T00:00:00+00:00, run_after=2023-06-03T00:00:00+00:00
[2023-06-03T20:58:21.428+0000] {processor.py:179} INFO - Processing /home/airflow/.local/lib/python3.7/site-packages/airflow/example_dags/example_nested_branch_dag.py took 0.068 seconds
[2023-06-03T20:58:51.724+0000] {processor.py:157} INFO - Started process (PID=16884) to work on /home/airflow/.local/lib/python3.7/site-packages/airflow/example_dags/example_nested_branch_dag.py
[2023-06-03T20:58:51.725+0000] {processor.py:826} INFO - Processing file /home/airflow/.local/lib/python3.7/site-packages/airflow/example_dags/example_nested_branch_dag.py for tasks to queue
[2023-06-03T20:58:51.726+0000] {logging_mixin.py:149} INFO - [2023-06-03T20:58:51.726+0000] {dagbag.py:541} INFO - Filling up the DagBag from /home/airflow/.local/lib/python3.7/site-packages/airflow/example_dags/example_nested_branch_dag.py
[2023-06-03T20:58:51.734+0000] {processor.py:836} INFO - DAG(s) dict_keys(['example_nested_branch_dag']) retrieved from /home/airflow/.local/lib/python3.7/site-packages/airflow/example_dags/example_nested_branch_dag.py
[2023-06-03T20:58:51.752+0000] {logging_mixin.py:149} INFO - [2023-06-03T20:58:51.752+0000] {dag.py:2726} INFO - Sync 1 DAGs
[2023-06-03T20:58:51.771+0000] {logging_mixin.py:149} INFO - [2023-06-03T20:58:51.771+0000] {dag.py:3490} INFO - Setting next_dagrun for example_nested_branch_dag to 2023-06-02T00:00:00+00:00, run_after=2023-06-03T00:00:00+00:00
[2023-06-03T20:58:51.788+0000] {processor.py:179} INFO - Processing /home/airflow/.local/lib/python3.7/site-packages/airflow/example_dags/example_nested_branch_dag.py took 0.066 seconds
[2023-06-03T20:59:22.636+0000] {processor.py:157} INFO - Started process (PID=17136) to work on /home/airflow/.local/lib/python3.7/site-packages/airflow/example_dags/example_nested_branch_dag.py
[2023-06-03T20:59:22.637+0000] {processor.py:826} INFO - Processing file /home/airflow/.local/lib/python3.7/site-packages/airflow/example_dags/example_nested_branch_dag.py for tasks to queue
[2023-06-03T20:59:22.638+0000] {logging_mixin.py:149} INFO - [2023-06-03T20:59:22.638+0000] {dagbag.py:541} INFO - Filling up the DagBag from /home/airflow/.local/lib/python3.7/site-packages/airflow/example_dags/example_nested_branch_dag.py
[2023-06-03T20:59:22.646+0000] {processor.py:836} INFO - DAG(s) dict_keys(['example_nested_branch_dag']) retrieved from /home/airflow/.local/lib/python3.7/site-packages/airflow/example_dags/example_nested_branch_dag.py
[2023-06-03T20:59:22.664+0000] {logging_mixin.py:149} INFO - [2023-06-03T20:59:22.664+0000] {dag.py:2726} INFO - Sync 1 DAGs
[2023-06-03T20:59:22.683+0000] {logging_mixin.py:149} INFO - [2023-06-03T20:59:22.683+0000] {dag.py:3490} INFO - Setting next_dagrun for example_nested_branch_dag to 2023-06-02T00:00:00+00:00, run_after=2023-06-03T00:00:00+00:00
[2023-06-03T20:59:22.702+0000] {processor.py:179} INFO - Processing /home/airflow/.local/lib/python3.7/site-packages/airflow/example_dags/example_nested_branch_dag.py took 0.068 seconds
[2023-06-03T20:59:53.683+0000] {processor.py:157} INFO - Started process (PID=17388) to work on /home/airflow/.local/lib/python3.7/site-packages/airflow/example_dags/example_nested_branch_dag.py
[2023-06-03T20:59:53.684+0000] {processor.py:826} INFO - Processing file /home/airflow/.local/lib/python3.7/site-packages/airflow/example_dags/example_nested_branch_dag.py for tasks to queue
[2023-06-03T20:59:53.685+0000] {logging_mixin.py:149} INFO - [2023-06-03T20:59:53.685+0000] {dagbag.py:541} INFO - Filling up the DagBag from /home/airflow/.local/lib/python3.7/site-packages/airflow/example_dags/example_nested_branch_dag.py
[2023-06-03T20:59:53.693+0000] {processor.py:836} INFO - DAG(s) dict_keys(['example_nested_branch_dag']) retrieved from /home/airflow/.local/lib/python3.7/site-packages/airflow/example_dags/example_nested_branch_dag.py
[2023-06-03T20:59:53.710+0000] {logging_mixin.py:149} INFO - [2023-06-03T20:59:53.710+0000] {dag.py:2726} INFO - Sync 1 DAGs
[2023-06-03T20:59:53.729+0000] {logging_mixin.py:149} INFO - [2023-06-03T20:59:53.729+0000] {dag.py:3490} INFO - Setting next_dagrun for example_nested_branch_dag to 2023-06-02T00:00:00+00:00, run_after=2023-06-03T00:00:00+00:00
[2023-06-03T20:59:53.746+0000] {processor.py:179} INFO - Processing /home/airflow/.local/lib/python3.7/site-packages/airflow/example_dags/example_nested_branch_dag.py took 0.065 seconds
[2023-06-03T21:00:24.253+0000] {processor.py:157} INFO - Started process (PID=17640) to work on /home/airflow/.local/lib/python3.7/site-packages/airflow/example_dags/example_nested_branch_dag.py
[2023-06-03T21:00:24.254+0000] {processor.py:826} INFO - Processing file /home/airflow/.local/lib/python3.7/site-packages/airflow/example_dags/example_nested_branch_dag.py for tasks to queue
[2023-06-03T21:00:24.255+0000] {logging_mixin.py:149} INFO - [2023-06-03T21:00:24.255+0000] {dagbag.py:541} INFO - Filling up the DagBag from /home/airflow/.local/lib/python3.7/site-packages/airflow/example_dags/example_nested_branch_dag.py
[2023-06-03T21:00:24.262+0000] {processor.py:836} INFO - DAG(s) dict_keys(['example_nested_branch_dag']) retrieved from /home/airflow/.local/lib/python3.7/site-packages/airflow/example_dags/example_nested_branch_dag.py
[2023-06-03T21:00:24.280+0000] {logging_mixin.py:149} INFO - [2023-06-03T21:00:24.280+0000] {dag.py:2726} INFO - Sync 1 DAGs
[2023-06-03T21:00:24.298+0000] {logging_mixin.py:149} INFO - [2023-06-03T21:00:24.298+0000] {dag.py:3490} INFO - Setting next_dagrun for example_nested_branch_dag to 2023-06-02T00:00:00+00:00, run_after=2023-06-03T00:00:00+00:00
[2023-06-03T21:00:24.337+0000] {processor.py:179} INFO - Processing /home/airflow/.local/lib/python3.7/site-packages/airflow/example_dags/example_nested_branch_dag.py took 0.087 seconds
[2023-06-03T21:00:55.725+0000] {processor.py:157} INFO - Started process (PID=17892) to work on /home/airflow/.local/lib/python3.7/site-packages/airflow/example_dags/example_nested_branch_dag.py
[2023-06-03T21:00:55.727+0000] {processor.py:826} INFO - Processing file /home/airflow/.local/lib/python3.7/site-packages/airflow/example_dags/example_nested_branch_dag.py for tasks to queue
[2023-06-03T21:00:55.728+0000] {logging_mixin.py:149} INFO - [2023-06-03T21:00:55.728+0000] {dagbag.py:541} INFO - Filling up the DagBag from /home/airflow/.local/lib/python3.7/site-packages/airflow/example_dags/example_nested_branch_dag.py
[2023-06-03T21:00:55.740+0000] {processor.py:836} INFO - DAG(s) dict_keys(['example_nested_branch_dag']) retrieved from /home/airflow/.local/lib/python3.7/site-packages/airflow/example_dags/example_nested_branch_dag.py
[2023-06-03T21:00:55.771+0000] {logging_mixin.py:149} INFO - [2023-06-03T21:00:55.770+0000] {dag.py:2726} INFO - Sync 1 DAGs
[2023-06-03T21:00:55.803+0000] {logging_mixin.py:149} INFO - [2023-06-03T21:00:55.802+0000] {dag.py:3490} INFO - Setting next_dagrun for example_nested_branch_dag to 2023-06-02T00:00:00+00:00, run_after=2023-06-03T00:00:00+00:00
[2023-06-03T21:00:55.829+0000] {processor.py:179} INFO - Processing /home/airflow/.local/lib/python3.7/site-packages/airflow/example_dags/example_nested_branch_dag.py took 0.108 seconds
