[2023-06-03T20:25:41.738+0000] {processor.py:157} INFO - Started process (PID=184) to work on /home/airflow/.local/lib/python3.7/site-packages/airflow/example_dags/example_trigger_target_dag.py
[2023-06-03T20:25:41.739+0000] {processor.py:826} INFO - Processing file /home/airflow/.local/lib/python3.7/site-packages/airflow/example_dags/example_trigger_target_dag.py for tasks to queue
[2023-06-03T20:25:41.740+0000] {logging_mixin.py:149} INFO - [2023-06-03T20:25:41.740+0000] {dagbag.py:541} INFO - Filling up the DagBag from /home/airflow/.local/lib/python3.7/site-packages/airflow/example_dags/example_trigger_target_dag.py
[2023-06-03T20:25:41.747+0000] {processor.py:836} INFO - DAG(s) dict_keys(['example_trigger_target_dag']) retrieved from /home/airflow/.local/lib/python3.7/site-packages/airflow/example_dags/example_trigger_target_dag.py
[2023-06-03T20:25:41.756+0000] {logging_mixin.py:149} INFO - [2023-06-03T20:25:41.756+0000] {dag.py:2726} INFO - Sync 1 DAGs
[2023-06-03T20:25:41.779+0000] {logging_mixin.py:149} INFO - [2023-06-03T20:25:41.779+0000] {dag.py:3490} INFO - Setting next_dagrun for example_trigger_target_dag to None, run_after=None
[2023-06-03T20:25:41.798+0000] {processor.py:179} INFO - Processing /home/airflow/.local/lib/python3.7/site-packages/airflow/example_dags/example_trigger_target_dag.py took 0.062 seconds
[2023-06-03T20:26:12.604+0000] {processor.py:157} INFO - Started process (PID=436) to work on /home/airflow/.local/lib/python3.7/site-packages/airflow/example_dags/example_trigger_target_dag.py
[2023-06-03T20:26:12.605+0000] {processor.py:826} INFO - Processing file /home/airflow/.local/lib/python3.7/site-packages/airflow/example_dags/example_trigger_target_dag.py for tasks to queue
[2023-06-03T20:26:12.606+0000] {logging_mixin.py:149} INFO - [2023-06-03T20:26:12.606+0000] {dagbag.py:541} INFO - Filling up the DagBag from /home/airflow/.local/lib/python3.7/site-packages/airflow/example_dags/example_trigger_target_dag.py
[2023-06-03T20:26:12.610+0000] {processor.py:836} INFO - DAG(s) dict_keys(['example_trigger_target_dag']) retrieved from /home/airflow/.local/lib/python3.7/site-packages/airflow/example_dags/example_trigger_target_dag.py
[2023-06-03T20:26:12.626+0000] {logging_mixin.py:149} INFO - [2023-06-03T20:26:12.626+0000] {dag.py:2726} INFO - Sync 1 DAGs
[2023-06-03T20:26:12.642+0000] {logging_mixin.py:149} INFO - [2023-06-03T20:26:12.642+0000] {dag.py:3490} INFO - Setting next_dagrun for example_trigger_target_dag to None, run_after=None
[2023-06-03T20:26:12.727+0000] {processor.py:179} INFO - Processing /home/airflow/.local/lib/python3.7/site-packages/airflow/example_dags/example_trigger_target_dag.py took 0.125 seconds
[2023-06-03T20:26:42.923+0000] {processor.py:157} INFO - Started process (PID=688) to work on /home/airflow/.local/lib/python3.7/site-packages/airflow/example_dags/example_trigger_target_dag.py
[2023-06-03T20:26:42.925+0000] {processor.py:826} INFO - Processing file /home/airflow/.local/lib/python3.7/site-packages/airflow/example_dags/example_trigger_target_dag.py for tasks to queue
[2023-06-03T20:26:42.926+0000] {logging_mixin.py:149} INFO - [2023-06-03T20:26:42.926+0000] {dagbag.py:541} INFO - Filling up the DagBag from /home/airflow/.local/lib/python3.7/site-packages/airflow/example_dags/example_trigger_target_dag.py
[2023-06-03T20:26:42.931+0000] {processor.py:836} INFO - DAG(s) dict_keys(['example_trigger_target_dag']) retrieved from /home/airflow/.local/lib/python3.7/site-packages/airflow/example_dags/example_trigger_target_dag.py
[2023-06-03T20:26:42.949+0000] {logging_mixin.py:149} INFO - [2023-06-03T20:26:42.949+0000] {dag.py:2726} INFO - Sync 1 DAGs
[2023-06-03T20:26:42.967+0000] {logging_mixin.py:149} INFO - [2023-06-03T20:26:42.967+0000] {dag.py:3490} INFO - Setting next_dagrun for example_trigger_target_dag to None, run_after=None
[2023-06-03T20:26:42.986+0000] {processor.py:179} INFO - Processing /home/airflow/.local/lib/python3.7/site-packages/airflow/example_dags/example_trigger_target_dag.py took 0.065 seconds
[2023-06-03T20:27:13.165+0000] {processor.py:157} INFO - Started process (PID=940) to work on /home/airflow/.local/lib/python3.7/site-packages/airflow/example_dags/example_trigger_target_dag.py
[2023-06-03T20:27:13.166+0000] {processor.py:826} INFO - Processing file /home/airflow/.local/lib/python3.7/site-packages/airflow/example_dags/example_trigger_target_dag.py for tasks to queue
[2023-06-03T20:27:13.167+0000] {logging_mixin.py:149} INFO - [2023-06-03T20:27:13.167+0000] {dagbag.py:541} INFO - Filling up the DagBag from /home/airflow/.local/lib/python3.7/site-packages/airflow/example_dags/example_trigger_target_dag.py
[2023-06-03T20:27:13.171+0000] {processor.py:836} INFO - DAG(s) dict_keys(['example_trigger_target_dag']) retrieved from /home/airflow/.local/lib/python3.7/site-packages/airflow/example_dags/example_trigger_target_dag.py
[2023-06-03T20:27:13.188+0000] {logging_mixin.py:149} INFO - [2023-06-03T20:27:13.188+0000] {dag.py:2726} INFO - Sync 1 DAGs
[2023-06-03T20:27:13.204+0000] {logging_mixin.py:149} INFO - [2023-06-03T20:27:13.204+0000] {dag.py:3490} INFO - Setting next_dagrun for example_trigger_target_dag to None, run_after=None
[2023-06-03T20:27:13.220+0000] {processor.py:179} INFO - Processing /home/airflow/.local/lib/python3.7/site-packages/airflow/example_dags/example_trigger_target_dag.py took 0.057 seconds
[2023-06-03T20:27:43.519+0000] {processor.py:157} INFO - Started process (PID=1192) to work on /home/airflow/.local/lib/python3.7/site-packages/airflow/example_dags/example_trigger_target_dag.py
[2023-06-03T20:27:43.520+0000] {processor.py:826} INFO - Processing file /home/airflow/.local/lib/python3.7/site-packages/airflow/example_dags/example_trigger_target_dag.py for tasks to queue
[2023-06-03T20:27:43.521+0000] {logging_mixin.py:149} INFO - [2023-06-03T20:27:43.521+0000] {dagbag.py:541} INFO - Filling up the DagBag from /home/airflow/.local/lib/python3.7/site-packages/airflow/example_dags/example_trigger_target_dag.py
[2023-06-03T20:27:43.527+0000] {processor.py:836} INFO - DAG(s) dict_keys(['example_trigger_target_dag']) retrieved from /home/airflow/.local/lib/python3.7/site-packages/airflow/example_dags/example_trigger_target_dag.py
[2023-06-03T20:27:43.545+0000] {logging_mixin.py:149} INFO - [2023-06-03T20:27:43.545+0000] {dag.py:2726} INFO - Sync 1 DAGs
[2023-06-03T20:27:43.562+0000] {logging_mixin.py:149} INFO - [2023-06-03T20:27:43.562+0000] {dag.py:3490} INFO - Setting next_dagrun for example_trigger_target_dag to None, run_after=None
[2023-06-03T20:27:43.579+0000] {processor.py:179} INFO - Processing /home/airflow/.local/lib/python3.7/site-packages/airflow/example_dags/example_trigger_target_dag.py took 0.063 seconds
[2023-06-03T20:28:13.834+0000] {processor.py:157} INFO - Started process (PID=1443) to work on /home/airflow/.local/lib/python3.7/site-packages/airflow/example_dags/example_trigger_target_dag.py
[2023-06-03T20:28:13.835+0000] {processor.py:826} INFO - Processing file /home/airflow/.local/lib/python3.7/site-packages/airflow/example_dags/example_trigger_target_dag.py for tasks to queue
[2023-06-03T20:28:13.838+0000] {logging_mixin.py:149} INFO - [2023-06-03T20:28:13.837+0000] {dagbag.py:541} INFO - Filling up the DagBag from /home/airflow/.local/lib/python3.7/site-packages/airflow/example_dags/example_trigger_target_dag.py
[2023-06-03T20:28:13.842+0000] {processor.py:836} INFO - DAG(s) dict_keys(['example_trigger_target_dag']) retrieved from /home/airflow/.local/lib/python3.7/site-packages/airflow/example_dags/example_trigger_target_dag.py
[2023-06-03T20:28:13.858+0000] {logging_mixin.py:149} INFO - [2023-06-03T20:28:13.858+0000] {dag.py:2726} INFO - Sync 1 DAGs
[2023-06-03T20:28:13.876+0000] {logging_mixin.py:149} INFO - [2023-06-03T20:28:13.876+0000] {dag.py:3490} INFO - Setting next_dagrun for example_trigger_target_dag to None, run_after=None
[2023-06-03T20:28:13.894+0000] {processor.py:179} INFO - Processing /home/airflow/.local/lib/python3.7/site-packages/airflow/example_dags/example_trigger_target_dag.py took 0.063 seconds
[2023-06-03T20:28:44.217+0000] {processor.py:157} INFO - Started process (PID=1697) to work on /home/airflow/.local/lib/python3.7/site-packages/airflow/example_dags/example_trigger_target_dag.py
[2023-06-03T20:28:44.219+0000] {processor.py:826} INFO - Processing file /home/airflow/.local/lib/python3.7/site-packages/airflow/example_dags/example_trigger_target_dag.py for tasks to queue
[2023-06-03T20:28:44.221+0000] {logging_mixin.py:149} INFO - [2023-06-03T20:28:44.221+0000] {dagbag.py:541} INFO - Filling up the DagBag from /home/airflow/.local/lib/python3.7/site-packages/airflow/example_dags/example_trigger_target_dag.py
[2023-06-03T20:28:44.229+0000] {processor.py:836} INFO - DAG(s) dict_keys(['example_trigger_target_dag']) retrieved from /home/airflow/.local/lib/python3.7/site-packages/airflow/example_dags/example_trigger_target_dag.py
[2023-06-03T20:28:44.247+0000] {logging_mixin.py:149} INFO - [2023-06-03T20:28:44.247+0000] {dag.py:2726} INFO - Sync 1 DAGs
[2023-06-03T20:28:44.265+0000] {logging_mixin.py:149} INFO - [2023-06-03T20:28:44.265+0000] {dag.py:3490} INFO - Setting next_dagrun for example_trigger_target_dag to None, run_after=None
[2023-06-03T20:28:44.283+0000] {processor.py:179} INFO - Processing /home/airflow/.local/lib/python3.7/site-packages/airflow/example_dags/example_trigger_target_dag.py took 0.072 seconds
[2023-06-03T20:29:14.564+0000] {processor.py:157} INFO - Started process (PID=1949) to work on /home/airflow/.local/lib/python3.7/site-packages/airflow/example_dags/example_trigger_target_dag.py
[2023-06-03T20:29:14.565+0000] {processor.py:826} INFO - Processing file /home/airflow/.local/lib/python3.7/site-packages/airflow/example_dags/example_trigger_target_dag.py for tasks to queue
[2023-06-03T20:29:14.566+0000] {logging_mixin.py:149} INFO - [2023-06-03T20:29:14.566+0000] {dagbag.py:541} INFO - Filling up the DagBag from /home/airflow/.local/lib/python3.7/site-packages/airflow/example_dags/example_trigger_target_dag.py
[2023-06-03T20:29:14.570+0000] {processor.py:836} INFO - DAG(s) dict_keys(['example_trigger_target_dag']) retrieved from /home/airflow/.local/lib/python3.7/site-packages/airflow/example_dags/example_trigger_target_dag.py
[2023-06-03T20:29:14.587+0000] {logging_mixin.py:149} INFO - [2023-06-03T20:29:14.587+0000] {dag.py:2726} INFO - Sync 1 DAGs
[2023-06-03T20:29:14.607+0000] {logging_mixin.py:149} INFO - [2023-06-03T20:29:14.607+0000] {dag.py:3490} INFO - Setting next_dagrun for example_trigger_target_dag to None, run_after=None
[2023-06-03T20:29:14.627+0000] {processor.py:179} INFO - Processing /home/airflow/.local/lib/python3.7/site-packages/airflow/example_dags/example_trigger_target_dag.py took 0.065 seconds
[2023-06-03T20:29:44.718+0000] {processor.py:157} INFO - Started process (PID=2199) to work on /home/airflow/.local/lib/python3.7/site-packages/airflow/example_dags/example_trigger_target_dag.py
[2023-06-03T20:29:44.720+0000] {processor.py:826} INFO - Processing file /home/airflow/.local/lib/python3.7/site-packages/airflow/example_dags/example_trigger_target_dag.py for tasks to queue
[2023-06-03T20:29:44.722+0000] {logging_mixin.py:149} INFO - [2023-06-03T20:29:44.721+0000] {dagbag.py:541} INFO - Filling up the DagBag from /home/airflow/.local/lib/python3.7/site-packages/airflow/example_dags/example_trigger_target_dag.py
[2023-06-03T20:29:44.728+0000] {processor.py:836} INFO - DAG(s) dict_keys(['example_trigger_target_dag']) retrieved from /home/airflow/.local/lib/python3.7/site-packages/airflow/example_dags/example_trigger_target_dag.py
[2023-06-03T20:29:44.746+0000] {logging_mixin.py:149} INFO - [2023-06-03T20:29:44.746+0000] {dag.py:2726} INFO - Sync 1 DAGs
[2023-06-03T20:29:44.763+0000] {logging_mixin.py:149} INFO - [2023-06-03T20:29:44.763+0000] {dag.py:3490} INFO - Setting next_dagrun for example_trigger_target_dag to None, run_after=None
[2023-06-03T20:29:44.781+0000] {processor.py:179} INFO - Processing /home/airflow/.local/lib/python3.7/site-packages/airflow/example_dags/example_trigger_target_dag.py took 0.065 seconds
[2023-06-03T20:30:14.844+0000] {processor.py:157} INFO - Started process (PID=2451) to work on /home/airflow/.local/lib/python3.7/site-packages/airflow/example_dags/example_trigger_target_dag.py
[2023-06-03T20:30:14.845+0000] {processor.py:826} INFO - Processing file /home/airflow/.local/lib/python3.7/site-packages/airflow/example_dags/example_trigger_target_dag.py for tasks to queue
[2023-06-03T20:30:14.846+0000] {logging_mixin.py:149} INFO - [2023-06-03T20:30:14.846+0000] {dagbag.py:541} INFO - Filling up the DagBag from /home/airflow/.local/lib/python3.7/site-packages/airflow/example_dags/example_trigger_target_dag.py
[2023-06-03T20:30:14.850+0000] {processor.py:836} INFO - DAG(s) dict_keys(['example_trigger_target_dag']) retrieved from /home/airflow/.local/lib/python3.7/site-packages/airflow/example_dags/example_trigger_target_dag.py
[2023-06-03T20:30:14.867+0000] {logging_mixin.py:149} INFO - [2023-06-03T20:30:14.866+0000] {dag.py:2726} INFO - Sync 1 DAGs
[2023-06-03T20:30:14.885+0000] {logging_mixin.py:149} INFO - [2023-06-03T20:30:14.884+0000] {dag.py:3490} INFO - Setting next_dagrun for example_trigger_target_dag to None, run_after=None
[2023-06-03T20:30:14.899+0000] {processor.py:179} INFO - Processing /home/airflow/.local/lib/python3.7/site-packages/airflow/example_dags/example_trigger_target_dag.py took 0.057 seconds
[2023-06-03T20:30:45.489+0000] {processor.py:157} INFO - Started process (PID=2705) to work on /home/airflow/.local/lib/python3.7/site-packages/airflow/example_dags/example_trigger_target_dag.py
[2023-06-03T20:30:45.490+0000] {processor.py:826} INFO - Processing file /home/airflow/.local/lib/python3.7/site-packages/airflow/example_dags/example_trigger_target_dag.py for tasks to queue
[2023-06-03T20:30:45.491+0000] {logging_mixin.py:149} INFO - [2023-06-03T20:30:45.491+0000] {dagbag.py:541} INFO - Filling up the DagBag from /home/airflow/.local/lib/python3.7/site-packages/airflow/example_dags/example_trigger_target_dag.py
[2023-06-03T20:30:45.496+0000] {processor.py:836} INFO - DAG(s) dict_keys(['example_trigger_target_dag']) retrieved from /home/airflow/.local/lib/python3.7/site-packages/airflow/example_dags/example_trigger_target_dag.py
[2023-06-03T20:30:45.513+0000] {logging_mixin.py:149} INFO - [2023-06-03T20:30:45.513+0000] {dag.py:2726} INFO - Sync 1 DAGs
[2023-06-03T20:30:45.533+0000] {logging_mixin.py:149} INFO - [2023-06-03T20:30:45.532+0000] {dag.py:3490} INFO - Setting next_dagrun for example_trigger_target_dag to None, run_after=None
[2023-06-03T20:30:45.550+0000] {processor.py:179} INFO - Processing /home/airflow/.local/lib/python3.7/site-packages/airflow/example_dags/example_trigger_target_dag.py took 0.063 seconds
[2023-06-03T20:31:15.711+0000] {processor.py:157} INFO - Started process (PID=2955) to work on /home/airflow/.local/lib/python3.7/site-packages/airflow/example_dags/example_trigger_target_dag.py
[2023-06-03T20:31:15.712+0000] {processor.py:826} INFO - Processing file /home/airflow/.local/lib/python3.7/site-packages/airflow/example_dags/example_trigger_target_dag.py for tasks to queue
[2023-06-03T20:31:15.713+0000] {logging_mixin.py:149} INFO - [2023-06-03T20:31:15.713+0000] {dagbag.py:541} INFO - Filling up the DagBag from /home/airflow/.local/lib/python3.7/site-packages/airflow/example_dags/example_trigger_target_dag.py
[2023-06-03T20:31:15.717+0000] {processor.py:836} INFO - DAG(s) dict_keys(['example_trigger_target_dag']) retrieved from /home/airflow/.local/lib/python3.7/site-packages/airflow/example_dags/example_trigger_target_dag.py
[2023-06-03T20:31:15.733+0000] {logging_mixin.py:149} INFO - [2023-06-03T20:31:15.733+0000] {dag.py:2726} INFO - Sync 1 DAGs
[2023-06-03T20:31:15.750+0000] {logging_mixin.py:149} INFO - [2023-06-03T20:31:15.750+0000] {dag.py:3490} INFO - Setting next_dagrun for example_trigger_target_dag to None, run_after=None
[2023-06-03T20:31:15.764+0000] {processor.py:179} INFO - Processing /home/airflow/.local/lib/python3.7/site-packages/airflow/example_dags/example_trigger_target_dag.py took 0.055 seconds
[2023-06-03T20:31:45.903+0000] {processor.py:157} INFO - Started process (PID=3209) to work on /home/airflow/.local/lib/python3.7/site-packages/airflow/example_dags/example_trigger_target_dag.py
[2023-06-03T20:31:45.904+0000] {processor.py:826} INFO - Processing file /home/airflow/.local/lib/python3.7/site-packages/airflow/example_dags/example_trigger_target_dag.py for tasks to queue
[2023-06-03T20:31:45.905+0000] {logging_mixin.py:149} INFO - [2023-06-03T20:31:45.905+0000] {dagbag.py:541} INFO - Filling up the DagBag from /home/airflow/.local/lib/python3.7/site-packages/airflow/example_dags/example_trigger_target_dag.py
[2023-06-03T20:31:45.911+0000] {processor.py:836} INFO - DAG(s) dict_keys(['example_trigger_target_dag']) retrieved from /home/airflow/.local/lib/python3.7/site-packages/airflow/example_dags/example_trigger_target_dag.py
[2023-06-03T20:31:45.930+0000] {logging_mixin.py:149} INFO - [2023-06-03T20:31:45.930+0000] {dag.py:2726} INFO - Sync 1 DAGs
[2023-06-03T20:31:45.946+0000] {logging_mixin.py:149} INFO - [2023-06-03T20:31:45.946+0000] {dag.py:3490} INFO - Setting next_dagrun for example_trigger_target_dag to None, run_after=None
[2023-06-03T20:31:45.962+0000] {processor.py:179} INFO - Processing /home/airflow/.local/lib/python3.7/site-packages/airflow/example_dags/example_trigger_target_dag.py took 0.062 seconds
[2023-06-03T20:32:16.185+0000] {processor.py:157} INFO - Started process (PID=3599) to work on /home/airflow/.local/lib/python3.7/site-packages/airflow/example_dags/example_trigger_target_dag.py
[2023-06-03T20:32:16.186+0000] {processor.py:826} INFO - Processing file /home/airflow/.local/lib/python3.7/site-packages/airflow/example_dags/example_trigger_target_dag.py for tasks to queue
[2023-06-03T20:32:16.187+0000] {logging_mixin.py:149} INFO - [2023-06-03T20:32:16.187+0000] {dagbag.py:541} INFO - Filling up the DagBag from /home/airflow/.local/lib/python3.7/site-packages/airflow/example_dags/example_trigger_target_dag.py
[2023-06-03T20:32:16.191+0000] {processor.py:836} INFO - DAG(s) dict_keys(['example_trigger_target_dag']) retrieved from /home/airflow/.local/lib/python3.7/site-packages/airflow/example_dags/example_trigger_target_dag.py
[2023-06-03T20:32:16.208+0000] {logging_mixin.py:149} INFO - [2023-06-03T20:32:16.208+0000] {dag.py:2726} INFO - Sync 1 DAGs
[2023-06-03T20:32:16.225+0000] {logging_mixin.py:149} INFO - [2023-06-03T20:32:16.225+0000] {dag.py:3490} INFO - Setting next_dagrun for example_trigger_target_dag to None, run_after=None
[2023-06-03T20:32:16.241+0000] {processor.py:179} INFO - Processing /home/airflow/.local/lib/python3.7/site-packages/airflow/example_dags/example_trigger_target_dag.py took 0.059 seconds
[2023-06-03T20:32:46.359+0000] {processor.py:157} INFO - Started process (PID=3851) to work on /home/airflow/.local/lib/python3.7/site-packages/airflow/example_dags/example_trigger_target_dag.py
[2023-06-03T20:32:46.360+0000] {processor.py:826} INFO - Processing file /home/airflow/.local/lib/python3.7/site-packages/airflow/example_dags/example_trigger_target_dag.py for tasks to queue
[2023-06-03T20:32:46.362+0000] {logging_mixin.py:149} INFO - [2023-06-03T20:32:46.362+0000] {dagbag.py:541} INFO - Filling up the DagBag from /home/airflow/.local/lib/python3.7/site-packages/airflow/example_dags/example_trigger_target_dag.py
[2023-06-03T20:32:46.366+0000] {processor.py:836} INFO - DAG(s) dict_keys(['example_trigger_target_dag']) retrieved from /home/airflow/.local/lib/python3.7/site-packages/airflow/example_dags/example_trigger_target_dag.py
[2023-06-03T20:32:46.383+0000] {logging_mixin.py:149} INFO - [2023-06-03T20:32:46.383+0000] {dag.py:2726} INFO - Sync 1 DAGs
[2023-06-03T20:32:46.401+0000] {logging_mixin.py:149} INFO - [2023-06-03T20:32:46.401+0000] {dag.py:3490} INFO - Setting next_dagrun for example_trigger_target_dag to None, run_after=None
[2023-06-03T20:32:46.419+0000] {processor.py:179} INFO - Processing /home/airflow/.local/lib/python3.7/site-packages/airflow/example_dags/example_trigger_target_dag.py took 0.063 seconds
[2023-06-03T20:33:16.485+0000] {processor.py:157} INFO - Started process (PID=4103) to work on /home/airflow/.local/lib/python3.7/site-packages/airflow/example_dags/example_trigger_target_dag.py
[2023-06-03T20:33:16.486+0000] {processor.py:826} INFO - Processing file /home/airflow/.local/lib/python3.7/site-packages/airflow/example_dags/example_trigger_target_dag.py for tasks to queue
[2023-06-03T20:33:16.488+0000] {logging_mixin.py:149} INFO - [2023-06-03T20:33:16.487+0000] {dagbag.py:541} INFO - Filling up the DagBag from /home/airflow/.local/lib/python3.7/site-packages/airflow/example_dags/example_trigger_target_dag.py
[2023-06-03T20:33:16.492+0000] {processor.py:836} INFO - DAG(s) dict_keys(['example_trigger_target_dag']) retrieved from /home/airflow/.local/lib/python3.7/site-packages/airflow/example_dags/example_trigger_target_dag.py
[2023-06-03T20:33:16.555+0000] {logging_mixin.py:149} INFO - [2023-06-03T20:33:16.555+0000] {dag.py:2726} INFO - Sync 1 DAGs
[2023-06-03T20:33:16.573+0000] {logging_mixin.py:149} INFO - [2023-06-03T20:33:16.573+0000] {dag.py:3490} INFO - Setting next_dagrun for example_trigger_target_dag to None, run_after=None
[2023-06-03T20:33:16.592+0000] {processor.py:179} INFO - Processing /home/airflow/.local/lib/python3.7/site-packages/airflow/example_dags/example_trigger_target_dag.py took 0.109 seconds
[2023-06-03T20:33:46.620+0000] {processor.py:157} INFO - Started process (PID=4353) to work on /home/airflow/.local/lib/python3.7/site-packages/airflow/example_dags/example_trigger_target_dag.py
[2023-06-03T20:33:46.621+0000] {processor.py:826} INFO - Processing file /home/airflow/.local/lib/python3.7/site-packages/airflow/example_dags/example_trigger_target_dag.py for tasks to queue
[2023-06-03T20:33:46.622+0000] {logging_mixin.py:149} INFO - [2023-06-03T20:33:46.622+0000] {dagbag.py:541} INFO - Filling up the DagBag from /home/airflow/.local/lib/python3.7/site-packages/airflow/example_dags/example_trigger_target_dag.py
[2023-06-03T20:33:46.626+0000] {processor.py:836} INFO - DAG(s) dict_keys(['example_trigger_target_dag']) retrieved from /home/airflow/.local/lib/python3.7/site-packages/airflow/example_dags/example_trigger_target_dag.py
[2023-06-03T20:33:46.642+0000] {logging_mixin.py:149} INFO - [2023-06-03T20:33:46.642+0000] {dag.py:2726} INFO - Sync 1 DAGs
[2023-06-03T20:33:46.658+0000] {logging_mixin.py:149} INFO - [2023-06-03T20:33:46.658+0000] {dag.py:3490} INFO - Setting next_dagrun for example_trigger_target_dag to None, run_after=None
[2023-06-03T20:33:46.672+0000] {processor.py:179} INFO - Processing /home/airflow/.local/lib/python3.7/site-packages/airflow/example_dags/example_trigger_target_dag.py took 0.054 seconds
[2023-06-03T20:34:17.288+0000] {processor.py:157} INFO - Started process (PID=4607) to work on /home/airflow/.local/lib/python3.7/site-packages/airflow/example_dags/example_trigger_target_dag.py
[2023-06-03T20:34:17.289+0000] {processor.py:826} INFO - Processing file /home/airflow/.local/lib/python3.7/site-packages/airflow/example_dags/example_trigger_target_dag.py for tasks to queue
[2023-06-03T20:34:17.290+0000] {logging_mixin.py:149} INFO - [2023-06-03T20:34:17.290+0000] {dagbag.py:541} INFO - Filling up the DagBag from /home/airflow/.local/lib/python3.7/site-packages/airflow/example_dags/example_trigger_target_dag.py
[2023-06-03T20:34:17.294+0000] {processor.py:836} INFO - DAG(s) dict_keys(['example_trigger_target_dag']) retrieved from /home/airflow/.local/lib/python3.7/site-packages/airflow/example_dags/example_trigger_target_dag.py
[2023-06-03T20:34:17.309+0000] {logging_mixin.py:149} INFO - [2023-06-03T20:34:17.309+0000] {dag.py:2726} INFO - Sync 1 DAGs
[2023-06-03T20:34:17.326+0000] {logging_mixin.py:149} INFO - [2023-06-03T20:34:17.326+0000] {dag.py:3490} INFO - Setting next_dagrun for example_trigger_target_dag to None, run_after=None
[2023-06-03T20:34:17.341+0000] {processor.py:179} INFO - Processing /home/airflow/.local/lib/python3.7/site-packages/airflow/example_dags/example_trigger_target_dag.py took 0.055 seconds
[2023-06-03T20:34:47.827+0000] {processor.py:157} INFO - Started process (PID=4859) to work on /home/airflow/.local/lib/python3.7/site-packages/airflow/example_dags/example_trigger_target_dag.py
[2023-06-03T20:34:47.829+0000] {processor.py:826} INFO - Processing file /home/airflow/.local/lib/python3.7/site-packages/airflow/example_dags/example_trigger_target_dag.py for tasks to queue
[2023-06-03T20:34:47.832+0000] {logging_mixin.py:149} INFO - [2023-06-03T20:34:47.832+0000] {dagbag.py:541} INFO - Filling up the DagBag from /home/airflow/.local/lib/python3.7/site-packages/airflow/example_dags/example_trigger_target_dag.py
[2023-06-03T20:34:47.838+0000] {processor.py:836} INFO - DAG(s) dict_keys(['example_trigger_target_dag']) retrieved from /home/airflow/.local/lib/python3.7/site-packages/airflow/example_dags/example_trigger_target_dag.py
[2023-06-03T20:34:47.857+0000] {logging_mixin.py:149} INFO - [2023-06-03T20:34:47.857+0000] {dag.py:2726} INFO - Sync 1 DAGs
[2023-06-03T20:34:47.884+0000] {logging_mixin.py:149} INFO - [2023-06-03T20:34:47.884+0000] {dag.py:3490} INFO - Setting next_dagrun for example_trigger_target_dag to None, run_after=None
[2023-06-03T20:34:47.904+0000] {processor.py:179} INFO - Processing /home/airflow/.local/lib/python3.7/site-packages/airflow/example_dags/example_trigger_target_dag.py took 0.081 seconds
[2023-06-03T20:35:18.201+0000] {processor.py:157} INFO - Started process (PID=5111) to work on /home/airflow/.local/lib/python3.7/site-packages/airflow/example_dags/example_trigger_target_dag.py
[2023-06-03T20:35:18.202+0000] {processor.py:826} INFO - Processing file /home/airflow/.local/lib/python3.7/site-packages/airflow/example_dags/example_trigger_target_dag.py for tasks to queue
[2023-06-03T20:35:18.203+0000] {logging_mixin.py:149} INFO - [2023-06-03T20:35:18.202+0000] {dagbag.py:541} INFO - Filling up the DagBag from /home/airflow/.local/lib/python3.7/site-packages/airflow/example_dags/example_trigger_target_dag.py
[2023-06-03T20:35:18.207+0000] {processor.py:836} INFO - DAG(s) dict_keys(['example_trigger_target_dag']) retrieved from /home/airflow/.local/lib/python3.7/site-packages/airflow/example_dags/example_trigger_target_dag.py
[2023-06-03T20:35:18.223+0000] {logging_mixin.py:149} INFO - [2023-06-03T20:35:18.223+0000] {dag.py:2726} INFO - Sync 1 DAGs
[2023-06-03T20:35:18.240+0000] {logging_mixin.py:149} INFO - [2023-06-03T20:35:18.240+0000] {dag.py:3490} INFO - Setting next_dagrun for example_trigger_target_dag to None, run_after=None
[2023-06-03T20:35:18.258+0000] {processor.py:179} INFO - Processing /home/airflow/.local/lib/python3.7/site-packages/airflow/example_dags/example_trigger_target_dag.py took 0.060 seconds
[2023-06-03T20:35:48.937+0000] {processor.py:157} INFO - Started process (PID=5363) to work on /home/airflow/.local/lib/python3.7/site-packages/airflow/example_dags/example_trigger_target_dag.py
[2023-06-03T20:35:48.938+0000] {processor.py:826} INFO - Processing file /home/airflow/.local/lib/python3.7/site-packages/airflow/example_dags/example_trigger_target_dag.py for tasks to queue
[2023-06-03T20:35:48.939+0000] {logging_mixin.py:149} INFO - [2023-06-03T20:35:48.939+0000] {dagbag.py:541} INFO - Filling up the DagBag from /home/airflow/.local/lib/python3.7/site-packages/airflow/example_dags/example_trigger_target_dag.py
[2023-06-03T20:35:48.944+0000] {processor.py:836} INFO - DAG(s) dict_keys(['example_trigger_target_dag']) retrieved from /home/airflow/.local/lib/python3.7/site-packages/airflow/example_dags/example_trigger_target_dag.py
[2023-06-03T20:35:48.960+0000] {logging_mixin.py:149} INFO - [2023-06-03T20:35:48.960+0000] {dag.py:2726} INFO - Sync 1 DAGs
[2023-06-03T20:35:48.978+0000] {logging_mixin.py:149} INFO - [2023-06-03T20:35:48.977+0000] {dag.py:3490} INFO - Setting next_dagrun for example_trigger_target_dag to None, run_after=None
[2023-06-03T20:35:48.994+0000] {processor.py:179} INFO - Processing /home/airflow/.local/lib/python3.7/site-packages/airflow/example_dags/example_trigger_target_dag.py took 0.060 seconds
[2023-06-03T20:36:19.534+0000] {processor.py:157} INFO - Started process (PID=5613) to work on /home/airflow/.local/lib/python3.7/site-packages/airflow/example_dags/example_trigger_target_dag.py
[2023-06-03T20:36:19.537+0000] {processor.py:826} INFO - Processing file /home/airflow/.local/lib/python3.7/site-packages/airflow/example_dags/example_trigger_target_dag.py for tasks to queue
[2023-06-03T20:36:19.538+0000] {logging_mixin.py:149} INFO - [2023-06-03T20:36:19.538+0000] {dagbag.py:541} INFO - Filling up the DagBag from /home/airflow/.local/lib/python3.7/site-packages/airflow/example_dags/example_trigger_target_dag.py
[2023-06-03T20:36:19.543+0000] {processor.py:836} INFO - DAG(s) dict_keys(['example_trigger_target_dag']) retrieved from /home/airflow/.local/lib/python3.7/site-packages/airflow/example_dags/example_trigger_target_dag.py
[2023-06-03T20:36:19.560+0000] {logging_mixin.py:149} INFO - [2023-06-03T20:36:19.560+0000] {dag.py:2726} INFO - Sync 1 DAGs
[2023-06-03T20:36:19.576+0000] {logging_mixin.py:149} INFO - [2023-06-03T20:36:19.576+0000] {dag.py:3490} INFO - Setting next_dagrun for example_trigger_target_dag to None, run_after=None
[2023-06-03T20:36:19.591+0000] {processor.py:179} INFO - Processing /home/airflow/.local/lib/python3.7/site-packages/airflow/example_dags/example_trigger_target_dag.py took 0.059 seconds
[2023-06-03T20:36:50.109+0000] {processor.py:157} INFO - Started process (PID=5865) to work on /home/airflow/.local/lib/python3.7/site-packages/airflow/example_dags/example_trigger_target_dag.py
[2023-06-03T20:36:50.110+0000] {processor.py:826} INFO - Processing file /home/airflow/.local/lib/python3.7/site-packages/airflow/example_dags/example_trigger_target_dag.py for tasks to queue
[2023-06-03T20:36:50.111+0000] {logging_mixin.py:149} INFO - [2023-06-03T20:36:50.111+0000] {dagbag.py:541} INFO - Filling up the DagBag from /home/airflow/.local/lib/python3.7/site-packages/airflow/example_dags/example_trigger_target_dag.py
[2023-06-03T20:36:50.116+0000] {processor.py:836} INFO - DAG(s) dict_keys(['example_trigger_target_dag']) retrieved from /home/airflow/.local/lib/python3.7/site-packages/airflow/example_dags/example_trigger_target_dag.py
[2023-06-03T20:36:50.132+0000] {logging_mixin.py:149} INFO - [2023-06-03T20:36:50.132+0000] {dag.py:2726} INFO - Sync 1 DAGs
[2023-06-03T20:36:50.148+0000] {logging_mixin.py:149} INFO - [2023-06-03T20:36:50.148+0000] {dag.py:3490} INFO - Setting next_dagrun for example_trigger_target_dag to None, run_after=None
[2023-06-03T20:36:50.163+0000] {processor.py:179} INFO - Processing /home/airflow/.local/lib/python3.7/site-packages/airflow/example_dags/example_trigger_target_dag.py took 0.055 seconds
[2023-06-03T20:37:20.840+0000] {processor.py:157} INFO - Started process (PID=6117) to work on /home/airflow/.local/lib/python3.7/site-packages/airflow/example_dags/example_trigger_target_dag.py
[2023-06-03T20:37:20.842+0000] {processor.py:826} INFO - Processing file /home/airflow/.local/lib/python3.7/site-packages/airflow/example_dags/example_trigger_target_dag.py for tasks to queue
[2023-06-03T20:37:20.843+0000] {logging_mixin.py:149} INFO - [2023-06-03T20:37:20.843+0000] {dagbag.py:541} INFO - Filling up the DagBag from /home/airflow/.local/lib/python3.7/site-packages/airflow/example_dags/example_trigger_target_dag.py
[2023-06-03T20:37:20.847+0000] {processor.py:836} INFO - DAG(s) dict_keys(['example_trigger_target_dag']) retrieved from /home/airflow/.local/lib/python3.7/site-packages/airflow/example_dags/example_trigger_target_dag.py
[2023-06-03T20:37:20.864+0000] {logging_mixin.py:149} INFO - [2023-06-03T20:37:20.864+0000] {dag.py:2726} INFO - Sync 1 DAGs
[2023-06-03T20:37:20.880+0000] {logging_mixin.py:149} INFO - [2023-06-03T20:37:20.880+0000] {dag.py:3490} INFO - Setting next_dagrun for example_trigger_target_dag to None, run_after=None
[2023-06-03T20:37:20.897+0000] {processor.py:179} INFO - Processing /home/airflow/.local/lib/python3.7/site-packages/airflow/example_dags/example_trigger_target_dag.py took 0.059 seconds
[2023-06-03T20:37:51.579+0000] {processor.py:157} INFO - Started process (PID=6371) to work on /home/airflow/.local/lib/python3.7/site-packages/airflow/example_dags/example_trigger_target_dag.py
[2023-06-03T20:37:51.581+0000] {processor.py:826} INFO - Processing file /home/airflow/.local/lib/python3.7/site-packages/airflow/example_dags/example_trigger_target_dag.py for tasks to queue
[2023-06-03T20:37:51.583+0000] {logging_mixin.py:149} INFO - [2023-06-03T20:37:51.583+0000] {dagbag.py:541} INFO - Filling up the DagBag from /home/airflow/.local/lib/python3.7/site-packages/airflow/example_dags/example_trigger_target_dag.py
[2023-06-03T20:37:51.591+0000] {processor.py:836} INFO - DAG(s) dict_keys(['example_trigger_target_dag']) retrieved from /home/airflow/.local/lib/python3.7/site-packages/airflow/example_dags/example_trigger_target_dag.py
[2023-06-03T20:37:51.613+0000] {logging_mixin.py:149} INFO - [2023-06-03T20:37:51.613+0000] {dag.py:2726} INFO - Sync 1 DAGs
[2023-06-03T20:37:51.630+0000] {logging_mixin.py:149} INFO - [2023-06-03T20:37:51.630+0000] {dag.py:3490} INFO - Setting next_dagrun for example_trigger_target_dag to None, run_after=None
[2023-06-03T20:37:51.644+0000] {processor.py:179} INFO - Processing /home/airflow/.local/lib/python3.7/site-packages/airflow/example_dags/example_trigger_target_dag.py took 0.068 seconds
[2023-06-03T20:38:21.739+0000] {processor.py:157} INFO - Started process (PID=6623) to work on /home/airflow/.local/lib/python3.7/site-packages/airflow/example_dags/example_trigger_target_dag.py
[2023-06-03T20:38:21.740+0000] {processor.py:826} INFO - Processing file /home/airflow/.local/lib/python3.7/site-packages/airflow/example_dags/example_trigger_target_dag.py for tasks to queue
[2023-06-03T20:38:21.741+0000] {logging_mixin.py:149} INFO - [2023-06-03T20:38:21.741+0000] {dagbag.py:541} INFO - Filling up the DagBag from /home/airflow/.local/lib/python3.7/site-packages/airflow/example_dags/example_trigger_target_dag.py
[2023-06-03T20:38:21.746+0000] {processor.py:836} INFO - DAG(s) dict_keys(['example_trigger_target_dag']) retrieved from /home/airflow/.local/lib/python3.7/site-packages/airflow/example_dags/example_trigger_target_dag.py
[2023-06-03T20:38:21.761+0000] {logging_mixin.py:149} INFO - [2023-06-03T20:38:21.761+0000] {dag.py:2726} INFO - Sync 1 DAGs
[2023-06-03T20:38:21.778+0000] {logging_mixin.py:149} INFO - [2023-06-03T20:38:21.777+0000] {dag.py:3490} INFO - Setting next_dagrun for example_trigger_target_dag to None, run_after=None
[2023-06-03T20:38:21.794+0000] {processor.py:179} INFO - Processing /home/airflow/.local/lib/python3.7/site-packages/airflow/example_dags/example_trigger_target_dag.py took 0.057 seconds
[2023-06-03T20:38:51.932+0000] {processor.py:157} INFO - Started process (PID=6873) to work on /home/airflow/.local/lib/python3.7/site-packages/airflow/example_dags/example_trigger_target_dag.py
[2023-06-03T20:38:51.934+0000] {processor.py:826} INFO - Processing file /home/airflow/.local/lib/python3.7/site-packages/airflow/example_dags/example_trigger_target_dag.py for tasks to queue
[2023-06-03T20:38:51.937+0000] {logging_mixin.py:149} INFO - [2023-06-03T20:38:51.937+0000] {dagbag.py:541} INFO - Filling up the DagBag from /home/airflow/.local/lib/python3.7/site-packages/airflow/example_dags/example_trigger_target_dag.py
[2023-06-03T20:38:51.942+0000] {processor.py:836} INFO - DAG(s) dict_keys(['example_trigger_target_dag']) retrieved from /home/airflow/.local/lib/python3.7/site-packages/airflow/example_dags/example_trigger_target_dag.py
[2023-06-03T20:38:51.958+0000] {logging_mixin.py:149} INFO - [2023-06-03T20:38:51.958+0000] {dag.py:2726} INFO - Sync 1 DAGs
[2023-06-03T20:38:51.975+0000] {logging_mixin.py:149} INFO - [2023-06-03T20:38:51.975+0000] {dag.py:3490} INFO - Setting next_dagrun for example_trigger_target_dag to None, run_after=None
[2023-06-03T20:38:51.992+0000] {processor.py:179} INFO - Processing /home/airflow/.local/lib/python3.7/site-packages/airflow/example_dags/example_trigger_target_dag.py took 0.062 seconds
[2023-06-03T20:39:22.319+0000] {processor.py:157} INFO - Started process (PID=7127) to work on /home/airflow/.local/lib/python3.7/site-packages/airflow/example_dags/example_trigger_target_dag.py
[2023-06-03T20:39:22.320+0000] {processor.py:826} INFO - Processing file /home/airflow/.local/lib/python3.7/site-packages/airflow/example_dags/example_trigger_target_dag.py for tasks to queue
[2023-06-03T20:39:22.321+0000] {logging_mixin.py:149} INFO - [2023-06-03T20:39:22.321+0000] {dagbag.py:541} INFO - Filling up the DagBag from /home/airflow/.local/lib/python3.7/site-packages/airflow/example_dags/example_trigger_target_dag.py
[2023-06-03T20:39:22.325+0000] {processor.py:836} INFO - DAG(s) dict_keys(['example_trigger_target_dag']) retrieved from /home/airflow/.local/lib/python3.7/site-packages/airflow/example_dags/example_trigger_target_dag.py
[2023-06-03T20:39:22.342+0000] {logging_mixin.py:149} INFO - [2023-06-03T20:39:22.341+0000] {dag.py:2726} INFO - Sync 1 DAGs
[2023-06-03T20:39:22.358+0000] {logging_mixin.py:149} INFO - [2023-06-03T20:39:22.358+0000] {dag.py:3490} INFO - Setting next_dagrun for example_trigger_target_dag to None, run_after=None
[2023-06-03T20:39:22.375+0000] {processor.py:179} INFO - Processing /home/airflow/.local/lib/python3.7/site-packages/airflow/example_dags/example_trigger_target_dag.py took 0.059 seconds
[2023-06-03T20:39:52.455+0000] {processor.py:157} INFO - Started process (PID=7379) to work on /home/airflow/.local/lib/python3.7/site-packages/airflow/example_dags/example_trigger_target_dag.py
[2023-06-03T20:39:52.456+0000] {processor.py:826} INFO - Processing file /home/airflow/.local/lib/python3.7/site-packages/airflow/example_dags/example_trigger_target_dag.py for tasks to queue
[2023-06-03T20:39:52.458+0000] {logging_mixin.py:149} INFO - [2023-06-03T20:39:52.457+0000] {dagbag.py:541} INFO - Filling up the DagBag from /home/airflow/.local/lib/python3.7/site-packages/airflow/example_dags/example_trigger_target_dag.py
[2023-06-03T20:39:52.462+0000] {processor.py:836} INFO - DAG(s) dict_keys(['example_trigger_target_dag']) retrieved from /home/airflow/.local/lib/python3.7/site-packages/airflow/example_dags/example_trigger_target_dag.py
[2023-06-03T20:39:52.480+0000] {logging_mixin.py:149} INFO - [2023-06-03T20:39:52.480+0000] {dag.py:2726} INFO - Sync 1 DAGs
[2023-06-03T20:39:52.497+0000] {logging_mixin.py:149} INFO - [2023-06-03T20:39:52.497+0000] {dag.py:3490} INFO - Setting next_dagrun for example_trigger_target_dag to None, run_after=None
[2023-06-03T20:39:52.514+0000] {processor.py:179} INFO - Processing /home/airflow/.local/lib/python3.7/site-packages/airflow/example_dags/example_trigger_target_dag.py took 0.062 seconds
[2023-06-03T20:40:22.926+0000] {processor.py:157} INFO - Started process (PID=7631) to work on /home/airflow/.local/lib/python3.7/site-packages/airflow/example_dags/example_trigger_target_dag.py
[2023-06-03T20:40:22.927+0000] {processor.py:826} INFO - Processing file /home/airflow/.local/lib/python3.7/site-packages/airflow/example_dags/example_trigger_target_dag.py for tasks to queue
[2023-06-03T20:40:22.928+0000] {logging_mixin.py:149} INFO - [2023-06-03T20:40:22.928+0000] {dagbag.py:541} INFO - Filling up the DagBag from /home/airflow/.local/lib/python3.7/site-packages/airflow/example_dags/example_trigger_target_dag.py
[2023-06-03T20:40:22.933+0000] {processor.py:836} INFO - DAG(s) dict_keys(['example_trigger_target_dag']) retrieved from /home/airflow/.local/lib/python3.7/site-packages/airflow/example_dags/example_trigger_target_dag.py
[2023-06-03T20:40:22.994+0000] {logging_mixin.py:149} INFO - [2023-06-03T20:40:22.994+0000] {dag.py:2726} INFO - Sync 1 DAGs
[2023-06-03T20:40:23.012+0000] {logging_mixin.py:149} INFO - [2023-06-03T20:40:23.012+0000] {dag.py:3490} INFO - Setting next_dagrun for example_trigger_target_dag to None, run_after=None
[2023-06-03T20:40:23.031+0000] {processor.py:179} INFO - Processing /home/airflow/.local/lib/python3.7/site-packages/airflow/example_dags/example_trigger_target_dag.py took 0.107 seconds
[2023-06-03T20:40:53.876+0000] {processor.py:157} INFO - Started process (PID=7883) to work on /home/airflow/.local/lib/python3.7/site-packages/airflow/example_dags/example_trigger_target_dag.py
[2023-06-03T20:40:53.878+0000] {processor.py:826} INFO - Processing file /home/airflow/.local/lib/python3.7/site-packages/airflow/example_dags/example_trigger_target_dag.py for tasks to queue
[2023-06-03T20:40:53.879+0000] {logging_mixin.py:149} INFO - [2023-06-03T20:40:53.879+0000] {dagbag.py:541} INFO - Filling up the DagBag from /home/airflow/.local/lib/python3.7/site-packages/airflow/example_dags/example_trigger_target_dag.py
[2023-06-03T20:40:53.883+0000] {processor.py:836} INFO - DAG(s) dict_keys(['example_trigger_target_dag']) retrieved from /home/airflow/.local/lib/python3.7/site-packages/airflow/example_dags/example_trigger_target_dag.py
[2023-06-03T20:40:53.901+0000] {logging_mixin.py:149} INFO - [2023-06-03T20:40:53.901+0000] {dag.py:2726} INFO - Sync 1 DAGs
[2023-06-03T20:40:53.923+0000] {logging_mixin.py:149} INFO - [2023-06-03T20:40:53.923+0000] {dag.py:3490} INFO - Setting next_dagrun for example_trigger_target_dag to None, run_after=None
[2023-06-03T20:40:53.940+0000] {processor.py:179} INFO - Processing /home/airflow/.local/lib/python3.7/site-packages/airflow/example_dags/example_trigger_target_dag.py took 0.067 seconds
[2023-06-03T20:41:24.128+0000] {processor.py:157} INFO - Started process (PID=8135) to work on /home/airflow/.local/lib/python3.7/site-packages/airflow/example_dags/example_trigger_target_dag.py
[2023-06-03T20:41:24.129+0000] {processor.py:826} INFO - Processing file /home/airflow/.local/lib/python3.7/site-packages/airflow/example_dags/example_trigger_target_dag.py for tasks to queue
[2023-06-03T20:41:24.130+0000] {logging_mixin.py:149} INFO - [2023-06-03T20:41:24.130+0000] {dagbag.py:541} INFO - Filling up the DagBag from /home/airflow/.local/lib/python3.7/site-packages/airflow/example_dags/example_trigger_target_dag.py
[2023-06-03T20:41:24.135+0000] {processor.py:836} INFO - DAG(s) dict_keys(['example_trigger_target_dag']) retrieved from /home/airflow/.local/lib/python3.7/site-packages/airflow/example_dags/example_trigger_target_dag.py
[2023-06-03T20:41:24.152+0000] {logging_mixin.py:149} INFO - [2023-06-03T20:41:24.152+0000] {dag.py:2726} INFO - Sync 1 DAGs
[2023-06-03T20:41:24.172+0000] {logging_mixin.py:149} INFO - [2023-06-03T20:41:24.172+0000] {dag.py:3490} INFO - Setting next_dagrun for example_trigger_target_dag to None, run_after=None
[2023-06-03T20:41:24.189+0000] {processor.py:179} INFO - Processing /home/airflow/.local/lib/python3.7/site-packages/airflow/example_dags/example_trigger_target_dag.py took 0.063 seconds
[2023-06-03T20:41:54.447+0000] {processor.py:157} INFO - Started process (PID=8387) to work on /home/airflow/.local/lib/python3.7/site-packages/airflow/example_dags/example_trigger_target_dag.py
[2023-06-03T20:41:54.448+0000] {processor.py:826} INFO - Processing file /home/airflow/.local/lib/python3.7/site-packages/airflow/example_dags/example_trigger_target_dag.py for tasks to queue
[2023-06-03T20:41:54.449+0000] {logging_mixin.py:149} INFO - [2023-06-03T20:41:54.449+0000] {dagbag.py:541} INFO - Filling up the DagBag from /home/airflow/.local/lib/python3.7/site-packages/airflow/example_dags/example_trigger_target_dag.py
[2023-06-03T20:41:54.453+0000] {processor.py:836} INFO - DAG(s) dict_keys(['example_trigger_target_dag']) retrieved from /home/airflow/.local/lib/python3.7/site-packages/airflow/example_dags/example_trigger_target_dag.py
[2023-06-03T20:41:54.470+0000] {logging_mixin.py:149} INFO - [2023-06-03T20:41:54.470+0000] {dag.py:2726} INFO - Sync 1 DAGs
[2023-06-03T20:41:54.487+0000] {logging_mixin.py:149} INFO - [2023-06-03T20:41:54.487+0000] {dag.py:3490} INFO - Setting next_dagrun for example_trigger_target_dag to None, run_after=None
[2023-06-03T20:41:54.503+0000] {processor.py:179} INFO - Processing /home/airflow/.local/lib/python3.7/site-packages/airflow/example_dags/example_trigger_target_dag.py took 0.059 seconds
[2023-06-03T20:42:24.627+0000] {processor.py:157} INFO - Started process (PID=8639) to work on /home/airflow/.local/lib/python3.7/site-packages/airflow/example_dags/example_trigger_target_dag.py
[2023-06-03T20:42:24.628+0000] {processor.py:826} INFO - Processing file /home/airflow/.local/lib/python3.7/site-packages/airflow/example_dags/example_trigger_target_dag.py for tasks to queue
[2023-06-03T20:42:24.630+0000] {logging_mixin.py:149} INFO - [2023-06-03T20:42:24.629+0000] {dagbag.py:541} INFO - Filling up the DagBag from /home/airflow/.local/lib/python3.7/site-packages/airflow/example_dags/example_trigger_target_dag.py
[2023-06-03T20:42:24.634+0000] {processor.py:836} INFO - DAG(s) dict_keys(['example_trigger_target_dag']) retrieved from /home/airflow/.local/lib/python3.7/site-packages/airflow/example_dags/example_trigger_target_dag.py
[2023-06-03T20:42:24.652+0000] {logging_mixin.py:149} INFO - [2023-06-03T20:42:24.652+0000] {dag.py:2726} INFO - Sync 1 DAGs
[2023-06-03T20:42:24.669+0000] {logging_mixin.py:149} INFO - [2023-06-03T20:42:24.669+0000] {dag.py:3490} INFO - Setting next_dagrun for example_trigger_target_dag to None, run_after=None
[2023-06-03T20:42:24.684+0000] {processor.py:179} INFO - Processing /home/airflow/.local/lib/python3.7/site-packages/airflow/example_dags/example_trigger_target_dag.py took 0.059 seconds
[2023-06-03T20:42:54.807+0000] {processor.py:157} INFO - Started process (PID=8891) to work on /home/airflow/.local/lib/python3.7/site-packages/airflow/example_dags/example_trigger_target_dag.py
[2023-06-03T20:42:54.808+0000] {processor.py:826} INFO - Processing file /home/airflow/.local/lib/python3.7/site-packages/airflow/example_dags/example_trigger_target_dag.py for tasks to queue
[2023-06-03T20:42:54.809+0000] {logging_mixin.py:149} INFO - [2023-06-03T20:42:54.808+0000] {dagbag.py:541} INFO - Filling up the DagBag from /home/airflow/.local/lib/python3.7/site-packages/airflow/example_dags/example_trigger_target_dag.py
[2023-06-03T20:42:54.813+0000] {processor.py:836} INFO - DAG(s) dict_keys(['example_trigger_target_dag']) retrieved from /home/airflow/.local/lib/python3.7/site-packages/airflow/example_dags/example_trigger_target_dag.py
[2023-06-03T20:42:54.830+0000] {logging_mixin.py:149} INFO - [2023-06-03T20:42:54.829+0000] {dag.py:2726} INFO - Sync 1 DAGs
[2023-06-03T20:42:54.848+0000] {logging_mixin.py:149} INFO - [2023-06-03T20:42:54.847+0000] {dag.py:3490} INFO - Setting next_dagrun for example_trigger_target_dag to None, run_after=None
[2023-06-03T20:42:54.865+0000] {processor.py:179} INFO - Processing /home/airflow/.local/lib/python3.7/site-packages/airflow/example_dags/example_trigger_target_dag.py took 0.061 seconds
[2023-06-03T20:43:25.047+0000] {processor.py:157} INFO - Started process (PID=9143) to work on /home/airflow/.local/lib/python3.7/site-packages/airflow/example_dags/example_trigger_target_dag.py
[2023-06-03T20:43:25.048+0000] {processor.py:826} INFO - Processing file /home/airflow/.local/lib/python3.7/site-packages/airflow/example_dags/example_trigger_target_dag.py for tasks to queue
[2023-06-03T20:43:25.049+0000] {logging_mixin.py:149} INFO - [2023-06-03T20:43:25.049+0000] {dagbag.py:541} INFO - Filling up the DagBag from /home/airflow/.local/lib/python3.7/site-packages/airflow/example_dags/example_trigger_target_dag.py
[2023-06-03T20:43:25.053+0000] {processor.py:836} INFO - DAG(s) dict_keys(['example_trigger_target_dag']) retrieved from /home/airflow/.local/lib/python3.7/site-packages/airflow/example_dags/example_trigger_target_dag.py
[2023-06-03T20:43:25.069+0000] {logging_mixin.py:149} INFO - [2023-06-03T20:43:25.069+0000] {dag.py:2726} INFO - Sync 1 DAGs
[2023-06-03T20:43:25.086+0000] {logging_mixin.py:149} INFO - [2023-06-03T20:43:25.086+0000] {dag.py:3490} INFO - Setting next_dagrun for example_trigger_target_dag to None, run_after=None
[2023-06-03T20:43:25.104+0000] {processor.py:179} INFO - Processing /home/airflow/.local/lib/python3.7/site-packages/airflow/example_dags/example_trigger_target_dag.py took 0.060 seconds
[2023-06-03T20:43:55.250+0000] {processor.py:157} INFO - Started process (PID=9395) to work on /home/airflow/.local/lib/python3.7/site-packages/airflow/example_dags/example_trigger_target_dag.py
[2023-06-03T20:43:55.252+0000] {processor.py:826} INFO - Processing file /home/airflow/.local/lib/python3.7/site-packages/airflow/example_dags/example_trigger_target_dag.py for tasks to queue
[2023-06-03T20:43:55.253+0000] {logging_mixin.py:149} INFO - [2023-06-03T20:43:55.253+0000] {dagbag.py:541} INFO - Filling up the DagBag from /home/airflow/.local/lib/python3.7/site-packages/airflow/example_dags/example_trigger_target_dag.py
[2023-06-03T20:43:55.257+0000] {processor.py:836} INFO - DAG(s) dict_keys(['example_trigger_target_dag']) retrieved from /home/airflow/.local/lib/python3.7/site-packages/airflow/example_dags/example_trigger_target_dag.py
[2023-06-03T20:43:55.273+0000] {logging_mixin.py:149} INFO - [2023-06-03T20:43:55.273+0000] {dag.py:2726} INFO - Sync 1 DAGs
[2023-06-03T20:43:55.290+0000] {logging_mixin.py:149} INFO - [2023-06-03T20:43:55.290+0000] {dag.py:3490} INFO - Setting next_dagrun for example_trigger_target_dag to None, run_after=None
[2023-06-03T20:43:55.306+0000] {processor.py:179} INFO - Processing /home/airflow/.local/lib/python3.7/site-packages/airflow/example_dags/example_trigger_target_dag.py took 0.058 seconds
[2023-06-03T20:44:25.862+0000] {processor.py:157} INFO - Started process (PID=9647) to work on /home/airflow/.local/lib/python3.7/site-packages/airflow/example_dags/example_trigger_target_dag.py
[2023-06-03T20:44:25.863+0000] {processor.py:826} INFO - Processing file /home/airflow/.local/lib/python3.7/site-packages/airflow/example_dags/example_trigger_target_dag.py for tasks to queue
[2023-06-03T20:44:25.865+0000] {logging_mixin.py:149} INFO - [2023-06-03T20:44:25.864+0000] {dagbag.py:541} INFO - Filling up the DagBag from /home/airflow/.local/lib/python3.7/site-packages/airflow/example_dags/example_trigger_target_dag.py
[2023-06-03T20:44:25.870+0000] {processor.py:836} INFO - DAG(s) dict_keys(['example_trigger_target_dag']) retrieved from /home/airflow/.local/lib/python3.7/site-packages/airflow/example_dags/example_trigger_target_dag.py
[2023-06-03T20:44:25.890+0000] {logging_mixin.py:149} INFO - [2023-06-03T20:44:25.890+0000] {dag.py:2726} INFO - Sync 1 DAGs
[2023-06-03T20:44:25.909+0000] {logging_mixin.py:149} INFO - [2023-06-03T20:44:25.909+0000] {dag.py:3490} INFO - Setting next_dagrun for example_trigger_target_dag to None, run_after=None
[2023-06-03T20:44:25.925+0000] {processor.py:179} INFO - Processing /home/airflow/.local/lib/python3.7/site-packages/airflow/example_dags/example_trigger_target_dag.py took 0.065 seconds
[2023-06-03T20:44:56.153+0000] {processor.py:157} INFO - Started process (PID=9899) to work on /home/airflow/.local/lib/python3.7/site-packages/airflow/example_dags/example_trigger_target_dag.py
[2023-06-03T20:44:56.154+0000] {processor.py:826} INFO - Processing file /home/airflow/.local/lib/python3.7/site-packages/airflow/example_dags/example_trigger_target_dag.py for tasks to queue
[2023-06-03T20:44:56.155+0000] {logging_mixin.py:149} INFO - [2023-06-03T20:44:56.155+0000] {dagbag.py:541} INFO - Filling up the DagBag from /home/airflow/.local/lib/python3.7/site-packages/airflow/example_dags/example_trigger_target_dag.py
[2023-06-03T20:44:56.159+0000] {processor.py:836} INFO - DAG(s) dict_keys(['example_trigger_target_dag']) retrieved from /home/airflow/.local/lib/python3.7/site-packages/airflow/example_dags/example_trigger_target_dag.py
[2023-06-03T20:44:56.176+0000] {logging_mixin.py:149} INFO - [2023-06-03T20:44:56.176+0000] {dag.py:2726} INFO - Sync 1 DAGs
[2023-06-03T20:44:56.195+0000] {logging_mixin.py:149} INFO - [2023-06-03T20:44:56.195+0000] {dag.py:3490} INFO - Setting next_dagrun for example_trigger_target_dag to None, run_after=None
[2023-06-03T20:44:56.212+0000] {processor.py:179} INFO - Processing /home/airflow/.local/lib/python3.7/site-packages/airflow/example_dags/example_trigger_target_dag.py took 0.061 seconds
[2023-06-03T20:45:26.865+0000] {processor.py:157} INFO - Started process (PID=10151) to work on /home/airflow/.local/lib/python3.7/site-packages/airflow/example_dags/example_trigger_target_dag.py
[2023-06-03T20:45:26.866+0000] {processor.py:826} INFO - Processing file /home/airflow/.local/lib/python3.7/site-packages/airflow/example_dags/example_trigger_target_dag.py for tasks to queue
[2023-06-03T20:45:26.867+0000] {logging_mixin.py:149} INFO - [2023-06-03T20:45:26.867+0000] {dagbag.py:541} INFO - Filling up the DagBag from /home/airflow/.local/lib/python3.7/site-packages/airflow/example_dags/example_trigger_target_dag.py
[2023-06-03T20:45:26.872+0000] {processor.py:836} INFO - DAG(s) dict_keys(['example_trigger_target_dag']) retrieved from /home/airflow/.local/lib/python3.7/site-packages/airflow/example_dags/example_trigger_target_dag.py
[2023-06-03T20:45:26.890+0000] {logging_mixin.py:149} INFO - [2023-06-03T20:45:26.889+0000] {dag.py:2726} INFO - Sync 1 DAGs
[2023-06-03T20:45:26.907+0000] {logging_mixin.py:149} INFO - [2023-06-03T20:45:26.907+0000] {dag.py:3490} INFO - Setting next_dagrun for example_trigger_target_dag to None, run_after=None
[2023-06-03T20:45:26.923+0000] {processor.py:179} INFO - Processing /home/airflow/.local/lib/python3.7/site-packages/airflow/example_dags/example_trigger_target_dag.py took 0.061 seconds
[2023-06-03T20:45:57.137+0000] {processor.py:157} INFO - Started process (PID=10403) to work on /home/airflow/.local/lib/python3.7/site-packages/airflow/example_dags/example_trigger_target_dag.py
[2023-06-03T20:45:57.139+0000] {processor.py:826} INFO - Processing file /home/airflow/.local/lib/python3.7/site-packages/airflow/example_dags/example_trigger_target_dag.py for tasks to queue
[2023-06-03T20:45:57.140+0000] {logging_mixin.py:149} INFO - [2023-06-03T20:45:57.140+0000] {dagbag.py:541} INFO - Filling up the DagBag from /home/airflow/.local/lib/python3.7/site-packages/airflow/example_dags/example_trigger_target_dag.py
[2023-06-03T20:45:57.145+0000] {processor.py:836} INFO - DAG(s) dict_keys(['example_trigger_target_dag']) retrieved from /home/airflow/.local/lib/python3.7/site-packages/airflow/example_dags/example_trigger_target_dag.py
[2023-06-03T20:45:57.162+0000] {logging_mixin.py:149} INFO - [2023-06-03T20:45:57.162+0000] {dag.py:2726} INFO - Sync 1 DAGs
[2023-06-03T20:45:57.180+0000] {logging_mixin.py:149} INFO - [2023-06-03T20:45:57.180+0000] {dag.py:3490} INFO - Setting next_dagrun for example_trigger_target_dag to None, run_after=None
[2023-06-03T20:45:57.198+0000] {processor.py:179} INFO - Processing /home/airflow/.local/lib/python3.7/site-packages/airflow/example_dags/example_trigger_target_dag.py took 0.064 seconds
[2023-06-03T20:46:27.387+0000] {processor.py:157} INFO - Started process (PID=10655) to work on /home/airflow/.local/lib/python3.7/site-packages/airflow/example_dags/example_trigger_target_dag.py
[2023-06-03T20:46:27.389+0000] {processor.py:826} INFO - Processing file /home/airflow/.local/lib/python3.7/site-packages/airflow/example_dags/example_trigger_target_dag.py for tasks to queue
[2023-06-03T20:46:27.390+0000] {logging_mixin.py:149} INFO - [2023-06-03T20:46:27.390+0000] {dagbag.py:541} INFO - Filling up the DagBag from /home/airflow/.local/lib/python3.7/site-packages/airflow/example_dags/example_trigger_target_dag.py
[2023-06-03T20:46:27.394+0000] {processor.py:836} INFO - DAG(s) dict_keys(['example_trigger_target_dag']) retrieved from /home/airflow/.local/lib/python3.7/site-packages/airflow/example_dags/example_trigger_target_dag.py
[2023-06-03T20:46:27.411+0000] {logging_mixin.py:149} INFO - [2023-06-03T20:46:27.411+0000] {dag.py:2726} INFO - Sync 1 DAGs
[2023-06-03T20:46:27.428+0000] {logging_mixin.py:149} INFO - [2023-06-03T20:46:27.428+0000] {dag.py:3490} INFO - Setting next_dagrun for example_trigger_target_dag to None, run_after=None
[2023-06-03T20:46:27.444+0000] {processor.py:179} INFO - Processing /home/airflow/.local/lib/python3.7/site-packages/airflow/example_dags/example_trigger_target_dag.py took 0.059 seconds
[2023-06-03T20:46:57.820+0000] {processor.py:157} INFO - Started process (PID=10907) to work on /home/airflow/.local/lib/python3.7/site-packages/airflow/example_dags/example_trigger_target_dag.py
[2023-06-03T20:46:57.822+0000] {processor.py:826} INFO - Processing file /home/airflow/.local/lib/python3.7/site-packages/airflow/example_dags/example_trigger_target_dag.py for tasks to queue
[2023-06-03T20:46:57.823+0000] {logging_mixin.py:149} INFO - [2023-06-03T20:46:57.823+0000] {dagbag.py:541} INFO - Filling up the DagBag from /home/airflow/.local/lib/python3.7/site-packages/airflow/example_dags/example_trigger_target_dag.py
[2023-06-03T20:46:57.827+0000] {processor.py:836} INFO - DAG(s) dict_keys(['example_trigger_target_dag']) retrieved from /home/airflow/.local/lib/python3.7/site-packages/airflow/example_dags/example_trigger_target_dag.py
[2023-06-03T20:46:57.844+0000] {logging_mixin.py:149} INFO - [2023-06-03T20:46:57.844+0000] {dag.py:2726} INFO - Sync 1 DAGs
[2023-06-03T20:46:57.862+0000] {logging_mixin.py:149} INFO - [2023-06-03T20:46:57.862+0000] {dag.py:3490} INFO - Setting next_dagrun for example_trigger_target_dag to None, run_after=None
[2023-06-03T20:46:57.879+0000] {processor.py:179} INFO - Processing /home/airflow/.local/lib/python3.7/site-packages/airflow/example_dags/example_trigger_target_dag.py took 0.061 seconds
[2023-06-03T20:47:27.922+0000] {processor.py:157} INFO - Started process (PID=11159) to work on /home/airflow/.local/lib/python3.7/site-packages/airflow/example_dags/example_trigger_target_dag.py
[2023-06-03T20:47:27.924+0000] {processor.py:826} INFO - Processing file /home/airflow/.local/lib/python3.7/site-packages/airflow/example_dags/example_trigger_target_dag.py for tasks to queue
[2023-06-03T20:47:27.925+0000] {logging_mixin.py:149} INFO - [2023-06-03T20:47:27.925+0000] {dagbag.py:541} INFO - Filling up the DagBag from /home/airflow/.local/lib/python3.7/site-packages/airflow/example_dags/example_trigger_target_dag.py
[2023-06-03T20:47:27.929+0000] {processor.py:836} INFO - DAG(s) dict_keys(['example_trigger_target_dag']) retrieved from /home/airflow/.local/lib/python3.7/site-packages/airflow/example_dags/example_trigger_target_dag.py
[2023-06-03T20:47:27.946+0000] {logging_mixin.py:149} INFO - [2023-06-03T20:47:27.946+0000] {dag.py:2726} INFO - Sync 1 DAGs
[2023-06-03T20:47:27.963+0000] {logging_mixin.py:149} INFO - [2023-06-03T20:47:27.963+0000] {dag.py:3490} INFO - Setting next_dagrun for example_trigger_target_dag to None, run_after=None
[2023-06-03T20:47:27.980+0000] {processor.py:179} INFO - Processing /home/airflow/.local/lib/python3.7/site-packages/airflow/example_dags/example_trigger_target_dag.py took 0.060 seconds
[2023-06-03T20:47:58.120+0000] {processor.py:157} INFO - Started process (PID=11411) to work on /home/airflow/.local/lib/python3.7/site-packages/airflow/example_dags/example_trigger_target_dag.py
[2023-06-03T20:47:58.121+0000] {processor.py:826} INFO - Processing file /home/airflow/.local/lib/python3.7/site-packages/airflow/example_dags/example_trigger_target_dag.py for tasks to queue
[2023-06-03T20:47:58.122+0000] {logging_mixin.py:149} INFO - [2023-06-03T20:47:58.122+0000] {dagbag.py:541} INFO - Filling up the DagBag from /home/airflow/.local/lib/python3.7/site-packages/airflow/example_dags/example_trigger_target_dag.py
[2023-06-03T20:47:58.126+0000] {processor.py:836} INFO - DAG(s) dict_keys(['example_trigger_target_dag']) retrieved from /home/airflow/.local/lib/python3.7/site-packages/airflow/example_dags/example_trigger_target_dag.py
[2023-06-03T20:47:58.142+0000] {logging_mixin.py:149} INFO - [2023-06-03T20:47:58.142+0000] {dag.py:2726} INFO - Sync 1 DAGs
[2023-06-03T20:47:58.159+0000] {logging_mixin.py:149} INFO - [2023-06-03T20:47:58.159+0000] {dag.py:3490} INFO - Setting next_dagrun for example_trigger_target_dag to None, run_after=None
[2023-06-03T20:47:58.176+0000] {processor.py:179} INFO - Processing /home/airflow/.local/lib/python3.7/site-packages/airflow/example_dags/example_trigger_target_dag.py took 0.058 seconds
[2023-06-03T20:48:28.577+0000] {processor.py:157} INFO - Started process (PID=11663) to work on /home/airflow/.local/lib/python3.7/site-packages/airflow/example_dags/example_trigger_target_dag.py
[2023-06-03T20:48:28.578+0000] {processor.py:826} INFO - Processing file /home/airflow/.local/lib/python3.7/site-packages/airflow/example_dags/example_trigger_target_dag.py for tasks to queue
[2023-06-03T20:48:28.579+0000] {logging_mixin.py:149} INFO - [2023-06-03T20:48:28.579+0000] {dagbag.py:541} INFO - Filling up the DagBag from /home/airflow/.local/lib/python3.7/site-packages/airflow/example_dags/example_trigger_target_dag.py
[2023-06-03T20:48:28.584+0000] {processor.py:836} INFO - DAG(s) dict_keys(['example_trigger_target_dag']) retrieved from /home/airflow/.local/lib/python3.7/site-packages/airflow/example_dags/example_trigger_target_dag.py
[2023-06-03T20:48:28.601+0000] {logging_mixin.py:149} INFO - [2023-06-03T20:48:28.601+0000] {dag.py:2726} INFO - Sync 1 DAGs
[2023-06-03T20:48:28.618+0000] {logging_mixin.py:149} INFO - [2023-06-03T20:48:28.618+0000] {dag.py:3490} INFO - Setting next_dagrun for example_trigger_target_dag to None, run_after=None
[2023-06-03T20:48:28.635+0000] {processor.py:179} INFO - Processing /home/airflow/.local/lib/python3.7/site-packages/airflow/example_dags/example_trigger_target_dag.py took 0.061 seconds
[2023-06-03T20:48:58.968+0000] {processor.py:157} INFO - Started process (PID=11915) to work on /home/airflow/.local/lib/python3.7/site-packages/airflow/example_dags/example_trigger_target_dag.py
[2023-06-03T20:48:58.969+0000] {processor.py:826} INFO - Processing file /home/airflow/.local/lib/python3.7/site-packages/airflow/example_dags/example_trigger_target_dag.py for tasks to queue
[2023-06-03T20:48:58.970+0000] {logging_mixin.py:149} INFO - [2023-06-03T20:48:58.970+0000] {dagbag.py:541} INFO - Filling up the DagBag from /home/airflow/.local/lib/python3.7/site-packages/airflow/example_dags/example_trigger_target_dag.py
[2023-06-03T20:48:58.975+0000] {processor.py:836} INFO - DAG(s) dict_keys(['example_trigger_target_dag']) retrieved from /home/airflow/.local/lib/python3.7/site-packages/airflow/example_dags/example_trigger_target_dag.py
[2023-06-03T20:48:58.992+0000] {logging_mixin.py:149} INFO - [2023-06-03T20:48:58.992+0000] {dag.py:2726} INFO - Sync 1 DAGs
[2023-06-03T20:48:59.010+0000] {logging_mixin.py:149} INFO - [2023-06-03T20:48:59.010+0000] {dag.py:3490} INFO - Setting next_dagrun for example_trigger_target_dag to None, run_after=None
[2023-06-03T20:48:59.027+0000] {processor.py:179} INFO - Processing /home/airflow/.local/lib/python3.7/site-packages/airflow/example_dags/example_trigger_target_dag.py took 0.063 seconds
[2023-06-03T20:49:29.805+0000] {processor.py:157} INFO - Started process (PID=12142) to work on /home/airflow/.local/lib/python3.7/site-packages/airflow/example_dags/example_trigger_target_dag.py
[2023-06-03T20:49:29.806+0000] {processor.py:826} INFO - Processing file /home/airflow/.local/lib/python3.7/site-packages/airflow/example_dags/example_trigger_target_dag.py for tasks to queue
[2023-06-03T20:49:29.808+0000] {logging_mixin.py:149} INFO - [2023-06-03T20:49:29.807+0000] {dagbag.py:541} INFO - Filling up the DagBag from /home/airflow/.local/lib/python3.7/site-packages/airflow/example_dags/example_trigger_target_dag.py
[2023-06-03T20:49:29.812+0000] {processor.py:836} INFO - DAG(s) dict_keys(['example_trigger_target_dag']) retrieved from /home/airflow/.local/lib/python3.7/site-packages/airflow/example_dags/example_trigger_target_dag.py
[2023-06-03T20:49:29.828+0000] {logging_mixin.py:149} INFO - [2023-06-03T20:49:29.828+0000] {dag.py:2726} INFO - Sync 1 DAGs
[2023-06-03T20:49:29.844+0000] {logging_mixin.py:149} INFO - [2023-06-03T20:49:29.844+0000] {dag.py:3490} INFO - Setting next_dagrun for example_trigger_target_dag to None, run_after=None
[2023-06-03T20:49:29.861+0000] {processor.py:179} INFO - Processing /home/airflow/.local/lib/python3.7/site-packages/airflow/example_dags/example_trigger_target_dag.py took 0.057 seconds
[2023-06-03T20:50:00.860+0000] {processor.py:157} INFO - Started process (PID=12394) to work on /home/airflow/.local/lib/python3.7/site-packages/airflow/example_dags/example_trigger_target_dag.py
[2023-06-03T20:50:00.862+0000] {processor.py:826} INFO - Processing file /home/airflow/.local/lib/python3.7/site-packages/airflow/example_dags/example_trigger_target_dag.py for tasks to queue
[2023-06-03T20:50:00.863+0000] {logging_mixin.py:149} INFO - [2023-06-03T20:50:00.863+0000] {dagbag.py:541} INFO - Filling up the DagBag from /home/airflow/.local/lib/python3.7/site-packages/airflow/example_dags/example_trigger_target_dag.py
[2023-06-03T20:50:00.867+0000] {processor.py:836} INFO - DAG(s) dict_keys(['example_trigger_target_dag']) retrieved from /home/airflow/.local/lib/python3.7/site-packages/airflow/example_dags/example_trigger_target_dag.py
[2023-06-03T20:50:00.884+0000] {logging_mixin.py:149} INFO - [2023-06-03T20:50:00.884+0000] {dag.py:2726} INFO - Sync 1 DAGs
[2023-06-03T20:50:00.901+0000] {logging_mixin.py:149} INFO - [2023-06-03T20:50:00.900+0000] {dag.py:3490} INFO - Setting next_dagrun for example_trigger_target_dag to None, run_after=None
[2023-06-03T20:50:00.918+0000] {processor.py:179} INFO - Processing /home/airflow/.local/lib/python3.7/site-packages/airflow/example_dags/example_trigger_target_dag.py took 0.060 seconds
[2023-06-03T20:50:31.613+0000] {processor.py:157} INFO - Started process (PID=12646) to work on /home/airflow/.local/lib/python3.7/site-packages/airflow/example_dags/example_trigger_target_dag.py
[2023-06-03T20:50:31.614+0000] {processor.py:826} INFO - Processing file /home/airflow/.local/lib/python3.7/site-packages/airflow/example_dags/example_trigger_target_dag.py for tasks to queue
[2023-06-03T20:50:31.615+0000] {logging_mixin.py:149} INFO - [2023-06-03T20:50:31.615+0000] {dagbag.py:541} INFO - Filling up the DagBag from /home/airflow/.local/lib/python3.7/site-packages/airflow/example_dags/example_trigger_target_dag.py
[2023-06-03T20:50:31.619+0000] {processor.py:836} INFO - DAG(s) dict_keys(['example_trigger_target_dag']) retrieved from /home/airflow/.local/lib/python3.7/site-packages/airflow/example_dags/example_trigger_target_dag.py
[2023-06-03T20:50:31.636+0000] {logging_mixin.py:149} INFO - [2023-06-03T20:50:31.636+0000] {dag.py:2726} INFO - Sync 1 DAGs
[2023-06-03T20:50:31.652+0000] {logging_mixin.py:149} INFO - [2023-06-03T20:50:31.652+0000] {dag.py:3490} INFO - Setting next_dagrun for example_trigger_target_dag to None, run_after=None
[2023-06-03T20:50:31.668+0000] {processor.py:179} INFO - Processing /home/airflow/.local/lib/python3.7/site-packages/airflow/example_dags/example_trigger_target_dag.py took 0.057 seconds
[2023-06-03T20:51:02.073+0000] {processor.py:157} INFO - Started process (PID=12899) to work on /home/airflow/.local/lib/python3.7/site-packages/airflow/example_dags/example_trigger_target_dag.py
[2023-06-03T20:51:02.075+0000] {processor.py:826} INFO - Processing file /home/airflow/.local/lib/python3.7/site-packages/airflow/example_dags/example_trigger_target_dag.py for tasks to queue
[2023-06-03T20:51:02.076+0000] {logging_mixin.py:149} INFO - [2023-06-03T20:51:02.076+0000] {dagbag.py:541} INFO - Filling up the DagBag from /home/airflow/.local/lib/python3.7/site-packages/airflow/example_dags/example_trigger_target_dag.py
[2023-06-03T20:51:02.081+0000] {processor.py:836} INFO - DAG(s) dict_keys(['example_trigger_target_dag']) retrieved from /home/airflow/.local/lib/python3.7/site-packages/airflow/example_dags/example_trigger_target_dag.py
[2023-06-03T20:51:02.099+0000] {logging_mixin.py:149} INFO - [2023-06-03T20:51:02.099+0000] {dag.py:2726} INFO - Sync 1 DAGs
[2023-06-03T20:51:02.117+0000] {logging_mixin.py:149} INFO - [2023-06-03T20:51:02.117+0000] {dag.py:3490} INFO - Setting next_dagrun for example_trigger_target_dag to None, run_after=None
[2023-06-03T20:51:02.135+0000] {processor.py:179} INFO - Processing /home/airflow/.local/lib/python3.7/site-packages/airflow/example_dags/example_trigger_target_dag.py took 0.064 seconds
[2023-06-03T20:51:32.456+0000] {processor.py:157} INFO - Started process (PID=13151) to work on /home/airflow/.local/lib/python3.7/site-packages/airflow/example_dags/example_trigger_target_dag.py
[2023-06-03T20:51:32.457+0000] {processor.py:826} INFO - Processing file /home/airflow/.local/lib/python3.7/site-packages/airflow/example_dags/example_trigger_target_dag.py for tasks to queue
[2023-06-03T20:51:32.459+0000] {logging_mixin.py:149} INFO - [2023-06-03T20:51:32.459+0000] {dagbag.py:541} INFO - Filling up the DagBag from /home/airflow/.local/lib/python3.7/site-packages/airflow/example_dags/example_trigger_target_dag.py
[2023-06-03T20:51:32.465+0000] {processor.py:836} INFO - DAG(s) dict_keys(['example_trigger_target_dag']) retrieved from /home/airflow/.local/lib/python3.7/site-packages/airflow/example_dags/example_trigger_target_dag.py
[2023-06-03T20:51:32.487+0000] {logging_mixin.py:149} INFO - [2023-06-03T20:51:32.487+0000] {dag.py:2726} INFO - Sync 1 DAGs
[2023-06-03T20:51:32.505+0000] {logging_mixin.py:149} INFO - [2023-06-03T20:51:32.505+0000] {dag.py:3490} INFO - Setting next_dagrun for example_trigger_target_dag to None, run_after=None
[2023-06-03T20:51:32.521+0000] {processor.py:179} INFO - Processing /home/airflow/.local/lib/python3.7/site-packages/airflow/example_dags/example_trigger_target_dag.py took 0.069 seconds
[2023-06-03T20:52:02.592+0000] {processor.py:157} INFO - Started process (PID=13403) to work on /home/airflow/.local/lib/python3.7/site-packages/airflow/example_dags/example_trigger_target_dag.py
[2023-06-03T20:52:02.594+0000] {processor.py:826} INFO - Processing file /home/airflow/.local/lib/python3.7/site-packages/airflow/example_dags/example_trigger_target_dag.py for tasks to queue
[2023-06-03T20:52:02.595+0000] {logging_mixin.py:149} INFO - [2023-06-03T20:52:02.595+0000] {dagbag.py:541} INFO - Filling up the DagBag from /home/airflow/.local/lib/python3.7/site-packages/airflow/example_dags/example_trigger_target_dag.py
[2023-06-03T20:52:02.599+0000] {processor.py:836} INFO - DAG(s) dict_keys(['example_trigger_target_dag']) retrieved from /home/airflow/.local/lib/python3.7/site-packages/airflow/example_dags/example_trigger_target_dag.py
[2023-06-03T20:52:02.615+0000] {logging_mixin.py:149} INFO - [2023-06-03T20:52:02.615+0000] {dag.py:2726} INFO - Sync 1 DAGs
[2023-06-03T20:52:02.634+0000] {logging_mixin.py:149} INFO - [2023-06-03T20:52:02.634+0000] {dag.py:3490} INFO - Setting next_dagrun for example_trigger_target_dag to None, run_after=None
[2023-06-03T20:52:02.652+0000] {processor.py:179} INFO - Processing /home/airflow/.local/lib/python3.7/site-packages/airflow/example_dags/example_trigger_target_dag.py took 0.062 seconds
[2023-06-03T20:52:33.297+0000] {processor.py:157} INFO - Started process (PID=13655) to work on /home/airflow/.local/lib/python3.7/site-packages/airflow/example_dags/example_trigger_target_dag.py
[2023-06-03T20:52:33.299+0000] {processor.py:826} INFO - Processing file /home/airflow/.local/lib/python3.7/site-packages/airflow/example_dags/example_trigger_target_dag.py for tasks to queue
[2023-06-03T20:52:33.300+0000] {logging_mixin.py:149} INFO - [2023-06-03T20:52:33.300+0000] {dagbag.py:541} INFO - Filling up the DagBag from /home/airflow/.local/lib/python3.7/site-packages/airflow/example_dags/example_trigger_target_dag.py
[2023-06-03T20:52:33.304+0000] {processor.py:836} INFO - DAG(s) dict_keys(['example_trigger_target_dag']) retrieved from /home/airflow/.local/lib/python3.7/site-packages/airflow/example_dags/example_trigger_target_dag.py
[2023-06-03T20:52:33.321+0000] {logging_mixin.py:149} INFO - [2023-06-03T20:52:33.321+0000] {dag.py:2726} INFO - Sync 1 DAGs
[2023-06-03T20:52:33.338+0000] {logging_mixin.py:149} INFO - [2023-06-03T20:52:33.338+0000] {dag.py:3490} INFO - Setting next_dagrun for example_trigger_target_dag to None, run_after=None
[2023-06-03T20:52:33.355+0000] {processor.py:179} INFO - Processing /home/airflow/.local/lib/python3.7/site-packages/airflow/example_dags/example_trigger_target_dag.py took 0.060 seconds
[2023-06-03T20:53:03.478+0000] {processor.py:157} INFO - Started process (PID=13907) to work on /home/airflow/.local/lib/python3.7/site-packages/airflow/example_dags/example_trigger_target_dag.py
[2023-06-03T20:53:03.479+0000] {processor.py:826} INFO - Processing file /home/airflow/.local/lib/python3.7/site-packages/airflow/example_dags/example_trigger_target_dag.py for tasks to queue
[2023-06-03T20:53:03.480+0000] {logging_mixin.py:149} INFO - [2023-06-03T20:53:03.480+0000] {dagbag.py:541} INFO - Filling up the DagBag from /home/airflow/.local/lib/python3.7/site-packages/airflow/example_dags/example_trigger_target_dag.py
[2023-06-03T20:53:03.484+0000] {processor.py:836} INFO - DAG(s) dict_keys(['example_trigger_target_dag']) retrieved from /home/airflow/.local/lib/python3.7/site-packages/airflow/example_dags/example_trigger_target_dag.py
[2023-06-03T20:53:03.502+0000] {logging_mixin.py:149} INFO - [2023-06-03T20:53:03.502+0000] {dag.py:2726} INFO - Sync 1 DAGs
[2023-06-03T20:53:03.520+0000] {logging_mixin.py:149} INFO - [2023-06-03T20:53:03.520+0000] {dag.py:3490} INFO - Setting next_dagrun for example_trigger_target_dag to None, run_after=None
[2023-06-03T20:53:03.537+0000] {processor.py:179} INFO - Processing /home/airflow/.local/lib/python3.7/site-packages/airflow/example_dags/example_trigger_target_dag.py took 0.062 seconds
[2023-06-03T20:53:33.679+0000] {processor.py:157} INFO - Started process (PID=14159) to work on /home/airflow/.local/lib/python3.7/site-packages/airflow/example_dags/example_trigger_target_dag.py
[2023-06-03T20:53:33.680+0000] {processor.py:826} INFO - Processing file /home/airflow/.local/lib/python3.7/site-packages/airflow/example_dags/example_trigger_target_dag.py for tasks to queue
[2023-06-03T20:53:33.681+0000] {logging_mixin.py:149} INFO - [2023-06-03T20:53:33.681+0000] {dagbag.py:541} INFO - Filling up the DagBag from /home/airflow/.local/lib/python3.7/site-packages/airflow/example_dags/example_trigger_target_dag.py
[2023-06-03T20:53:33.686+0000] {processor.py:836} INFO - DAG(s) dict_keys(['example_trigger_target_dag']) retrieved from /home/airflow/.local/lib/python3.7/site-packages/airflow/example_dags/example_trigger_target_dag.py
[2023-06-03T20:53:33.703+0000] {logging_mixin.py:149} INFO - [2023-06-03T20:53:33.703+0000] {dag.py:2726} INFO - Sync 1 DAGs
[2023-06-03T20:53:33.721+0000] {logging_mixin.py:149} INFO - [2023-06-03T20:53:33.721+0000] {dag.py:3490} INFO - Setting next_dagrun for example_trigger_target_dag to None, run_after=None
[2023-06-03T20:53:33.737+0000] {processor.py:179} INFO - Processing /home/airflow/.local/lib/python3.7/site-packages/airflow/example_dags/example_trigger_target_dag.py took 0.062 seconds
[2023-06-03T20:54:04.086+0000] {processor.py:157} INFO - Started process (PID=14411) to work on /home/airflow/.local/lib/python3.7/site-packages/airflow/example_dags/example_trigger_target_dag.py
[2023-06-03T20:54:04.087+0000] {processor.py:826} INFO - Processing file /home/airflow/.local/lib/python3.7/site-packages/airflow/example_dags/example_trigger_target_dag.py for tasks to queue
[2023-06-03T20:54:04.088+0000] {logging_mixin.py:149} INFO - [2023-06-03T20:54:04.088+0000] {dagbag.py:541} INFO - Filling up the DagBag from /home/airflow/.local/lib/python3.7/site-packages/airflow/example_dags/example_trigger_target_dag.py
[2023-06-03T20:54:04.092+0000] {processor.py:836} INFO - DAG(s) dict_keys(['example_trigger_target_dag']) retrieved from /home/airflow/.local/lib/python3.7/site-packages/airflow/example_dags/example_trigger_target_dag.py
[2023-06-03T20:54:04.109+0000] {logging_mixin.py:149} INFO - [2023-06-03T20:54:04.109+0000] {dag.py:2726} INFO - Sync 1 DAGs
[2023-06-03T20:54:04.126+0000] {logging_mixin.py:149} INFO - [2023-06-03T20:54:04.126+0000] {dag.py:3490} INFO - Setting next_dagrun for example_trigger_target_dag to None, run_after=None
[2023-06-03T20:54:04.174+0000] {processor.py:179} INFO - Processing /home/airflow/.local/lib/python3.7/site-packages/airflow/example_dags/example_trigger_target_dag.py took 0.090 seconds
[2023-06-03T20:54:35.110+0000] {processor.py:157} INFO - Started process (PID=14663) to work on /home/airflow/.local/lib/python3.7/site-packages/airflow/example_dags/example_trigger_target_dag.py
[2023-06-03T20:54:35.111+0000] {processor.py:826} INFO - Processing file /home/airflow/.local/lib/python3.7/site-packages/airflow/example_dags/example_trigger_target_dag.py for tasks to queue
[2023-06-03T20:54:35.112+0000] {logging_mixin.py:149} INFO - [2023-06-03T20:54:35.112+0000] {dagbag.py:541} INFO - Filling up the DagBag from /home/airflow/.local/lib/python3.7/site-packages/airflow/example_dags/example_trigger_target_dag.py
[2023-06-03T20:54:35.117+0000] {processor.py:836} INFO - DAG(s) dict_keys(['example_trigger_target_dag']) retrieved from /home/airflow/.local/lib/python3.7/site-packages/airflow/example_dags/example_trigger_target_dag.py
[2023-06-03T20:54:35.134+0000] {logging_mixin.py:149} INFO - [2023-06-03T20:54:35.134+0000] {dag.py:2726} INFO - Sync 1 DAGs
[2023-06-03T20:54:35.151+0000] {logging_mixin.py:149} INFO - [2023-06-03T20:54:35.151+0000] {dag.py:3490} INFO - Setting next_dagrun for example_trigger_target_dag to None, run_after=None
[2023-06-03T20:54:35.169+0000] {processor.py:179} INFO - Processing /home/airflow/.local/lib/python3.7/site-packages/airflow/example_dags/example_trigger_target_dag.py took 0.062 seconds
[2023-06-03T20:55:05.385+0000] {processor.py:157} INFO - Started process (PID=14915) to work on /home/airflow/.local/lib/python3.7/site-packages/airflow/example_dags/example_trigger_target_dag.py
[2023-06-03T20:55:05.387+0000] {processor.py:826} INFO - Processing file /home/airflow/.local/lib/python3.7/site-packages/airflow/example_dags/example_trigger_target_dag.py for tasks to queue
[2023-06-03T20:55:05.388+0000] {logging_mixin.py:149} INFO - [2023-06-03T20:55:05.388+0000] {dagbag.py:541} INFO - Filling up the DagBag from /home/airflow/.local/lib/python3.7/site-packages/airflow/example_dags/example_trigger_target_dag.py
[2023-06-03T20:55:05.395+0000] {processor.py:836} INFO - DAG(s) dict_keys(['example_trigger_target_dag']) retrieved from /home/airflow/.local/lib/python3.7/site-packages/airflow/example_dags/example_trigger_target_dag.py
[2023-06-03T20:55:05.419+0000] {logging_mixin.py:149} INFO - [2023-06-03T20:55:05.419+0000] {dag.py:2726} INFO - Sync 1 DAGs
[2023-06-03T20:55:05.441+0000] {logging_mixin.py:149} INFO - [2023-06-03T20:55:05.441+0000] {dag.py:3490} INFO - Setting next_dagrun for example_trigger_target_dag to None, run_after=None
[2023-06-03T20:55:05.465+0000] {processor.py:179} INFO - Processing /home/airflow/.local/lib/python3.7/site-packages/airflow/example_dags/example_trigger_target_dag.py took 0.083 seconds
[2023-06-03T20:55:35.575+0000] {processor.py:157} INFO - Started process (PID=15165) to work on /home/airflow/.local/lib/python3.7/site-packages/airflow/example_dags/example_trigger_target_dag.py
[2023-06-03T20:55:35.576+0000] {processor.py:826} INFO - Processing file /home/airflow/.local/lib/python3.7/site-packages/airflow/example_dags/example_trigger_target_dag.py for tasks to queue
[2023-06-03T20:55:35.577+0000] {logging_mixin.py:149} INFO - [2023-06-03T20:55:35.577+0000] {dagbag.py:541} INFO - Filling up the DagBag from /home/airflow/.local/lib/python3.7/site-packages/airflow/example_dags/example_trigger_target_dag.py
[2023-06-03T20:55:35.582+0000] {processor.py:836} INFO - DAG(s) dict_keys(['example_trigger_target_dag']) retrieved from /home/airflow/.local/lib/python3.7/site-packages/airflow/example_dags/example_trigger_target_dag.py
[2023-06-03T20:55:35.601+0000] {logging_mixin.py:149} INFO - [2023-06-03T20:55:35.601+0000] {dag.py:2726} INFO - Sync 1 DAGs
[2023-06-03T20:55:35.623+0000] {logging_mixin.py:149} INFO - [2023-06-03T20:55:35.623+0000] {dag.py:3490} INFO - Setting next_dagrun for example_trigger_target_dag to None, run_after=None
[2023-06-03T20:55:35.642+0000] {processor.py:179} INFO - Processing /home/airflow/.local/lib/python3.7/site-packages/airflow/example_dags/example_trigger_target_dag.py took 0.070 seconds
[2023-06-03T20:56:06.624+0000] {processor.py:157} INFO - Started process (PID=15419) to work on /home/airflow/.local/lib/python3.7/site-packages/airflow/example_dags/example_trigger_target_dag.py
[2023-06-03T20:56:06.625+0000] {processor.py:826} INFO - Processing file /home/airflow/.local/lib/python3.7/site-packages/airflow/example_dags/example_trigger_target_dag.py for tasks to queue
[2023-06-03T20:56:06.626+0000] {logging_mixin.py:149} INFO - [2023-06-03T20:56:06.626+0000] {dagbag.py:541} INFO - Filling up the DagBag from /home/airflow/.local/lib/python3.7/site-packages/airflow/example_dags/example_trigger_target_dag.py
[2023-06-03T20:56:06.630+0000] {processor.py:836} INFO - DAG(s) dict_keys(['example_trigger_target_dag']) retrieved from /home/airflow/.local/lib/python3.7/site-packages/airflow/example_dags/example_trigger_target_dag.py
[2023-06-03T20:56:06.647+0000] {logging_mixin.py:149} INFO - [2023-06-03T20:56:06.647+0000] {dag.py:2726} INFO - Sync 1 DAGs
[2023-06-03T20:56:06.664+0000] {logging_mixin.py:149} INFO - [2023-06-03T20:56:06.664+0000] {dag.py:3490} INFO - Setting next_dagrun for example_trigger_target_dag to None, run_after=None
[2023-06-03T20:56:06.681+0000] {processor.py:179} INFO - Processing /home/airflow/.local/lib/python3.7/site-packages/airflow/example_dags/example_trigger_target_dag.py took 0.060 seconds
[2023-06-03T20:56:37.263+0000] {processor.py:157} INFO - Started process (PID=15671) to work on /home/airflow/.local/lib/python3.7/site-packages/airflow/example_dags/example_trigger_target_dag.py
[2023-06-03T20:56:37.264+0000] {processor.py:826} INFO - Processing file /home/airflow/.local/lib/python3.7/site-packages/airflow/example_dags/example_trigger_target_dag.py for tasks to queue
[2023-06-03T20:56:37.266+0000] {logging_mixin.py:149} INFO - [2023-06-03T20:56:37.265+0000] {dagbag.py:541} INFO - Filling up the DagBag from /home/airflow/.local/lib/python3.7/site-packages/airflow/example_dags/example_trigger_target_dag.py
[2023-06-03T20:56:37.270+0000] {processor.py:836} INFO - DAG(s) dict_keys(['example_trigger_target_dag']) retrieved from /home/airflow/.local/lib/python3.7/site-packages/airflow/example_dags/example_trigger_target_dag.py
[2023-06-03T20:56:37.287+0000] {logging_mixin.py:149} INFO - [2023-06-03T20:56:37.287+0000] {dag.py:2726} INFO - Sync 1 DAGs
[2023-06-03T20:56:37.305+0000] {logging_mixin.py:149} INFO - [2023-06-03T20:56:37.305+0000] {dag.py:3490} INFO - Setting next_dagrun for example_trigger_target_dag to None, run_after=None
[2023-06-03T20:56:37.320+0000] {processor.py:179} INFO - Processing /home/airflow/.local/lib/python3.7/site-packages/airflow/example_dags/example_trigger_target_dag.py took 0.059 seconds
[2023-06-03T20:57:07.851+0000] {processor.py:157} INFO - Started process (PID=15923) to work on /home/airflow/.local/lib/python3.7/site-packages/airflow/example_dags/example_trigger_target_dag.py
[2023-06-03T20:57:07.852+0000] {processor.py:826} INFO - Processing file /home/airflow/.local/lib/python3.7/site-packages/airflow/example_dags/example_trigger_target_dag.py for tasks to queue
[2023-06-03T20:57:07.853+0000] {logging_mixin.py:149} INFO - [2023-06-03T20:57:07.853+0000] {dagbag.py:541} INFO - Filling up the DagBag from /home/airflow/.local/lib/python3.7/site-packages/airflow/example_dags/example_trigger_target_dag.py
[2023-06-03T20:57:07.857+0000] {processor.py:836} INFO - DAG(s) dict_keys(['example_trigger_target_dag']) retrieved from /home/airflow/.local/lib/python3.7/site-packages/airflow/example_dags/example_trigger_target_dag.py
[2023-06-03T20:57:07.873+0000] {logging_mixin.py:149} INFO - [2023-06-03T20:57:07.873+0000] {dag.py:2726} INFO - Sync 1 DAGs
[2023-06-03T20:57:07.889+0000] {logging_mixin.py:149} INFO - [2023-06-03T20:57:07.889+0000] {dag.py:3490} INFO - Setting next_dagrun for example_trigger_target_dag to None, run_after=None
[2023-06-03T20:57:07.905+0000] {processor.py:179} INFO - Processing /home/airflow/.local/lib/python3.7/site-packages/airflow/example_dags/example_trigger_target_dag.py took 0.056 seconds
[2023-06-03T20:57:38.103+0000] {processor.py:157} INFO - Started process (PID=16175) to work on /home/airflow/.local/lib/python3.7/site-packages/airflow/example_dags/example_trigger_target_dag.py
[2023-06-03T20:57:38.105+0000] {processor.py:826} INFO - Processing file /home/airflow/.local/lib/python3.7/site-packages/airflow/example_dags/example_trigger_target_dag.py for tasks to queue
[2023-06-03T20:57:38.107+0000] {logging_mixin.py:149} INFO - [2023-06-03T20:57:38.107+0000] {dagbag.py:541} INFO - Filling up the DagBag from /home/airflow/.local/lib/python3.7/site-packages/airflow/example_dags/example_trigger_target_dag.py
[2023-06-03T20:57:38.112+0000] {processor.py:836} INFO - DAG(s) dict_keys(['example_trigger_target_dag']) retrieved from /home/airflow/.local/lib/python3.7/site-packages/airflow/example_dags/example_trigger_target_dag.py
[2023-06-03T20:57:38.131+0000] {logging_mixin.py:149} INFO - [2023-06-03T20:57:38.131+0000] {dag.py:2726} INFO - Sync 1 DAGs
[2023-06-03T20:57:38.149+0000] {logging_mixin.py:149} INFO - [2023-06-03T20:57:38.149+0000] {dag.py:3490} INFO - Setting next_dagrun for example_trigger_target_dag to None, run_after=None
[2023-06-03T20:57:38.166+0000] {processor.py:179} INFO - Processing /home/airflow/.local/lib/python3.7/site-packages/airflow/example_dags/example_trigger_target_dag.py took 0.067 seconds
[2023-06-03T20:58:08.510+0000] {processor.py:157} INFO - Started process (PID=16427) to work on /home/airflow/.local/lib/python3.7/site-packages/airflow/example_dags/example_trigger_target_dag.py
[2023-06-03T20:58:08.511+0000] {processor.py:826} INFO - Processing file /home/airflow/.local/lib/python3.7/site-packages/airflow/example_dags/example_trigger_target_dag.py for tasks to queue
[2023-06-03T20:58:08.512+0000] {logging_mixin.py:149} INFO - [2023-06-03T20:58:08.512+0000] {dagbag.py:541} INFO - Filling up the DagBag from /home/airflow/.local/lib/python3.7/site-packages/airflow/example_dags/example_trigger_target_dag.py
[2023-06-03T20:58:08.516+0000] {processor.py:836} INFO - DAG(s) dict_keys(['example_trigger_target_dag']) retrieved from /home/airflow/.local/lib/python3.7/site-packages/airflow/example_dags/example_trigger_target_dag.py
[2023-06-03T20:58:08.533+0000] {logging_mixin.py:149} INFO - [2023-06-03T20:58:08.533+0000] {dag.py:2726} INFO - Sync 1 DAGs
[2023-06-03T20:58:08.550+0000] {logging_mixin.py:149} INFO - [2023-06-03T20:58:08.550+0000] {dag.py:3490} INFO - Setting next_dagrun for example_trigger_target_dag to None, run_after=None
[2023-06-03T20:58:08.568+0000] {processor.py:179} INFO - Processing /home/airflow/.local/lib/python3.7/site-packages/airflow/example_dags/example_trigger_target_dag.py took 0.060 seconds
[2023-06-03T20:58:38.941+0000] {processor.py:157} INFO - Started process (PID=16679) to work on /home/airflow/.local/lib/python3.7/site-packages/airflow/example_dags/example_trigger_target_dag.py
[2023-06-03T20:58:38.942+0000] {processor.py:826} INFO - Processing file /home/airflow/.local/lib/python3.7/site-packages/airflow/example_dags/example_trigger_target_dag.py for tasks to queue
[2023-06-03T20:58:38.943+0000] {logging_mixin.py:149} INFO - [2023-06-03T20:58:38.943+0000] {dagbag.py:541} INFO - Filling up the DagBag from /home/airflow/.local/lib/python3.7/site-packages/airflow/example_dags/example_trigger_target_dag.py
[2023-06-03T20:58:38.948+0000] {processor.py:836} INFO - DAG(s) dict_keys(['example_trigger_target_dag']) retrieved from /home/airflow/.local/lib/python3.7/site-packages/airflow/example_dags/example_trigger_target_dag.py
[2023-06-03T20:58:38.964+0000] {logging_mixin.py:149} INFO - [2023-06-03T20:58:38.964+0000] {dag.py:2726} INFO - Sync 1 DAGs
[2023-06-03T20:58:38.981+0000] {logging_mixin.py:149} INFO - [2023-06-03T20:58:38.981+0000] {dag.py:3490} INFO - Setting next_dagrun for example_trigger_target_dag to None, run_after=None
[2023-06-03T20:58:38.997+0000] {processor.py:179} INFO - Processing /home/airflow/.local/lib/python3.7/site-packages/airflow/example_dags/example_trigger_target_dag.py took 0.058 seconds
[2023-06-03T20:59:09.319+0000] {processor.py:157} INFO - Started process (PID=16931) to work on /home/airflow/.local/lib/python3.7/site-packages/airflow/example_dags/example_trigger_target_dag.py
[2023-06-03T20:59:09.320+0000] {processor.py:826} INFO - Processing file /home/airflow/.local/lib/python3.7/site-packages/airflow/example_dags/example_trigger_target_dag.py for tasks to queue
[2023-06-03T20:59:09.322+0000] {logging_mixin.py:149} INFO - [2023-06-03T20:59:09.322+0000] {dagbag.py:541} INFO - Filling up the DagBag from /home/airflow/.local/lib/python3.7/site-packages/airflow/example_dags/example_trigger_target_dag.py
[2023-06-03T20:59:09.326+0000] {processor.py:836} INFO - DAG(s) dict_keys(['example_trigger_target_dag']) retrieved from /home/airflow/.local/lib/python3.7/site-packages/airflow/example_dags/example_trigger_target_dag.py
[2023-06-03T20:59:09.343+0000] {logging_mixin.py:149} INFO - [2023-06-03T20:59:09.343+0000] {dag.py:2726} INFO - Sync 1 DAGs
[2023-06-03T20:59:09.360+0000] {logging_mixin.py:149} INFO - [2023-06-03T20:59:09.360+0000] {dag.py:3490} INFO - Setting next_dagrun for example_trigger_target_dag to None, run_after=None
[2023-06-03T20:59:09.378+0000] {processor.py:179} INFO - Processing /home/airflow/.local/lib/python3.7/site-packages/airflow/example_dags/example_trigger_target_dag.py took 0.060 seconds
[2023-06-03T20:59:40.165+0000] {processor.py:157} INFO - Started process (PID=17183) to work on /home/airflow/.local/lib/python3.7/site-packages/airflow/example_dags/example_trigger_target_dag.py
[2023-06-03T20:59:40.166+0000] {processor.py:826} INFO - Processing file /home/airflow/.local/lib/python3.7/site-packages/airflow/example_dags/example_trigger_target_dag.py for tasks to queue
[2023-06-03T20:59:40.167+0000] {logging_mixin.py:149} INFO - [2023-06-03T20:59:40.167+0000] {dagbag.py:541} INFO - Filling up the DagBag from /home/airflow/.local/lib/python3.7/site-packages/airflow/example_dags/example_trigger_target_dag.py
[2023-06-03T20:59:40.172+0000] {processor.py:836} INFO - DAG(s) dict_keys(['example_trigger_target_dag']) retrieved from /home/airflow/.local/lib/python3.7/site-packages/airflow/example_dags/example_trigger_target_dag.py
[2023-06-03T20:59:40.189+0000] {logging_mixin.py:149} INFO - [2023-06-03T20:59:40.189+0000] {dag.py:2726} INFO - Sync 1 DAGs
[2023-06-03T20:59:40.207+0000] {logging_mixin.py:149} INFO - [2023-06-03T20:59:40.207+0000] {dag.py:3490} INFO - Setting next_dagrun for example_trigger_target_dag to None, run_after=None
[2023-06-03T20:59:40.225+0000] {processor.py:179} INFO - Processing /home/airflow/.local/lib/python3.7/site-packages/airflow/example_dags/example_trigger_target_dag.py took 0.063 seconds
[2023-06-03T21:00:11.213+0000] {processor.py:157} INFO - Started process (PID=17435) to work on /home/airflow/.local/lib/python3.7/site-packages/airflow/example_dags/example_trigger_target_dag.py
[2023-06-03T21:00:11.214+0000] {processor.py:826} INFO - Processing file /home/airflow/.local/lib/python3.7/site-packages/airflow/example_dags/example_trigger_target_dag.py for tasks to queue
[2023-06-03T21:00:11.215+0000] {logging_mixin.py:149} INFO - [2023-06-03T21:00:11.215+0000] {dagbag.py:541} INFO - Filling up the DagBag from /home/airflow/.local/lib/python3.7/site-packages/airflow/example_dags/example_trigger_target_dag.py
[2023-06-03T21:00:11.220+0000] {processor.py:836} INFO - DAG(s) dict_keys(['example_trigger_target_dag']) retrieved from /home/airflow/.local/lib/python3.7/site-packages/airflow/example_dags/example_trigger_target_dag.py
[2023-06-03T21:00:11.237+0000] {logging_mixin.py:149} INFO - [2023-06-03T21:00:11.237+0000] {dag.py:2726} INFO - Sync 1 DAGs
[2023-06-03T21:00:11.256+0000] {logging_mixin.py:149} INFO - [2023-06-03T21:00:11.255+0000] {dag.py:3490} INFO - Setting next_dagrun for example_trigger_target_dag to None, run_after=None
[2023-06-03T21:00:11.277+0000] {processor.py:179} INFO - Processing /home/airflow/.local/lib/python3.7/site-packages/airflow/example_dags/example_trigger_target_dag.py took 0.066 seconds
[2023-06-03T21:00:42.005+0000] {processor.py:157} INFO - Started process (PID=17687) to work on /home/airflow/.local/lib/python3.7/site-packages/airflow/example_dags/example_trigger_target_dag.py
[2023-06-03T21:00:42.006+0000] {processor.py:826} INFO - Processing file /home/airflow/.local/lib/python3.7/site-packages/airflow/example_dags/example_trigger_target_dag.py for tasks to queue
[2023-06-03T21:00:42.008+0000] {logging_mixin.py:149} INFO - [2023-06-03T21:00:42.007+0000] {dagbag.py:541} INFO - Filling up the DagBag from /home/airflow/.local/lib/python3.7/site-packages/airflow/example_dags/example_trigger_target_dag.py
[2023-06-03T21:00:42.015+0000] {processor.py:836} INFO - DAG(s) dict_keys(['example_trigger_target_dag']) retrieved from /home/airflow/.local/lib/python3.7/site-packages/airflow/example_dags/example_trigger_target_dag.py
[2023-06-03T21:00:42.046+0000] {logging_mixin.py:149} INFO - [2023-06-03T21:00:42.045+0000] {dag.py:2726} INFO - Sync 1 DAGs
[2023-06-03T21:00:42.078+0000] {logging_mixin.py:149} INFO - [2023-06-03T21:00:42.077+0000] {dag.py:3490} INFO - Setting next_dagrun for example_trigger_target_dag to None, run_after=None
[2023-06-03T21:00:42.109+0000] {processor.py:179} INFO - Processing /home/airflow/.local/lib/python3.7/site-packages/airflow/example_dags/example_trigger_target_dag.py took 0.108 seconds
