[2023-06-03T20:25:43.574+0000] {processor.py:157} INFO - Started process (PID=272) to work on /home/airflow/.local/lib/python3.7/site-packages/airflow/example_dags/tutorial.py
[2023-06-03T20:25:43.575+0000] {processor.py:826} INFO - Processing file /home/airflow/.local/lib/python3.7/site-packages/airflow/example_dags/tutorial.py for tasks to queue
[2023-06-03T20:25:43.577+0000] {logging_mixin.py:149} INFO - [2023-06-03T20:25:43.577+0000] {dagbag.py:541} INFO - Filling up the DagBag from /home/airflow/.local/lib/python3.7/site-packages/airflow/example_dags/tutorial.py
[2023-06-03T20:25:43.582+0000] {processor.py:836} INFO - DAG(s) dict_keys(['tutorial']) retrieved from /home/airflow/.local/lib/python3.7/site-packages/airflow/example_dags/tutorial.py
[2023-06-03T20:25:43.594+0000] {logging_mixin.py:149} INFO - [2023-06-03T20:25:43.594+0000] {dag.py:2726} INFO - Sync 1 DAGs
[2023-06-03T20:25:43.614+0000] {logging_mixin.py:149} INFO - [2023-06-03T20:25:43.614+0000] {dag.py:3490} INFO - Setting next_dagrun for tutorial to 2023-06-02T20:25:43.613920+00:00, run_after=2023-06-03T20:25:43.613920+00:00
[2023-06-03T20:25:43.633+0000] {processor.py:179} INFO - Processing /home/airflow/.local/lib/python3.7/site-packages/airflow/example_dags/tutorial.py took 0.061 seconds
[2023-06-03T20:26:14.320+0000] {processor.py:157} INFO - Started process (PID=524) to work on /home/airflow/.local/lib/python3.7/site-packages/airflow/example_dags/tutorial.py
[2023-06-03T20:26:14.322+0000] {processor.py:826} INFO - Processing file /home/airflow/.local/lib/python3.7/site-packages/airflow/example_dags/tutorial.py for tasks to queue
[2023-06-03T20:26:14.323+0000] {logging_mixin.py:149} INFO - [2023-06-03T20:26:14.323+0000] {dagbag.py:541} INFO - Filling up the DagBag from /home/airflow/.local/lib/python3.7/site-packages/airflow/example_dags/tutorial.py
[2023-06-03T20:26:14.328+0000] {processor.py:836} INFO - DAG(s) dict_keys(['tutorial']) retrieved from /home/airflow/.local/lib/python3.7/site-packages/airflow/example_dags/tutorial.py
[2023-06-03T20:26:14.345+0000] {logging_mixin.py:149} INFO - [2023-06-03T20:26:14.345+0000] {dag.py:2726} INFO - Sync 1 DAGs
[2023-06-03T20:26:14.449+0000] {logging_mixin.py:149} INFO - [2023-06-03T20:26:14.449+0000] {dag.py:3490} INFO - Setting next_dagrun for tutorial to 2023-06-02T20:26:14.449223+00:00, run_after=2023-06-03T20:26:14.449223+00:00
[2023-06-03T20:26:14.467+0000] {processor.py:179} INFO - Processing /home/airflow/.local/lib/python3.7/site-packages/airflow/example_dags/tutorial.py took 0.149 seconds
[2023-06-03T20:26:44.624+0000] {processor.py:157} INFO - Started process (PID=776) to work on /home/airflow/.local/lib/python3.7/site-packages/airflow/example_dags/tutorial.py
[2023-06-03T20:26:44.625+0000] {processor.py:826} INFO - Processing file /home/airflow/.local/lib/python3.7/site-packages/airflow/example_dags/tutorial.py for tasks to queue
[2023-06-03T20:26:44.626+0000] {logging_mixin.py:149} INFO - [2023-06-03T20:26:44.626+0000] {dagbag.py:541} INFO - Filling up the DagBag from /home/airflow/.local/lib/python3.7/site-packages/airflow/example_dags/tutorial.py
[2023-06-03T20:26:44.631+0000] {processor.py:836} INFO - DAG(s) dict_keys(['tutorial']) retrieved from /home/airflow/.local/lib/python3.7/site-packages/airflow/example_dags/tutorial.py
[2023-06-03T20:26:44.650+0000] {logging_mixin.py:149} INFO - [2023-06-03T20:26:44.650+0000] {dag.py:2726} INFO - Sync 1 DAGs
[2023-06-03T20:26:44.669+0000] {logging_mixin.py:149} INFO - [2023-06-03T20:26:44.669+0000] {dag.py:3490} INFO - Setting next_dagrun for tutorial to 2023-06-02T20:26:44.669258+00:00, run_after=2023-06-03T20:26:44.669258+00:00
[2023-06-03T20:26:44.685+0000] {processor.py:179} INFO - Processing /home/airflow/.local/lib/python3.7/site-packages/airflow/example_dags/tutorial.py took 0.063 seconds
[2023-06-03T20:27:15.479+0000] {processor.py:157} INFO - Started process (PID=1028) to work on /home/airflow/.local/lib/python3.7/site-packages/airflow/example_dags/tutorial.py
[2023-06-03T20:27:15.480+0000] {processor.py:826} INFO - Processing file /home/airflow/.local/lib/python3.7/site-packages/airflow/example_dags/tutorial.py for tasks to queue
[2023-06-03T20:27:15.481+0000] {logging_mixin.py:149} INFO - [2023-06-03T20:27:15.481+0000] {dagbag.py:541} INFO - Filling up the DagBag from /home/airflow/.local/lib/python3.7/site-packages/airflow/example_dags/tutorial.py
[2023-06-03T20:27:15.486+0000] {processor.py:836} INFO - DAG(s) dict_keys(['tutorial']) retrieved from /home/airflow/.local/lib/python3.7/site-packages/airflow/example_dags/tutorial.py
[2023-06-03T20:27:15.502+0000] {logging_mixin.py:149} INFO - [2023-06-03T20:27:15.502+0000] {dag.py:2726} INFO - Sync 1 DAGs
[2023-06-03T20:27:15.520+0000] {logging_mixin.py:149} INFO - [2023-06-03T20:27:15.520+0000] {dag.py:3490} INFO - Setting next_dagrun for tutorial to 2023-06-02T20:27:15.520209+00:00, run_after=2023-06-03T20:27:15.520209+00:00
[2023-06-03T20:27:15.537+0000] {processor.py:179} INFO - Processing /home/airflow/.local/lib/python3.7/site-packages/airflow/example_dags/tutorial.py took 0.060 seconds
[2023-06-03T20:27:45.710+0000] {processor.py:157} INFO - Started process (PID=1280) to work on /home/airflow/.local/lib/python3.7/site-packages/airflow/example_dags/tutorial.py
[2023-06-03T20:27:45.711+0000] {processor.py:826} INFO - Processing file /home/airflow/.local/lib/python3.7/site-packages/airflow/example_dags/tutorial.py for tasks to queue
[2023-06-03T20:27:45.712+0000] {logging_mixin.py:149} INFO - [2023-06-03T20:27:45.712+0000] {dagbag.py:541} INFO - Filling up the DagBag from /home/airflow/.local/lib/python3.7/site-packages/airflow/example_dags/tutorial.py
[2023-06-03T20:27:45.717+0000] {processor.py:836} INFO - DAG(s) dict_keys(['tutorial']) retrieved from /home/airflow/.local/lib/python3.7/site-packages/airflow/example_dags/tutorial.py
[2023-06-03T20:27:45.735+0000] {logging_mixin.py:149} INFO - [2023-06-03T20:27:45.734+0000] {dag.py:2726} INFO - Sync 1 DAGs
[2023-06-03T20:27:45.752+0000] {logging_mixin.py:149} INFO - [2023-06-03T20:27:45.752+0000] {dag.py:3490} INFO - Setting next_dagrun for tutorial to 2023-06-02T20:27:45.752343+00:00, run_after=2023-06-03T20:27:45.752343+00:00
[2023-06-03T20:27:45.768+0000] {processor.py:179} INFO - Processing /home/airflow/.local/lib/python3.7/site-packages/airflow/example_dags/tutorial.py took 0.060 seconds
[2023-06-03T20:28:16.008+0000] {processor.py:157} INFO - Started process (PID=1533) to work on /home/airflow/.local/lib/python3.7/site-packages/airflow/example_dags/tutorial.py
[2023-06-03T20:28:16.009+0000] {processor.py:826} INFO - Processing file /home/airflow/.local/lib/python3.7/site-packages/airflow/example_dags/tutorial.py for tasks to queue
[2023-06-03T20:28:16.010+0000] {logging_mixin.py:149} INFO - [2023-06-03T20:28:16.010+0000] {dagbag.py:541} INFO - Filling up the DagBag from /home/airflow/.local/lib/python3.7/site-packages/airflow/example_dags/tutorial.py
[2023-06-03T20:28:16.016+0000] {processor.py:836} INFO - DAG(s) dict_keys(['tutorial']) retrieved from /home/airflow/.local/lib/python3.7/site-packages/airflow/example_dags/tutorial.py
[2023-06-03T20:28:16.038+0000] {logging_mixin.py:149} INFO - [2023-06-03T20:28:16.038+0000] {dag.py:2726} INFO - Sync 1 DAGs
[2023-06-03T20:28:16.061+0000] {logging_mixin.py:149} INFO - [2023-06-03T20:28:16.061+0000] {dag.py:3490} INFO - Setting next_dagrun for tutorial to 2023-06-02T20:28:16.060828+00:00, run_after=2023-06-03T20:28:16.060828+00:00
[2023-06-03T20:28:16.083+0000] {processor.py:179} INFO - Processing /home/airflow/.local/lib/python3.7/site-packages/airflow/example_dags/tutorial.py took 0.078 seconds
[2023-06-03T20:28:46.200+0000] {processor.py:157} INFO - Started process (PID=1785) to work on /home/airflow/.local/lib/python3.7/site-packages/airflow/example_dags/tutorial.py
[2023-06-03T20:28:46.201+0000] {processor.py:826} INFO - Processing file /home/airflow/.local/lib/python3.7/site-packages/airflow/example_dags/tutorial.py for tasks to queue
[2023-06-03T20:28:46.202+0000] {logging_mixin.py:149} INFO - [2023-06-03T20:28:46.202+0000] {dagbag.py:541} INFO - Filling up the DagBag from /home/airflow/.local/lib/python3.7/site-packages/airflow/example_dags/tutorial.py
[2023-06-03T20:28:46.207+0000] {processor.py:836} INFO - DAG(s) dict_keys(['tutorial']) retrieved from /home/airflow/.local/lib/python3.7/site-packages/airflow/example_dags/tutorial.py
[2023-06-03T20:28:46.228+0000] {logging_mixin.py:149} INFO - [2023-06-03T20:28:46.228+0000] {dag.py:2726} INFO - Sync 1 DAGs
[2023-06-03T20:28:46.259+0000] {logging_mixin.py:149} INFO - [2023-06-03T20:28:46.259+0000] {dag.py:3490} INFO - Setting next_dagrun for tutorial to 2023-06-02T20:28:46.258905+00:00, run_after=2023-06-03T20:28:46.258905+00:00
[2023-06-03T20:28:46.276+0000] {processor.py:179} INFO - Processing /home/airflow/.local/lib/python3.7/site-packages/airflow/example_dags/tutorial.py took 0.079 seconds
[2023-06-03T20:29:16.611+0000] {processor.py:157} INFO - Started process (PID=2037) to work on /home/airflow/.local/lib/python3.7/site-packages/airflow/example_dags/tutorial.py
[2023-06-03T20:29:16.612+0000] {processor.py:826} INFO - Processing file /home/airflow/.local/lib/python3.7/site-packages/airflow/example_dags/tutorial.py for tasks to queue
[2023-06-03T20:29:16.613+0000] {logging_mixin.py:149} INFO - [2023-06-03T20:29:16.613+0000] {dagbag.py:541} INFO - Filling up the DagBag from /home/airflow/.local/lib/python3.7/site-packages/airflow/example_dags/tutorial.py
[2023-06-03T20:29:16.618+0000] {processor.py:836} INFO - DAG(s) dict_keys(['tutorial']) retrieved from /home/airflow/.local/lib/python3.7/site-packages/airflow/example_dags/tutorial.py
[2023-06-03T20:29:16.634+0000] {logging_mixin.py:149} INFO - [2023-06-03T20:29:16.634+0000] {dag.py:2726} INFO - Sync 1 DAGs
[2023-06-03T20:29:16.651+0000] {logging_mixin.py:149} INFO - [2023-06-03T20:29:16.651+0000] {dag.py:3490} INFO - Setting next_dagrun for tutorial to 2023-06-02T20:29:16.651087+00:00, run_after=2023-06-03T20:29:16.651087+00:00
[2023-06-03T20:29:16.668+0000] {processor.py:179} INFO - Processing /home/airflow/.local/lib/python3.7/site-packages/airflow/example_dags/tutorial.py took 0.060 seconds
[2023-06-03T20:29:46.969+0000] {processor.py:157} INFO - Started process (PID=2289) to work on /home/airflow/.local/lib/python3.7/site-packages/airflow/example_dags/tutorial.py
[2023-06-03T20:29:46.970+0000] {processor.py:826} INFO - Processing file /home/airflow/.local/lib/python3.7/site-packages/airflow/example_dags/tutorial.py for tasks to queue
[2023-06-03T20:29:46.971+0000] {logging_mixin.py:149} INFO - [2023-06-03T20:29:46.971+0000] {dagbag.py:541} INFO - Filling up the DagBag from /home/airflow/.local/lib/python3.7/site-packages/airflow/example_dags/tutorial.py
[2023-06-03T20:29:46.976+0000] {processor.py:836} INFO - DAG(s) dict_keys(['tutorial']) retrieved from /home/airflow/.local/lib/python3.7/site-packages/airflow/example_dags/tutorial.py
[2023-06-03T20:29:46.994+0000] {logging_mixin.py:149} INFO - [2023-06-03T20:29:46.994+0000] {dag.py:2726} INFO - Sync 1 DAGs
[2023-06-03T20:29:47.034+0000] {logging_mixin.py:149} INFO - [2023-06-03T20:29:47.034+0000] {dag.py:3490} INFO - Setting next_dagrun for tutorial to 2023-06-02T20:29:47.034257+00:00, run_after=2023-06-03T20:29:47.034257+00:00
[2023-06-03T20:29:47.049+0000] {processor.py:179} INFO - Processing /home/airflow/.local/lib/python3.7/site-packages/airflow/example_dags/tutorial.py took 0.083 seconds
[2023-06-03T20:30:17.935+0000] {processor.py:157} INFO - Started process (PID=2541) to work on /home/airflow/.local/lib/python3.7/site-packages/airflow/example_dags/tutorial.py
[2023-06-03T20:30:17.936+0000] {processor.py:826} INFO - Processing file /home/airflow/.local/lib/python3.7/site-packages/airflow/example_dags/tutorial.py for tasks to queue
[2023-06-03T20:30:17.937+0000] {logging_mixin.py:149} INFO - [2023-06-03T20:30:17.937+0000] {dagbag.py:541} INFO - Filling up the DagBag from /home/airflow/.local/lib/python3.7/site-packages/airflow/example_dags/tutorial.py
[2023-06-03T20:30:17.943+0000] {processor.py:836} INFO - DAG(s) dict_keys(['tutorial']) retrieved from /home/airflow/.local/lib/python3.7/site-packages/airflow/example_dags/tutorial.py
[2023-06-03T20:30:17.964+0000] {logging_mixin.py:149} INFO - [2023-06-03T20:30:17.964+0000] {dag.py:2726} INFO - Sync 1 DAGs
[2023-06-03T20:30:17.986+0000] {logging_mixin.py:149} INFO - [2023-06-03T20:30:17.986+0000] {dag.py:3490} INFO - Setting next_dagrun for tutorial to 2023-06-02T20:30:17.986282+00:00, run_after=2023-06-03T20:30:17.986282+00:00
[2023-06-03T20:30:18.007+0000] {processor.py:179} INFO - Processing /home/airflow/.local/lib/python3.7/site-packages/airflow/example_dags/tutorial.py took 0.075 seconds
[2023-06-03T20:30:48.441+0000] {processor.py:157} INFO - Started process (PID=2793) to work on /home/airflow/.local/lib/python3.7/site-packages/airflow/example_dags/tutorial.py
[2023-06-03T20:30:48.442+0000] {processor.py:826} INFO - Processing file /home/airflow/.local/lib/python3.7/site-packages/airflow/example_dags/tutorial.py for tasks to queue
[2023-06-03T20:30:48.444+0000] {logging_mixin.py:149} INFO - [2023-06-03T20:30:48.444+0000] {dagbag.py:541} INFO - Filling up the DagBag from /home/airflow/.local/lib/python3.7/site-packages/airflow/example_dags/tutorial.py
[2023-06-03T20:30:48.450+0000] {processor.py:836} INFO - DAG(s) dict_keys(['tutorial']) retrieved from /home/airflow/.local/lib/python3.7/site-packages/airflow/example_dags/tutorial.py
[2023-06-03T20:30:48.468+0000] {logging_mixin.py:149} INFO - [2023-06-03T20:30:48.468+0000] {dag.py:2726} INFO - Sync 1 DAGs
[2023-06-03T20:30:48.488+0000] {logging_mixin.py:149} INFO - [2023-06-03T20:30:48.488+0000] {dag.py:3490} INFO - Setting next_dagrun for tutorial to 2023-06-02T20:30:48.487857+00:00, run_after=2023-06-03T20:30:48.487857+00:00
[2023-06-03T20:30:48.506+0000] {processor.py:179} INFO - Processing /home/airflow/.local/lib/python3.7/site-packages/airflow/example_dags/tutorial.py took 0.067 seconds
[2023-06-03T20:31:18.787+0000] {processor.py:157} INFO - Started process (PID=3045) to work on /home/airflow/.local/lib/python3.7/site-packages/airflow/example_dags/tutorial.py
[2023-06-03T20:31:18.788+0000] {processor.py:826} INFO - Processing file /home/airflow/.local/lib/python3.7/site-packages/airflow/example_dags/tutorial.py for tasks to queue
[2023-06-03T20:31:18.789+0000] {logging_mixin.py:149} INFO - [2023-06-03T20:31:18.789+0000] {dagbag.py:541} INFO - Filling up the DagBag from /home/airflow/.local/lib/python3.7/site-packages/airflow/example_dags/tutorial.py
[2023-06-03T20:31:18.794+0000] {processor.py:836} INFO - DAG(s) dict_keys(['tutorial']) retrieved from /home/airflow/.local/lib/python3.7/site-packages/airflow/example_dags/tutorial.py
[2023-06-03T20:31:18.810+0000] {logging_mixin.py:149} INFO - [2023-06-03T20:31:18.810+0000] {dag.py:2726} INFO - Sync 1 DAGs
[2023-06-03T20:31:18.827+0000] {logging_mixin.py:149} INFO - [2023-06-03T20:31:18.827+0000] {dag.py:3490} INFO - Setting next_dagrun for tutorial to 2023-06-02T20:31:18.827187+00:00, run_after=2023-06-03T20:31:18.827187+00:00
[2023-06-03T20:31:18.841+0000] {processor.py:179} INFO - Processing /home/airflow/.local/lib/python3.7/site-packages/airflow/example_dags/tutorial.py took 0.056 seconds
[2023-06-03T20:31:50.118+0000] {processor.py:157} INFO - Started process (PID=3299) to work on /home/airflow/.local/lib/python3.7/site-packages/airflow/example_dags/tutorial.py
[2023-06-03T20:31:50.120+0000] {processor.py:826} INFO - Processing file /home/airflow/.local/lib/python3.7/site-packages/airflow/example_dags/tutorial.py for tasks to queue
[2023-06-03T20:31:50.123+0000] {logging_mixin.py:149} INFO - [2023-06-03T20:31:50.122+0000] {dagbag.py:541} INFO - Filling up the DagBag from /home/airflow/.local/lib/python3.7/site-packages/airflow/example_dags/tutorial.py
[2023-06-03T20:31:50.130+0000] {processor.py:836} INFO - DAG(s) dict_keys(['tutorial']) retrieved from /home/airflow/.local/lib/python3.7/site-packages/airflow/example_dags/tutorial.py
[2023-06-03T20:31:50.152+0000] {logging_mixin.py:149} INFO - [2023-06-03T20:31:50.152+0000] {dag.py:2726} INFO - Sync 1 DAGs
[2023-06-03T20:31:50.171+0000] {logging_mixin.py:149} INFO - [2023-06-03T20:31:50.171+0000] {dag.py:3490} INFO - Setting next_dagrun for tutorial to 2023-06-02T20:31:50.171228+00:00, run_after=2023-06-03T20:31:50.171228+00:00
[2023-06-03T20:31:50.188+0000] {processor.py:179} INFO - Processing /home/airflow/.local/lib/python3.7/site-packages/airflow/example_dags/tutorial.py took 0.073 seconds
[2023-06-03T20:32:20.496+0000] {processor.py:157} INFO - Started process (PID=3689) to work on /home/airflow/.local/lib/python3.7/site-packages/airflow/example_dags/tutorial.py
[2023-06-03T20:32:20.497+0000] {processor.py:826} INFO - Processing file /home/airflow/.local/lib/python3.7/site-packages/airflow/example_dags/tutorial.py for tasks to queue
[2023-06-03T20:32:20.498+0000] {logging_mixin.py:149} INFO - [2023-06-03T20:32:20.498+0000] {dagbag.py:541} INFO - Filling up the DagBag from /home/airflow/.local/lib/python3.7/site-packages/airflow/example_dags/tutorial.py
[2023-06-03T20:32:20.503+0000] {processor.py:836} INFO - DAG(s) dict_keys(['tutorial']) retrieved from /home/airflow/.local/lib/python3.7/site-packages/airflow/example_dags/tutorial.py
[2023-06-03T20:32:20.519+0000] {logging_mixin.py:149} INFO - [2023-06-03T20:32:20.519+0000] {dag.py:2726} INFO - Sync 1 DAGs
[2023-06-03T20:32:20.537+0000] {logging_mixin.py:149} INFO - [2023-06-03T20:32:20.537+0000] {dag.py:3490} INFO - Setting next_dagrun for tutorial to 2023-06-02T20:32:20.537019+00:00, run_after=2023-06-03T20:32:20.537019+00:00
[2023-06-03T20:32:20.554+0000] {processor.py:179} INFO - Processing /home/airflow/.local/lib/python3.7/site-packages/airflow/example_dags/tutorial.py took 0.060 seconds
[2023-06-03T20:32:51.622+0000] {processor.py:157} INFO - Started process (PID=3941) to work on /home/airflow/.local/lib/python3.7/site-packages/airflow/example_dags/tutorial.py
[2023-06-03T20:32:51.623+0000] {processor.py:826} INFO - Processing file /home/airflow/.local/lib/python3.7/site-packages/airflow/example_dags/tutorial.py for tasks to queue
[2023-06-03T20:32:51.624+0000] {logging_mixin.py:149} INFO - [2023-06-03T20:32:51.624+0000] {dagbag.py:541} INFO - Filling up the DagBag from /home/airflow/.local/lib/python3.7/site-packages/airflow/example_dags/tutorial.py
[2023-06-03T20:32:51.629+0000] {processor.py:836} INFO - DAG(s) dict_keys(['tutorial']) retrieved from /home/airflow/.local/lib/python3.7/site-packages/airflow/example_dags/tutorial.py
[2023-06-03T20:32:51.645+0000] {logging_mixin.py:149} INFO - [2023-06-03T20:32:51.645+0000] {dag.py:2726} INFO - Sync 1 DAGs
[2023-06-03T20:32:51.663+0000] {logging_mixin.py:149} INFO - [2023-06-03T20:32:51.663+0000] {dag.py:3490} INFO - Setting next_dagrun for tutorial to 2023-06-02T20:32:51.663636+00:00, run_after=2023-06-03T20:32:51.663636+00:00
[2023-06-03T20:32:51.680+0000] {processor.py:179} INFO - Processing /home/airflow/.local/lib/python3.7/site-packages/airflow/example_dags/tutorial.py took 0.061 seconds
[2023-06-03T20:33:21.872+0000] {processor.py:157} INFO - Started process (PID=4191) to work on /home/airflow/.local/lib/python3.7/site-packages/airflow/example_dags/tutorial.py
[2023-06-03T20:33:21.873+0000] {processor.py:826} INFO - Processing file /home/airflow/.local/lib/python3.7/site-packages/airflow/example_dags/tutorial.py for tasks to queue
[2023-06-03T20:33:21.874+0000] {logging_mixin.py:149} INFO - [2023-06-03T20:33:21.874+0000] {dagbag.py:541} INFO - Filling up the DagBag from /home/airflow/.local/lib/python3.7/site-packages/airflow/example_dags/tutorial.py
[2023-06-03T20:33:21.880+0000] {processor.py:836} INFO - DAG(s) dict_keys(['tutorial']) retrieved from /home/airflow/.local/lib/python3.7/site-packages/airflow/example_dags/tutorial.py
[2023-06-03T20:33:21.899+0000] {logging_mixin.py:149} INFO - [2023-06-03T20:33:21.899+0000] {dag.py:2726} INFO - Sync 1 DAGs
[2023-06-03T20:33:21.917+0000] {logging_mixin.py:149} INFO - [2023-06-03T20:33:21.917+0000] {dag.py:3490} INFO - Setting next_dagrun for tutorial to 2023-06-02T20:33:21.917537+00:00, run_after=2023-06-03T20:33:21.917537+00:00
[2023-06-03T20:33:21.935+0000] {processor.py:179} INFO - Processing /home/airflow/.local/lib/python3.7/site-packages/airflow/example_dags/tutorial.py took 0.066 seconds
[2023-06-03T20:33:52.878+0000] {processor.py:157} INFO - Started process (PID=4445) to work on /home/airflow/.local/lib/python3.7/site-packages/airflow/example_dags/tutorial.py
[2023-06-03T20:33:52.879+0000] {processor.py:826} INFO - Processing file /home/airflow/.local/lib/python3.7/site-packages/airflow/example_dags/tutorial.py for tasks to queue
[2023-06-03T20:33:52.880+0000] {logging_mixin.py:149} INFO - [2023-06-03T20:33:52.880+0000] {dagbag.py:541} INFO - Filling up the DagBag from /home/airflow/.local/lib/python3.7/site-packages/airflow/example_dags/tutorial.py
[2023-06-03T20:33:52.886+0000] {processor.py:836} INFO - DAG(s) dict_keys(['tutorial']) retrieved from /home/airflow/.local/lib/python3.7/site-packages/airflow/example_dags/tutorial.py
[2023-06-03T20:33:52.971+0000] {logging_mixin.py:149} INFO - [2023-06-03T20:33:52.971+0000] {dag.py:2726} INFO - Sync 1 DAGs
[2023-06-03T20:33:52.990+0000] {logging_mixin.py:149} INFO - [2023-06-03T20:33:52.990+0000] {dag.py:3490} INFO - Setting next_dagrun for tutorial to 2023-06-02T20:33:52.990028+00:00, run_after=2023-06-03T20:33:52.990028+00:00
[2023-06-03T20:33:53.007+0000] {processor.py:179} INFO - Processing /home/airflow/.local/lib/python3.7/site-packages/airflow/example_dags/tutorial.py took 0.132 seconds
[2023-06-03T20:34:23.353+0000] {processor.py:157} INFO - Started process (PID=4695) to work on /home/airflow/.local/lib/python3.7/site-packages/airflow/example_dags/tutorial.py
[2023-06-03T20:34:23.355+0000] {processor.py:826} INFO - Processing file /home/airflow/.local/lib/python3.7/site-packages/airflow/example_dags/tutorial.py for tasks to queue
[2023-06-03T20:34:23.356+0000] {logging_mixin.py:149} INFO - [2023-06-03T20:34:23.355+0000] {dagbag.py:541} INFO - Filling up the DagBag from /home/airflow/.local/lib/python3.7/site-packages/airflow/example_dags/tutorial.py
[2023-06-03T20:34:23.360+0000] {processor.py:836} INFO - DAG(s) dict_keys(['tutorial']) retrieved from /home/airflow/.local/lib/python3.7/site-packages/airflow/example_dags/tutorial.py
[2023-06-03T20:34:23.376+0000] {logging_mixin.py:149} INFO - [2023-06-03T20:34:23.376+0000] {dag.py:2726} INFO - Sync 1 DAGs
[2023-06-03T20:34:23.392+0000] {logging_mixin.py:149} INFO - [2023-06-03T20:34:23.392+0000] {dag.py:3490} INFO - Setting next_dagrun for tutorial to 2023-06-02T20:34:23.392092+00:00, run_after=2023-06-03T20:34:23.392092+00:00
[2023-06-03T20:34:23.406+0000] {processor.py:179} INFO - Processing /home/airflow/.local/lib/python3.7/site-packages/airflow/example_dags/tutorial.py took 0.054 seconds
[2023-06-03T20:34:53.734+0000] {processor.py:157} INFO - Started process (PID=4947) to work on /home/airflow/.local/lib/python3.7/site-packages/airflow/example_dags/tutorial.py
[2023-06-03T20:34:53.735+0000] {processor.py:826} INFO - Processing file /home/airflow/.local/lib/python3.7/site-packages/airflow/example_dags/tutorial.py for tasks to queue
[2023-06-03T20:34:53.736+0000] {logging_mixin.py:149} INFO - [2023-06-03T20:34:53.736+0000] {dagbag.py:541} INFO - Filling up the DagBag from /home/airflow/.local/lib/python3.7/site-packages/airflow/example_dags/tutorial.py
[2023-06-03T20:34:53.740+0000] {processor.py:836} INFO - DAG(s) dict_keys(['tutorial']) retrieved from /home/airflow/.local/lib/python3.7/site-packages/airflow/example_dags/tutorial.py
[2023-06-03T20:34:53.756+0000] {logging_mixin.py:149} INFO - [2023-06-03T20:34:53.756+0000] {dag.py:2726} INFO - Sync 1 DAGs
[2023-06-03T20:34:53.773+0000] {logging_mixin.py:149} INFO - [2023-06-03T20:34:53.773+0000] {dag.py:3490} INFO - Setting next_dagrun for tutorial to 2023-06-02T20:34:53.773067+00:00, run_after=2023-06-03T20:34:53.773067+00:00
[2023-06-03T20:34:53.787+0000] {processor.py:179} INFO - Processing /home/airflow/.local/lib/python3.7/site-packages/airflow/example_dags/tutorial.py took 0.055 seconds
[2023-06-03T20:35:24.255+0000] {processor.py:157} INFO - Started process (PID=5199) to work on /home/airflow/.local/lib/python3.7/site-packages/airflow/example_dags/tutorial.py
[2023-06-03T20:35:24.256+0000] {processor.py:826} INFO - Processing file /home/airflow/.local/lib/python3.7/site-packages/airflow/example_dags/tutorial.py for tasks to queue
[2023-06-03T20:35:24.257+0000] {logging_mixin.py:149} INFO - [2023-06-03T20:35:24.257+0000] {dagbag.py:541} INFO - Filling up the DagBag from /home/airflow/.local/lib/python3.7/site-packages/airflow/example_dags/tutorial.py
[2023-06-03T20:35:24.261+0000] {processor.py:836} INFO - DAG(s) dict_keys(['tutorial']) retrieved from /home/airflow/.local/lib/python3.7/site-packages/airflow/example_dags/tutorial.py
[2023-06-03T20:35:24.278+0000] {logging_mixin.py:149} INFO - [2023-06-03T20:35:24.277+0000] {dag.py:2726} INFO - Sync 1 DAGs
[2023-06-03T20:35:24.294+0000] {logging_mixin.py:149} INFO - [2023-06-03T20:35:24.294+0000] {dag.py:3490} INFO - Setting next_dagrun for tutorial to 2023-06-02T20:35:24.294576+00:00, run_after=2023-06-03T20:35:24.294576+00:00
[2023-06-03T20:35:24.310+0000] {processor.py:179} INFO - Processing /home/airflow/.local/lib/python3.7/site-packages/airflow/example_dags/tutorial.py took 0.057 seconds
[2023-06-03T20:35:55.125+0000] {processor.py:157} INFO - Started process (PID=5451) to work on /home/airflow/.local/lib/python3.7/site-packages/airflow/example_dags/tutorial.py
[2023-06-03T20:35:55.126+0000] {processor.py:826} INFO - Processing file /home/airflow/.local/lib/python3.7/site-packages/airflow/example_dags/tutorial.py for tasks to queue
[2023-06-03T20:35:55.127+0000] {logging_mixin.py:149} INFO - [2023-06-03T20:35:55.127+0000] {dagbag.py:541} INFO - Filling up the DagBag from /home/airflow/.local/lib/python3.7/site-packages/airflow/example_dags/tutorial.py
[2023-06-03T20:35:55.131+0000] {processor.py:836} INFO - DAG(s) dict_keys(['tutorial']) retrieved from /home/airflow/.local/lib/python3.7/site-packages/airflow/example_dags/tutorial.py
[2023-06-03T20:35:55.147+0000] {logging_mixin.py:149} INFO - [2023-06-03T20:35:55.147+0000] {dag.py:2726} INFO - Sync 1 DAGs
[2023-06-03T20:35:55.165+0000] {logging_mixin.py:149} INFO - [2023-06-03T20:35:55.165+0000] {dag.py:3490} INFO - Setting next_dagrun for tutorial to 2023-06-02T20:35:55.164930+00:00, run_after=2023-06-03T20:35:55.164930+00:00
[2023-06-03T20:35:55.183+0000] {processor.py:179} INFO - Processing /home/airflow/.local/lib/python3.7/site-packages/airflow/example_dags/tutorial.py took 0.060 seconds
[2023-06-03T20:36:25.733+0000] {processor.py:157} INFO - Started process (PID=5705) to work on /home/airflow/.local/lib/python3.7/site-packages/airflow/example_dags/tutorial.py
[2023-06-03T20:36:25.734+0000] {processor.py:826} INFO - Processing file /home/airflow/.local/lib/python3.7/site-packages/airflow/example_dags/tutorial.py for tasks to queue
[2023-06-03T20:36:25.736+0000] {logging_mixin.py:149} INFO - [2023-06-03T20:36:25.735+0000] {dagbag.py:541} INFO - Filling up the DagBag from /home/airflow/.local/lib/python3.7/site-packages/airflow/example_dags/tutorial.py
[2023-06-03T20:36:25.741+0000] {processor.py:836} INFO - DAG(s) dict_keys(['tutorial']) retrieved from /home/airflow/.local/lib/python3.7/site-packages/airflow/example_dags/tutorial.py
[2023-06-03T20:36:25.757+0000] {logging_mixin.py:149} INFO - [2023-06-03T20:36:25.757+0000] {dag.py:2726} INFO - Sync 1 DAGs
[2023-06-03T20:36:25.774+0000] {logging_mixin.py:149} INFO - [2023-06-03T20:36:25.774+0000] {dag.py:3490} INFO - Setting next_dagrun for tutorial to 2023-06-02T20:36:25.774228+00:00, run_after=2023-06-03T20:36:25.774228+00:00
[2023-06-03T20:36:25.790+0000] {processor.py:179} INFO - Processing /home/airflow/.local/lib/python3.7/site-packages/airflow/example_dags/tutorial.py took 0.060 seconds
[2023-06-03T20:36:56.092+0000] {processor.py:157} INFO - Started process (PID=5955) to work on /home/airflow/.local/lib/python3.7/site-packages/airflow/example_dags/tutorial.py
[2023-06-03T20:36:56.093+0000] {processor.py:826} INFO - Processing file /home/airflow/.local/lib/python3.7/site-packages/airflow/example_dags/tutorial.py for tasks to queue
[2023-06-03T20:36:56.095+0000] {logging_mixin.py:149} INFO - [2023-06-03T20:36:56.095+0000] {dagbag.py:541} INFO - Filling up the DagBag from /home/airflow/.local/lib/python3.7/site-packages/airflow/example_dags/tutorial.py
[2023-06-03T20:36:56.100+0000] {processor.py:836} INFO - DAG(s) dict_keys(['tutorial']) retrieved from /home/airflow/.local/lib/python3.7/site-packages/airflow/example_dags/tutorial.py
[2023-06-03T20:36:56.119+0000] {logging_mixin.py:149} INFO - [2023-06-03T20:36:56.119+0000] {dag.py:2726} INFO - Sync 1 DAGs
[2023-06-03T20:36:56.136+0000] {logging_mixin.py:149} INFO - [2023-06-03T20:36:56.136+0000] {dag.py:3490} INFO - Setting next_dagrun for tutorial to 2023-06-02T20:36:56.136055+00:00, run_after=2023-06-03T20:36:56.136055+00:00
[2023-06-03T20:36:56.150+0000] {processor.py:179} INFO - Processing /home/airflow/.local/lib/python3.7/site-packages/airflow/example_dags/tutorial.py took 0.060 seconds
[2023-06-03T20:37:26.992+0000] {processor.py:157} INFO - Started process (PID=6207) to work on /home/airflow/.local/lib/python3.7/site-packages/airflow/example_dags/tutorial.py
[2023-06-03T20:37:26.994+0000] {processor.py:826} INFO - Processing file /home/airflow/.local/lib/python3.7/site-packages/airflow/example_dags/tutorial.py for tasks to queue
[2023-06-03T20:37:26.995+0000] {logging_mixin.py:149} INFO - [2023-06-03T20:37:26.995+0000] {dagbag.py:541} INFO - Filling up the DagBag from /home/airflow/.local/lib/python3.7/site-packages/airflow/example_dags/tutorial.py
[2023-06-03T20:37:27.001+0000] {processor.py:836} INFO - DAG(s) dict_keys(['tutorial']) retrieved from /home/airflow/.local/lib/python3.7/site-packages/airflow/example_dags/tutorial.py
[2023-06-03T20:37:27.020+0000] {logging_mixin.py:149} INFO - [2023-06-03T20:37:27.020+0000] {dag.py:2726} INFO - Sync 1 DAGs
[2023-06-03T20:37:27.039+0000] {logging_mixin.py:149} INFO - [2023-06-03T20:37:27.039+0000] {dag.py:3490} INFO - Setting next_dagrun for tutorial to 2023-06-02T20:37:27.039485+00:00, run_after=2023-06-03T20:37:27.039485+00:00
[2023-06-03T20:37:27.057+0000] {processor.py:179} INFO - Processing /home/airflow/.local/lib/python3.7/site-packages/airflow/example_dags/tutorial.py took 0.067 seconds
[2023-06-03T20:37:57.550+0000] {processor.py:157} INFO - Started process (PID=6459) to work on /home/airflow/.local/lib/python3.7/site-packages/airflow/example_dags/tutorial.py
[2023-06-03T20:37:57.551+0000] {processor.py:826} INFO - Processing file /home/airflow/.local/lib/python3.7/site-packages/airflow/example_dags/tutorial.py for tasks to queue
[2023-06-03T20:37:57.552+0000] {logging_mixin.py:149} INFO - [2023-06-03T20:37:57.551+0000] {dagbag.py:541} INFO - Filling up the DagBag from /home/airflow/.local/lib/python3.7/site-packages/airflow/example_dags/tutorial.py
[2023-06-03T20:37:57.556+0000] {processor.py:836} INFO - DAG(s) dict_keys(['tutorial']) retrieved from /home/airflow/.local/lib/python3.7/site-packages/airflow/example_dags/tutorial.py
[2023-06-03T20:37:57.574+0000] {logging_mixin.py:149} INFO - [2023-06-03T20:37:57.573+0000] {dag.py:2726} INFO - Sync 1 DAGs
[2023-06-03T20:37:57.591+0000] {logging_mixin.py:149} INFO - [2023-06-03T20:37:57.591+0000] {dag.py:3490} INFO - Setting next_dagrun for tutorial to 2023-06-02T20:37:57.591152+00:00, run_after=2023-06-03T20:37:57.591152+00:00
[2023-06-03T20:37:57.607+0000] {processor.py:179} INFO - Processing /home/airflow/.local/lib/python3.7/site-packages/airflow/example_dags/tutorial.py took 0.059 seconds
[2023-06-03T20:38:27.845+0000] {processor.py:157} INFO - Started process (PID=6711) to work on /home/airflow/.local/lib/python3.7/site-packages/airflow/example_dags/tutorial.py
[2023-06-03T20:38:27.846+0000] {processor.py:826} INFO - Processing file /home/airflow/.local/lib/python3.7/site-packages/airflow/example_dags/tutorial.py for tasks to queue
[2023-06-03T20:38:27.847+0000] {logging_mixin.py:149} INFO - [2023-06-03T20:38:27.847+0000] {dagbag.py:541} INFO - Filling up the DagBag from /home/airflow/.local/lib/python3.7/site-packages/airflow/example_dags/tutorial.py
[2023-06-03T20:38:27.852+0000] {processor.py:836} INFO - DAG(s) dict_keys(['tutorial']) retrieved from /home/airflow/.local/lib/python3.7/site-packages/airflow/example_dags/tutorial.py
[2023-06-03T20:38:27.868+0000] {logging_mixin.py:149} INFO - [2023-06-03T20:38:27.868+0000] {dag.py:2726} INFO - Sync 1 DAGs
[2023-06-03T20:38:27.885+0000] {logging_mixin.py:149} INFO - [2023-06-03T20:38:27.885+0000] {dag.py:3490} INFO - Setting next_dagrun for tutorial to 2023-06-02T20:38:27.885113+00:00, run_after=2023-06-03T20:38:27.885113+00:00
[2023-06-03T20:38:27.900+0000] {processor.py:179} INFO - Processing /home/airflow/.local/lib/python3.7/site-packages/airflow/example_dags/tutorial.py took 0.057 seconds
[2023-06-03T20:38:58.231+0000] {processor.py:157} INFO - Started process (PID=6965) to work on /home/airflow/.local/lib/python3.7/site-packages/airflow/example_dags/tutorial.py
[2023-06-03T20:38:58.232+0000] {processor.py:826} INFO - Processing file /home/airflow/.local/lib/python3.7/site-packages/airflow/example_dags/tutorial.py for tasks to queue
[2023-06-03T20:38:58.233+0000] {logging_mixin.py:149} INFO - [2023-06-03T20:38:58.233+0000] {dagbag.py:541} INFO - Filling up the DagBag from /home/airflow/.local/lib/python3.7/site-packages/airflow/example_dags/tutorial.py
[2023-06-03T20:38:58.238+0000] {processor.py:836} INFO - DAG(s) dict_keys(['tutorial']) retrieved from /home/airflow/.local/lib/python3.7/site-packages/airflow/example_dags/tutorial.py
[2023-06-03T20:38:58.254+0000] {logging_mixin.py:149} INFO - [2023-06-03T20:38:58.254+0000] {dag.py:2726} INFO - Sync 1 DAGs
[2023-06-03T20:38:58.272+0000] {logging_mixin.py:149} INFO - [2023-06-03T20:38:58.272+0000] {dag.py:3490} INFO - Setting next_dagrun for tutorial to 2023-06-02T20:38:58.271894+00:00, run_after=2023-06-03T20:38:58.271894+00:00
[2023-06-03T20:38:58.288+0000] {processor.py:179} INFO - Processing /home/airflow/.local/lib/python3.7/site-packages/airflow/example_dags/tutorial.py took 0.059 seconds
[2023-06-03T20:39:28.411+0000] {processor.py:157} INFO - Started process (PID=7217) to work on /home/airflow/.local/lib/python3.7/site-packages/airflow/example_dags/tutorial.py
[2023-06-03T20:39:28.412+0000] {processor.py:826} INFO - Processing file /home/airflow/.local/lib/python3.7/site-packages/airflow/example_dags/tutorial.py for tasks to queue
[2023-06-03T20:39:28.413+0000] {logging_mixin.py:149} INFO - [2023-06-03T20:39:28.413+0000] {dagbag.py:541} INFO - Filling up the DagBag from /home/airflow/.local/lib/python3.7/site-packages/airflow/example_dags/tutorial.py
[2023-06-03T20:39:28.417+0000] {processor.py:836} INFO - DAG(s) dict_keys(['tutorial']) retrieved from /home/airflow/.local/lib/python3.7/site-packages/airflow/example_dags/tutorial.py
[2023-06-03T20:39:28.435+0000] {logging_mixin.py:149} INFO - [2023-06-03T20:39:28.435+0000] {dag.py:2726} INFO - Sync 1 DAGs
[2023-06-03T20:39:28.460+0000] {logging_mixin.py:149} INFO - [2023-06-03T20:39:28.459+0000] {dag.py:3490} INFO - Setting next_dagrun for tutorial to 2023-06-02T20:39:28.459761+00:00, run_after=2023-06-03T20:39:28.459761+00:00
[2023-06-03T20:39:28.480+0000] {processor.py:179} INFO - Processing /home/airflow/.local/lib/python3.7/site-packages/airflow/example_dags/tutorial.py took 0.071 seconds
[2023-06-03T20:39:58.795+0000] {processor.py:157} INFO - Started process (PID=7469) to work on /home/airflow/.local/lib/python3.7/site-packages/airflow/example_dags/tutorial.py
[2023-06-03T20:39:58.796+0000] {processor.py:826} INFO - Processing file /home/airflow/.local/lib/python3.7/site-packages/airflow/example_dags/tutorial.py for tasks to queue
[2023-06-03T20:39:58.798+0000] {logging_mixin.py:149} INFO - [2023-06-03T20:39:58.798+0000] {dagbag.py:541} INFO - Filling up the DagBag from /home/airflow/.local/lib/python3.7/site-packages/airflow/example_dags/tutorial.py
[2023-06-03T20:39:58.804+0000] {processor.py:836} INFO - DAG(s) dict_keys(['tutorial']) retrieved from /home/airflow/.local/lib/python3.7/site-packages/airflow/example_dags/tutorial.py
[2023-06-03T20:39:58.824+0000] {logging_mixin.py:149} INFO - [2023-06-03T20:39:58.823+0000] {dag.py:2726} INFO - Sync 1 DAGs
[2023-06-03T20:39:58.841+0000] {logging_mixin.py:149} INFO - [2023-06-03T20:39:58.841+0000] {dag.py:3490} INFO - Setting next_dagrun for tutorial to 2023-06-02T20:39:58.841390+00:00, run_after=2023-06-03T20:39:58.841390+00:00
[2023-06-03T20:39:58.858+0000] {processor.py:179} INFO - Processing /home/airflow/.local/lib/python3.7/site-packages/airflow/example_dags/tutorial.py took 0.067 seconds
[2023-06-03T20:40:29.081+0000] {processor.py:157} INFO - Started process (PID=7721) to work on /home/airflow/.local/lib/python3.7/site-packages/airflow/example_dags/tutorial.py
[2023-06-03T20:40:29.082+0000] {processor.py:826} INFO - Processing file /home/airflow/.local/lib/python3.7/site-packages/airflow/example_dags/tutorial.py for tasks to queue
[2023-06-03T20:40:29.083+0000] {logging_mixin.py:149} INFO - [2023-06-03T20:40:29.083+0000] {dagbag.py:541} INFO - Filling up the DagBag from /home/airflow/.local/lib/python3.7/site-packages/airflow/example_dags/tutorial.py
[2023-06-03T20:40:29.090+0000] {processor.py:836} INFO - DAG(s) dict_keys(['tutorial']) retrieved from /home/airflow/.local/lib/python3.7/site-packages/airflow/example_dags/tutorial.py
[2023-06-03T20:40:29.107+0000] {logging_mixin.py:149} INFO - [2023-06-03T20:40:29.107+0000] {dag.py:2726} INFO - Sync 1 DAGs
[2023-06-03T20:40:29.124+0000] {logging_mixin.py:149} INFO - [2023-06-03T20:40:29.124+0000] {dag.py:3490} INFO - Setting next_dagrun for tutorial to 2023-06-02T20:40:29.124364+00:00, run_after=2023-06-03T20:40:29.124364+00:00
[2023-06-03T20:40:29.143+0000] {processor.py:179} INFO - Processing /home/airflow/.local/lib/python3.7/site-packages/airflow/example_dags/tutorial.py took 0.065 seconds
[2023-06-03T20:41:00.142+0000] {processor.py:157} INFO - Started process (PID=7973) to work on /home/airflow/.local/lib/python3.7/site-packages/airflow/example_dags/tutorial.py
[2023-06-03T20:41:00.145+0000] {processor.py:826} INFO - Processing file /home/airflow/.local/lib/python3.7/site-packages/airflow/example_dags/tutorial.py for tasks to queue
[2023-06-03T20:41:00.148+0000] {logging_mixin.py:149} INFO - [2023-06-03T20:41:00.148+0000] {dagbag.py:541} INFO - Filling up the DagBag from /home/airflow/.local/lib/python3.7/site-packages/airflow/example_dags/tutorial.py
[2023-06-03T20:41:00.155+0000] {processor.py:836} INFO - DAG(s) dict_keys(['tutorial']) retrieved from /home/airflow/.local/lib/python3.7/site-packages/airflow/example_dags/tutorial.py
[2023-06-03T20:41:00.175+0000] {logging_mixin.py:149} INFO - [2023-06-03T20:41:00.175+0000] {dag.py:2726} INFO - Sync 1 DAGs
[2023-06-03T20:41:00.249+0000] {logging_mixin.py:149} INFO - [2023-06-03T20:41:00.249+0000] {dag.py:3490} INFO - Setting next_dagrun for tutorial to 2023-06-02T20:41:00.249492+00:00, run_after=2023-06-03T20:41:00.249492+00:00
[2023-06-03T20:41:00.269+0000] {processor.py:179} INFO - Processing /home/airflow/.local/lib/python3.7/site-packages/airflow/example_dags/tutorial.py took 0.131 seconds
[2023-06-03T20:41:30.371+0000] {processor.py:157} INFO - Started process (PID=8225) to work on /home/airflow/.local/lib/python3.7/site-packages/airflow/example_dags/tutorial.py
[2023-06-03T20:41:30.372+0000] {processor.py:826} INFO - Processing file /home/airflow/.local/lib/python3.7/site-packages/airflow/example_dags/tutorial.py for tasks to queue
[2023-06-03T20:41:30.373+0000] {logging_mixin.py:149} INFO - [2023-06-03T20:41:30.373+0000] {dagbag.py:541} INFO - Filling up the DagBag from /home/airflow/.local/lib/python3.7/site-packages/airflow/example_dags/tutorial.py
[2023-06-03T20:41:30.379+0000] {processor.py:836} INFO - DAG(s) dict_keys(['tutorial']) retrieved from /home/airflow/.local/lib/python3.7/site-packages/airflow/example_dags/tutorial.py
[2023-06-03T20:41:30.396+0000] {logging_mixin.py:149} INFO - [2023-06-03T20:41:30.396+0000] {dag.py:2726} INFO - Sync 1 DAGs
[2023-06-03T20:41:30.414+0000] {logging_mixin.py:149} INFO - [2023-06-03T20:41:30.414+0000] {dag.py:3490} INFO - Setting next_dagrun for tutorial to 2023-06-02T20:41:30.414020+00:00, run_after=2023-06-03T20:41:30.414020+00:00
[2023-06-03T20:41:30.429+0000] {processor.py:179} INFO - Processing /home/airflow/.local/lib/python3.7/site-packages/airflow/example_dags/tutorial.py took 0.060 seconds
[2023-06-03T20:42:00.690+0000] {processor.py:157} INFO - Started process (PID=8475) to work on /home/airflow/.local/lib/python3.7/site-packages/airflow/example_dags/tutorial.py
[2023-06-03T20:42:00.691+0000] {processor.py:826} INFO - Processing file /home/airflow/.local/lib/python3.7/site-packages/airflow/example_dags/tutorial.py for tasks to queue
[2023-06-03T20:42:00.693+0000] {logging_mixin.py:149} INFO - [2023-06-03T20:42:00.693+0000] {dagbag.py:541} INFO - Filling up the DagBag from /home/airflow/.local/lib/python3.7/site-packages/airflow/example_dags/tutorial.py
[2023-06-03T20:42:00.698+0000] {processor.py:836} INFO - DAG(s) dict_keys(['tutorial']) retrieved from /home/airflow/.local/lib/python3.7/site-packages/airflow/example_dags/tutorial.py
[2023-06-03T20:42:00.718+0000] {logging_mixin.py:149} INFO - [2023-06-03T20:42:00.717+0000] {dag.py:2726} INFO - Sync 1 DAGs
[2023-06-03T20:42:00.737+0000] {logging_mixin.py:149} INFO - [2023-06-03T20:42:00.737+0000] {dag.py:3490} INFO - Setting next_dagrun for tutorial to 2023-06-02T20:42:00.737084+00:00, run_after=2023-06-03T20:42:00.737084+00:00
[2023-06-03T20:42:00.753+0000] {processor.py:179} INFO - Processing /home/airflow/.local/lib/python3.7/site-packages/airflow/example_dags/tutorial.py took 0.065 seconds
[2023-06-03T20:42:31.800+0000] {processor.py:157} INFO - Started process (PID=8729) to work on /home/airflow/.local/lib/python3.7/site-packages/airflow/example_dags/tutorial.py
[2023-06-03T20:42:31.801+0000] {processor.py:826} INFO - Processing file /home/airflow/.local/lib/python3.7/site-packages/airflow/example_dags/tutorial.py for tasks to queue
[2023-06-03T20:42:31.802+0000] {logging_mixin.py:149} INFO - [2023-06-03T20:42:31.802+0000] {dagbag.py:541} INFO - Filling up the DagBag from /home/airflow/.local/lib/python3.7/site-packages/airflow/example_dags/tutorial.py
[2023-06-03T20:42:31.808+0000] {processor.py:836} INFO - DAG(s) dict_keys(['tutorial']) retrieved from /home/airflow/.local/lib/python3.7/site-packages/airflow/example_dags/tutorial.py
[2023-06-03T20:42:31.826+0000] {logging_mixin.py:149} INFO - [2023-06-03T20:42:31.826+0000] {dag.py:2726} INFO - Sync 1 DAGs
[2023-06-03T20:42:31.846+0000] {logging_mixin.py:149} INFO - [2023-06-03T20:42:31.846+0000] {dag.py:3490} INFO - Setting next_dagrun for tutorial to 2023-06-02T20:42:31.846114+00:00, run_after=2023-06-03T20:42:31.846114+00:00
[2023-06-03T20:42:31.867+0000] {processor.py:179} INFO - Processing /home/airflow/.local/lib/python3.7/site-packages/airflow/example_dags/tutorial.py took 0.070 seconds
[2023-06-03T20:43:02.103+0000] {processor.py:157} INFO - Started process (PID=8979) to work on /home/airflow/.local/lib/python3.7/site-packages/airflow/example_dags/tutorial.py
[2023-06-03T20:43:02.104+0000] {processor.py:826} INFO - Processing file /home/airflow/.local/lib/python3.7/site-packages/airflow/example_dags/tutorial.py for tasks to queue
[2023-06-03T20:43:02.105+0000] {logging_mixin.py:149} INFO - [2023-06-03T20:43:02.105+0000] {dagbag.py:541} INFO - Filling up the DagBag from /home/airflow/.local/lib/python3.7/site-packages/airflow/example_dags/tutorial.py
[2023-06-03T20:43:02.111+0000] {processor.py:836} INFO - DAG(s) dict_keys(['tutorial']) retrieved from /home/airflow/.local/lib/python3.7/site-packages/airflow/example_dags/tutorial.py
[2023-06-03T20:43:02.130+0000] {logging_mixin.py:149} INFO - [2023-06-03T20:43:02.130+0000] {dag.py:2726} INFO - Sync 1 DAGs
[2023-06-03T20:43:02.150+0000] {logging_mixin.py:149} INFO - [2023-06-03T20:43:02.150+0000] {dag.py:3490} INFO - Setting next_dagrun for tutorial to 2023-06-02T20:43:02.150531+00:00, run_after=2023-06-03T20:43:02.150531+00:00
[2023-06-03T20:43:02.168+0000] {processor.py:179} INFO - Processing /home/airflow/.local/lib/python3.7/site-packages/airflow/example_dags/tutorial.py took 0.067 seconds
[2023-06-03T20:43:32.345+0000] {processor.py:157} INFO - Started process (PID=9231) to work on /home/airflow/.local/lib/python3.7/site-packages/airflow/example_dags/tutorial.py
[2023-06-03T20:43:32.347+0000] {processor.py:826} INFO - Processing file /home/airflow/.local/lib/python3.7/site-packages/airflow/example_dags/tutorial.py for tasks to queue
[2023-06-03T20:43:32.348+0000] {logging_mixin.py:149} INFO - [2023-06-03T20:43:32.348+0000] {dagbag.py:541} INFO - Filling up the DagBag from /home/airflow/.local/lib/python3.7/site-packages/airflow/example_dags/tutorial.py
[2023-06-03T20:43:32.354+0000] {processor.py:836} INFO - DAG(s) dict_keys(['tutorial']) retrieved from /home/airflow/.local/lib/python3.7/site-packages/airflow/example_dags/tutorial.py
[2023-06-03T20:43:32.372+0000] {logging_mixin.py:149} INFO - [2023-06-03T20:43:32.372+0000] {dag.py:2726} INFO - Sync 1 DAGs
[2023-06-03T20:43:32.391+0000] {logging_mixin.py:149} INFO - [2023-06-03T20:43:32.391+0000] {dag.py:3490} INFO - Setting next_dagrun for tutorial to 2023-06-02T20:43:32.390914+00:00, run_after=2023-06-03T20:43:32.390914+00:00
[2023-06-03T20:43:32.408+0000] {processor.py:179} INFO - Processing /home/airflow/.local/lib/python3.7/site-packages/airflow/example_dags/tutorial.py took 0.064 seconds
[2023-06-03T20:44:03.317+0000] {processor.py:157} INFO - Started process (PID=9483) to work on /home/airflow/.local/lib/python3.7/site-packages/airflow/example_dags/tutorial.py
[2023-06-03T20:44:03.319+0000] {processor.py:826} INFO - Processing file /home/airflow/.local/lib/python3.7/site-packages/airflow/example_dags/tutorial.py for tasks to queue
[2023-06-03T20:44:03.321+0000] {logging_mixin.py:149} INFO - [2023-06-03T20:44:03.321+0000] {dagbag.py:541} INFO - Filling up the DagBag from /home/airflow/.local/lib/python3.7/site-packages/airflow/example_dags/tutorial.py
[2023-06-03T20:44:03.327+0000] {processor.py:836} INFO - DAG(s) dict_keys(['tutorial']) retrieved from /home/airflow/.local/lib/python3.7/site-packages/airflow/example_dags/tutorial.py
[2023-06-03T20:44:03.345+0000] {logging_mixin.py:149} INFO - [2023-06-03T20:44:03.345+0000] {dag.py:2726} INFO - Sync 1 DAGs
[2023-06-03T20:44:03.362+0000] {logging_mixin.py:149} INFO - [2023-06-03T20:44:03.362+0000] {dag.py:3490} INFO - Setting next_dagrun for tutorial to 2023-06-02T20:44:03.362010+00:00, run_after=2023-06-03T20:44:03.362010+00:00
[2023-06-03T20:44:03.376+0000] {processor.py:179} INFO - Processing /home/airflow/.local/lib/python3.7/site-packages/airflow/example_dags/tutorial.py took 0.061 seconds
[2023-06-03T20:44:34.290+0000] {processor.py:157} INFO - Started process (PID=9737) to work on /home/airflow/.local/lib/python3.7/site-packages/airflow/example_dags/tutorial.py
[2023-06-03T20:44:34.291+0000] {processor.py:826} INFO - Processing file /home/airflow/.local/lib/python3.7/site-packages/airflow/example_dags/tutorial.py for tasks to queue
[2023-06-03T20:44:34.293+0000] {logging_mixin.py:149} INFO - [2023-06-03T20:44:34.293+0000] {dagbag.py:541} INFO - Filling up the DagBag from /home/airflow/.local/lib/python3.7/site-packages/airflow/example_dags/tutorial.py
[2023-06-03T20:44:34.301+0000] {processor.py:836} INFO - DAG(s) dict_keys(['tutorial']) retrieved from /home/airflow/.local/lib/python3.7/site-packages/airflow/example_dags/tutorial.py
[2023-06-03T20:44:34.320+0000] {logging_mixin.py:149} INFO - [2023-06-03T20:44:34.320+0000] {dag.py:2726} INFO - Sync 1 DAGs
[2023-06-03T20:44:34.337+0000] {logging_mixin.py:149} INFO - [2023-06-03T20:44:34.337+0000] {dag.py:3490} INFO - Setting next_dagrun for tutorial to 2023-06-02T20:44:34.337296+00:00, run_after=2023-06-03T20:44:34.337296+00:00
[2023-06-03T20:44:34.355+0000] {processor.py:179} INFO - Processing /home/airflow/.local/lib/python3.7/site-packages/airflow/example_dags/tutorial.py took 0.070 seconds
[2023-06-03T20:45:05.476+0000] {processor.py:157} INFO - Started process (PID=9989) to work on /home/airflow/.local/lib/python3.7/site-packages/airflow/example_dags/tutorial.py
[2023-06-03T20:45:05.477+0000] {processor.py:826} INFO - Processing file /home/airflow/.local/lib/python3.7/site-packages/airflow/example_dags/tutorial.py for tasks to queue
[2023-06-03T20:45:05.479+0000] {logging_mixin.py:149} INFO - [2023-06-03T20:45:05.479+0000] {dagbag.py:541} INFO - Filling up the DagBag from /home/airflow/.local/lib/python3.7/site-packages/airflow/example_dags/tutorial.py
[2023-06-03T20:45:05.485+0000] {processor.py:836} INFO - DAG(s) dict_keys(['tutorial']) retrieved from /home/airflow/.local/lib/python3.7/site-packages/airflow/example_dags/tutorial.py
[2023-06-03T20:45:05.503+0000] {logging_mixin.py:149} INFO - [2023-06-03T20:45:05.503+0000] {dag.py:2726} INFO - Sync 1 DAGs
[2023-06-03T20:45:05.521+0000] {logging_mixin.py:149} INFO - [2023-06-03T20:45:05.521+0000] {dag.py:3490} INFO - Setting next_dagrun for tutorial to 2023-06-02T20:45:05.521204+00:00, run_after=2023-06-03T20:45:05.521204+00:00
[2023-06-03T20:45:05.537+0000] {processor.py:179} INFO - Processing /home/airflow/.local/lib/python3.7/site-packages/airflow/example_dags/tutorial.py took 0.066 seconds
[2023-06-03T20:45:36.073+0000] {processor.py:157} INFO - Started process (PID=10239) to work on /home/airflow/.local/lib/python3.7/site-packages/airflow/example_dags/tutorial.py
[2023-06-03T20:45:36.074+0000] {processor.py:826} INFO - Processing file /home/airflow/.local/lib/python3.7/site-packages/airflow/example_dags/tutorial.py for tasks to queue
[2023-06-03T20:45:36.076+0000] {logging_mixin.py:149} INFO - [2023-06-03T20:45:36.076+0000] {dagbag.py:541} INFO - Filling up the DagBag from /home/airflow/.local/lib/python3.7/site-packages/airflow/example_dags/tutorial.py
[2023-06-03T20:45:36.082+0000] {processor.py:836} INFO - DAG(s) dict_keys(['tutorial']) retrieved from /home/airflow/.local/lib/python3.7/site-packages/airflow/example_dags/tutorial.py
[2023-06-03T20:45:36.100+0000] {logging_mixin.py:149} INFO - [2023-06-03T20:45:36.100+0000] {dag.py:2726} INFO - Sync 1 DAGs
[2023-06-03T20:45:36.119+0000] {logging_mixin.py:149} INFO - [2023-06-03T20:45:36.118+0000] {dag.py:3490} INFO - Setting next_dagrun for tutorial to 2023-06-02T20:45:36.118808+00:00, run_after=2023-06-03T20:45:36.118808+00:00
[2023-06-03T20:45:36.137+0000] {processor.py:179} INFO - Processing /home/airflow/.local/lib/python3.7/site-packages/airflow/example_dags/tutorial.py took 0.066 seconds
[2023-06-03T20:46:06.337+0000] {processor.py:157} INFO - Started process (PID=10496) to work on /home/airflow/.local/lib/python3.7/site-packages/airflow/example_dags/tutorial.py
[2023-06-03T20:46:06.338+0000] {processor.py:826} INFO - Processing file /home/airflow/.local/lib/python3.7/site-packages/airflow/example_dags/tutorial.py for tasks to queue
[2023-06-03T20:46:06.339+0000] {logging_mixin.py:149} INFO - [2023-06-03T20:46:06.339+0000] {dagbag.py:541} INFO - Filling up the DagBag from /home/airflow/.local/lib/python3.7/site-packages/airflow/example_dags/tutorial.py
[2023-06-03T20:46:06.344+0000] {processor.py:836} INFO - DAG(s) dict_keys(['tutorial']) retrieved from /home/airflow/.local/lib/python3.7/site-packages/airflow/example_dags/tutorial.py
[2023-06-03T20:46:06.362+0000] {logging_mixin.py:149} INFO - [2023-06-03T20:46:06.362+0000] {dag.py:2726} INFO - Sync 1 DAGs
[2023-06-03T20:46:06.380+0000] {logging_mixin.py:149} INFO - [2023-06-03T20:46:06.380+0000] {dag.py:3490} INFO - Setting next_dagrun for tutorial to 2023-06-02T20:46:06.380258+00:00, run_after=2023-06-03T20:46:06.380258+00:00
[2023-06-03T20:46:06.397+0000] {processor.py:179} INFO - Processing /home/airflow/.local/lib/python3.7/site-packages/airflow/example_dags/tutorial.py took 0.062 seconds
[2023-06-03T20:46:37.422+0000] {processor.py:157} INFO - Started process (PID=10743) to work on /home/airflow/.local/lib/python3.7/site-packages/airflow/example_dags/tutorial.py
[2023-06-03T20:46:37.424+0000] {processor.py:826} INFO - Processing file /home/airflow/.local/lib/python3.7/site-packages/airflow/example_dags/tutorial.py for tasks to queue
[2023-06-03T20:46:37.425+0000] {logging_mixin.py:149} INFO - [2023-06-03T20:46:37.425+0000] {dagbag.py:541} INFO - Filling up the DagBag from /home/airflow/.local/lib/python3.7/site-packages/airflow/example_dags/tutorial.py
[2023-06-03T20:46:37.430+0000] {processor.py:836} INFO - DAG(s) dict_keys(['tutorial']) retrieved from /home/airflow/.local/lib/python3.7/site-packages/airflow/example_dags/tutorial.py
[2023-06-03T20:46:37.449+0000] {logging_mixin.py:149} INFO - [2023-06-03T20:46:37.448+0000] {dag.py:2726} INFO - Sync 1 DAGs
[2023-06-03T20:46:37.467+0000] {logging_mixin.py:149} INFO - [2023-06-03T20:46:37.467+0000] {dag.py:3490} INFO - Setting next_dagrun for tutorial to 2023-06-02T20:46:37.467077+00:00, run_after=2023-06-03T20:46:37.467077+00:00
[2023-06-03T20:46:37.486+0000] {processor.py:179} INFO - Processing /home/airflow/.local/lib/python3.7/site-packages/airflow/example_dags/tutorial.py took 0.066 seconds
[2023-06-03T20:47:07.965+0000] {processor.py:157} INFO - Started process (PID=10997) to work on /home/airflow/.local/lib/python3.7/site-packages/airflow/example_dags/tutorial.py
[2023-06-03T20:47:07.966+0000] {processor.py:826} INFO - Processing file /home/airflow/.local/lib/python3.7/site-packages/airflow/example_dags/tutorial.py for tasks to queue
[2023-06-03T20:47:07.967+0000] {logging_mixin.py:149} INFO - [2023-06-03T20:47:07.967+0000] {dagbag.py:541} INFO - Filling up the DagBag from /home/airflow/.local/lib/python3.7/site-packages/airflow/example_dags/tutorial.py
[2023-06-03T20:47:07.971+0000] {processor.py:836} INFO - DAG(s) dict_keys(['tutorial']) retrieved from /home/airflow/.local/lib/python3.7/site-packages/airflow/example_dags/tutorial.py
[2023-06-03T20:47:07.987+0000] {logging_mixin.py:149} INFO - [2023-06-03T20:47:07.987+0000] {dag.py:2726} INFO - Sync 1 DAGs
[2023-06-03T20:47:08.004+0000] {logging_mixin.py:149} INFO - [2023-06-03T20:47:08.004+0000] {dag.py:3490} INFO - Setting next_dagrun for tutorial to 2023-06-02T20:47:08.004496+00:00, run_after=2023-06-03T20:47:08.004496+00:00
[2023-06-03T20:47:08.046+0000] {processor.py:179} INFO - Processing /home/airflow/.local/lib/python3.7/site-packages/airflow/example_dags/tutorial.py took 0.084 seconds
[2023-06-03T20:47:38.213+0000] {processor.py:157} INFO - Started process (PID=11249) to work on /home/airflow/.local/lib/python3.7/site-packages/airflow/example_dags/tutorial.py
[2023-06-03T20:47:38.214+0000] {processor.py:826} INFO - Processing file /home/airflow/.local/lib/python3.7/site-packages/airflow/example_dags/tutorial.py for tasks to queue
[2023-06-03T20:47:38.215+0000] {logging_mixin.py:149} INFO - [2023-06-03T20:47:38.215+0000] {dagbag.py:541} INFO - Filling up the DagBag from /home/airflow/.local/lib/python3.7/site-packages/airflow/example_dags/tutorial.py
[2023-06-03T20:47:38.220+0000] {processor.py:836} INFO - DAG(s) dict_keys(['tutorial']) retrieved from /home/airflow/.local/lib/python3.7/site-packages/airflow/example_dags/tutorial.py
[2023-06-03T20:47:38.238+0000] {logging_mixin.py:149} INFO - [2023-06-03T20:47:38.238+0000] {dag.py:2726} INFO - Sync 1 DAGs
[2023-06-03T20:47:38.255+0000] {logging_mixin.py:149} INFO - [2023-06-03T20:47:38.255+0000] {dag.py:3490} INFO - Setting next_dagrun for tutorial to 2023-06-02T20:47:38.254990+00:00, run_after=2023-06-03T20:47:38.254990+00:00
[2023-06-03T20:47:38.269+0000] {processor.py:179} INFO - Processing /home/airflow/.local/lib/python3.7/site-packages/airflow/example_dags/tutorial.py took 0.058 seconds
[2023-06-03T20:48:08.467+0000] {processor.py:157} INFO - Started process (PID=11499) to work on /home/airflow/.local/lib/python3.7/site-packages/airflow/example_dags/tutorial.py
[2023-06-03T20:48:08.468+0000] {processor.py:826} INFO - Processing file /home/airflow/.local/lib/python3.7/site-packages/airflow/example_dags/tutorial.py for tasks to queue
[2023-06-03T20:48:08.470+0000] {logging_mixin.py:149} INFO - [2023-06-03T20:48:08.469+0000] {dagbag.py:541} INFO - Filling up the DagBag from /home/airflow/.local/lib/python3.7/site-packages/airflow/example_dags/tutorial.py
[2023-06-03T20:48:08.475+0000] {processor.py:836} INFO - DAG(s) dict_keys(['tutorial']) retrieved from /home/airflow/.local/lib/python3.7/site-packages/airflow/example_dags/tutorial.py
[2023-06-03T20:48:08.494+0000] {logging_mixin.py:149} INFO - [2023-06-03T20:48:08.494+0000] {dag.py:2726} INFO - Sync 1 DAGs
[2023-06-03T20:48:08.514+0000] {logging_mixin.py:149} INFO - [2023-06-03T20:48:08.513+0000] {dag.py:3490} INFO - Setting next_dagrun for tutorial to 2023-06-02T20:48:08.513681+00:00, run_after=2023-06-03T20:48:08.513681+00:00
[2023-06-03T20:48:08.531+0000] {processor.py:179} INFO - Processing /home/airflow/.local/lib/python3.7/site-packages/airflow/example_dags/tutorial.py took 0.066 seconds
[2023-06-03T20:48:38.973+0000] {processor.py:157} INFO - Started process (PID=11751) to work on /home/airflow/.local/lib/python3.7/site-packages/airflow/example_dags/tutorial.py
[2023-06-03T20:48:38.974+0000] {processor.py:826} INFO - Processing file /home/airflow/.local/lib/python3.7/site-packages/airflow/example_dags/tutorial.py for tasks to queue
[2023-06-03T20:48:38.975+0000] {logging_mixin.py:149} INFO - [2023-06-03T20:48:38.975+0000] {dagbag.py:541} INFO - Filling up the DagBag from /home/airflow/.local/lib/python3.7/site-packages/airflow/example_dags/tutorial.py
[2023-06-03T20:48:38.980+0000] {processor.py:836} INFO - DAG(s) dict_keys(['tutorial']) retrieved from /home/airflow/.local/lib/python3.7/site-packages/airflow/example_dags/tutorial.py
[2023-06-03T20:48:38.998+0000] {logging_mixin.py:149} INFO - [2023-06-03T20:48:38.998+0000] {dag.py:2726} INFO - Sync 1 DAGs
[2023-06-03T20:48:39.015+0000] {logging_mixin.py:149} INFO - [2023-06-03T20:48:39.015+0000] {dag.py:3490} INFO - Setting next_dagrun for tutorial to 2023-06-02T20:48:39.015022+00:00, run_after=2023-06-03T20:48:39.015022+00:00
[2023-06-03T20:48:39.083+0000] {processor.py:179} INFO - Processing /home/airflow/.local/lib/python3.7/site-packages/airflow/example_dags/tutorial.py took 0.113 seconds
[2023-06-03T20:49:09.206+0000] {processor.py:157} INFO - Started process (PID=12003) to work on /home/airflow/.local/lib/python3.7/site-packages/airflow/example_dags/tutorial.py
[2023-06-03T20:49:09.207+0000] {processor.py:826} INFO - Processing file /home/airflow/.local/lib/python3.7/site-packages/airflow/example_dags/tutorial.py for tasks to queue
[2023-06-03T20:49:09.209+0000] {logging_mixin.py:149} INFO - [2023-06-03T20:49:09.209+0000] {dagbag.py:541} INFO - Filling up the DagBag from /home/airflow/.local/lib/python3.7/site-packages/airflow/example_dags/tutorial.py
[2023-06-03T20:49:09.214+0000] {processor.py:836} INFO - DAG(s) dict_keys(['tutorial']) retrieved from /home/airflow/.local/lib/python3.7/site-packages/airflow/example_dags/tutorial.py
[2023-06-03T20:49:09.232+0000] {logging_mixin.py:149} INFO - [2023-06-03T20:49:09.232+0000] {dag.py:2726} INFO - Sync 1 DAGs
[2023-06-03T20:49:09.249+0000] {logging_mixin.py:149} INFO - [2023-06-03T20:49:09.249+0000] {dag.py:3490} INFO - Setting next_dagrun for tutorial to 2023-06-02T20:49:09.249437+00:00, run_after=2023-06-03T20:49:09.249437+00:00
[2023-06-03T20:49:09.265+0000] {processor.py:179} INFO - Processing /home/airflow/.local/lib/python3.7/site-packages/airflow/example_dags/tutorial.py took 0.061 seconds
[2023-06-03T20:49:39.379+0000] {processor.py:157} INFO - Started process (PID=12255) to work on /home/airflow/.local/lib/python3.7/site-packages/airflow/example_dags/tutorial.py
[2023-06-03T20:49:39.380+0000] {processor.py:826} INFO - Processing file /home/airflow/.local/lib/python3.7/site-packages/airflow/example_dags/tutorial.py for tasks to queue
[2023-06-03T20:49:39.381+0000] {logging_mixin.py:149} INFO - [2023-06-03T20:49:39.381+0000] {dagbag.py:541} INFO - Filling up the DagBag from /home/airflow/.local/lib/python3.7/site-packages/airflow/example_dags/tutorial.py
[2023-06-03T20:49:39.386+0000] {processor.py:836} INFO - DAG(s) dict_keys(['tutorial']) retrieved from /home/airflow/.local/lib/python3.7/site-packages/airflow/example_dags/tutorial.py
[2023-06-03T20:49:39.403+0000] {logging_mixin.py:149} INFO - [2023-06-03T20:49:39.403+0000] {dag.py:2726} INFO - Sync 1 DAGs
[2023-06-03T20:49:39.420+0000] {logging_mixin.py:149} INFO - [2023-06-03T20:49:39.420+0000] {dag.py:3490} INFO - Setting next_dagrun for tutorial to 2023-06-02T20:49:39.419993+00:00, run_after=2023-06-03T20:49:39.419993+00:00
[2023-06-03T20:49:39.438+0000] {processor.py:179} INFO - Processing /home/airflow/.local/lib/python3.7/site-packages/airflow/example_dags/tutorial.py took 0.061 seconds
[2023-06-03T20:50:10.250+0000] {processor.py:157} INFO - Started process (PID=12507) to work on /home/airflow/.local/lib/python3.7/site-packages/airflow/example_dags/tutorial.py
[2023-06-03T20:50:10.252+0000] {processor.py:826} INFO - Processing file /home/airflow/.local/lib/python3.7/site-packages/airflow/example_dags/tutorial.py for tasks to queue
[2023-06-03T20:50:10.253+0000] {logging_mixin.py:149} INFO - [2023-06-03T20:50:10.253+0000] {dagbag.py:541} INFO - Filling up the DagBag from /home/airflow/.local/lib/python3.7/site-packages/airflow/example_dags/tutorial.py
[2023-06-03T20:50:10.258+0000] {processor.py:836} INFO - DAG(s) dict_keys(['tutorial']) retrieved from /home/airflow/.local/lib/python3.7/site-packages/airflow/example_dags/tutorial.py
[2023-06-03T20:50:10.275+0000] {logging_mixin.py:149} INFO - [2023-06-03T20:50:10.275+0000] {dag.py:2726} INFO - Sync 1 DAGs
[2023-06-03T20:50:10.292+0000] {logging_mixin.py:149} INFO - [2023-06-03T20:50:10.292+0000] {dag.py:3490} INFO - Setting next_dagrun for tutorial to 2023-06-02T20:50:10.292191+00:00, run_after=2023-06-03T20:50:10.292191+00:00
[2023-06-03T20:50:10.308+0000] {processor.py:179} INFO - Processing /home/airflow/.local/lib/python3.7/site-packages/airflow/example_dags/tutorial.py took 0.060 seconds
[2023-06-03T20:50:41.314+0000] {processor.py:157} INFO - Started process (PID=12759) to work on /home/airflow/.local/lib/python3.7/site-packages/airflow/example_dags/tutorial.py
[2023-06-03T20:50:41.316+0000] {processor.py:826} INFO - Processing file /home/airflow/.local/lib/python3.7/site-packages/airflow/example_dags/tutorial.py for tasks to queue
[2023-06-03T20:50:41.318+0000] {logging_mixin.py:149} INFO - [2023-06-03T20:50:41.318+0000] {dagbag.py:541} INFO - Filling up the DagBag from /home/airflow/.local/lib/python3.7/site-packages/airflow/example_dags/tutorial.py
[2023-06-03T20:50:41.323+0000] {processor.py:836} INFO - DAG(s) dict_keys(['tutorial']) retrieved from /home/airflow/.local/lib/python3.7/site-packages/airflow/example_dags/tutorial.py
[2023-06-03T20:50:41.339+0000] {logging_mixin.py:149} INFO - [2023-06-03T20:50:41.339+0000] {dag.py:2726} INFO - Sync 1 DAGs
[2023-06-03T20:50:41.359+0000] {logging_mixin.py:149} INFO - [2023-06-03T20:50:41.359+0000] {dag.py:3490} INFO - Setting next_dagrun for tutorial to 2023-06-02T20:50:41.359232+00:00, run_after=2023-06-03T20:50:41.359232+00:00
[2023-06-03T20:50:41.376+0000] {processor.py:179} INFO - Processing /home/airflow/.local/lib/python3.7/site-packages/airflow/example_dags/tutorial.py took 0.064 seconds
[2023-06-03T20:51:11.987+0000] {processor.py:157} INFO - Started process (PID=13021) to work on /home/airflow/.local/lib/python3.7/site-packages/airflow/example_dags/tutorial.py
[2023-06-03T20:51:11.988+0000] {processor.py:826} INFO - Processing file /home/airflow/.local/lib/python3.7/site-packages/airflow/example_dags/tutorial.py for tasks to queue
[2023-06-03T20:51:11.989+0000] {logging_mixin.py:149} INFO - [2023-06-03T20:51:11.989+0000] {dagbag.py:541} INFO - Filling up the DagBag from /home/airflow/.local/lib/python3.7/site-packages/airflow/example_dags/tutorial.py
[2023-06-03T20:51:11.995+0000] {processor.py:836} INFO - DAG(s) dict_keys(['tutorial']) retrieved from /home/airflow/.local/lib/python3.7/site-packages/airflow/example_dags/tutorial.py
[2023-06-03T20:51:12.012+0000] {logging_mixin.py:149} INFO - [2023-06-03T20:51:12.012+0000] {dag.py:2726} INFO - Sync 1 DAGs
[2023-06-03T20:51:12.032+0000] {logging_mixin.py:149} INFO - [2023-06-03T20:51:12.031+0000] {dag.py:3490} INFO - Setting next_dagrun for tutorial to 2023-06-02T20:51:12.031769+00:00, run_after=2023-06-03T20:51:12.031769+00:00
[2023-06-03T20:51:12.049+0000] {processor.py:179} INFO - Processing /home/airflow/.local/lib/python3.7/site-packages/airflow/example_dags/tutorial.py took 0.066 seconds
[2023-06-03T20:51:43.181+0000] {processor.py:157} INFO - Started process (PID=13273) to work on /home/airflow/.local/lib/python3.7/site-packages/airflow/example_dags/tutorial.py
[2023-06-03T20:51:43.182+0000] {processor.py:826} INFO - Processing file /home/airflow/.local/lib/python3.7/site-packages/airflow/example_dags/tutorial.py for tasks to queue
[2023-06-03T20:51:43.184+0000] {logging_mixin.py:149} INFO - [2023-06-03T20:51:43.184+0000] {dagbag.py:541} INFO - Filling up the DagBag from /home/airflow/.local/lib/python3.7/site-packages/airflow/example_dags/tutorial.py
[2023-06-03T20:51:43.193+0000] {processor.py:836} INFO - DAG(s) dict_keys(['tutorial']) retrieved from /home/airflow/.local/lib/python3.7/site-packages/airflow/example_dags/tutorial.py
[2023-06-03T20:51:43.212+0000] {logging_mixin.py:149} INFO - [2023-06-03T20:51:43.212+0000] {dag.py:2726} INFO - Sync 1 DAGs
[2023-06-03T20:51:43.228+0000] {logging_mixin.py:149} INFO - [2023-06-03T20:51:43.228+0000] {dag.py:3490} INFO - Setting next_dagrun for tutorial to 2023-06-02T20:51:43.228464+00:00, run_after=2023-06-03T20:51:43.228464+00:00
[2023-06-03T20:51:43.246+0000] {processor.py:179} INFO - Processing /home/airflow/.local/lib/python3.7/site-packages/airflow/example_dags/tutorial.py took 0.069 seconds
[2023-06-03T20:52:13.883+0000] {processor.py:157} INFO - Started process (PID=13523) to work on /home/airflow/.local/lib/python3.7/site-packages/airflow/example_dags/tutorial.py
[2023-06-03T20:52:13.885+0000] {processor.py:826} INFO - Processing file /home/airflow/.local/lib/python3.7/site-packages/airflow/example_dags/tutorial.py for tasks to queue
[2023-06-03T20:52:13.886+0000] {logging_mixin.py:149} INFO - [2023-06-03T20:52:13.886+0000] {dagbag.py:541} INFO - Filling up the DagBag from /home/airflow/.local/lib/python3.7/site-packages/airflow/example_dags/tutorial.py
[2023-06-03T20:52:13.891+0000] {processor.py:836} INFO - DAG(s) dict_keys(['tutorial']) retrieved from /home/airflow/.local/lib/python3.7/site-packages/airflow/example_dags/tutorial.py
[2023-06-03T20:52:13.907+0000] {logging_mixin.py:149} INFO - [2023-06-03T20:52:13.907+0000] {dag.py:2726} INFO - Sync 1 DAGs
[2023-06-03T20:52:13.925+0000] {logging_mixin.py:149} INFO - [2023-06-03T20:52:13.925+0000] {dag.py:3490} INFO - Setting next_dagrun for tutorial to 2023-06-02T20:52:13.925417+00:00, run_after=2023-06-03T20:52:13.925417+00:00
[2023-06-03T20:52:13.941+0000] {processor.py:179} INFO - Processing /home/airflow/.local/lib/python3.7/site-packages/airflow/example_dags/tutorial.py took 0.060 seconds
[2023-06-03T20:52:44.703+0000] {processor.py:157} INFO - Started process (PID=13775) to work on /home/airflow/.local/lib/python3.7/site-packages/airflow/example_dags/tutorial.py
[2023-06-03T20:52:44.704+0000] {processor.py:826} INFO - Processing file /home/airflow/.local/lib/python3.7/site-packages/airflow/example_dags/tutorial.py for tasks to queue
[2023-06-03T20:52:44.705+0000] {logging_mixin.py:149} INFO - [2023-06-03T20:52:44.705+0000] {dagbag.py:541} INFO - Filling up the DagBag from /home/airflow/.local/lib/python3.7/site-packages/airflow/example_dags/tutorial.py
[2023-06-03T20:52:44.711+0000] {processor.py:836} INFO - DAG(s) dict_keys(['tutorial']) retrieved from /home/airflow/.local/lib/python3.7/site-packages/airflow/example_dags/tutorial.py
[2023-06-03T20:52:44.727+0000] {logging_mixin.py:149} INFO - [2023-06-03T20:52:44.727+0000] {dag.py:2726} INFO - Sync 1 DAGs
[2023-06-03T20:52:44.755+0000] {logging_mixin.py:149} INFO - [2023-06-03T20:52:44.755+0000] {dag.py:3490} INFO - Setting next_dagrun for tutorial to 2023-06-02T20:52:44.755194+00:00, run_after=2023-06-03T20:52:44.755194+00:00
[2023-06-03T20:52:44.775+0000] {processor.py:179} INFO - Processing /home/airflow/.local/lib/python3.7/site-packages/airflow/example_dags/tutorial.py took 0.074 seconds
[2023-06-03T20:53:15.189+0000] {processor.py:157} INFO - Started process (PID=14029) to work on /home/airflow/.local/lib/python3.7/site-packages/airflow/example_dags/tutorial.py
[2023-06-03T20:53:15.190+0000] {processor.py:826} INFO - Processing file /home/airflow/.local/lib/python3.7/site-packages/airflow/example_dags/tutorial.py for tasks to queue
[2023-06-03T20:53:15.191+0000] {logging_mixin.py:149} INFO - [2023-06-03T20:53:15.191+0000] {dagbag.py:541} INFO - Filling up the DagBag from /home/airflow/.local/lib/python3.7/site-packages/airflow/example_dags/tutorial.py
[2023-06-03T20:53:15.196+0000] {processor.py:836} INFO - DAG(s) dict_keys(['tutorial']) retrieved from /home/airflow/.local/lib/python3.7/site-packages/airflow/example_dags/tutorial.py
[2023-06-03T20:53:15.214+0000] {logging_mixin.py:149} INFO - [2023-06-03T20:53:15.214+0000] {dag.py:2726} INFO - Sync 1 DAGs
[2023-06-03T20:53:15.232+0000] {logging_mixin.py:149} INFO - [2023-06-03T20:53:15.232+0000] {dag.py:3490} INFO - Setting next_dagrun for tutorial to 2023-06-02T20:53:15.232208+00:00, run_after=2023-06-03T20:53:15.232208+00:00
[2023-06-03T20:53:15.249+0000] {processor.py:179} INFO - Processing /home/airflow/.local/lib/python3.7/site-packages/airflow/example_dags/tutorial.py took 0.063 seconds
[2023-06-03T20:53:45.534+0000] {processor.py:157} INFO - Started process (PID=14280) to work on /home/airflow/.local/lib/python3.7/site-packages/airflow/example_dags/tutorial.py
[2023-06-03T20:53:45.535+0000] {processor.py:826} INFO - Processing file /home/airflow/.local/lib/python3.7/site-packages/airflow/example_dags/tutorial.py for tasks to queue
[2023-06-03T20:53:45.536+0000] {logging_mixin.py:149} INFO - [2023-06-03T20:53:45.536+0000] {dagbag.py:541} INFO - Filling up the DagBag from /home/airflow/.local/lib/python3.7/site-packages/airflow/example_dags/tutorial.py
[2023-06-03T20:53:45.541+0000] {processor.py:836} INFO - DAG(s) dict_keys(['tutorial']) retrieved from /home/airflow/.local/lib/python3.7/site-packages/airflow/example_dags/tutorial.py
[2023-06-03T20:53:45.559+0000] {logging_mixin.py:149} INFO - [2023-06-03T20:53:45.559+0000] {dag.py:2726} INFO - Sync 1 DAGs
[2023-06-03T20:53:45.576+0000] {logging_mixin.py:149} INFO - [2023-06-03T20:53:45.575+0000] {dag.py:3490} INFO - Setting next_dagrun for tutorial to 2023-06-02T20:53:45.575802+00:00, run_after=2023-06-03T20:53:45.575802+00:00
[2023-06-03T20:53:45.592+0000] {processor.py:179} INFO - Processing /home/airflow/.local/lib/python3.7/site-packages/airflow/example_dags/tutorial.py took 0.060 seconds
[2023-06-03T20:54:16.331+0000] {processor.py:157} INFO - Started process (PID=14531) to work on /home/airflow/.local/lib/python3.7/site-packages/airflow/example_dags/tutorial.py
[2023-06-03T20:54:16.332+0000] {processor.py:826} INFO - Processing file /home/airflow/.local/lib/python3.7/site-packages/airflow/example_dags/tutorial.py for tasks to queue
[2023-06-03T20:54:16.333+0000] {logging_mixin.py:149} INFO - [2023-06-03T20:54:16.333+0000] {dagbag.py:541} INFO - Filling up the DagBag from /home/airflow/.local/lib/python3.7/site-packages/airflow/example_dags/tutorial.py
[2023-06-03T20:54:16.340+0000] {processor.py:836} INFO - DAG(s) dict_keys(['tutorial']) retrieved from /home/airflow/.local/lib/python3.7/site-packages/airflow/example_dags/tutorial.py
[2023-06-03T20:54:16.362+0000] {logging_mixin.py:149} INFO - [2023-06-03T20:54:16.361+0000] {dag.py:2726} INFO - Sync 1 DAGs
[2023-06-03T20:54:16.403+0000] {logging_mixin.py:149} INFO - [2023-06-03T20:54:16.403+0000] {dag.py:3490} INFO - Setting next_dagrun for tutorial to 2023-06-02T20:54:16.403467+00:00, run_after=2023-06-03T20:54:16.403467+00:00
[2023-06-03T20:54:16.425+0000] {processor.py:179} INFO - Processing /home/airflow/.local/lib/python3.7/site-packages/airflow/example_dags/tutorial.py took 0.097 seconds
[2023-06-03T20:54:46.914+0000] {processor.py:157} INFO - Started process (PID=14785) to work on /home/airflow/.local/lib/python3.7/site-packages/airflow/example_dags/tutorial.py
[2023-06-03T20:54:46.916+0000] {processor.py:826} INFO - Processing file /home/airflow/.local/lib/python3.7/site-packages/airflow/example_dags/tutorial.py for tasks to queue
[2023-06-03T20:54:46.917+0000] {logging_mixin.py:149} INFO - [2023-06-03T20:54:46.917+0000] {dagbag.py:541} INFO - Filling up the DagBag from /home/airflow/.local/lib/python3.7/site-packages/airflow/example_dags/tutorial.py
[2023-06-03T20:54:46.921+0000] {processor.py:836} INFO - DAG(s) dict_keys(['tutorial']) retrieved from /home/airflow/.local/lib/python3.7/site-packages/airflow/example_dags/tutorial.py
[2023-06-03T20:54:46.938+0000] {logging_mixin.py:149} INFO - [2023-06-03T20:54:46.938+0000] {dag.py:2726} INFO - Sync 1 DAGs
[2023-06-03T20:54:46.955+0000] {logging_mixin.py:149} INFO - [2023-06-03T20:54:46.954+0000] {dag.py:3490} INFO - Setting next_dagrun for tutorial to 2023-06-02T20:54:46.954752+00:00, run_after=2023-06-03T20:54:46.954752+00:00
[2023-06-03T20:54:46.972+0000] {processor.py:179} INFO - Processing /home/airflow/.local/lib/python3.7/site-packages/airflow/example_dags/tutorial.py took 0.059 seconds
[2023-06-03T20:55:17.242+0000] {processor.py:157} INFO - Started process (PID=15035) to work on /home/airflow/.local/lib/python3.7/site-packages/airflow/example_dags/tutorial.py
[2023-06-03T20:55:17.243+0000] {processor.py:826} INFO - Processing file /home/airflow/.local/lib/python3.7/site-packages/airflow/example_dags/tutorial.py for tasks to queue
[2023-06-03T20:55:17.245+0000] {logging_mixin.py:149} INFO - [2023-06-03T20:55:17.245+0000] {dagbag.py:541} INFO - Filling up the DagBag from /home/airflow/.local/lib/python3.7/site-packages/airflow/example_dags/tutorial.py
[2023-06-03T20:55:17.253+0000] {processor.py:836} INFO - DAG(s) dict_keys(['tutorial']) retrieved from /home/airflow/.local/lib/python3.7/site-packages/airflow/example_dags/tutorial.py
[2023-06-03T20:55:17.270+0000] {logging_mixin.py:149} INFO - [2023-06-03T20:55:17.270+0000] {dag.py:2726} INFO - Sync 1 DAGs
[2023-06-03T20:55:17.289+0000] {logging_mixin.py:149} INFO - [2023-06-03T20:55:17.289+0000] {dag.py:3490} INFO - Setting next_dagrun for tutorial to 2023-06-02T20:55:17.289466+00:00, run_after=2023-06-03T20:55:17.289466+00:00
[2023-06-03T20:55:17.307+0000] {processor.py:179} INFO - Processing /home/airflow/.local/lib/python3.7/site-packages/airflow/example_dags/tutorial.py took 0.067 seconds
[2023-06-03T20:55:47.963+0000] {processor.py:157} INFO - Started process (PID=15287) to work on /home/airflow/.local/lib/python3.7/site-packages/airflow/example_dags/tutorial.py
[2023-06-03T20:55:47.964+0000] {processor.py:826} INFO - Processing file /home/airflow/.local/lib/python3.7/site-packages/airflow/example_dags/tutorial.py for tasks to queue
[2023-06-03T20:55:47.966+0000] {logging_mixin.py:149} INFO - [2023-06-03T20:55:47.966+0000] {dagbag.py:541} INFO - Filling up the DagBag from /home/airflow/.local/lib/python3.7/site-packages/airflow/example_dags/tutorial.py
[2023-06-03T20:55:47.972+0000] {processor.py:836} INFO - DAG(s) dict_keys(['tutorial']) retrieved from /home/airflow/.local/lib/python3.7/site-packages/airflow/example_dags/tutorial.py
[2023-06-03T20:55:47.991+0000] {logging_mixin.py:149} INFO - [2023-06-03T20:55:47.991+0000] {dag.py:2726} INFO - Sync 1 DAGs
[2023-06-03T20:55:48.011+0000] {logging_mixin.py:149} INFO - [2023-06-03T20:55:48.011+0000] {dag.py:3490} INFO - Setting next_dagrun for tutorial to 2023-06-02T20:55:48.010899+00:00, run_after=2023-06-03T20:55:48.010899+00:00
[2023-06-03T20:55:48.030+0000] {processor.py:179} INFO - Processing /home/airflow/.local/lib/python3.7/site-packages/airflow/example_dags/tutorial.py took 0.069 seconds
[2023-06-03T20:56:18.495+0000] {processor.py:157} INFO - Started process (PID=15539) to work on /home/airflow/.local/lib/python3.7/site-packages/airflow/example_dags/tutorial.py
[2023-06-03T20:56:18.505+0000] {processor.py:826} INFO - Processing file /home/airflow/.local/lib/python3.7/site-packages/airflow/example_dags/tutorial.py for tasks to queue
[2023-06-03T20:56:18.506+0000] {logging_mixin.py:149} INFO - [2023-06-03T20:56:18.506+0000] {dagbag.py:541} INFO - Filling up the DagBag from /home/airflow/.local/lib/python3.7/site-packages/airflow/example_dags/tutorial.py
[2023-06-03T20:56:18.511+0000] {processor.py:836} INFO - DAG(s) dict_keys(['tutorial']) retrieved from /home/airflow/.local/lib/python3.7/site-packages/airflow/example_dags/tutorial.py
[2023-06-03T20:56:18.529+0000] {logging_mixin.py:149} INFO - [2023-06-03T20:56:18.529+0000] {dag.py:2726} INFO - Sync 1 DAGs
[2023-06-03T20:56:18.550+0000] {logging_mixin.py:149} INFO - [2023-06-03T20:56:18.550+0000] {dag.py:3490} INFO - Setting next_dagrun for tutorial to 2023-06-02T20:56:18.550261+00:00, run_after=2023-06-03T20:56:18.550261+00:00
[2023-06-03T20:56:18.570+0000] {processor.py:179} INFO - Processing /home/airflow/.local/lib/python3.7/site-packages/airflow/example_dags/tutorial.py took 0.077 seconds
[2023-06-03T20:56:49.017+0000] {processor.py:157} INFO - Started process (PID=15793) to work on /home/airflow/.local/lib/python3.7/site-packages/airflow/example_dags/tutorial.py
[2023-06-03T20:56:49.019+0000] {processor.py:826} INFO - Processing file /home/airflow/.local/lib/python3.7/site-packages/airflow/example_dags/tutorial.py for tasks to queue
[2023-06-03T20:56:49.021+0000] {logging_mixin.py:149} INFO - [2023-06-03T20:56:49.021+0000] {dagbag.py:541} INFO - Filling up the DagBag from /home/airflow/.local/lib/python3.7/site-packages/airflow/example_dags/tutorial.py
[2023-06-03T20:56:49.026+0000] {processor.py:836} INFO - DAG(s) dict_keys(['tutorial']) retrieved from /home/airflow/.local/lib/python3.7/site-packages/airflow/example_dags/tutorial.py
[2023-06-03T20:56:49.044+0000] {logging_mixin.py:149} INFO - [2023-06-03T20:56:49.044+0000] {dag.py:2726} INFO - Sync 1 DAGs
[2023-06-03T20:56:49.062+0000] {logging_mixin.py:149} INFO - [2023-06-03T20:56:49.062+0000] {dag.py:3490} INFO - Setting next_dagrun for tutorial to 2023-06-02T20:56:49.062084+00:00, run_after=2023-06-03T20:56:49.062084+00:00
[2023-06-03T20:56:49.079+0000] {processor.py:179} INFO - Processing /home/airflow/.local/lib/python3.7/site-packages/airflow/example_dags/tutorial.py took 0.065 seconds
[2023-06-03T20:57:19.457+0000] {processor.py:157} INFO - Started process (PID=16044) to work on /home/airflow/.local/lib/python3.7/site-packages/airflow/example_dags/tutorial.py
[2023-06-03T20:57:19.458+0000] {processor.py:826} INFO - Processing file /home/airflow/.local/lib/python3.7/site-packages/airflow/example_dags/tutorial.py for tasks to queue
[2023-06-03T20:57:19.459+0000] {logging_mixin.py:149} INFO - [2023-06-03T20:57:19.459+0000] {dagbag.py:541} INFO - Filling up the DagBag from /home/airflow/.local/lib/python3.7/site-packages/airflow/example_dags/tutorial.py
[2023-06-03T20:57:19.464+0000] {processor.py:836} INFO - DAG(s) dict_keys(['tutorial']) retrieved from /home/airflow/.local/lib/python3.7/site-packages/airflow/example_dags/tutorial.py
[2023-06-03T20:57:19.481+0000] {logging_mixin.py:149} INFO - [2023-06-03T20:57:19.481+0000] {dag.py:2726} INFO - Sync 1 DAGs
[2023-06-03T20:57:19.499+0000] {logging_mixin.py:149} INFO - [2023-06-03T20:57:19.499+0000] {dag.py:3490} INFO - Setting next_dagrun for tutorial to 2023-06-02T20:57:19.499569+00:00, run_after=2023-06-03T20:57:19.499569+00:00
[2023-06-03T20:57:19.517+0000] {processor.py:179} INFO - Processing /home/airflow/.local/lib/python3.7/site-packages/airflow/example_dags/tutorial.py took 0.062 seconds
[2023-06-03T20:57:49.997+0000] {processor.py:157} INFO - Started process (PID=16295) to work on /home/airflow/.local/lib/python3.7/site-packages/airflow/example_dags/tutorial.py
[2023-06-03T20:57:49.998+0000] {processor.py:826} INFO - Processing file /home/airflow/.local/lib/python3.7/site-packages/airflow/example_dags/tutorial.py for tasks to queue
[2023-06-03T20:57:50.000+0000] {logging_mixin.py:149} INFO - [2023-06-03T20:57:49.999+0000] {dagbag.py:541} INFO - Filling up the DagBag from /home/airflow/.local/lib/python3.7/site-packages/airflow/example_dags/tutorial.py
[2023-06-03T20:57:50.004+0000] {processor.py:836} INFO - DAG(s) dict_keys(['tutorial']) retrieved from /home/airflow/.local/lib/python3.7/site-packages/airflow/example_dags/tutorial.py
[2023-06-03T20:57:50.021+0000] {logging_mixin.py:149} INFO - [2023-06-03T20:57:50.021+0000] {dag.py:2726} INFO - Sync 1 DAGs
[2023-06-03T20:57:50.040+0000] {logging_mixin.py:149} INFO - [2023-06-03T20:57:50.040+0000] {dag.py:3490} INFO - Setting next_dagrun for tutorial to 2023-06-02T20:57:50.040038+00:00, run_after=2023-06-03T20:57:50.040038+00:00
[2023-06-03T20:57:50.056+0000] {processor.py:179} INFO - Processing /home/airflow/.local/lib/python3.7/site-packages/airflow/example_dags/tutorial.py took 0.060 seconds
[2023-06-03T20:58:20.210+0000] {processor.py:157} INFO - Started process (PID=16547) to work on /home/airflow/.local/lib/python3.7/site-packages/airflow/example_dags/tutorial.py
[2023-06-03T20:58:20.211+0000] {processor.py:826} INFO - Processing file /home/airflow/.local/lib/python3.7/site-packages/airflow/example_dags/tutorial.py for tasks to queue
[2023-06-03T20:58:20.212+0000] {logging_mixin.py:149} INFO - [2023-06-03T20:58:20.212+0000] {dagbag.py:541} INFO - Filling up the DagBag from /home/airflow/.local/lib/python3.7/site-packages/airflow/example_dags/tutorial.py
[2023-06-03T20:58:20.218+0000] {processor.py:836} INFO - DAG(s) dict_keys(['tutorial']) retrieved from /home/airflow/.local/lib/python3.7/site-packages/airflow/example_dags/tutorial.py
[2023-06-03T20:58:20.235+0000] {logging_mixin.py:149} INFO - [2023-06-03T20:58:20.235+0000] {dag.py:2726} INFO - Sync 1 DAGs
[2023-06-03T20:58:20.253+0000] {logging_mixin.py:149} INFO - [2023-06-03T20:58:20.253+0000] {dag.py:3490} INFO - Setting next_dagrun for tutorial to 2023-06-02T20:58:20.252847+00:00, run_after=2023-06-03T20:58:20.252847+00:00
[2023-06-03T20:58:20.269+0000] {processor.py:179} INFO - Processing /home/airflow/.local/lib/python3.7/site-packages/airflow/example_dags/tutorial.py took 0.060 seconds
[2023-06-03T20:58:50.924+0000] {processor.py:157} INFO - Started process (PID=16801) to work on /home/airflow/.local/lib/python3.7/site-packages/airflow/example_dags/tutorial.py
[2023-06-03T20:58:50.926+0000] {processor.py:826} INFO - Processing file /home/airflow/.local/lib/python3.7/site-packages/airflow/example_dags/tutorial.py for tasks to queue
[2023-06-03T20:58:50.927+0000] {logging_mixin.py:149} INFO - [2023-06-03T20:58:50.927+0000] {dagbag.py:541} INFO - Filling up the DagBag from /home/airflow/.local/lib/python3.7/site-packages/airflow/example_dags/tutorial.py
[2023-06-03T20:58:50.933+0000] {processor.py:836} INFO - DAG(s) dict_keys(['tutorial']) retrieved from /home/airflow/.local/lib/python3.7/site-packages/airflow/example_dags/tutorial.py
[2023-06-03T20:58:50.952+0000] {logging_mixin.py:149} INFO - [2023-06-03T20:58:50.952+0000] {dag.py:2726} INFO - Sync 1 DAGs
[2023-06-03T20:58:50.972+0000] {logging_mixin.py:149} INFO - [2023-06-03T20:58:50.972+0000] {dag.py:3490} INFO - Setting next_dagrun for tutorial to 2023-06-02T20:58:50.971909+00:00, run_after=2023-06-03T20:58:50.971909+00:00
[2023-06-03T20:58:50.992+0000] {processor.py:179} INFO - Processing /home/airflow/.local/lib/python3.7/site-packages/airflow/example_dags/tutorial.py took 0.070 seconds
[2023-06-03T20:59:21.588+0000] {processor.py:157} INFO - Started process (PID=17051) to work on /home/airflow/.local/lib/python3.7/site-packages/airflow/example_dags/tutorial.py
[2023-06-03T20:59:21.590+0000] {processor.py:826} INFO - Processing file /home/airflow/.local/lib/python3.7/site-packages/airflow/example_dags/tutorial.py for tasks to queue
[2023-06-03T20:59:21.591+0000] {logging_mixin.py:149} INFO - [2023-06-03T20:59:21.590+0000] {dagbag.py:541} INFO - Filling up the DagBag from /home/airflow/.local/lib/python3.7/site-packages/airflow/example_dags/tutorial.py
[2023-06-03T20:59:21.596+0000] {processor.py:836} INFO - DAG(s) dict_keys(['tutorial']) retrieved from /home/airflow/.local/lib/python3.7/site-packages/airflow/example_dags/tutorial.py
[2023-06-03T20:59:21.612+0000] {logging_mixin.py:149} INFO - [2023-06-03T20:59:21.612+0000] {dag.py:2726} INFO - Sync 1 DAGs
[2023-06-03T20:59:21.630+0000] {logging_mixin.py:149} INFO - [2023-06-03T20:59:21.630+0000] {dag.py:3490} INFO - Setting next_dagrun for tutorial to 2023-06-02T20:59:21.630640+00:00, run_after=2023-06-03T20:59:21.630640+00:00
[2023-06-03T20:59:21.647+0000] {processor.py:179} INFO - Processing /home/airflow/.local/lib/python3.7/site-packages/airflow/example_dags/tutorial.py took 0.061 seconds
[2023-06-03T20:59:52.763+0000] {processor.py:157} INFO - Started process (PID=17305) to work on /home/airflow/.local/lib/python3.7/site-packages/airflow/example_dags/tutorial.py
[2023-06-03T20:59:52.764+0000] {processor.py:826} INFO - Processing file /home/airflow/.local/lib/python3.7/site-packages/airflow/example_dags/tutorial.py for tasks to queue
[2023-06-03T20:59:52.765+0000] {logging_mixin.py:149} INFO - [2023-06-03T20:59:52.765+0000] {dagbag.py:541} INFO - Filling up the DagBag from /home/airflow/.local/lib/python3.7/site-packages/airflow/example_dags/tutorial.py
[2023-06-03T20:59:52.770+0000] {processor.py:836} INFO - DAG(s) dict_keys(['tutorial']) retrieved from /home/airflow/.local/lib/python3.7/site-packages/airflow/example_dags/tutorial.py
[2023-06-03T20:59:52.789+0000] {logging_mixin.py:149} INFO - [2023-06-03T20:59:52.789+0000] {dag.py:2726} INFO - Sync 1 DAGs
[2023-06-03T20:59:52.806+0000] {logging_mixin.py:149} INFO - [2023-06-03T20:59:52.806+0000] {dag.py:3490} INFO - Setting next_dagrun for tutorial to 2023-06-02T20:59:52.806497+00:00, run_after=2023-06-03T20:59:52.806497+00:00
[2023-06-03T20:59:52.823+0000] {processor.py:179} INFO - Processing /home/airflow/.local/lib/python3.7/site-packages/airflow/example_dags/tutorial.py took 0.063 seconds
[2023-06-03T21:00:23.048+0000] {processor.py:157} INFO - Started process (PID=17555) to work on /home/airflow/.local/lib/python3.7/site-packages/airflow/example_dags/tutorial.py
[2023-06-03T21:00:23.049+0000] {processor.py:826} INFO - Processing file /home/airflow/.local/lib/python3.7/site-packages/airflow/example_dags/tutorial.py for tasks to queue
[2023-06-03T21:00:23.050+0000] {logging_mixin.py:149} INFO - [2023-06-03T21:00:23.050+0000] {dagbag.py:541} INFO - Filling up the DagBag from /home/airflow/.local/lib/python3.7/site-packages/airflow/example_dags/tutorial.py
[2023-06-03T21:00:23.056+0000] {processor.py:836} INFO - DAG(s) dict_keys(['tutorial']) retrieved from /home/airflow/.local/lib/python3.7/site-packages/airflow/example_dags/tutorial.py
[2023-06-03T21:00:23.075+0000] {logging_mixin.py:149} INFO - [2023-06-03T21:00:23.075+0000] {dag.py:2726} INFO - Sync 1 DAGs
[2023-06-03T21:00:23.093+0000] {logging_mixin.py:149} INFO - [2023-06-03T21:00:23.093+0000] {dag.py:3490} INFO - Setting next_dagrun for tutorial to 2023-06-02T21:00:23.093482+00:00, run_after=2023-06-03T21:00:23.093482+00:00
[2023-06-03T21:00:23.109+0000] {processor.py:179} INFO - Processing /home/airflow/.local/lib/python3.7/site-packages/airflow/example_dags/tutorial.py took 0.063 seconds
[2023-06-03T21:00:54.302+0000] {processor.py:157} INFO - Started process (PID=17809) to work on /home/airflow/.local/lib/python3.7/site-packages/airflow/example_dags/tutorial.py
[2023-06-03T21:00:54.304+0000] {processor.py:826} INFO - Processing file /home/airflow/.local/lib/python3.7/site-packages/airflow/example_dags/tutorial.py for tasks to queue
[2023-06-03T21:00:54.306+0000] {logging_mixin.py:149} INFO - [2023-06-03T21:00:54.305+0000] {dagbag.py:541} INFO - Filling up the DagBag from /home/airflow/.local/lib/python3.7/site-packages/airflow/example_dags/tutorial.py
[2023-06-03T21:00:54.313+0000] {processor.py:836} INFO - DAG(s) dict_keys(['tutorial']) retrieved from /home/airflow/.local/lib/python3.7/site-packages/airflow/example_dags/tutorial.py
[2023-06-03T21:00:54.342+0000] {logging_mixin.py:149} INFO - [2023-06-03T21:00:54.342+0000] {dag.py:2726} INFO - Sync 1 DAGs
[2023-06-03T21:00:54.376+0000] {logging_mixin.py:149} INFO - [2023-06-03T21:00:54.375+0000] {dag.py:3490} INFO - Setting next_dagrun for tutorial to 2023-06-02T21:00:54.375670+00:00, run_after=2023-06-03T21:00:54.375670+00:00
[2023-06-03T21:00:54.403+0000] {processor.py:179} INFO - Processing /home/airflow/.local/lib/python3.7/site-packages/airflow/example_dags/tutorial.py took 0.103 seconds
