[2023-06-03T20:25:42.528+0000] {processor.py:157} INFO - Started process (PID=242) to work on /home/airflow/.local/lib/python3.7/site-packages/airflow/example_dags/tutorial_dag.py
[2023-06-03T20:25:42.530+0000] {processor.py:826} INFO - Processing file /home/airflow/.local/lib/python3.7/site-packages/airflow/example_dags/tutorial_dag.py for tasks to queue
[2023-06-03T20:25:42.531+0000] {logging_mixin.py:149} INFO - [2023-06-03T20:25:42.531+0000] {dagbag.py:541} INFO - Filling up the DagBag from /home/airflow/.local/lib/python3.7/site-packages/airflow/example_dags/tutorial_dag.py
[2023-06-03T20:25:42.536+0000] {processor.py:836} INFO - DAG(s) dict_keys(['tutorial_dag']) retrieved from /home/airflow/.local/lib/python3.7/site-packages/airflow/example_dags/tutorial_dag.py
[2023-06-03T20:25:42.547+0000] {logging_mixin.py:149} INFO - [2023-06-03T20:25:42.547+0000] {dag.py:2726} INFO - Sync 1 DAGs
[2023-06-03T20:25:42.568+0000] {logging_mixin.py:149} INFO - [2023-06-03T20:25:42.568+0000] {dag.py:3490} INFO - Setting next_dagrun for tutorial_dag to None, run_after=None
[2023-06-03T20:25:42.584+0000] {processor.py:179} INFO - Processing /home/airflow/.local/lib/python3.7/site-packages/airflow/example_dags/tutorial_dag.py took 0.058 seconds
[2023-06-03T20:26:13.639+0000] {processor.py:157} INFO - Started process (PID=489) to work on /home/airflow/.local/lib/python3.7/site-packages/airflow/example_dags/tutorial_dag.py
[2023-06-03T20:26:13.641+0000] {processor.py:826} INFO - Processing file /home/airflow/.local/lib/python3.7/site-packages/airflow/example_dags/tutorial_dag.py for tasks to queue
[2023-06-03T20:26:13.642+0000] {logging_mixin.py:149} INFO - [2023-06-03T20:26:13.642+0000] {dagbag.py:541} INFO - Filling up the DagBag from /home/airflow/.local/lib/python3.7/site-packages/airflow/example_dags/tutorial_dag.py
[2023-06-03T20:26:13.646+0000] {processor.py:836} INFO - DAG(s) dict_keys(['tutorial_dag']) retrieved from /home/airflow/.local/lib/python3.7/site-packages/airflow/example_dags/tutorial_dag.py
[2023-06-03T20:26:13.663+0000] {logging_mixin.py:149} INFO - [2023-06-03T20:26:13.663+0000] {dag.py:2726} INFO - Sync 1 DAGs
[2023-06-03T20:26:13.752+0000] {logging_mixin.py:149} INFO - [2023-06-03T20:26:13.752+0000] {dag.py:3490} INFO - Setting next_dagrun for tutorial_dag to None, run_after=None
[2023-06-03T20:26:13.767+0000] {processor.py:179} INFO - Processing /home/airflow/.local/lib/python3.7/site-packages/airflow/example_dags/tutorial_dag.py took 0.130 seconds
[2023-06-03T20:26:43.982+0000] {processor.py:157} INFO - Started process (PID=743) to work on /home/airflow/.local/lib/python3.7/site-packages/airflow/example_dags/tutorial_dag.py
[2023-06-03T20:26:43.984+0000] {processor.py:826} INFO - Processing file /home/airflow/.local/lib/python3.7/site-packages/airflow/example_dags/tutorial_dag.py for tasks to queue
[2023-06-03T20:26:43.985+0000] {logging_mixin.py:149} INFO - [2023-06-03T20:26:43.985+0000] {dagbag.py:541} INFO - Filling up the DagBag from /home/airflow/.local/lib/python3.7/site-packages/airflow/example_dags/tutorial_dag.py
[2023-06-03T20:26:43.990+0000] {processor.py:836} INFO - DAG(s) dict_keys(['tutorial_dag']) retrieved from /home/airflow/.local/lib/python3.7/site-packages/airflow/example_dags/tutorial_dag.py
[2023-06-03T20:26:44.008+0000] {logging_mixin.py:149} INFO - [2023-06-03T20:26:44.008+0000] {dag.py:2726} INFO - Sync 1 DAGs
[2023-06-03T20:26:44.026+0000] {logging_mixin.py:149} INFO - [2023-06-03T20:26:44.025+0000] {dag.py:3490} INFO - Setting next_dagrun for tutorial_dag to None, run_after=None
[2023-06-03T20:26:44.045+0000] {processor.py:179} INFO - Processing /home/airflow/.local/lib/python3.7/site-packages/airflow/example_dags/tutorial_dag.py took 0.066 seconds
[2023-06-03T20:27:14.919+0000] {processor.py:157} INFO - Started process (PID=998) to work on /home/airflow/.local/lib/python3.7/site-packages/airflow/example_dags/tutorial_dag.py
[2023-06-03T20:27:14.921+0000] {processor.py:826} INFO - Processing file /home/airflow/.local/lib/python3.7/site-packages/airflow/example_dags/tutorial_dag.py for tasks to queue
[2023-06-03T20:27:14.922+0000] {logging_mixin.py:149} INFO - [2023-06-03T20:27:14.922+0000] {dagbag.py:541} INFO - Filling up the DagBag from /home/airflow/.local/lib/python3.7/site-packages/airflow/example_dags/tutorial_dag.py
[2023-06-03T20:27:14.925+0000] {processor.py:836} INFO - DAG(s) dict_keys(['tutorial_dag']) retrieved from /home/airflow/.local/lib/python3.7/site-packages/airflow/example_dags/tutorial_dag.py
[2023-06-03T20:27:14.946+0000] {logging_mixin.py:149} INFO - [2023-06-03T20:27:14.946+0000] {dag.py:2726} INFO - Sync 1 DAGs
[2023-06-03T20:27:14.965+0000] {logging_mixin.py:149} INFO - [2023-06-03T20:27:14.965+0000] {dag.py:3490} INFO - Setting next_dagrun for tutorial_dag to None, run_after=None
[2023-06-03T20:27:14.981+0000] {processor.py:179} INFO - Processing /home/airflow/.local/lib/python3.7/site-packages/airflow/example_dags/tutorial_dag.py took 0.065 seconds
[2023-06-03T20:27:45.170+0000] {processor.py:157} INFO - Started process (PID=1247) to work on /home/airflow/.local/lib/python3.7/site-packages/airflow/example_dags/tutorial_dag.py
[2023-06-03T20:27:45.171+0000] {processor.py:826} INFO - Processing file /home/airflow/.local/lib/python3.7/site-packages/airflow/example_dags/tutorial_dag.py for tasks to queue
[2023-06-03T20:27:45.172+0000] {logging_mixin.py:149} INFO - [2023-06-03T20:27:45.172+0000] {dagbag.py:541} INFO - Filling up the DagBag from /home/airflow/.local/lib/python3.7/site-packages/airflow/example_dags/tutorial_dag.py
[2023-06-03T20:27:45.176+0000] {processor.py:836} INFO - DAG(s) dict_keys(['tutorial_dag']) retrieved from /home/airflow/.local/lib/python3.7/site-packages/airflow/example_dags/tutorial_dag.py
[2023-06-03T20:27:45.193+0000] {logging_mixin.py:149} INFO - [2023-06-03T20:27:45.193+0000] {dag.py:2726} INFO - Sync 1 DAGs
[2023-06-03T20:27:45.210+0000] {logging_mixin.py:149} INFO - [2023-06-03T20:27:45.210+0000] {dag.py:3490} INFO - Setting next_dagrun for tutorial_dag to None, run_after=None
[2023-06-03T20:27:45.226+0000] {processor.py:179} INFO - Processing /home/airflow/.local/lib/python3.7/site-packages/airflow/example_dags/tutorial_dag.py took 0.059 seconds
[2023-06-03T20:28:15.528+0000] {processor.py:157} INFO - Started process (PID=1503) to work on /home/airflow/.local/lib/python3.7/site-packages/airflow/example_dags/tutorial_dag.py
[2023-06-03T20:28:15.529+0000] {processor.py:826} INFO - Processing file /home/airflow/.local/lib/python3.7/site-packages/airflow/example_dags/tutorial_dag.py for tasks to queue
[2023-06-03T20:28:15.531+0000] {logging_mixin.py:149} INFO - [2023-06-03T20:28:15.531+0000] {dagbag.py:541} INFO - Filling up the DagBag from /home/airflow/.local/lib/python3.7/site-packages/airflow/example_dags/tutorial_dag.py
[2023-06-03T20:28:15.535+0000] {processor.py:836} INFO - DAG(s) dict_keys(['tutorial_dag']) retrieved from /home/airflow/.local/lib/python3.7/site-packages/airflow/example_dags/tutorial_dag.py
[2023-06-03T20:28:15.552+0000] {logging_mixin.py:149} INFO - [2023-06-03T20:28:15.552+0000] {dag.py:2726} INFO - Sync 1 DAGs
[2023-06-03T20:28:15.569+0000] {logging_mixin.py:149} INFO - [2023-06-03T20:28:15.569+0000] {dag.py:3490} INFO - Setting next_dagrun for tutorial_dag to None, run_after=None
[2023-06-03T20:28:15.587+0000] {processor.py:179} INFO - Processing /home/airflow/.local/lib/python3.7/site-packages/airflow/example_dags/tutorial_dag.py took 0.062 seconds
[2023-06-03T20:28:45.775+0000] {processor.py:157} INFO - Started process (PID=1755) to work on /home/airflow/.local/lib/python3.7/site-packages/airflow/example_dags/tutorial_dag.py
[2023-06-03T20:28:45.777+0000] {processor.py:826} INFO - Processing file /home/airflow/.local/lib/python3.7/site-packages/airflow/example_dags/tutorial_dag.py for tasks to queue
[2023-06-03T20:28:45.778+0000] {logging_mixin.py:149} INFO - [2023-06-03T20:28:45.778+0000] {dagbag.py:541} INFO - Filling up the DagBag from /home/airflow/.local/lib/python3.7/site-packages/airflow/example_dags/tutorial_dag.py
[2023-06-03T20:28:45.784+0000] {processor.py:836} INFO - DAG(s) dict_keys(['tutorial_dag']) retrieved from /home/airflow/.local/lib/python3.7/site-packages/airflow/example_dags/tutorial_dag.py
[2023-06-03T20:28:45.806+0000] {logging_mixin.py:149} INFO - [2023-06-03T20:28:45.806+0000] {dag.py:2726} INFO - Sync 1 DAGs
[2023-06-03T20:28:45.824+0000] {logging_mixin.py:149} INFO - [2023-06-03T20:28:45.824+0000] {dag.py:3490} INFO - Setting next_dagrun for tutorial_dag to None, run_after=None
[2023-06-03T20:28:45.841+0000] {processor.py:179} INFO - Processing /home/airflow/.local/lib/python3.7/site-packages/airflow/example_dags/tutorial_dag.py took 0.069 seconds
[2023-06-03T20:29:16.196+0000] {processor.py:157} INFO - Started process (PID=2007) to work on /home/airflow/.local/lib/python3.7/site-packages/airflow/example_dags/tutorial_dag.py
[2023-06-03T20:29:16.197+0000] {processor.py:826} INFO - Processing file /home/airflow/.local/lib/python3.7/site-packages/airflow/example_dags/tutorial_dag.py for tasks to queue
[2023-06-03T20:29:16.199+0000] {logging_mixin.py:149} INFO - [2023-06-03T20:29:16.199+0000] {dagbag.py:541} INFO - Filling up the DagBag from /home/airflow/.local/lib/python3.7/site-packages/airflow/example_dags/tutorial_dag.py
[2023-06-03T20:29:16.202+0000] {processor.py:836} INFO - DAG(s) dict_keys(['tutorial_dag']) retrieved from /home/airflow/.local/lib/python3.7/site-packages/airflow/example_dags/tutorial_dag.py
[2023-06-03T20:29:16.221+0000] {logging_mixin.py:149} INFO - [2023-06-03T20:29:16.221+0000] {dag.py:2726} INFO - Sync 1 DAGs
[2023-06-03T20:29:16.239+0000] {logging_mixin.py:149} INFO - [2023-06-03T20:29:16.239+0000] {dag.py:3490} INFO - Setting next_dagrun for tutorial_dag to None, run_after=None
[2023-06-03T20:29:16.257+0000] {processor.py:179} INFO - Processing /home/airflow/.local/lib/python3.7/site-packages/airflow/example_dags/tutorial_dag.py took 0.063 seconds
[2023-06-03T20:29:46.570+0000] {processor.py:157} INFO - Started process (PID=2259) to work on /home/airflow/.local/lib/python3.7/site-packages/airflow/example_dags/tutorial_dag.py
[2023-06-03T20:29:46.571+0000] {processor.py:826} INFO - Processing file /home/airflow/.local/lib/python3.7/site-packages/airflow/example_dags/tutorial_dag.py for tasks to queue
[2023-06-03T20:29:46.572+0000] {logging_mixin.py:149} INFO - [2023-06-03T20:29:46.572+0000] {dagbag.py:541} INFO - Filling up the DagBag from /home/airflow/.local/lib/python3.7/site-packages/airflow/example_dags/tutorial_dag.py
[2023-06-03T20:29:46.576+0000] {processor.py:836} INFO - DAG(s) dict_keys(['tutorial_dag']) retrieved from /home/airflow/.local/lib/python3.7/site-packages/airflow/example_dags/tutorial_dag.py
[2023-06-03T20:29:46.593+0000] {logging_mixin.py:149} INFO - [2023-06-03T20:29:46.593+0000] {dag.py:2726} INFO - Sync 1 DAGs
[2023-06-03T20:29:46.609+0000] {logging_mixin.py:149} INFO - [2023-06-03T20:29:46.609+0000] {dag.py:3490} INFO - Setting next_dagrun for tutorial_dag to None, run_after=None
[2023-06-03T20:29:46.626+0000] {processor.py:179} INFO - Processing /home/airflow/.local/lib/python3.7/site-packages/airflow/example_dags/tutorial_dag.py took 0.058 seconds
[2023-06-03T20:30:17.398+0000] {processor.py:157} INFO - Started process (PID=2511) to work on /home/airflow/.local/lib/python3.7/site-packages/airflow/example_dags/tutorial_dag.py
[2023-06-03T20:30:17.399+0000] {processor.py:826} INFO - Processing file /home/airflow/.local/lib/python3.7/site-packages/airflow/example_dags/tutorial_dag.py for tasks to queue
[2023-06-03T20:30:17.400+0000] {logging_mixin.py:149} INFO - [2023-06-03T20:30:17.400+0000] {dagbag.py:541} INFO - Filling up the DagBag from /home/airflow/.local/lib/python3.7/site-packages/airflow/example_dags/tutorial_dag.py
[2023-06-03T20:30:17.404+0000] {processor.py:836} INFO - DAG(s) dict_keys(['tutorial_dag']) retrieved from /home/airflow/.local/lib/python3.7/site-packages/airflow/example_dags/tutorial_dag.py
[2023-06-03T20:30:17.424+0000] {logging_mixin.py:149} INFO - [2023-06-03T20:30:17.423+0000] {dag.py:2726} INFO - Sync 1 DAGs
[2023-06-03T20:30:17.444+0000] {logging_mixin.py:149} INFO - [2023-06-03T20:30:17.444+0000] {dag.py:3490} INFO - Setting next_dagrun for tutorial_dag to None, run_after=None
[2023-06-03T20:30:17.467+0000] {processor.py:179} INFO - Processing /home/airflow/.local/lib/python3.7/site-packages/airflow/example_dags/tutorial_dag.py took 0.072 seconds
[2023-06-03T20:30:47.972+0000] {processor.py:157} INFO - Started process (PID=2763) to work on /home/airflow/.local/lib/python3.7/site-packages/airflow/example_dags/tutorial_dag.py
[2023-06-03T20:30:47.974+0000] {processor.py:826} INFO - Processing file /home/airflow/.local/lib/python3.7/site-packages/airflow/example_dags/tutorial_dag.py for tasks to queue
[2023-06-03T20:30:47.974+0000] {logging_mixin.py:149} INFO - [2023-06-03T20:30:47.974+0000] {dagbag.py:541} INFO - Filling up the DagBag from /home/airflow/.local/lib/python3.7/site-packages/airflow/example_dags/tutorial_dag.py
[2023-06-03T20:30:47.978+0000] {processor.py:836} INFO - DAG(s) dict_keys(['tutorial_dag']) retrieved from /home/airflow/.local/lib/python3.7/site-packages/airflow/example_dags/tutorial_dag.py
[2023-06-03T20:30:47.995+0000] {logging_mixin.py:149} INFO - [2023-06-03T20:30:47.995+0000] {dag.py:2726} INFO - Sync 1 DAGs
[2023-06-03T20:30:48.014+0000] {logging_mixin.py:149} INFO - [2023-06-03T20:30:48.013+0000] {dag.py:3490} INFO - Setting next_dagrun for tutorial_dag to None, run_after=None
[2023-06-03T20:30:48.031+0000] {processor.py:179} INFO - Processing /home/airflow/.local/lib/python3.7/site-packages/airflow/example_dags/tutorial_dag.py took 0.060 seconds
[2023-06-03T20:31:18.366+0000] {processor.py:157} INFO - Started process (PID=3015) to work on /home/airflow/.local/lib/python3.7/site-packages/airflow/example_dags/tutorial_dag.py
[2023-06-03T20:31:18.367+0000] {processor.py:826} INFO - Processing file /home/airflow/.local/lib/python3.7/site-packages/airflow/example_dags/tutorial_dag.py for tasks to queue
[2023-06-03T20:31:18.368+0000] {logging_mixin.py:149} INFO - [2023-06-03T20:31:18.368+0000] {dagbag.py:541} INFO - Filling up the DagBag from /home/airflow/.local/lib/python3.7/site-packages/airflow/example_dags/tutorial_dag.py
[2023-06-03T20:31:18.372+0000] {processor.py:836} INFO - DAG(s) dict_keys(['tutorial_dag']) retrieved from /home/airflow/.local/lib/python3.7/site-packages/airflow/example_dags/tutorial_dag.py
[2023-06-03T20:31:18.388+0000] {logging_mixin.py:149} INFO - [2023-06-03T20:31:18.388+0000] {dag.py:2726} INFO - Sync 1 DAGs
[2023-06-03T20:31:18.405+0000] {logging_mixin.py:149} INFO - [2023-06-03T20:31:18.405+0000] {dag.py:3490} INFO - Setting next_dagrun for tutorial_dag to None, run_after=None
[2023-06-03T20:31:18.424+0000] {processor.py:179} INFO - Processing /home/airflow/.local/lib/python3.7/site-packages/airflow/example_dags/tutorial_dag.py took 0.060 seconds
[2023-06-03T20:31:48.496+0000] {processor.py:157} INFO - Started process (PID=3264) to work on /home/airflow/.local/lib/python3.7/site-packages/airflow/example_dags/tutorial_dag.py
[2023-06-03T20:31:48.497+0000] {processor.py:826} INFO - Processing file /home/airflow/.local/lib/python3.7/site-packages/airflow/example_dags/tutorial_dag.py for tasks to queue
[2023-06-03T20:31:48.498+0000] {logging_mixin.py:149} INFO - [2023-06-03T20:31:48.498+0000] {dagbag.py:541} INFO - Filling up the DagBag from /home/airflow/.local/lib/python3.7/site-packages/airflow/example_dags/tutorial_dag.py
[2023-06-03T20:31:48.502+0000] {processor.py:836} INFO - DAG(s) dict_keys(['tutorial_dag']) retrieved from /home/airflow/.local/lib/python3.7/site-packages/airflow/example_dags/tutorial_dag.py
[2023-06-03T20:31:48.521+0000] {logging_mixin.py:149} INFO - [2023-06-03T20:31:48.521+0000] {dag.py:2726} INFO - Sync 1 DAGs
[2023-06-03T20:31:48.540+0000] {logging_mixin.py:149} INFO - [2023-06-03T20:31:48.540+0000] {dag.py:3490} INFO - Setting next_dagrun for tutorial_dag to None, run_after=None
[2023-06-03T20:31:48.558+0000] {processor.py:179} INFO - Processing /home/airflow/.local/lib/python3.7/site-packages/airflow/example_dags/tutorial_dag.py took 0.064 seconds
[2023-06-03T20:32:18.732+0000] {processor.py:157} INFO - Started process (PID=3654) to work on /home/airflow/.local/lib/python3.7/site-packages/airflow/example_dags/tutorial_dag.py
[2023-06-03T20:32:18.733+0000] {processor.py:826} INFO - Processing file /home/airflow/.local/lib/python3.7/site-packages/airflow/example_dags/tutorial_dag.py for tasks to queue
[2023-06-03T20:32:18.735+0000] {logging_mixin.py:149} INFO - [2023-06-03T20:32:18.735+0000] {dagbag.py:541} INFO - Filling up the DagBag from /home/airflow/.local/lib/python3.7/site-packages/airflow/example_dags/tutorial_dag.py
[2023-06-03T20:32:18.739+0000] {processor.py:836} INFO - DAG(s) dict_keys(['tutorial_dag']) retrieved from /home/airflow/.local/lib/python3.7/site-packages/airflow/example_dags/tutorial_dag.py
[2023-06-03T20:32:18.756+0000] {logging_mixin.py:149} INFO - [2023-06-03T20:32:18.756+0000] {dag.py:2726} INFO - Sync 1 DAGs
[2023-06-03T20:32:18.773+0000] {logging_mixin.py:149} INFO - [2023-06-03T20:32:18.773+0000] {dag.py:3490} INFO - Setting next_dagrun for tutorial_dag to None, run_after=None
[2023-06-03T20:32:18.791+0000] {processor.py:179} INFO - Processing /home/airflow/.local/lib/python3.7/site-packages/airflow/example_dags/tutorial_dag.py took 0.061 seconds
[2023-06-03T20:32:49.027+0000] {processor.py:157} INFO - Started process (PID=3906) to work on /home/airflow/.local/lib/python3.7/site-packages/airflow/example_dags/tutorial_dag.py
[2023-06-03T20:32:49.028+0000] {processor.py:826} INFO - Processing file /home/airflow/.local/lib/python3.7/site-packages/airflow/example_dags/tutorial_dag.py for tasks to queue
[2023-06-03T20:32:49.029+0000] {logging_mixin.py:149} INFO - [2023-06-03T20:32:49.029+0000] {dagbag.py:541} INFO - Filling up the DagBag from /home/airflow/.local/lib/python3.7/site-packages/airflow/example_dags/tutorial_dag.py
[2023-06-03T20:32:49.033+0000] {processor.py:836} INFO - DAG(s) dict_keys(['tutorial_dag']) retrieved from /home/airflow/.local/lib/python3.7/site-packages/airflow/example_dags/tutorial_dag.py
[2023-06-03T20:32:49.050+0000] {logging_mixin.py:149} INFO - [2023-06-03T20:32:49.050+0000] {dag.py:2726} INFO - Sync 1 DAGs
[2023-06-03T20:32:49.068+0000] {logging_mixin.py:149} INFO - [2023-06-03T20:32:49.067+0000] {dag.py:3490} INFO - Setting next_dagrun for tutorial_dag to None, run_after=None
[2023-06-03T20:32:49.084+0000] {processor.py:179} INFO - Processing /home/airflow/.local/lib/python3.7/site-packages/airflow/example_dags/tutorial_dag.py took 0.060 seconds
[2023-06-03T20:33:19.340+0000] {processor.py:157} INFO - Started process (PID=4158) to work on /home/airflow/.local/lib/python3.7/site-packages/airflow/example_dags/tutorial_dag.py
[2023-06-03T20:33:19.342+0000] {processor.py:826} INFO - Processing file /home/airflow/.local/lib/python3.7/site-packages/airflow/example_dags/tutorial_dag.py for tasks to queue
[2023-06-03T20:33:19.343+0000] {logging_mixin.py:149} INFO - [2023-06-03T20:33:19.343+0000] {dagbag.py:541} INFO - Filling up the DagBag from /home/airflow/.local/lib/python3.7/site-packages/airflow/example_dags/tutorial_dag.py
[2023-06-03T20:33:19.348+0000] {processor.py:836} INFO - DAG(s) dict_keys(['tutorial_dag']) retrieved from /home/airflow/.local/lib/python3.7/site-packages/airflow/example_dags/tutorial_dag.py
[2023-06-03T20:33:19.367+0000] {logging_mixin.py:149} INFO - [2023-06-03T20:33:19.367+0000] {dag.py:2726} INFO - Sync 1 DAGs
[2023-06-03T20:33:19.386+0000] {logging_mixin.py:149} INFO - [2023-06-03T20:33:19.386+0000] {dag.py:3490} INFO - Setting next_dagrun for tutorial_dag to None, run_after=None
[2023-06-03T20:33:19.405+0000] {processor.py:179} INFO - Processing /home/airflow/.local/lib/python3.7/site-packages/airflow/example_dags/tutorial_dag.py took 0.070 seconds
[2023-06-03T20:33:50.298+0000] {processor.py:157} INFO - Started process (PID=4410) to work on /home/airflow/.local/lib/python3.7/site-packages/airflow/example_dags/tutorial_dag.py
[2023-06-03T20:33:50.299+0000] {processor.py:826} INFO - Processing file /home/airflow/.local/lib/python3.7/site-packages/airflow/example_dags/tutorial_dag.py for tasks to queue
[2023-06-03T20:33:50.300+0000] {logging_mixin.py:149} INFO - [2023-06-03T20:33:50.300+0000] {dagbag.py:541} INFO - Filling up the DagBag from /home/airflow/.local/lib/python3.7/site-packages/airflow/example_dags/tutorial_dag.py
[2023-06-03T20:33:50.304+0000] {processor.py:836} INFO - DAG(s) dict_keys(['tutorial_dag']) retrieved from /home/airflow/.local/lib/python3.7/site-packages/airflow/example_dags/tutorial_dag.py
[2023-06-03T20:33:50.321+0000] {logging_mixin.py:149} INFO - [2023-06-03T20:33:50.321+0000] {dag.py:2726} INFO - Sync 1 DAGs
[2023-06-03T20:33:50.338+0000] {logging_mixin.py:149} INFO - [2023-06-03T20:33:50.338+0000] {dag.py:3490} INFO - Setting next_dagrun for tutorial_dag to None, run_after=None
[2023-06-03T20:33:50.355+0000] {processor.py:179} INFO - Processing /home/airflow/.local/lib/python3.7/site-packages/airflow/example_dags/tutorial_dag.py took 0.059 seconds
[2023-06-03T20:34:20.809+0000] {processor.py:157} INFO - Started process (PID=4662) to work on /home/airflow/.local/lib/python3.7/site-packages/airflow/example_dags/tutorial_dag.py
[2023-06-03T20:34:20.810+0000] {processor.py:826} INFO - Processing file /home/airflow/.local/lib/python3.7/site-packages/airflow/example_dags/tutorial_dag.py for tasks to queue
[2023-06-03T20:34:20.811+0000] {logging_mixin.py:149} INFO - [2023-06-03T20:34:20.811+0000] {dagbag.py:541} INFO - Filling up the DagBag from /home/airflow/.local/lib/python3.7/site-packages/airflow/example_dags/tutorial_dag.py
[2023-06-03T20:34:20.815+0000] {processor.py:836} INFO - DAG(s) dict_keys(['tutorial_dag']) retrieved from /home/airflow/.local/lib/python3.7/site-packages/airflow/example_dags/tutorial_dag.py
[2023-06-03T20:34:20.830+0000] {logging_mixin.py:149} INFO - [2023-06-03T20:34:20.830+0000] {dag.py:2726} INFO - Sync 1 DAGs
[2023-06-03T20:34:20.847+0000] {logging_mixin.py:149} INFO - [2023-06-03T20:34:20.847+0000] {dag.py:3490} INFO - Setting next_dagrun for tutorial_dag to None, run_after=None
[2023-06-03T20:34:20.864+0000] {processor.py:179} INFO - Processing /home/airflow/.local/lib/python3.7/site-packages/airflow/example_dags/tutorial_dag.py took 0.057 seconds
[2023-06-03T20:34:51.304+0000] {processor.py:157} INFO - Started process (PID=4914) to work on /home/airflow/.local/lib/python3.7/site-packages/airflow/example_dags/tutorial_dag.py
[2023-06-03T20:34:51.305+0000] {processor.py:826} INFO - Processing file /home/airflow/.local/lib/python3.7/site-packages/airflow/example_dags/tutorial_dag.py for tasks to queue
[2023-06-03T20:34:51.306+0000] {logging_mixin.py:149} INFO - [2023-06-03T20:34:51.306+0000] {dagbag.py:541} INFO - Filling up the DagBag from /home/airflow/.local/lib/python3.7/site-packages/airflow/example_dags/tutorial_dag.py
[2023-06-03T20:34:51.310+0000] {processor.py:836} INFO - DAG(s) dict_keys(['tutorial_dag']) retrieved from /home/airflow/.local/lib/python3.7/site-packages/airflow/example_dags/tutorial_dag.py
[2023-06-03T20:34:51.326+0000] {logging_mixin.py:149} INFO - [2023-06-03T20:34:51.326+0000] {dag.py:2726} INFO - Sync 1 DAGs
[2023-06-03T20:34:51.344+0000] {logging_mixin.py:149} INFO - [2023-06-03T20:34:51.344+0000] {dag.py:3490} INFO - Setting next_dagrun for tutorial_dag to None, run_after=None
[2023-06-03T20:34:51.359+0000] {processor.py:179} INFO - Processing /home/airflow/.local/lib/python3.7/site-packages/airflow/example_dags/tutorial_dag.py took 0.057 seconds
[2023-06-03T20:35:21.732+0000] {processor.py:157} INFO - Started process (PID=5166) to work on /home/airflow/.local/lib/python3.7/site-packages/airflow/example_dags/tutorial_dag.py
[2023-06-03T20:35:21.734+0000] {processor.py:826} INFO - Processing file /home/airflow/.local/lib/python3.7/site-packages/airflow/example_dags/tutorial_dag.py for tasks to queue
[2023-06-03T20:35:21.735+0000] {logging_mixin.py:149} INFO - [2023-06-03T20:35:21.734+0000] {dagbag.py:541} INFO - Filling up the DagBag from /home/airflow/.local/lib/python3.7/site-packages/airflow/example_dags/tutorial_dag.py
[2023-06-03T20:35:21.739+0000] {processor.py:836} INFO - DAG(s) dict_keys(['tutorial_dag']) retrieved from /home/airflow/.local/lib/python3.7/site-packages/airflow/example_dags/tutorial_dag.py
[2023-06-03T20:35:21.757+0000] {logging_mixin.py:149} INFO - [2023-06-03T20:35:21.756+0000] {dag.py:2726} INFO - Sync 1 DAGs
[2023-06-03T20:35:21.773+0000] {logging_mixin.py:149} INFO - [2023-06-03T20:35:21.773+0000] {dag.py:3490} INFO - Setting next_dagrun for tutorial_dag to None, run_after=None
[2023-06-03T20:35:21.790+0000] {processor.py:179} INFO - Processing /home/airflow/.local/lib/python3.7/site-packages/airflow/example_dags/tutorial_dag.py took 0.060 seconds
[2023-06-03T20:35:52.504+0000] {processor.py:157} INFO - Started process (PID=5418) to work on /home/airflow/.local/lib/python3.7/site-packages/airflow/example_dags/tutorial_dag.py
[2023-06-03T20:35:52.506+0000] {processor.py:826} INFO - Processing file /home/airflow/.local/lib/python3.7/site-packages/airflow/example_dags/tutorial_dag.py for tasks to queue
[2023-06-03T20:35:52.508+0000] {logging_mixin.py:149} INFO - [2023-06-03T20:35:52.508+0000] {dagbag.py:541} INFO - Filling up the DagBag from /home/airflow/.local/lib/python3.7/site-packages/airflow/example_dags/tutorial_dag.py
[2023-06-03T20:35:52.515+0000] {processor.py:836} INFO - DAG(s) dict_keys(['tutorial_dag']) retrieved from /home/airflow/.local/lib/python3.7/site-packages/airflow/example_dags/tutorial_dag.py
[2023-06-03T20:35:52.541+0000] {logging_mixin.py:149} INFO - [2023-06-03T20:35:52.541+0000] {dag.py:2726} INFO - Sync 1 DAGs
[2023-06-03T20:35:52.563+0000] {logging_mixin.py:149} INFO - [2023-06-03T20:35:52.563+0000] {dag.py:3490} INFO - Setting next_dagrun for tutorial_dag to None, run_after=None
[2023-06-03T20:35:52.585+0000] {processor.py:179} INFO - Processing /home/airflow/.local/lib/python3.7/site-packages/airflow/example_dags/tutorial_dag.py took 0.084 seconds
[2023-06-03T20:36:23.181+0000] {processor.py:157} INFO - Started process (PID=5670) to work on /home/airflow/.local/lib/python3.7/site-packages/airflow/example_dags/tutorial_dag.py
[2023-06-03T20:36:23.183+0000] {processor.py:826} INFO - Processing file /home/airflow/.local/lib/python3.7/site-packages/airflow/example_dags/tutorial_dag.py for tasks to queue
[2023-06-03T20:36:23.185+0000] {logging_mixin.py:149} INFO - [2023-06-03T20:36:23.184+0000] {dagbag.py:541} INFO - Filling up the DagBag from /home/airflow/.local/lib/python3.7/site-packages/airflow/example_dags/tutorial_dag.py
[2023-06-03T20:36:23.190+0000] {processor.py:836} INFO - DAG(s) dict_keys(['tutorial_dag']) retrieved from /home/airflow/.local/lib/python3.7/site-packages/airflow/example_dags/tutorial_dag.py
[2023-06-03T20:36:23.207+0000] {logging_mixin.py:149} INFO - [2023-06-03T20:36:23.207+0000] {dag.py:2726} INFO - Sync 1 DAGs
[2023-06-03T20:36:23.224+0000] {logging_mixin.py:149} INFO - [2023-06-03T20:36:23.224+0000] {dag.py:3490} INFO - Setting next_dagrun for tutorial_dag to None, run_after=None
[2023-06-03T20:36:23.241+0000] {processor.py:179} INFO - Processing /home/airflow/.local/lib/python3.7/site-packages/airflow/example_dags/tutorial_dag.py took 0.061 seconds
[2023-06-03T20:36:53.689+0000] {processor.py:157} INFO - Started process (PID=5922) to work on /home/airflow/.local/lib/python3.7/site-packages/airflow/example_dags/tutorial_dag.py
[2023-06-03T20:36:53.690+0000] {processor.py:826} INFO - Processing file /home/airflow/.local/lib/python3.7/site-packages/airflow/example_dags/tutorial_dag.py for tasks to queue
[2023-06-03T20:36:53.691+0000] {logging_mixin.py:149} INFO - [2023-06-03T20:36:53.691+0000] {dagbag.py:541} INFO - Filling up the DagBag from /home/airflow/.local/lib/python3.7/site-packages/airflow/example_dags/tutorial_dag.py
[2023-06-03T20:36:53.695+0000] {processor.py:836} INFO - DAG(s) dict_keys(['tutorial_dag']) retrieved from /home/airflow/.local/lib/python3.7/site-packages/airflow/example_dags/tutorial_dag.py
[2023-06-03T20:36:53.710+0000] {logging_mixin.py:149} INFO - [2023-06-03T20:36:53.710+0000] {dag.py:2726} INFO - Sync 1 DAGs
[2023-06-03T20:36:53.727+0000] {logging_mixin.py:149} INFO - [2023-06-03T20:36:53.727+0000] {dag.py:3490} INFO - Setting next_dagrun for tutorial_dag to None, run_after=None
[2023-06-03T20:36:53.744+0000] {processor.py:179} INFO - Processing /home/airflow/.local/lib/python3.7/site-packages/airflow/example_dags/tutorial_dag.py took 0.057 seconds
[2023-06-03T20:37:24.532+0000] {processor.py:157} INFO - Started process (PID=6174) to work on /home/airflow/.local/lib/python3.7/site-packages/airflow/example_dags/tutorial_dag.py
[2023-06-03T20:37:24.533+0000] {processor.py:826} INFO - Processing file /home/airflow/.local/lib/python3.7/site-packages/airflow/example_dags/tutorial_dag.py for tasks to queue
[2023-06-03T20:37:24.534+0000] {logging_mixin.py:149} INFO - [2023-06-03T20:37:24.534+0000] {dagbag.py:541} INFO - Filling up the DagBag from /home/airflow/.local/lib/python3.7/site-packages/airflow/example_dags/tutorial_dag.py
[2023-06-03T20:37:24.538+0000] {processor.py:836} INFO - DAG(s) dict_keys(['tutorial_dag']) retrieved from /home/airflow/.local/lib/python3.7/site-packages/airflow/example_dags/tutorial_dag.py
[2023-06-03T20:37:24.554+0000] {logging_mixin.py:149} INFO - [2023-06-03T20:37:24.554+0000] {dag.py:2726} INFO - Sync 1 DAGs
[2023-06-03T20:37:24.571+0000] {logging_mixin.py:149} INFO - [2023-06-03T20:37:24.571+0000] {dag.py:3490} INFO - Setting next_dagrun for tutorial_dag to None, run_after=None
[2023-06-03T20:37:24.590+0000] {processor.py:179} INFO - Processing /home/airflow/.local/lib/python3.7/site-packages/airflow/example_dags/tutorial_dag.py took 0.060 seconds
[2023-06-03T20:37:55.101+0000] {processor.py:157} INFO - Started process (PID=6426) to work on /home/airflow/.local/lib/python3.7/site-packages/airflow/example_dags/tutorial_dag.py
[2023-06-03T20:37:55.102+0000] {processor.py:826} INFO - Processing file /home/airflow/.local/lib/python3.7/site-packages/airflow/example_dags/tutorial_dag.py for tasks to queue
[2023-06-03T20:37:55.103+0000] {logging_mixin.py:149} INFO - [2023-06-03T20:37:55.103+0000] {dagbag.py:541} INFO - Filling up the DagBag from /home/airflow/.local/lib/python3.7/site-packages/airflow/example_dags/tutorial_dag.py
[2023-06-03T20:37:55.107+0000] {processor.py:836} INFO - DAG(s) dict_keys(['tutorial_dag']) retrieved from /home/airflow/.local/lib/python3.7/site-packages/airflow/example_dags/tutorial_dag.py
[2023-06-03T20:37:55.124+0000] {logging_mixin.py:149} INFO - [2023-06-03T20:37:55.124+0000] {dag.py:2726} INFO - Sync 1 DAGs
[2023-06-03T20:37:55.141+0000] {logging_mixin.py:149} INFO - [2023-06-03T20:37:55.141+0000] {dag.py:3490} INFO - Setting next_dagrun for tutorial_dag to None, run_after=None
[2023-06-03T20:37:55.159+0000] {processor.py:179} INFO - Processing /home/airflow/.local/lib/python3.7/site-packages/airflow/example_dags/tutorial_dag.py took 0.060 seconds
[2023-06-03T20:38:25.332+0000] {processor.py:157} INFO - Started process (PID=6678) to work on /home/airflow/.local/lib/python3.7/site-packages/airflow/example_dags/tutorial_dag.py
[2023-06-03T20:38:25.334+0000] {processor.py:826} INFO - Processing file /home/airflow/.local/lib/python3.7/site-packages/airflow/example_dags/tutorial_dag.py for tasks to queue
[2023-06-03T20:38:25.335+0000] {logging_mixin.py:149} INFO - [2023-06-03T20:38:25.335+0000] {dagbag.py:541} INFO - Filling up the DagBag from /home/airflow/.local/lib/python3.7/site-packages/airflow/example_dags/tutorial_dag.py
[2023-06-03T20:38:25.339+0000] {processor.py:836} INFO - DAG(s) dict_keys(['tutorial_dag']) retrieved from /home/airflow/.local/lib/python3.7/site-packages/airflow/example_dags/tutorial_dag.py
[2023-06-03T20:38:25.356+0000] {logging_mixin.py:149} INFO - [2023-06-03T20:38:25.356+0000] {dag.py:2726} INFO - Sync 1 DAGs
[2023-06-03T20:38:25.374+0000] {logging_mixin.py:149} INFO - [2023-06-03T20:38:25.373+0000] {dag.py:3490} INFO - Setting next_dagrun for tutorial_dag to None, run_after=None
[2023-06-03T20:38:25.390+0000] {processor.py:179} INFO - Processing /home/airflow/.local/lib/python3.7/site-packages/airflow/example_dags/tutorial_dag.py took 0.060 seconds
[2023-06-03T20:38:55.603+0000] {processor.py:157} INFO - Started process (PID=6930) to work on /home/airflow/.local/lib/python3.7/site-packages/airflow/example_dags/tutorial_dag.py
[2023-06-03T20:38:55.604+0000] {processor.py:826} INFO - Processing file /home/airflow/.local/lib/python3.7/site-packages/airflow/example_dags/tutorial_dag.py for tasks to queue
[2023-06-03T20:38:55.606+0000] {logging_mixin.py:149} INFO - [2023-06-03T20:38:55.606+0000] {dagbag.py:541} INFO - Filling up the DagBag from /home/airflow/.local/lib/python3.7/site-packages/airflow/example_dags/tutorial_dag.py
[2023-06-03T20:38:55.611+0000] {processor.py:836} INFO - DAG(s) dict_keys(['tutorial_dag']) retrieved from /home/airflow/.local/lib/python3.7/site-packages/airflow/example_dags/tutorial_dag.py
[2023-06-03T20:38:55.628+0000] {logging_mixin.py:149} INFO - [2023-06-03T20:38:55.628+0000] {dag.py:2726} INFO - Sync 1 DAGs
[2023-06-03T20:38:55.645+0000] {logging_mixin.py:149} INFO - [2023-06-03T20:38:55.645+0000] {dag.py:3490} INFO - Setting next_dagrun for tutorial_dag to None, run_after=None
[2023-06-03T20:38:55.664+0000] {processor.py:179} INFO - Processing /home/airflow/.local/lib/python3.7/site-packages/airflow/example_dags/tutorial_dag.py took 0.065 seconds
[2023-06-03T20:39:25.997+0000] {processor.py:157} INFO - Started process (PID=7182) to work on /home/airflow/.local/lib/python3.7/site-packages/airflow/example_dags/tutorial_dag.py
[2023-06-03T20:39:25.998+0000] {processor.py:826} INFO - Processing file /home/airflow/.local/lib/python3.7/site-packages/airflow/example_dags/tutorial_dag.py for tasks to queue
[2023-06-03T20:39:25.999+0000] {logging_mixin.py:149} INFO - [2023-06-03T20:39:25.999+0000] {dagbag.py:541} INFO - Filling up the DagBag from /home/airflow/.local/lib/python3.7/site-packages/airflow/example_dags/tutorial_dag.py
[2023-06-03T20:39:26.004+0000] {processor.py:836} INFO - DAG(s) dict_keys(['tutorial_dag']) retrieved from /home/airflow/.local/lib/python3.7/site-packages/airflow/example_dags/tutorial_dag.py
[2023-06-03T20:39:26.022+0000] {logging_mixin.py:149} INFO - [2023-06-03T20:39:26.022+0000] {dag.py:2726} INFO - Sync 1 DAGs
[2023-06-03T20:39:26.039+0000] {logging_mixin.py:149} INFO - [2023-06-03T20:39:26.039+0000] {dag.py:3490} INFO - Setting next_dagrun for tutorial_dag to None, run_after=None
[2023-06-03T20:39:26.056+0000] {processor.py:179} INFO - Processing /home/airflow/.local/lib/python3.7/site-packages/airflow/example_dags/tutorial_dag.py took 0.062 seconds
[2023-06-03T20:39:56.171+0000] {processor.py:157} INFO - Started process (PID=7434) to work on /home/airflow/.local/lib/python3.7/site-packages/airflow/example_dags/tutorial_dag.py
[2023-06-03T20:39:56.172+0000] {processor.py:826} INFO - Processing file /home/airflow/.local/lib/python3.7/site-packages/airflow/example_dags/tutorial_dag.py for tasks to queue
[2023-06-03T20:39:56.173+0000] {logging_mixin.py:149} INFO - [2023-06-03T20:39:56.173+0000] {dagbag.py:541} INFO - Filling up the DagBag from /home/airflow/.local/lib/python3.7/site-packages/airflow/example_dags/tutorial_dag.py
[2023-06-03T20:39:56.177+0000] {processor.py:836} INFO - DAG(s) dict_keys(['tutorial_dag']) retrieved from /home/airflow/.local/lib/python3.7/site-packages/airflow/example_dags/tutorial_dag.py
[2023-06-03T20:39:56.195+0000] {logging_mixin.py:149} INFO - [2023-06-03T20:39:56.195+0000] {dag.py:2726} INFO - Sync 1 DAGs
[2023-06-03T20:39:56.213+0000] {logging_mixin.py:149} INFO - [2023-06-03T20:39:56.213+0000] {dag.py:3490} INFO - Setting next_dagrun for tutorial_dag to None, run_after=None
[2023-06-03T20:39:56.231+0000] {processor.py:179} INFO - Processing /home/airflow/.local/lib/python3.7/site-packages/airflow/example_dags/tutorial_dag.py took 0.063 seconds
[2023-06-03T20:40:26.477+0000] {processor.py:157} INFO - Started process (PID=7686) to work on /home/airflow/.local/lib/python3.7/site-packages/airflow/example_dags/tutorial_dag.py
[2023-06-03T20:40:26.478+0000] {processor.py:826} INFO - Processing file /home/airflow/.local/lib/python3.7/site-packages/airflow/example_dags/tutorial_dag.py for tasks to queue
[2023-06-03T20:40:26.480+0000] {logging_mixin.py:149} INFO - [2023-06-03T20:40:26.479+0000] {dagbag.py:541} INFO - Filling up the DagBag from /home/airflow/.local/lib/python3.7/site-packages/airflow/example_dags/tutorial_dag.py
[2023-06-03T20:40:26.484+0000] {processor.py:836} INFO - DAG(s) dict_keys(['tutorial_dag']) retrieved from /home/airflow/.local/lib/python3.7/site-packages/airflow/example_dags/tutorial_dag.py
[2023-06-03T20:40:26.500+0000] {logging_mixin.py:149} INFO - [2023-06-03T20:40:26.500+0000] {dag.py:2726} INFO - Sync 1 DAGs
[2023-06-03T20:40:26.517+0000] {logging_mixin.py:149} INFO - [2023-06-03T20:40:26.517+0000] {dag.py:3490} INFO - Setting next_dagrun for tutorial_dag to None, run_after=None
[2023-06-03T20:40:26.533+0000] {processor.py:179} INFO - Processing /home/airflow/.local/lib/python3.7/site-packages/airflow/example_dags/tutorial_dag.py took 0.058 seconds
[2023-06-03T20:40:57.503+0000] {processor.py:157} INFO - Started process (PID=7938) to work on /home/airflow/.local/lib/python3.7/site-packages/airflow/example_dags/tutorial_dag.py
[2023-06-03T20:40:57.504+0000] {processor.py:826} INFO - Processing file /home/airflow/.local/lib/python3.7/site-packages/airflow/example_dags/tutorial_dag.py for tasks to queue
[2023-06-03T20:40:57.505+0000] {logging_mixin.py:149} INFO - [2023-06-03T20:40:57.505+0000] {dagbag.py:541} INFO - Filling up the DagBag from /home/airflow/.local/lib/python3.7/site-packages/airflow/example_dags/tutorial_dag.py
[2023-06-03T20:40:57.510+0000] {processor.py:836} INFO - DAG(s) dict_keys(['tutorial_dag']) retrieved from /home/airflow/.local/lib/python3.7/site-packages/airflow/example_dags/tutorial_dag.py
[2023-06-03T20:40:57.529+0000] {logging_mixin.py:149} INFO - [2023-06-03T20:40:57.529+0000] {dag.py:2726} INFO - Sync 1 DAGs
[2023-06-03T20:40:57.549+0000] {logging_mixin.py:149} INFO - [2023-06-03T20:40:57.549+0000] {dag.py:3490} INFO - Setting next_dagrun for tutorial_dag to None, run_after=None
[2023-06-03T20:40:57.567+0000] {processor.py:179} INFO - Processing /home/airflow/.local/lib/python3.7/site-packages/airflow/example_dags/tutorial_dag.py took 0.066 seconds
[2023-06-03T20:41:27.721+0000] {processor.py:157} INFO - Started process (PID=8190) to work on /home/airflow/.local/lib/python3.7/site-packages/airflow/example_dags/tutorial_dag.py
[2023-06-03T20:41:27.723+0000] {processor.py:826} INFO - Processing file /home/airflow/.local/lib/python3.7/site-packages/airflow/example_dags/tutorial_dag.py for tasks to queue
[2023-06-03T20:41:27.724+0000] {logging_mixin.py:149} INFO - [2023-06-03T20:41:27.724+0000] {dagbag.py:541} INFO - Filling up the DagBag from /home/airflow/.local/lib/python3.7/site-packages/airflow/example_dags/tutorial_dag.py
[2023-06-03T20:41:27.728+0000] {processor.py:836} INFO - DAG(s) dict_keys(['tutorial_dag']) retrieved from /home/airflow/.local/lib/python3.7/site-packages/airflow/example_dags/tutorial_dag.py
[2023-06-03T20:41:27.747+0000] {logging_mixin.py:149} INFO - [2023-06-03T20:41:27.747+0000] {dag.py:2726} INFO - Sync 1 DAGs
[2023-06-03T20:41:27.767+0000] {logging_mixin.py:149} INFO - [2023-06-03T20:41:27.767+0000] {dag.py:3490} INFO - Setting next_dagrun for tutorial_dag to None, run_after=None
[2023-06-03T20:41:27.787+0000] {processor.py:179} INFO - Processing /home/airflow/.local/lib/python3.7/site-packages/airflow/example_dags/tutorial_dag.py took 0.067 seconds
[2023-06-03T20:41:58.008+0000] {processor.py:157} INFO - Started process (PID=8442) to work on /home/airflow/.local/lib/python3.7/site-packages/airflow/example_dags/tutorial_dag.py
[2023-06-03T20:41:58.009+0000] {processor.py:826} INFO - Processing file /home/airflow/.local/lib/python3.7/site-packages/airflow/example_dags/tutorial_dag.py for tasks to queue
[2023-06-03T20:41:58.010+0000] {logging_mixin.py:149} INFO - [2023-06-03T20:41:58.010+0000] {dagbag.py:541} INFO - Filling up the DagBag from /home/airflow/.local/lib/python3.7/site-packages/airflow/example_dags/tutorial_dag.py
[2023-06-03T20:41:58.014+0000] {processor.py:836} INFO - DAG(s) dict_keys(['tutorial_dag']) retrieved from /home/airflow/.local/lib/python3.7/site-packages/airflow/example_dags/tutorial_dag.py
[2023-06-03T20:41:58.030+0000] {logging_mixin.py:149} INFO - [2023-06-03T20:41:58.030+0000] {dag.py:2726} INFO - Sync 1 DAGs
[2023-06-03T20:41:58.048+0000] {logging_mixin.py:149} INFO - [2023-06-03T20:41:58.048+0000] {dag.py:3490} INFO - Setting next_dagrun for tutorial_dag to None, run_after=None
[2023-06-03T20:41:58.065+0000] {processor.py:179} INFO - Processing /home/airflow/.local/lib/python3.7/site-packages/airflow/example_dags/tutorial_dag.py took 0.060 seconds
[2023-06-03T20:42:28.206+0000] {processor.py:157} INFO - Started process (PID=8694) to work on /home/airflow/.local/lib/python3.7/site-packages/airflow/example_dags/tutorial_dag.py
[2023-06-03T20:42:28.208+0000] {processor.py:826} INFO - Processing file /home/airflow/.local/lib/python3.7/site-packages/airflow/example_dags/tutorial_dag.py for tasks to queue
[2023-06-03T20:42:28.210+0000] {logging_mixin.py:149} INFO - [2023-06-03T20:42:28.209+0000] {dagbag.py:541} INFO - Filling up the DagBag from /home/airflow/.local/lib/python3.7/site-packages/airflow/example_dags/tutorial_dag.py
[2023-06-03T20:42:28.216+0000] {processor.py:836} INFO - DAG(s) dict_keys(['tutorial_dag']) retrieved from /home/airflow/.local/lib/python3.7/site-packages/airflow/example_dags/tutorial_dag.py
[2023-06-03T20:42:28.233+0000] {logging_mixin.py:149} INFO - [2023-06-03T20:42:28.233+0000] {dag.py:2726} INFO - Sync 1 DAGs
[2023-06-03T20:42:28.250+0000] {logging_mixin.py:149} INFO - [2023-06-03T20:42:28.250+0000] {dag.py:3490} INFO - Setting next_dagrun for tutorial_dag to None, run_after=None
[2023-06-03T20:42:28.269+0000] {processor.py:179} INFO - Processing /home/airflow/.local/lib/python3.7/site-packages/airflow/example_dags/tutorial_dag.py took 0.067 seconds
[2023-06-03T20:42:58.452+0000] {processor.py:157} INFO - Started process (PID=8946) to work on /home/airflow/.local/lib/python3.7/site-packages/airflow/example_dags/tutorial_dag.py
[2023-06-03T20:42:58.454+0000] {processor.py:826} INFO - Processing file /home/airflow/.local/lib/python3.7/site-packages/airflow/example_dags/tutorial_dag.py for tasks to queue
[2023-06-03T20:42:58.455+0000] {logging_mixin.py:149} INFO - [2023-06-03T20:42:58.455+0000] {dagbag.py:541} INFO - Filling up the DagBag from /home/airflow/.local/lib/python3.7/site-packages/airflow/example_dags/tutorial_dag.py
[2023-06-03T20:42:58.459+0000] {processor.py:836} INFO - DAG(s) dict_keys(['tutorial_dag']) retrieved from /home/airflow/.local/lib/python3.7/site-packages/airflow/example_dags/tutorial_dag.py
[2023-06-03T20:42:58.476+0000] {logging_mixin.py:149} INFO - [2023-06-03T20:42:58.476+0000] {dag.py:2726} INFO - Sync 1 DAGs
[2023-06-03T20:42:58.494+0000] {logging_mixin.py:149} INFO - [2023-06-03T20:42:58.494+0000] {dag.py:3490} INFO - Setting next_dagrun for tutorial_dag to None, run_after=None
[2023-06-03T20:42:58.512+0000] {processor.py:179} INFO - Processing /home/airflow/.local/lib/python3.7/site-packages/airflow/example_dags/tutorial_dag.py took 0.062 seconds
[2023-06-03T20:43:28.674+0000] {processor.py:157} INFO - Started process (PID=9198) to work on /home/airflow/.local/lib/python3.7/site-packages/airflow/example_dags/tutorial_dag.py
[2023-06-03T20:43:28.675+0000] {processor.py:826} INFO - Processing file /home/airflow/.local/lib/python3.7/site-packages/airflow/example_dags/tutorial_dag.py for tasks to queue
[2023-06-03T20:43:28.676+0000] {logging_mixin.py:149} INFO - [2023-06-03T20:43:28.676+0000] {dagbag.py:541} INFO - Filling up the DagBag from /home/airflow/.local/lib/python3.7/site-packages/airflow/example_dags/tutorial_dag.py
[2023-06-03T20:43:28.680+0000] {processor.py:836} INFO - DAG(s) dict_keys(['tutorial_dag']) retrieved from /home/airflow/.local/lib/python3.7/site-packages/airflow/example_dags/tutorial_dag.py
[2023-06-03T20:43:28.698+0000] {logging_mixin.py:149} INFO - [2023-06-03T20:43:28.698+0000] {dag.py:2726} INFO - Sync 1 DAGs
[2023-06-03T20:43:28.715+0000] {logging_mixin.py:149} INFO - [2023-06-03T20:43:28.715+0000] {dag.py:3490} INFO - Setting next_dagrun for tutorial_dag to None, run_after=None
[2023-06-03T20:43:28.733+0000] {processor.py:179} INFO - Processing /home/airflow/.local/lib/python3.7/site-packages/airflow/example_dags/tutorial_dag.py took 0.062 seconds
[2023-06-03T20:43:58.858+0000] {processor.py:157} INFO - Started process (PID=9450) to work on /home/airflow/.local/lib/python3.7/site-packages/airflow/example_dags/tutorial_dag.py
[2023-06-03T20:43:58.859+0000] {processor.py:826} INFO - Processing file /home/airflow/.local/lib/python3.7/site-packages/airflow/example_dags/tutorial_dag.py for tasks to queue
[2023-06-03T20:43:58.860+0000] {logging_mixin.py:149} INFO - [2023-06-03T20:43:58.860+0000] {dagbag.py:541} INFO - Filling up the DagBag from /home/airflow/.local/lib/python3.7/site-packages/airflow/example_dags/tutorial_dag.py
[2023-06-03T20:43:58.864+0000] {processor.py:836} INFO - DAG(s) dict_keys(['tutorial_dag']) retrieved from /home/airflow/.local/lib/python3.7/site-packages/airflow/example_dags/tutorial_dag.py
[2023-06-03T20:43:58.880+0000] {logging_mixin.py:149} INFO - [2023-06-03T20:43:58.880+0000] {dag.py:2726} INFO - Sync 1 DAGs
[2023-06-03T20:43:58.897+0000] {logging_mixin.py:149} INFO - [2023-06-03T20:43:58.897+0000] {dag.py:3490} INFO - Setting next_dagrun for tutorial_dag to None, run_after=None
[2023-06-03T20:43:58.914+0000] {processor.py:179} INFO - Processing /home/airflow/.local/lib/python3.7/site-packages/airflow/example_dags/tutorial_dag.py took 0.059 seconds
[2023-06-03T20:44:29.635+0000] {processor.py:157} INFO - Started process (PID=9702) to work on /home/airflow/.local/lib/python3.7/site-packages/airflow/example_dags/tutorial_dag.py
[2023-06-03T20:44:29.637+0000] {processor.py:826} INFO - Processing file /home/airflow/.local/lib/python3.7/site-packages/airflow/example_dags/tutorial_dag.py for tasks to queue
[2023-06-03T20:44:29.638+0000] {logging_mixin.py:149} INFO - [2023-06-03T20:44:29.638+0000] {dagbag.py:541} INFO - Filling up the DagBag from /home/airflow/.local/lib/python3.7/site-packages/airflow/example_dags/tutorial_dag.py
[2023-06-03T20:44:29.643+0000] {processor.py:836} INFO - DAG(s) dict_keys(['tutorial_dag']) retrieved from /home/airflow/.local/lib/python3.7/site-packages/airflow/example_dags/tutorial_dag.py
[2023-06-03T20:44:29.660+0000] {logging_mixin.py:149} INFO - [2023-06-03T20:44:29.660+0000] {dag.py:2726} INFO - Sync 1 DAGs
[2023-06-03T20:44:29.678+0000] {logging_mixin.py:149} INFO - [2023-06-03T20:44:29.678+0000] {dag.py:3490} INFO - Setting next_dagrun for tutorial_dag to None, run_after=None
[2023-06-03T20:44:29.695+0000] {processor.py:179} INFO - Processing /home/airflow/.local/lib/python3.7/site-packages/airflow/example_dags/tutorial_dag.py took 0.062 seconds
[2023-06-03T20:44:59.845+0000] {processor.py:157} INFO - Started process (PID=9954) to work on /home/airflow/.local/lib/python3.7/site-packages/airflow/example_dags/tutorial_dag.py
[2023-06-03T20:44:59.846+0000] {processor.py:826} INFO - Processing file /home/airflow/.local/lib/python3.7/site-packages/airflow/example_dags/tutorial_dag.py for tasks to queue
[2023-06-03T20:44:59.847+0000] {logging_mixin.py:149} INFO - [2023-06-03T20:44:59.847+0000] {dagbag.py:541} INFO - Filling up the DagBag from /home/airflow/.local/lib/python3.7/site-packages/airflow/example_dags/tutorial_dag.py
[2023-06-03T20:44:59.851+0000] {processor.py:836} INFO - DAG(s) dict_keys(['tutorial_dag']) retrieved from /home/airflow/.local/lib/python3.7/site-packages/airflow/example_dags/tutorial_dag.py
[2023-06-03T20:44:59.868+0000] {logging_mixin.py:149} INFO - [2023-06-03T20:44:59.868+0000] {dag.py:2726} INFO - Sync 1 DAGs
[2023-06-03T20:44:59.886+0000] {logging_mixin.py:149} INFO - [2023-06-03T20:44:59.886+0000] {dag.py:3490} INFO - Setting next_dagrun for tutorial_dag to None, run_after=None
[2023-06-03T20:44:59.903+0000] {processor.py:179} INFO - Processing /home/airflow/.local/lib/python3.7/site-packages/airflow/example_dags/tutorial_dag.py took 0.060 seconds
[2023-06-03T20:45:30.536+0000] {processor.py:157} INFO - Started process (PID=10206) to work on /home/airflow/.local/lib/python3.7/site-packages/airflow/example_dags/tutorial_dag.py
[2023-06-03T20:45:30.537+0000] {processor.py:826} INFO - Processing file /home/airflow/.local/lib/python3.7/site-packages/airflow/example_dags/tutorial_dag.py for tasks to queue
[2023-06-03T20:45:30.538+0000] {logging_mixin.py:149} INFO - [2023-06-03T20:45:30.538+0000] {dagbag.py:541} INFO - Filling up the DagBag from /home/airflow/.local/lib/python3.7/site-packages/airflow/example_dags/tutorial_dag.py
[2023-06-03T20:45:30.543+0000] {processor.py:836} INFO - DAG(s) dict_keys(['tutorial_dag']) retrieved from /home/airflow/.local/lib/python3.7/site-packages/airflow/example_dags/tutorial_dag.py
[2023-06-03T20:45:30.559+0000] {logging_mixin.py:149} INFO - [2023-06-03T20:45:30.559+0000] {dag.py:2726} INFO - Sync 1 DAGs
[2023-06-03T20:45:30.578+0000] {logging_mixin.py:149} INFO - [2023-06-03T20:45:30.578+0000] {dag.py:3490} INFO - Setting next_dagrun for tutorial_dag to None, run_after=None
[2023-06-03T20:45:30.596+0000] {processor.py:179} INFO - Processing /home/airflow/.local/lib/python3.7/site-packages/airflow/example_dags/tutorial_dag.py took 0.062 seconds
[2023-06-03T20:46:00.775+0000] {processor.py:157} INFO - Started process (PID=10458) to work on /home/airflow/.local/lib/python3.7/site-packages/airflow/example_dags/tutorial_dag.py
[2023-06-03T20:46:00.776+0000] {processor.py:826} INFO - Processing file /home/airflow/.local/lib/python3.7/site-packages/airflow/example_dags/tutorial_dag.py for tasks to queue
[2023-06-03T20:46:00.778+0000] {logging_mixin.py:149} INFO - [2023-06-03T20:46:00.778+0000] {dagbag.py:541} INFO - Filling up the DagBag from /home/airflow/.local/lib/python3.7/site-packages/airflow/example_dags/tutorial_dag.py
[2023-06-03T20:46:00.782+0000] {processor.py:836} INFO - DAG(s) dict_keys(['tutorial_dag']) retrieved from /home/airflow/.local/lib/python3.7/site-packages/airflow/example_dags/tutorial_dag.py
[2023-06-03T20:46:00.800+0000] {logging_mixin.py:149} INFO - [2023-06-03T20:46:00.800+0000] {dag.py:2726} INFO - Sync 1 DAGs
[2023-06-03T20:46:00.820+0000] {logging_mixin.py:149} INFO - [2023-06-03T20:46:00.820+0000] {dag.py:3490} INFO - Setting next_dagrun for tutorial_dag to None, run_after=None
[2023-06-03T20:46:00.838+0000] {processor.py:179} INFO - Processing /home/airflow/.local/lib/python3.7/site-packages/airflow/example_dags/tutorial_dag.py took 0.065 seconds
[2023-06-03T20:46:30.970+0000] {processor.py:157} INFO - Started process (PID=10710) to work on /home/airflow/.local/lib/python3.7/site-packages/airflow/example_dags/tutorial_dag.py
[2023-06-03T20:46:30.974+0000] {processor.py:826} INFO - Processing file /home/airflow/.local/lib/python3.7/site-packages/airflow/example_dags/tutorial_dag.py for tasks to queue
[2023-06-03T20:46:30.980+0000] {logging_mixin.py:149} INFO - [2023-06-03T20:46:30.980+0000] {dagbag.py:541} INFO - Filling up the DagBag from /home/airflow/.local/lib/python3.7/site-packages/airflow/example_dags/tutorial_dag.py
[2023-06-03T20:46:30.986+0000] {processor.py:836} INFO - DAG(s) dict_keys(['tutorial_dag']) retrieved from /home/airflow/.local/lib/python3.7/site-packages/airflow/example_dags/tutorial_dag.py
[2023-06-03T20:46:31.004+0000] {logging_mixin.py:149} INFO - [2023-06-03T20:46:31.004+0000] {dag.py:2726} INFO - Sync 1 DAGs
[2023-06-03T20:46:31.022+0000] {logging_mixin.py:149} INFO - [2023-06-03T20:46:31.022+0000] {dag.py:3490} INFO - Setting next_dagrun for tutorial_dag to None, run_after=None
[2023-06-03T20:46:31.039+0000] {processor.py:179} INFO - Processing /home/airflow/.local/lib/python3.7/site-packages/airflow/example_dags/tutorial_dag.py took 0.071 seconds
[2023-06-03T20:47:01.408+0000] {processor.py:157} INFO - Started process (PID=10962) to work on /home/airflow/.local/lib/python3.7/site-packages/airflow/example_dags/tutorial_dag.py
[2023-06-03T20:47:01.409+0000] {processor.py:826} INFO - Processing file /home/airflow/.local/lib/python3.7/site-packages/airflow/example_dags/tutorial_dag.py for tasks to queue
[2023-06-03T20:47:01.410+0000] {logging_mixin.py:149} INFO - [2023-06-03T20:47:01.410+0000] {dagbag.py:541} INFO - Filling up the DagBag from /home/airflow/.local/lib/python3.7/site-packages/airflow/example_dags/tutorial_dag.py
[2023-06-03T20:47:01.415+0000] {processor.py:836} INFO - DAG(s) dict_keys(['tutorial_dag']) retrieved from /home/airflow/.local/lib/python3.7/site-packages/airflow/example_dags/tutorial_dag.py
[2023-06-03T20:47:01.431+0000] {logging_mixin.py:149} INFO - [2023-06-03T20:47:01.431+0000] {dag.py:2726} INFO - Sync 1 DAGs
[2023-06-03T20:47:01.449+0000] {logging_mixin.py:149} INFO - [2023-06-03T20:47:01.449+0000] {dag.py:3490} INFO - Setting next_dagrun for tutorial_dag to None, run_after=None
[2023-06-03T20:47:01.465+0000] {processor.py:179} INFO - Processing /home/airflow/.local/lib/python3.7/site-packages/airflow/example_dags/tutorial_dag.py took 0.060 seconds
[2023-06-03T20:47:31.618+0000] {processor.py:157} INFO - Started process (PID=11214) to work on /home/airflow/.local/lib/python3.7/site-packages/airflow/example_dags/tutorial_dag.py
[2023-06-03T20:47:31.619+0000] {processor.py:826} INFO - Processing file /home/airflow/.local/lib/python3.7/site-packages/airflow/example_dags/tutorial_dag.py for tasks to queue
[2023-06-03T20:47:31.620+0000] {logging_mixin.py:149} INFO - [2023-06-03T20:47:31.620+0000] {dagbag.py:541} INFO - Filling up the DagBag from /home/airflow/.local/lib/python3.7/site-packages/airflow/example_dags/tutorial_dag.py
[2023-06-03T20:47:31.624+0000] {processor.py:836} INFO - DAG(s) dict_keys(['tutorial_dag']) retrieved from /home/airflow/.local/lib/python3.7/site-packages/airflow/example_dags/tutorial_dag.py
[2023-06-03T20:47:31.640+0000] {logging_mixin.py:149} INFO - [2023-06-03T20:47:31.639+0000] {dag.py:2726} INFO - Sync 1 DAGs
[2023-06-03T20:47:31.658+0000] {logging_mixin.py:149} INFO - [2023-06-03T20:47:31.658+0000] {dag.py:3490} INFO - Setting next_dagrun for tutorial_dag to None, run_after=None
[2023-06-03T20:47:31.676+0000] {processor.py:179} INFO - Processing /home/airflow/.local/lib/python3.7/site-packages/airflow/example_dags/tutorial_dag.py took 0.060 seconds
[2023-06-03T20:48:01.831+0000] {processor.py:157} INFO - Started process (PID=11466) to work on /home/airflow/.local/lib/python3.7/site-packages/airflow/example_dags/tutorial_dag.py
[2023-06-03T20:48:01.832+0000] {processor.py:826} INFO - Processing file /home/airflow/.local/lib/python3.7/site-packages/airflow/example_dags/tutorial_dag.py for tasks to queue
[2023-06-03T20:48:01.834+0000] {logging_mixin.py:149} INFO - [2023-06-03T20:48:01.834+0000] {dagbag.py:541} INFO - Filling up the DagBag from /home/airflow/.local/lib/python3.7/site-packages/airflow/example_dags/tutorial_dag.py
[2023-06-03T20:48:01.841+0000] {processor.py:836} INFO - DAG(s) dict_keys(['tutorial_dag']) retrieved from /home/airflow/.local/lib/python3.7/site-packages/airflow/example_dags/tutorial_dag.py
[2023-06-03T20:48:01.865+0000] {logging_mixin.py:149} INFO - [2023-06-03T20:48:01.865+0000] {dag.py:2726} INFO - Sync 1 DAGs
[2023-06-03T20:48:01.882+0000] {logging_mixin.py:149} INFO - [2023-06-03T20:48:01.881+0000] {dag.py:3490} INFO - Setting next_dagrun for tutorial_dag to None, run_after=None
[2023-06-03T20:48:01.898+0000] {processor.py:179} INFO - Processing /home/airflow/.local/lib/python3.7/site-packages/airflow/example_dags/tutorial_dag.py took 0.072 seconds
[2023-06-03T20:48:32.301+0000] {processor.py:157} INFO - Started process (PID=11718) to work on /home/airflow/.local/lib/python3.7/site-packages/airflow/example_dags/tutorial_dag.py
[2023-06-03T20:48:32.302+0000] {processor.py:826} INFO - Processing file /home/airflow/.local/lib/python3.7/site-packages/airflow/example_dags/tutorial_dag.py for tasks to queue
[2023-06-03T20:48:32.303+0000] {logging_mixin.py:149} INFO - [2023-06-03T20:48:32.303+0000] {dagbag.py:541} INFO - Filling up the DagBag from /home/airflow/.local/lib/python3.7/site-packages/airflow/example_dags/tutorial_dag.py
[2023-06-03T20:48:32.307+0000] {processor.py:836} INFO - DAG(s) dict_keys(['tutorial_dag']) retrieved from /home/airflow/.local/lib/python3.7/site-packages/airflow/example_dags/tutorial_dag.py
[2023-06-03T20:48:32.323+0000] {logging_mixin.py:149} INFO - [2023-06-03T20:48:32.323+0000] {dag.py:2726} INFO - Sync 1 DAGs
[2023-06-03T20:48:32.341+0000] {logging_mixin.py:149} INFO - [2023-06-03T20:48:32.340+0000] {dag.py:3490} INFO - Setting next_dagrun for tutorial_dag to None, run_after=None
[2023-06-03T20:48:32.357+0000] {processor.py:179} INFO - Processing /home/airflow/.local/lib/python3.7/site-packages/airflow/example_dags/tutorial_dag.py took 0.059 seconds
[2023-06-03T20:49:02.636+0000] {processor.py:157} INFO - Started process (PID=11970) to work on /home/airflow/.local/lib/python3.7/site-packages/airflow/example_dags/tutorial_dag.py
[2023-06-03T20:49:02.637+0000] {processor.py:826} INFO - Processing file /home/airflow/.local/lib/python3.7/site-packages/airflow/example_dags/tutorial_dag.py for tasks to queue
[2023-06-03T20:49:02.639+0000] {logging_mixin.py:149} INFO - [2023-06-03T20:49:02.639+0000] {dagbag.py:541} INFO - Filling up the DagBag from /home/airflow/.local/lib/python3.7/site-packages/airflow/example_dags/tutorial_dag.py
[2023-06-03T20:49:02.646+0000] {processor.py:836} INFO - DAG(s) dict_keys(['tutorial_dag']) retrieved from /home/airflow/.local/lib/python3.7/site-packages/airflow/example_dags/tutorial_dag.py
[2023-06-03T20:49:02.667+0000] {logging_mixin.py:149} INFO - [2023-06-03T20:49:02.667+0000] {dag.py:2726} INFO - Sync 1 DAGs
[2023-06-03T20:49:02.684+0000] {logging_mixin.py:149} INFO - [2023-06-03T20:49:02.684+0000] {dag.py:3490} INFO - Setting next_dagrun for tutorial_dag to None, run_after=None
[2023-06-03T20:49:02.701+0000] {processor.py:179} INFO - Processing /home/airflow/.local/lib/python3.7/site-packages/airflow/example_dags/tutorial_dag.py took 0.069 seconds
[2023-06-03T20:49:32.917+0000] {processor.py:157} INFO - Started process (PID=12222) to work on /home/airflow/.local/lib/python3.7/site-packages/airflow/example_dags/tutorial_dag.py
[2023-06-03T20:49:32.919+0000] {processor.py:826} INFO - Processing file /home/airflow/.local/lib/python3.7/site-packages/airflow/example_dags/tutorial_dag.py for tasks to queue
[2023-06-03T20:49:32.921+0000] {logging_mixin.py:149} INFO - [2023-06-03T20:49:32.921+0000] {dagbag.py:541} INFO - Filling up the DagBag from /home/airflow/.local/lib/python3.7/site-packages/airflow/example_dags/tutorial_dag.py
[2023-06-03T20:49:32.929+0000] {processor.py:836} INFO - DAG(s) dict_keys(['tutorial_dag']) retrieved from /home/airflow/.local/lib/python3.7/site-packages/airflow/example_dags/tutorial_dag.py
[2023-06-03T20:49:32.948+0000] {logging_mixin.py:149} INFO - [2023-06-03T20:49:32.948+0000] {dag.py:2726} INFO - Sync 1 DAGs
[2023-06-03T20:49:32.966+0000] {logging_mixin.py:149} INFO - [2023-06-03T20:49:32.965+0000] {dag.py:3490} INFO - Setting next_dagrun for tutorial_dag to None, run_after=None
[2023-06-03T20:49:32.980+0000] {processor.py:179} INFO - Processing /home/airflow/.local/lib/python3.7/site-packages/airflow/example_dags/tutorial_dag.py took 0.067 seconds
[2023-06-03T20:50:03.628+0000] {processor.py:157} INFO - Started process (PID=12474) to work on /home/airflow/.local/lib/python3.7/site-packages/airflow/example_dags/tutorial_dag.py
[2023-06-03T20:50:03.629+0000] {processor.py:826} INFO - Processing file /home/airflow/.local/lib/python3.7/site-packages/airflow/example_dags/tutorial_dag.py for tasks to queue
[2023-06-03T20:50:03.630+0000] {logging_mixin.py:149} INFO - [2023-06-03T20:50:03.630+0000] {dagbag.py:541} INFO - Filling up the DagBag from /home/airflow/.local/lib/python3.7/site-packages/airflow/example_dags/tutorial_dag.py
[2023-06-03T20:50:03.634+0000] {processor.py:836} INFO - DAG(s) dict_keys(['tutorial_dag']) retrieved from /home/airflow/.local/lib/python3.7/site-packages/airflow/example_dags/tutorial_dag.py
[2023-06-03T20:50:03.653+0000] {logging_mixin.py:149} INFO - [2023-06-03T20:50:03.653+0000] {dag.py:2726} INFO - Sync 1 DAGs
[2023-06-03T20:50:03.671+0000] {logging_mixin.py:149} INFO - [2023-06-03T20:50:03.671+0000] {dag.py:3490} INFO - Setting next_dagrun for tutorial_dag to None, run_after=None
[2023-06-03T20:50:03.688+0000] {processor.py:179} INFO - Processing /home/airflow/.local/lib/python3.7/site-packages/airflow/example_dags/tutorial_dag.py took 0.063 seconds
[2023-06-03T20:50:33.781+0000] {processor.py:157} INFO - Started process (PID=12726) to work on /home/airflow/.local/lib/python3.7/site-packages/airflow/example_dags/tutorial_dag.py
[2023-06-03T20:50:33.783+0000] {processor.py:826} INFO - Processing file /home/airflow/.local/lib/python3.7/site-packages/airflow/example_dags/tutorial_dag.py for tasks to queue
[2023-06-03T20:50:33.784+0000] {logging_mixin.py:149} INFO - [2023-06-03T20:50:33.784+0000] {dagbag.py:541} INFO - Filling up the DagBag from /home/airflow/.local/lib/python3.7/site-packages/airflow/example_dags/tutorial_dag.py
[2023-06-03T20:50:33.788+0000] {processor.py:836} INFO - DAG(s) dict_keys(['tutorial_dag']) retrieved from /home/airflow/.local/lib/python3.7/site-packages/airflow/example_dags/tutorial_dag.py
[2023-06-03T20:50:33.805+0000] {logging_mixin.py:149} INFO - [2023-06-03T20:50:33.805+0000] {dag.py:2726} INFO - Sync 1 DAGs
[2023-06-03T20:50:33.822+0000] {logging_mixin.py:149} INFO - [2023-06-03T20:50:33.822+0000] {dag.py:3490} INFO - Setting next_dagrun for tutorial_dag to None, run_after=None
[2023-06-03T20:50:33.840+0000] {processor.py:179} INFO - Processing /home/airflow/.local/lib/python3.7/site-packages/airflow/example_dags/tutorial_dag.py took 0.061 seconds
[2023-06-03T20:51:04.247+0000] {processor.py:157} INFO - Started process (PID=12979) to work on /home/airflow/.local/lib/python3.7/site-packages/airflow/example_dags/tutorial_dag.py
[2023-06-03T20:51:04.249+0000] {processor.py:826} INFO - Processing file /home/airflow/.local/lib/python3.7/site-packages/airflow/example_dags/tutorial_dag.py for tasks to queue
[2023-06-03T20:51:04.251+0000] {logging_mixin.py:149} INFO - [2023-06-03T20:51:04.251+0000] {dagbag.py:541} INFO - Filling up the DagBag from /home/airflow/.local/lib/python3.7/site-packages/airflow/example_dags/tutorial_dag.py
[2023-06-03T20:51:04.256+0000] {processor.py:836} INFO - DAG(s) dict_keys(['tutorial_dag']) retrieved from /home/airflow/.local/lib/python3.7/site-packages/airflow/example_dags/tutorial_dag.py
[2023-06-03T20:51:04.274+0000] {logging_mixin.py:149} INFO - [2023-06-03T20:51:04.274+0000] {dag.py:2726} INFO - Sync 1 DAGs
[2023-06-03T20:51:04.291+0000] {logging_mixin.py:149} INFO - [2023-06-03T20:51:04.291+0000] {dag.py:3490} INFO - Setting next_dagrun for tutorial_dag to None, run_after=None
[2023-06-03T20:51:04.306+0000] {processor.py:179} INFO - Processing /home/airflow/.local/lib/python3.7/site-packages/airflow/example_dags/tutorial_dag.py took 0.062 seconds
[2023-06-03T20:51:34.489+0000] {processor.py:157} INFO - Started process (PID=13231) to work on /home/airflow/.local/lib/python3.7/site-packages/airflow/example_dags/tutorial_dag.py
[2023-06-03T20:51:34.490+0000] {processor.py:826} INFO - Processing file /home/airflow/.local/lib/python3.7/site-packages/airflow/example_dags/tutorial_dag.py for tasks to queue
[2023-06-03T20:51:34.492+0000] {logging_mixin.py:149} INFO - [2023-06-03T20:51:34.491+0000] {dagbag.py:541} INFO - Filling up the DagBag from /home/airflow/.local/lib/python3.7/site-packages/airflow/example_dags/tutorial_dag.py
[2023-06-03T20:51:34.496+0000] {processor.py:836} INFO - DAG(s) dict_keys(['tutorial_dag']) retrieved from /home/airflow/.local/lib/python3.7/site-packages/airflow/example_dags/tutorial_dag.py
[2023-06-03T20:51:34.515+0000] {logging_mixin.py:149} INFO - [2023-06-03T20:51:34.515+0000] {dag.py:2726} INFO - Sync 1 DAGs
[2023-06-03T20:51:34.532+0000] {logging_mixin.py:149} INFO - [2023-06-03T20:51:34.532+0000] {dag.py:3490} INFO - Setting next_dagrun for tutorial_dag to None, run_after=None
[2023-06-03T20:51:34.550+0000] {processor.py:179} INFO - Processing /home/airflow/.local/lib/python3.7/site-packages/airflow/example_dags/tutorial_dag.py took 0.064 seconds
[2023-06-03T20:52:05.151+0000] {processor.py:157} INFO - Started process (PID=13458) to work on /home/airflow/.local/lib/python3.7/site-packages/airflow/example_dags/tutorial_dag.py
[2023-06-03T20:52:05.152+0000] {processor.py:826} INFO - Processing file /home/airflow/.local/lib/python3.7/site-packages/airflow/example_dags/tutorial_dag.py for tasks to queue
[2023-06-03T20:52:05.153+0000] {logging_mixin.py:149} INFO - [2023-06-03T20:52:05.153+0000] {dagbag.py:541} INFO - Filling up the DagBag from /home/airflow/.local/lib/python3.7/site-packages/airflow/example_dags/tutorial_dag.py
[2023-06-03T20:52:05.157+0000] {processor.py:836} INFO - DAG(s) dict_keys(['tutorial_dag']) retrieved from /home/airflow/.local/lib/python3.7/site-packages/airflow/example_dags/tutorial_dag.py
[2023-06-03T20:52:05.224+0000] {logging_mixin.py:149} INFO - [2023-06-03T20:52:05.224+0000] {dag.py:2726} INFO - Sync 1 DAGs
[2023-06-03T20:52:05.263+0000] {logging_mixin.py:149} INFO - [2023-06-03T20:52:05.263+0000] {dag.py:3490} INFO - Setting next_dagrun for tutorial_dag to None, run_after=None
[2023-06-03T20:52:05.289+0000] {processor.py:179} INFO - Processing /home/airflow/.local/lib/python3.7/site-packages/airflow/example_dags/tutorial_dag.py took 0.140 seconds
[2023-06-03T20:52:35.838+0000] {processor.py:157} INFO - Started process (PID=13710) to work on /home/airflow/.local/lib/python3.7/site-packages/airflow/example_dags/tutorial_dag.py
[2023-06-03T20:52:35.839+0000] {processor.py:826} INFO - Processing file /home/airflow/.local/lib/python3.7/site-packages/airflow/example_dags/tutorial_dag.py for tasks to queue
[2023-06-03T20:52:35.840+0000] {logging_mixin.py:149} INFO - [2023-06-03T20:52:35.840+0000] {dagbag.py:541} INFO - Filling up the DagBag from /home/airflow/.local/lib/python3.7/site-packages/airflow/example_dags/tutorial_dag.py
[2023-06-03T20:52:35.844+0000] {processor.py:836} INFO - DAG(s) dict_keys(['tutorial_dag']) retrieved from /home/airflow/.local/lib/python3.7/site-packages/airflow/example_dags/tutorial_dag.py
[2023-06-03T20:52:35.891+0000] {logging_mixin.py:149} INFO - [2023-06-03T20:52:35.891+0000] {dag.py:2726} INFO - Sync 1 DAGs
[2023-06-03T20:52:35.952+0000] {logging_mixin.py:149} INFO - [2023-06-03T20:52:35.952+0000] {dag.py:3490} INFO - Setting next_dagrun for tutorial_dag to None, run_after=None
[2023-06-03T20:52:35.975+0000] {processor.py:179} INFO - Processing /home/airflow/.local/lib/python3.7/site-packages/airflow/example_dags/tutorial_dag.py took 0.140 seconds
[2023-06-03T20:53:06.061+0000] {processor.py:157} INFO - Started process (PID=13962) to work on /home/airflow/.local/lib/python3.7/site-packages/airflow/example_dags/tutorial_dag.py
[2023-06-03T20:53:06.063+0000] {processor.py:826} INFO - Processing file /home/airflow/.local/lib/python3.7/site-packages/airflow/example_dags/tutorial_dag.py for tasks to queue
[2023-06-03T20:53:06.064+0000] {logging_mixin.py:149} INFO - [2023-06-03T20:53:06.064+0000] {dagbag.py:541} INFO - Filling up the DagBag from /home/airflow/.local/lib/python3.7/site-packages/airflow/example_dags/tutorial_dag.py
[2023-06-03T20:53:06.068+0000] {processor.py:836} INFO - DAG(s) dict_keys(['tutorial_dag']) retrieved from /home/airflow/.local/lib/python3.7/site-packages/airflow/example_dags/tutorial_dag.py
[2023-06-03T20:53:06.086+0000] {logging_mixin.py:149} INFO - [2023-06-03T20:53:06.086+0000] {dag.py:2726} INFO - Sync 1 DAGs
[2023-06-03T20:53:06.105+0000] {logging_mixin.py:149} INFO - [2023-06-03T20:53:06.105+0000] {dag.py:3490} INFO - Setting next_dagrun for tutorial_dag to None, run_after=None
[2023-06-03T20:53:06.123+0000] {processor.py:179} INFO - Processing /home/airflow/.local/lib/python3.7/site-packages/airflow/example_dags/tutorial_dag.py took 0.064 seconds
[2023-06-03T20:53:36.370+0000] {processor.py:157} INFO - Started process (PID=14214) to work on /home/airflow/.local/lib/python3.7/site-packages/airflow/example_dags/tutorial_dag.py
[2023-06-03T20:53:36.371+0000] {processor.py:826} INFO - Processing file /home/airflow/.local/lib/python3.7/site-packages/airflow/example_dags/tutorial_dag.py for tasks to queue
[2023-06-03T20:53:36.373+0000] {logging_mixin.py:149} INFO - [2023-06-03T20:53:36.372+0000] {dagbag.py:541} INFO - Filling up the DagBag from /home/airflow/.local/lib/python3.7/site-packages/airflow/example_dags/tutorial_dag.py
[2023-06-03T20:53:36.377+0000] {processor.py:836} INFO - DAG(s) dict_keys(['tutorial_dag']) retrieved from /home/airflow/.local/lib/python3.7/site-packages/airflow/example_dags/tutorial_dag.py
[2023-06-03T20:53:36.395+0000] {logging_mixin.py:149} INFO - [2023-06-03T20:53:36.395+0000] {dag.py:2726} INFO - Sync 1 DAGs
[2023-06-03T20:53:36.413+0000] {logging_mixin.py:149} INFO - [2023-06-03T20:53:36.413+0000] {dag.py:3490} INFO - Setting next_dagrun for tutorial_dag to None, run_after=None
[2023-06-03T20:53:36.431+0000] {processor.py:179} INFO - Processing /home/airflow/.local/lib/python3.7/site-packages/airflow/example_dags/tutorial_dag.py took 0.064 seconds
[2023-06-03T20:54:06.649+0000] {processor.py:157} INFO - Started process (PID=14466) to work on /home/airflow/.local/lib/python3.7/site-packages/airflow/example_dags/tutorial_dag.py
[2023-06-03T20:54:06.650+0000] {processor.py:826} INFO - Processing file /home/airflow/.local/lib/python3.7/site-packages/airflow/example_dags/tutorial_dag.py for tasks to queue
[2023-06-03T20:54:06.650+0000] {logging_mixin.py:149} INFO - [2023-06-03T20:54:06.650+0000] {dagbag.py:541} INFO - Filling up the DagBag from /home/airflow/.local/lib/python3.7/site-packages/airflow/example_dags/tutorial_dag.py
[2023-06-03T20:54:06.654+0000] {processor.py:836} INFO - DAG(s) dict_keys(['tutorial_dag']) retrieved from /home/airflow/.local/lib/python3.7/site-packages/airflow/example_dags/tutorial_dag.py
[2023-06-03T20:54:06.671+0000] {logging_mixin.py:149} INFO - [2023-06-03T20:54:06.671+0000] {dag.py:2726} INFO - Sync 1 DAGs
[2023-06-03T20:54:06.687+0000] {logging_mixin.py:149} INFO - [2023-06-03T20:54:06.687+0000] {dag.py:3490} INFO - Setting next_dagrun for tutorial_dag to None, run_after=None
[2023-06-03T20:54:06.706+0000] {processor.py:179} INFO - Processing /home/airflow/.local/lib/python3.7/site-packages/airflow/example_dags/tutorial_dag.py took 0.059 seconds
[2023-06-03T20:54:36.808+0000] {processor.py:157} INFO - Started process (PID=14718) to work on /home/airflow/.local/lib/python3.7/site-packages/airflow/example_dags/tutorial_dag.py
[2023-06-03T20:54:36.809+0000] {processor.py:826} INFO - Processing file /home/airflow/.local/lib/python3.7/site-packages/airflow/example_dags/tutorial_dag.py for tasks to queue
[2023-06-03T20:54:36.810+0000] {logging_mixin.py:149} INFO - [2023-06-03T20:54:36.810+0000] {dagbag.py:541} INFO - Filling up the DagBag from /home/airflow/.local/lib/python3.7/site-packages/airflow/example_dags/tutorial_dag.py
[2023-06-03T20:54:36.814+0000] {processor.py:836} INFO - DAG(s) dict_keys(['tutorial_dag']) retrieved from /home/airflow/.local/lib/python3.7/site-packages/airflow/example_dags/tutorial_dag.py
[2023-06-03T20:54:36.830+0000] {logging_mixin.py:149} INFO - [2023-06-03T20:54:36.830+0000] {dag.py:2726} INFO - Sync 1 DAGs
[2023-06-03T20:54:36.847+0000] {logging_mixin.py:149} INFO - [2023-06-03T20:54:36.846+0000] {dag.py:3490} INFO - Setting next_dagrun for tutorial_dag to None, run_after=None
[2023-06-03T20:54:36.863+0000] {processor.py:179} INFO - Processing /home/airflow/.local/lib/python3.7/site-packages/airflow/example_dags/tutorial_dag.py took 0.057 seconds
[2023-06-03T20:55:07.190+0000] {processor.py:157} INFO - Started process (PID=14970) to work on /home/airflow/.local/lib/python3.7/site-packages/airflow/example_dags/tutorial_dag.py
[2023-06-03T20:55:07.191+0000] {processor.py:826} INFO - Processing file /home/airflow/.local/lib/python3.7/site-packages/airflow/example_dags/tutorial_dag.py for tasks to queue
[2023-06-03T20:55:07.192+0000] {logging_mixin.py:149} INFO - [2023-06-03T20:55:07.192+0000] {dagbag.py:541} INFO - Filling up the DagBag from /home/airflow/.local/lib/python3.7/site-packages/airflow/example_dags/tutorial_dag.py
[2023-06-03T20:55:07.198+0000] {processor.py:836} INFO - DAG(s) dict_keys(['tutorial_dag']) retrieved from /home/airflow/.local/lib/python3.7/site-packages/airflow/example_dags/tutorial_dag.py
[2023-06-03T20:55:07.218+0000] {logging_mixin.py:149} INFO - [2023-06-03T20:55:07.218+0000] {dag.py:2726} INFO - Sync 1 DAGs
[2023-06-03T20:55:07.239+0000] {logging_mixin.py:149} INFO - [2023-06-03T20:55:07.239+0000] {dag.py:3490} INFO - Setting next_dagrun for tutorial_dag to None, run_after=None
[2023-06-03T20:55:07.268+0000] {processor.py:179} INFO - Processing /home/airflow/.local/lib/python3.7/site-packages/airflow/example_dags/tutorial_dag.py took 0.080 seconds
[2023-06-03T20:55:37.356+0000] {processor.py:157} INFO - Started process (PID=15222) to work on /home/airflow/.local/lib/python3.7/site-packages/airflow/example_dags/tutorial_dag.py
[2023-06-03T20:55:37.357+0000] {processor.py:826} INFO - Processing file /home/airflow/.local/lib/python3.7/site-packages/airflow/example_dags/tutorial_dag.py for tasks to queue
[2023-06-03T20:55:37.358+0000] {logging_mixin.py:149} INFO - [2023-06-03T20:55:37.358+0000] {dagbag.py:541} INFO - Filling up the DagBag from /home/airflow/.local/lib/python3.7/site-packages/airflow/example_dags/tutorial_dag.py
[2023-06-03T20:55:37.362+0000] {processor.py:836} INFO - DAG(s) dict_keys(['tutorial_dag']) retrieved from /home/airflow/.local/lib/python3.7/site-packages/airflow/example_dags/tutorial_dag.py
[2023-06-03T20:55:37.380+0000] {logging_mixin.py:149} INFO - [2023-06-03T20:55:37.380+0000] {dag.py:2726} INFO - Sync 1 DAGs
[2023-06-03T20:55:37.399+0000] {logging_mixin.py:149} INFO - [2023-06-03T20:55:37.399+0000] {dag.py:3490} INFO - Setting next_dagrun for tutorial_dag to None, run_after=None
[2023-06-03T20:55:37.416+0000] {processor.py:179} INFO - Processing /home/airflow/.local/lib/python3.7/site-packages/airflow/example_dags/tutorial_dag.py took 0.063 seconds
[2023-06-03T20:56:08.280+0000] {processor.py:157} INFO - Started process (PID=15474) to work on /home/airflow/.local/lib/python3.7/site-packages/airflow/example_dags/tutorial_dag.py
[2023-06-03T20:56:08.282+0000] {processor.py:826} INFO - Processing file /home/airflow/.local/lib/python3.7/site-packages/airflow/example_dags/tutorial_dag.py for tasks to queue
[2023-06-03T20:56:08.283+0000] {logging_mixin.py:149} INFO - [2023-06-03T20:56:08.283+0000] {dagbag.py:541} INFO - Filling up the DagBag from /home/airflow/.local/lib/python3.7/site-packages/airflow/example_dags/tutorial_dag.py
[2023-06-03T20:56:08.287+0000] {processor.py:836} INFO - DAG(s) dict_keys(['tutorial_dag']) retrieved from /home/airflow/.local/lib/python3.7/site-packages/airflow/example_dags/tutorial_dag.py
[2023-06-03T20:56:08.304+0000] {logging_mixin.py:149} INFO - [2023-06-03T20:56:08.304+0000] {dag.py:2726} INFO - Sync 1 DAGs
[2023-06-03T20:56:08.323+0000] {logging_mixin.py:149} INFO - [2023-06-03T20:56:08.322+0000] {dag.py:3490} INFO - Setting next_dagrun for tutorial_dag to None, run_after=None
[2023-06-03T20:56:08.339+0000] {processor.py:179} INFO - Processing /home/airflow/.local/lib/python3.7/site-packages/airflow/example_dags/tutorial_dag.py took 0.060 seconds
[2023-06-03T20:56:38.974+0000] {processor.py:157} INFO - Started process (PID=15726) to work on /home/airflow/.local/lib/python3.7/site-packages/airflow/example_dags/tutorial_dag.py
[2023-06-03T20:56:38.978+0000] {processor.py:826} INFO - Processing file /home/airflow/.local/lib/python3.7/site-packages/airflow/example_dags/tutorial_dag.py for tasks to queue
[2023-06-03T20:56:38.980+0000] {logging_mixin.py:149} INFO - [2023-06-03T20:56:38.980+0000] {dagbag.py:541} INFO - Filling up the DagBag from /home/airflow/.local/lib/python3.7/site-packages/airflow/example_dags/tutorial_dag.py
[2023-06-03T20:56:38.987+0000] {processor.py:836} INFO - DAG(s) dict_keys(['tutorial_dag']) retrieved from /home/airflow/.local/lib/python3.7/site-packages/airflow/example_dags/tutorial_dag.py
[2023-06-03T20:56:39.012+0000] {logging_mixin.py:149} INFO - [2023-06-03T20:56:39.012+0000] {dag.py:2726} INFO - Sync 1 DAGs
[2023-06-03T20:56:39.030+0000] {logging_mixin.py:149} INFO - [2023-06-03T20:56:39.029+0000] {dag.py:3490} INFO - Setting next_dagrun for tutorial_dag to None, run_after=None
[2023-06-03T20:56:39.046+0000] {processor.py:179} INFO - Processing /home/airflow/.local/lib/python3.7/site-packages/airflow/example_dags/tutorial_dag.py took 0.076 seconds
[2023-06-03T20:57:09.442+0000] {processor.py:157} INFO - Started process (PID=15978) to work on /home/airflow/.local/lib/python3.7/site-packages/airflow/example_dags/tutorial_dag.py
[2023-06-03T20:57:09.443+0000] {processor.py:826} INFO - Processing file /home/airflow/.local/lib/python3.7/site-packages/airflow/example_dags/tutorial_dag.py for tasks to queue
[2023-06-03T20:57:09.444+0000] {logging_mixin.py:149} INFO - [2023-06-03T20:57:09.444+0000] {dagbag.py:541} INFO - Filling up the DagBag from /home/airflow/.local/lib/python3.7/site-packages/airflow/example_dags/tutorial_dag.py
[2023-06-03T20:57:09.448+0000] {processor.py:836} INFO - DAG(s) dict_keys(['tutorial_dag']) retrieved from /home/airflow/.local/lib/python3.7/site-packages/airflow/example_dags/tutorial_dag.py
[2023-06-03T20:57:09.466+0000] {logging_mixin.py:149} INFO - [2023-06-03T20:57:09.465+0000] {dag.py:2726} INFO - Sync 1 DAGs
[2023-06-03T20:57:09.483+0000] {logging_mixin.py:149} INFO - [2023-06-03T20:57:09.483+0000] {dag.py:3490} INFO - Setting next_dagrun for tutorial_dag to None, run_after=None
[2023-06-03T20:57:09.501+0000] {processor.py:179} INFO - Processing /home/airflow/.local/lib/python3.7/site-packages/airflow/example_dags/tutorial_dag.py took 0.061 seconds
[2023-06-03T20:57:39.791+0000] {processor.py:157} INFO - Started process (PID=16230) to work on /home/airflow/.local/lib/python3.7/site-packages/airflow/example_dags/tutorial_dag.py
[2023-06-03T20:57:39.792+0000] {processor.py:826} INFO - Processing file /home/airflow/.local/lib/python3.7/site-packages/airflow/example_dags/tutorial_dag.py for tasks to queue
[2023-06-03T20:57:39.793+0000] {logging_mixin.py:149} INFO - [2023-06-03T20:57:39.793+0000] {dagbag.py:541} INFO - Filling up the DagBag from /home/airflow/.local/lib/python3.7/site-packages/airflow/example_dags/tutorial_dag.py
[2023-06-03T20:57:39.797+0000] {processor.py:836} INFO - DAG(s) dict_keys(['tutorial_dag']) retrieved from /home/airflow/.local/lib/python3.7/site-packages/airflow/example_dags/tutorial_dag.py
[2023-06-03T20:57:39.813+0000] {logging_mixin.py:149} INFO - [2023-06-03T20:57:39.813+0000] {dag.py:2726} INFO - Sync 1 DAGs
[2023-06-03T20:57:39.831+0000] {logging_mixin.py:149} INFO - [2023-06-03T20:57:39.831+0000] {dag.py:3490} INFO - Setting next_dagrun for tutorial_dag to None, run_after=None
[2023-06-03T20:57:39.850+0000] {processor.py:179} INFO - Processing /home/airflow/.local/lib/python3.7/site-packages/airflow/example_dags/tutorial_dag.py took 0.060 seconds
[2023-06-03T20:58:10.133+0000] {processor.py:157} INFO - Started process (PID=16482) to work on /home/airflow/.local/lib/python3.7/site-packages/airflow/example_dags/tutorial_dag.py
[2023-06-03T20:58:10.134+0000] {processor.py:826} INFO - Processing file /home/airflow/.local/lib/python3.7/site-packages/airflow/example_dags/tutorial_dag.py for tasks to queue
[2023-06-03T20:58:10.135+0000] {logging_mixin.py:149} INFO - [2023-06-03T20:58:10.135+0000] {dagbag.py:541} INFO - Filling up the DagBag from /home/airflow/.local/lib/python3.7/site-packages/airflow/example_dags/tutorial_dag.py
[2023-06-03T20:58:10.139+0000] {processor.py:836} INFO - DAG(s) dict_keys(['tutorial_dag']) retrieved from /home/airflow/.local/lib/python3.7/site-packages/airflow/example_dags/tutorial_dag.py
[2023-06-03T20:58:10.156+0000] {logging_mixin.py:149} INFO - [2023-06-03T20:58:10.156+0000] {dag.py:2726} INFO - Sync 1 DAGs
[2023-06-03T20:58:10.174+0000] {logging_mixin.py:149} INFO - [2023-06-03T20:58:10.174+0000] {dag.py:3490} INFO - Setting next_dagrun for tutorial_dag to None, run_after=None
[2023-06-03T20:58:10.190+0000] {processor.py:179} INFO - Processing /home/airflow/.local/lib/python3.7/site-packages/airflow/example_dags/tutorial_dag.py took 0.059 seconds
[2023-06-03T20:58:40.629+0000] {processor.py:157} INFO - Started process (PID=16734) to work on /home/airflow/.local/lib/python3.7/site-packages/airflow/example_dags/tutorial_dag.py
[2023-06-03T20:58:40.632+0000] {processor.py:826} INFO - Processing file /home/airflow/.local/lib/python3.7/site-packages/airflow/example_dags/tutorial_dag.py for tasks to queue
[2023-06-03T20:58:40.634+0000] {logging_mixin.py:149} INFO - [2023-06-03T20:58:40.633+0000] {dagbag.py:541} INFO - Filling up the DagBag from /home/airflow/.local/lib/python3.7/site-packages/airflow/example_dags/tutorial_dag.py
[2023-06-03T20:58:40.638+0000] {processor.py:836} INFO - DAG(s) dict_keys(['tutorial_dag']) retrieved from /home/airflow/.local/lib/python3.7/site-packages/airflow/example_dags/tutorial_dag.py
[2023-06-03T20:58:40.656+0000] {logging_mixin.py:149} INFO - [2023-06-03T20:58:40.656+0000] {dag.py:2726} INFO - Sync 1 DAGs
[2023-06-03T20:58:40.673+0000] {logging_mixin.py:149} INFO - [2023-06-03T20:58:40.672+0000] {dag.py:3490} INFO - Setting next_dagrun for tutorial_dag to None, run_after=None
[2023-06-03T20:58:40.690+0000] {processor.py:179} INFO - Processing /home/airflow/.local/lib/python3.7/site-packages/airflow/example_dags/tutorial_dag.py took 0.064 seconds
[2023-06-03T20:59:10.932+0000] {processor.py:157} INFO - Started process (PID=16986) to work on /home/airflow/.local/lib/python3.7/site-packages/airflow/example_dags/tutorial_dag.py
[2023-06-03T20:59:10.933+0000] {processor.py:826} INFO - Processing file /home/airflow/.local/lib/python3.7/site-packages/airflow/example_dags/tutorial_dag.py for tasks to queue
[2023-06-03T20:59:10.934+0000] {logging_mixin.py:149} INFO - [2023-06-03T20:59:10.934+0000] {dagbag.py:541} INFO - Filling up the DagBag from /home/airflow/.local/lib/python3.7/site-packages/airflow/example_dags/tutorial_dag.py
[2023-06-03T20:59:10.938+0000] {processor.py:836} INFO - DAG(s) dict_keys(['tutorial_dag']) retrieved from /home/airflow/.local/lib/python3.7/site-packages/airflow/example_dags/tutorial_dag.py
[2023-06-03T20:59:10.954+0000] {logging_mixin.py:149} INFO - [2023-06-03T20:59:10.954+0000] {dag.py:2726} INFO - Sync 1 DAGs
[2023-06-03T20:59:10.972+0000] {logging_mixin.py:149} INFO - [2023-06-03T20:59:10.972+0000] {dag.py:3490} INFO - Setting next_dagrun for tutorial_dag to None, run_after=None
[2023-06-03T20:59:10.990+0000] {processor.py:179} INFO - Processing /home/airflow/.local/lib/python3.7/site-packages/airflow/example_dags/tutorial_dag.py took 0.060 seconds
[2023-06-03T20:59:41.861+0000] {processor.py:157} INFO - Started process (PID=17238) to work on /home/airflow/.local/lib/python3.7/site-packages/airflow/example_dags/tutorial_dag.py
[2023-06-03T20:59:41.865+0000] {processor.py:826} INFO - Processing file /home/airflow/.local/lib/python3.7/site-packages/airflow/example_dags/tutorial_dag.py for tasks to queue
[2023-06-03T20:59:41.866+0000] {logging_mixin.py:149} INFO - [2023-06-03T20:59:41.866+0000] {dagbag.py:541} INFO - Filling up the DagBag from /home/airflow/.local/lib/python3.7/site-packages/airflow/example_dags/tutorial_dag.py
[2023-06-03T20:59:41.871+0000] {processor.py:836} INFO - DAG(s) dict_keys(['tutorial_dag']) retrieved from /home/airflow/.local/lib/python3.7/site-packages/airflow/example_dags/tutorial_dag.py
[2023-06-03T20:59:41.899+0000] {logging_mixin.py:149} INFO - [2023-06-03T20:59:41.899+0000] {dag.py:2726} INFO - Sync 1 DAGs
[2023-06-03T20:59:41.917+0000] {logging_mixin.py:149} INFO - [2023-06-03T20:59:41.917+0000] {dag.py:3490} INFO - Setting next_dagrun for tutorial_dag to None, run_after=None
[2023-06-03T20:59:41.933+0000] {processor.py:179} INFO - Processing /home/airflow/.local/lib/python3.7/site-packages/airflow/example_dags/tutorial_dag.py took 0.076 seconds
[2023-06-03T21:00:12.893+0000] {processor.py:157} INFO - Started process (PID=17490) to work on /home/airflow/.local/lib/python3.7/site-packages/airflow/example_dags/tutorial_dag.py
[2023-06-03T21:00:12.894+0000] {processor.py:826} INFO - Processing file /home/airflow/.local/lib/python3.7/site-packages/airflow/example_dags/tutorial_dag.py for tasks to queue
[2023-06-03T21:00:12.895+0000] {logging_mixin.py:149} INFO - [2023-06-03T21:00:12.895+0000] {dagbag.py:541} INFO - Filling up the DagBag from /home/airflow/.local/lib/python3.7/site-packages/airflow/example_dags/tutorial_dag.py
[2023-06-03T21:00:12.899+0000] {processor.py:836} INFO - DAG(s) dict_keys(['tutorial_dag']) retrieved from /home/airflow/.local/lib/python3.7/site-packages/airflow/example_dags/tutorial_dag.py
[2023-06-03T21:00:12.915+0000] {logging_mixin.py:149} INFO - [2023-06-03T21:00:12.915+0000] {dag.py:2726} INFO - Sync 1 DAGs
[2023-06-03T21:00:12.934+0000] {logging_mixin.py:149} INFO - [2023-06-03T21:00:12.934+0000] {dag.py:3490} INFO - Setting next_dagrun for tutorial_dag to None, run_after=None
[2023-06-03T21:00:12.952+0000] {processor.py:179} INFO - Processing /home/airflow/.local/lib/python3.7/site-packages/airflow/example_dags/tutorial_dag.py took 0.061 seconds
[2023-06-03T21:00:43.258+0000] {processor.py:157} INFO - Started process (PID=17740) to work on /home/airflow/.local/lib/python3.7/site-packages/airflow/example_dags/tutorial_dag.py
[2023-06-03T21:00:43.260+0000] {processor.py:826} INFO - Processing file /home/airflow/.local/lib/python3.7/site-packages/airflow/example_dags/tutorial_dag.py for tasks to queue
[2023-06-03T21:00:43.261+0000] {logging_mixin.py:149} INFO - [2023-06-03T21:00:43.261+0000] {dagbag.py:541} INFO - Filling up the DagBag from /home/airflow/.local/lib/python3.7/site-packages/airflow/example_dags/tutorial_dag.py
[2023-06-03T21:00:43.270+0000] {processor.py:836} INFO - DAG(s) dict_keys(['tutorial_dag']) retrieved from /home/airflow/.local/lib/python3.7/site-packages/airflow/example_dags/tutorial_dag.py
[2023-06-03T21:00:43.307+0000] {logging_mixin.py:149} INFO - [2023-06-03T21:00:43.306+0000] {dag.py:2726} INFO - Sync 1 DAGs
[2023-06-03T21:00:43.337+0000] {logging_mixin.py:149} INFO - [2023-06-03T21:00:43.337+0000] {dag.py:3490} INFO - Setting next_dagrun for tutorial_dag to None, run_after=None
[2023-06-03T21:00:43.362+0000] {processor.py:179} INFO - Processing /home/airflow/.local/lib/python3.7/site-packages/airflow/example_dags/tutorial_dag.py took 0.107 seconds
