[2023-06-03T20:25:44.371+0000] {processor.py:157} INFO - Started process (PID=327) to work on /home/airflow/.local/lib/python3.7/site-packages/airflow/example_dags/tutorial_taskflow_api.py
[2023-06-03T20:25:44.373+0000] {processor.py:826} INFO - Processing file /home/airflow/.local/lib/python3.7/site-packages/airflow/example_dags/tutorial_taskflow_api.py for tasks to queue
[2023-06-03T20:25:44.374+0000] {logging_mixin.py:149} INFO - [2023-06-03T20:25:44.374+0000] {dagbag.py:541} INFO - Filling up the DagBag from /home/airflow/.local/lib/python3.7/site-packages/airflow/example_dags/tutorial_taskflow_api.py
[2023-06-03T20:25:44.379+0000] {processor.py:836} INFO - DAG(s) dict_keys(['tutorial_taskflow_api']) retrieved from /home/airflow/.local/lib/python3.7/site-packages/airflow/example_dags/tutorial_taskflow_api.py
[2023-06-03T20:25:44.389+0000] {logging_mixin.py:149} INFO - [2023-06-03T20:25:44.389+0000] {dag.py:2726} INFO - Sync 1 DAGs
[2023-06-03T20:25:44.407+0000] {logging_mixin.py:149} INFO - [2023-06-03T20:25:44.407+0000] {dag.py:3490} INFO - Setting next_dagrun for tutorial_taskflow_api to None, run_after=None
[2023-06-03T20:25:44.421+0000] {processor.py:179} INFO - Processing /home/airflow/.local/lib/python3.7/site-packages/airflow/example_dags/tutorial_taskflow_api.py took 0.051 seconds
[2023-06-03T20:26:15.188+0000] {processor.py:157} INFO - Started process (PID=579) to work on /home/airflow/.local/lib/python3.7/site-packages/airflow/example_dags/tutorial_taskflow_api.py
[2023-06-03T20:26:15.189+0000] {processor.py:826} INFO - Processing file /home/airflow/.local/lib/python3.7/site-packages/airflow/example_dags/tutorial_taskflow_api.py for tasks to queue
[2023-06-03T20:26:15.190+0000] {logging_mixin.py:149} INFO - [2023-06-03T20:26:15.190+0000] {dagbag.py:541} INFO - Filling up the DagBag from /home/airflow/.local/lib/python3.7/site-packages/airflow/example_dags/tutorial_taskflow_api.py
[2023-06-03T20:26:15.196+0000] {processor.py:836} INFO - DAG(s) dict_keys(['tutorial_taskflow_api']) retrieved from /home/airflow/.local/lib/python3.7/site-packages/airflow/example_dags/tutorial_taskflow_api.py
[2023-06-03T20:26:15.285+0000] {logging_mixin.py:149} INFO - [2023-06-03T20:26:15.285+0000] {dag.py:2726} INFO - Sync 1 DAGs
[2023-06-03T20:26:15.305+0000] {logging_mixin.py:149} INFO - [2023-06-03T20:26:15.305+0000] {dag.py:3490} INFO - Setting next_dagrun for tutorial_taskflow_api to None, run_after=None
[2023-06-03T20:26:15.319+0000] {processor.py:179} INFO - Processing /home/airflow/.local/lib/python3.7/site-packages/airflow/example_dags/tutorial_taskflow_api.py took 0.133 seconds
[2023-06-03T20:26:45.782+0000] {processor.py:157} INFO - Started process (PID=833) to work on /home/airflow/.local/lib/python3.7/site-packages/airflow/example_dags/tutorial_taskflow_api.py
[2023-06-03T20:26:45.784+0000] {processor.py:826} INFO - Processing file /home/airflow/.local/lib/python3.7/site-packages/airflow/example_dags/tutorial_taskflow_api.py for tasks to queue
[2023-06-03T20:26:45.785+0000] {logging_mixin.py:149} INFO - [2023-06-03T20:26:45.785+0000] {dagbag.py:541} INFO - Filling up the DagBag from /home/airflow/.local/lib/python3.7/site-packages/airflow/example_dags/tutorial_taskflow_api.py
[2023-06-03T20:26:45.790+0000] {processor.py:836} INFO - DAG(s) dict_keys(['tutorial_taskflow_api']) retrieved from /home/airflow/.local/lib/python3.7/site-packages/airflow/example_dags/tutorial_taskflow_api.py
[2023-06-03T20:26:45.808+0000] {logging_mixin.py:149} INFO - [2023-06-03T20:26:45.808+0000] {dag.py:2726} INFO - Sync 1 DAGs
[2023-06-03T20:26:45.826+0000] {logging_mixin.py:149} INFO - [2023-06-03T20:26:45.826+0000] {dag.py:3490} INFO - Setting next_dagrun for tutorial_taskflow_api to None, run_after=None
[2023-06-03T20:26:45.844+0000] {processor.py:179} INFO - Processing /home/airflow/.local/lib/python3.7/site-packages/airflow/example_dags/tutorial_taskflow_api.py took 0.065 seconds
[2023-06-03T20:27:16.204+0000] {processor.py:157} INFO - Started process (PID=1083) to work on /home/airflow/.local/lib/python3.7/site-packages/airflow/example_dags/tutorial_taskflow_api.py
[2023-06-03T20:27:16.205+0000] {processor.py:826} INFO - Processing file /home/airflow/.local/lib/python3.7/site-packages/airflow/example_dags/tutorial_taskflow_api.py for tasks to queue
[2023-06-03T20:27:16.206+0000] {logging_mixin.py:149} INFO - [2023-06-03T20:27:16.206+0000] {dagbag.py:541} INFO - Filling up the DagBag from /home/airflow/.local/lib/python3.7/site-packages/airflow/example_dags/tutorial_taskflow_api.py
[2023-06-03T20:27:16.212+0000] {processor.py:836} INFO - DAG(s) dict_keys(['tutorial_taskflow_api']) retrieved from /home/airflow/.local/lib/python3.7/site-packages/airflow/example_dags/tutorial_taskflow_api.py
[2023-06-03T20:27:16.235+0000] {logging_mixin.py:149} INFO - [2023-06-03T20:27:16.234+0000] {dag.py:2726} INFO - Sync 1 DAGs
[2023-06-03T20:27:16.254+0000] {logging_mixin.py:149} INFO - [2023-06-03T20:27:16.254+0000] {dag.py:3490} INFO - Setting next_dagrun for tutorial_taskflow_api to None, run_after=None
[2023-06-03T20:27:16.272+0000] {processor.py:179} INFO - Processing /home/airflow/.local/lib/python3.7/site-packages/airflow/example_dags/tutorial_taskflow_api.py took 0.071 seconds
[2023-06-03T20:27:47.265+0000] {processor.py:157} INFO - Started process (PID=1335) to work on /home/airflow/.local/lib/python3.7/site-packages/airflow/example_dags/tutorial_taskflow_api.py
[2023-06-03T20:27:47.266+0000] {processor.py:826} INFO - Processing file /home/airflow/.local/lib/python3.7/site-packages/airflow/example_dags/tutorial_taskflow_api.py for tasks to queue
[2023-06-03T20:27:47.267+0000] {logging_mixin.py:149} INFO - [2023-06-03T20:27:47.267+0000] {dagbag.py:541} INFO - Filling up the DagBag from /home/airflow/.local/lib/python3.7/site-packages/airflow/example_dags/tutorial_taskflow_api.py
[2023-06-03T20:27:47.271+0000] {processor.py:836} INFO - DAG(s) dict_keys(['tutorial_taskflow_api']) retrieved from /home/airflow/.local/lib/python3.7/site-packages/airflow/example_dags/tutorial_taskflow_api.py
[2023-06-03T20:27:47.290+0000] {logging_mixin.py:149} INFO - [2023-06-03T20:27:47.290+0000] {dag.py:2726} INFO - Sync 1 DAGs
[2023-06-03T20:27:47.307+0000] {logging_mixin.py:149} INFO - [2023-06-03T20:27:47.306+0000] {dag.py:3490} INFO - Setting next_dagrun for tutorial_taskflow_api to None, run_after=None
[2023-06-03T20:27:47.323+0000] {processor.py:179} INFO - Processing /home/airflow/.local/lib/python3.7/site-packages/airflow/example_dags/tutorial_taskflow_api.py took 0.060 seconds
[2023-06-03T20:28:17.811+0000] {processor.py:157} INFO - Started process (PID=1588) to work on /home/airflow/.local/lib/python3.7/site-packages/airflow/example_dags/tutorial_taskflow_api.py
[2023-06-03T20:28:17.813+0000] {processor.py:826} INFO - Processing file /home/airflow/.local/lib/python3.7/site-packages/airflow/example_dags/tutorial_taskflow_api.py for tasks to queue
[2023-06-03T20:28:17.814+0000] {logging_mixin.py:149} INFO - [2023-06-03T20:28:17.814+0000] {dagbag.py:541} INFO - Filling up the DagBag from /home/airflow/.local/lib/python3.7/site-packages/airflow/example_dags/tutorial_taskflow_api.py
[2023-06-03T20:28:17.818+0000] {processor.py:836} INFO - DAG(s) dict_keys(['tutorial_taskflow_api']) retrieved from /home/airflow/.local/lib/python3.7/site-packages/airflow/example_dags/tutorial_taskflow_api.py
[2023-06-03T20:28:17.836+0000] {logging_mixin.py:149} INFO - [2023-06-03T20:28:17.835+0000] {dag.py:2726} INFO - Sync 1 DAGs
[2023-06-03T20:28:17.853+0000] {logging_mixin.py:149} INFO - [2023-06-03T20:28:17.853+0000] {dag.py:3490} INFO - Setting next_dagrun for tutorial_taskflow_api to None, run_after=None
[2023-06-03T20:28:17.871+0000] {processor.py:179} INFO - Processing /home/airflow/.local/lib/python3.7/site-packages/airflow/example_dags/tutorial_taskflow_api.py took 0.062 seconds
[2023-06-03T20:28:47.977+0000] {processor.py:157} INFO - Started process (PID=1840) to work on /home/airflow/.local/lib/python3.7/site-packages/airflow/example_dags/tutorial_taskflow_api.py
[2023-06-03T20:28:47.978+0000] {processor.py:826} INFO - Processing file /home/airflow/.local/lib/python3.7/site-packages/airflow/example_dags/tutorial_taskflow_api.py for tasks to queue
[2023-06-03T20:28:47.979+0000] {logging_mixin.py:149} INFO - [2023-06-03T20:28:47.979+0000] {dagbag.py:541} INFO - Filling up the DagBag from /home/airflow/.local/lib/python3.7/site-packages/airflow/example_dags/tutorial_taskflow_api.py
[2023-06-03T20:28:47.983+0000] {processor.py:836} INFO - DAG(s) dict_keys(['tutorial_taskflow_api']) retrieved from /home/airflow/.local/lib/python3.7/site-packages/airflow/example_dags/tutorial_taskflow_api.py
[2023-06-03T20:28:47.999+0000] {logging_mixin.py:149} INFO - [2023-06-03T20:28:47.999+0000] {dag.py:2726} INFO - Sync 1 DAGs
[2023-06-03T20:28:48.016+0000] {logging_mixin.py:149} INFO - [2023-06-03T20:28:48.016+0000] {dag.py:3490} INFO - Setting next_dagrun for tutorial_taskflow_api to None, run_after=None
[2023-06-03T20:28:48.033+0000] {processor.py:179} INFO - Processing /home/airflow/.local/lib/python3.7/site-packages/airflow/example_dags/tutorial_taskflow_api.py took 0.059 seconds
[2023-06-03T20:29:18.405+0000] {processor.py:157} INFO - Started process (PID=2092) to work on /home/airflow/.local/lib/python3.7/site-packages/airflow/example_dags/tutorial_taskflow_api.py
[2023-06-03T20:29:18.407+0000] {processor.py:826} INFO - Processing file /home/airflow/.local/lib/python3.7/site-packages/airflow/example_dags/tutorial_taskflow_api.py for tasks to queue
[2023-06-03T20:29:18.408+0000] {logging_mixin.py:149} INFO - [2023-06-03T20:29:18.408+0000] {dagbag.py:541} INFO - Filling up the DagBag from /home/airflow/.local/lib/python3.7/site-packages/airflow/example_dags/tutorial_taskflow_api.py
[2023-06-03T20:29:18.413+0000] {processor.py:836} INFO - DAG(s) dict_keys(['tutorial_taskflow_api']) retrieved from /home/airflow/.local/lib/python3.7/site-packages/airflow/example_dags/tutorial_taskflow_api.py
[2023-06-03T20:29:18.430+0000] {logging_mixin.py:149} INFO - [2023-06-03T20:29:18.430+0000] {dag.py:2726} INFO - Sync 1 DAGs
[2023-06-03T20:29:18.447+0000] {logging_mixin.py:149} INFO - [2023-06-03T20:29:18.447+0000] {dag.py:3490} INFO - Setting next_dagrun for tutorial_taskflow_api to None, run_after=None
[2023-06-03T20:29:18.463+0000] {processor.py:179} INFO - Processing /home/airflow/.local/lib/python3.7/site-packages/airflow/example_dags/tutorial_taskflow_api.py took 0.060 seconds
[2023-06-03T20:29:48.628+0000] {processor.py:157} INFO - Started process (PID=2344) to work on /home/airflow/.local/lib/python3.7/site-packages/airflow/example_dags/tutorial_taskflow_api.py
[2023-06-03T20:29:48.629+0000] {processor.py:826} INFO - Processing file /home/airflow/.local/lib/python3.7/site-packages/airflow/example_dags/tutorial_taskflow_api.py for tasks to queue
[2023-06-03T20:29:48.630+0000] {logging_mixin.py:149} INFO - [2023-06-03T20:29:48.630+0000] {dagbag.py:541} INFO - Filling up the DagBag from /home/airflow/.local/lib/python3.7/site-packages/airflow/example_dags/tutorial_taskflow_api.py
[2023-06-03T20:29:48.634+0000] {processor.py:836} INFO - DAG(s) dict_keys(['tutorial_taskflow_api']) retrieved from /home/airflow/.local/lib/python3.7/site-packages/airflow/example_dags/tutorial_taskflow_api.py
[2023-06-03T20:29:48.652+0000] {logging_mixin.py:149} INFO - [2023-06-03T20:29:48.652+0000] {dag.py:2726} INFO - Sync 1 DAGs
[2023-06-03T20:29:48.669+0000] {logging_mixin.py:149} INFO - [2023-06-03T20:29:48.669+0000] {dag.py:3490} INFO - Setting next_dagrun for tutorial_taskflow_api to None, run_after=None
[2023-06-03T20:29:48.685+0000] {processor.py:179} INFO - Processing /home/airflow/.local/lib/python3.7/site-packages/airflow/example_dags/tutorial_taskflow_api.py took 0.059 seconds
[2023-06-03T20:30:19.548+0000] {processor.py:157} INFO - Started process (PID=2598) to work on /home/airflow/.local/lib/python3.7/site-packages/airflow/example_dags/tutorial_taskflow_api.py
[2023-06-03T20:30:19.549+0000] {processor.py:826} INFO - Processing file /home/airflow/.local/lib/python3.7/site-packages/airflow/example_dags/tutorial_taskflow_api.py for tasks to queue
[2023-06-03T20:30:19.550+0000] {logging_mixin.py:149} INFO - [2023-06-03T20:30:19.550+0000] {dagbag.py:541} INFO - Filling up the DagBag from /home/airflow/.local/lib/python3.7/site-packages/airflow/example_dags/tutorial_taskflow_api.py
[2023-06-03T20:30:19.556+0000] {processor.py:836} INFO - DAG(s) dict_keys(['tutorial_taskflow_api']) retrieved from /home/airflow/.local/lib/python3.7/site-packages/airflow/example_dags/tutorial_taskflow_api.py
[2023-06-03T20:30:19.576+0000] {logging_mixin.py:149} INFO - [2023-06-03T20:30:19.576+0000] {dag.py:2726} INFO - Sync 1 DAGs
[2023-06-03T20:30:19.593+0000] {logging_mixin.py:149} INFO - [2023-06-03T20:30:19.593+0000] {dag.py:3490} INFO - Setting next_dagrun for tutorial_taskflow_api to None, run_after=None
[2023-06-03T20:30:19.609+0000] {processor.py:179} INFO - Processing /home/airflow/.local/lib/python3.7/site-packages/airflow/example_dags/tutorial_taskflow_api.py took 0.064 seconds
[2023-06-03T20:30:50.063+0000] {processor.py:157} INFO - Started process (PID=2848) to work on /home/airflow/.local/lib/python3.7/site-packages/airflow/example_dags/tutorial_taskflow_api.py
[2023-06-03T20:30:50.066+0000] {processor.py:826} INFO - Processing file /home/airflow/.local/lib/python3.7/site-packages/airflow/example_dags/tutorial_taskflow_api.py for tasks to queue
[2023-06-03T20:30:50.067+0000] {logging_mixin.py:149} INFO - [2023-06-03T20:30:50.067+0000] {dagbag.py:541} INFO - Filling up the DagBag from /home/airflow/.local/lib/python3.7/site-packages/airflow/example_dags/tutorial_taskflow_api.py
[2023-06-03T20:30:50.071+0000] {processor.py:836} INFO - DAG(s) dict_keys(['tutorial_taskflow_api']) retrieved from /home/airflow/.local/lib/python3.7/site-packages/airflow/example_dags/tutorial_taskflow_api.py
[2023-06-03T20:30:50.093+0000] {logging_mixin.py:149} INFO - [2023-06-03T20:30:50.093+0000] {dag.py:2726} INFO - Sync 1 DAGs
[2023-06-03T20:30:50.114+0000] {logging_mixin.py:149} INFO - [2023-06-03T20:30:50.114+0000] {dag.py:3490} INFO - Setting next_dagrun for tutorial_taskflow_api to None, run_after=None
[2023-06-03T20:30:50.132+0000] {processor.py:179} INFO - Processing /home/airflow/.local/lib/python3.7/site-packages/airflow/example_dags/tutorial_taskflow_api.py took 0.071 seconds
[2023-06-03T20:31:20.394+0000] {processor.py:157} INFO - Started process (PID=3100) to work on /home/airflow/.local/lib/python3.7/site-packages/airflow/example_dags/tutorial_taskflow_api.py
[2023-06-03T20:31:20.395+0000] {processor.py:826} INFO - Processing file /home/airflow/.local/lib/python3.7/site-packages/airflow/example_dags/tutorial_taskflow_api.py for tasks to queue
[2023-06-03T20:31:20.396+0000] {logging_mixin.py:149} INFO - [2023-06-03T20:31:20.396+0000] {dagbag.py:541} INFO - Filling up the DagBag from /home/airflow/.local/lib/python3.7/site-packages/airflow/example_dags/tutorial_taskflow_api.py
[2023-06-03T20:31:20.401+0000] {processor.py:836} INFO - DAG(s) dict_keys(['tutorial_taskflow_api']) retrieved from /home/airflow/.local/lib/python3.7/site-packages/airflow/example_dags/tutorial_taskflow_api.py
[2023-06-03T20:31:20.420+0000] {logging_mixin.py:149} INFO - [2023-06-03T20:31:20.420+0000] {dag.py:2726} INFO - Sync 1 DAGs
[2023-06-03T20:31:20.439+0000] {logging_mixin.py:149} INFO - [2023-06-03T20:31:20.439+0000] {dag.py:3490} INFO - Setting next_dagrun for tutorial_taskflow_api to None, run_after=None
[2023-06-03T20:31:20.455+0000] {processor.py:179} INFO - Processing /home/airflow/.local/lib/python3.7/site-packages/airflow/example_dags/tutorial_taskflow_api.py took 0.064 seconds
[2023-06-03T20:31:50.681+0000] {processor.py:157} INFO - Started process (PID=3352) to work on /home/airflow/.local/lib/python3.7/site-packages/airflow/example_dags/tutorial_taskflow_api.py
[2023-06-03T20:31:50.682+0000] {processor.py:826} INFO - Processing file /home/airflow/.local/lib/python3.7/site-packages/airflow/example_dags/tutorial_taskflow_api.py for tasks to queue
[2023-06-03T20:31:50.683+0000] {logging_mixin.py:149} INFO - [2023-06-03T20:31:50.683+0000] {dagbag.py:541} INFO - Filling up the DagBag from /home/airflow/.local/lib/python3.7/site-packages/airflow/example_dags/tutorial_taskflow_api.py
[2023-06-03T20:31:50.687+0000] {processor.py:836} INFO - DAG(s) dict_keys(['tutorial_taskflow_api']) retrieved from /home/airflow/.local/lib/python3.7/site-packages/airflow/example_dags/tutorial_taskflow_api.py
[2023-06-03T20:31:50.703+0000] {logging_mixin.py:149} INFO - [2023-06-03T20:31:50.703+0000] {dag.py:2726} INFO - Sync 1 DAGs
[2023-06-03T20:31:50.719+0000] {logging_mixin.py:149} INFO - [2023-06-03T20:31:50.718+0000] {dag.py:3490} INFO - Setting next_dagrun for tutorial_taskflow_api to None, run_after=None
[2023-06-03T20:31:50.734+0000] {processor.py:179} INFO - Processing /home/airflow/.local/lib/python3.7/site-packages/airflow/example_dags/tutorial_taskflow_api.py took 0.056 seconds
[2023-06-03T20:32:21.005+0000] {processor.py:157} INFO - Started process (PID=3742) to work on /home/airflow/.local/lib/python3.7/site-packages/airflow/example_dags/tutorial_taskflow_api.py
[2023-06-03T20:32:21.012+0000] {processor.py:826} INFO - Processing file /home/airflow/.local/lib/python3.7/site-packages/airflow/example_dags/tutorial_taskflow_api.py for tasks to queue
[2023-06-03T20:32:21.015+0000] {logging_mixin.py:149} INFO - [2023-06-03T20:32:21.015+0000] {dagbag.py:541} INFO - Filling up the DagBag from /home/airflow/.local/lib/python3.7/site-packages/airflow/example_dags/tutorial_taskflow_api.py
[2023-06-03T20:32:21.020+0000] {processor.py:836} INFO - DAG(s) dict_keys(['tutorial_taskflow_api']) retrieved from /home/airflow/.local/lib/python3.7/site-packages/airflow/example_dags/tutorial_taskflow_api.py
[2023-06-03T20:32:21.037+0000] {logging_mixin.py:149} INFO - [2023-06-03T20:32:21.037+0000] {dag.py:2726} INFO - Sync 1 DAGs
[2023-06-03T20:32:21.054+0000] {logging_mixin.py:149} INFO - [2023-06-03T20:32:21.054+0000] {dag.py:3490} INFO - Setting next_dagrun for tutorial_taskflow_api to None, run_after=None
[2023-06-03T20:32:21.075+0000] {processor.py:179} INFO - Processing /home/airflow/.local/lib/python3.7/site-packages/airflow/example_dags/tutorial_taskflow_api.py took 0.072 seconds
[2023-06-03T20:32:52.121+0000] {processor.py:157} INFO - Started process (PID=3994) to work on /home/airflow/.local/lib/python3.7/site-packages/airflow/example_dags/tutorial_taskflow_api.py
[2023-06-03T20:32:52.122+0000] {processor.py:826} INFO - Processing file /home/airflow/.local/lib/python3.7/site-packages/airflow/example_dags/tutorial_taskflow_api.py for tasks to queue
[2023-06-03T20:32:52.124+0000] {logging_mixin.py:149} INFO - [2023-06-03T20:32:52.124+0000] {dagbag.py:541} INFO - Filling up the DagBag from /home/airflow/.local/lib/python3.7/site-packages/airflow/example_dags/tutorial_taskflow_api.py
[2023-06-03T20:32:52.128+0000] {processor.py:836} INFO - DAG(s) dict_keys(['tutorial_taskflow_api']) retrieved from /home/airflow/.local/lib/python3.7/site-packages/airflow/example_dags/tutorial_taskflow_api.py
[2023-06-03T20:32:52.146+0000] {logging_mixin.py:149} INFO - [2023-06-03T20:32:52.145+0000] {dag.py:2726} INFO - Sync 1 DAGs
[2023-06-03T20:32:52.163+0000] {logging_mixin.py:149} INFO - [2023-06-03T20:32:52.163+0000] {dag.py:3490} INFO - Setting next_dagrun for tutorial_taskflow_api to None, run_after=None
[2023-06-03T20:32:52.179+0000] {processor.py:179} INFO - Processing /home/airflow/.local/lib/python3.7/site-packages/airflow/example_dags/tutorial_taskflow_api.py took 0.060 seconds
[2023-06-03T20:33:22.718+0000] {processor.py:157} INFO - Started process (PID=4248) to work on /home/airflow/.local/lib/python3.7/site-packages/airflow/example_dags/tutorial_taskflow_api.py
[2023-06-03T20:33:22.720+0000] {processor.py:826} INFO - Processing file /home/airflow/.local/lib/python3.7/site-packages/airflow/example_dags/tutorial_taskflow_api.py for tasks to queue
[2023-06-03T20:33:22.720+0000] {logging_mixin.py:149} INFO - [2023-06-03T20:33:22.720+0000] {dagbag.py:541} INFO - Filling up the DagBag from /home/airflow/.local/lib/python3.7/site-packages/airflow/example_dags/tutorial_taskflow_api.py
[2023-06-03T20:33:22.725+0000] {processor.py:836} INFO - DAG(s) dict_keys(['tutorial_taskflow_api']) retrieved from /home/airflow/.local/lib/python3.7/site-packages/airflow/example_dags/tutorial_taskflow_api.py
[2023-06-03T20:33:22.745+0000] {logging_mixin.py:149} INFO - [2023-06-03T20:33:22.745+0000] {dag.py:2726} INFO - Sync 1 DAGs
[2023-06-03T20:33:22.765+0000] {logging_mixin.py:149} INFO - [2023-06-03T20:33:22.765+0000] {dag.py:3490} INFO - Setting next_dagrun for tutorial_taskflow_api to None, run_after=None
[2023-06-03T20:33:22.810+0000] {processor.py:179} INFO - Processing /home/airflow/.local/lib/python3.7/site-packages/airflow/example_dags/tutorial_taskflow_api.py took 0.094 seconds
[2023-06-03T20:33:53.474+0000] {processor.py:157} INFO - Started process (PID=4498) to work on /home/airflow/.local/lib/python3.7/site-packages/airflow/example_dags/tutorial_taskflow_api.py
[2023-06-03T20:33:53.475+0000] {processor.py:826} INFO - Processing file /home/airflow/.local/lib/python3.7/site-packages/airflow/example_dags/tutorial_taskflow_api.py for tasks to queue
[2023-06-03T20:33:53.477+0000] {logging_mixin.py:149} INFO - [2023-06-03T20:33:53.477+0000] {dagbag.py:541} INFO - Filling up the DagBag from /home/airflow/.local/lib/python3.7/site-packages/airflow/example_dags/tutorial_taskflow_api.py
[2023-06-03T20:33:53.482+0000] {processor.py:836} INFO - DAG(s) dict_keys(['tutorial_taskflow_api']) retrieved from /home/airflow/.local/lib/python3.7/site-packages/airflow/example_dags/tutorial_taskflow_api.py
[2023-06-03T20:33:53.499+0000] {logging_mixin.py:149} INFO - [2023-06-03T20:33:53.499+0000] {dag.py:2726} INFO - Sync 1 DAGs
[2023-06-03T20:33:53.516+0000] {logging_mixin.py:149} INFO - [2023-06-03T20:33:53.516+0000] {dag.py:3490} INFO - Setting next_dagrun for tutorial_taskflow_api to None, run_after=None
[2023-06-03T20:33:53.531+0000] {processor.py:179} INFO - Processing /home/airflow/.local/lib/python3.7/site-packages/airflow/example_dags/tutorial_taskflow_api.py took 0.060 seconds
[2023-06-03T20:34:23.934+0000] {processor.py:157} INFO - Started process (PID=4750) to work on /home/airflow/.local/lib/python3.7/site-packages/airflow/example_dags/tutorial_taskflow_api.py
[2023-06-03T20:34:23.935+0000] {processor.py:826} INFO - Processing file /home/airflow/.local/lib/python3.7/site-packages/airflow/example_dags/tutorial_taskflow_api.py for tasks to queue
[2023-06-03T20:34:23.936+0000] {logging_mixin.py:149} INFO - [2023-06-03T20:34:23.936+0000] {dagbag.py:541} INFO - Filling up the DagBag from /home/airflow/.local/lib/python3.7/site-packages/airflow/example_dags/tutorial_taskflow_api.py
[2023-06-03T20:34:23.940+0000] {processor.py:836} INFO - DAG(s) dict_keys(['tutorial_taskflow_api']) retrieved from /home/airflow/.local/lib/python3.7/site-packages/airflow/example_dags/tutorial_taskflow_api.py
[2023-06-03T20:34:23.957+0000] {logging_mixin.py:149} INFO - [2023-06-03T20:34:23.957+0000] {dag.py:2726} INFO - Sync 1 DAGs
[2023-06-03T20:34:23.973+0000] {logging_mixin.py:149} INFO - [2023-06-03T20:34:23.973+0000] {dag.py:3490} INFO - Setting next_dagrun for tutorial_taskflow_api to None, run_after=None
[2023-06-03T20:34:23.991+0000] {processor.py:179} INFO - Processing /home/airflow/.local/lib/python3.7/site-packages/airflow/example_dags/tutorial_taskflow_api.py took 0.059 seconds
[2023-06-03T20:34:54.314+0000] {processor.py:157} INFO - Started process (PID=5002) to work on /home/airflow/.local/lib/python3.7/site-packages/airflow/example_dags/tutorial_taskflow_api.py
[2023-06-03T20:34:54.316+0000] {processor.py:826} INFO - Processing file /home/airflow/.local/lib/python3.7/site-packages/airflow/example_dags/tutorial_taskflow_api.py for tasks to queue
[2023-06-03T20:34:54.317+0000] {logging_mixin.py:149} INFO - [2023-06-03T20:34:54.317+0000] {dagbag.py:541} INFO - Filling up the DagBag from /home/airflow/.local/lib/python3.7/site-packages/airflow/example_dags/tutorial_taskflow_api.py
[2023-06-03T20:34:54.321+0000] {processor.py:836} INFO - DAG(s) dict_keys(['tutorial_taskflow_api']) retrieved from /home/airflow/.local/lib/python3.7/site-packages/airflow/example_dags/tutorial_taskflow_api.py
[2023-06-03T20:34:54.340+0000] {logging_mixin.py:149} INFO - [2023-06-03T20:34:54.340+0000] {dag.py:2726} INFO - Sync 1 DAGs
[2023-06-03T20:34:54.361+0000] {logging_mixin.py:149} INFO - [2023-06-03T20:34:54.361+0000] {dag.py:3490} INFO - Setting next_dagrun for tutorial_taskflow_api to None, run_after=None
[2023-06-03T20:34:54.379+0000] {processor.py:179} INFO - Processing /home/airflow/.local/lib/python3.7/site-packages/airflow/example_dags/tutorial_taskflow_api.py took 0.068 seconds
[2023-06-03T20:35:24.749+0000] {processor.py:157} INFO - Started process (PID=5254) to work on /home/airflow/.local/lib/python3.7/site-packages/airflow/example_dags/tutorial_taskflow_api.py
[2023-06-03T20:35:24.750+0000] {processor.py:826} INFO - Processing file /home/airflow/.local/lib/python3.7/site-packages/airflow/example_dags/tutorial_taskflow_api.py for tasks to queue
[2023-06-03T20:35:24.751+0000] {logging_mixin.py:149} INFO - [2023-06-03T20:35:24.751+0000] {dagbag.py:541} INFO - Filling up the DagBag from /home/airflow/.local/lib/python3.7/site-packages/airflow/example_dags/tutorial_taskflow_api.py
[2023-06-03T20:35:24.755+0000] {processor.py:836} INFO - DAG(s) dict_keys(['tutorial_taskflow_api']) retrieved from /home/airflow/.local/lib/python3.7/site-packages/airflow/example_dags/tutorial_taskflow_api.py
[2023-06-03T20:35:24.772+0000] {logging_mixin.py:149} INFO - [2023-06-03T20:35:24.772+0000] {dag.py:2726} INFO - Sync 1 DAGs
[2023-06-03T20:35:24.789+0000] {logging_mixin.py:149} INFO - [2023-06-03T20:35:24.789+0000] {dag.py:3490} INFO - Setting next_dagrun for tutorial_taskflow_api to None, run_after=None
[2023-06-03T20:35:24.804+0000] {processor.py:179} INFO - Processing /home/airflow/.local/lib/python3.7/site-packages/airflow/example_dags/tutorial_taskflow_api.py took 0.057 seconds
[2023-06-03T20:35:55.710+0000] {processor.py:157} INFO - Started process (PID=5506) to work on /home/airflow/.local/lib/python3.7/site-packages/airflow/example_dags/tutorial_taskflow_api.py
[2023-06-03T20:35:55.711+0000] {processor.py:826} INFO - Processing file /home/airflow/.local/lib/python3.7/site-packages/airflow/example_dags/tutorial_taskflow_api.py for tasks to queue
[2023-06-03T20:35:55.713+0000] {logging_mixin.py:149} INFO - [2023-06-03T20:35:55.713+0000] {dagbag.py:541} INFO - Filling up the DagBag from /home/airflow/.local/lib/python3.7/site-packages/airflow/example_dags/tutorial_taskflow_api.py
[2023-06-03T20:35:55.718+0000] {processor.py:836} INFO - DAG(s) dict_keys(['tutorial_taskflow_api']) retrieved from /home/airflow/.local/lib/python3.7/site-packages/airflow/example_dags/tutorial_taskflow_api.py
[2023-06-03T20:35:55.735+0000] {logging_mixin.py:149} INFO - [2023-06-03T20:35:55.735+0000] {dag.py:2726} INFO - Sync 1 DAGs
[2023-06-03T20:35:55.752+0000] {logging_mixin.py:149} INFO - [2023-06-03T20:35:55.752+0000] {dag.py:3490} INFO - Setting next_dagrun for tutorial_taskflow_api to None, run_after=None
[2023-06-03T20:35:55.769+0000] {processor.py:179} INFO - Processing /home/airflow/.local/lib/python3.7/site-packages/airflow/example_dags/tutorial_taskflow_api.py took 0.061 seconds
[2023-06-03T20:36:26.258+0000] {processor.py:157} INFO - Started process (PID=5758) to work on /home/airflow/.local/lib/python3.7/site-packages/airflow/example_dags/tutorial_taskflow_api.py
[2023-06-03T20:36:26.259+0000] {processor.py:826} INFO - Processing file /home/airflow/.local/lib/python3.7/site-packages/airflow/example_dags/tutorial_taskflow_api.py for tasks to queue
[2023-06-03T20:36:26.259+0000] {logging_mixin.py:149} INFO - [2023-06-03T20:36:26.259+0000] {dagbag.py:541} INFO - Filling up the DagBag from /home/airflow/.local/lib/python3.7/site-packages/airflow/example_dags/tutorial_taskflow_api.py
[2023-06-03T20:36:26.264+0000] {processor.py:836} INFO - DAG(s) dict_keys(['tutorial_taskflow_api']) retrieved from /home/airflow/.local/lib/python3.7/site-packages/airflow/example_dags/tutorial_taskflow_api.py
[2023-06-03T20:36:26.282+0000] {logging_mixin.py:149} INFO - [2023-06-03T20:36:26.282+0000] {dag.py:2726} INFO - Sync 1 DAGs
[2023-06-03T20:36:26.301+0000] {logging_mixin.py:149} INFO - [2023-06-03T20:36:26.301+0000] {dag.py:3490} INFO - Setting next_dagrun for tutorial_taskflow_api to None, run_after=None
[2023-06-03T20:36:26.320+0000] {processor.py:179} INFO - Processing /home/airflow/.local/lib/python3.7/site-packages/airflow/example_dags/tutorial_taskflow_api.py took 0.064 seconds
[2023-06-03T20:36:56.883+0000] {processor.py:157} INFO - Started process (PID=6012) to work on /home/airflow/.local/lib/python3.7/site-packages/airflow/example_dags/tutorial_taskflow_api.py
[2023-06-03T20:36:56.884+0000] {processor.py:826} INFO - Processing file /home/airflow/.local/lib/python3.7/site-packages/airflow/example_dags/tutorial_taskflow_api.py for tasks to queue
[2023-06-03T20:36:56.885+0000] {logging_mixin.py:149} INFO - [2023-06-03T20:36:56.885+0000] {dagbag.py:541} INFO - Filling up the DagBag from /home/airflow/.local/lib/python3.7/site-packages/airflow/example_dags/tutorial_taskflow_api.py
[2023-06-03T20:36:56.890+0000] {processor.py:836} INFO - DAG(s) dict_keys(['tutorial_taskflow_api']) retrieved from /home/airflow/.local/lib/python3.7/site-packages/airflow/example_dags/tutorial_taskflow_api.py
[2023-06-03T20:36:56.908+0000] {logging_mixin.py:149} INFO - [2023-06-03T20:36:56.908+0000] {dag.py:2726} INFO - Sync 1 DAGs
[2023-06-03T20:36:56.925+0000] {logging_mixin.py:149} INFO - [2023-06-03T20:36:56.925+0000] {dag.py:3490} INFO - Setting next_dagrun for tutorial_taskflow_api to None, run_after=None
[2023-06-03T20:36:56.940+0000] {processor.py:179} INFO - Processing /home/airflow/.local/lib/python3.7/site-packages/airflow/example_dags/tutorial_taskflow_api.py took 0.060 seconds
[2023-06-03T20:37:27.585+0000] {processor.py:157} INFO - Started process (PID=6262) to work on /home/airflow/.local/lib/python3.7/site-packages/airflow/example_dags/tutorial_taskflow_api.py
[2023-06-03T20:37:27.586+0000] {processor.py:826} INFO - Processing file /home/airflow/.local/lib/python3.7/site-packages/airflow/example_dags/tutorial_taskflow_api.py for tasks to queue
[2023-06-03T20:37:27.587+0000] {logging_mixin.py:149} INFO - [2023-06-03T20:37:27.587+0000] {dagbag.py:541} INFO - Filling up the DagBag from /home/airflow/.local/lib/python3.7/site-packages/airflow/example_dags/tutorial_taskflow_api.py
[2023-06-03T20:37:27.592+0000] {processor.py:836} INFO - DAG(s) dict_keys(['tutorial_taskflow_api']) retrieved from /home/airflow/.local/lib/python3.7/site-packages/airflow/example_dags/tutorial_taskflow_api.py
[2023-06-03T20:37:27.610+0000] {logging_mixin.py:149} INFO - [2023-06-03T20:37:27.610+0000] {dag.py:2726} INFO - Sync 1 DAGs
[2023-06-03T20:37:27.628+0000] {logging_mixin.py:149} INFO - [2023-06-03T20:37:27.628+0000] {dag.py:3490} INFO - Setting next_dagrun for tutorial_taskflow_api to None, run_after=None
[2023-06-03T20:37:27.645+0000] {processor.py:179} INFO - Processing /home/airflow/.local/lib/python3.7/site-packages/airflow/example_dags/tutorial_taskflow_api.py took 0.063 seconds
[2023-06-03T20:37:58.257+0000] {processor.py:157} INFO - Started process (PID=6514) to work on /home/airflow/.local/lib/python3.7/site-packages/airflow/example_dags/tutorial_taskflow_api.py
[2023-06-03T20:37:58.258+0000] {processor.py:826} INFO - Processing file /home/airflow/.local/lib/python3.7/site-packages/airflow/example_dags/tutorial_taskflow_api.py for tasks to queue
[2023-06-03T20:37:58.259+0000] {logging_mixin.py:149} INFO - [2023-06-03T20:37:58.259+0000] {dagbag.py:541} INFO - Filling up the DagBag from /home/airflow/.local/lib/python3.7/site-packages/airflow/example_dags/tutorial_taskflow_api.py
[2023-06-03T20:37:58.264+0000] {processor.py:836} INFO - DAG(s) dict_keys(['tutorial_taskflow_api']) retrieved from /home/airflow/.local/lib/python3.7/site-packages/airflow/example_dags/tutorial_taskflow_api.py
[2023-06-03T20:37:58.281+0000] {logging_mixin.py:149} INFO - [2023-06-03T20:37:58.281+0000] {dag.py:2726} INFO - Sync 1 DAGs
[2023-06-03T20:37:58.299+0000] {logging_mixin.py:149} INFO - [2023-06-03T20:37:58.298+0000] {dag.py:3490} INFO - Setting next_dagrun for tutorial_taskflow_api to None, run_after=None
[2023-06-03T20:37:58.315+0000] {processor.py:179} INFO - Processing /home/airflow/.local/lib/python3.7/site-packages/airflow/example_dags/tutorial_taskflow_api.py took 0.061 seconds
[2023-06-03T20:38:28.369+0000] {processor.py:157} INFO - Started process (PID=6763) to work on /home/airflow/.local/lib/python3.7/site-packages/airflow/example_dags/tutorial_taskflow_api.py
[2023-06-03T20:38:28.369+0000] {processor.py:826} INFO - Processing file /home/airflow/.local/lib/python3.7/site-packages/airflow/example_dags/tutorial_taskflow_api.py for tasks to queue
[2023-06-03T20:38:28.370+0000] {logging_mixin.py:149} INFO - [2023-06-03T20:38:28.370+0000] {dagbag.py:541} INFO - Filling up the DagBag from /home/airflow/.local/lib/python3.7/site-packages/airflow/example_dags/tutorial_taskflow_api.py
[2023-06-03T20:38:28.375+0000] {processor.py:836} INFO - DAG(s) dict_keys(['tutorial_taskflow_api']) retrieved from /home/airflow/.local/lib/python3.7/site-packages/airflow/example_dags/tutorial_taskflow_api.py
[2023-06-03T20:38:28.392+0000] {logging_mixin.py:149} INFO - [2023-06-03T20:38:28.392+0000] {dag.py:2726} INFO - Sync 1 DAGs
[2023-06-03T20:38:28.408+0000] {logging_mixin.py:149} INFO - [2023-06-03T20:38:28.408+0000] {dag.py:3490} INFO - Setting next_dagrun for tutorial_taskflow_api to None, run_after=None
[2023-06-03T20:38:28.425+0000] {processor.py:179} INFO - Processing /home/airflow/.local/lib/python3.7/site-packages/airflow/example_dags/tutorial_taskflow_api.py took 0.059 seconds
[2023-06-03T20:38:58.719+0000] {processor.py:157} INFO - Started process (PID=7018) to work on /home/airflow/.local/lib/python3.7/site-packages/airflow/example_dags/tutorial_taskflow_api.py
[2023-06-03T20:38:58.721+0000] {processor.py:826} INFO - Processing file /home/airflow/.local/lib/python3.7/site-packages/airflow/example_dags/tutorial_taskflow_api.py for tasks to queue
[2023-06-03T20:38:58.722+0000] {logging_mixin.py:149} INFO - [2023-06-03T20:38:58.721+0000] {dagbag.py:541} INFO - Filling up the DagBag from /home/airflow/.local/lib/python3.7/site-packages/airflow/example_dags/tutorial_taskflow_api.py
[2023-06-03T20:38:58.726+0000] {processor.py:836} INFO - DAG(s) dict_keys(['tutorial_taskflow_api']) retrieved from /home/airflow/.local/lib/python3.7/site-packages/airflow/example_dags/tutorial_taskflow_api.py
[2023-06-03T20:38:58.745+0000] {logging_mixin.py:149} INFO - [2023-06-03T20:38:58.745+0000] {dag.py:2726} INFO - Sync 1 DAGs
[2023-06-03T20:38:58.764+0000] {logging_mixin.py:149} INFO - [2023-06-03T20:38:58.764+0000] {dag.py:3490} INFO - Setting next_dagrun for tutorial_taskflow_api to None, run_after=None
[2023-06-03T20:38:58.778+0000] {processor.py:179} INFO - Processing /home/airflow/.local/lib/python3.7/site-packages/airflow/example_dags/tutorial_taskflow_api.py took 0.062 seconds
[2023-06-03T20:39:29.112+0000] {processor.py:157} INFO - Started process (PID=7272) to work on /home/airflow/.local/lib/python3.7/site-packages/airflow/example_dags/tutorial_taskflow_api.py
[2023-06-03T20:39:29.113+0000] {processor.py:826} INFO - Processing file /home/airflow/.local/lib/python3.7/site-packages/airflow/example_dags/tutorial_taskflow_api.py for tasks to queue
[2023-06-03T20:39:29.114+0000] {logging_mixin.py:149} INFO - [2023-06-03T20:39:29.114+0000] {dagbag.py:541} INFO - Filling up the DagBag from /home/airflow/.local/lib/python3.7/site-packages/airflow/example_dags/tutorial_taskflow_api.py
[2023-06-03T20:39:29.119+0000] {processor.py:836} INFO - DAG(s) dict_keys(['tutorial_taskflow_api']) retrieved from /home/airflow/.local/lib/python3.7/site-packages/airflow/example_dags/tutorial_taskflow_api.py
[2023-06-03T20:39:29.136+0000] {logging_mixin.py:149} INFO - [2023-06-03T20:39:29.136+0000] {dag.py:2726} INFO - Sync 1 DAGs
[2023-06-03T20:39:29.155+0000] {logging_mixin.py:149} INFO - [2023-06-03T20:39:29.154+0000] {dag.py:3490} INFO - Setting next_dagrun for tutorial_taskflow_api to None, run_after=None
[2023-06-03T20:39:29.172+0000] {processor.py:179} INFO - Processing /home/airflow/.local/lib/python3.7/site-packages/airflow/example_dags/tutorial_taskflow_api.py took 0.063 seconds
[2023-06-03T20:39:59.488+0000] {processor.py:157} INFO - Started process (PID=7522) to work on /home/airflow/.local/lib/python3.7/site-packages/airflow/example_dags/tutorial_taskflow_api.py
[2023-06-03T20:39:59.490+0000] {processor.py:826} INFO - Processing file /home/airflow/.local/lib/python3.7/site-packages/airflow/example_dags/tutorial_taskflow_api.py for tasks to queue
[2023-06-03T20:39:59.491+0000] {logging_mixin.py:149} INFO - [2023-06-03T20:39:59.491+0000] {dagbag.py:541} INFO - Filling up the DagBag from /home/airflow/.local/lib/python3.7/site-packages/airflow/example_dags/tutorial_taskflow_api.py
[2023-06-03T20:39:59.496+0000] {processor.py:836} INFO - DAG(s) dict_keys(['tutorial_taskflow_api']) retrieved from /home/airflow/.local/lib/python3.7/site-packages/airflow/example_dags/tutorial_taskflow_api.py
[2023-06-03T20:39:59.515+0000] {logging_mixin.py:149} INFO - [2023-06-03T20:39:59.514+0000] {dag.py:2726} INFO - Sync 1 DAGs
[2023-06-03T20:39:59.532+0000] {logging_mixin.py:149} INFO - [2023-06-03T20:39:59.532+0000] {dag.py:3490} INFO - Setting next_dagrun for tutorial_taskflow_api to None, run_after=None
[2023-06-03T20:39:59.551+0000] {processor.py:179} INFO - Processing /home/airflow/.local/lib/python3.7/site-packages/airflow/example_dags/tutorial_taskflow_api.py took 0.065 seconds
[2023-06-03T20:40:29.712+0000] {processor.py:157} INFO - Started process (PID=7774) to work on /home/airflow/.local/lib/python3.7/site-packages/airflow/example_dags/tutorial_taskflow_api.py
[2023-06-03T20:40:29.713+0000] {processor.py:826} INFO - Processing file /home/airflow/.local/lib/python3.7/site-packages/airflow/example_dags/tutorial_taskflow_api.py for tasks to queue
[2023-06-03T20:40:29.714+0000] {logging_mixin.py:149} INFO - [2023-06-03T20:40:29.714+0000] {dagbag.py:541} INFO - Filling up the DagBag from /home/airflow/.local/lib/python3.7/site-packages/airflow/example_dags/tutorial_taskflow_api.py
[2023-06-03T20:40:29.719+0000] {processor.py:836} INFO - DAG(s) dict_keys(['tutorial_taskflow_api']) retrieved from /home/airflow/.local/lib/python3.7/site-packages/airflow/example_dags/tutorial_taskflow_api.py
[2023-06-03T20:40:29.736+0000] {logging_mixin.py:149} INFO - [2023-06-03T20:40:29.736+0000] {dag.py:2726} INFO - Sync 1 DAGs
[2023-06-03T20:40:29.804+0000] {logging_mixin.py:149} INFO - [2023-06-03T20:40:29.804+0000] {dag.py:3490} INFO - Setting next_dagrun for tutorial_taskflow_api to None, run_after=None
[2023-06-03T20:40:29.824+0000] {processor.py:179} INFO - Processing /home/airflow/.local/lib/python3.7/site-packages/airflow/example_dags/tutorial_taskflow_api.py took 0.114 seconds
[2023-06-03T20:41:00.754+0000] {processor.py:157} INFO - Started process (PID=8026) to work on /home/airflow/.local/lib/python3.7/site-packages/airflow/example_dags/tutorial_taskflow_api.py
[2023-06-03T20:41:00.755+0000] {processor.py:826} INFO - Processing file /home/airflow/.local/lib/python3.7/site-packages/airflow/example_dags/tutorial_taskflow_api.py for tasks to queue
[2023-06-03T20:41:00.756+0000] {logging_mixin.py:149} INFO - [2023-06-03T20:41:00.756+0000] {dagbag.py:541} INFO - Filling up the DagBag from /home/airflow/.local/lib/python3.7/site-packages/airflow/example_dags/tutorial_taskflow_api.py
[2023-06-03T20:41:00.761+0000] {processor.py:836} INFO - DAG(s) dict_keys(['tutorial_taskflow_api']) retrieved from /home/airflow/.local/lib/python3.7/site-packages/airflow/example_dags/tutorial_taskflow_api.py
[2023-06-03T20:41:00.778+0000] {logging_mixin.py:149} INFO - [2023-06-03T20:41:00.778+0000] {dag.py:2726} INFO - Sync 1 DAGs
[2023-06-03T20:41:00.796+0000] {logging_mixin.py:149} INFO - [2023-06-03T20:41:00.796+0000] {dag.py:3490} INFO - Setting next_dagrun for tutorial_taskflow_api to None, run_after=None
[2023-06-03T20:41:00.812+0000] {processor.py:179} INFO - Processing /home/airflow/.local/lib/python3.7/site-packages/airflow/example_dags/tutorial_taskflow_api.py took 0.061 seconds
[2023-06-03T20:41:31.107+0000] {processor.py:157} INFO - Started process (PID=8280) to work on /home/airflow/.local/lib/python3.7/site-packages/airflow/example_dags/tutorial_taskflow_api.py
[2023-06-03T20:41:31.108+0000] {processor.py:826} INFO - Processing file /home/airflow/.local/lib/python3.7/site-packages/airflow/example_dags/tutorial_taskflow_api.py for tasks to queue
[2023-06-03T20:41:31.110+0000] {logging_mixin.py:149} INFO - [2023-06-03T20:41:31.110+0000] {dagbag.py:541} INFO - Filling up the DagBag from /home/airflow/.local/lib/python3.7/site-packages/airflow/example_dags/tutorial_taskflow_api.py
[2023-06-03T20:41:31.114+0000] {processor.py:836} INFO - DAG(s) dict_keys(['tutorial_taskflow_api']) retrieved from /home/airflow/.local/lib/python3.7/site-packages/airflow/example_dags/tutorial_taskflow_api.py
[2023-06-03T20:41:31.132+0000] {logging_mixin.py:149} INFO - [2023-06-03T20:41:31.132+0000] {dag.py:2726} INFO - Sync 1 DAGs
[2023-06-03T20:41:31.150+0000] {logging_mixin.py:149} INFO - [2023-06-03T20:41:31.150+0000] {dag.py:3490} INFO - Setting next_dagrun for tutorial_taskflow_api to None, run_after=None
[2023-06-03T20:41:31.167+0000] {processor.py:179} INFO - Processing /home/airflow/.local/lib/python3.7/site-packages/airflow/example_dags/tutorial_taskflow_api.py took 0.063 seconds
[2023-06-03T20:42:01.466+0000] {processor.py:157} INFO - Started process (PID=8532) to work on /home/airflow/.local/lib/python3.7/site-packages/airflow/example_dags/tutorial_taskflow_api.py
[2023-06-03T20:42:01.467+0000] {processor.py:826} INFO - Processing file /home/airflow/.local/lib/python3.7/site-packages/airflow/example_dags/tutorial_taskflow_api.py for tasks to queue
[2023-06-03T20:42:01.469+0000] {logging_mixin.py:149} INFO - [2023-06-03T20:42:01.468+0000] {dagbag.py:541} INFO - Filling up the DagBag from /home/airflow/.local/lib/python3.7/site-packages/airflow/example_dags/tutorial_taskflow_api.py
[2023-06-03T20:42:01.477+0000] {processor.py:836} INFO - DAG(s) dict_keys(['tutorial_taskflow_api']) retrieved from /home/airflow/.local/lib/python3.7/site-packages/airflow/example_dags/tutorial_taskflow_api.py
[2023-06-03T20:42:01.497+0000] {logging_mixin.py:149} INFO - [2023-06-03T20:42:01.497+0000] {dag.py:2726} INFO - Sync 1 DAGs
[2023-06-03T20:42:01.540+0000] {logging_mixin.py:149} INFO - [2023-06-03T20:42:01.540+0000] {dag.py:3490} INFO - Setting next_dagrun for tutorial_taskflow_api to None, run_after=None
[2023-06-03T20:42:01.557+0000] {processor.py:179} INFO - Processing /home/airflow/.local/lib/python3.7/site-packages/airflow/example_dags/tutorial_taskflow_api.py took 0.094 seconds
[2023-06-03T20:42:32.592+0000] {processor.py:157} INFO - Started process (PID=8784) to work on /home/airflow/.local/lib/python3.7/site-packages/airflow/example_dags/tutorial_taskflow_api.py
[2023-06-03T20:42:32.593+0000] {processor.py:826} INFO - Processing file /home/airflow/.local/lib/python3.7/site-packages/airflow/example_dags/tutorial_taskflow_api.py for tasks to queue
[2023-06-03T20:42:32.594+0000] {logging_mixin.py:149} INFO - [2023-06-03T20:42:32.594+0000] {dagbag.py:541} INFO - Filling up the DagBag from /home/airflow/.local/lib/python3.7/site-packages/airflow/example_dags/tutorial_taskflow_api.py
[2023-06-03T20:42:32.598+0000] {processor.py:836} INFO - DAG(s) dict_keys(['tutorial_taskflow_api']) retrieved from /home/airflow/.local/lib/python3.7/site-packages/airflow/example_dags/tutorial_taskflow_api.py
[2023-06-03T20:42:32.618+0000] {logging_mixin.py:149} INFO - [2023-06-03T20:42:32.618+0000] {dag.py:2726} INFO - Sync 1 DAGs
[2023-06-03T20:42:32.639+0000] {logging_mixin.py:149} INFO - [2023-06-03T20:42:32.639+0000] {dag.py:3490} INFO - Setting next_dagrun for tutorial_taskflow_api to None, run_after=None
[2023-06-03T20:42:32.660+0000] {processor.py:179} INFO - Processing /home/airflow/.local/lib/python3.7/site-packages/airflow/example_dags/tutorial_taskflow_api.py took 0.070 seconds
[2023-06-03T20:43:02.724+0000] {processor.py:157} INFO - Started process (PID=9036) to work on /home/airflow/.local/lib/python3.7/site-packages/airflow/example_dags/tutorial_taskflow_api.py
[2023-06-03T20:43:02.725+0000] {processor.py:826} INFO - Processing file /home/airflow/.local/lib/python3.7/site-packages/airflow/example_dags/tutorial_taskflow_api.py for tasks to queue
[2023-06-03T20:43:02.727+0000] {logging_mixin.py:149} INFO - [2023-06-03T20:43:02.727+0000] {dagbag.py:541} INFO - Filling up the DagBag from /home/airflow/.local/lib/python3.7/site-packages/airflow/example_dags/tutorial_taskflow_api.py
[2023-06-03T20:43:02.732+0000] {processor.py:836} INFO - DAG(s) dict_keys(['tutorial_taskflow_api']) retrieved from /home/airflow/.local/lib/python3.7/site-packages/airflow/example_dags/tutorial_taskflow_api.py
[2023-06-03T20:43:02.752+0000] {logging_mixin.py:149} INFO - [2023-06-03T20:43:02.751+0000] {dag.py:2726} INFO - Sync 1 DAGs
[2023-06-03T20:43:02.772+0000] {logging_mixin.py:149} INFO - [2023-06-03T20:43:02.772+0000] {dag.py:3490} INFO - Setting next_dagrun for tutorial_taskflow_api to None, run_after=None
[2023-06-03T20:43:02.789+0000] {processor.py:179} INFO - Processing /home/airflow/.local/lib/python3.7/site-packages/airflow/example_dags/tutorial_taskflow_api.py took 0.068 seconds
[2023-06-03T20:43:33.180+0000] {processor.py:157} INFO - Started process (PID=9286) to work on /home/airflow/.local/lib/python3.7/site-packages/airflow/example_dags/tutorial_taskflow_api.py
[2023-06-03T20:43:33.181+0000] {processor.py:826} INFO - Processing file /home/airflow/.local/lib/python3.7/site-packages/airflow/example_dags/tutorial_taskflow_api.py for tasks to queue
[2023-06-03T20:43:33.182+0000] {logging_mixin.py:149} INFO - [2023-06-03T20:43:33.182+0000] {dagbag.py:541} INFO - Filling up the DagBag from /home/airflow/.local/lib/python3.7/site-packages/airflow/example_dags/tutorial_taskflow_api.py
[2023-06-03T20:43:33.186+0000] {processor.py:836} INFO - DAG(s) dict_keys(['tutorial_taskflow_api']) retrieved from /home/airflow/.local/lib/python3.7/site-packages/airflow/example_dags/tutorial_taskflow_api.py
[2023-06-03T20:43:33.203+0000] {logging_mixin.py:149} INFO - [2023-06-03T20:43:33.203+0000] {dag.py:2726} INFO - Sync 1 DAGs
[2023-06-03T20:43:33.221+0000] {logging_mixin.py:149} INFO - [2023-06-03T20:43:33.221+0000] {dag.py:3490} INFO - Setting next_dagrun for tutorial_taskflow_api to None, run_after=None
[2023-06-03T20:43:33.238+0000] {processor.py:179} INFO - Processing /home/airflow/.local/lib/python3.7/site-packages/airflow/example_dags/tutorial_taskflow_api.py took 0.060 seconds
[2023-06-03T20:44:04.151+0000] {processor.py:157} INFO - Started process (PID=9540) to work on /home/airflow/.local/lib/python3.7/site-packages/airflow/example_dags/tutorial_taskflow_api.py
[2023-06-03T20:44:04.152+0000] {processor.py:826} INFO - Processing file /home/airflow/.local/lib/python3.7/site-packages/airflow/example_dags/tutorial_taskflow_api.py for tasks to queue
[2023-06-03T20:44:04.154+0000] {logging_mixin.py:149} INFO - [2023-06-03T20:44:04.153+0000] {dagbag.py:541} INFO - Filling up the DagBag from /home/airflow/.local/lib/python3.7/site-packages/airflow/example_dags/tutorial_taskflow_api.py
[2023-06-03T20:44:04.158+0000] {processor.py:836} INFO - DAG(s) dict_keys(['tutorial_taskflow_api']) retrieved from /home/airflow/.local/lib/python3.7/site-packages/airflow/example_dags/tutorial_taskflow_api.py
[2023-06-03T20:44:04.174+0000] {logging_mixin.py:149} INFO - [2023-06-03T20:44:04.174+0000] {dag.py:2726} INFO - Sync 1 DAGs
[2023-06-03T20:44:04.191+0000] {logging_mixin.py:149} INFO - [2023-06-03T20:44:04.191+0000] {dag.py:3490} INFO - Setting next_dagrun for tutorial_taskflow_api to None, run_after=None
[2023-06-03T20:44:04.210+0000] {processor.py:179} INFO - Processing /home/airflow/.local/lib/python3.7/site-packages/airflow/example_dags/tutorial_taskflow_api.py took 0.061 seconds
[2023-06-03T20:44:34.829+0000] {processor.py:157} INFO - Started process (PID=9790) to work on /home/airflow/.local/lib/python3.7/site-packages/airflow/example_dags/tutorial_taskflow_api.py
[2023-06-03T20:44:34.830+0000] {processor.py:826} INFO - Processing file /home/airflow/.local/lib/python3.7/site-packages/airflow/example_dags/tutorial_taskflow_api.py for tasks to queue
[2023-06-03T20:44:34.831+0000] {logging_mixin.py:149} INFO - [2023-06-03T20:44:34.831+0000] {dagbag.py:541} INFO - Filling up the DagBag from /home/airflow/.local/lib/python3.7/site-packages/airflow/example_dags/tutorial_taskflow_api.py
[2023-06-03T20:44:34.836+0000] {processor.py:836} INFO - DAG(s) dict_keys(['tutorial_taskflow_api']) retrieved from /home/airflow/.local/lib/python3.7/site-packages/airflow/example_dags/tutorial_taskflow_api.py
[2023-06-03T20:44:34.853+0000] {logging_mixin.py:149} INFO - [2023-06-03T20:44:34.853+0000] {dag.py:2726} INFO - Sync 1 DAGs
[2023-06-03T20:44:34.870+0000] {logging_mixin.py:149} INFO - [2023-06-03T20:44:34.870+0000] {dag.py:3490} INFO - Setting next_dagrun for tutorial_taskflow_api to None, run_after=None
[2023-06-03T20:44:34.886+0000] {processor.py:179} INFO - Processing /home/airflow/.local/lib/python3.7/site-packages/airflow/example_dags/tutorial_taskflow_api.py took 0.059 seconds
[2023-06-03T20:45:05.996+0000] {processor.py:157} INFO - Started process (PID=10042) to work on /home/airflow/.local/lib/python3.7/site-packages/airflow/example_dags/tutorial_taskflow_api.py
[2023-06-03T20:45:05.997+0000] {processor.py:826} INFO - Processing file /home/airflow/.local/lib/python3.7/site-packages/airflow/example_dags/tutorial_taskflow_api.py for tasks to queue
[2023-06-03T20:45:05.998+0000] {logging_mixin.py:149} INFO - [2023-06-03T20:45:05.998+0000] {dagbag.py:541} INFO - Filling up the DagBag from /home/airflow/.local/lib/python3.7/site-packages/airflow/example_dags/tutorial_taskflow_api.py
[2023-06-03T20:45:06.003+0000] {processor.py:836} INFO - DAG(s) dict_keys(['tutorial_taskflow_api']) retrieved from /home/airflow/.local/lib/python3.7/site-packages/airflow/example_dags/tutorial_taskflow_api.py
[2023-06-03T20:45:06.020+0000] {logging_mixin.py:149} INFO - [2023-06-03T20:45:06.020+0000] {dag.py:2726} INFO - Sync 1 DAGs
[2023-06-03T20:45:06.038+0000] {logging_mixin.py:149} INFO - [2023-06-03T20:45:06.038+0000] {dag.py:3490} INFO - Setting next_dagrun for tutorial_taskflow_api to None, run_after=None
[2023-06-03T20:45:06.055+0000] {processor.py:179} INFO - Processing /home/airflow/.local/lib/python3.7/site-packages/airflow/example_dags/tutorial_taskflow_api.py took 0.061 seconds
[2023-06-03T20:45:36.794+0000] {processor.py:157} INFO - Started process (PID=10296) to work on /home/airflow/.local/lib/python3.7/site-packages/airflow/example_dags/tutorial_taskflow_api.py
[2023-06-03T20:45:36.796+0000] {processor.py:826} INFO - Processing file /home/airflow/.local/lib/python3.7/site-packages/airflow/example_dags/tutorial_taskflow_api.py for tasks to queue
[2023-06-03T20:45:36.798+0000] {logging_mixin.py:149} INFO - [2023-06-03T20:45:36.797+0000] {dagbag.py:541} INFO - Filling up the DagBag from /home/airflow/.local/lib/python3.7/site-packages/airflow/example_dags/tutorial_taskflow_api.py
[2023-06-03T20:45:36.802+0000] {processor.py:836} INFO - DAG(s) dict_keys(['tutorial_taskflow_api']) retrieved from /home/airflow/.local/lib/python3.7/site-packages/airflow/example_dags/tutorial_taskflow_api.py
[2023-06-03T20:45:36.821+0000] {logging_mixin.py:149} INFO - [2023-06-03T20:45:36.821+0000] {dag.py:2726} INFO - Sync 1 DAGs
[2023-06-03T20:45:36.838+0000] {logging_mixin.py:149} INFO - [2023-06-03T20:45:36.838+0000] {dag.py:3490} INFO - Setting next_dagrun for tutorial_taskflow_api to None, run_after=None
[2023-06-03T20:45:36.855+0000] {processor.py:179} INFO - Processing /home/airflow/.local/lib/python3.7/site-packages/airflow/example_dags/tutorial_taskflow_api.py took 0.064 seconds
[2023-06-03T20:46:06.924+0000] {processor.py:157} INFO - Started process (PID=10546) to work on /home/airflow/.local/lib/python3.7/site-packages/airflow/example_dags/tutorial_taskflow_api.py
[2023-06-03T20:46:06.925+0000] {processor.py:826} INFO - Processing file /home/airflow/.local/lib/python3.7/site-packages/airflow/example_dags/tutorial_taskflow_api.py for tasks to queue
[2023-06-03T20:46:06.926+0000] {logging_mixin.py:149} INFO - [2023-06-03T20:46:06.926+0000] {dagbag.py:541} INFO - Filling up the DagBag from /home/airflow/.local/lib/python3.7/site-packages/airflow/example_dags/tutorial_taskflow_api.py
[2023-06-03T20:46:06.930+0000] {processor.py:836} INFO - DAG(s) dict_keys(['tutorial_taskflow_api']) retrieved from /home/airflow/.local/lib/python3.7/site-packages/airflow/example_dags/tutorial_taskflow_api.py
[2023-06-03T20:46:06.977+0000] {logging_mixin.py:149} INFO - [2023-06-03T20:46:06.977+0000] {dag.py:2726} INFO - Sync 1 DAGs
[2023-06-03T20:46:06.995+0000] {logging_mixin.py:149} INFO - [2023-06-03T20:46:06.995+0000] {dag.py:3490} INFO - Setting next_dagrun for tutorial_taskflow_api to None, run_after=None
[2023-06-03T20:46:07.012+0000] {processor.py:179} INFO - Processing /home/airflow/.local/lib/python3.7/site-packages/airflow/example_dags/tutorial_taskflow_api.py took 0.091 seconds
[2023-06-03T20:46:38.290+0000] {processor.py:157} INFO - Started process (PID=10798) to work on /home/airflow/.local/lib/python3.7/site-packages/airflow/example_dags/tutorial_taskflow_api.py
[2023-06-03T20:46:38.291+0000] {processor.py:826} INFO - Processing file /home/airflow/.local/lib/python3.7/site-packages/airflow/example_dags/tutorial_taskflow_api.py for tasks to queue
[2023-06-03T20:46:38.292+0000] {logging_mixin.py:149} INFO - [2023-06-03T20:46:38.292+0000] {dagbag.py:541} INFO - Filling up the DagBag from /home/airflow/.local/lib/python3.7/site-packages/airflow/example_dags/tutorial_taskflow_api.py
[2023-06-03T20:46:38.296+0000] {processor.py:836} INFO - DAG(s) dict_keys(['tutorial_taskflow_api']) retrieved from /home/airflow/.local/lib/python3.7/site-packages/airflow/example_dags/tutorial_taskflow_api.py
[2023-06-03T20:46:38.312+0000] {logging_mixin.py:149} INFO - [2023-06-03T20:46:38.312+0000] {dag.py:2726} INFO - Sync 1 DAGs
[2023-06-03T20:46:38.329+0000] {logging_mixin.py:149} INFO - [2023-06-03T20:46:38.329+0000] {dag.py:3490} INFO - Setting next_dagrun for tutorial_taskflow_api to None, run_after=None
[2023-06-03T20:46:38.345+0000] {processor.py:179} INFO - Processing /home/airflow/.local/lib/python3.7/site-packages/airflow/example_dags/tutorial_taskflow_api.py took 0.057 seconds
[2023-06-03T20:47:08.586+0000] {processor.py:157} INFO - Started process (PID=11052) to work on /home/airflow/.local/lib/python3.7/site-packages/airflow/example_dags/tutorial_taskflow_api.py
[2023-06-03T20:47:08.587+0000] {processor.py:826} INFO - Processing file /home/airflow/.local/lib/python3.7/site-packages/airflow/example_dags/tutorial_taskflow_api.py for tasks to queue
[2023-06-03T20:47:08.588+0000] {logging_mixin.py:149} INFO - [2023-06-03T20:47:08.588+0000] {dagbag.py:541} INFO - Filling up the DagBag from /home/airflow/.local/lib/python3.7/site-packages/airflow/example_dags/tutorial_taskflow_api.py
[2023-06-03T20:47:08.592+0000] {processor.py:836} INFO - DAG(s) dict_keys(['tutorial_taskflow_api']) retrieved from /home/airflow/.local/lib/python3.7/site-packages/airflow/example_dags/tutorial_taskflow_api.py
[2023-06-03T20:47:08.609+0000] {logging_mixin.py:149} INFO - [2023-06-03T20:47:08.609+0000] {dag.py:2726} INFO - Sync 1 DAGs
[2023-06-03T20:47:08.625+0000] {logging_mixin.py:149} INFO - [2023-06-03T20:47:08.625+0000] {dag.py:3490} INFO - Setting next_dagrun for tutorial_taskflow_api to None, run_after=None
[2023-06-03T20:47:08.643+0000] {processor.py:179} INFO - Processing /home/airflow/.local/lib/python3.7/site-packages/airflow/example_dags/tutorial_taskflow_api.py took 0.061 seconds
[2023-06-03T20:47:38.710+0000] {processor.py:157} INFO - Started process (PID=11302) to work on /home/airflow/.local/lib/python3.7/site-packages/airflow/example_dags/tutorial_taskflow_api.py
[2023-06-03T20:47:38.711+0000] {processor.py:826} INFO - Processing file /home/airflow/.local/lib/python3.7/site-packages/airflow/example_dags/tutorial_taskflow_api.py for tasks to queue
[2023-06-03T20:47:38.712+0000] {logging_mixin.py:149} INFO - [2023-06-03T20:47:38.712+0000] {dagbag.py:541} INFO - Filling up the DagBag from /home/airflow/.local/lib/python3.7/site-packages/airflow/example_dags/tutorial_taskflow_api.py
[2023-06-03T20:47:38.717+0000] {processor.py:836} INFO - DAG(s) dict_keys(['tutorial_taskflow_api']) retrieved from /home/airflow/.local/lib/python3.7/site-packages/airflow/example_dags/tutorial_taskflow_api.py
[2023-06-03T20:47:38.737+0000] {logging_mixin.py:149} INFO - [2023-06-03T20:47:38.737+0000] {dag.py:2726} INFO - Sync 1 DAGs
[2023-06-03T20:47:38.757+0000] {logging_mixin.py:149} INFO - [2023-06-03T20:47:38.757+0000] {dag.py:3490} INFO - Setting next_dagrun for tutorial_taskflow_api to None, run_after=None
[2023-06-03T20:47:38.779+0000] {processor.py:179} INFO - Processing /home/airflow/.local/lib/python3.7/site-packages/airflow/example_dags/tutorial_taskflow_api.py took 0.071 seconds
[2023-06-03T20:48:09.231+0000] {processor.py:157} INFO - Started process (PID=11556) to work on /home/airflow/.local/lib/python3.7/site-packages/airflow/example_dags/tutorial_taskflow_api.py
[2023-06-03T20:48:09.232+0000] {processor.py:826} INFO - Processing file /home/airflow/.local/lib/python3.7/site-packages/airflow/example_dags/tutorial_taskflow_api.py for tasks to queue
[2023-06-03T20:48:09.234+0000] {logging_mixin.py:149} INFO - [2023-06-03T20:48:09.233+0000] {dagbag.py:541} INFO - Filling up the DagBag from /home/airflow/.local/lib/python3.7/site-packages/airflow/example_dags/tutorial_taskflow_api.py
[2023-06-03T20:48:09.239+0000] {processor.py:836} INFO - DAG(s) dict_keys(['tutorial_taskflow_api']) retrieved from /home/airflow/.local/lib/python3.7/site-packages/airflow/example_dags/tutorial_taskflow_api.py
[2023-06-03T20:48:09.256+0000] {logging_mixin.py:149} INFO - [2023-06-03T20:48:09.256+0000] {dag.py:2726} INFO - Sync 1 DAGs
[2023-06-03T20:48:09.273+0000] {logging_mixin.py:149} INFO - [2023-06-03T20:48:09.273+0000] {dag.py:3490} INFO - Setting next_dagrun for tutorial_taskflow_api to None, run_after=None
[2023-06-03T20:48:09.289+0000] {processor.py:179} INFO - Processing /home/airflow/.local/lib/python3.7/site-packages/airflow/example_dags/tutorial_taskflow_api.py took 0.061 seconds
[2023-06-03T20:48:39.681+0000] {processor.py:157} INFO - Started process (PID=11806) to work on /home/airflow/.local/lib/python3.7/site-packages/airflow/example_dags/tutorial_taskflow_api.py
[2023-06-03T20:48:39.682+0000] {processor.py:826} INFO - Processing file /home/airflow/.local/lib/python3.7/site-packages/airflow/example_dags/tutorial_taskflow_api.py for tasks to queue
[2023-06-03T20:48:39.684+0000] {logging_mixin.py:149} INFO - [2023-06-03T20:48:39.684+0000] {dagbag.py:541} INFO - Filling up the DagBag from /home/airflow/.local/lib/python3.7/site-packages/airflow/example_dags/tutorial_taskflow_api.py
[2023-06-03T20:48:39.688+0000] {processor.py:836} INFO - DAG(s) dict_keys(['tutorial_taskflow_api']) retrieved from /home/airflow/.local/lib/python3.7/site-packages/airflow/example_dags/tutorial_taskflow_api.py
[2023-06-03T20:48:39.706+0000] {logging_mixin.py:149} INFO - [2023-06-03T20:48:39.706+0000] {dag.py:2726} INFO - Sync 1 DAGs
[2023-06-03T20:48:39.723+0000] {logging_mixin.py:149} INFO - [2023-06-03T20:48:39.723+0000] {dag.py:3490} INFO - Setting next_dagrun for tutorial_taskflow_api to None, run_after=None
[2023-06-03T20:48:39.740+0000] {processor.py:179} INFO - Processing /home/airflow/.local/lib/python3.7/site-packages/airflow/example_dags/tutorial_taskflow_api.py took 0.062 seconds
[2023-06-03T20:49:09.943+0000] {processor.py:157} INFO - Started process (PID=12060) to work on /home/airflow/.local/lib/python3.7/site-packages/airflow/example_dags/tutorial_taskflow_api.py
[2023-06-03T20:49:09.945+0000] {processor.py:826} INFO - Processing file /home/airflow/.local/lib/python3.7/site-packages/airflow/example_dags/tutorial_taskflow_api.py for tasks to queue
[2023-06-03T20:49:09.946+0000] {logging_mixin.py:149} INFO - [2023-06-03T20:49:09.946+0000] {dagbag.py:541} INFO - Filling up the DagBag from /home/airflow/.local/lib/python3.7/site-packages/airflow/example_dags/tutorial_taskflow_api.py
[2023-06-03T20:49:09.950+0000] {processor.py:836} INFO - DAG(s) dict_keys(['tutorial_taskflow_api']) retrieved from /home/airflow/.local/lib/python3.7/site-packages/airflow/example_dags/tutorial_taskflow_api.py
[2023-06-03T20:49:09.969+0000] {logging_mixin.py:149} INFO - [2023-06-03T20:49:09.969+0000] {dag.py:2726} INFO - Sync 1 DAGs
[2023-06-03T20:49:09.987+0000] {logging_mixin.py:149} INFO - [2023-06-03T20:49:09.986+0000] {dag.py:3490} INFO - Setting next_dagrun for tutorial_taskflow_api to None, run_after=None
[2023-06-03T20:49:10.002+0000] {processor.py:179} INFO - Processing /home/airflow/.local/lib/python3.7/site-packages/airflow/example_dags/tutorial_taskflow_api.py took 0.061 seconds
[2023-06-03T20:49:40.977+0000] {processor.py:157} INFO - Started process (PID=12312) to work on /home/airflow/.local/lib/python3.7/site-packages/airflow/example_dags/tutorial_taskflow_api.py
[2023-06-03T20:49:40.978+0000] {processor.py:826} INFO - Processing file /home/airflow/.local/lib/python3.7/site-packages/airflow/example_dags/tutorial_taskflow_api.py for tasks to queue
[2023-06-03T20:49:40.979+0000] {logging_mixin.py:149} INFO - [2023-06-03T20:49:40.979+0000] {dagbag.py:541} INFO - Filling up the DagBag from /home/airflow/.local/lib/python3.7/site-packages/airflow/example_dags/tutorial_taskflow_api.py
[2023-06-03T20:49:40.983+0000] {processor.py:836} INFO - DAG(s) dict_keys(['tutorial_taskflow_api']) retrieved from /home/airflow/.local/lib/python3.7/site-packages/airflow/example_dags/tutorial_taskflow_api.py
[2023-06-03T20:49:41.000+0000] {logging_mixin.py:149} INFO - [2023-06-03T20:49:40.999+0000] {dag.py:2726} INFO - Sync 1 DAGs
[2023-06-03T20:49:41.016+0000] {logging_mixin.py:149} INFO - [2023-06-03T20:49:41.016+0000] {dag.py:3490} INFO - Setting next_dagrun for tutorial_taskflow_api to None, run_after=None
[2023-06-03T20:49:41.032+0000] {processor.py:179} INFO - Processing /home/airflow/.local/lib/python3.7/site-packages/airflow/example_dags/tutorial_taskflow_api.py took 0.057 seconds
[2023-06-03T20:50:11.806+0000] {processor.py:157} INFO - Started process (PID=12571) to work on /home/airflow/.local/lib/python3.7/site-packages/airflow/example_dags/tutorial_taskflow_api.py
[2023-06-03T20:50:11.807+0000] {processor.py:826} INFO - Processing file /home/airflow/.local/lib/python3.7/site-packages/airflow/example_dags/tutorial_taskflow_api.py for tasks to queue
[2023-06-03T20:50:11.808+0000] {logging_mixin.py:149} INFO - [2023-06-03T20:50:11.808+0000] {dagbag.py:541} INFO - Filling up the DagBag from /home/airflow/.local/lib/python3.7/site-packages/airflow/example_dags/tutorial_taskflow_api.py
[2023-06-03T20:50:11.812+0000] {processor.py:836} INFO - DAG(s) dict_keys(['tutorial_taskflow_api']) retrieved from /home/airflow/.local/lib/python3.7/site-packages/airflow/example_dags/tutorial_taskflow_api.py
[2023-06-03T20:50:11.828+0000] {logging_mixin.py:149} INFO - [2023-06-03T20:50:11.828+0000] {dag.py:2726} INFO - Sync 1 DAGs
[2023-06-03T20:50:11.846+0000] {logging_mixin.py:149} INFO - [2023-06-03T20:50:11.845+0000] {dag.py:3490} INFO - Setting next_dagrun for tutorial_taskflow_api to None, run_after=None
[2023-06-03T20:50:11.862+0000] {processor.py:179} INFO - Processing /home/airflow/.local/lib/python3.7/site-packages/airflow/example_dags/tutorial_taskflow_api.py took 0.058 seconds
[2023-06-03T20:50:42.158+0000] {processor.py:157} INFO - Started process (PID=12824) to work on /home/airflow/.local/lib/python3.7/site-packages/airflow/example_dags/tutorial_taskflow_api.py
[2023-06-03T20:50:42.159+0000] {processor.py:826} INFO - Processing file /home/airflow/.local/lib/python3.7/site-packages/airflow/example_dags/tutorial_taskflow_api.py for tasks to queue
[2023-06-03T20:50:42.160+0000] {logging_mixin.py:149} INFO - [2023-06-03T20:50:42.160+0000] {dagbag.py:541} INFO - Filling up the DagBag from /home/airflow/.local/lib/python3.7/site-packages/airflow/example_dags/tutorial_taskflow_api.py
[2023-06-03T20:50:42.165+0000] {processor.py:836} INFO - DAG(s) dict_keys(['tutorial_taskflow_api']) retrieved from /home/airflow/.local/lib/python3.7/site-packages/airflow/example_dags/tutorial_taskflow_api.py
[2023-06-03T20:50:42.181+0000] {logging_mixin.py:149} INFO - [2023-06-03T20:50:42.180+0000] {dag.py:2726} INFO - Sync 1 DAGs
[2023-06-03T20:50:42.198+0000] {logging_mixin.py:149} INFO - [2023-06-03T20:50:42.198+0000] {dag.py:3490} INFO - Setting next_dagrun for tutorial_taskflow_api to None, run_after=None
[2023-06-03T20:50:42.214+0000] {processor.py:179} INFO - Processing /home/airflow/.local/lib/python3.7/site-packages/airflow/example_dags/tutorial_taskflow_api.py took 0.058 seconds
[2023-06-03T20:51:12.484+0000] {processor.py:157} INFO - Started process (PID=13074) to work on /home/airflow/.local/lib/python3.7/site-packages/airflow/example_dags/tutorial_taskflow_api.py
[2023-06-03T20:51:12.485+0000] {processor.py:826} INFO - Processing file /home/airflow/.local/lib/python3.7/site-packages/airflow/example_dags/tutorial_taskflow_api.py for tasks to queue
[2023-06-03T20:51:12.487+0000] {logging_mixin.py:149} INFO - [2023-06-03T20:51:12.487+0000] {dagbag.py:541} INFO - Filling up the DagBag from /home/airflow/.local/lib/python3.7/site-packages/airflow/example_dags/tutorial_taskflow_api.py
[2023-06-03T20:51:12.492+0000] {processor.py:836} INFO - DAG(s) dict_keys(['tutorial_taskflow_api']) retrieved from /home/airflow/.local/lib/python3.7/site-packages/airflow/example_dags/tutorial_taskflow_api.py
[2023-06-03T20:51:12.509+0000] {logging_mixin.py:149} INFO - [2023-06-03T20:51:12.509+0000] {dag.py:2726} INFO - Sync 1 DAGs
[2023-06-03T20:51:12.526+0000] {logging_mixin.py:149} INFO - [2023-06-03T20:51:12.526+0000] {dag.py:3490} INFO - Setting next_dagrun for tutorial_taskflow_api to None, run_after=None
[2023-06-03T20:51:12.541+0000] {processor.py:179} INFO - Processing /home/airflow/.local/lib/python3.7/site-packages/airflow/example_dags/tutorial_taskflow_api.py took 0.059 seconds
[2023-06-03T20:51:43.713+0000] {processor.py:157} INFO - Started process (PID=13326) to work on /home/airflow/.local/lib/python3.7/site-packages/airflow/example_dags/tutorial_taskflow_api.py
[2023-06-03T20:51:43.714+0000] {processor.py:826} INFO - Processing file /home/airflow/.local/lib/python3.7/site-packages/airflow/example_dags/tutorial_taskflow_api.py for tasks to queue
[2023-06-03T20:51:43.715+0000] {logging_mixin.py:149} INFO - [2023-06-03T20:51:43.715+0000] {dagbag.py:541} INFO - Filling up the DagBag from /home/airflow/.local/lib/python3.7/site-packages/airflow/example_dags/tutorial_taskflow_api.py
[2023-06-03T20:51:43.719+0000] {processor.py:836} INFO - DAG(s) dict_keys(['tutorial_taskflow_api']) retrieved from /home/airflow/.local/lib/python3.7/site-packages/airflow/example_dags/tutorial_taskflow_api.py
[2023-06-03T20:51:43.735+0000] {logging_mixin.py:149} INFO - [2023-06-03T20:51:43.735+0000] {dag.py:2726} INFO - Sync 1 DAGs
[2023-06-03T20:51:43.754+0000] {logging_mixin.py:149} INFO - [2023-06-03T20:51:43.754+0000] {dag.py:3490} INFO - Setting next_dagrun for tutorial_taskflow_api to None, run_after=None
[2023-06-03T20:51:43.769+0000] {processor.py:179} INFO - Processing /home/airflow/.local/lib/python3.7/site-packages/airflow/example_dags/tutorial_taskflow_api.py took 0.059 seconds
[2023-06-03T20:52:14.475+0000] {processor.py:157} INFO - Started process (PID=13580) to work on /home/airflow/.local/lib/python3.7/site-packages/airflow/example_dags/tutorial_taskflow_api.py
[2023-06-03T20:52:14.476+0000] {processor.py:826} INFO - Processing file /home/airflow/.local/lib/python3.7/site-packages/airflow/example_dags/tutorial_taskflow_api.py for tasks to queue
[2023-06-03T20:52:14.477+0000] {logging_mixin.py:149} INFO - [2023-06-03T20:52:14.477+0000] {dagbag.py:541} INFO - Filling up the DagBag from /home/airflow/.local/lib/python3.7/site-packages/airflow/example_dags/tutorial_taskflow_api.py
[2023-06-03T20:52:14.481+0000] {processor.py:836} INFO - DAG(s) dict_keys(['tutorial_taskflow_api']) retrieved from /home/airflow/.local/lib/python3.7/site-packages/airflow/example_dags/tutorial_taskflow_api.py
[2023-06-03T20:52:14.497+0000] {logging_mixin.py:149} INFO - [2023-06-03T20:52:14.497+0000] {dag.py:2726} INFO - Sync 1 DAGs
[2023-06-03T20:52:14.515+0000] {logging_mixin.py:149} INFO - [2023-06-03T20:52:14.515+0000] {dag.py:3490} INFO - Setting next_dagrun for tutorial_taskflow_api to None, run_after=None
[2023-06-03T20:52:14.532+0000] {processor.py:179} INFO - Processing /home/airflow/.local/lib/python3.7/site-packages/airflow/example_dags/tutorial_taskflow_api.py took 0.059 seconds
[2023-06-03T20:52:45.478+0000] {processor.py:157} INFO - Started process (PID=13830) to work on /home/airflow/.local/lib/python3.7/site-packages/airflow/example_dags/tutorial_taskflow_api.py
[2023-06-03T20:52:45.479+0000] {processor.py:826} INFO - Processing file /home/airflow/.local/lib/python3.7/site-packages/airflow/example_dags/tutorial_taskflow_api.py for tasks to queue
[2023-06-03T20:52:45.480+0000] {logging_mixin.py:149} INFO - [2023-06-03T20:52:45.479+0000] {dagbag.py:541} INFO - Filling up the DagBag from /home/airflow/.local/lib/python3.7/site-packages/airflow/example_dags/tutorial_taskflow_api.py
[2023-06-03T20:52:45.484+0000] {processor.py:836} INFO - DAG(s) dict_keys(['tutorial_taskflow_api']) retrieved from /home/airflow/.local/lib/python3.7/site-packages/airflow/example_dags/tutorial_taskflow_api.py
[2023-06-03T20:52:45.502+0000] {logging_mixin.py:149} INFO - [2023-06-03T20:52:45.502+0000] {dag.py:2726} INFO - Sync 1 DAGs
[2023-06-03T20:52:45.521+0000] {logging_mixin.py:149} INFO - [2023-06-03T20:52:45.521+0000] {dag.py:3490} INFO - Setting next_dagrun for tutorial_taskflow_api to None, run_after=None
[2023-06-03T20:52:45.539+0000] {processor.py:179} INFO - Processing /home/airflow/.local/lib/python3.7/site-packages/airflow/example_dags/tutorial_taskflow_api.py took 0.063 seconds
[2023-06-03T20:53:15.759+0000] {processor.py:157} INFO - Started process (PID=14082) to work on /home/airflow/.local/lib/python3.7/site-packages/airflow/example_dags/tutorial_taskflow_api.py
[2023-06-03T20:53:15.760+0000] {processor.py:826} INFO - Processing file /home/airflow/.local/lib/python3.7/site-packages/airflow/example_dags/tutorial_taskflow_api.py for tasks to queue
[2023-06-03T20:53:15.761+0000] {logging_mixin.py:149} INFO - [2023-06-03T20:53:15.761+0000] {dagbag.py:541} INFO - Filling up the DagBag from /home/airflow/.local/lib/python3.7/site-packages/airflow/example_dags/tutorial_taskflow_api.py
[2023-06-03T20:53:15.766+0000] {processor.py:836} INFO - DAG(s) dict_keys(['tutorial_taskflow_api']) retrieved from /home/airflow/.local/lib/python3.7/site-packages/airflow/example_dags/tutorial_taskflow_api.py
[2023-06-03T20:53:15.785+0000] {logging_mixin.py:149} INFO - [2023-06-03T20:53:15.784+0000] {dag.py:2726} INFO - Sync 1 DAGs
[2023-06-03T20:53:15.802+0000] {logging_mixin.py:149} INFO - [2023-06-03T20:53:15.802+0000] {dag.py:3490} INFO - Setting next_dagrun for tutorial_taskflow_api to None, run_after=None
[2023-06-03T20:53:15.819+0000] {processor.py:179} INFO - Processing /home/airflow/.local/lib/python3.7/site-packages/airflow/example_dags/tutorial_taskflow_api.py took 0.062 seconds
[2023-06-03T20:53:46.014+0000] {processor.py:157} INFO - Started process (PID=14334) to work on /home/airflow/.local/lib/python3.7/site-packages/airflow/example_dags/tutorial_taskflow_api.py
[2023-06-03T20:53:46.015+0000] {processor.py:826} INFO - Processing file /home/airflow/.local/lib/python3.7/site-packages/airflow/example_dags/tutorial_taskflow_api.py for tasks to queue
[2023-06-03T20:53:46.017+0000] {logging_mixin.py:149} INFO - [2023-06-03T20:53:46.017+0000] {dagbag.py:541} INFO - Filling up the DagBag from /home/airflow/.local/lib/python3.7/site-packages/airflow/example_dags/tutorial_taskflow_api.py
[2023-06-03T20:53:46.022+0000] {processor.py:836} INFO - DAG(s) dict_keys(['tutorial_taskflow_api']) retrieved from /home/airflow/.local/lib/python3.7/site-packages/airflow/example_dags/tutorial_taskflow_api.py
[2023-06-03T20:53:46.040+0000] {logging_mixin.py:149} INFO - [2023-06-03T20:53:46.039+0000] {dag.py:2726} INFO - Sync 1 DAGs
[2023-06-03T20:53:46.062+0000] {logging_mixin.py:149} INFO - [2023-06-03T20:53:46.062+0000] {dag.py:3490} INFO - Setting next_dagrun for tutorial_taskflow_api to None, run_after=None
[2023-06-03T20:53:46.078+0000] {processor.py:179} INFO - Processing /home/airflow/.local/lib/python3.7/site-packages/airflow/example_dags/tutorial_taskflow_api.py took 0.066 seconds
[2023-06-03T20:54:17.149+0000] {processor.py:157} INFO - Started process (PID=14588) to work on /home/airflow/.local/lib/python3.7/site-packages/airflow/example_dags/tutorial_taskflow_api.py
[2023-06-03T20:54:17.150+0000] {processor.py:826} INFO - Processing file /home/airflow/.local/lib/python3.7/site-packages/airflow/example_dags/tutorial_taskflow_api.py for tasks to queue
[2023-06-03T20:54:17.151+0000] {logging_mixin.py:149} INFO - [2023-06-03T20:54:17.151+0000] {dagbag.py:541} INFO - Filling up the DagBag from /home/airflow/.local/lib/python3.7/site-packages/airflow/example_dags/tutorial_taskflow_api.py
[2023-06-03T20:54:17.155+0000] {processor.py:836} INFO - DAG(s) dict_keys(['tutorial_taskflow_api']) retrieved from /home/airflow/.local/lib/python3.7/site-packages/airflow/example_dags/tutorial_taskflow_api.py
[2023-06-03T20:54:17.172+0000] {logging_mixin.py:149} INFO - [2023-06-03T20:54:17.172+0000] {dag.py:2726} INFO - Sync 1 DAGs
[2023-06-03T20:54:17.189+0000] {logging_mixin.py:149} INFO - [2023-06-03T20:54:17.189+0000] {dag.py:3490} INFO - Setting next_dagrun for tutorial_taskflow_api to None, run_after=None
[2023-06-03T20:54:17.205+0000] {processor.py:179} INFO - Processing /home/airflow/.local/lib/python3.7/site-packages/airflow/example_dags/tutorial_taskflow_api.py took 0.058 seconds
[2023-06-03T20:54:47.407+0000] {processor.py:157} INFO - Started process (PID=14838) to work on /home/airflow/.local/lib/python3.7/site-packages/airflow/example_dags/tutorial_taskflow_api.py
[2023-06-03T20:54:47.408+0000] {processor.py:826} INFO - Processing file /home/airflow/.local/lib/python3.7/site-packages/airflow/example_dags/tutorial_taskflow_api.py for tasks to queue
[2023-06-03T20:54:47.408+0000] {logging_mixin.py:149} INFO - [2023-06-03T20:54:47.408+0000] {dagbag.py:541} INFO - Filling up the DagBag from /home/airflow/.local/lib/python3.7/site-packages/airflow/example_dags/tutorial_taskflow_api.py
[2023-06-03T20:54:47.413+0000] {processor.py:836} INFO - DAG(s) dict_keys(['tutorial_taskflow_api']) retrieved from /home/airflow/.local/lib/python3.7/site-packages/airflow/example_dags/tutorial_taskflow_api.py
[2023-06-03T20:54:47.432+0000] {logging_mixin.py:149} INFO - [2023-06-03T20:54:47.432+0000] {dag.py:2726} INFO - Sync 1 DAGs
[2023-06-03T20:54:47.450+0000] {logging_mixin.py:149} INFO - [2023-06-03T20:54:47.450+0000] {dag.py:3490} INFO - Setting next_dagrun for tutorial_taskflow_api to None, run_after=None
[2023-06-03T20:54:47.465+0000] {processor.py:179} INFO - Processing /home/airflow/.local/lib/python3.7/site-packages/airflow/example_dags/tutorial_taskflow_api.py took 0.061 seconds
[2023-06-03T20:55:17.751+0000] {processor.py:157} INFO - Started process (PID=15090) to work on /home/airflow/.local/lib/python3.7/site-packages/airflow/example_dags/tutorial_taskflow_api.py
[2023-06-03T20:55:17.752+0000] {processor.py:826} INFO - Processing file /home/airflow/.local/lib/python3.7/site-packages/airflow/example_dags/tutorial_taskflow_api.py for tasks to queue
[2023-06-03T20:55:17.753+0000] {logging_mixin.py:149} INFO - [2023-06-03T20:55:17.753+0000] {dagbag.py:541} INFO - Filling up the DagBag from /home/airflow/.local/lib/python3.7/site-packages/airflow/example_dags/tutorial_taskflow_api.py
[2023-06-03T20:55:17.759+0000] {processor.py:836} INFO - DAG(s) dict_keys(['tutorial_taskflow_api']) retrieved from /home/airflow/.local/lib/python3.7/site-packages/airflow/example_dags/tutorial_taskflow_api.py
[2023-06-03T20:55:17.786+0000] {logging_mixin.py:149} INFO - [2023-06-03T20:55:17.786+0000] {dag.py:2726} INFO - Sync 1 DAGs
[2023-06-03T20:55:17.804+0000] {logging_mixin.py:149} INFO - [2023-06-03T20:55:17.804+0000] {dag.py:3490} INFO - Setting next_dagrun for tutorial_taskflow_api to None, run_after=None
[2023-06-03T20:55:17.821+0000] {processor.py:179} INFO - Processing /home/airflow/.local/lib/python3.7/site-packages/airflow/example_dags/tutorial_taskflow_api.py took 0.073 seconds
[2023-06-03T20:55:48.799+0000] {processor.py:157} INFO - Started process (PID=15344) to work on /home/airflow/.local/lib/python3.7/site-packages/airflow/example_dags/tutorial_taskflow_api.py
[2023-06-03T20:55:48.800+0000] {processor.py:826} INFO - Processing file /home/airflow/.local/lib/python3.7/site-packages/airflow/example_dags/tutorial_taskflow_api.py for tasks to queue
[2023-06-03T20:55:48.801+0000] {logging_mixin.py:149} INFO - [2023-06-03T20:55:48.801+0000] {dagbag.py:541} INFO - Filling up the DagBag from /home/airflow/.local/lib/python3.7/site-packages/airflow/example_dags/tutorial_taskflow_api.py
[2023-06-03T20:55:48.805+0000] {processor.py:836} INFO - DAG(s) dict_keys(['tutorial_taskflow_api']) retrieved from /home/airflow/.local/lib/python3.7/site-packages/airflow/example_dags/tutorial_taskflow_api.py
[2023-06-03T20:55:48.823+0000] {logging_mixin.py:149} INFO - [2023-06-03T20:55:48.823+0000] {dag.py:2726} INFO - Sync 1 DAGs
[2023-06-03T20:55:48.841+0000] {logging_mixin.py:149} INFO - [2023-06-03T20:55:48.841+0000] {dag.py:3490} INFO - Setting next_dagrun for tutorial_taskflow_api to None, run_after=None
[2023-06-03T20:55:48.859+0000] {processor.py:179} INFO - Processing /home/airflow/.local/lib/python3.7/site-packages/airflow/example_dags/tutorial_taskflow_api.py took 0.061 seconds
[2023-06-03T20:56:19.421+0000] {processor.py:157} INFO - Started process (PID=15596) to work on /home/airflow/.local/lib/python3.7/site-packages/airflow/example_dags/tutorial_taskflow_api.py
[2023-06-03T20:56:19.422+0000] {processor.py:826} INFO - Processing file /home/airflow/.local/lib/python3.7/site-packages/airflow/example_dags/tutorial_taskflow_api.py for tasks to queue
[2023-06-03T20:56:19.423+0000] {logging_mixin.py:149} INFO - [2023-06-03T20:56:19.423+0000] {dagbag.py:541} INFO - Filling up the DagBag from /home/airflow/.local/lib/python3.7/site-packages/airflow/example_dags/tutorial_taskflow_api.py
[2023-06-03T20:56:19.428+0000] {processor.py:836} INFO - DAG(s) dict_keys(['tutorial_taskflow_api']) retrieved from /home/airflow/.local/lib/python3.7/site-packages/airflow/example_dags/tutorial_taskflow_api.py
[2023-06-03T20:56:19.446+0000] {logging_mixin.py:149} INFO - [2023-06-03T20:56:19.446+0000] {dag.py:2726} INFO - Sync 1 DAGs
[2023-06-03T20:56:19.463+0000] {logging_mixin.py:149} INFO - [2023-06-03T20:56:19.463+0000] {dag.py:3490} INFO - Setting next_dagrun for tutorial_taskflow_api to None, run_after=None
[2023-06-03T20:56:19.479+0000] {processor.py:179} INFO - Processing /home/airflow/.local/lib/python3.7/site-packages/airflow/example_dags/tutorial_taskflow_api.py took 0.060 seconds
[2023-06-03T20:56:49.568+0000] {processor.py:157} INFO - Started process (PID=15846) to work on /home/airflow/.local/lib/python3.7/site-packages/airflow/example_dags/tutorial_taskflow_api.py
[2023-06-03T20:56:49.569+0000] {processor.py:826} INFO - Processing file /home/airflow/.local/lib/python3.7/site-packages/airflow/example_dags/tutorial_taskflow_api.py for tasks to queue
[2023-06-03T20:56:49.570+0000] {logging_mixin.py:149} INFO - [2023-06-03T20:56:49.570+0000] {dagbag.py:541} INFO - Filling up the DagBag from /home/airflow/.local/lib/python3.7/site-packages/airflow/example_dags/tutorial_taskflow_api.py
[2023-06-03T20:56:49.574+0000] {processor.py:836} INFO - DAG(s) dict_keys(['tutorial_taskflow_api']) retrieved from /home/airflow/.local/lib/python3.7/site-packages/airflow/example_dags/tutorial_taskflow_api.py
[2023-06-03T20:56:49.591+0000] {logging_mixin.py:149} INFO - [2023-06-03T20:56:49.591+0000] {dag.py:2726} INFO - Sync 1 DAGs
[2023-06-03T20:56:49.609+0000] {logging_mixin.py:149} INFO - [2023-06-03T20:56:49.609+0000] {dag.py:3490} INFO - Setting next_dagrun for tutorial_taskflow_api to None, run_after=None
[2023-06-03T20:56:49.624+0000] {processor.py:179} INFO - Processing /home/airflow/.local/lib/python3.7/site-packages/airflow/example_dags/tutorial_taskflow_api.py took 0.058 seconds
[2023-06-03T20:57:19.951+0000] {processor.py:157} INFO - Started process (PID=16098) to work on /home/airflow/.local/lib/python3.7/site-packages/airflow/example_dags/tutorial_taskflow_api.py
[2023-06-03T20:57:19.952+0000] {processor.py:826} INFO - Processing file /home/airflow/.local/lib/python3.7/site-packages/airflow/example_dags/tutorial_taskflow_api.py for tasks to queue
[2023-06-03T20:57:19.953+0000] {logging_mixin.py:149} INFO - [2023-06-03T20:57:19.953+0000] {dagbag.py:541} INFO - Filling up the DagBag from /home/airflow/.local/lib/python3.7/site-packages/airflow/example_dags/tutorial_taskflow_api.py
[2023-06-03T20:57:19.958+0000] {processor.py:836} INFO - DAG(s) dict_keys(['tutorial_taskflow_api']) retrieved from /home/airflow/.local/lib/python3.7/site-packages/airflow/example_dags/tutorial_taskflow_api.py
[2023-06-03T20:57:19.975+0000] {logging_mixin.py:149} INFO - [2023-06-03T20:57:19.975+0000] {dag.py:2726} INFO - Sync 1 DAGs
[2023-06-03T20:57:19.993+0000] {logging_mixin.py:149} INFO - [2023-06-03T20:57:19.993+0000] {dag.py:3490} INFO - Setting next_dagrun for tutorial_taskflow_api to None, run_after=None
[2023-06-03T20:57:20.010+0000] {processor.py:179} INFO - Processing /home/airflow/.local/lib/python3.7/site-packages/airflow/example_dags/tutorial_taskflow_api.py took 0.061 seconds
[2023-06-03T20:57:50.619+0000] {processor.py:157} INFO - Started process (PID=16352) to work on /home/airflow/.local/lib/python3.7/site-packages/airflow/example_dags/tutorial_taskflow_api.py
[2023-06-03T20:57:50.620+0000] {processor.py:826} INFO - Processing file /home/airflow/.local/lib/python3.7/site-packages/airflow/example_dags/tutorial_taskflow_api.py for tasks to queue
[2023-06-03T20:57:50.621+0000] {logging_mixin.py:149} INFO - [2023-06-03T20:57:50.621+0000] {dagbag.py:541} INFO - Filling up the DagBag from /home/airflow/.local/lib/python3.7/site-packages/airflow/example_dags/tutorial_taskflow_api.py
[2023-06-03T20:57:50.626+0000] {processor.py:836} INFO - DAG(s) dict_keys(['tutorial_taskflow_api']) retrieved from /home/airflow/.local/lib/python3.7/site-packages/airflow/example_dags/tutorial_taskflow_api.py
[2023-06-03T20:57:50.643+0000] {logging_mixin.py:149} INFO - [2023-06-03T20:57:50.643+0000] {dag.py:2726} INFO - Sync 1 DAGs
[2023-06-03T20:57:50.662+0000] {logging_mixin.py:149} INFO - [2023-06-03T20:57:50.661+0000] {dag.py:3490} INFO - Setting next_dagrun for tutorial_taskflow_api to None, run_after=None
[2023-06-03T20:57:50.678+0000] {processor.py:179} INFO - Processing /home/airflow/.local/lib/python3.7/site-packages/airflow/example_dags/tutorial_taskflow_api.py took 0.062 seconds
[2023-06-03T20:58:21.061+0000] {processor.py:157} INFO - Started process (PID=16604) to work on /home/airflow/.local/lib/python3.7/site-packages/airflow/example_dags/tutorial_taskflow_api.py
[2023-06-03T20:58:21.062+0000] {processor.py:826} INFO - Processing file /home/airflow/.local/lib/python3.7/site-packages/airflow/example_dags/tutorial_taskflow_api.py for tasks to queue
[2023-06-03T20:58:21.063+0000] {logging_mixin.py:149} INFO - [2023-06-03T20:58:21.063+0000] {dagbag.py:541} INFO - Filling up the DagBag from /home/airflow/.local/lib/python3.7/site-packages/airflow/example_dags/tutorial_taskflow_api.py
[2023-06-03T20:58:21.068+0000] {processor.py:836} INFO - DAG(s) dict_keys(['tutorial_taskflow_api']) retrieved from /home/airflow/.local/lib/python3.7/site-packages/airflow/example_dags/tutorial_taskflow_api.py
[2023-06-03T20:58:21.089+0000] {logging_mixin.py:149} INFO - [2023-06-03T20:58:21.089+0000] {dag.py:2726} INFO - Sync 1 DAGs
[2023-06-03T20:58:21.107+0000] {logging_mixin.py:149} INFO - [2023-06-03T20:58:21.107+0000] {dag.py:3490} INFO - Setting next_dagrun for tutorial_taskflow_api to None, run_after=None
[2023-06-03T20:58:21.122+0000] {processor.py:179} INFO - Processing /home/airflow/.local/lib/python3.7/site-packages/airflow/example_dags/tutorial_taskflow_api.py took 0.063 seconds
[2023-06-03T20:58:51.428+0000] {processor.py:157} INFO - Started process (PID=16854) to work on /home/airflow/.local/lib/python3.7/site-packages/airflow/example_dags/tutorial_taskflow_api.py
[2023-06-03T20:58:51.430+0000] {processor.py:826} INFO - Processing file /home/airflow/.local/lib/python3.7/site-packages/airflow/example_dags/tutorial_taskflow_api.py for tasks to queue
[2023-06-03T20:58:51.431+0000] {logging_mixin.py:149} INFO - [2023-06-03T20:58:51.431+0000] {dagbag.py:541} INFO - Filling up the DagBag from /home/airflow/.local/lib/python3.7/site-packages/airflow/example_dags/tutorial_taskflow_api.py
[2023-06-03T20:58:51.436+0000] {processor.py:836} INFO - DAG(s) dict_keys(['tutorial_taskflow_api']) retrieved from /home/airflow/.local/lib/python3.7/site-packages/airflow/example_dags/tutorial_taskflow_api.py
[2023-06-03T20:58:51.453+0000] {logging_mixin.py:149} INFO - [2023-06-03T20:58:51.453+0000] {dag.py:2726} INFO - Sync 1 DAGs
[2023-06-03T20:58:51.471+0000] {logging_mixin.py:149} INFO - [2023-06-03T20:58:51.471+0000] {dag.py:3490} INFO - Setting next_dagrun for tutorial_taskflow_api to None, run_after=None
[2023-06-03T20:58:51.487+0000] {processor.py:179} INFO - Processing /home/airflow/.local/lib/python3.7/site-packages/airflow/example_dags/tutorial_taskflow_api.py took 0.061 seconds
[2023-06-03T20:59:22.241+0000] {processor.py:157} INFO - Started process (PID=17106) to work on /home/airflow/.local/lib/python3.7/site-packages/airflow/example_dags/tutorial_taskflow_api.py
[2023-06-03T20:59:22.242+0000] {processor.py:826} INFO - Processing file /home/airflow/.local/lib/python3.7/site-packages/airflow/example_dags/tutorial_taskflow_api.py for tasks to queue
[2023-06-03T20:59:22.243+0000] {logging_mixin.py:149} INFO - [2023-06-03T20:59:22.243+0000] {dagbag.py:541} INFO - Filling up the DagBag from /home/airflow/.local/lib/python3.7/site-packages/airflow/example_dags/tutorial_taskflow_api.py
[2023-06-03T20:59:22.247+0000] {processor.py:836} INFO - DAG(s) dict_keys(['tutorial_taskflow_api']) retrieved from /home/airflow/.local/lib/python3.7/site-packages/airflow/example_dags/tutorial_taskflow_api.py
[2023-06-03T20:59:22.264+0000] {logging_mixin.py:149} INFO - [2023-06-03T20:59:22.264+0000] {dag.py:2726} INFO - Sync 1 DAGs
[2023-06-03T20:59:22.281+0000] {logging_mixin.py:149} INFO - [2023-06-03T20:59:22.281+0000] {dag.py:3490} INFO - Setting next_dagrun for tutorial_taskflow_api to None, run_after=None
[2023-06-03T20:59:22.299+0000] {processor.py:179} INFO - Processing /home/airflow/.local/lib/python3.7/site-packages/airflow/example_dags/tutorial_taskflow_api.py took 0.062 seconds
[2023-06-03T20:59:53.297+0000] {processor.py:157} INFO - Started process (PID=17358) to work on /home/airflow/.local/lib/python3.7/site-packages/airflow/example_dags/tutorial_taskflow_api.py
[2023-06-03T20:59:53.299+0000] {processor.py:826} INFO - Processing file /home/airflow/.local/lib/python3.7/site-packages/airflow/example_dags/tutorial_taskflow_api.py for tasks to queue
[2023-06-03T20:59:53.300+0000] {logging_mixin.py:149} INFO - [2023-06-03T20:59:53.300+0000] {dagbag.py:541} INFO - Filling up the DagBag from /home/airflow/.local/lib/python3.7/site-packages/airflow/example_dags/tutorial_taskflow_api.py
[2023-06-03T20:59:53.304+0000] {processor.py:836} INFO - DAG(s) dict_keys(['tutorial_taskflow_api']) retrieved from /home/airflow/.local/lib/python3.7/site-packages/airflow/example_dags/tutorial_taskflow_api.py
[2023-06-03T20:59:53.322+0000] {logging_mixin.py:149} INFO - [2023-06-03T20:59:53.322+0000] {dag.py:2726} INFO - Sync 1 DAGs
[2023-06-03T20:59:53.339+0000] {logging_mixin.py:149} INFO - [2023-06-03T20:59:53.339+0000] {dag.py:3490} INFO - Setting next_dagrun for tutorial_taskflow_api to None, run_after=None
[2023-06-03T20:59:53.409+0000] {processor.py:179} INFO - Processing /home/airflow/.local/lib/python3.7/site-packages/airflow/example_dags/tutorial_taskflow_api.py took 0.114 seconds
[2023-06-03T21:00:23.709+0000] {processor.py:157} INFO - Started process (PID=17610) to work on /home/airflow/.local/lib/python3.7/site-packages/airflow/example_dags/tutorial_taskflow_api.py
[2023-06-03T21:00:23.710+0000] {processor.py:826} INFO - Processing file /home/airflow/.local/lib/python3.7/site-packages/airflow/example_dags/tutorial_taskflow_api.py for tasks to queue
[2023-06-03T21:00:23.711+0000] {logging_mixin.py:149} INFO - [2023-06-03T21:00:23.711+0000] {dagbag.py:541} INFO - Filling up the DagBag from /home/airflow/.local/lib/python3.7/site-packages/airflow/example_dags/tutorial_taskflow_api.py
[2023-06-03T21:00:23.715+0000] {processor.py:836} INFO - DAG(s) dict_keys(['tutorial_taskflow_api']) retrieved from /home/airflow/.local/lib/python3.7/site-packages/airflow/example_dags/tutorial_taskflow_api.py
[2023-06-03T21:00:23.735+0000] {logging_mixin.py:149} INFO - [2023-06-03T21:00:23.735+0000] {dag.py:2726} INFO - Sync 1 DAGs
[2023-06-03T21:00:23.754+0000] {logging_mixin.py:149} INFO - [2023-06-03T21:00:23.754+0000] {dag.py:3490} INFO - Setting next_dagrun for tutorial_taskflow_api to None, run_after=None
[2023-06-03T21:00:23.771+0000] {processor.py:179} INFO - Processing /home/airflow/.local/lib/python3.7/site-packages/airflow/example_dags/tutorial_taskflow_api.py took 0.063 seconds
[2023-06-03T21:00:55.142+0000] {processor.py:157} INFO - Started process (PID=17862) to work on /home/airflow/.local/lib/python3.7/site-packages/airflow/example_dags/tutorial_taskflow_api.py
[2023-06-03T21:00:55.144+0000] {processor.py:826} INFO - Processing file /home/airflow/.local/lib/python3.7/site-packages/airflow/example_dags/tutorial_taskflow_api.py for tasks to queue
[2023-06-03T21:00:55.146+0000] {logging_mixin.py:149} INFO - [2023-06-03T21:00:55.146+0000] {dagbag.py:541} INFO - Filling up the DagBag from /home/airflow/.local/lib/python3.7/site-packages/airflow/example_dags/tutorial_taskflow_api.py
[2023-06-03T21:00:55.157+0000] {processor.py:836} INFO - DAG(s) dict_keys(['tutorial_taskflow_api']) retrieved from /home/airflow/.local/lib/python3.7/site-packages/airflow/example_dags/tutorial_taskflow_api.py
[2023-06-03T21:00:55.195+0000] {logging_mixin.py:149} INFO - [2023-06-03T21:00:55.195+0000] {dag.py:2726} INFO - Sync 1 DAGs
[2023-06-03T21:00:55.234+0000] {logging_mixin.py:149} INFO - [2023-06-03T21:00:55.234+0000] {dag.py:3490} INFO - Setting next_dagrun for tutorial_taskflow_api to None, run_after=None
[2023-06-03T21:00:55.265+0000] {processor.py:179} INFO - Processing /home/airflow/.local/lib/python3.7/site-packages/airflow/example_dags/tutorial_taskflow_api.py took 0.127 seconds
