[2023-06-04T00:34:25.551+0000] {logging_mixin.py:149} INFO - Changing /opt/***/logs/dag_id=example_bash_operator/run_id=scheduled__2023-06-03T00:00:00+00:00/task_id=runme_1 permission to 509
[2023-06-04T00:34:25.552+0000] {logging_mixin.py:149} INFO - Failed to change /opt/***/logs/dag_id=example_bash_operator/run_id=scheduled__2023-06-03T00:00:00+00:00/task_id=runme_1 permission to 509: [Errno 1] Operation not permitted: '/opt/***/logs/dag_id=example_bash_operator/run_id=scheduled__2023-06-03T00:00:00+00:00/task_id=runme_1'
[2023-06-04T00:34:25.603+0000] {logging_mixin.py:149} INFO - Changing /opt/***/logs/dag_id=example_bash_operator/run_id=scheduled__2023-06-03T00:00:00+00:00/task_id=runme_1 permission to 509
[2023-06-04T00:34:25.605+0000] {logging_mixin.py:149} INFO - Failed to change /opt/***/logs/dag_id=example_bash_operator/run_id=scheduled__2023-06-03T00:00:00+00:00/task_id=runme_1 permission to 509: [Errno 1] Operation not permitted: '/opt/***/logs/dag_id=example_bash_operator/run_id=scheduled__2023-06-03T00:00:00+00:00/task_id=runme_1'
[2023-06-04T00:34:25.675+0000] {taskinstance.py:1103} INFO - Dependencies all met for dep_context=non-requeueable deps ti=<TaskInstance: example_bash_operator.runme_1 scheduled__2023-06-03T00:00:00+00:00 [queued]>
[2023-06-04T00:34:25.690+0000] {taskinstance.py:1103} INFO - Dependencies all met for dep_context=requeueable deps ti=<TaskInstance: example_bash_operator.runme_1 scheduled__2023-06-03T00:00:00+00:00 [queued]>
[2023-06-04T00:34:25.692+0000] {taskinstance.py:1308} INFO - Starting attempt 1 of 1
[2023-06-04T00:34:25.714+0000] {taskinstance.py:1327} INFO - Executing <Task(BashOperator): runme_1> on 2023-06-03 00:00:00+00:00
[2023-06-04T00:34:25.724+0000] {standard_task_runner.py:57} INFO - Started process 18095 to run task
[2023-06-04T00:34:25.729+0000] {standard_task_runner.py:84} INFO - Running: ['***', 'tasks', 'run', 'example_bash_operator', 'runme_1', 'scheduled__2023-06-03T00:00:00+00:00', '--job-id', '10', '--raw', '--subdir', '/home/***/.local/lib/python3.7/site-packages/***/example_dags/example_bash_operator.py', '--cfg-path', '/tmp/tmp6d845nxr']
[2023-06-04T00:34:25.732+0000] {standard_task_runner.py:85} INFO - Job 10: Subtask runme_1
[2023-06-04T00:34:25.811+0000] {logging_mixin.py:149} INFO - Changing /opt/***/logs/dag_id=example_bash_operator/run_id=scheduled__2023-06-03T00:00:00+00:00/task_id=runme_1 permission to 509
[2023-06-04T00:34:25.812+0000] {logging_mixin.py:149} INFO - Failed to change /opt/***/logs/dag_id=example_bash_operator/run_id=scheduled__2023-06-03T00:00:00+00:00/task_id=runme_1 permission to 509: [Errno 1] Operation not permitted: '/opt/***/logs/dag_id=example_bash_operator/run_id=scheduled__2023-06-03T00:00:00+00:00/task_id=runme_1'
[2023-06-04T00:34:25.817+0000] {task_command.py:410} INFO - Running <TaskInstance: example_bash_operator.runme_1 scheduled__2023-06-03T00:00:00+00:00 [running]> on host cd81537d5f1e
[2023-06-04T00:34:25.961+0000] {taskinstance.py:1547} INFO - Exporting env vars: AIRFLOW_CTX_DAG_OWNER='***' AIRFLOW_CTX_DAG_ID='example_bash_operator' AIRFLOW_CTX_TASK_ID='runme_1' AIRFLOW_CTX_EXECUTION_DATE='2023-06-03T00:00:00+00:00' AIRFLOW_CTX_TRY_NUMBER='1' AIRFLOW_CTX_DAG_RUN_ID='scheduled__2023-06-03T00:00:00+00:00'
[2023-06-04T00:34:25.965+0000] {subprocess.py:63} INFO - Tmp dir root location: 
 /tmp
[2023-06-04T00:34:25.968+0000] {subprocess.py:75} INFO - Running command: ['/bin/bash', '-c', 'echo "example_bash_operator__runme_1__20230603" && sleep 1']
[2023-06-04T00:34:25.979+0000] {subprocess.py:86} INFO - Output:
[2023-06-04T00:34:25.980+0000] {subprocess.py:93} INFO - example_bash_operator__runme_1__20230603
[2023-06-04T00:34:26.982+0000] {subprocess.py:97} INFO - Command exited with return code 0
[2023-06-04T00:34:27.022+0000] {taskinstance.py:1350} INFO - Marking task as SUCCESS. dag_id=example_bash_operator, task_id=runme_1, execution_date=20230603T000000, start_date=20230604T003425, end_date=20230604T003427
[2023-06-04T00:34:27.068+0000] {local_task_job_runner.py:225} INFO - Task exited with return code 0
[2023-06-04T00:34:27.149+0000] {taskinstance.py:2651} INFO - 0 downstream tasks scheduled from follow-on schedule check
