[2023-06-04T00:34:25.557+0000] {logging_mixin.py:149} INFO - Changing /opt/***/logs/dag_id=example_bash_operator/run_id=scheduled__2023-06-03T00:00:00+00:00/task_id=this_will_skip permission to 509
[2023-06-04T00:34:25.559+0000] {logging_mixin.py:149} INFO - Failed to change /opt/***/logs/dag_id=example_bash_operator/run_id=scheduled__2023-06-03T00:00:00+00:00/task_id=this_will_skip permission to 509: [Errno 1] Operation not permitted: '/opt/***/logs/dag_id=example_bash_operator/run_id=scheduled__2023-06-03T00:00:00+00:00/task_id=this_will_skip'
[2023-06-04T00:34:25.620+0000] {logging_mixin.py:149} INFO - Changing /opt/***/logs/dag_id=example_bash_operator/run_id=scheduled__2023-06-03T00:00:00+00:00/task_id=this_will_skip permission to 509
[2023-06-04T00:34:25.623+0000] {logging_mixin.py:149} INFO - Failed to change /opt/***/logs/dag_id=example_bash_operator/run_id=scheduled__2023-06-03T00:00:00+00:00/task_id=this_will_skip permission to 509: [Errno 1] Operation not permitted: '/opt/***/logs/dag_id=example_bash_operator/run_id=scheduled__2023-06-03T00:00:00+00:00/task_id=this_will_skip'
[2023-06-04T00:34:25.675+0000] {taskinstance.py:1103} INFO - Dependencies all met for dep_context=non-requeueable deps ti=<TaskInstance: example_bash_operator.this_will_skip scheduled__2023-06-03T00:00:00+00:00 [queued]>
[2023-06-04T00:34:25.688+0000] {taskinstance.py:1103} INFO - Dependencies all met for dep_context=requeueable deps ti=<TaskInstance: example_bash_operator.this_will_skip scheduled__2023-06-03T00:00:00+00:00 [queued]>
[2023-06-04T00:34:25.689+0000] {taskinstance.py:1308} INFO - Starting attempt 1 of 1
[2023-06-04T00:34:25.715+0000] {taskinstance.py:1327} INFO - Executing <Task(BashOperator): this_will_skip> on 2023-06-03 00:00:00+00:00
[2023-06-04T00:34:25.724+0000] {standard_task_runner.py:57} INFO - Started process 18094 to run task
[2023-06-04T00:34:25.729+0000] {standard_task_runner.py:84} INFO - Running: ['***', 'tasks', 'run', 'example_bash_operator', 'this_will_skip', 'scheduled__2023-06-03T00:00:00+00:00', '--job-id', '13', '--raw', '--subdir', '/home/***/.local/lib/python3.7/site-packages/***/example_dags/example_bash_operator.py', '--cfg-path', '/tmp/tmpeytr70y8']
[2023-06-04T00:34:25.732+0000] {standard_task_runner.py:85} INFO - Job 13: Subtask this_will_skip
[2023-06-04T00:34:25.820+0000] {logging_mixin.py:149} INFO - Changing /opt/***/logs/dag_id=example_bash_operator/run_id=scheduled__2023-06-03T00:00:00+00:00/task_id=this_will_skip permission to 509
[2023-06-04T00:34:25.821+0000] {logging_mixin.py:149} INFO - Failed to change /opt/***/logs/dag_id=example_bash_operator/run_id=scheduled__2023-06-03T00:00:00+00:00/task_id=this_will_skip permission to 509: [Errno 1] Operation not permitted: '/opt/***/logs/dag_id=example_bash_operator/run_id=scheduled__2023-06-03T00:00:00+00:00/task_id=this_will_skip'
[2023-06-04T00:34:25.826+0000] {task_command.py:410} INFO - Running <TaskInstance: example_bash_operator.this_will_skip scheduled__2023-06-03T00:00:00+00:00 [running]> on host cd81537d5f1e
[2023-06-04T00:34:25.957+0000] {taskinstance.py:1547} INFO - Exporting env vars: AIRFLOW_CTX_DAG_OWNER='***' AIRFLOW_CTX_DAG_ID='example_bash_operator' AIRFLOW_CTX_TASK_ID='this_will_skip' AIRFLOW_CTX_EXECUTION_DATE='2023-06-03T00:00:00+00:00' AIRFLOW_CTX_TRY_NUMBER='1' AIRFLOW_CTX_DAG_RUN_ID='scheduled__2023-06-03T00:00:00+00:00'
[2023-06-04T00:34:25.960+0000] {subprocess.py:63} INFO - Tmp dir root location: 
 /tmp
[2023-06-04T00:34:25.961+0000] {subprocess.py:75} INFO - Running command: ['/bin/bash', '-c', 'echo "hello world"; exit 99;']
[2023-06-04T00:34:25.975+0000] {subprocess.py:86} INFO - Output:
[2023-06-04T00:34:25.977+0000] {subprocess.py:93} INFO - hello world
[2023-06-04T00:34:25.978+0000] {subprocess.py:97} INFO - Command exited with return code 99
[2023-06-04T00:34:25.979+0000] {taskinstance.py:1431} INFO - Bash command returned exit code [99]. Skipping.
[2023-06-04T00:34:25.994+0000] {taskinstance.py:1350} INFO - Marking task as SKIPPED. dag_id=example_bash_operator, task_id=this_will_skip, execution_date=20230603T000000, start_date=20230604T003425, end_date=20230604T003425
[2023-06-04T00:34:26.022+0000] {local_task_job_runner.py:225} INFO - Task exited with return code 0
[2023-06-04T00:34:26.055+0000] {taskinstance.py:2651} INFO - 0 downstream tasks scheduled from follow-on schedule check
