[2023-06-04T00:34:25.564+0000] {logging_mixin.py:149} INFO - Changing /opt/***/logs/dag_id=example_bash_operator/run_id=scheduled__2023-06-03T00:00:00+00:00/task_id=also_run_this permission to 509
[2023-06-04T00:34:25.571+0000] {logging_mixin.py:149} INFO - Failed to change /opt/***/logs/dag_id=example_bash_operator/run_id=scheduled__2023-06-03T00:00:00+00:00/task_id=also_run_this permission to 509: [Errno 1] Operation not permitted: '/opt/***/logs/dag_id=example_bash_operator/run_id=scheduled__2023-06-03T00:00:00+00:00/task_id=also_run_this'
[2023-06-04T00:34:25.624+0000] {logging_mixin.py:149} INFO - Changing /opt/***/logs/dag_id=example_bash_operator/run_id=scheduled__2023-06-03T00:00:00+00:00/task_id=also_run_this permission to 509
[2023-06-04T00:34:25.626+0000] {logging_mixin.py:149} INFO - Failed to change /opt/***/logs/dag_id=example_bash_operator/run_id=scheduled__2023-06-03T00:00:00+00:00/task_id=also_run_this permission to 509: [Errno 1] Operation not permitted: '/opt/***/logs/dag_id=example_bash_operator/run_id=scheduled__2023-06-03T00:00:00+00:00/task_id=also_run_this'
[2023-06-04T00:34:25.676+0000] {taskinstance.py:1103} INFO - Dependencies all met for dep_context=non-requeueable deps ti=<TaskInstance: example_bash_operator.also_run_this scheduled__2023-06-03T00:00:00+00:00 [queued]>
[2023-06-04T00:34:25.689+0000] {taskinstance.py:1103} INFO - Dependencies all met for dep_context=requeueable deps ti=<TaskInstance: example_bash_operator.also_run_this scheduled__2023-06-03T00:00:00+00:00 [queued]>
[2023-06-04T00:34:25.691+0000] {taskinstance.py:1308} INFO - Starting attempt 1 of 1
[2023-06-04T00:34:25.718+0000] {taskinstance.py:1327} INFO - Executing <Task(BashOperator): also_run_this> on 2023-06-03 00:00:00+00:00
[2023-06-04T00:34:25.725+0000] {standard_task_runner.py:57} INFO - Started process 18096 to run task
[2023-06-04T00:34:25.731+0000] {standard_task_runner.py:84} INFO - Running: ['***', 'tasks', 'run', 'example_bash_operator', 'also_run_this', 'scheduled__2023-06-03T00:00:00+00:00', '--job-id', '14', '--raw', '--subdir', '/home/***/.local/lib/python3.7/site-packages/***/example_dags/example_bash_operator.py', '--cfg-path', '/tmp/tmpdi6os3os']
[2023-06-04T00:34:25.734+0000] {standard_task_runner.py:85} INFO - Job 14: Subtask also_run_this
[2023-06-04T00:34:25.826+0000] {logging_mixin.py:149} INFO - Changing /opt/***/logs/dag_id=example_bash_operator/run_id=scheduled__2023-06-03T00:00:00+00:00/task_id=also_run_this permission to 509
[2023-06-04T00:34:25.828+0000] {logging_mixin.py:149} INFO - Failed to change /opt/***/logs/dag_id=example_bash_operator/run_id=scheduled__2023-06-03T00:00:00+00:00/task_id=also_run_this permission to 509: [Errno 1] Operation not permitted: '/opt/***/logs/dag_id=example_bash_operator/run_id=scheduled__2023-06-03T00:00:00+00:00/task_id=also_run_this'
[2023-06-04T00:34:25.833+0000] {task_command.py:410} INFO - Running <TaskInstance: example_bash_operator.also_run_this scheduled__2023-06-03T00:00:00+00:00 [running]> on host cd81537d5f1e
[2023-06-04T00:34:25.974+0000] {taskinstance.py:1547} INFO - Exporting env vars: AIRFLOW_CTX_DAG_OWNER='***' AIRFLOW_CTX_DAG_ID='example_bash_operator' AIRFLOW_CTX_TASK_ID='also_run_this' AIRFLOW_CTX_EXECUTION_DATE='2023-06-03T00:00:00+00:00' AIRFLOW_CTX_TRY_NUMBER='1' AIRFLOW_CTX_DAG_RUN_ID='scheduled__2023-06-03T00:00:00+00:00'
[2023-06-04T00:34:25.976+0000] {subprocess.py:63} INFO - Tmp dir root location: 
 /tmp
[2023-06-04T00:34:25.978+0000] {subprocess.py:75} INFO - Running command: ['/bin/bash', '-c', 'echo "ti_key=example_bash_operator__also_run_this__20230603"']
[2023-06-04T00:34:25.989+0000] {subprocess.py:86} INFO - Output:
[2023-06-04T00:34:25.991+0000] {subprocess.py:93} INFO - ti_key=example_bash_operator__also_run_this__20230603
[2023-06-04T00:34:25.992+0000] {subprocess.py:97} INFO - Command exited with return code 0
[2023-06-04T00:34:26.022+0000] {taskinstance.py:1350} INFO - Marking task as SUCCESS. dag_id=example_bash_operator, task_id=also_run_this, execution_date=20230603T000000, start_date=20230604T003425, end_date=20230604T003426
[2023-06-04T00:34:26.065+0000] {local_task_job_runner.py:225} INFO - Task exited with return code 0
[2023-06-04T00:34:26.089+0000] {taskinstance.py:2651} INFO - 0 downstream tasks scheduled from follow-on schedule check
