[2023-06-04T00:34:23.688+0000] {processor.py:157} INFO - Started process (PID=17929) to work on /home/airflow/.local/lib/python3.7/site-packages/airflow/example_dags/example_branch_datetime_operator.py
[2023-06-04T00:34:23.691+0000] {processor.py:826} INFO - Processing file /home/airflow/.local/lib/python3.7/site-packages/airflow/example_dags/example_branch_datetime_operator.py for tasks to queue
[2023-06-04T00:34:23.694+0000] {logging_mixin.py:149} INFO - [2023-06-04T00:34:23.694+0000] {dagbag.py:541} INFO - Filling up the DagBag from /home/airflow/.local/lib/python3.7/site-packages/airflow/example_dags/example_branch_datetime_operator.py
[2023-06-04T00:34:23.739+0000] {processor.py:836} INFO - DAG(s) dict_keys(['example_branch_datetime_operator_3', 'example_branch_datetime_operator', 'example_branch_datetime_operator_2']) retrieved from /home/airflow/.local/lib/python3.7/site-packages/airflow/example_dags/example_branch_datetime_operator.py
[2023-06-04T00:34:23.847+0000] {logging_mixin.py:149} INFO - [2023-06-04T00:34:23.847+0000] {dag.py:2726} INFO - Sync 3 DAGs
[2023-06-04T00:34:23.943+0000] {logging_mixin.py:149} INFO - [2023-06-04T00:34:23.943+0000] {dag.py:3490} INFO - Setting next_dagrun for example_branch_datetime_operator to 2023-06-03T00:00:00+00:00, run_after=2023-06-04T00:00:00+00:00
[2023-06-04T00:34:23.955+0000] {logging_mixin.py:149} INFO - [2023-06-04T00:34:23.955+0000] {dag.py:3490} INFO - Setting next_dagrun for example_branch_datetime_operator_2 to 2023-06-03T00:00:00+00:00, run_after=2023-06-04T00:00:00+00:00
[2023-06-04T00:34:23.960+0000] {logging_mixin.py:149} INFO - [2023-06-04T00:34:23.960+0000] {dag.py:3490} INFO - Setting next_dagrun for example_branch_datetime_operator_3 to 2023-06-03T00:00:00+00:00, run_after=2023-06-04T00:00:00+00:00
[2023-06-04T00:34:24.007+0000] {processor.py:179} INFO - Processing /home/airflow/.local/lib/python3.7/site-packages/airflow/example_dags/example_branch_datetime_operator.py took 0.331 seconds
[2023-06-04T00:34:54.263+0000] {processor.py:157} INFO - Started process (PID=18316) to work on /home/airflow/.local/lib/python3.7/site-packages/airflow/example_dags/example_branch_datetime_operator.py
[2023-06-04T00:34:54.265+0000] {processor.py:826} INFO - Processing file /home/airflow/.local/lib/python3.7/site-packages/airflow/example_dags/example_branch_datetime_operator.py for tasks to queue
[2023-06-04T00:34:54.267+0000] {logging_mixin.py:149} INFO - [2023-06-04T00:34:54.266+0000] {dagbag.py:541} INFO - Filling up the DagBag from /home/airflow/.local/lib/python3.7/site-packages/airflow/example_dags/example_branch_datetime_operator.py
[2023-06-04T00:34:54.279+0000] {processor.py:836} INFO - DAG(s) dict_keys(['example_branch_datetime_operator', 'example_branch_datetime_operator_3', 'example_branch_datetime_operator_2']) retrieved from /home/airflow/.local/lib/python3.7/site-packages/airflow/example_dags/example_branch_datetime_operator.py
[2023-06-04T00:34:54.323+0000] {logging_mixin.py:149} INFO - [2023-06-04T00:34:54.323+0000] {dag.py:2726} INFO - Sync 3 DAGs
[2023-06-04T00:34:54.357+0000] {logging_mixin.py:149} INFO - [2023-06-04T00:34:54.357+0000] {dag.py:3490} INFO - Setting next_dagrun for example_branch_datetime_operator to 2023-06-03T00:00:00+00:00, run_after=2023-06-04T00:00:00+00:00
[2023-06-04T00:34:54.364+0000] {logging_mixin.py:149} INFO - [2023-06-04T00:34:54.363+0000] {dag.py:3490} INFO - Setting next_dagrun for example_branch_datetime_operator_2 to 2023-06-03T00:00:00+00:00, run_after=2023-06-04T00:00:00+00:00
[2023-06-04T00:34:54.368+0000] {logging_mixin.py:149} INFO - [2023-06-04T00:34:54.368+0000] {dag.py:3490} INFO - Setting next_dagrun for example_branch_datetime_operator_3 to 2023-06-03T00:00:00+00:00, run_after=2023-06-04T00:00:00+00:00
[2023-06-04T00:34:54.397+0000] {processor.py:179} INFO - Processing /home/airflow/.local/lib/python3.7/site-packages/airflow/example_dags/example_branch_datetime_operator.py took 0.137 seconds
[2023-06-04T00:35:24.526+0000] {processor.py:157} INFO - Started process (PID=18567) to work on /home/airflow/.local/lib/python3.7/site-packages/airflow/example_dags/example_branch_datetime_operator.py
[2023-06-04T00:35:24.527+0000] {processor.py:826} INFO - Processing file /home/airflow/.local/lib/python3.7/site-packages/airflow/example_dags/example_branch_datetime_operator.py for tasks to queue
[2023-06-04T00:35:24.529+0000] {logging_mixin.py:149} INFO - [2023-06-04T00:35:24.529+0000] {dagbag.py:541} INFO - Filling up the DagBag from /home/airflow/.local/lib/python3.7/site-packages/airflow/example_dags/example_branch_datetime_operator.py
[2023-06-04T00:35:24.541+0000] {processor.py:836} INFO - DAG(s) dict_keys(['example_branch_datetime_operator_3', 'example_branch_datetime_operator_2', 'example_branch_datetime_operator']) retrieved from /home/airflow/.local/lib/python3.7/site-packages/airflow/example_dags/example_branch_datetime_operator.py
[2023-06-04T00:35:24.577+0000] {logging_mixin.py:149} INFO - [2023-06-04T00:35:24.577+0000] {dag.py:2726} INFO - Sync 3 DAGs
[2023-06-04T00:35:24.607+0000] {logging_mixin.py:149} INFO - [2023-06-04T00:35:24.607+0000] {dag.py:3490} INFO - Setting next_dagrun for example_branch_datetime_operator to 2023-06-03T00:00:00+00:00, run_after=2023-06-04T00:00:00+00:00
[2023-06-04T00:35:24.614+0000] {logging_mixin.py:149} INFO - [2023-06-04T00:35:24.614+0000] {dag.py:3490} INFO - Setting next_dagrun for example_branch_datetime_operator_2 to 2023-06-03T00:00:00+00:00, run_after=2023-06-04T00:00:00+00:00
[2023-06-04T00:35:24.618+0000] {logging_mixin.py:149} INFO - [2023-06-04T00:35:24.618+0000] {dag.py:3490} INFO - Setting next_dagrun for example_branch_datetime_operator_3 to 2023-06-03T00:00:00+00:00, run_after=2023-06-04T00:00:00+00:00
[2023-06-04T00:35:24.642+0000] {processor.py:179} INFO - Processing /home/airflow/.local/lib/python3.7/site-packages/airflow/example_dags/example_branch_datetime_operator.py took 0.120 seconds
[2023-06-04T00:35:54.796+0000] {processor.py:157} INFO - Started process (PID=18819) to work on /home/airflow/.local/lib/python3.7/site-packages/airflow/example_dags/example_branch_datetime_operator.py
[2023-06-04T00:35:54.798+0000] {processor.py:826} INFO - Processing file /home/airflow/.local/lib/python3.7/site-packages/airflow/example_dags/example_branch_datetime_operator.py for tasks to queue
[2023-06-04T00:35:54.800+0000] {logging_mixin.py:149} INFO - [2023-06-04T00:35:54.800+0000] {dagbag.py:541} INFO - Filling up the DagBag from /home/airflow/.local/lib/python3.7/site-packages/airflow/example_dags/example_branch_datetime_operator.py
[2023-06-04T00:35:54.817+0000] {processor.py:836} INFO - DAG(s) dict_keys(['example_branch_datetime_operator_2', 'example_branch_datetime_operator', 'example_branch_datetime_operator_3']) retrieved from /home/airflow/.local/lib/python3.7/site-packages/airflow/example_dags/example_branch_datetime_operator.py
[2023-06-04T00:35:54.866+0000] {logging_mixin.py:149} INFO - [2023-06-04T00:35:54.866+0000] {dag.py:2726} INFO - Sync 3 DAGs
[2023-06-04T00:35:54.902+0000] {logging_mixin.py:149} INFO - [2023-06-04T00:35:54.902+0000] {dag.py:3490} INFO - Setting next_dagrun for example_branch_datetime_operator to 2023-06-03T00:00:00+00:00, run_after=2023-06-04T00:00:00+00:00
[2023-06-04T00:35:54.909+0000] {logging_mixin.py:149} INFO - [2023-06-04T00:35:54.909+0000] {dag.py:3490} INFO - Setting next_dagrun for example_branch_datetime_operator_2 to 2023-06-03T00:00:00+00:00, run_after=2023-06-04T00:00:00+00:00
[2023-06-04T00:35:54.913+0000] {logging_mixin.py:149} INFO - [2023-06-04T00:35:54.913+0000] {dag.py:3490} INFO - Setting next_dagrun for example_branch_datetime_operator_3 to 2023-06-03T00:00:00+00:00, run_after=2023-06-04T00:00:00+00:00
[2023-06-04T00:35:54.939+0000] {processor.py:179} INFO - Processing /home/airflow/.local/lib/python3.7/site-packages/airflow/example_dags/example_branch_datetime_operator.py took 0.148 seconds
[2023-06-04T00:36:25.069+0000] {processor.py:157} INFO - Started process (PID=19071) to work on /home/airflow/.local/lib/python3.7/site-packages/airflow/example_dags/example_branch_datetime_operator.py
[2023-06-04T00:36:25.071+0000] {processor.py:826} INFO - Processing file /home/airflow/.local/lib/python3.7/site-packages/airflow/example_dags/example_branch_datetime_operator.py for tasks to queue
[2023-06-04T00:36:25.072+0000] {logging_mixin.py:149} INFO - [2023-06-04T00:36:25.072+0000] {dagbag.py:541} INFO - Filling up the DagBag from /home/airflow/.local/lib/python3.7/site-packages/airflow/example_dags/example_branch_datetime_operator.py
[2023-06-04T00:36:25.087+0000] {processor.py:836} INFO - DAG(s) dict_keys(['example_branch_datetime_operator', 'example_branch_datetime_operator_2', 'example_branch_datetime_operator_3']) retrieved from /home/airflow/.local/lib/python3.7/site-packages/airflow/example_dags/example_branch_datetime_operator.py
[2023-06-04T00:36:25.126+0000] {logging_mixin.py:149} INFO - [2023-06-04T00:36:25.125+0000] {dag.py:2726} INFO - Sync 3 DAGs
[2023-06-04T00:36:25.156+0000] {logging_mixin.py:149} INFO - [2023-06-04T00:36:25.156+0000] {dag.py:3490} INFO - Setting next_dagrun for example_branch_datetime_operator to 2023-06-03T00:00:00+00:00, run_after=2023-06-04T00:00:00+00:00
[2023-06-04T00:36:25.163+0000] {logging_mixin.py:149} INFO - [2023-06-04T00:36:25.162+0000] {dag.py:3490} INFO - Setting next_dagrun for example_branch_datetime_operator_2 to 2023-06-03T00:00:00+00:00, run_after=2023-06-04T00:00:00+00:00
[2023-06-04T00:36:25.166+0000] {logging_mixin.py:149} INFO - [2023-06-04T00:36:25.166+0000] {dag.py:3490} INFO - Setting next_dagrun for example_branch_datetime_operator_3 to 2023-06-03T00:00:00+00:00, run_after=2023-06-04T00:00:00+00:00
[2023-06-04T00:36:25.190+0000] {processor.py:179} INFO - Processing /home/airflow/.local/lib/python3.7/site-packages/airflow/example_dags/example_branch_datetime_operator.py took 0.126 seconds
[2023-06-04T00:36:55.414+0000] {processor.py:157} INFO - Started process (PID=19323) to work on /home/airflow/.local/lib/python3.7/site-packages/airflow/example_dags/example_branch_datetime_operator.py
[2023-06-04T00:36:55.416+0000] {processor.py:826} INFO - Processing file /home/airflow/.local/lib/python3.7/site-packages/airflow/example_dags/example_branch_datetime_operator.py for tasks to queue
[2023-06-04T00:36:55.418+0000] {logging_mixin.py:149} INFO - [2023-06-04T00:36:55.417+0000] {dagbag.py:541} INFO - Filling up the DagBag from /home/airflow/.local/lib/python3.7/site-packages/airflow/example_dags/example_branch_datetime_operator.py
[2023-06-04T00:36:55.434+0000] {processor.py:836} INFO - DAG(s) dict_keys(['example_branch_datetime_operator', 'example_branch_datetime_operator_3', 'example_branch_datetime_operator_2']) retrieved from /home/airflow/.local/lib/python3.7/site-packages/airflow/example_dags/example_branch_datetime_operator.py
[2023-06-04T00:36:55.476+0000] {logging_mixin.py:149} INFO - [2023-06-04T00:36:55.476+0000] {dag.py:2726} INFO - Sync 3 DAGs
[2023-06-04T00:36:55.511+0000] {logging_mixin.py:149} INFO - [2023-06-04T00:36:55.510+0000] {dag.py:3490} INFO - Setting next_dagrun for example_branch_datetime_operator to 2023-06-03T00:00:00+00:00, run_after=2023-06-04T00:00:00+00:00
[2023-06-04T00:36:55.517+0000] {logging_mixin.py:149} INFO - [2023-06-04T00:36:55.517+0000] {dag.py:3490} INFO - Setting next_dagrun for example_branch_datetime_operator_2 to 2023-06-03T00:00:00+00:00, run_after=2023-06-04T00:00:00+00:00
[2023-06-04T00:36:55.521+0000] {logging_mixin.py:149} INFO - [2023-06-04T00:36:55.521+0000] {dag.py:3490} INFO - Setting next_dagrun for example_branch_datetime_operator_3 to 2023-06-03T00:00:00+00:00, run_after=2023-06-04T00:00:00+00:00
[2023-06-04T00:36:55.548+0000] {processor.py:179} INFO - Processing /home/airflow/.local/lib/python3.7/site-packages/airflow/example_dags/example_branch_datetime_operator.py took 0.138 seconds
[2023-06-04T00:37:25.751+0000] {processor.py:157} INFO - Started process (PID=19575) to work on /home/airflow/.local/lib/python3.7/site-packages/airflow/example_dags/example_branch_datetime_operator.py
[2023-06-04T00:37:25.752+0000] {processor.py:826} INFO - Processing file /home/airflow/.local/lib/python3.7/site-packages/airflow/example_dags/example_branch_datetime_operator.py for tasks to queue
[2023-06-04T00:37:25.754+0000] {logging_mixin.py:149} INFO - [2023-06-04T00:37:25.754+0000] {dagbag.py:541} INFO - Filling up the DagBag from /home/airflow/.local/lib/python3.7/site-packages/airflow/example_dags/example_branch_datetime_operator.py
[2023-06-04T00:37:25.770+0000] {processor.py:836} INFO - DAG(s) dict_keys(['example_branch_datetime_operator_2', 'example_branch_datetime_operator', 'example_branch_datetime_operator_3']) retrieved from /home/airflow/.local/lib/python3.7/site-packages/airflow/example_dags/example_branch_datetime_operator.py
[2023-06-04T00:37:25.812+0000] {logging_mixin.py:149} INFO - [2023-06-04T00:37:25.811+0000] {dag.py:2726} INFO - Sync 3 DAGs
[2023-06-04T00:37:25.848+0000] {logging_mixin.py:149} INFO - [2023-06-04T00:37:25.848+0000] {dag.py:3490} INFO - Setting next_dagrun for example_branch_datetime_operator to 2023-06-03T00:00:00+00:00, run_after=2023-06-04T00:00:00+00:00
[2023-06-04T00:37:25.855+0000] {logging_mixin.py:149} INFO - [2023-06-04T00:37:25.855+0000] {dag.py:3490} INFO - Setting next_dagrun for example_branch_datetime_operator_2 to 2023-06-03T00:00:00+00:00, run_after=2023-06-04T00:00:00+00:00
[2023-06-04T00:37:25.859+0000] {logging_mixin.py:149} INFO - [2023-06-04T00:37:25.859+0000] {dag.py:3490} INFO - Setting next_dagrun for example_branch_datetime_operator_3 to 2023-06-03T00:00:00+00:00, run_after=2023-06-04T00:00:00+00:00
[2023-06-04T00:37:25.898+0000] {processor.py:179} INFO - Processing /home/airflow/.local/lib/python3.7/site-packages/airflow/example_dags/example_branch_datetime_operator.py took 0.152 seconds
[2023-06-04T00:37:56.291+0000] {processor.py:157} INFO - Started process (PID=19826) to work on /home/airflow/.local/lib/python3.7/site-packages/airflow/example_dags/example_branch_datetime_operator.py
[2023-06-04T00:37:56.293+0000] {processor.py:826} INFO - Processing file /home/airflow/.local/lib/python3.7/site-packages/airflow/example_dags/example_branch_datetime_operator.py for tasks to queue
[2023-06-04T00:37:56.294+0000] {logging_mixin.py:149} INFO - [2023-06-04T00:37:56.294+0000] {dagbag.py:541} INFO - Filling up the DagBag from /home/airflow/.local/lib/python3.7/site-packages/airflow/example_dags/example_branch_datetime_operator.py
[2023-06-04T00:37:56.308+0000] {processor.py:836} INFO - DAG(s) dict_keys(['example_branch_datetime_operator_3', 'example_branch_datetime_operator', 'example_branch_datetime_operator_2']) retrieved from /home/airflow/.local/lib/python3.7/site-packages/airflow/example_dags/example_branch_datetime_operator.py
[2023-06-04T00:37:56.349+0000] {logging_mixin.py:149} INFO - [2023-06-04T00:37:56.349+0000] {dag.py:2726} INFO - Sync 3 DAGs
[2023-06-04T00:37:56.382+0000] {logging_mixin.py:149} INFO - [2023-06-04T00:37:56.382+0000] {dag.py:3490} INFO - Setting next_dagrun for example_branch_datetime_operator to 2023-06-03T00:00:00+00:00, run_after=2023-06-04T00:00:00+00:00
[2023-06-04T00:37:56.390+0000] {logging_mixin.py:149} INFO - [2023-06-04T00:37:56.390+0000] {dag.py:3490} INFO - Setting next_dagrun for example_branch_datetime_operator_2 to 2023-06-03T00:00:00+00:00, run_after=2023-06-04T00:00:00+00:00
[2023-06-04T00:37:56.394+0000] {logging_mixin.py:149} INFO - [2023-06-04T00:37:56.393+0000] {dag.py:3490} INFO - Setting next_dagrun for example_branch_datetime_operator_3 to 2023-06-03T00:00:00+00:00, run_after=2023-06-04T00:00:00+00:00
[2023-06-04T00:37:56.417+0000] {processor.py:179} INFO - Processing /home/airflow/.local/lib/python3.7/site-packages/airflow/example_dags/example_branch_datetime_operator.py took 0.130 seconds
[2023-06-04T00:38:27.092+0000] {processor.py:157} INFO - Started process (PID=20077) to work on /home/airflow/.local/lib/python3.7/site-packages/airflow/example_dags/example_branch_datetime_operator.py
[2023-06-04T00:38:27.094+0000] {processor.py:826} INFO - Processing file /home/airflow/.local/lib/python3.7/site-packages/airflow/example_dags/example_branch_datetime_operator.py for tasks to queue
[2023-06-04T00:38:27.097+0000] {logging_mixin.py:149} INFO - [2023-06-04T00:38:27.097+0000] {dagbag.py:541} INFO - Filling up the DagBag from /home/airflow/.local/lib/python3.7/site-packages/airflow/example_dags/example_branch_datetime_operator.py
[2023-06-04T00:38:27.111+0000] {processor.py:836} INFO - DAG(s) dict_keys(['example_branch_datetime_operator_3', 'example_branch_datetime_operator', 'example_branch_datetime_operator_2']) retrieved from /home/airflow/.local/lib/python3.7/site-packages/airflow/example_dags/example_branch_datetime_operator.py
[2023-06-04T00:38:27.151+0000] {logging_mixin.py:149} INFO - [2023-06-04T00:38:27.151+0000] {dag.py:2726} INFO - Sync 3 DAGs
[2023-06-04T00:38:27.182+0000] {logging_mixin.py:149} INFO - [2023-06-04T00:38:27.182+0000] {dag.py:3490} INFO - Setting next_dagrun for example_branch_datetime_operator to 2023-06-03T00:00:00+00:00, run_after=2023-06-04T00:00:00+00:00
[2023-06-04T00:38:27.188+0000] {logging_mixin.py:149} INFO - [2023-06-04T00:38:27.188+0000] {dag.py:3490} INFO - Setting next_dagrun for example_branch_datetime_operator_2 to 2023-06-03T00:00:00+00:00, run_after=2023-06-04T00:00:00+00:00
[2023-06-04T00:38:27.192+0000] {logging_mixin.py:149} INFO - [2023-06-04T00:38:27.192+0000] {dag.py:3490} INFO - Setting next_dagrun for example_branch_datetime_operator_3 to 2023-06-03T00:00:00+00:00, run_after=2023-06-04T00:00:00+00:00
[2023-06-04T00:38:27.215+0000] {processor.py:179} INFO - Processing /home/airflow/.local/lib/python3.7/site-packages/airflow/example_dags/example_branch_datetime_operator.py took 0.127 seconds
[2023-06-04T00:38:57.850+0000] {processor.py:157} INFO - Started process (PID=20329) to work on /home/airflow/.local/lib/python3.7/site-packages/airflow/example_dags/example_branch_datetime_operator.py
[2023-06-04T00:38:57.852+0000] {processor.py:826} INFO - Processing file /home/airflow/.local/lib/python3.7/site-packages/airflow/example_dags/example_branch_datetime_operator.py for tasks to queue
[2023-06-04T00:38:57.854+0000] {logging_mixin.py:149} INFO - [2023-06-04T00:38:57.853+0000] {dagbag.py:541} INFO - Filling up the DagBag from /home/airflow/.local/lib/python3.7/site-packages/airflow/example_dags/example_branch_datetime_operator.py
[2023-06-04T00:38:57.866+0000] {processor.py:836} INFO - DAG(s) dict_keys(['example_branch_datetime_operator_2', 'example_branch_datetime_operator_3', 'example_branch_datetime_operator']) retrieved from /home/airflow/.local/lib/python3.7/site-packages/airflow/example_dags/example_branch_datetime_operator.py
[2023-06-04T00:38:57.904+0000] {logging_mixin.py:149} INFO - [2023-06-04T00:38:57.904+0000] {dag.py:2726} INFO - Sync 3 DAGs
[2023-06-04T00:38:57.937+0000] {logging_mixin.py:149} INFO - [2023-06-04T00:38:57.937+0000] {dag.py:3490} INFO - Setting next_dagrun for example_branch_datetime_operator to 2023-06-03T00:00:00+00:00, run_after=2023-06-04T00:00:00+00:00
[2023-06-04T00:38:57.945+0000] {logging_mixin.py:149} INFO - [2023-06-04T00:38:57.944+0000] {dag.py:3490} INFO - Setting next_dagrun for example_branch_datetime_operator_2 to 2023-06-03T00:00:00+00:00, run_after=2023-06-04T00:00:00+00:00
[2023-06-04T00:38:57.949+0000] {logging_mixin.py:149} INFO - [2023-06-04T00:38:57.949+0000] {dag.py:3490} INFO - Setting next_dagrun for example_branch_datetime_operator_3 to 2023-06-03T00:00:00+00:00, run_after=2023-06-04T00:00:00+00:00
[2023-06-04T00:38:57.984+0000] {processor.py:179} INFO - Processing /home/airflow/.local/lib/python3.7/site-packages/airflow/example_dags/example_branch_datetime_operator.py took 0.137 seconds
[2023-06-04T00:39:28.576+0000] {processor.py:157} INFO - Started process (PID=20581) to work on /home/airflow/.local/lib/python3.7/site-packages/airflow/example_dags/example_branch_datetime_operator.py
[2023-06-04T00:39:28.577+0000] {processor.py:826} INFO - Processing file /home/airflow/.local/lib/python3.7/site-packages/airflow/example_dags/example_branch_datetime_operator.py for tasks to queue
[2023-06-04T00:39:28.579+0000] {logging_mixin.py:149} INFO - [2023-06-04T00:39:28.578+0000] {dagbag.py:541} INFO - Filling up the DagBag from /home/airflow/.local/lib/python3.7/site-packages/airflow/example_dags/example_branch_datetime_operator.py
[2023-06-04T00:39:28.593+0000] {processor.py:836} INFO - DAG(s) dict_keys(['example_branch_datetime_operator_3', 'example_branch_datetime_operator', 'example_branch_datetime_operator_2']) retrieved from /home/airflow/.local/lib/python3.7/site-packages/airflow/example_dags/example_branch_datetime_operator.py
[2023-06-04T00:39:28.630+0000] {logging_mixin.py:149} INFO - [2023-06-04T00:39:28.630+0000] {dag.py:2726} INFO - Sync 3 DAGs
[2023-06-04T00:39:28.662+0000] {logging_mixin.py:149} INFO - [2023-06-04T00:39:28.661+0000] {dag.py:3490} INFO - Setting next_dagrun for example_branch_datetime_operator to 2023-06-03T00:00:00+00:00, run_after=2023-06-04T00:00:00+00:00
[2023-06-04T00:39:28.669+0000] {logging_mixin.py:149} INFO - [2023-06-04T00:39:28.669+0000] {dag.py:3490} INFO - Setting next_dagrun for example_branch_datetime_operator_2 to 2023-06-03T00:00:00+00:00, run_after=2023-06-04T00:00:00+00:00
[2023-06-04T00:39:28.673+0000] {logging_mixin.py:149} INFO - [2023-06-04T00:39:28.673+0000] {dag.py:3490} INFO - Setting next_dagrun for example_branch_datetime_operator_3 to 2023-06-03T00:00:00+00:00, run_after=2023-06-04T00:00:00+00:00
[2023-06-04T00:39:28.698+0000] {processor.py:179} INFO - Processing /home/airflow/.local/lib/python3.7/site-packages/airflow/example_dags/example_branch_datetime_operator.py took 0.126 seconds
[2023-06-04T00:39:58.852+0000] {processor.py:157} INFO - Started process (PID=20833) to work on /home/airflow/.local/lib/python3.7/site-packages/airflow/example_dags/example_branch_datetime_operator.py
[2023-06-04T00:39:58.854+0000] {processor.py:826} INFO - Processing file /home/airflow/.local/lib/python3.7/site-packages/airflow/example_dags/example_branch_datetime_operator.py for tasks to queue
[2023-06-04T00:39:58.857+0000] {logging_mixin.py:149} INFO - [2023-06-04T00:39:58.856+0000] {dagbag.py:541} INFO - Filling up the DagBag from /home/airflow/.local/lib/python3.7/site-packages/airflow/example_dags/example_branch_datetime_operator.py
[2023-06-04T00:39:58.870+0000] {processor.py:836} INFO - DAG(s) dict_keys(['example_branch_datetime_operator', 'example_branch_datetime_operator_3', 'example_branch_datetime_operator_2']) retrieved from /home/airflow/.local/lib/python3.7/site-packages/airflow/example_dags/example_branch_datetime_operator.py
[2023-06-04T00:39:58.909+0000] {logging_mixin.py:149} INFO - [2023-06-04T00:39:58.908+0000] {dag.py:2726} INFO - Sync 3 DAGs
[2023-06-04T00:39:58.941+0000] {logging_mixin.py:149} INFO - [2023-06-04T00:39:58.941+0000] {dag.py:3490} INFO - Setting next_dagrun for example_branch_datetime_operator to 2023-06-03T00:00:00+00:00, run_after=2023-06-04T00:00:00+00:00
[2023-06-04T00:39:58.947+0000] {logging_mixin.py:149} INFO - [2023-06-04T00:39:58.947+0000] {dag.py:3490} INFO - Setting next_dagrun for example_branch_datetime_operator_2 to 2023-06-03T00:00:00+00:00, run_after=2023-06-04T00:00:00+00:00
[2023-06-04T00:39:58.951+0000] {logging_mixin.py:149} INFO - [2023-06-04T00:39:58.951+0000] {dag.py:3490} INFO - Setting next_dagrun for example_branch_datetime_operator_3 to 2023-06-03T00:00:00+00:00, run_after=2023-06-04T00:00:00+00:00
[2023-06-04T00:39:58.975+0000] {processor.py:179} INFO - Processing /home/airflow/.local/lib/python3.7/site-packages/airflow/example_dags/example_branch_datetime_operator.py took 0.127 seconds
[2023-06-04T00:40:29.183+0000] {processor.py:157} INFO - Started process (PID=21085) to work on /home/airflow/.local/lib/python3.7/site-packages/airflow/example_dags/example_branch_datetime_operator.py
[2023-06-04T00:40:29.185+0000] {processor.py:826} INFO - Processing file /home/airflow/.local/lib/python3.7/site-packages/airflow/example_dags/example_branch_datetime_operator.py for tasks to queue
[2023-06-04T00:40:29.186+0000] {logging_mixin.py:149} INFO - [2023-06-04T00:40:29.186+0000] {dagbag.py:541} INFO - Filling up the DagBag from /home/airflow/.local/lib/python3.7/site-packages/airflow/example_dags/example_branch_datetime_operator.py
[2023-06-04T00:40:29.202+0000] {processor.py:836} INFO - DAG(s) dict_keys(['example_branch_datetime_operator', 'example_branch_datetime_operator_3', 'example_branch_datetime_operator_2']) retrieved from /home/airflow/.local/lib/python3.7/site-packages/airflow/example_dags/example_branch_datetime_operator.py
[2023-06-04T00:40:29.245+0000] {logging_mixin.py:149} INFO - [2023-06-04T00:40:29.245+0000] {dag.py:2726} INFO - Sync 3 DAGs
[2023-06-04T00:40:29.280+0000] {logging_mixin.py:149} INFO - [2023-06-04T00:40:29.280+0000] {dag.py:3490} INFO - Setting next_dagrun for example_branch_datetime_operator to 2023-06-03T00:00:00+00:00, run_after=2023-06-04T00:00:00+00:00
[2023-06-04T00:40:29.287+0000] {logging_mixin.py:149} INFO - [2023-06-04T00:40:29.287+0000] {dag.py:3490} INFO - Setting next_dagrun for example_branch_datetime_operator_2 to 2023-06-03T00:00:00+00:00, run_after=2023-06-04T00:00:00+00:00
[2023-06-04T00:40:29.293+0000] {logging_mixin.py:149} INFO - [2023-06-04T00:40:29.293+0000] {dag.py:3490} INFO - Setting next_dagrun for example_branch_datetime_operator_3 to 2023-06-03T00:00:00+00:00, run_after=2023-06-04T00:00:00+00:00
[2023-06-04T00:40:29.324+0000] {processor.py:179} INFO - Processing /home/airflow/.local/lib/python3.7/site-packages/airflow/example_dags/example_branch_datetime_operator.py took 0.145 seconds
[2023-06-04T00:40:59.598+0000] {processor.py:157} INFO - Started process (PID=21337) to work on /home/airflow/.local/lib/python3.7/site-packages/airflow/example_dags/example_branch_datetime_operator.py
[2023-06-04T00:40:59.599+0000] {processor.py:826} INFO - Processing file /home/airflow/.local/lib/python3.7/site-packages/airflow/example_dags/example_branch_datetime_operator.py for tasks to queue
[2023-06-04T00:40:59.601+0000] {logging_mixin.py:149} INFO - [2023-06-04T00:40:59.601+0000] {dagbag.py:541} INFO - Filling up the DagBag from /home/airflow/.local/lib/python3.7/site-packages/airflow/example_dags/example_branch_datetime_operator.py
[2023-06-04T00:40:59.613+0000] {processor.py:836} INFO - DAG(s) dict_keys(['example_branch_datetime_operator', 'example_branch_datetime_operator_2', 'example_branch_datetime_operator_3']) retrieved from /home/airflow/.local/lib/python3.7/site-packages/airflow/example_dags/example_branch_datetime_operator.py
[2023-06-04T00:40:59.657+0000] {logging_mixin.py:149} INFO - [2023-06-04T00:40:59.657+0000] {dag.py:2726} INFO - Sync 3 DAGs
[2023-06-04T00:40:59.692+0000] {logging_mixin.py:149} INFO - [2023-06-04T00:40:59.692+0000] {dag.py:3490} INFO - Setting next_dagrun for example_branch_datetime_operator to 2023-06-03T00:00:00+00:00, run_after=2023-06-04T00:00:00+00:00
[2023-06-04T00:40:59.701+0000] {logging_mixin.py:149} INFO - [2023-06-04T00:40:59.700+0000] {dag.py:3490} INFO - Setting next_dagrun for example_branch_datetime_operator_2 to 2023-06-03T00:00:00+00:00, run_after=2023-06-04T00:00:00+00:00
[2023-06-04T00:40:59.705+0000] {logging_mixin.py:149} INFO - [2023-06-04T00:40:59.705+0000] {dag.py:3490} INFO - Setting next_dagrun for example_branch_datetime_operator_3 to 2023-06-03T00:00:00+00:00, run_after=2023-06-04T00:00:00+00:00
[2023-06-04T00:40:59.736+0000] {processor.py:179} INFO - Processing /home/airflow/.local/lib/python3.7/site-packages/airflow/example_dags/example_branch_datetime_operator.py took 0.142 seconds
[2023-06-04T00:41:29.855+0000] {processor.py:157} INFO - Started process (PID=21589) to work on /home/airflow/.local/lib/python3.7/site-packages/airflow/example_dags/example_branch_datetime_operator.py
[2023-06-04T00:41:29.857+0000] {processor.py:826} INFO - Processing file /home/airflow/.local/lib/python3.7/site-packages/airflow/example_dags/example_branch_datetime_operator.py for tasks to queue
[2023-06-04T00:41:29.859+0000] {logging_mixin.py:149} INFO - [2023-06-04T00:41:29.858+0000] {dagbag.py:541} INFO - Filling up the DagBag from /home/airflow/.local/lib/python3.7/site-packages/airflow/example_dags/example_branch_datetime_operator.py
[2023-06-04T00:41:29.872+0000] {processor.py:836} INFO - DAG(s) dict_keys(['example_branch_datetime_operator_3', 'example_branch_datetime_operator_2', 'example_branch_datetime_operator']) retrieved from /home/airflow/.local/lib/python3.7/site-packages/airflow/example_dags/example_branch_datetime_operator.py
[2023-06-04T00:41:29.913+0000] {logging_mixin.py:149} INFO - [2023-06-04T00:41:29.913+0000] {dag.py:2726} INFO - Sync 3 DAGs
[2023-06-04T00:41:29.947+0000] {logging_mixin.py:149} INFO - [2023-06-04T00:41:29.947+0000] {dag.py:3490} INFO - Setting next_dagrun for example_branch_datetime_operator to 2023-06-03T00:00:00+00:00, run_after=2023-06-04T00:00:00+00:00
[2023-06-04T00:41:29.954+0000] {logging_mixin.py:149} INFO - [2023-06-04T00:41:29.954+0000] {dag.py:3490} INFO - Setting next_dagrun for example_branch_datetime_operator_2 to 2023-06-03T00:00:00+00:00, run_after=2023-06-04T00:00:00+00:00
[2023-06-04T00:41:29.958+0000] {logging_mixin.py:149} INFO - [2023-06-04T00:41:29.958+0000] {dag.py:3490} INFO - Setting next_dagrun for example_branch_datetime_operator_3 to 2023-06-03T00:00:00+00:00, run_after=2023-06-04T00:00:00+00:00
[2023-06-04T00:41:29.983+0000] {processor.py:179} INFO - Processing /home/airflow/.local/lib/python3.7/site-packages/airflow/example_dags/example_branch_datetime_operator.py took 0.132 seconds
[2023-06-04T00:42:00.696+0000] {processor.py:157} INFO - Started process (PID=21841) to work on /home/airflow/.local/lib/python3.7/site-packages/airflow/example_dags/example_branch_datetime_operator.py
[2023-06-04T00:42:00.697+0000] {processor.py:826} INFO - Processing file /home/airflow/.local/lib/python3.7/site-packages/airflow/example_dags/example_branch_datetime_operator.py for tasks to queue
[2023-06-04T00:42:00.699+0000] {logging_mixin.py:149} INFO - [2023-06-04T00:42:00.699+0000] {dagbag.py:541} INFO - Filling up the DagBag from /home/airflow/.local/lib/python3.7/site-packages/airflow/example_dags/example_branch_datetime_operator.py
[2023-06-04T00:42:00.713+0000] {processor.py:836} INFO - DAG(s) dict_keys(['example_branch_datetime_operator_3', 'example_branch_datetime_operator', 'example_branch_datetime_operator_2']) retrieved from /home/airflow/.local/lib/python3.7/site-packages/airflow/example_dags/example_branch_datetime_operator.py
[2023-06-04T00:42:00.753+0000] {logging_mixin.py:149} INFO - [2023-06-04T00:42:00.753+0000] {dag.py:2726} INFO - Sync 3 DAGs
[2023-06-04T00:42:00.784+0000] {logging_mixin.py:149} INFO - [2023-06-04T00:42:00.784+0000] {dag.py:3490} INFO - Setting next_dagrun for example_branch_datetime_operator to 2023-06-03T00:00:00+00:00, run_after=2023-06-04T00:00:00+00:00
[2023-06-04T00:42:00.790+0000] {logging_mixin.py:149} INFO - [2023-06-04T00:42:00.790+0000] {dag.py:3490} INFO - Setting next_dagrun for example_branch_datetime_operator_2 to 2023-06-03T00:00:00+00:00, run_after=2023-06-04T00:00:00+00:00
[2023-06-04T00:42:00.794+0000] {logging_mixin.py:149} INFO - [2023-06-04T00:42:00.794+0000] {dag.py:3490} INFO - Setting next_dagrun for example_branch_datetime_operator_3 to 2023-06-03T00:00:00+00:00, run_after=2023-06-04T00:00:00+00:00
[2023-06-04T00:42:00.818+0000] {processor.py:179} INFO - Processing /home/airflow/.local/lib/python3.7/site-packages/airflow/example_dags/example_branch_datetime_operator.py took 0.126 seconds
[2023-06-04T00:42:31.326+0000] {processor.py:157} INFO - Started process (PID=22093) to work on /home/airflow/.local/lib/python3.7/site-packages/airflow/example_dags/example_branch_datetime_operator.py
[2023-06-04T00:42:31.328+0000] {processor.py:826} INFO - Processing file /home/airflow/.local/lib/python3.7/site-packages/airflow/example_dags/example_branch_datetime_operator.py for tasks to queue
[2023-06-04T00:42:31.329+0000] {logging_mixin.py:149} INFO - [2023-06-04T00:42:31.329+0000] {dagbag.py:541} INFO - Filling up the DagBag from /home/airflow/.local/lib/python3.7/site-packages/airflow/example_dags/example_branch_datetime_operator.py
[2023-06-04T00:42:31.341+0000] {processor.py:836} INFO - DAG(s) dict_keys(['example_branch_datetime_operator_2', 'example_branch_datetime_operator', 'example_branch_datetime_operator_3']) retrieved from /home/airflow/.local/lib/python3.7/site-packages/airflow/example_dags/example_branch_datetime_operator.py
[2023-06-04T00:42:31.385+0000] {logging_mixin.py:149} INFO - [2023-06-04T00:42:31.385+0000] {dag.py:2726} INFO - Sync 3 DAGs
[2023-06-04T00:42:31.421+0000] {logging_mixin.py:149} INFO - [2023-06-04T00:42:31.420+0000] {dag.py:3490} INFO - Setting next_dagrun for example_branch_datetime_operator to 2023-06-03T00:00:00+00:00, run_after=2023-06-04T00:00:00+00:00
[2023-06-04T00:42:31.428+0000] {logging_mixin.py:149} INFO - [2023-06-04T00:42:31.428+0000] {dag.py:3490} INFO - Setting next_dagrun for example_branch_datetime_operator_2 to 2023-06-03T00:00:00+00:00, run_after=2023-06-04T00:00:00+00:00
[2023-06-04T00:42:31.432+0000] {logging_mixin.py:149} INFO - [2023-06-04T00:42:31.432+0000] {dag.py:3490} INFO - Setting next_dagrun for example_branch_datetime_operator_3 to 2023-06-03T00:00:00+00:00, run_after=2023-06-04T00:00:00+00:00
[2023-06-04T00:42:31.458+0000] {processor.py:179} INFO - Processing /home/airflow/.local/lib/python3.7/site-packages/airflow/example_dags/example_branch_datetime_operator.py took 0.135 seconds
[2023-06-04T00:43:01.600+0000] {processor.py:157} INFO - Started process (PID=22345) to work on /home/airflow/.local/lib/python3.7/site-packages/airflow/example_dags/example_branch_datetime_operator.py
[2023-06-04T00:43:01.601+0000] {processor.py:826} INFO - Processing file /home/airflow/.local/lib/python3.7/site-packages/airflow/example_dags/example_branch_datetime_operator.py for tasks to queue
[2023-06-04T00:43:01.603+0000] {logging_mixin.py:149} INFO - [2023-06-04T00:43:01.603+0000] {dagbag.py:541} INFO - Filling up the DagBag from /home/airflow/.local/lib/python3.7/site-packages/airflow/example_dags/example_branch_datetime_operator.py
[2023-06-04T00:43:01.615+0000] {processor.py:836} INFO - DAG(s) dict_keys(['example_branch_datetime_operator', 'example_branch_datetime_operator_3', 'example_branch_datetime_operator_2']) retrieved from /home/airflow/.local/lib/python3.7/site-packages/airflow/example_dags/example_branch_datetime_operator.py
[2023-06-04T00:43:01.656+0000] {logging_mixin.py:149} INFO - [2023-06-04T00:43:01.656+0000] {dag.py:2726} INFO - Sync 3 DAGs
[2023-06-04T00:43:01.690+0000] {logging_mixin.py:149} INFO - [2023-06-04T00:43:01.690+0000] {dag.py:3490} INFO - Setting next_dagrun for example_branch_datetime_operator to 2023-06-03T00:00:00+00:00, run_after=2023-06-04T00:00:00+00:00
[2023-06-04T00:43:01.697+0000] {logging_mixin.py:149} INFO - [2023-06-04T00:43:01.696+0000] {dag.py:3490} INFO - Setting next_dagrun for example_branch_datetime_operator_2 to 2023-06-03T00:00:00+00:00, run_after=2023-06-04T00:00:00+00:00
[2023-06-04T00:43:01.703+0000] {logging_mixin.py:149} INFO - [2023-06-04T00:43:01.703+0000] {dag.py:3490} INFO - Setting next_dagrun for example_branch_datetime_operator_3 to 2023-06-03T00:00:00+00:00, run_after=2023-06-04T00:00:00+00:00
[2023-06-04T00:43:01.730+0000] {processor.py:179} INFO - Processing /home/airflow/.local/lib/python3.7/site-packages/airflow/example_dags/example_branch_datetime_operator.py took 0.134 seconds
