[2023-06-04T00:34:28.870+0000] {processor.py:157} INFO - Started process (PID=18255) to work on /home/airflow/.local/lib/python3.7/site-packages/airflow/example_dags/example_branch_python_dop_operator_3.py
[2023-06-04T00:34:28.872+0000] {processor.py:826} INFO - Processing file /home/airflow/.local/lib/python3.7/site-packages/airflow/example_dags/example_branch_python_dop_operator_3.py for tasks to queue
[2023-06-04T00:34:28.873+0000] {logging_mixin.py:149} INFO - [2023-06-04T00:34:28.873+0000] {dagbag.py:541} INFO - Filling up the DagBag from /home/airflow/.local/lib/python3.7/site-packages/airflow/example_dags/example_branch_python_dop_operator_3.py
[2023-06-04T00:34:28.883+0000] {processor.py:836} INFO - DAG(s) dict_keys(['example_branch_dop_operator_v3']) retrieved from /home/airflow/.local/lib/python3.7/site-packages/airflow/example_dags/example_branch_python_dop_operator_3.py
[2023-06-04T00:34:28.923+0000] {logging_mixin.py:149} INFO - [2023-06-04T00:34:28.923+0000] {dag.py:2726} INFO - Sync 1 DAGs
[2023-06-04T00:34:28.972+0000] {logging_mixin.py:149} INFO - [2023-06-04T00:34:28.972+0000] {dag.py:3490} INFO - Setting next_dagrun for example_branch_dop_operator_v3 to 2023-06-04T00:33:00+00:00, run_after=2023-06-04T00:34:00+00:00
[2023-06-04T00:34:28.999+0000] {processor.py:179} INFO - Processing /home/airflow/.local/lib/python3.7/site-packages/airflow/example_dags/example_branch_python_dop_operator_3.py took 0.133 seconds
[2023-06-04T00:34:59.138+0000] {processor.py:157} INFO - Started process (PID=18509) to work on /home/airflow/.local/lib/python3.7/site-packages/airflow/example_dags/example_branch_python_dop_operator_3.py
[2023-06-04T00:34:59.140+0000] {processor.py:826} INFO - Processing file /home/airflow/.local/lib/python3.7/site-packages/airflow/example_dags/example_branch_python_dop_operator_3.py for tasks to queue
[2023-06-04T00:34:59.141+0000] {logging_mixin.py:149} INFO - [2023-06-04T00:34:59.141+0000] {dagbag.py:541} INFO - Filling up the DagBag from /home/airflow/.local/lib/python3.7/site-packages/airflow/example_dags/example_branch_python_dop_operator_3.py
[2023-06-04T00:34:59.151+0000] {processor.py:836} INFO - DAG(s) dict_keys(['example_branch_dop_operator_v3']) retrieved from /home/airflow/.local/lib/python3.7/site-packages/airflow/example_dags/example_branch_python_dop_operator_3.py
[2023-06-04T00:34:59.180+0000] {logging_mixin.py:149} INFO - [2023-06-04T00:34:59.180+0000] {dag.py:2726} INFO - Sync 1 DAGs
[2023-06-04T00:34:59.216+0000] {logging_mixin.py:149} INFO - [2023-06-04T00:34:59.216+0000] {dag.py:3490} INFO - Setting next_dagrun for example_branch_dop_operator_v3 to 2023-06-04T00:33:00+00:00, run_after=2023-06-04T00:34:00+00:00
[2023-06-04T00:34:59.243+0000] {processor.py:179} INFO - Processing /home/airflow/.local/lib/python3.7/site-packages/airflow/example_dags/example_branch_python_dop_operator_3.py took 0.108 seconds
[2023-06-04T00:35:30.236+0000] {processor.py:157} INFO - Started process (PID=18762) to work on /home/airflow/.local/lib/python3.7/site-packages/airflow/example_dags/example_branch_python_dop_operator_3.py
[2023-06-04T00:35:30.238+0000] {processor.py:826} INFO - Processing file /home/airflow/.local/lib/python3.7/site-packages/airflow/example_dags/example_branch_python_dop_operator_3.py for tasks to queue
[2023-06-04T00:35:30.240+0000] {logging_mixin.py:149} INFO - [2023-06-04T00:35:30.240+0000] {dagbag.py:541} INFO - Filling up the DagBag from /home/airflow/.local/lib/python3.7/site-packages/airflow/example_dags/example_branch_python_dop_operator_3.py
[2023-06-04T00:35:30.254+0000] {processor.py:836} INFO - DAG(s) dict_keys(['example_branch_dop_operator_v3']) retrieved from /home/airflow/.local/lib/python3.7/site-packages/airflow/example_dags/example_branch_python_dop_operator_3.py
[2023-06-04T00:35:30.284+0000] {logging_mixin.py:149} INFO - [2023-06-04T00:35:30.284+0000] {dag.py:2726} INFO - Sync 1 DAGs
[2023-06-04T00:35:30.322+0000] {logging_mixin.py:149} INFO - [2023-06-04T00:35:30.322+0000] {dag.py:3490} INFO - Setting next_dagrun for example_branch_dop_operator_v3 to 2023-06-04T00:34:00+00:00, run_after=2023-06-04T00:35:00+00:00
[2023-06-04T00:35:30.375+0000] {processor.py:179} INFO - Processing /home/airflow/.local/lib/python3.7/site-packages/airflow/example_dags/example_branch_python_dop_operator_3.py took 0.144 seconds
[2023-06-04T00:36:00.661+0000] {processor.py:157} INFO - Started process (PID=19014) to work on /home/airflow/.local/lib/python3.7/site-packages/airflow/example_dags/example_branch_python_dop_operator_3.py
[2023-06-04T00:36:00.662+0000] {processor.py:826} INFO - Processing file /home/airflow/.local/lib/python3.7/site-packages/airflow/example_dags/example_branch_python_dop_operator_3.py for tasks to queue
[2023-06-04T00:36:00.664+0000] {logging_mixin.py:149} INFO - [2023-06-04T00:36:00.663+0000] {dagbag.py:541} INFO - Filling up the DagBag from /home/airflow/.local/lib/python3.7/site-packages/airflow/example_dags/example_branch_python_dop_operator_3.py
[2023-06-04T00:36:00.675+0000] {processor.py:836} INFO - DAG(s) dict_keys(['example_branch_dop_operator_v3']) retrieved from /home/airflow/.local/lib/python3.7/site-packages/airflow/example_dags/example_branch_python_dop_operator_3.py
[2023-06-04T00:36:00.705+0000] {logging_mixin.py:149} INFO - [2023-06-04T00:36:00.705+0000] {dag.py:2726} INFO - Sync 1 DAGs
[2023-06-04T00:36:00.744+0000] {logging_mixin.py:149} INFO - [2023-06-04T00:36:00.744+0000] {dag.py:3490} INFO - Setting next_dagrun for example_branch_dop_operator_v3 to 2023-06-04T00:35:00+00:00, run_after=2023-06-04T00:36:00+00:00
[2023-06-04T00:36:00.775+0000] {processor.py:179} INFO - Processing /home/airflow/.local/lib/python3.7/site-packages/airflow/example_dags/example_branch_python_dop_operator_3.py took 0.118 seconds
[2023-06-04T00:36:31.160+0000] {processor.py:157} INFO - Started process (PID=19266) to work on /home/airflow/.local/lib/python3.7/site-packages/airflow/example_dags/example_branch_python_dop_operator_3.py
[2023-06-04T00:36:31.162+0000] {processor.py:826} INFO - Processing file /home/airflow/.local/lib/python3.7/site-packages/airflow/example_dags/example_branch_python_dop_operator_3.py for tasks to queue
[2023-06-04T00:36:31.163+0000] {logging_mixin.py:149} INFO - [2023-06-04T00:36:31.163+0000] {dagbag.py:541} INFO - Filling up the DagBag from /home/airflow/.local/lib/python3.7/site-packages/airflow/example_dags/example_branch_python_dop_operator_3.py
[2023-06-04T00:36:31.174+0000] {processor.py:836} INFO - DAG(s) dict_keys(['example_branch_dop_operator_v3']) retrieved from /home/airflow/.local/lib/python3.7/site-packages/airflow/example_dags/example_branch_python_dop_operator_3.py
[2023-06-04T00:36:31.204+0000] {logging_mixin.py:149} INFO - [2023-06-04T00:36:31.203+0000] {dag.py:2726} INFO - Sync 1 DAGs
[2023-06-04T00:36:31.237+0000] {logging_mixin.py:149} INFO - [2023-06-04T00:36:31.237+0000] {dag.py:3490} INFO - Setting next_dagrun for example_branch_dop_operator_v3 to 2023-06-04T00:35:00+00:00, run_after=2023-06-04T00:36:00+00:00
[2023-06-04T00:36:31.268+0000] {processor.py:179} INFO - Processing /home/airflow/.local/lib/python3.7/site-packages/airflow/example_dags/example_branch_python_dop_operator_3.py took 0.111 seconds
[2023-06-04T00:37:02.589+0000] {processor.py:157} INFO - Started process (PID=19518) to work on /home/airflow/.local/lib/python3.7/site-packages/airflow/example_dags/example_branch_python_dop_operator_3.py
[2023-06-04T00:37:02.590+0000] {processor.py:826} INFO - Processing file /home/airflow/.local/lib/python3.7/site-packages/airflow/example_dags/example_branch_python_dop_operator_3.py for tasks to queue
[2023-06-04T00:37:02.592+0000] {logging_mixin.py:149} INFO - [2023-06-04T00:37:02.592+0000] {dagbag.py:541} INFO - Filling up the DagBag from /home/airflow/.local/lib/python3.7/site-packages/airflow/example_dags/example_branch_python_dop_operator_3.py
[2023-06-04T00:37:02.603+0000] {processor.py:836} INFO - DAG(s) dict_keys(['example_branch_dop_operator_v3']) retrieved from /home/airflow/.local/lib/python3.7/site-packages/airflow/example_dags/example_branch_python_dop_operator_3.py
[2023-06-04T00:37:02.632+0000] {logging_mixin.py:149} INFO - [2023-06-04T00:37:02.632+0000] {dag.py:2726} INFO - Sync 1 DAGs
[2023-06-04T00:37:02.668+0000] {logging_mixin.py:149} INFO - [2023-06-04T00:37:02.668+0000] {dag.py:3490} INFO - Setting next_dagrun for example_branch_dop_operator_v3 to 2023-06-04T00:36:00+00:00, run_after=2023-06-04T00:37:00+00:00
[2023-06-04T00:37:02.696+0000] {processor.py:179} INFO - Processing /home/airflow/.local/lib/python3.7/site-packages/airflow/example_dags/example_branch_python_dop_operator_3.py took 0.111 seconds
[2023-06-04T00:37:33.152+0000] {processor.py:157} INFO - Started process (PID=19770) to work on /home/airflow/.local/lib/python3.7/site-packages/airflow/example_dags/example_branch_python_dop_operator_3.py
[2023-06-04T00:37:33.154+0000] {processor.py:826} INFO - Processing file /home/airflow/.local/lib/python3.7/site-packages/airflow/example_dags/example_branch_python_dop_operator_3.py for tasks to queue
[2023-06-04T00:37:33.156+0000] {logging_mixin.py:149} INFO - [2023-06-04T00:37:33.155+0000] {dagbag.py:541} INFO - Filling up the DagBag from /home/airflow/.local/lib/python3.7/site-packages/airflow/example_dags/example_branch_python_dop_operator_3.py
[2023-06-04T00:37:33.166+0000] {processor.py:836} INFO - DAG(s) dict_keys(['example_branch_dop_operator_v3']) retrieved from /home/airflow/.local/lib/python3.7/site-packages/airflow/example_dags/example_branch_python_dop_operator_3.py
[2023-06-04T00:37:33.197+0000] {logging_mixin.py:149} INFO - [2023-06-04T00:37:33.197+0000] {dag.py:2726} INFO - Sync 1 DAGs
[2023-06-04T00:37:33.235+0000] {logging_mixin.py:149} INFO - [2023-06-04T00:37:33.235+0000] {dag.py:3490} INFO - Setting next_dagrun for example_branch_dop_operator_v3 to 2023-06-04T00:36:00+00:00, run_after=2023-06-04T00:37:00+00:00
[2023-06-04T00:37:33.262+0000] {processor.py:179} INFO - Processing /home/airflow/.local/lib/python3.7/site-packages/airflow/example_dags/example_branch_python_dop_operator_3.py took 0.113 seconds
[2023-06-04T00:38:03.906+0000] {processor.py:157} INFO - Started process (PID=20021) to work on /home/airflow/.local/lib/python3.7/site-packages/airflow/example_dags/example_branch_python_dop_operator_3.py
[2023-06-04T00:38:03.908+0000] {processor.py:826} INFO - Processing file /home/airflow/.local/lib/python3.7/site-packages/airflow/example_dags/example_branch_python_dop_operator_3.py for tasks to queue
[2023-06-04T00:38:03.910+0000] {logging_mixin.py:149} INFO - [2023-06-04T00:38:03.910+0000] {dagbag.py:541} INFO - Filling up the DagBag from /home/airflow/.local/lib/python3.7/site-packages/airflow/example_dags/example_branch_python_dop_operator_3.py
[2023-06-04T00:38:03.919+0000] {processor.py:836} INFO - DAG(s) dict_keys(['example_branch_dop_operator_v3']) retrieved from /home/airflow/.local/lib/python3.7/site-packages/airflow/example_dags/example_branch_python_dop_operator_3.py
[2023-06-04T00:38:03.950+0000] {logging_mixin.py:149} INFO - [2023-06-04T00:38:03.949+0000] {dag.py:2726} INFO - Sync 1 DAGs
[2023-06-04T00:38:03.987+0000] {logging_mixin.py:149} INFO - [2023-06-04T00:38:03.987+0000] {dag.py:3490} INFO - Setting next_dagrun for example_branch_dop_operator_v3 to 2023-06-04T00:37:00+00:00, run_after=2023-06-04T00:38:00+00:00
[2023-06-04T00:38:04.017+0000] {processor.py:179} INFO - Processing /home/airflow/.local/lib/python3.7/site-packages/airflow/example_dags/example_branch_python_dop_operator_3.py took 0.115 seconds
[2023-06-04T00:38:34.723+0000] {processor.py:157} INFO - Started process (PID=20279) to work on /home/airflow/.local/lib/python3.7/site-packages/airflow/example_dags/example_branch_python_dop_operator_3.py
[2023-06-04T00:38:34.724+0000] {processor.py:826} INFO - Processing file /home/airflow/.local/lib/python3.7/site-packages/airflow/example_dags/example_branch_python_dop_operator_3.py for tasks to queue
[2023-06-04T00:38:34.726+0000] {logging_mixin.py:149} INFO - [2023-06-04T00:38:34.726+0000] {dagbag.py:541} INFO - Filling up the DagBag from /home/airflow/.local/lib/python3.7/site-packages/airflow/example_dags/example_branch_python_dop_operator_3.py
[2023-06-04T00:38:34.735+0000] {processor.py:836} INFO - DAG(s) dict_keys(['example_branch_dop_operator_v3']) retrieved from /home/airflow/.local/lib/python3.7/site-packages/airflow/example_dags/example_branch_python_dop_operator_3.py
[2023-06-04T00:38:34.764+0000] {logging_mixin.py:149} INFO - [2023-06-04T00:38:34.764+0000] {dag.py:2726} INFO - Sync 1 DAGs
[2023-06-04T00:38:34.802+0000] {logging_mixin.py:149} INFO - [2023-06-04T00:38:34.801+0000] {dag.py:3490} INFO - Setting next_dagrun for example_branch_dop_operator_v3 to 2023-06-04T00:37:00+00:00, run_after=2023-06-04T00:38:00+00:00
[2023-06-04T00:38:34.827+0000] {processor.py:179} INFO - Processing /home/airflow/.local/lib/python3.7/site-packages/airflow/example_dags/example_branch_python_dop_operator_3.py took 0.108 seconds
[2023-06-04T00:39:05.527+0000] {processor.py:157} INFO - Started process (PID=20531) to work on /home/airflow/.local/lib/python3.7/site-packages/airflow/example_dags/example_branch_python_dop_operator_3.py
[2023-06-04T00:39:05.529+0000] {processor.py:826} INFO - Processing file /home/airflow/.local/lib/python3.7/site-packages/airflow/example_dags/example_branch_python_dop_operator_3.py for tasks to queue
[2023-06-04T00:39:05.531+0000] {logging_mixin.py:149} INFO - [2023-06-04T00:39:05.530+0000] {dagbag.py:541} INFO - Filling up the DagBag from /home/airflow/.local/lib/python3.7/site-packages/airflow/example_dags/example_branch_python_dop_operator_3.py
[2023-06-04T00:39:05.541+0000] {processor.py:836} INFO - DAG(s) dict_keys(['example_branch_dop_operator_v3']) retrieved from /home/airflow/.local/lib/python3.7/site-packages/airflow/example_dags/example_branch_python_dop_operator_3.py
[2023-06-04T00:39:05.572+0000] {logging_mixin.py:149} INFO - [2023-06-04T00:39:05.572+0000] {dag.py:2726} INFO - Sync 1 DAGs
[2023-06-04T00:39:05.607+0000] {logging_mixin.py:149} INFO - [2023-06-04T00:39:05.607+0000] {dag.py:3490} INFO - Setting next_dagrun for example_branch_dop_operator_v3 to 2023-06-04T00:38:00+00:00, run_after=2023-06-04T00:39:00+00:00
[2023-06-04T00:39:05.634+0000] {processor.py:179} INFO - Processing /home/airflow/.local/lib/python3.7/site-packages/airflow/example_dags/example_branch_python_dop_operator_3.py took 0.110 seconds
