[2023-06-04T00:34:27.377+0000] {processor.py:157} INFO - Started process (PID=18169) to work on /home/airflow/.local/lib/python3.7/site-packages/airflow/example_dags/example_latest_only_with_trigger.py
[2023-06-04T00:34:27.379+0000] {processor.py:826} INFO - Processing file /home/airflow/.local/lib/python3.7/site-packages/airflow/example_dags/example_latest_only_with_trigger.py for tasks to queue
[2023-06-04T00:34:27.380+0000] {logging_mixin.py:149} INFO - [2023-06-04T00:34:27.380+0000] {dagbag.py:541} INFO - Filling up the DagBag from /home/airflow/.local/lib/python3.7/site-packages/airflow/example_dags/example_latest_only_with_trigger.py
[2023-06-04T00:34:27.389+0000] {processor.py:836} INFO - DAG(s) dict_keys(['latest_only_with_trigger']) retrieved from /home/airflow/.local/lib/python3.7/site-packages/airflow/example_dags/example_latest_only_with_trigger.py
[2023-06-04T00:34:27.420+0000] {logging_mixin.py:149} INFO - [2023-06-04T00:34:27.420+0000] {dag.py:2726} INFO - Sync 1 DAGs
[2023-06-04T00:34:27.450+0000] {logging_mixin.py:149} INFO - [2023-06-04T00:34:27.450+0000] {dag.py:3490} INFO - Setting next_dagrun for latest_only_with_trigger to 2023-06-03T20:34:27.449876+00:00, run_after=2023-06-04T00:34:27.449876+00:00
[2023-06-04T00:34:27.477+0000] {processor.py:179} INFO - Processing /home/airflow/.local/lib/python3.7/site-packages/airflow/example_dags/example_latest_only_with_trigger.py took 0.104 seconds
[2023-06-04T00:34:57.580+0000] {processor.py:157} INFO - Started process (PID=18444) to work on /home/airflow/.local/lib/python3.7/site-packages/airflow/example_dags/example_latest_only_with_trigger.py
[2023-06-04T00:34:57.582+0000] {processor.py:826} INFO - Processing file /home/airflow/.local/lib/python3.7/site-packages/airflow/example_dags/example_latest_only_with_trigger.py for tasks to queue
[2023-06-04T00:34:57.584+0000] {logging_mixin.py:149} INFO - [2023-06-04T00:34:57.583+0000] {dagbag.py:541} INFO - Filling up the DagBag from /home/airflow/.local/lib/python3.7/site-packages/airflow/example_dags/example_latest_only_with_trigger.py
[2023-06-04T00:34:57.591+0000] {processor.py:836} INFO - DAG(s) dict_keys(['latest_only_with_trigger']) retrieved from /home/airflow/.local/lib/python3.7/site-packages/airflow/example_dags/example_latest_only_with_trigger.py
[2023-06-04T00:34:57.620+0000] {logging_mixin.py:149} INFO - [2023-06-04T00:34:57.620+0000] {dag.py:2726} INFO - Sync 1 DAGs
[2023-06-04T00:34:57.650+0000] {logging_mixin.py:149} INFO - [2023-06-04T00:34:57.650+0000] {dag.py:3490} INFO - Setting next_dagrun for latest_only_with_trigger to 2023-06-03T20:34:57.650019+00:00, run_after=2023-06-04T00:34:57.650019+00:00
[2023-06-04T00:34:57.678+0000] {processor.py:179} INFO - Processing /home/airflow/.local/lib/python3.7/site-packages/airflow/example_dags/example_latest_only_with_trigger.py took 0.101 seconds
[2023-06-04T00:35:28.800+0000] {processor.py:157} INFO - Started process (PID=18697) to work on /home/airflow/.local/lib/python3.7/site-packages/airflow/example_dags/example_latest_only_with_trigger.py
[2023-06-04T00:35:28.802+0000] {processor.py:826} INFO - Processing file /home/airflow/.local/lib/python3.7/site-packages/airflow/example_dags/example_latest_only_with_trigger.py for tasks to queue
[2023-06-04T00:35:28.805+0000] {logging_mixin.py:149} INFO - [2023-06-04T00:35:28.805+0000] {dagbag.py:541} INFO - Filling up the DagBag from /home/airflow/.local/lib/python3.7/site-packages/airflow/example_dags/example_latest_only_with_trigger.py
[2023-06-04T00:35:28.815+0000] {processor.py:836} INFO - DAG(s) dict_keys(['latest_only_with_trigger']) retrieved from /home/airflow/.local/lib/python3.7/site-packages/airflow/example_dags/example_latest_only_with_trigger.py
[2023-06-04T00:35:28.853+0000] {logging_mixin.py:149} INFO - [2023-06-04T00:35:28.853+0000] {dag.py:2726} INFO - Sync 1 DAGs
[2023-06-04T00:35:28.892+0000] {logging_mixin.py:149} INFO - [2023-06-04T00:35:28.892+0000] {dag.py:3490} INFO - Setting next_dagrun for latest_only_with_trigger to 2023-06-03T20:35:28.892198+00:00, run_after=2023-06-04T00:35:28.892198+00:00
[2023-06-04T00:35:28.923+0000] {processor.py:179} INFO - Processing /home/airflow/.local/lib/python3.7/site-packages/airflow/example_dags/example_latest_only_with_trigger.py took 0.126 seconds
[2023-06-04T00:35:59.542+0000] {processor.py:157} INFO - Started process (PID=18949) to work on /home/airflow/.local/lib/python3.7/site-packages/airflow/example_dags/example_latest_only_with_trigger.py
[2023-06-04T00:35:59.543+0000] {processor.py:826} INFO - Processing file /home/airflow/.local/lib/python3.7/site-packages/airflow/example_dags/example_latest_only_with_trigger.py for tasks to queue
[2023-06-04T00:35:59.545+0000] {logging_mixin.py:149} INFO - [2023-06-04T00:35:59.545+0000] {dagbag.py:541} INFO - Filling up the DagBag from /home/airflow/.local/lib/python3.7/site-packages/airflow/example_dags/example_latest_only_with_trigger.py
[2023-06-04T00:35:59.552+0000] {processor.py:836} INFO - DAG(s) dict_keys(['latest_only_with_trigger']) retrieved from /home/airflow/.local/lib/python3.7/site-packages/airflow/example_dags/example_latest_only_with_trigger.py
[2023-06-04T00:35:59.591+0000] {logging_mixin.py:149} INFO - [2023-06-04T00:35:59.590+0000] {dag.py:2726} INFO - Sync 1 DAGs
[2023-06-04T00:35:59.621+0000] {logging_mixin.py:149} INFO - [2023-06-04T00:35:59.621+0000] {dag.py:3490} INFO - Setting next_dagrun for latest_only_with_trigger to 2023-06-03T20:35:59.621009+00:00, run_after=2023-06-04T00:35:59.621009+00:00
[2023-06-04T00:35:59.648+0000] {processor.py:179} INFO - Processing /home/airflow/.local/lib/python3.7/site-packages/airflow/example_dags/example_latest_only_with_trigger.py took 0.109 seconds
[2023-06-04T00:36:30.036+0000] {processor.py:157} INFO - Started process (PID=19201) to work on /home/airflow/.local/lib/python3.7/site-packages/airflow/example_dags/example_latest_only_with_trigger.py
[2023-06-04T00:36:30.038+0000] {processor.py:826} INFO - Processing file /home/airflow/.local/lib/python3.7/site-packages/airflow/example_dags/example_latest_only_with_trigger.py for tasks to queue
[2023-06-04T00:36:30.040+0000] {logging_mixin.py:149} INFO - [2023-06-04T00:36:30.039+0000] {dagbag.py:541} INFO - Filling up the DagBag from /home/airflow/.local/lib/python3.7/site-packages/airflow/example_dags/example_latest_only_with_trigger.py
[2023-06-04T00:36:30.047+0000] {processor.py:836} INFO - DAG(s) dict_keys(['latest_only_with_trigger']) retrieved from /home/airflow/.local/lib/python3.7/site-packages/airflow/example_dags/example_latest_only_with_trigger.py
[2023-06-04T00:36:30.076+0000] {logging_mixin.py:149} INFO - [2023-06-04T00:36:30.076+0000] {dag.py:2726} INFO - Sync 1 DAGs
[2023-06-04T00:36:30.110+0000] {logging_mixin.py:149} INFO - [2023-06-04T00:36:30.109+0000] {dag.py:3490} INFO - Setting next_dagrun for latest_only_with_trigger to 2023-06-03T20:36:30.109517+00:00, run_after=2023-06-04T00:36:30.109517+00:00
[2023-06-04T00:36:30.137+0000] {processor.py:179} INFO - Processing /home/airflow/.local/lib/python3.7/site-packages/airflow/example_dags/example_latest_only_with_trigger.py took 0.104 seconds
[2023-06-04T00:37:01.175+0000] {processor.py:157} INFO - Started process (PID=19453) to work on /home/airflow/.local/lib/python3.7/site-packages/airflow/example_dags/example_latest_only_with_trigger.py
[2023-06-04T00:37:01.176+0000] {processor.py:826} INFO - Processing file /home/airflow/.local/lib/python3.7/site-packages/airflow/example_dags/example_latest_only_with_trigger.py for tasks to queue
[2023-06-04T00:37:01.178+0000] {logging_mixin.py:149} INFO - [2023-06-04T00:37:01.178+0000] {dagbag.py:541} INFO - Filling up the DagBag from /home/airflow/.local/lib/python3.7/site-packages/airflow/example_dags/example_latest_only_with_trigger.py
[2023-06-04T00:37:01.185+0000] {processor.py:836} INFO - DAG(s) dict_keys(['latest_only_with_trigger']) retrieved from /home/airflow/.local/lib/python3.7/site-packages/airflow/example_dags/example_latest_only_with_trigger.py
[2023-06-04T00:37:01.214+0000] {logging_mixin.py:149} INFO - [2023-06-04T00:37:01.214+0000] {dag.py:2726} INFO - Sync 1 DAGs
[2023-06-04T00:37:01.247+0000] {logging_mixin.py:149} INFO - [2023-06-04T00:37:01.246+0000] {dag.py:3490} INFO - Setting next_dagrun for latest_only_with_trigger to 2023-06-03T20:37:01.246569+00:00, run_after=2023-06-04T00:37:01.246569+00:00
[2023-06-04T00:37:01.274+0000] {processor.py:179} INFO - Processing /home/airflow/.local/lib/python3.7/site-packages/airflow/example_dags/example_latest_only_with_trigger.py took 0.103 seconds
[2023-06-04T00:37:31.762+0000] {processor.py:157} INFO - Started process (PID=19707) to work on /home/airflow/.local/lib/python3.7/site-packages/airflow/example_dags/example_latest_only_with_trigger.py
[2023-06-04T00:37:31.765+0000] {processor.py:826} INFO - Processing file /home/airflow/.local/lib/python3.7/site-packages/airflow/example_dags/example_latest_only_with_trigger.py for tasks to queue
[2023-06-04T00:37:31.767+0000] {logging_mixin.py:149} INFO - [2023-06-04T00:37:31.766+0000] {dagbag.py:541} INFO - Filling up the DagBag from /home/airflow/.local/lib/python3.7/site-packages/airflow/example_dags/example_latest_only_with_trigger.py
[2023-06-04T00:37:31.776+0000] {processor.py:836} INFO - DAG(s) dict_keys(['latest_only_with_trigger']) retrieved from /home/airflow/.local/lib/python3.7/site-packages/airflow/example_dags/example_latest_only_with_trigger.py
[2023-06-04T00:37:31.807+0000] {logging_mixin.py:149} INFO - [2023-06-04T00:37:31.806+0000] {dag.py:2726} INFO - Sync 1 DAGs
[2023-06-04T00:37:31.840+0000] {logging_mixin.py:149} INFO - [2023-06-04T00:37:31.840+0000] {dag.py:3490} INFO - Setting next_dagrun for latest_only_with_trigger to 2023-06-03T20:37:31.840241+00:00, run_after=2023-06-04T00:37:31.840241+00:00
[2023-06-04T00:37:31.871+0000] {processor.py:179} INFO - Processing /home/airflow/.local/lib/python3.7/site-packages/airflow/example_dags/example_latest_only_with_trigger.py took 0.113 seconds
[2023-06-04T00:38:02.894+0000] {processor.py:157} INFO - Started process (PID=19956) to work on /home/airflow/.local/lib/python3.7/site-packages/airflow/example_dags/example_latest_only_with_trigger.py
[2023-06-04T00:38:02.896+0000] {processor.py:826} INFO - Processing file /home/airflow/.local/lib/python3.7/site-packages/airflow/example_dags/example_latest_only_with_trigger.py for tasks to queue
[2023-06-04T00:38:02.897+0000] {logging_mixin.py:149} INFO - [2023-06-04T00:38:02.897+0000] {dagbag.py:541} INFO - Filling up the DagBag from /home/airflow/.local/lib/python3.7/site-packages/airflow/example_dags/example_latest_only_with_trigger.py
[2023-06-04T00:38:02.904+0000] {processor.py:836} INFO - DAG(s) dict_keys(['latest_only_with_trigger']) retrieved from /home/airflow/.local/lib/python3.7/site-packages/airflow/example_dags/example_latest_only_with_trigger.py
[2023-06-04T00:38:02.934+0000] {logging_mixin.py:149} INFO - [2023-06-04T00:38:02.934+0000] {dag.py:2726} INFO - Sync 1 DAGs
[2023-06-04T00:38:02.963+0000] {logging_mixin.py:149} INFO - [2023-06-04T00:38:02.963+0000] {dag.py:3490} INFO - Setting next_dagrun for latest_only_with_trigger to 2023-06-03T20:38:02.963076+00:00, run_after=2023-06-04T00:38:02.963076+00:00
[2023-06-04T00:38:02.990+0000] {processor.py:179} INFO - Processing /home/airflow/.local/lib/python3.7/site-packages/airflow/example_dags/example_latest_only_with_trigger.py took 0.100 seconds
[2023-06-04T00:38:33.634+0000] {processor.py:157} INFO - Started process (PID=20207) to work on /home/airflow/.local/lib/python3.7/site-packages/airflow/example_dags/example_latest_only_with_trigger.py
[2023-06-04T00:38:33.635+0000] {processor.py:826} INFO - Processing file /home/airflow/.local/lib/python3.7/site-packages/airflow/example_dags/example_latest_only_with_trigger.py for tasks to queue
[2023-06-04T00:38:33.637+0000] {logging_mixin.py:149} INFO - [2023-06-04T00:38:33.637+0000] {dagbag.py:541} INFO - Filling up the DagBag from /home/airflow/.local/lib/python3.7/site-packages/airflow/example_dags/example_latest_only_with_trigger.py
[2023-06-04T00:38:33.645+0000] {processor.py:836} INFO - DAG(s) dict_keys(['latest_only_with_trigger']) retrieved from /home/airflow/.local/lib/python3.7/site-packages/airflow/example_dags/example_latest_only_with_trigger.py
[2023-06-04T00:38:33.676+0000] {logging_mixin.py:149} INFO - [2023-06-04T00:38:33.676+0000] {dag.py:2726} INFO - Sync 1 DAGs
[2023-06-04T00:38:33.707+0000] {logging_mixin.py:149} INFO - [2023-06-04T00:38:33.707+0000] {dag.py:3490} INFO - Setting next_dagrun for latest_only_with_trigger to 2023-06-03T20:38:33.707354+00:00, run_after=2023-06-04T00:38:33.707354+00:00
[2023-06-04T00:38:33.739+0000] {processor.py:179} INFO - Processing /home/airflow/.local/lib/python3.7/site-packages/airflow/example_dags/example_latest_only_with_trigger.py took 0.110 seconds
[2023-06-04T00:39:04.306+0000] {processor.py:157} INFO - Started process (PID=20459) to work on /home/airflow/.local/lib/python3.7/site-packages/airflow/example_dags/example_latest_only_with_trigger.py
[2023-06-04T00:39:04.308+0000] {processor.py:826} INFO - Processing file /home/airflow/.local/lib/python3.7/site-packages/airflow/example_dags/example_latest_only_with_trigger.py for tasks to queue
[2023-06-04T00:39:04.309+0000] {logging_mixin.py:149} INFO - [2023-06-04T00:39:04.309+0000] {dagbag.py:541} INFO - Filling up the DagBag from /home/airflow/.local/lib/python3.7/site-packages/airflow/example_dags/example_latest_only_with_trigger.py
[2023-06-04T00:39:04.317+0000] {processor.py:836} INFO - DAG(s) dict_keys(['latest_only_with_trigger']) retrieved from /home/airflow/.local/lib/python3.7/site-packages/airflow/example_dags/example_latest_only_with_trigger.py
[2023-06-04T00:39:04.354+0000] {logging_mixin.py:149} INFO - [2023-06-04T00:39:04.354+0000] {dag.py:2726} INFO - Sync 1 DAGs
[2023-06-04T00:39:04.395+0000] {logging_mixin.py:149} INFO - [2023-06-04T00:39:04.395+0000] {dag.py:3490} INFO - Setting next_dagrun for latest_only_with_trigger to 2023-06-03T20:39:04.394936+00:00, run_after=2023-06-04T00:39:04.394936+00:00
[2023-06-04T00:39:04.426+0000] {processor.py:179} INFO - Processing /home/airflow/.local/lib/python3.7/site-packages/airflow/example_dags/example_latest_only_with_trigger.py took 0.124 seconds
[2023-06-04T00:39:34.979+0000] {processor.py:157} INFO - Started process (PID=20718) to work on /home/airflow/.local/lib/python3.7/site-packages/airflow/example_dags/example_latest_only_with_trigger.py
[2023-06-04T00:39:34.980+0000] {processor.py:826} INFO - Processing file /home/airflow/.local/lib/python3.7/site-packages/airflow/example_dags/example_latest_only_with_trigger.py for tasks to queue
[2023-06-04T00:39:34.982+0000] {logging_mixin.py:149} INFO - [2023-06-04T00:39:34.982+0000] {dagbag.py:541} INFO - Filling up the DagBag from /home/airflow/.local/lib/python3.7/site-packages/airflow/example_dags/example_latest_only_with_trigger.py
[2023-06-04T00:39:34.989+0000] {processor.py:836} INFO - DAG(s) dict_keys(['latest_only_with_trigger']) retrieved from /home/airflow/.local/lib/python3.7/site-packages/airflow/example_dags/example_latest_only_with_trigger.py
[2023-06-04T00:39:35.018+0000] {logging_mixin.py:149} INFO - [2023-06-04T00:39:35.018+0000] {dag.py:2726} INFO - Sync 1 DAGs
[2023-06-04T00:39:35.048+0000] {logging_mixin.py:149} INFO - [2023-06-04T00:39:35.048+0000] {dag.py:3490} INFO - Setting next_dagrun for latest_only_with_trigger to 2023-06-03T20:39:35.048307+00:00, run_after=2023-06-04T00:39:35.048307+00:00
[2023-06-04T00:39:35.076+0000] {processor.py:179} INFO - Processing /home/airflow/.local/lib/python3.7/site-packages/airflow/example_dags/example_latest_only_with_trigger.py took 0.102 seconds
[2023-06-04T00:40:06.594+0000] {processor.py:157} INFO - Started process (PID=20970) to work on /home/airflow/.local/lib/python3.7/site-packages/airflow/example_dags/example_latest_only_with_trigger.py
[2023-06-04T00:40:06.595+0000] {processor.py:826} INFO - Processing file /home/airflow/.local/lib/python3.7/site-packages/airflow/example_dags/example_latest_only_with_trigger.py for tasks to queue
[2023-06-04T00:40:06.597+0000] {logging_mixin.py:149} INFO - [2023-06-04T00:40:06.597+0000] {dagbag.py:541} INFO - Filling up the DagBag from /home/airflow/.local/lib/python3.7/site-packages/airflow/example_dags/example_latest_only_with_trigger.py
[2023-06-04T00:40:06.605+0000] {processor.py:836} INFO - DAG(s) dict_keys(['latest_only_with_trigger']) retrieved from /home/airflow/.local/lib/python3.7/site-packages/airflow/example_dags/example_latest_only_with_trigger.py
[2023-06-04T00:40:06.635+0000] {logging_mixin.py:149} INFO - [2023-06-04T00:40:06.634+0000] {dag.py:2726} INFO - Sync 1 DAGs
[2023-06-04T00:40:06.665+0000] {logging_mixin.py:149} INFO - [2023-06-04T00:40:06.665+0000] {dag.py:3490} INFO - Setting next_dagrun for latest_only_with_trigger to 2023-06-03T20:40:06.665154+00:00, run_after=2023-06-04T00:40:06.665154+00:00
[2023-06-04T00:40:06.695+0000] {processor.py:179} INFO - Processing /home/airflow/.local/lib/python3.7/site-packages/airflow/example_dags/example_latest_only_with_trigger.py took 0.105 seconds
[2023-06-04T00:40:37.829+0000] {processor.py:157} INFO - Started process (PID=21222) to work on /home/airflow/.local/lib/python3.7/site-packages/airflow/example_dags/example_latest_only_with_trigger.py
[2023-06-04T00:40:37.831+0000] {processor.py:826} INFO - Processing file /home/airflow/.local/lib/python3.7/site-packages/airflow/example_dags/example_latest_only_with_trigger.py for tasks to queue
[2023-06-04T00:40:37.833+0000] {logging_mixin.py:149} INFO - [2023-06-04T00:40:37.832+0000] {dagbag.py:541} INFO - Filling up the DagBag from /home/airflow/.local/lib/python3.7/site-packages/airflow/example_dags/example_latest_only_with_trigger.py
[2023-06-04T00:40:37.841+0000] {processor.py:836} INFO - DAG(s) dict_keys(['latest_only_with_trigger']) retrieved from /home/airflow/.local/lib/python3.7/site-packages/airflow/example_dags/example_latest_only_with_trigger.py
[2023-06-04T00:40:37.869+0000] {logging_mixin.py:149} INFO - [2023-06-04T00:40:37.869+0000] {dag.py:2726} INFO - Sync 1 DAGs
[2023-06-04T00:40:37.899+0000] {logging_mixin.py:149} INFO - [2023-06-04T00:40:37.899+0000] {dag.py:3490} INFO - Setting next_dagrun for latest_only_with_trigger to 2023-06-03T20:40:37.899174+00:00, run_after=2023-06-04T00:40:37.899174+00:00
[2023-06-04T00:40:37.925+0000] {processor.py:179} INFO - Processing /home/airflow/.local/lib/python3.7/site-packages/airflow/example_dags/example_latest_only_with_trigger.py took 0.099 seconds
[2023-06-04T00:41:09.582+0000] {processor.py:157} INFO - Started process (PID=21474) to work on /home/airflow/.local/lib/python3.7/site-packages/airflow/example_dags/example_latest_only_with_trigger.py
[2023-06-04T00:41:09.583+0000] {processor.py:826} INFO - Processing file /home/airflow/.local/lib/python3.7/site-packages/airflow/example_dags/example_latest_only_with_trigger.py for tasks to queue
[2023-06-04T00:41:09.585+0000] {logging_mixin.py:149} INFO - [2023-06-04T00:41:09.585+0000] {dagbag.py:541} INFO - Filling up the DagBag from /home/airflow/.local/lib/python3.7/site-packages/airflow/example_dags/example_latest_only_with_trigger.py
[2023-06-04T00:41:09.595+0000] {processor.py:836} INFO - DAG(s) dict_keys(['latest_only_with_trigger']) retrieved from /home/airflow/.local/lib/python3.7/site-packages/airflow/example_dags/example_latest_only_with_trigger.py
[2023-06-04T00:41:09.625+0000] {logging_mixin.py:149} INFO - [2023-06-04T00:41:09.625+0000] {dag.py:2726} INFO - Sync 1 DAGs
[2023-06-04T00:41:09.656+0000] {logging_mixin.py:149} INFO - [2023-06-04T00:41:09.656+0000] {dag.py:3490} INFO - Setting next_dagrun for latest_only_with_trigger to 2023-06-03T20:41:09.655913+00:00, run_after=2023-06-04T00:41:09.655913+00:00
[2023-06-04T00:41:09.683+0000] {processor.py:179} INFO - Processing /home/airflow/.local/lib/python3.7/site-packages/airflow/example_dags/example_latest_only_with_trigger.py took 0.104 seconds
[2023-06-04T00:41:40.867+0000] {processor.py:157} INFO - Started process (PID=21726) to work on /home/airflow/.local/lib/python3.7/site-packages/airflow/example_dags/example_latest_only_with_trigger.py
[2023-06-04T00:41:40.868+0000] {processor.py:826} INFO - Processing file /home/airflow/.local/lib/python3.7/site-packages/airflow/example_dags/example_latest_only_with_trigger.py for tasks to queue
[2023-06-04T00:41:40.870+0000] {logging_mixin.py:149} INFO - [2023-06-04T00:41:40.870+0000] {dagbag.py:541} INFO - Filling up the DagBag from /home/airflow/.local/lib/python3.7/site-packages/airflow/example_dags/example_latest_only_with_trigger.py
[2023-06-04T00:41:40.877+0000] {processor.py:836} INFO - DAG(s) dict_keys(['latest_only_with_trigger']) retrieved from /home/airflow/.local/lib/python3.7/site-packages/airflow/example_dags/example_latest_only_with_trigger.py
[2023-06-04T00:41:40.905+0000] {logging_mixin.py:149} INFO - [2023-06-04T00:41:40.905+0000] {dag.py:2726} INFO - Sync 1 DAGs
[2023-06-04T00:41:40.936+0000] {logging_mixin.py:149} INFO - [2023-06-04T00:41:40.936+0000] {dag.py:3490} INFO - Setting next_dagrun for latest_only_with_trigger to 2023-06-03T20:41:40.935738+00:00, run_after=2023-06-04T00:41:40.935738+00:00
[2023-06-04T00:41:40.963+0000] {processor.py:179} INFO - Processing /home/airflow/.local/lib/python3.7/site-packages/airflow/example_dags/example_latest_only_with_trigger.py took 0.100 seconds
[2023-06-04T00:42:12.182+0000] {processor.py:157} INFO - Started process (PID=21978) to work on /home/airflow/.local/lib/python3.7/site-packages/airflow/example_dags/example_latest_only_with_trigger.py
[2023-06-04T00:42:12.184+0000] {processor.py:826} INFO - Processing file /home/airflow/.local/lib/python3.7/site-packages/airflow/example_dags/example_latest_only_with_trigger.py for tasks to queue
[2023-06-04T00:42:12.185+0000] {logging_mixin.py:149} INFO - [2023-06-04T00:42:12.185+0000] {dagbag.py:541} INFO - Filling up the DagBag from /home/airflow/.local/lib/python3.7/site-packages/airflow/example_dags/example_latest_only_with_trigger.py
[2023-06-04T00:42:12.192+0000] {processor.py:836} INFO - DAG(s) dict_keys(['latest_only_with_trigger']) retrieved from /home/airflow/.local/lib/python3.7/site-packages/airflow/example_dags/example_latest_only_with_trigger.py
[2023-06-04T00:42:12.221+0000] {logging_mixin.py:149} INFO - [2023-06-04T00:42:12.221+0000] {dag.py:2726} INFO - Sync 1 DAGs
[2023-06-04T00:42:12.249+0000] {logging_mixin.py:149} INFO - [2023-06-04T00:42:12.249+0000] {dag.py:3490} INFO - Setting next_dagrun for latest_only_with_trigger to 2023-06-03T20:42:12.249204+00:00, run_after=2023-06-04T00:42:12.249204+00:00
[2023-06-04T00:42:12.277+0000] {processor.py:179} INFO - Processing /home/airflow/.local/lib/python3.7/site-packages/airflow/example_dags/example_latest_only_with_trigger.py took 0.098 seconds
[2023-06-04T00:42:43.073+0000] {processor.py:157} INFO - Started process (PID=22230) to work on /home/airflow/.local/lib/python3.7/site-packages/airflow/example_dags/example_latest_only_with_trigger.py
[2023-06-04T00:42:43.074+0000] {processor.py:826} INFO - Processing file /home/airflow/.local/lib/python3.7/site-packages/airflow/example_dags/example_latest_only_with_trigger.py for tasks to queue
[2023-06-04T00:42:43.076+0000] {logging_mixin.py:149} INFO - [2023-06-04T00:42:43.075+0000] {dagbag.py:541} INFO - Filling up the DagBag from /home/airflow/.local/lib/python3.7/site-packages/airflow/example_dags/example_latest_only_with_trigger.py
[2023-06-04T00:42:43.083+0000] {processor.py:836} INFO - DAG(s) dict_keys(['latest_only_with_trigger']) retrieved from /home/airflow/.local/lib/python3.7/site-packages/airflow/example_dags/example_latest_only_with_trigger.py
[2023-06-04T00:42:43.114+0000] {logging_mixin.py:149} INFO - [2023-06-04T00:42:43.114+0000] {dag.py:2726} INFO - Sync 1 DAGs
[2023-06-04T00:42:43.150+0000] {logging_mixin.py:149} INFO - [2023-06-04T00:42:43.150+0000] {dag.py:3490} INFO - Setting next_dagrun for latest_only_with_trigger to 2023-06-03T20:42:43.150267+00:00, run_after=2023-06-04T00:42:43.150267+00:00
[2023-06-04T00:42:43.177+0000] {processor.py:179} INFO - Processing /home/airflow/.local/lib/python3.7/site-packages/airflow/example_dags/example_latest_only_with_trigger.py took 0.108 seconds
[2023-06-04T00:43:13.693+0000] {processor.py:157} INFO - Started process (PID=22482) to work on /home/airflow/.local/lib/python3.7/site-packages/airflow/example_dags/example_latest_only_with_trigger.py
[2023-06-04T00:43:13.694+0000] {processor.py:826} INFO - Processing file /home/airflow/.local/lib/python3.7/site-packages/airflow/example_dags/example_latest_only_with_trigger.py for tasks to queue
[2023-06-04T00:43:13.695+0000] {logging_mixin.py:149} INFO - [2023-06-04T00:43:13.695+0000] {dagbag.py:541} INFO - Filling up the DagBag from /home/airflow/.local/lib/python3.7/site-packages/airflow/example_dags/example_latest_only_with_trigger.py
[2023-06-04T00:43:13.703+0000] {processor.py:836} INFO - DAG(s) dict_keys(['latest_only_with_trigger']) retrieved from /home/airflow/.local/lib/python3.7/site-packages/airflow/example_dags/example_latest_only_with_trigger.py
[2023-06-04T00:43:13.733+0000] {logging_mixin.py:149} INFO - [2023-06-04T00:43:13.733+0000] {dag.py:2726} INFO - Sync 1 DAGs
[2023-06-04T00:43:13.762+0000] {logging_mixin.py:149} INFO - [2023-06-04T00:43:13.762+0000] {dag.py:3490} INFO - Setting next_dagrun for latest_only_with_trigger to 2023-06-03T20:43:13.762303+00:00, run_after=2023-06-04T00:43:13.762303+00:00
[2023-06-04T00:43:13.792+0000] {processor.py:179} INFO - Processing /home/airflow/.local/lib/python3.7/site-packages/airflow/example_dags/example_latest_only_with_trigger.py took 0.102 seconds
