[2023-06-04T00:34:27.376+0000] {processor.py:157} INFO - Started process (PID=18166) to work on /home/airflow/.local/lib/python3.7/site-packages/airflow/example_dags/example_short_circuit_decorator.py
[2023-06-04T00:34:27.378+0000] {processor.py:826} INFO - Processing file /home/airflow/.local/lib/python3.7/site-packages/airflow/example_dags/example_short_circuit_decorator.py for tasks to queue
[2023-06-04T00:34:27.379+0000] {logging_mixin.py:149} INFO - [2023-06-04T00:34:27.379+0000] {dagbag.py:541} INFO - Filling up the DagBag from /home/airflow/.local/lib/python3.7/site-packages/airflow/example_dags/example_short_circuit_decorator.py
[2023-06-04T00:34:27.392+0000] {processor.py:836} INFO - DAG(s) dict_keys(['example_short_circuit_decorator']) retrieved from /home/airflow/.local/lib/python3.7/site-packages/airflow/example_dags/example_short_circuit_decorator.py
[2023-06-04T00:34:27.424+0000] {logging_mixin.py:149} INFO - [2023-06-04T00:34:27.423+0000] {dag.py:2726} INFO - Sync 1 DAGs
[2023-06-04T00:34:27.451+0000] {logging_mixin.py:149} INFO - [2023-06-04T00:34:27.451+0000] {dag.py:3490} INFO - Setting next_dagrun for example_short_circuit_decorator to 2023-06-03T00:34:27.451465+00:00, run_after=2023-06-04T00:34:27.451465+00:00
[2023-06-04T00:34:27.488+0000] {processor.py:179} INFO - Processing /home/airflow/.local/lib/python3.7/site-packages/airflow/example_dags/example_short_circuit_decorator.py took 0.116 seconds
[2023-06-04T00:34:57.580+0000] {processor.py:157} INFO - Started process (PID=18441) to work on /home/airflow/.local/lib/python3.7/site-packages/airflow/example_dags/example_short_circuit_decorator.py
[2023-06-04T00:34:57.581+0000] {processor.py:826} INFO - Processing file /home/airflow/.local/lib/python3.7/site-packages/airflow/example_dags/example_short_circuit_decorator.py for tasks to queue
[2023-06-04T00:34:57.583+0000] {logging_mixin.py:149} INFO - [2023-06-04T00:34:57.583+0000] {dagbag.py:541} INFO - Filling up the DagBag from /home/airflow/.local/lib/python3.7/site-packages/airflow/example_dags/example_short_circuit_decorator.py
[2023-06-04T00:34:57.594+0000] {processor.py:836} INFO - DAG(s) dict_keys(['example_short_circuit_decorator']) retrieved from /home/airflow/.local/lib/python3.7/site-packages/airflow/example_dags/example_short_circuit_decorator.py
[2023-06-04T00:34:57.625+0000] {logging_mixin.py:149} INFO - [2023-06-04T00:34:57.625+0000] {dag.py:2726} INFO - Sync 1 DAGs
[2023-06-04T00:34:57.654+0000] {logging_mixin.py:149} INFO - [2023-06-04T00:34:57.654+0000] {dag.py:3490} INFO - Setting next_dagrun for example_short_circuit_decorator to 2023-06-03T00:34:57.654090+00:00, run_after=2023-06-04T00:34:57.654090+00:00
[2023-06-04T00:34:57.679+0000] {processor.py:179} INFO - Processing /home/airflow/.local/lib/python3.7/site-packages/airflow/example_dags/example_short_circuit_decorator.py took 0.103 seconds
[2023-06-04T00:35:28.639+0000] {processor.py:157} INFO - Started process (PID=18692) to work on /home/airflow/.local/lib/python3.7/site-packages/airflow/example_dags/example_short_circuit_decorator.py
[2023-06-04T00:35:28.641+0000] {processor.py:826} INFO - Processing file /home/airflow/.local/lib/python3.7/site-packages/airflow/example_dags/example_short_circuit_decorator.py for tasks to queue
[2023-06-04T00:35:28.643+0000] {logging_mixin.py:149} INFO - [2023-06-04T00:35:28.643+0000] {dagbag.py:541} INFO - Filling up the DagBag from /home/airflow/.local/lib/python3.7/site-packages/airflow/example_dags/example_short_circuit_decorator.py
[2023-06-04T00:35:28.659+0000] {processor.py:836} INFO - DAG(s) dict_keys(['example_short_circuit_decorator']) retrieved from /home/airflow/.local/lib/python3.7/site-packages/airflow/example_dags/example_short_circuit_decorator.py
[2023-06-04T00:35:28.706+0000] {logging_mixin.py:149} INFO - [2023-06-04T00:35:28.706+0000] {dag.py:2726} INFO - Sync 1 DAGs
[2023-06-04T00:35:28.753+0000] {logging_mixin.py:149} INFO - [2023-06-04T00:35:28.753+0000] {dag.py:3490} INFO - Setting next_dagrun for example_short_circuit_decorator to 2023-06-03T00:35:28.752754+00:00, run_after=2023-06-04T00:35:28.752754+00:00
[2023-06-04T00:35:28.788+0000] {processor.py:179} INFO - Processing /home/airflow/.local/lib/python3.7/site-packages/airflow/example_dags/example_short_circuit_decorator.py took 0.155 seconds
[2023-06-04T00:35:59.409+0000] {processor.py:157} INFO - Started process (PID=18944) to work on /home/airflow/.local/lib/python3.7/site-packages/airflow/example_dags/example_short_circuit_decorator.py
[2023-06-04T00:35:59.410+0000] {processor.py:826} INFO - Processing file /home/airflow/.local/lib/python3.7/site-packages/airflow/example_dags/example_short_circuit_decorator.py for tasks to queue
[2023-06-04T00:35:59.411+0000] {logging_mixin.py:149} INFO - [2023-06-04T00:35:59.411+0000] {dagbag.py:541} INFO - Filling up the DagBag from /home/airflow/.local/lib/python3.7/site-packages/airflow/example_dags/example_short_circuit_decorator.py
[2023-06-04T00:35:59.425+0000] {processor.py:836} INFO - DAG(s) dict_keys(['example_short_circuit_decorator']) retrieved from /home/airflow/.local/lib/python3.7/site-packages/airflow/example_dags/example_short_circuit_decorator.py
[2023-06-04T00:35:59.459+0000] {logging_mixin.py:149} INFO - [2023-06-04T00:35:59.459+0000] {dag.py:2726} INFO - Sync 1 DAGs
[2023-06-04T00:35:59.496+0000] {logging_mixin.py:149} INFO - [2023-06-04T00:35:59.495+0000] {dag.py:3490} INFO - Setting next_dagrun for example_short_circuit_decorator to 2023-06-03T00:35:59.495565+00:00, run_after=2023-06-04T00:35:59.495565+00:00
[2023-06-04T00:35:59.525+0000] {processor.py:179} INFO - Processing /home/airflow/.local/lib/python3.7/site-packages/airflow/example_dags/example_short_circuit_decorator.py took 0.120 seconds
[2023-06-04T00:36:29.996+0000] {processor.py:157} INFO - Started process (PID=19196) to work on /home/airflow/.local/lib/python3.7/site-packages/airflow/example_dags/example_short_circuit_decorator.py
[2023-06-04T00:36:29.998+0000] {processor.py:826} INFO - Processing file /home/airflow/.local/lib/python3.7/site-packages/airflow/example_dags/example_short_circuit_decorator.py for tasks to queue
[2023-06-04T00:36:30.000+0000] {logging_mixin.py:149} INFO - [2023-06-04T00:36:29.999+0000] {dagbag.py:541} INFO - Filling up the DagBag from /home/airflow/.local/lib/python3.7/site-packages/airflow/example_dags/example_short_circuit_decorator.py
[2023-06-04T00:36:30.012+0000] {processor.py:836} INFO - DAG(s) dict_keys(['example_short_circuit_decorator']) retrieved from /home/airflow/.local/lib/python3.7/site-packages/airflow/example_dags/example_short_circuit_decorator.py
[2023-06-04T00:36:30.043+0000] {logging_mixin.py:149} INFO - [2023-06-04T00:36:30.043+0000] {dag.py:2726} INFO - Sync 1 DAGs
[2023-06-04T00:36:30.074+0000] {logging_mixin.py:149} INFO - [2023-06-04T00:36:30.073+0000] {dag.py:3490} INFO - Setting next_dagrun for example_short_circuit_decorator to 2023-06-03T00:36:30.073719+00:00, run_after=2023-06-04T00:36:30.073719+00:00
[2023-06-04T00:36:30.102+0000] {processor.py:179} INFO - Processing /home/airflow/.local/lib/python3.7/site-packages/airflow/example_dags/example_short_circuit_decorator.py took 0.109 seconds
[2023-06-04T00:37:01.125+0000] {processor.py:157} INFO - Started process (PID=19448) to work on /home/airflow/.local/lib/python3.7/site-packages/airflow/example_dags/example_short_circuit_decorator.py
[2023-06-04T00:37:01.127+0000] {processor.py:826} INFO - Processing file /home/airflow/.local/lib/python3.7/site-packages/airflow/example_dags/example_short_circuit_decorator.py for tasks to queue
[2023-06-04T00:37:01.128+0000] {logging_mixin.py:149} INFO - [2023-06-04T00:37:01.128+0000] {dagbag.py:541} INFO - Filling up the DagBag from /home/airflow/.local/lib/python3.7/site-packages/airflow/example_dags/example_short_circuit_decorator.py
[2023-06-04T00:37:01.140+0000] {processor.py:836} INFO - DAG(s) dict_keys(['example_short_circuit_decorator']) retrieved from /home/airflow/.local/lib/python3.7/site-packages/airflow/example_dags/example_short_circuit_decorator.py
[2023-06-04T00:37:01.172+0000] {logging_mixin.py:149} INFO - [2023-06-04T00:37:01.172+0000] {dag.py:2726} INFO - Sync 1 DAGs
[2023-06-04T00:37:01.204+0000] {logging_mixin.py:149} INFO - [2023-06-04T00:37:01.203+0000] {dag.py:3490} INFO - Setting next_dagrun for example_short_circuit_decorator to 2023-06-03T00:37:01.203220+00:00, run_after=2023-06-04T00:37:01.203220+00:00
[2023-06-04T00:37:01.232+0000] {processor.py:179} INFO - Processing /home/airflow/.local/lib/python3.7/site-packages/airflow/example_dags/example_short_circuit_decorator.py took 0.111 seconds
[2023-06-04T00:37:31.578+0000] {processor.py:157} INFO - Started process (PID=19700) to work on /home/airflow/.local/lib/python3.7/site-packages/airflow/example_dags/example_short_circuit_decorator.py
[2023-06-04T00:37:31.580+0000] {processor.py:826} INFO - Processing file /home/airflow/.local/lib/python3.7/site-packages/airflow/example_dags/example_short_circuit_decorator.py for tasks to queue
[2023-06-04T00:37:31.582+0000] {logging_mixin.py:149} INFO - [2023-06-04T00:37:31.581+0000] {dagbag.py:541} INFO - Filling up the DagBag from /home/airflow/.local/lib/python3.7/site-packages/airflow/example_dags/example_short_circuit_decorator.py
[2023-06-04T00:37:31.594+0000] {processor.py:836} INFO - DAG(s) dict_keys(['example_short_circuit_decorator']) retrieved from /home/airflow/.local/lib/python3.7/site-packages/airflow/example_dags/example_short_circuit_decorator.py
[2023-06-04T00:37:31.626+0000] {logging_mixin.py:149} INFO - [2023-06-04T00:37:31.626+0000] {dag.py:2726} INFO - Sync 1 DAGs
[2023-06-04T00:37:31.656+0000] {logging_mixin.py:149} INFO - [2023-06-04T00:37:31.656+0000] {dag.py:3490} INFO - Setting next_dagrun for example_short_circuit_decorator to 2023-06-03T00:37:31.656053+00:00, run_after=2023-06-04T00:37:31.656053+00:00
[2023-06-04T00:37:31.686+0000] {processor.py:179} INFO - Processing /home/airflow/.local/lib/python3.7/site-packages/airflow/example_dags/example_short_circuit_decorator.py took 0.111 seconds
[2023-06-04T00:38:02.781+0000] {processor.py:157} INFO - Started process (PID=19951) to work on /home/airflow/.local/lib/python3.7/site-packages/airflow/example_dags/example_short_circuit_decorator.py
[2023-06-04T00:38:02.783+0000] {processor.py:826} INFO - Processing file /home/airflow/.local/lib/python3.7/site-packages/airflow/example_dags/example_short_circuit_decorator.py for tasks to queue
[2023-06-04T00:38:02.785+0000] {logging_mixin.py:149} INFO - [2023-06-04T00:38:02.785+0000] {dagbag.py:541} INFO - Filling up the DagBag from /home/airflow/.local/lib/python3.7/site-packages/airflow/example_dags/example_short_circuit_decorator.py
[2023-06-04T00:38:02.796+0000] {processor.py:836} INFO - DAG(s) dict_keys(['example_short_circuit_decorator']) retrieved from /home/airflow/.local/lib/python3.7/site-packages/airflow/example_dags/example_short_circuit_decorator.py
[2023-06-04T00:38:02.828+0000] {logging_mixin.py:149} INFO - [2023-06-04T00:38:02.828+0000] {dag.py:2726} INFO - Sync 1 DAGs
[2023-06-04T00:38:02.857+0000] {logging_mixin.py:149} INFO - [2023-06-04T00:38:02.857+0000] {dag.py:3490} INFO - Setting next_dagrun for example_short_circuit_decorator to 2023-06-03T00:38:02.857239+00:00, run_after=2023-06-04T00:38:02.857239+00:00
[2023-06-04T00:38:02.884+0000] {processor.py:179} INFO - Processing /home/airflow/.local/lib/python3.7/site-packages/airflow/example_dags/example_short_circuit_decorator.py took 0.106 seconds
