[2023-06-04T00:34:25.466+0000] {processor.py:157} INFO - Started process (PID=18074) to work on /home/airflow/.local/lib/python3.7/site-packages/airflow/example_dags/example_xcom.py
[2023-06-04T00:34:25.469+0000] {processor.py:826} INFO - Processing file /home/airflow/.local/lib/python3.7/site-packages/airflow/example_dags/example_xcom.py for tasks to queue
[2023-06-04T00:34:25.470+0000] {logging_mixin.py:149} INFO - [2023-06-04T00:34:25.470+0000] {dagbag.py:541} INFO - Filling up the DagBag from /home/airflow/.local/lib/python3.7/site-packages/airflow/example_dags/example_xcom.py
[2023-06-04T00:34:25.481+0000] {processor.py:836} INFO - DAG(s) dict_keys(['example_xcom']) retrieved from /home/airflow/.local/lib/python3.7/site-packages/airflow/example_dags/example_xcom.py
[2023-06-04T00:34:25.522+0000] {logging_mixin.py:149} INFO - [2023-06-04T00:34:25.522+0000] {dag.py:2726} INFO - Sync 1 DAGs
[2023-06-04T00:34:25.557+0000] {logging_mixin.py:149} INFO - [2023-06-04T00:34:25.556+0000] {dag.py:3490} INFO - Setting next_dagrun for example_xcom to 2021-01-01T00:00:00+00:00, run_after=2021-01-01T00:00:00+00:00
[2023-06-04T00:34:25.603+0000] {processor.py:179} INFO - Processing /home/airflow/.local/lib/python3.7/site-packages/airflow/example_dags/example_xcom.py took 0.141 seconds
[2023-06-04T00:34:55.958+0000] {processor.py:157} INFO - Started process (PID=18359) to work on /home/airflow/.local/lib/python3.7/site-packages/airflow/example_dags/example_xcom.py
[2023-06-04T00:34:55.960+0000] {processor.py:826} INFO - Processing file /home/airflow/.local/lib/python3.7/site-packages/airflow/example_dags/example_xcom.py for tasks to queue
[2023-06-04T00:34:55.961+0000] {logging_mixin.py:149} INFO - [2023-06-04T00:34:55.961+0000] {dagbag.py:541} INFO - Filling up the DagBag from /home/airflow/.local/lib/python3.7/site-packages/airflow/example_dags/example_xcom.py
[2023-06-04T00:34:55.970+0000] {processor.py:836} INFO - DAG(s) dict_keys(['example_xcom']) retrieved from /home/airflow/.local/lib/python3.7/site-packages/airflow/example_dags/example_xcom.py
[2023-06-04T00:34:56.001+0000] {logging_mixin.py:149} INFO - [2023-06-04T00:34:56.001+0000] {dag.py:2726} INFO - Sync 1 DAGs
[2023-06-04T00:34:56.030+0000] {logging_mixin.py:149} INFO - [2023-06-04T00:34:56.030+0000] {dag.py:3490} INFO - Setting next_dagrun for example_xcom to 2021-01-01T00:00:00+00:00, run_after=2021-01-01T00:00:00+00:00
[2023-06-04T00:34:56.057+0000] {processor.py:179} INFO - Processing /home/airflow/.local/lib/python3.7/site-packages/airflow/example_dags/example_xcom.py took 0.102 seconds
[2023-06-04T00:35:26.334+0000] {processor.py:157} INFO - Started process (PID=18612) to work on /home/airflow/.local/lib/python3.7/site-packages/airflow/example_dags/example_xcom.py
[2023-06-04T00:35:26.336+0000] {processor.py:826} INFO - Processing file /home/airflow/.local/lib/python3.7/site-packages/airflow/example_dags/example_xcom.py for tasks to queue
[2023-06-04T00:35:26.338+0000] {logging_mixin.py:149} INFO - [2023-06-04T00:35:26.337+0000] {dagbag.py:541} INFO - Filling up the DagBag from /home/airflow/.local/lib/python3.7/site-packages/airflow/example_dags/example_xcom.py
[2023-06-04T00:35:26.347+0000] {processor.py:836} INFO - DAG(s) dict_keys(['example_xcom']) retrieved from /home/airflow/.local/lib/python3.7/site-packages/airflow/example_dags/example_xcom.py
[2023-06-04T00:35:26.379+0000] {logging_mixin.py:149} INFO - [2023-06-04T00:35:26.378+0000] {dag.py:2726} INFO - Sync 1 DAGs
[2023-06-04T00:35:26.413+0000] {logging_mixin.py:149} INFO - [2023-06-04T00:35:26.412+0000] {dag.py:3490} INFO - Setting next_dagrun for example_xcom to 2021-01-01T00:00:00+00:00, run_after=2021-01-01T00:00:00+00:00
[2023-06-04T00:35:26.443+0000] {processor.py:179} INFO - Processing /home/airflow/.local/lib/python3.7/site-packages/airflow/example_dags/example_xcom.py took 0.112 seconds
[2023-06-04T00:35:56.790+0000] {processor.py:157} INFO - Started process (PID=18864) to work on /home/airflow/.local/lib/python3.7/site-packages/airflow/example_dags/example_xcom.py
[2023-06-04T00:35:56.792+0000] {processor.py:826} INFO - Processing file /home/airflow/.local/lib/python3.7/site-packages/airflow/example_dags/example_xcom.py for tasks to queue
[2023-06-04T00:35:56.794+0000] {logging_mixin.py:149} INFO - [2023-06-04T00:35:56.794+0000] {dagbag.py:541} INFO - Filling up the DagBag from /home/airflow/.local/lib/python3.7/site-packages/airflow/example_dags/example_xcom.py
[2023-06-04T00:35:56.803+0000] {processor.py:836} INFO - DAG(s) dict_keys(['example_xcom']) retrieved from /home/airflow/.local/lib/python3.7/site-packages/airflow/example_dags/example_xcom.py
[2023-06-04T00:35:56.834+0000] {logging_mixin.py:149} INFO - [2023-06-04T00:35:56.834+0000] {dag.py:2726} INFO - Sync 1 DAGs
[2023-06-04T00:35:56.865+0000] {logging_mixin.py:149} INFO - [2023-06-04T00:35:56.865+0000] {dag.py:3490} INFO - Setting next_dagrun for example_xcom to 2021-01-01T00:00:00+00:00, run_after=2021-01-01T00:00:00+00:00
[2023-06-04T00:35:56.893+0000] {processor.py:179} INFO - Processing /home/airflow/.local/lib/python3.7/site-packages/airflow/example_dags/example_xcom.py took 0.106 seconds
[2023-06-04T00:36:27.113+0000] {processor.py:157} INFO - Started process (PID=19116) to work on /home/airflow/.local/lib/python3.7/site-packages/airflow/example_dags/example_xcom.py
[2023-06-04T00:36:27.115+0000] {processor.py:826} INFO - Processing file /home/airflow/.local/lib/python3.7/site-packages/airflow/example_dags/example_xcom.py for tasks to queue
[2023-06-04T00:36:27.116+0000] {logging_mixin.py:149} INFO - [2023-06-04T00:36:27.116+0000] {dagbag.py:541} INFO - Filling up the DagBag from /home/airflow/.local/lib/python3.7/site-packages/airflow/example_dags/example_xcom.py
[2023-06-04T00:36:27.125+0000] {processor.py:836} INFO - DAG(s) dict_keys(['example_xcom']) retrieved from /home/airflow/.local/lib/python3.7/site-packages/airflow/example_dags/example_xcom.py
[2023-06-04T00:36:27.156+0000] {logging_mixin.py:149} INFO - [2023-06-04T00:36:27.156+0000] {dag.py:2726} INFO - Sync 1 DAGs
[2023-06-04T00:36:27.184+0000] {logging_mixin.py:149} INFO - [2023-06-04T00:36:27.184+0000] {dag.py:3490} INFO - Setting next_dagrun for example_xcom to 2021-01-01T00:00:00+00:00, run_after=2021-01-01T00:00:00+00:00
[2023-06-04T00:36:27.211+0000] {processor.py:179} INFO - Processing /home/airflow/.local/lib/python3.7/site-packages/airflow/example_dags/example_xcom.py took 0.101 seconds
[2023-06-04T00:36:57.512+0000] {processor.py:157} INFO - Started process (PID=19368) to work on /home/airflow/.local/lib/python3.7/site-packages/airflow/example_dags/example_xcom.py
[2023-06-04T00:36:57.514+0000] {processor.py:826} INFO - Processing file /home/airflow/.local/lib/python3.7/site-packages/airflow/example_dags/example_xcom.py for tasks to queue
[2023-06-04T00:36:57.515+0000] {logging_mixin.py:149} INFO - [2023-06-04T00:36:57.515+0000] {dagbag.py:541} INFO - Filling up the DagBag from /home/airflow/.local/lib/python3.7/site-packages/airflow/example_dags/example_xcom.py
[2023-06-04T00:36:57.525+0000] {processor.py:836} INFO - DAG(s) dict_keys(['example_xcom']) retrieved from /home/airflow/.local/lib/python3.7/site-packages/airflow/example_dags/example_xcom.py
[2023-06-04T00:36:57.558+0000] {logging_mixin.py:149} INFO - [2023-06-04T00:36:57.557+0000] {dag.py:2726} INFO - Sync 1 DAGs
[2023-06-04T00:36:57.588+0000] {logging_mixin.py:149} INFO - [2023-06-04T00:36:57.588+0000] {dag.py:3490} INFO - Setting next_dagrun for example_xcom to 2021-01-01T00:00:00+00:00, run_after=2021-01-01T00:00:00+00:00
[2023-06-04T00:36:57.614+0000] {processor.py:179} INFO - Processing /home/airflow/.local/lib/python3.7/site-packages/airflow/example_dags/example_xcom.py took 0.106 seconds
[2023-06-04T00:37:27.917+0000] {processor.py:157} INFO - Started process (PID=19620) to work on /home/airflow/.local/lib/python3.7/site-packages/airflow/example_dags/example_xcom.py
[2023-06-04T00:37:27.950+0000] {processor.py:826} INFO - Processing file /home/airflow/.local/lib/python3.7/site-packages/airflow/example_dags/example_xcom.py for tasks to queue
[2023-06-04T00:37:27.952+0000] {logging_mixin.py:149} INFO - [2023-06-04T00:37:27.952+0000] {dagbag.py:541} INFO - Filling up the DagBag from /home/airflow/.local/lib/python3.7/site-packages/airflow/example_dags/example_xcom.py
[2023-06-04T00:37:27.960+0000] {processor.py:836} INFO - DAG(s) dict_keys(['example_xcom']) retrieved from /home/airflow/.local/lib/python3.7/site-packages/airflow/example_dags/example_xcom.py
[2023-06-04T00:37:27.993+0000] {logging_mixin.py:149} INFO - [2023-06-04T00:37:27.993+0000] {dag.py:2726} INFO - Sync 1 DAGs
[2023-06-04T00:37:28.026+0000] {logging_mixin.py:149} INFO - [2023-06-04T00:37:28.026+0000] {dag.py:3490} INFO - Setting next_dagrun for example_xcom to 2021-01-01T00:00:00+00:00, run_after=2021-01-01T00:00:00+00:00
[2023-06-04T00:37:28.060+0000] {processor.py:179} INFO - Processing /home/airflow/.local/lib/python3.7/site-packages/airflow/example_dags/example_xcom.py took 0.147 seconds
[2023-06-04T00:37:58.400+0000] {processor.py:157} INFO - Started process (PID=19871) to work on /home/airflow/.local/lib/python3.7/site-packages/airflow/example_dags/example_xcom.py
[2023-06-04T00:37:58.402+0000] {processor.py:826} INFO - Processing file /home/airflow/.local/lib/python3.7/site-packages/airflow/example_dags/example_xcom.py for tasks to queue
[2023-06-04T00:37:58.403+0000] {logging_mixin.py:149} INFO - [2023-06-04T00:37:58.403+0000] {dagbag.py:541} INFO - Filling up the DagBag from /home/airflow/.local/lib/python3.7/site-packages/airflow/example_dags/example_xcom.py
[2023-06-04T00:37:58.412+0000] {processor.py:836} INFO - DAG(s) dict_keys(['example_xcom']) retrieved from /home/airflow/.local/lib/python3.7/site-packages/airflow/example_dags/example_xcom.py
[2023-06-04T00:37:58.440+0000] {logging_mixin.py:149} INFO - [2023-06-04T00:37:58.440+0000] {dag.py:2726} INFO - Sync 1 DAGs
[2023-06-04T00:37:58.471+0000] {logging_mixin.py:149} INFO - [2023-06-04T00:37:58.471+0000] {dag.py:3490} INFO - Setting next_dagrun for example_xcom to 2021-01-01T00:00:00+00:00, run_after=2021-01-01T00:00:00+00:00
[2023-06-04T00:37:58.498+0000] {processor.py:179} INFO - Processing /home/airflow/.local/lib/python3.7/site-packages/airflow/example_dags/example_xcom.py took 0.101 seconds
[2023-06-04T00:38:28.958+0000] {processor.py:157} INFO - Started process (PID=20122) to work on /home/airflow/.local/lib/python3.7/site-packages/airflow/example_dags/example_xcom.py
[2023-06-04T00:38:28.959+0000] {processor.py:826} INFO - Processing file /home/airflow/.local/lib/python3.7/site-packages/airflow/example_dags/example_xcom.py for tasks to queue
[2023-06-04T00:38:28.960+0000] {logging_mixin.py:149} INFO - [2023-06-04T00:38:28.960+0000] {dagbag.py:541} INFO - Filling up the DagBag from /home/airflow/.local/lib/python3.7/site-packages/airflow/example_dags/example_xcom.py
[2023-06-04T00:38:28.970+0000] {processor.py:836} INFO - DAG(s) dict_keys(['example_xcom']) retrieved from /home/airflow/.local/lib/python3.7/site-packages/airflow/example_dags/example_xcom.py
[2023-06-04T00:38:29.002+0000] {logging_mixin.py:149} INFO - [2023-06-04T00:38:29.002+0000] {dag.py:2726} INFO - Sync 1 DAGs
[2023-06-04T00:38:29.065+0000] {logging_mixin.py:149} INFO - [2023-06-04T00:38:29.065+0000] {dag.py:3490} INFO - Setting next_dagrun for example_xcom to 2021-01-01T00:00:00+00:00, run_after=2021-01-01T00:00:00+00:00
[2023-06-04T00:38:29.122+0000] {processor.py:179} INFO - Processing /home/airflow/.local/lib/python3.7/site-packages/airflow/example_dags/example_xcom.py took 0.167 seconds
[2023-06-04T00:38:59.786+0000] {processor.py:157} INFO - Started process (PID=20374) to work on /home/airflow/.local/lib/python3.7/site-packages/airflow/example_dags/example_xcom.py
[2023-06-04T00:38:59.788+0000] {processor.py:826} INFO - Processing file /home/airflow/.local/lib/python3.7/site-packages/airflow/example_dags/example_xcom.py for tasks to queue
[2023-06-04T00:38:59.790+0000] {logging_mixin.py:149} INFO - [2023-06-04T00:38:59.789+0000] {dagbag.py:541} INFO - Filling up the DagBag from /home/airflow/.local/lib/python3.7/site-packages/airflow/example_dags/example_xcom.py
[2023-06-04T00:38:59.799+0000] {processor.py:836} INFO - DAG(s) dict_keys(['example_xcom']) retrieved from /home/airflow/.local/lib/python3.7/site-packages/airflow/example_dags/example_xcom.py
[2023-06-04T00:38:59.830+0000] {logging_mixin.py:149} INFO - [2023-06-04T00:38:59.829+0000] {dag.py:2726} INFO - Sync 1 DAGs
[2023-06-04T00:38:59.860+0000] {logging_mixin.py:149} INFO - [2023-06-04T00:38:59.860+0000] {dag.py:3490} INFO - Setting next_dagrun for example_xcom to 2021-01-01T00:00:00+00:00, run_after=2021-01-01T00:00:00+00:00
[2023-06-04T00:38:59.888+0000] {processor.py:179} INFO - Processing /home/airflow/.local/lib/python3.7/site-packages/airflow/example_dags/example_xcom.py took 0.106 seconds
