[2023-06-04T00:34:28.103+0000] {processor.py:157} INFO - Started process (PID=18197) to work on /home/airflow/.local/lib/python3.7/site-packages/airflow/example_dags/example_sensors.py
[2023-06-04T00:34:28.104+0000] {processor.py:826} INFO - Processing file /home/airflow/.local/lib/python3.7/site-packages/airflow/example_dags/example_sensors.py for tasks to queue
[2023-06-04T00:34:28.106+0000] {logging_mixin.py:149} INFO - [2023-06-04T00:34:28.106+0000] {dagbag.py:541} INFO - Filling up the DagBag from /home/airflow/.local/lib/python3.7/site-packages/airflow/example_dags/example_sensors.py
[2023-06-04T00:34:28.117+0000] {processor.py:836} INFO - DAG(s) dict_keys(['example_sensors']) retrieved from /home/airflow/.local/lib/python3.7/site-packages/airflow/example_dags/example_sensors.py
[2023-06-04T00:34:28.151+0000] {logging_mixin.py:149} INFO - [2023-06-04T00:34:28.150+0000] {dag.py:2726} INFO - Sync 1 DAGs
[2023-06-04T00:34:28.181+0000] {logging_mixin.py:149} INFO - [2023-06-04T00:34:28.181+0000] {dag.py:3490} INFO - Setting next_dagrun for example_sensors to None, run_after=None
[2023-06-04T00:34:28.208+0000] {processor.py:179} INFO - Processing /home/airflow/.local/lib/python3.7/site-packages/airflow/example_dags/example_sensors.py took 0.109 seconds
[2023-06-04T00:34:58.325+0000] {processor.py:157} INFO - Started process (PID=18471) to work on /home/airflow/.local/lib/python3.7/site-packages/airflow/example_dags/example_sensors.py
[2023-06-04T00:34:58.327+0000] {processor.py:826} INFO - Processing file /home/airflow/.local/lib/python3.7/site-packages/airflow/example_dags/example_sensors.py for tasks to queue
[2023-06-04T00:34:58.329+0000] {logging_mixin.py:149} INFO - [2023-06-04T00:34:58.329+0000] {dagbag.py:541} INFO - Filling up the DagBag from /home/airflow/.local/lib/python3.7/site-packages/airflow/example_dags/example_sensors.py
[2023-06-04T00:34:58.342+0000] {processor.py:836} INFO - DAG(s) dict_keys(['example_sensors']) retrieved from /home/airflow/.local/lib/python3.7/site-packages/airflow/example_dags/example_sensors.py
[2023-06-04T00:34:58.383+0000] {logging_mixin.py:149} INFO - [2023-06-04T00:34:58.383+0000] {dag.py:2726} INFO - Sync 1 DAGs
[2023-06-04T00:34:58.415+0000] {logging_mixin.py:149} INFO - [2023-06-04T00:34:58.415+0000] {dag.py:3490} INFO - Setting next_dagrun for example_sensors to None, run_after=None
[2023-06-04T00:34:58.448+0000] {processor.py:179} INFO - Processing /home/airflow/.local/lib/python3.7/site-packages/airflow/example_dags/example_sensors.py took 0.128 seconds
[2023-06-04T00:35:29.203+0000] {processor.py:157} INFO - Started process (PID=18722) to work on /home/airflow/.local/lib/python3.7/site-packages/airflow/example_dags/example_sensors.py
[2023-06-04T00:35:29.204+0000] {processor.py:826} INFO - Processing file /home/airflow/.local/lib/python3.7/site-packages/airflow/example_dags/example_sensors.py for tasks to queue
[2023-06-04T00:35:29.206+0000] {logging_mixin.py:149} INFO - [2023-06-04T00:35:29.206+0000] {dagbag.py:541} INFO - Filling up the DagBag from /home/airflow/.local/lib/python3.7/site-packages/airflow/example_dags/example_sensors.py
[2023-06-04T00:35:29.219+0000] {processor.py:836} INFO - DAG(s) dict_keys(['example_sensors']) retrieved from /home/airflow/.local/lib/python3.7/site-packages/airflow/example_dags/example_sensors.py
[2023-06-04T00:35:29.257+0000] {logging_mixin.py:149} INFO - [2023-06-04T00:35:29.257+0000] {dag.py:2726} INFO - Sync 1 DAGs
[2023-06-04T00:35:29.289+0000] {logging_mixin.py:149} INFO - [2023-06-04T00:35:29.289+0000] {dag.py:3490} INFO - Setting next_dagrun for example_sensors to None, run_after=None
[2023-06-04T00:35:29.319+0000] {processor.py:179} INFO - Processing /home/airflow/.local/lib/python3.7/site-packages/airflow/example_dags/example_sensors.py took 0.120 seconds
[2023-06-04T00:35:59.887+0000] {processor.py:157} INFO - Started process (PID=18974) to work on /home/airflow/.local/lib/python3.7/site-packages/airflow/example_dags/example_sensors.py
[2023-06-04T00:35:59.889+0000] {processor.py:826} INFO - Processing file /home/airflow/.local/lib/python3.7/site-packages/airflow/example_dags/example_sensors.py for tasks to queue
[2023-06-04T00:35:59.891+0000] {logging_mixin.py:149} INFO - [2023-06-04T00:35:59.891+0000] {dagbag.py:541} INFO - Filling up the DagBag from /home/airflow/.local/lib/python3.7/site-packages/airflow/example_dags/example_sensors.py
[2023-06-04T00:35:59.905+0000] {processor.py:836} INFO - DAG(s) dict_keys(['example_sensors']) retrieved from /home/airflow/.local/lib/python3.7/site-packages/airflow/example_dags/example_sensors.py
[2023-06-04T00:35:59.954+0000] {logging_mixin.py:149} INFO - [2023-06-04T00:35:59.954+0000] {dag.py:2726} INFO - Sync 1 DAGs
[2023-06-04T00:35:59.987+0000] {logging_mixin.py:149} INFO - [2023-06-04T00:35:59.987+0000] {dag.py:3490} INFO - Setting next_dagrun for example_sensors to None, run_after=None
[2023-06-04T00:36:00.022+0000] {processor.py:179} INFO - Processing /home/airflow/.local/lib/python3.7/site-packages/airflow/example_dags/example_sensors.py took 0.139 seconds
[2023-06-04T00:36:30.439+0000] {processor.py:157} INFO - Started process (PID=19226) to work on /home/airflow/.local/lib/python3.7/site-packages/airflow/example_dags/example_sensors.py
[2023-06-04T00:36:30.441+0000] {processor.py:826} INFO - Processing file /home/airflow/.local/lib/python3.7/site-packages/airflow/example_dags/example_sensors.py for tasks to queue
[2023-06-04T00:36:30.443+0000] {logging_mixin.py:149} INFO - [2023-06-04T00:36:30.443+0000] {dagbag.py:541} INFO - Filling up the DagBag from /home/airflow/.local/lib/python3.7/site-packages/airflow/example_dags/example_sensors.py
[2023-06-04T00:36:30.455+0000] {processor.py:836} INFO - DAG(s) dict_keys(['example_sensors']) retrieved from /home/airflow/.local/lib/python3.7/site-packages/airflow/example_dags/example_sensors.py
[2023-06-04T00:36:30.490+0000] {logging_mixin.py:149} INFO - [2023-06-04T00:36:30.490+0000] {dag.py:2726} INFO - Sync 1 DAGs
[2023-06-04T00:36:30.519+0000] {logging_mixin.py:149} INFO - [2023-06-04T00:36:30.519+0000] {dag.py:3490} INFO - Setting next_dagrun for example_sensors to None, run_after=None
[2023-06-04T00:36:30.545+0000] {processor.py:179} INFO - Processing /home/airflow/.local/lib/python3.7/site-packages/airflow/example_dags/example_sensors.py took 0.110 seconds
[2023-06-04T00:37:01.630+0000] {processor.py:157} INFO - Started process (PID=19478) to work on /home/airflow/.local/lib/python3.7/site-packages/airflow/example_dags/example_sensors.py
[2023-06-04T00:37:01.632+0000] {processor.py:826} INFO - Processing file /home/airflow/.local/lib/python3.7/site-packages/airflow/example_dags/example_sensors.py for tasks to queue
[2023-06-04T00:37:01.633+0000] {logging_mixin.py:149} INFO - [2023-06-04T00:37:01.633+0000] {dagbag.py:541} INFO - Filling up the DagBag from /home/airflow/.local/lib/python3.7/site-packages/airflow/example_dags/example_sensors.py
[2023-06-04T00:37:01.646+0000] {processor.py:836} INFO - DAG(s) dict_keys(['example_sensors']) retrieved from /home/airflow/.local/lib/python3.7/site-packages/airflow/example_dags/example_sensors.py
[2023-06-04T00:37:01.680+0000] {logging_mixin.py:149} INFO - [2023-06-04T00:37:01.680+0000] {dag.py:2726} INFO - Sync 1 DAGs
[2023-06-04T00:37:01.710+0000] {logging_mixin.py:149} INFO - [2023-06-04T00:37:01.710+0000] {dag.py:3490} INFO - Setting next_dagrun for example_sensors to None, run_after=None
[2023-06-04T00:37:01.737+0000] {processor.py:179} INFO - Processing /home/airflow/.local/lib/python3.7/site-packages/airflow/example_dags/example_sensors.py took 0.110 seconds
[2023-06-04T00:37:32.345+0000] {processor.py:157} INFO - Started process (PID=19730) to work on /home/airflow/.local/lib/python3.7/site-packages/airflow/example_dags/example_sensors.py
[2023-06-04T00:37:32.347+0000] {processor.py:826} INFO - Processing file /home/airflow/.local/lib/python3.7/site-packages/airflow/example_dags/example_sensors.py for tasks to queue
[2023-06-04T00:37:32.348+0000] {logging_mixin.py:149} INFO - [2023-06-04T00:37:32.348+0000] {dagbag.py:541} INFO - Filling up the DagBag from /home/airflow/.local/lib/python3.7/site-packages/airflow/example_dags/example_sensors.py
[2023-06-04T00:37:32.361+0000] {processor.py:836} INFO - DAG(s) dict_keys(['example_sensors']) retrieved from /home/airflow/.local/lib/python3.7/site-packages/airflow/example_dags/example_sensors.py
[2023-06-04T00:37:32.397+0000] {logging_mixin.py:149} INFO - [2023-06-04T00:37:32.397+0000] {dag.py:2726} INFO - Sync 1 DAGs
[2023-06-04T00:37:32.427+0000] {logging_mixin.py:149} INFO - [2023-06-04T00:37:32.426+0000] {dag.py:3490} INFO - Setting next_dagrun for example_sensors to None, run_after=None
[2023-06-04T00:37:32.454+0000] {processor.py:179} INFO - Processing /home/airflow/.local/lib/python3.7/site-packages/airflow/example_dags/example_sensors.py took 0.112 seconds
[2023-06-04T00:38:03.220+0000] {processor.py:157} INFO - Started process (PID=19981) to work on /home/airflow/.local/lib/python3.7/site-packages/airflow/example_dags/example_sensors.py
[2023-06-04T00:38:03.222+0000] {processor.py:826} INFO - Processing file /home/airflow/.local/lib/python3.7/site-packages/airflow/example_dags/example_sensors.py for tasks to queue
[2023-06-04T00:38:03.224+0000] {logging_mixin.py:149} INFO - [2023-06-04T00:38:03.224+0000] {dagbag.py:541} INFO - Filling up the DagBag from /home/airflow/.local/lib/python3.7/site-packages/airflow/example_dags/example_sensors.py
[2023-06-04T00:38:03.234+0000] {processor.py:836} INFO - DAG(s) dict_keys(['example_sensors']) retrieved from /home/airflow/.local/lib/python3.7/site-packages/airflow/example_dags/example_sensors.py
[2023-06-04T00:38:03.270+0000] {logging_mixin.py:149} INFO - [2023-06-04T00:38:03.270+0000] {dag.py:2726} INFO - Sync 1 DAGs
[2023-06-04T00:38:03.303+0000] {logging_mixin.py:149} INFO - [2023-06-04T00:38:03.302+0000] {dag.py:3490} INFO - Setting next_dagrun for example_sensors to None, run_after=None
[2023-06-04T00:38:03.330+0000] {processor.py:179} INFO - Processing /home/airflow/.local/lib/python3.7/site-packages/airflow/example_dags/example_sensors.py took 0.113 seconds
[2023-06-04T00:38:34.056+0000] {processor.py:157} INFO - Started process (PID=20232) to work on /home/airflow/.local/lib/python3.7/site-packages/airflow/example_dags/example_sensors.py
[2023-06-04T00:38:34.057+0000] {processor.py:826} INFO - Processing file /home/airflow/.local/lib/python3.7/site-packages/airflow/example_dags/example_sensors.py for tasks to queue
[2023-06-04T00:38:34.059+0000] {logging_mixin.py:149} INFO - [2023-06-04T00:38:34.059+0000] {dagbag.py:541} INFO - Filling up the DagBag from /home/airflow/.local/lib/python3.7/site-packages/airflow/example_dags/example_sensors.py
[2023-06-04T00:38:34.071+0000] {processor.py:836} INFO - DAG(s) dict_keys(['example_sensors']) retrieved from /home/airflow/.local/lib/python3.7/site-packages/airflow/example_dags/example_sensors.py
[2023-06-04T00:38:34.106+0000] {logging_mixin.py:149} INFO - [2023-06-04T00:38:34.106+0000] {dag.py:2726} INFO - Sync 1 DAGs
[2023-06-04T00:38:34.137+0000] {logging_mixin.py:149} INFO - [2023-06-04T00:38:34.136+0000] {dag.py:3490} INFO - Setting next_dagrun for example_sensors to None, run_after=None
[2023-06-04T00:38:34.162+0000] {processor.py:179} INFO - Processing /home/airflow/.local/lib/python3.7/site-packages/airflow/example_dags/example_sensors.py took 0.110 seconds
[2023-06-04T00:39:04.825+0000] {processor.py:157} INFO - Started process (PID=20493) to work on /home/airflow/.local/lib/python3.7/site-packages/airflow/example_dags/example_sensors.py
[2023-06-04T00:39:04.826+0000] {processor.py:826} INFO - Processing file /home/airflow/.local/lib/python3.7/site-packages/airflow/example_dags/example_sensors.py for tasks to queue
[2023-06-04T00:39:04.828+0000] {logging_mixin.py:149} INFO - [2023-06-04T00:39:04.828+0000] {dagbag.py:541} INFO - Filling up the DagBag from /home/airflow/.local/lib/python3.7/site-packages/airflow/example_dags/example_sensors.py
[2023-06-04T00:39:04.843+0000] {processor.py:836} INFO - DAG(s) dict_keys(['example_sensors']) retrieved from /home/airflow/.local/lib/python3.7/site-packages/airflow/example_dags/example_sensors.py
[2023-06-04T00:39:04.880+0000] {logging_mixin.py:149} INFO - [2023-06-04T00:39:04.880+0000] {dag.py:2726} INFO - Sync 1 DAGs
[2023-06-04T00:39:04.910+0000] {logging_mixin.py:149} INFO - [2023-06-04T00:39:04.910+0000] {dag.py:3490} INFO - Setting next_dagrun for example_sensors to None, run_after=None
[2023-06-04T00:39:04.936+0000] {processor.py:179} INFO - Processing /home/airflow/.local/lib/python3.7/site-packages/airflow/example_dags/example_sensors.py took 0.116 seconds
