[2023-06-04T00:34:26.552+0000] {processor.py:157} INFO - Started process (PID=18129) to work on /home/airflow/.local/lib/python3.7/site-packages/airflow/example_dags/example_dag_decorator.py
[2023-06-04T00:34:26.553+0000] {processor.py:826} INFO - Processing file /home/airflow/.local/lib/python3.7/site-packages/airflow/example_dags/example_dag_decorator.py for tasks to queue
[2023-06-04T00:34:26.554+0000] {logging_mixin.py:149} INFO - [2023-06-04T00:34:26.554+0000] {dagbag.py:541} INFO - Filling up the DagBag from /home/airflow/.local/lib/python3.7/site-packages/airflow/example_dags/example_dag_decorator.py
[2023-06-04T00:34:26.564+0000] {logging_mixin.py:149} INFO - [2023-06-04T00:34:26.564+0000] {taskmixin.py:211} WARNING - Dependency <Task(_PythonDecoratedOperator): prepare_email>, send_email already registered for DAG: example_dag_decorator
[2023-06-04T00:34:26.565+0000] {logging_mixin.py:149} INFO - [2023-06-04T00:34:26.565+0000] {taskmixin.py:211} WARNING - Dependency <Task(EmailOperator): send_email>, prepare_email already registered for DAG: example_dag_decorator
[2023-06-04T00:34:26.575+0000] {processor.py:836} INFO - DAG(s) dict_keys(['example_dag_decorator']) retrieved from /home/airflow/.local/lib/python3.7/site-packages/airflow/example_dags/example_dag_decorator.py
[2023-06-04T00:34:26.656+0000] {logging_mixin.py:149} INFO - [2023-06-04T00:34:26.655+0000] {dag.py:2726} INFO - Sync 1 DAGs
[2023-06-04T00:34:26.685+0000] {logging_mixin.py:149} INFO - [2023-06-04T00:34:26.685+0000] {dag.py:3490} INFO - Setting next_dagrun for example_dag_decorator to None, run_after=None
[2023-06-04T00:34:26.719+0000] {processor.py:179} INFO - Processing /home/airflow/.local/lib/python3.7/site-packages/airflow/example_dags/example_dag_decorator.py took 0.171 seconds
[2023-06-04T00:34:56.884+0000] {processor.py:157} INFO - Started process (PID=18404) to work on /home/airflow/.local/lib/python3.7/site-packages/airflow/example_dags/example_dag_decorator.py
[2023-06-04T00:34:56.885+0000] {processor.py:826} INFO - Processing file /home/airflow/.local/lib/python3.7/site-packages/airflow/example_dags/example_dag_decorator.py for tasks to queue
[2023-06-04T00:34:56.887+0000] {logging_mixin.py:149} INFO - [2023-06-04T00:34:56.886+0000] {dagbag.py:541} INFO - Filling up the DagBag from /home/airflow/.local/lib/python3.7/site-packages/airflow/example_dags/example_dag_decorator.py
[2023-06-04T00:34:56.895+0000] {logging_mixin.py:149} INFO - [2023-06-04T00:34:56.895+0000] {taskmixin.py:211} WARNING - Dependency <Task(_PythonDecoratedOperator): prepare_email>, send_email already registered for DAG: example_dag_decorator
[2023-06-04T00:34:56.896+0000] {logging_mixin.py:149} INFO - [2023-06-04T00:34:56.896+0000] {taskmixin.py:211} WARNING - Dependency <Task(EmailOperator): send_email>, prepare_email already registered for DAG: example_dag_decorator
[2023-06-04T00:34:56.906+0000] {processor.py:836} INFO - DAG(s) dict_keys(['example_dag_decorator']) retrieved from /home/airflow/.local/lib/python3.7/site-packages/airflow/example_dags/example_dag_decorator.py
[2023-06-04T00:34:56.984+0000] {logging_mixin.py:149} INFO - [2023-06-04T00:34:56.983+0000] {dag.py:2726} INFO - Sync 1 DAGs
[2023-06-04T00:34:57.013+0000] {logging_mixin.py:149} INFO - [2023-06-04T00:34:57.013+0000] {dag.py:3490} INFO - Setting next_dagrun for example_dag_decorator to None, run_after=None
[2023-06-04T00:34:57.041+0000] {processor.py:179} INFO - Processing /home/airflow/.local/lib/python3.7/site-packages/airflow/example_dags/example_dag_decorator.py took 0.161 seconds
[2023-06-04T00:35:27.532+0000] {processor.py:157} INFO - Started process (PID=18657) to work on /home/airflow/.local/lib/python3.7/site-packages/airflow/example_dags/example_dag_decorator.py
[2023-06-04T00:35:27.534+0000] {processor.py:826} INFO - Processing file /home/airflow/.local/lib/python3.7/site-packages/airflow/example_dags/example_dag_decorator.py for tasks to queue
[2023-06-04T00:35:27.537+0000] {logging_mixin.py:149} INFO - [2023-06-04T00:35:27.537+0000] {dagbag.py:541} INFO - Filling up the DagBag from /home/airflow/.local/lib/python3.7/site-packages/airflow/example_dags/example_dag_decorator.py
[2023-06-04T00:35:27.551+0000] {logging_mixin.py:149} INFO - [2023-06-04T00:35:27.550+0000] {taskmixin.py:211} WARNING - Dependency <Task(_PythonDecoratedOperator): prepare_email>, send_email already registered for DAG: example_dag_decorator
[2023-06-04T00:35:27.553+0000] {logging_mixin.py:149} INFO - [2023-06-04T00:35:27.553+0000] {taskmixin.py:211} WARNING - Dependency <Task(EmailOperator): send_email>, prepare_email already registered for DAG: example_dag_decorator
[2023-06-04T00:35:27.569+0000] {processor.py:836} INFO - DAG(s) dict_keys(['example_dag_decorator']) retrieved from /home/airflow/.local/lib/python3.7/site-packages/airflow/example_dags/example_dag_decorator.py
[2023-06-04T00:35:27.714+0000] {logging_mixin.py:149} INFO - [2023-06-04T00:35:27.714+0000] {dag.py:2726} INFO - Sync 1 DAGs
[2023-06-04T00:35:27.779+0000] {logging_mixin.py:149} INFO - [2023-06-04T00:35:27.779+0000] {dag.py:3490} INFO - Setting next_dagrun for example_dag_decorator to None, run_after=None
[2023-06-04T00:35:27.818+0000] {processor.py:179} INFO - Processing /home/airflow/.local/lib/python3.7/site-packages/airflow/example_dags/example_dag_decorator.py took 0.290 seconds
[2023-06-04T00:35:58.361+0000] {processor.py:157} INFO - Started process (PID=18904) to work on /home/airflow/.local/lib/python3.7/site-packages/airflow/example_dags/example_dag_decorator.py
[2023-06-04T00:35:58.363+0000] {processor.py:826} INFO - Processing file /home/airflow/.local/lib/python3.7/site-packages/airflow/example_dags/example_dag_decorator.py for tasks to queue
[2023-06-04T00:35:58.365+0000] {logging_mixin.py:149} INFO - [2023-06-04T00:35:58.365+0000] {dagbag.py:541} INFO - Filling up the DagBag from /home/airflow/.local/lib/python3.7/site-packages/airflow/example_dags/example_dag_decorator.py
[2023-06-04T00:35:58.374+0000] {logging_mixin.py:149} INFO - [2023-06-04T00:35:58.374+0000] {taskmixin.py:211} WARNING - Dependency <Task(_PythonDecoratedOperator): prepare_email>, send_email already registered for DAG: example_dag_decorator
[2023-06-04T00:35:58.375+0000] {logging_mixin.py:149} INFO - [2023-06-04T00:35:58.375+0000] {taskmixin.py:211} WARNING - Dependency <Task(EmailOperator): send_email>, prepare_email already registered for DAG: example_dag_decorator
[2023-06-04T00:35:58.386+0000] {processor.py:836} INFO - DAG(s) dict_keys(['example_dag_decorator']) retrieved from /home/airflow/.local/lib/python3.7/site-packages/airflow/example_dags/example_dag_decorator.py
[2023-06-04T00:35:58.481+0000] {logging_mixin.py:149} INFO - [2023-06-04T00:35:58.481+0000] {dag.py:2726} INFO - Sync 1 DAGs
[2023-06-04T00:35:58.580+0000] {logging_mixin.py:149} INFO - [2023-06-04T00:35:58.580+0000] {dag.py:3490} INFO - Setting next_dagrun for example_dag_decorator to None, run_after=None
[2023-06-04T00:35:58.609+0000] {processor.py:179} INFO - Processing /home/airflow/.local/lib/python3.7/site-packages/airflow/example_dags/example_dag_decorator.py took 0.252 seconds
[2023-06-04T00:36:28.716+0000] {processor.py:157} INFO - Started process (PID=19153) to work on /home/airflow/.local/lib/python3.7/site-packages/airflow/example_dags/example_dag_decorator.py
[2023-06-04T00:36:28.717+0000] {processor.py:826} INFO - Processing file /home/airflow/.local/lib/python3.7/site-packages/airflow/example_dags/example_dag_decorator.py for tasks to queue
[2023-06-04T00:36:28.719+0000] {logging_mixin.py:149} INFO - [2023-06-04T00:36:28.719+0000] {dagbag.py:541} INFO - Filling up the DagBag from /home/airflow/.local/lib/python3.7/site-packages/airflow/example_dags/example_dag_decorator.py
[2023-06-04T00:36:28.727+0000] {logging_mixin.py:149} INFO - [2023-06-04T00:36:28.727+0000] {taskmixin.py:211} WARNING - Dependency <Task(_PythonDecoratedOperator): prepare_email>, send_email already registered for DAG: example_dag_decorator
[2023-06-04T00:36:28.728+0000] {logging_mixin.py:149} INFO - [2023-06-04T00:36:28.728+0000] {taskmixin.py:211} WARNING - Dependency <Task(EmailOperator): send_email>, prepare_email already registered for DAG: example_dag_decorator
[2023-06-04T00:36:28.737+0000] {processor.py:836} INFO - DAG(s) dict_keys(['example_dag_decorator']) retrieved from /home/airflow/.local/lib/python3.7/site-packages/airflow/example_dags/example_dag_decorator.py
[2023-06-04T00:36:28.814+0000] {logging_mixin.py:149} INFO - [2023-06-04T00:36:28.814+0000] {dag.py:2726} INFO - Sync 1 DAGs
[2023-06-04T00:36:28.839+0000] {logging_mixin.py:149} INFO - [2023-06-04T00:36:28.839+0000] {dag.py:3490} INFO - Setting next_dagrun for example_dag_decorator to None, run_after=None
[2023-06-04T00:36:28.869+0000] {processor.py:179} INFO - Processing /home/airflow/.local/lib/python3.7/site-packages/airflow/example_dags/example_dag_decorator.py took 0.157 seconds
[2023-06-04T00:36:59.112+0000] {processor.py:157} INFO - Started process (PID=19405) to work on /home/airflow/.local/lib/python3.7/site-packages/airflow/example_dags/example_dag_decorator.py
[2023-06-04T00:36:59.114+0000] {processor.py:826} INFO - Processing file /home/airflow/.local/lib/python3.7/site-packages/airflow/example_dags/example_dag_decorator.py for tasks to queue
[2023-06-04T00:36:59.116+0000] {logging_mixin.py:149} INFO - [2023-06-04T00:36:59.115+0000] {dagbag.py:541} INFO - Filling up the DagBag from /home/airflow/.local/lib/python3.7/site-packages/airflow/example_dags/example_dag_decorator.py
[2023-06-04T00:36:59.124+0000] {logging_mixin.py:149} INFO - [2023-06-04T00:36:59.124+0000] {taskmixin.py:211} WARNING - Dependency <Task(_PythonDecoratedOperator): prepare_email>, send_email already registered for DAG: example_dag_decorator
[2023-06-04T00:36:59.125+0000] {logging_mixin.py:149} INFO - [2023-06-04T00:36:59.125+0000] {taskmixin.py:211} WARNING - Dependency <Task(EmailOperator): send_email>, prepare_email already registered for DAG: example_dag_decorator
[2023-06-04T00:36:59.136+0000] {processor.py:836} INFO - DAG(s) dict_keys(['example_dag_decorator']) retrieved from /home/airflow/.local/lib/python3.7/site-packages/airflow/example_dags/example_dag_decorator.py
[2023-06-04T00:36:59.217+0000] {logging_mixin.py:149} INFO - [2023-06-04T00:36:59.217+0000] {dag.py:2726} INFO - Sync 1 DAGs
[2023-06-04T00:36:59.245+0000] {logging_mixin.py:149} INFO - [2023-06-04T00:36:59.245+0000] {dag.py:3490} INFO - Setting next_dagrun for example_dag_decorator to None, run_after=None
[2023-06-04T00:36:59.274+0000] {processor.py:179} INFO - Processing /home/airflow/.local/lib/python3.7/site-packages/airflow/example_dags/example_dag_decorator.py took 0.166 seconds
[2023-06-04T00:37:29.576+0000] {processor.py:157} INFO - Started process (PID=19657) to work on /home/airflow/.local/lib/python3.7/site-packages/airflow/example_dags/example_dag_decorator.py
[2023-06-04T00:37:29.578+0000] {processor.py:826} INFO - Processing file /home/airflow/.local/lib/python3.7/site-packages/airflow/example_dags/example_dag_decorator.py for tasks to queue
[2023-06-04T00:37:29.580+0000] {logging_mixin.py:149} INFO - [2023-06-04T00:37:29.580+0000] {dagbag.py:541} INFO - Filling up the DagBag from /home/airflow/.local/lib/python3.7/site-packages/airflow/example_dags/example_dag_decorator.py
[2023-06-04T00:37:29.588+0000] {logging_mixin.py:149} INFO - [2023-06-04T00:37:29.587+0000] {taskmixin.py:211} WARNING - Dependency <Task(_PythonDecoratedOperator): prepare_email>, send_email already registered for DAG: example_dag_decorator
[2023-06-04T00:37:29.589+0000] {logging_mixin.py:149} INFO - [2023-06-04T00:37:29.589+0000] {taskmixin.py:211} WARNING - Dependency <Task(EmailOperator): send_email>, prepare_email already registered for DAG: example_dag_decorator
[2023-06-04T00:37:29.601+0000] {processor.py:836} INFO - DAG(s) dict_keys(['example_dag_decorator']) retrieved from /home/airflow/.local/lib/python3.7/site-packages/airflow/example_dags/example_dag_decorator.py
[2023-06-04T00:37:29.690+0000] {logging_mixin.py:149} INFO - [2023-06-04T00:37:29.690+0000] {dag.py:2726} INFO - Sync 1 DAGs
[2023-06-04T00:37:29.723+0000] {logging_mixin.py:149} INFO - [2023-06-04T00:37:29.723+0000] {dag.py:3490} INFO - Setting next_dagrun for example_dag_decorator to None, run_after=None
[2023-06-04T00:37:29.756+0000] {processor.py:179} INFO - Processing /home/airflow/.local/lib/python3.7/site-packages/airflow/example_dags/example_dag_decorator.py took 0.185 seconds
[2023-06-04T00:37:59.886+0000] {processor.py:157} INFO - Started process (PID=19908) to work on /home/airflow/.local/lib/python3.7/site-packages/airflow/example_dags/example_dag_decorator.py
[2023-06-04T00:37:59.888+0000] {processor.py:826} INFO - Processing file /home/airflow/.local/lib/python3.7/site-packages/airflow/example_dags/example_dag_decorator.py for tasks to queue
[2023-06-04T00:37:59.890+0000] {logging_mixin.py:149} INFO - [2023-06-04T00:37:59.890+0000] {dagbag.py:541} INFO - Filling up the DagBag from /home/airflow/.local/lib/python3.7/site-packages/airflow/example_dags/example_dag_decorator.py
[2023-06-04T00:37:59.898+0000] {logging_mixin.py:149} INFO - [2023-06-04T00:37:59.898+0000] {taskmixin.py:211} WARNING - Dependency <Task(_PythonDecoratedOperator): prepare_email>, send_email already registered for DAG: example_dag_decorator
[2023-06-04T00:37:59.899+0000] {logging_mixin.py:149} INFO - [2023-06-04T00:37:59.899+0000] {taskmixin.py:211} WARNING - Dependency <Task(EmailOperator): send_email>, prepare_email already registered for DAG: example_dag_decorator
[2023-06-04T00:37:59.910+0000] {processor.py:836} INFO - DAG(s) dict_keys(['example_dag_decorator']) retrieved from /home/airflow/.local/lib/python3.7/site-packages/airflow/example_dags/example_dag_decorator.py
[2023-06-04T00:37:59.990+0000] {logging_mixin.py:149} INFO - [2023-06-04T00:37:59.989+0000] {dag.py:2726} INFO - Sync 1 DAGs
[2023-06-04T00:38:00.022+0000] {logging_mixin.py:149} INFO - [2023-06-04T00:38:00.022+0000] {dag.py:3490} INFO - Setting next_dagrun for example_dag_decorator to None, run_after=None
[2023-06-04T00:38:00.054+0000] {processor.py:179} INFO - Processing /home/airflow/.local/lib/python3.7/site-packages/airflow/example_dags/example_dag_decorator.py took 0.173 seconds
[2023-06-04T00:38:30.551+0000] {processor.py:157} INFO - Started process (PID=20159) to work on /home/airflow/.local/lib/python3.7/site-packages/airflow/example_dags/example_dag_decorator.py
[2023-06-04T00:38:30.554+0000] {processor.py:826} INFO - Processing file /home/airflow/.local/lib/python3.7/site-packages/airflow/example_dags/example_dag_decorator.py for tasks to queue
[2023-06-04T00:38:30.557+0000] {logging_mixin.py:149} INFO - [2023-06-04T00:38:30.557+0000] {dagbag.py:541} INFO - Filling up the DagBag from /home/airflow/.local/lib/python3.7/site-packages/airflow/example_dags/example_dag_decorator.py
[2023-06-04T00:38:30.565+0000] {logging_mixin.py:149} INFO - [2023-06-04T00:38:30.565+0000] {taskmixin.py:211} WARNING - Dependency <Task(_PythonDecoratedOperator): prepare_email>, send_email already registered for DAG: example_dag_decorator
[2023-06-04T00:38:30.566+0000] {logging_mixin.py:149} INFO - [2023-06-04T00:38:30.566+0000] {taskmixin.py:211} WARNING - Dependency <Task(EmailOperator): send_email>, prepare_email already registered for DAG: example_dag_decorator
[2023-06-04T00:38:30.576+0000] {processor.py:836} INFO - DAG(s) dict_keys(['example_dag_decorator']) retrieved from /home/airflow/.local/lib/python3.7/site-packages/airflow/example_dags/example_dag_decorator.py
[2023-06-04T00:38:30.658+0000] {logging_mixin.py:149} INFO - [2023-06-04T00:38:30.658+0000] {dag.py:2726} INFO - Sync 1 DAGs
[2023-06-04T00:38:30.685+0000] {logging_mixin.py:149} INFO - [2023-06-04T00:38:30.685+0000] {dag.py:3490} INFO - Setting next_dagrun for example_dag_decorator to None, run_after=None
[2023-06-04T00:38:30.713+0000] {processor.py:179} INFO - Processing /home/airflow/.local/lib/python3.7/site-packages/airflow/example_dags/example_dag_decorator.py took 0.166 seconds
[2023-06-04T00:39:01.338+0000] {processor.py:157} INFO - Started process (PID=20411) to work on /home/airflow/.local/lib/python3.7/site-packages/airflow/example_dags/example_dag_decorator.py
[2023-06-04T00:39:01.340+0000] {processor.py:826} INFO - Processing file /home/airflow/.local/lib/python3.7/site-packages/airflow/example_dags/example_dag_decorator.py for tasks to queue
[2023-06-04T00:39:01.341+0000] {logging_mixin.py:149} INFO - [2023-06-04T00:39:01.341+0000] {dagbag.py:541} INFO - Filling up the DagBag from /home/airflow/.local/lib/python3.7/site-packages/airflow/example_dags/example_dag_decorator.py
[2023-06-04T00:39:01.349+0000] {logging_mixin.py:149} INFO - [2023-06-04T00:39:01.349+0000] {taskmixin.py:211} WARNING - Dependency <Task(_PythonDecoratedOperator): prepare_email>, send_email already registered for DAG: example_dag_decorator
[2023-06-04T00:39:01.350+0000] {logging_mixin.py:149} INFO - [2023-06-04T00:39:01.350+0000] {taskmixin.py:211} WARNING - Dependency <Task(EmailOperator): send_email>, prepare_email already registered for DAG: example_dag_decorator
[2023-06-04T00:39:01.360+0000] {processor.py:836} INFO - DAG(s) dict_keys(['example_dag_decorator']) retrieved from /home/airflow/.local/lib/python3.7/site-packages/airflow/example_dags/example_dag_decorator.py
[2023-06-04T00:39:01.442+0000] {logging_mixin.py:149} INFO - [2023-06-04T00:39:01.442+0000] {dag.py:2726} INFO - Sync 1 DAGs
[2023-06-04T00:39:01.472+0000] {logging_mixin.py:149} INFO - [2023-06-04T00:39:01.472+0000] {dag.py:3490} INFO - Setting next_dagrun for example_dag_decorator to None, run_after=None
[2023-06-04T00:39:01.499+0000] {processor.py:179} INFO - Processing /home/airflow/.local/lib/python3.7/site-packages/airflow/example_dags/example_dag_decorator.py took 0.165 seconds
[2023-06-04T00:39:31.971+0000] {processor.py:157} INFO - Started process (PID=20663) to work on /home/airflow/.local/lib/python3.7/site-packages/airflow/example_dags/example_dag_decorator.py
[2023-06-04T00:39:31.973+0000] {processor.py:826} INFO - Processing file /home/airflow/.local/lib/python3.7/site-packages/airflow/example_dags/example_dag_decorator.py for tasks to queue
[2023-06-04T00:39:31.974+0000] {logging_mixin.py:149} INFO - [2023-06-04T00:39:31.974+0000] {dagbag.py:541} INFO - Filling up the DagBag from /home/airflow/.local/lib/python3.7/site-packages/airflow/example_dags/example_dag_decorator.py
[2023-06-04T00:39:31.981+0000] {logging_mixin.py:149} INFO - [2023-06-04T00:39:31.981+0000] {taskmixin.py:211} WARNING - Dependency <Task(_PythonDecoratedOperator): prepare_email>, send_email already registered for DAG: example_dag_decorator
[2023-06-04T00:39:31.982+0000] {logging_mixin.py:149} INFO - [2023-06-04T00:39:31.982+0000] {taskmixin.py:211} WARNING - Dependency <Task(EmailOperator): send_email>, prepare_email already registered for DAG: example_dag_decorator
[2023-06-04T00:39:31.992+0000] {processor.py:836} INFO - DAG(s) dict_keys(['example_dag_decorator']) retrieved from /home/airflow/.local/lib/python3.7/site-packages/airflow/example_dags/example_dag_decorator.py
[2023-06-04T00:39:32.079+0000] {logging_mixin.py:149} INFO - [2023-06-04T00:39:32.079+0000] {dag.py:2726} INFO - Sync 1 DAGs
[2023-06-04T00:39:32.109+0000] {logging_mixin.py:149} INFO - [2023-06-04T00:39:32.109+0000] {dag.py:3490} INFO - Setting next_dagrun for example_dag_decorator to None, run_after=None
[2023-06-04T00:39:32.140+0000] {processor.py:179} INFO - Processing /home/airflow/.local/lib/python3.7/site-packages/airflow/example_dags/example_dag_decorator.py took 0.174 seconds
[2023-06-04T00:40:02.310+0000] {processor.py:157} INFO - Started process (PID=20915) to work on /home/airflow/.local/lib/python3.7/site-packages/airflow/example_dags/example_dag_decorator.py
[2023-06-04T00:40:02.311+0000] {processor.py:826} INFO - Processing file /home/airflow/.local/lib/python3.7/site-packages/airflow/example_dags/example_dag_decorator.py for tasks to queue
[2023-06-04T00:40:02.313+0000] {logging_mixin.py:149} INFO - [2023-06-04T00:40:02.313+0000] {dagbag.py:541} INFO - Filling up the DagBag from /home/airflow/.local/lib/python3.7/site-packages/airflow/example_dags/example_dag_decorator.py
[2023-06-04T00:40:02.322+0000] {logging_mixin.py:149} INFO - [2023-06-04T00:40:02.322+0000] {taskmixin.py:211} WARNING - Dependency <Task(_PythonDecoratedOperator): prepare_email>, send_email already registered for DAG: example_dag_decorator
[2023-06-04T00:40:02.324+0000] {logging_mixin.py:149} INFO - [2023-06-04T00:40:02.324+0000] {taskmixin.py:211} WARNING - Dependency <Task(EmailOperator): send_email>, prepare_email already registered for DAG: example_dag_decorator
[2023-06-04T00:40:02.335+0000] {processor.py:836} INFO - DAG(s) dict_keys(['example_dag_decorator']) retrieved from /home/airflow/.local/lib/python3.7/site-packages/airflow/example_dags/example_dag_decorator.py
[2023-06-04T00:40:02.424+0000] {logging_mixin.py:149} INFO - [2023-06-04T00:40:02.424+0000] {dag.py:2726} INFO - Sync 1 DAGs
[2023-06-04T00:40:02.454+0000] {logging_mixin.py:149} INFO - [2023-06-04T00:40:02.453+0000] {dag.py:3490} INFO - Setting next_dagrun for example_dag_decorator to None, run_after=None
[2023-06-04T00:40:02.484+0000] {processor.py:179} INFO - Processing /home/airflow/.local/lib/python3.7/site-packages/airflow/example_dags/example_dag_decorator.py took 0.178 seconds
[2023-06-04T00:40:32.725+0000] {processor.py:157} INFO - Started process (PID=21167) to work on /home/airflow/.local/lib/python3.7/site-packages/airflow/example_dags/example_dag_decorator.py
[2023-06-04T00:40:32.726+0000] {processor.py:826} INFO - Processing file /home/airflow/.local/lib/python3.7/site-packages/airflow/example_dags/example_dag_decorator.py for tasks to queue
[2023-06-04T00:40:32.728+0000] {logging_mixin.py:149} INFO - [2023-06-04T00:40:32.728+0000] {dagbag.py:541} INFO - Filling up the DagBag from /home/airflow/.local/lib/python3.7/site-packages/airflow/example_dags/example_dag_decorator.py
[2023-06-04T00:40:32.736+0000] {logging_mixin.py:149} INFO - [2023-06-04T00:40:32.735+0000] {taskmixin.py:211} WARNING - Dependency <Task(_PythonDecoratedOperator): prepare_email>, send_email already registered for DAG: example_dag_decorator
[2023-06-04T00:40:32.737+0000] {logging_mixin.py:149} INFO - [2023-06-04T00:40:32.737+0000] {taskmixin.py:211} WARNING - Dependency <Task(EmailOperator): send_email>, prepare_email already registered for DAG: example_dag_decorator
[2023-06-04T00:40:32.747+0000] {processor.py:836} INFO - DAG(s) dict_keys(['example_dag_decorator']) retrieved from /home/airflow/.local/lib/python3.7/site-packages/airflow/example_dags/example_dag_decorator.py
[2023-06-04T00:40:32.826+0000] {logging_mixin.py:149} INFO - [2023-06-04T00:40:32.825+0000] {dag.py:2726} INFO - Sync 1 DAGs
[2023-06-04T00:40:32.856+0000] {logging_mixin.py:149} INFO - [2023-06-04T00:40:32.856+0000] {dag.py:3490} INFO - Setting next_dagrun for example_dag_decorator to None, run_after=None
[2023-06-04T00:40:32.884+0000] {processor.py:179} INFO - Processing /home/airflow/.local/lib/python3.7/site-packages/airflow/example_dags/example_dag_decorator.py took 0.164 seconds
[2023-06-04T00:41:03.192+0000] {processor.py:157} INFO - Started process (PID=21419) to work on /home/airflow/.local/lib/python3.7/site-packages/airflow/example_dags/example_dag_decorator.py
[2023-06-04T00:41:03.194+0000] {processor.py:826} INFO - Processing file /home/airflow/.local/lib/python3.7/site-packages/airflow/example_dags/example_dag_decorator.py for tasks to queue
[2023-06-04T00:41:03.195+0000] {logging_mixin.py:149} INFO - [2023-06-04T00:41:03.195+0000] {dagbag.py:541} INFO - Filling up the DagBag from /home/airflow/.local/lib/python3.7/site-packages/airflow/example_dags/example_dag_decorator.py
[2023-06-04T00:41:03.204+0000] {logging_mixin.py:149} INFO - [2023-06-04T00:41:03.203+0000] {taskmixin.py:211} WARNING - Dependency <Task(_PythonDecoratedOperator): prepare_email>, send_email already registered for DAG: example_dag_decorator
[2023-06-04T00:41:03.205+0000] {logging_mixin.py:149} INFO - [2023-06-04T00:41:03.205+0000] {taskmixin.py:211} WARNING - Dependency <Task(EmailOperator): send_email>, prepare_email already registered for DAG: example_dag_decorator
[2023-06-04T00:41:03.217+0000] {processor.py:836} INFO - DAG(s) dict_keys(['example_dag_decorator']) retrieved from /home/airflow/.local/lib/python3.7/site-packages/airflow/example_dags/example_dag_decorator.py
[2023-06-04T00:41:03.308+0000] {logging_mixin.py:149} INFO - [2023-06-04T00:41:03.307+0000] {dag.py:2726} INFO - Sync 1 DAGs
[2023-06-04T00:41:03.339+0000] {logging_mixin.py:149} INFO - [2023-06-04T00:41:03.339+0000] {dag.py:3490} INFO - Setting next_dagrun for example_dag_decorator to None, run_after=None
[2023-06-04T00:41:03.372+0000] {processor.py:179} INFO - Processing /home/airflow/.local/lib/python3.7/site-packages/airflow/example_dags/example_dag_decorator.py took 0.183 seconds
[2023-06-04T00:41:33.773+0000] {processor.py:157} INFO - Started process (PID=21671) to work on /home/airflow/.local/lib/python3.7/site-packages/airflow/example_dags/example_dag_decorator.py
[2023-06-04T00:41:33.775+0000] {processor.py:826} INFO - Processing file /home/airflow/.local/lib/python3.7/site-packages/airflow/example_dags/example_dag_decorator.py for tasks to queue
[2023-06-04T00:41:33.777+0000] {logging_mixin.py:149} INFO - [2023-06-04T00:41:33.776+0000] {dagbag.py:541} INFO - Filling up the DagBag from /home/airflow/.local/lib/python3.7/site-packages/airflow/example_dags/example_dag_decorator.py
[2023-06-04T00:41:33.787+0000] {logging_mixin.py:149} INFO - [2023-06-04T00:41:33.787+0000] {taskmixin.py:211} WARNING - Dependency <Task(_PythonDecoratedOperator): prepare_email>, send_email already registered for DAG: example_dag_decorator
[2023-06-04T00:41:33.788+0000] {logging_mixin.py:149} INFO - [2023-06-04T00:41:33.788+0000] {taskmixin.py:211} WARNING - Dependency <Task(EmailOperator): send_email>, prepare_email already registered for DAG: example_dag_decorator
[2023-06-04T00:41:33.800+0000] {processor.py:836} INFO - DAG(s) dict_keys(['example_dag_decorator']) retrieved from /home/airflow/.local/lib/python3.7/site-packages/airflow/example_dags/example_dag_decorator.py
[2023-06-04T00:41:33.880+0000] {logging_mixin.py:149} INFO - [2023-06-04T00:41:33.879+0000] {dag.py:2726} INFO - Sync 1 DAGs
[2023-06-04T00:41:33.912+0000] {logging_mixin.py:149} INFO - [2023-06-04T00:41:33.911+0000] {dag.py:3490} INFO - Setting next_dagrun for example_dag_decorator to None, run_after=None
[2023-06-04T00:41:33.939+0000] {processor.py:179} INFO - Processing /home/airflow/.local/lib/python3.7/site-packages/airflow/example_dags/example_dag_decorator.py took 0.171 seconds
[2023-06-04T00:42:04.118+0000] {processor.py:157} INFO - Started process (PID=21923) to work on /home/airflow/.local/lib/python3.7/site-packages/airflow/example_dags/example_dag_decorator.py
[2023-06-04T00:42:04.119+0000] {processor.py:826} INFO - Processing file /home/airflow/.local/lib/python3.7/site-packages/airflow/example_dags/example_dag_decorator.py for tasks to queue
[2023-06-04T00:42:04.121+0000] {logging_mixin.py:149} INFO - [2023-06-04T00:42:04.121+0000] {dagbag.py:541} INFO - Filling up the DagBag from /home/airflow/.local/lib/python3.7/site-packages/airflow/example_dags/example_dag_decorator.py
[2023-06-04T00:42:04.128+0000] {logging_mixin.py:149} INFO - [2023-06-04T00:42:04.128+0000] {taskmixin.py:211} WARNING - Dependency <Task(_PythonDecoratedOperator): prepare_email>, send_email already registered for DAG: example_dag_decorator
[2023-06-04T00:42:04.129+0000] {logging_mixin.py:149} INFO - [2023-06-04T00:42:04.128+0000] {taskmixin.py:211} WARNING - Dependency <Task(EmailOperator): send_email>, prepare_email already registered for DAG: example_dag_decorator
[2023-06-04T00:42:04.138+0000] {processor.py:836} INFO - DAG(s) dict_keys(['example_dag_decorator']) retrieved from /home/airflow/.local/lib/python3.7/site-packages/airflow/example_dags/example_dag_decorator.py
[2023-06-04T00:42:04.219+0000] {logging_mixin.py:149} INFO - [2023-06-04T00:42:04.219+0000] {dag.py:2726} INFO - Sync 1 DAGs
[2023-06-04T00:42:04.247+0000] {logging_mixin.py:149} INFO - [2023-06-04T00:42:04.247+0000] {dag.py:3490} INFO - Setting next_dagrun for example_dag_decorator to None, run_after=None
[2023-06-04T00:42:04.280+0000] {processor.py:179} INFO - Processing /home/airflow/.local/lib/python3.7/site-packages/airflow/example_dags/example_dag_decorator.py took 0.166 seconds
[2023-06-04T00:42:34.916+0000] {processor.py:157} INFO - Started process (PID=22175) to work on /home/airflow/.local/lib/python3.7/site-packages/airflow/example_dags/example_dag_decorator.py
[2023-06-04T00:42:34.917+0000] {processor.py:826} INFO - Processing file /home/airflow/.local/lib/python3.7/site-packages/airflow/example_dags/example_dag_decorator.py for tasks to queue
[2023-06-04T00:42:34.919+0000] {logging_mixin.py:149} INFO - [2023-06-04T00:42:34.919+0000] {dagbag.py:541} INFO - Filling up the DagBag from /home/airflow/.local/lib/python3.7/site-packages/airflow/example_dags/example_dag_decorator.py
[2023-06-04T00:42:34.926+0000] {logging_mixin.py:149} INFO - [2023-06-04T00:42:34.926+0000] {taskmixin.py:211} WARNING - Dependency <Task(_PythonDecoratedOperator): prepare_email>, send_email already registered for DAG: example_dag_decorator
[2023-06-04T00:42:34.927+0000] {logging_mixin.py:149} INFO - [2023-06-04T00:42:34.927+0000] {taskmixin.py:211} WARNING - Dependency <Task(EmailOperator): send_email>, prepare_email already registered for DAG: example_dag_decorator
[2023-06-04T00:42:34.938+0000] {processor.py:836} INFO - DAG(s) dict_keys(['example_dag_decorator']) retrieved from /home/airflow/.local/lib/python3.7/site-packages/airflow/example_dags/example_dag_decorator.py
[2023-06-04T00:42:35.022+0000] {logging_mixin.py:149} INFO - [2023-06-04T00:42:35.022+0000] {dag.py:2726} INFO - Sync 1 DAGs
[2023-06-04T00:42:35.053+0000] {logging_mixin.py:149} INFO - [2023-06-04T00:42:35.053+0000] {dag.py:3490} INFO - Setting next_dagrun for example_dag_decorator to None, run_after=None
[2023-06-04T00:42:35.086+0000] {processor.py:179} INFO - Processing /home/airflow/.local/lib/python3.7/site-packages/airflow/example_dags/example_dag_decorator.py took 0.173 seconds
[2023-06-04T00:43:05.589+0000] {processor.py:157} INFO - Started process (PID=22427) to work on /home/airflow/.local/lib/python3.7/site-packages/airflow/example_dags/example_dag_decorator.py
[2023-06-04T00:43:05.591+0000] {processor.py:826} INFO - Processing file /home/airflow/.local/lib/python3.7/site-packages/airflow/example_dags/example_dag_decorator.py for tasks to queue
[2023-06-04T00:43:05.593+0000] {logging_mixin.py:149} INFO - [2023-06-04T00:43:05.592+0000] {dagbag.py:541} INFO - Filling up the DagBag from /home/airflow/.local/lib/python3.7/site-packages/airflow/example_dags/example_dag_decorator.py
[2023-06-04T00:43:05.600+0000] {logging_mixin.py:149} INFO - [2023-06-04T00:43:05.600+0000] {taskmixin.py:211} WARNING - Dependency <Task(_PythonDecoratedOperator): prepare_email>, send_email already registered for DAG: example_dag_decorator
[2023-06-04T00:43:05.601+0000] {logging_mixin.py:149} INFO - [2023-06-04T00:43:05.601+0000] {taskmixin.py:211} WARNING - Dependency <Task(EmailOperator): send_email>, prepare_email already registered for DAG: example_dag_decorator
[2023-06-04T00:43:05.616+0000] {processor.py:836} INFO - DAG(s) dict_keys(['example_dag_decorator']) retrieved from /home/airflow/.local/lib/python3.7/site-packages/airflow/example_dags/example_dag_decorator.py
[2023-06-04T00:43:05.697+0000] {logging_mixin.py:149} INFO - [2023-06-04T00:43:05.697+0000] {dag.py:2726} INFO - Sync 1 DAGs
[2023-06-04T00:43:05.726+0000] {logging_mixin.py:149} INFO - [2023-06-04T00:43:05.726+0000] {dag.py:3490} INFO - Setting next_dagrun for example_dag_decorator to None, run_after=None
[2023-06-04T00:43:05.757+0000] {processor.py:179} INFO - Processing /home/airflow/.local/lib/python3.7/site-packages/airflow/example_dags/example_dag_decorator.py took 0.173 seconds
