[2023-06-04T00:34:27.756+0000] {processor.py:157} INFO - Started process (PID=18185) to work on /home/airflow/.local/lib/python3.7/site-packages/airflow/example_dags/example_task_group_decorator.py
[2023-06-04T00:34:27.757+0000] {processor.py:826} INFO - Processing file /home/airflow/.local/lib/python3.7/site-packages/airflow/example_dags/example_task_group_decorator.py for tasks to queue
[2023-06-04T00:34:27.759+0000] {logging_mixin.py:149} INFO - [2023-06-04T00:34:27.759+0000] {dagbag.py:541} INFO - Filling up the DagBag from /home/airflow/.local/lib/python3.7/site-packages/airflow/example_dags/example_task_group_decorator.py
[2023-06-04T00:34:27.776+0000] {processor.py:836} INFO - DAG(s) dict_keys(['example_task_group_decorator']) retrieved from /home/airflow/.local/lib/python3.7/site-packages/airflow/example_dags/example_task_group_decorator.py
[2023-06-04T00:34:27.814+0000] {logging_mixin.py:149} INFO - [2023-06-04T00:34:27.814+0000] {dag.py:2726} INFO - Sync 1 DAGs
[2023-06-04T00:34:27.842+0000] {logging_mixin.py:149} INFO - [2023-06-04T00:34:27.842+0000] {dag.py:3490} INFO - Setting next_dagrun for example_task_group_decorator to 2023-06-03T00:34:27.842213+00:00, run_after=2023-06-04T00:34:27.842213+00:00
[2023-06-04T00:34:27.869+0000] {processor.py:179} INFO - Processing /home/airflow/.local/lib/python3.7/site-packages/airflow/example_dags/example_task_group_decorator.py took 0.117 seconds
[2023-06-04T00:34:58.135+0000] {processor.py:157} INFO - Started process (PID=18461) to work on /home/airflow/.local/lib/python3.7/site-packages/airflow/example_dags/example_task_group_decorator.py
[2023-06-04T00:34:58.137+0000] {processor.py:826} INFO - Processing file /home/airflow/.local/lib/python3.7/site-packages/airflow/example_dags/example_task_group_decorator.py for tasks to queue
[2023-06-04T00:34:58.138+0000] {logging_mixin.py:149} INFO - [2023-06-04T00:34:58.138+0000] {dagbag.py:541} INFO - Filling up the DagBag from /home/airflow/.local/lib/python3.7/site-packages/airflow/example_dags/example_task_group_decorator.py
[2023-06-04T00:34:58.156+0000] {processor.py:836} INFO - DAG(s) dict_keys(['example_task_group_decorator']) retrieved from /home/airflow/.local/lib/python3.7/site-packages/airflow/example_dags/example_task_group_decorator.py
[2023-06-04T00:34:58.191+0000] {logging_mixin.py:149} INFO - [2023-06-04T00:34:58.191+0000] {dag.py:2726} INFO - Sync 1 DAGs
[2023-06-04T00:34:58.220+0000] {logging_mixin.py:149} INFO - [2023-06-04T00:34:58.220+0000] {dag.py:3490} INFO - Setting next_dagrun for example_task_group_decorator to 2023-06-03T00:34:58.220040+00:00, run_after=2023-06-04T00:34:58.220040+00:00
[2023-06-04T00:34:58.245+0000] {processor.py:179} INFO - Processing /home/airflow/.local/lib/python3.7/site-packages/airflow/example_dags/example_task_group_decorator.py took 0.113 seconds
[2023-06-04T00:35:29.020+0000] {processor.py:157} INFO - Started process (PID=18712) to work on /home/airflow/.local/lib/python3.7/site-packages/airflow/example_dags/example_task_group_decorator.py
[2023-06-04T00:35:29.022+0000] {processor.py:826} INFO - Processing file /home/airflow/.local/lib/python3.7/site-packages/airflow/example_dags/example_task_group_decorator.py for tasks to queue
[2023-06-04T00:35:29.024+0000] {logging_mixin.py:149} INFO - [2023-06-04T00:35:29.023+0000] {dagbag.py:541} INFO - Filling up the DagBag from /home/airflow/.local/lib/python3.7/site-packages/airflow/example_dags/example_task_group_decorator.py
[2023-06-04T00:35:29.042+0000] {processor.py:836} INFO - DAG(s) dict_keys(['example_task_group_decorator']) retrieved from /home/airflow/.local/lib/python3.7/site-packages/airflow/example_dags/example_task_group_decorator.py
[2023-06-04T00:35:29.082+0000] {logging_mixin.py:149} INFO - [2023-06-04T00:35:29.081+0000] {dag.py:2726} INFO - Sync 1 DAGs
[2023-06-04T00:35:29.118+0000] {logging_mixin.py:149} INFO - [2023-06-04T00:35:29.118+0000] {dag.py:3490} INFO - Setting next_dagrun for example_task_group_decorator to 2023-06-03T00:35:29.118351+00:00, run_after=2023-06-04T00:35:29.118351+00:00
[2023-06-04T00:35:29.152+0000] {processor.py:179} INFO - Processing /home/airflow/.local/lib/python3.7/site-packages/airflow/example_dags/example_task_group_decorator.py took 0.137 seconds
[2023-06-04T00:35:59.718+0000] {processor.py:157} INFO - Started process (PID=18964) to work on /home/airflow/.local/lib/python3.7/site-packages/airflow/example_dags/example_task_group_decorator.py
[2023-06-04T00:35:59.720+0000] {processor.py:826} INFO - Processing file /home/airflow/.local/lib/python3.7/site-packages/airflow/example_dags/example_task_group_decorator.py for tasks to queue
[2023-06-04T00:35:59.722+0000] {logging_mixin.py:149} INFO - [2023-06-04T00:35:59.721+0000] {dagbag.py:541} INFO - Filling up the DagBag from /home/airflow/.local/lib/python3.7/site-packages/airflow/example_dags/example_task_group_decorator.py
[2023-06-04T00:35:59.738+0000] {processor.py:836} INFO - DAG(s) dict_keys(['example_task_group_decorator']) retrieved from /home/airflow/.local/lib/python3.7/site-packages/airflow/example_dags/example_task_group_decorator.py
[2023-06-04T00:35:59.774+0000] {logging_mixin.py:149} INFO - [2023-06-04T00:35:59.773+0000] {dag.py:2726} INFO - Sync 1 DAGs
[2023-06-04T00:35:59.803+0000] {logging_mixin.py:149} INFO - [2023-06-04T00:35:59.803+0000] {dag.py:3490} INFO - Setting next_dagrun for example_task_group_decorator to 2023-06-03T00:35:59.803262+00:00, run_after=2023-06-04T00:35:59.803262+00:00
[2023-06-04T00:35:59.834+0000] {processor.py:179} INFO - Processing /home/airflow/.local/lib/python3.7/site-packages/airflow/example_dags/example_task_group_decorator.py took 0.119 seconds
[2023-06-04T00:36:30.284+0000] {processor.py:157} INFO - Started process (PID=19216) to work on /home/airflow/.local/lib/python3.7/site-packages/airflow/example_dags/example_task_group_decorator.py
[2023-06-04T00:36:30.287+0000] {processor.py:826} INFO - Processing file /home/airflow/.local/lib/python3.7/site-packages/airflow/example_dags/example_task_group_decorator.py for tasks to queue
[2023-06-04T00:36:30.289+0000] {logging_mixin.py:149} INFO - [2023-06-04T00:36:30.288+0000] {dagbag.py:541} INFO - Filling up the DagBag from /home/airflow/.local/lib/python3.7/site-packages/airflow/example_dags/example_task_group_decorator.py
[2023-06-04T00:36:30.306+0000] {processor.py:836} INFO - DAG(s) dict_keys(['example_task_group_decorator']) retrieved from /home/airflow/.local/lib/python3.7/site-packages/airflow/example_dags/example_task_group_decorator.py
[2023-06-04T00:36:30.339+0000] {logging_mixin.py:149} INFO - [2023-06-04T00:36:30.339+0000] {dag.py:2726} INFO - Sync 1 DAGs
[2023-06-04T00:36:30.370+0000] {logging_mixin.py:149} INFO - [2023-06-04T00:36:30.369+0000] {dag.py:3490} INFO - Setting next_dagrun for example_task_group_decorator to 2023-06-03T00:36:30.369566+00:00, run_after=2023-06-04T00:36:30.369566+00:00
[2023-06-04T00:36:30.397+0000] {processor.py:179} INFO - Processing /home/airflow/.local/lib/python3.7/site-packages/airflow/example_dags/example_task_group_decorator.py took 0.117 seconds
[2023-06-04T00:37:01.475+0000] {processor.py:157} INFO - Started process (PID=19468) to work on /home/airflow/.local/lib/python3.7/site-packages/airflow/example_dags/example_task_group_decorator.py
[2023-06-04T00:37:01.477+0000] {processor.py:826} INFO - Processing file /home/airflow/.local/lib/python3.7/site-packages/airflow/example_dags/example_task_group_decorator.py for tasks to queue
[2023-06-04T00:37:01.478+0000] {logging_mixin.py:149} INFO - [2023-06-04T00:37:01.478+0000] {dagbag.py:541} INFO - Filling up the DagBag from /home/airflow/.local/lib/python3.7/site-packages/airflow/example_dags/example_task_group_decorator.py
[2023-06-04T00:37:01.496+0000] {processor.py:836} INFO - DAG(s) dict_keys(['example_task_group_decorator']) retrieved from /home/airflow/.local/lib/python3.7/site-packages/airflow/example_dags/example_task_group_decorator.py
[2023-06-04T00:37:01.535+0000] {logging_mixin.py:149} INFO - [2023-06-04T00:37:01.534+0000] {dag.py:2726} INFO - Sync 1 DAGs
[2023-06-04T00:37:01.562+0000] {logging_mixin.py:149} INFO - [2023-06-04T00:37:01.562+0000] {dag.py:3490} INFO - Setting next_dagrun for example_task_group_decorator to 2023-06-03T00:37:01.562394+00:00, run_after=2023-06-04T00:37:01.562394+00:00
[2023-06-04T00:37:01.588+0000] {processor.py:179} INFO - Processing /home/airflow/.local/lib/python3.7/site-packages/airflow/example_dags/example_task_group_decorator.py took 0.117 seconds
[2023-06-04T00:37:32.166+0000] {processor.py:157} INFO - Started process (PID=19722) to work on /home/airflow/.local/lib/python3.7/site-packages/airflow/example_dags/example_task_group_decorator.py
[2023-06-04T00:37:32.167+0000] {processor.py:826} INFO - Processing file /home/airflow/.local/lib/python3.7/site-packages/airflow/example_dags/example_task_group_decorator.py for tasks to queue
[2023-06-04T00:37:32.169+0000] {logging_mixin.py:149} INFO - [2023-06-04T00:37:32.169+0000] {dagbag.py:541} INFO - Filling up the DagBag from /home/airflow/.local/lib/python3.7/site-packages/airflow/example_dags/example_task_group_decorator.py
[2023-06-04T00:37:32.188+0000] {processor.py:836} INFO - DAG(s) dict_keys(['example_task_group_decorator']) retrieved from /home/airflow/.local/lib/python3.7/site-packages/airflow/example_dags/example_task_group_decorator.py
[2023-06-04T00:37:32.224+0000] {logging_mixin.py:149} INFO - [2023-06-04T00:37:32.224+0000] {dag.py:2726} INFO - Sync 1 DAGs
[2023-06-04T00:37:32.256+0000] {logging_mixin.py:149} INFO - [2023-06-04T00:37:32.256+0000] {dag.py:3490} INFO - Setting next_dagrun for example_task_group_decorator to 2023-06-03T00:37:32.256243+00:00, run_after=2023-06-04T00:37:32.256243+00:00
[2023-06-04T00:37:32.286+0000] {processor.py:179} INFO - Processing /home/airflow/.local/lib/python3.7/site-packages/airflow/example_dags/example_task_group_decorator.py took 0.125 seconds
[2023-06-04T00:38:03.069+0000] {processor.py:157} INFO - Started process (PID=19971) to work on /home/airflow/.local/lib/python3.7/site-packages/airflow/example_dags/example_task_group_decorator.py
[2023-06-04T00:38:03.070+0000] {processor.py:826} INFO - Processing file /home/airflow/.local/lib/python3.7/site-packages/airflow/example_dags/example_task_group_decorator.py for tasks to queue
[2023-06-04T00:38:03.072+0000] {logging_mixin.py:149} INFO - [2023-06-04T00:38:03.072+0000] {dagbag.py:541} INFO - Filling up the DagBag from /home/airflow/.local/lib/python3.7/site-packages/airflow/example_dags/example_task_group_decorator.py
[2023-06-04T00:38:03.089+0000] {processor.py:836} INFO - DAG(s) dict_keys(['example_task_group_decorator']) retrieved from /home/airflow/.local/lib/python3.7/site-packages/airflow/example_dags/example_task_group_decorator.py
[2023-06-04T00:38:03.123+0000] {logging_mixin.py:149} INFO - [2023-06-04T00:38:03.122+0000] {dag.py:2726} INFO - Sync 1 DAGs
[2023-06-04T00:38:03.152+0000] {logging_mixin.py:149} INFO - [2023-06-04T00:38:03.152+0000] {dag.py:3490} INFO - Setting next_dagrun for example_task_group_decorator to 2023-06-03T00:38:03.151699+00:00, run_after=2023-06-04T00:38:03.151699+00:00
[2023-06-04T00:38:03.178+0000] {processor.py:179} INFO - Processing /home/airflow/.local/lib/python3.7/site-packages/airflow/example_dags/example_task_group_decorator.py took 0.113 seconds
[2023-06-04T00:38:33.905+0000] {processor.py:157} INFO - Started process (PID=20222) to work on /home/airflow/.local/lib/python3.7/site-packages/airflow/example_dags/example_task_group_decorator.py
[2023-06-04T00:38:33.907+0000] {processor.py:826} INFO - Processing file /home/airflow/.local/lib/python3.7/site-packages/airflow/example_dags/example_task_group_decorator.py for tasks to queue
[2023-06-04T00:38:33.908+0000] {logging_mixin.py:149} INFO - [2023-06-04T00:38:33.908+0000] {dagbag.py:541} INFO - Filling up the DagBag from /home/airflow/.local/lib/python3.7/site-packages/airflow/example_dags/example_task_group_decorator.py
[2023-06-04T00:38:33.925+0000] {processor.py:836} INFO - DAG(s) dict_keys(['example_task_group_decorator']) retrieved from /home/airflow/.local/lib/python3.7/site-packages/airflow/example_dags/example_task_group_decorator.py
[2023-06-04T00:38:33.957+0000] {logging_mixin.py:149} INFO - [2023-06-04T00:38:33.957+0000] {dag.py:2726} INFO - Sync 1 DAGs
[2023-06-04T00:38:33.986+0000] {logging_mixin.py:149} INFO - [2023-06-04T00:38:33.986+0000] {dag.py:3490} INFO - Setting next_dagrun for example_task_group_decorator to 2023-06-03T00:38:33.986075+00:00, run_after=2023-06-04T00:38:33.986075+00:00
[2023-06-04T00:38:34.012+0000] {processor.py:179} INFO - Processing /home/airflow/.local/lib/python3.7/site-packages/airflow/example_dags/example_task_group_decorator.py took 0.111 seconds
[2023-06-04T00:39:04.593+0000] {processor.py:157} INFO - Started process (PID=20474) to work on /home/airflow/.local/lib/python3.7/site-packages/airflow/example_dags/example_task_group_decorator.py
[2023-06-04T00:39:04.595+0000] {processor.py:826} INFO - Processing file /home/airflow/.local/lib/python3.7/site-packages/airflow/example_dags/example_task_group_decorator.py for tasks to queue
[2023-06-04T00:39:04.597+0000] {logging_mixin.py:149} INFO - [2023-06-04T00:39:04.596+0000] {dagbag.py:541} INFO - Filling up the DagBag from /home/airflow/.local/lib/python3.7/site-packages/airflow/example_dags/example_task_group_decorator.py
[2023-06-04T00:39:04.620+0000] {processor.py:836} INFO - DAG(s) dict_keys(['example_task_group_decorator']) retrieved from /home/airflow/.local/lib/python3.7/site-packages/airflow/example_dags/example_task_group_decorator.py
[2023-06-04T00:39:04.682+0000] {logging_mixin.py:149} INFO - [2023-06-04T00:39:04.682+0000] {dag.py:2726} INFO - Sync 1 DAGs
[2023-06-04T00:39:04.723+0000] {logging_mixin.py:149} INFO - [2023-06-04T00:39:04.723+0000] {dag.py:3490} INFO - Setting next_dagrun for example_task_group_decorator to 2023-06-03T00:39:04.723428+00:00, run_after=2023-06-04T00:39:04.723428+00:00
[2023-06-04T00:39:04.751+0000] {processor.py:179} INFO - Processing /home/airflow/.local/lib/python3.7/site-packages/airflow/example_dags/example_task_group_decorator.py took 0.161 seconds
[2023-06-04T00:39:35.230+0000] {processor.py:157} INFO - Started process (PID=20733) to work on /home/airflow/.local/lib/python3.7/site-packages/airflow/example_dags/example_task_group_decorator.py
[2023-06-04T00:39:35.232+0000] {processor.py:826} INFO - Processing file /home/airflow/.local/lib/python3.7/site-packages/airflow/example_dags/example_task_group_decorator.py for tasks to queue
[2023-06-04T00:39:35.234+0000] {logging_mixin.py:149} INFO - [2023-06-04T00:39:35.233+0000] {dagbag.py:541} INFO - Filling up the DagBag from /home/airflow/.local/lib/python3.7/site-packages/airflow/example_dags/example_task_group_decorator.py
[2023-06-04T00:39:35.251+0000] {processor.py:836} INFO - DAG(s) dict_keys(['example_task_group_decorator']) retrieved from /home/airflow/.local/lib/python3.7/site-packages/airflow/example_dags/example_task_group_decorator.py
[2023-06-04T00:39:35.284+0000] {logging_mixin.py:149} INFO - [2023-06-04T00:39:35.284+0000] {dag.py:2726} INFO - Sync 1 DAGs
[2023-06-04T00:39:35.314+0000] {logging_mixin.py:149} INFO - [2023-06-04T00:39:35.314+0000] {dag.py:3490} INFO - Setting next_dagrun for example_task_group_decorator to 2023-06-03T00:39:35.314296+00:00, run_after=2023-06-04T00:39:35.314296+00:00
[2023-06-04T00:39:35.342+0000] {processor.py:179} INFO - Processing /home/airflow/.local/lib/python3.7/site-packages/airflow/example_dags/example_task_group_decorator.py took 0.115 seconds
[2023-06-04T00:40:06.854+0000] {processor.py:157} INFO - Started process (PID=20985) to work on /home/airflow/.local/lib/python3.7/site-packages/airflow/example_dags/example_task_group_decorator.py
[2023-06-04T00:40:06.856+0000] {processor.py:826} INFO - Processing file /home/airflow/.local/lib/python3.7/site-packages/airflow/example_dags/example_task_group_decorator.py for tasks to queue
[2023-06-04T00:40:06.858+0000] {logging_mixin.py:149} INFO - [2023-06-04T00:40:06.857+0000] {dagbag.py:541} INFO - Filling up the DagBag from /home/airflow/.local/lib/python3.7/site-packages/airflow/example_dags/example_task_group_decorator.py
[2023-06-04T00:40:06.876+0000] {processor.py:836} INFO - DAG(s) dict_keys(['example_task_group_decorator']) retrieved from /home/airflow/.local/lib/python3.7/site-packages/airflow/example_dags/example_task_group_decorator.py
[2023-06-04T00:40:06.910+0000] {logging_mixin.py:149} INFO - [2023-06-04T00:40:06.910+0000] {dag.py:2726} INFO - Sync 1 DAGs
[2023-06-04T00:40:06.942+0000] {logging_mixin.py:149} INFO - [2023-06-04T00:40:06.942+0000] {dag.py:3490} INFO - Setting next_dagrun for example_task_group_decorator to 2023-06-03T00:40:06.942072+00:00, run_after=2023-06-04T00:40:06.942072+00:00
[2023-06-04T00:40:06.971+0000] {processor.py:179} INFO - Processing /home/airflow/.local/lib/python3.7/site-packages/airflow/example_dags/example_task_group_decorator.py took 0.121 seconds
[2023-06-04T00:40:37.998+0000] {processor.py:157} INFO - Started process (PID=21237) to work on /home/airflow/.local/lib/python3.7/site-packages/airflow/example_dags/example_task_group_decorator.py
[2023-06-04T00:40:38.000+0000] {processor.py:826} INFO - Processing file /home/airflow/.local/lib/python3.7/site-packages/airflow/example_dags/example_task_group_decorator.py for tasks to queue
[2023-06-04T00:40:38.002+0000] {logging_mixin.py:149} INFO - [2023-06-04T00:40:38.001+0000] {dagbag.py:541} INFO - Filling up the DagBag from /home/airflow/.local/lib/python3.7/site-packages/airflow/example_dags/example_task_group_decorator.py
[2023-06-04T00:40:38.018+0000] {processor.py:836} INFO - DAG(s) dict_keys(['example_task_group_decorator']) retrieved from /home/airflow/.local/lib/python3.7/site-packages/airflow/example_dags/example_task_group_decorator.py
[2023-06-04T00:40:38.054+0000] {logging_mixin.py:149} INFO - [2023-06-04T00:40:38.054+0000] {dag.py:2726} INFO - Sync 1 DAGs
[2023-06-04T00:40:38.084+0000] {logging_mixin.py:149} INFO - [2023-06-04T00:40:38.084+0000] {dag.py:3490} INFO - Setting next_dagrun for example_task_group_decorator to 2023-06-03T00:40:38.084288+00:00, run_after=2023-06-04T00:40:38.084288+00:00
[2023-06-04T00:40:38.111+0000] {processor.py:179} INFO - Processing /home/airflow/.local/lib/python3.7/site-packages/airflow/example_dags/example_task_group_decorator.py took 0.116 seconds
[2023-06-04T00:41:09.971+0000] {processor.py:157} INFO - Started process (PID=21489) to work on /home/airflow/.local/lib/python3.7/site-packages/airflow/example_dags/example_task_group_decorator.py
[2023-06-04T00:41:09.973+0000] {processor.py:826} INFO - Processing file /home/airflow/.local/lib/python3.7/site-packages/airflow/example_dags/example_task_group_decorator.py for tasks to queue
[2023-06-04T00:41:09.975+0000] {logging_mixin.py:149} INFO - [2023-06-04T00:41:09.975+0000] {dagbag.py:541} INFO - Filling up the DagBag from /home/airflow/.local/lib/python3.7/site-packages/airflow/example_dags/example_task_group_decorator.py
[2023-06-04T00:41:10.005+0000] {processor.py:836} INFO - DAG(s) dict_keys(['example_task_group_decorator']) retrieved from /home/airflow/.local/lib/python3.7/site-packages/airflow/example_dags/example_task_group_decorator.py
[2023-06-04T00:41:10.041+0000] {logging_mixin.py:149} INFO - [2023-06-04T00:41:10.041+0000] {dag.py:2726} INFO - Sync 1 DAGs
[2023-06-04T00:41:10.076+0000] {logging_mixin.py:149} INFO - [2023-06-04T00:41:10.076+0000] {dag.py:3490} INFO - Setting next_dagrun for example_task_group_decorator to 2023-06-03T00:41:10.075807+00:00, run_after=2023-06-04T00:41:10.075807+00:00
[2023-06-04T00:41:10.105+0000] {processor.py:179} INFO - Processing /home/airflow/.local/lib/python3.7/site-packages/airflow/example_dags/example_task_group_decorator.py took 0.138 seconds
[2023-06-04T00:41:41.223+0000] {processor.py:157} INFO - Started process (PID=21741) to work on /home/airflow/.local/lib/python3.7/site-packages/airflow/example_dags/example_task_group_decorator.py
[2023-06-04T00:41:41.225+0000] {processor.py:826} INFO - Processing file /home/airflow/.local/lib/python3.7/site-packages/airflow/example_dags/example_task_group_decorator.py for tasks to queue
[2023-06-04T00:41:41.227+0000] {logging_mixin.py:149} INFO - [2023-06-04T00:41:41.227+0000] {dagbag.py:541} INFO - Filling up the DagBag from /home/airflow/.local/lib/python3.7/site-packages/airflow/example_dags/example_task_group_decorator.py
[2023-06-04T00:41:41.245+0000] {processor.py:836} INFO - DAG(s) dict_keys(['example_task_group_decorator']) retrieved from /home/airflow/.local/lib/python3.7/site-packages/airflow/example_dags/example_task_group_decorator.py
[2023-06-04T00:41:41.280+0000] {logging_mixin.py:149} INFO - [2023-06-04T00:41:41.280+0000] {dag.py:2726} INFO - Sync 1 DAGs
[2023-06-04T00:41:41.310+0000] {logging_mixin.py:149} INFO - [2023-06-04T00:41:41.310+0000] {dag.py:3490} INFO - Setting next_dagrun for example_task_group_decorator to 2023-06-03T00:41:41.309781+00:00, run_after=2023-06-04T00:41:41.309781+00:00
[2023-06-04T00:41:41.336+0000] {processor.py:179} INFO - Processing /home/airflow/.local/lib/python3.7/site-packages/airflow/example_dags/example_task_group_decorator.py took 0.118 seconds
[2023-06-04T00:42:12.437+0000] {processor.py:157} INFO - Started process (PID=21993) to work on /home/airflow/.local/lib/python3.7/site-packages/airflow/example_dags/example_task_group_decorator.py
[2023-06-04T00:42:12.439+0000] {processor.py:826} INFO - Processing file /home/airflow/.local/lib/python3.7/site-packages/airflow/example_dags/example_task_group_decorator.py for tasks to queue
[2023-06-04T00:42:12.440+0000] {logging_mixin.py:149} INFO - [2023-06-04T00:42:12.440+0000] {dagbag.py:541} INFO - Filling up the DagBag from /home/airflow/.local/lib/python3.7/site-packages/airflow/example_dags/example_task_group_decorator.py
[2023-06-04T00:42:12.457+0000] {processor.py:836} INFO - DAG(s) dict_keys(['example_task_group_decorator']) retrieved from /home/airflow/.local/lib/python3.7/site-packages/airflow/example_dags/example_task_group_decorator.py
[2023-06-04T00:42:12.491+0000] {logging_mixin.py:149} INFO - [2023-06-04T00:42:12.491+0000] {dag.py:2726} INFO - Sync 1 DAGs
[2023-06-04T00:42:12.522+0000] {logging_mixin.py:149} INFO - [2023-06-04T00:42:12.521+0000] {dag.py:3490} INFO - Setting next_dagrun for example_task_group_decorator to 2023-06-03T00:42:12.521606+00:00, run_after=2023-06-04T00:42:12.521606+00:00
[2023-06-04T00:42:12.548+0000] {processor.py:179} INFO - Processing /home/airflow/.local/lib/python3.7/site-packages/airflow/example_dags/example_task_group_decorator.py took 0.114 seconds
[2023-06-04T00:42:43.313+0000] {processor.py:157} INFO - Started process (PID=22245) to work on /home/airflow/.local/lib/python3.7/site-packages/airflow/example_dags/example_task_group_decorator.py
[2023-06-04T00:42:43.314+0000] {processor.py:826} INFO - Processing file /home/airflow/.local/lib/python3.7/site-packages/airflow/example_dags/example_task_group_decorator.py for tasks to queue
[2023-06-04T00:42:43.316+0000] {logging_mixin.py:149} INFO - [2023-06-04T00:42:43.316+0000] {dagbag.py:541} INFO - Filling up the DagBag from /home/airflow/.local/lib/python3.7/site-packages/airflow/example_dags/example_task_group_decorator.py
[2023-06-04T00:42:43.333+0000] {processor.py:836} INFO - DAG(s) dict_keys(['example_task_group_decorator']) retrieved from /home/airflow/.local/lib/python3.7/site-packages/airflow/example_dags/example_task_group_decorator.py
[2023-06-04T00:42:43.370+0000] {logging_mixin.py:149} INFO - [2023-06-04T00:42:43.370+0000] {dag.py:2726} INFO - Sync 1 DAGs
[2023-06-04T00:42:43.401+0000] {logging_mixin.py:149} INFO - [2023-06-04T00:42:43.401+0000] {dag.py:3490} INFO - Setting next_dagrun for example_task_group_decorator to 2023-06-03T00:42:43.400962+00:00, run_after=2023-06-04T00:42:43.400962+00:00
[2023-06-04T00:42:43.428+0000] {processor.py:179} INFO - Processing /home/airflow/.local/lib/python3.7/site-packages/airflow/example_dags/example_task_group_decorator.py took 0.120 seconds
[2023-06-04T00:43:13.867+0000] {processor.py:157} INFO - Started process (PID=22497) to work on /home/airflow/.local/lib/python3.7/site-packages/airflow/example_dags/example_task_group_decorator.py
[2023-06-04T00:43:13.868+0000] {processor.py:826} INFO - Processing file /home/airflow/.local/lib/python3.7/site-packages/airflow/example_dags/example_task_group_decorator.py for tasks to queue
[2023-06-04T00:43:13.869+0000] {logging_mixin.py:149} INFO - [2023-06-04T00:43:13.869+0000] {dagbag.py:541} INFO - Filling up the DagBag from /home/airflow/.local/lib/python3.7/site-packages/airflow/example_dags/example_task_group_decorator.py
[2023-06-04T00:43:13.887+0000] {processor.py:836} INFO - DAG(s) dict_keys(['example_task_group_decorator']) retrieved from /home/airflow/.local/lib/python3.7/site-packages/airflow/example_dags/example_task_group_decorator.py
[2023-06-04T00:43:13.924+0000] {logging_mixin.py:149} INFO - [2023-06-04T00:43:13.923+0000] {dag.py:2726} INFO - Sync 1 DAGs
[2023-06-04T00:43:13.957+0000] {logging_mixin.py:149} INFO - [2023-06-04T00:43:13.957+0000] {dag.py:3490} INFO - Setting next_dagrun for example_task_group_decorator to 2023-06-03T00:43:13.956897+00:00, run_after=2023-06-04T00:43:13.956897+00:00
[2023-06-04T00:43:13.983+0000] {processor.py:179} INFO - Processing /home/airflow/.local/lib/python3.7/site-packages/airflow/example_dags/example_task_group_decorator.py took 0.120 seconds
