[2023-06-04T00:34:28.517+0000] {processor.py:157} INFO - Started process (PID=18234) to work on /home/airflow/.local/lib/python3.7/site-packages/airflow/example_dags/example_short_circuit_operator.py
[2023-06-04T00:34:28.519+0000] {processor.py:826} INFO - Processing file /home/airflow/.local/lib/python3.7/site-packages/airflow/example_dags/example_short_circuit_operator.py for tasks to queue
[2023-06-04T00:34:28.521+0000] {logging_mixin.py:149} INFO - [2023-06-04T00:34:28.520+0000] {dagbag.py:541} INFO - Filling up the DagBag from /home/airflow/.local/lib/python3.7/site-packages/airflow/example_dags/example_short_circuit_operator.py
[2023-06-04T00:34:28.531+0000] {processor.py:836} INFO - DAG(s) dict_keys(['example_short_circuit_operator']) retrieved from /home/airflow/.local/lib/python3.7/site-packages/airflow/example_dags/example_short_circuit_operator.py
[2023-06-04T00:34:28.563+0000] {logging_mixin.py:149} INFO - [2023-06-04T00:34:28.563+0000] {dag.py:2726} INFO - Sync 1 DAGs
[2023-06-04T00:34:28.594+0000] {logging_mixin.py:149} INFO - [2023-06-04T00:34:28.593+0000] {dag.py:3490} INFO - Setting next_dagrun for example_short_circuit_operator to 2023-06-03T00:34:28.593565+00:00, run_after=2023-06-04T00:34:28.593565+00:00
[2023-06-04T00:34:28.620+0000] {processor.py:179} INFO - Processing /home/airflow/.local/lib/python3.7/site-packages/airflow/example_dags/example_short_circuit_operator.py took 0.106 seconds
[2023-06-04T00:34:58.835+0000] {processor.py:157} INFO - Started process (PID=18489) to work on /home/airflow/.local/lib/python3.7/site-packages/airflow/example_dags/example_short_circuit_operator.py
[2023-06-04T00:34:58.837+0000] {processor.py:826} INFO - Processing file /home/airflow/.local/lib/python3.7/site-packages/airflow/example_dags/example_short_circuit_operator.py for tasks to queue
[2023-06-04T00:34:58.839+0000] {logging_mixin.py:149} INFO - [2023-06-04T00:34:58.839+0000] {dagbag.py:541} INFO - Filling up the DagBag from /home/airflow/.local/lib/python3.7/site-packages/airflow/example_dags/example_short_circuit_operator.py
[2023-06-04T00:34:58.849+0000] {processor.py:836} INFO - DAG(s) dict_keys(['example_short_circuit_operator']) retrieved from /home/airflow/.local/lib/python3.7/site-packages/airflow/example_dags/example_short_circuit_operator.py
[2023-06-04T00:34:58.879+0000] {logging_mixin.py:149} INFO - [2023-06-04T00:34:58.879+0000] {dag.py:2726} INFO - Sync 1 DAGs
[2023-06-04T00:34:58.912+0000] {logging_mixin.py:149} INFO - [2023-06-04T00:34:58.912+0000] {dag.py:3490} INFO - Setting next_dagrun for example_short_circuit_operator to 2023-06-03T00:34:58.912388+00:00, run_after=2023-06-04T00:34:58.912388+00:00
[2023-06-04T00:34:58.938+0000] {processor.py:179} INFO - Processing /home/airflow/.local/lib/python3.7/site-packages/airflow/example_dags/example_short_circuit_operator.py took 0.106 seconds
[2023-06-04T00:35:29.674+0000] {processor.py:157} INFO - Started process (PID=18742) to work on /home/airflow/.local/lib/python3.7/site-packages/airflow/example_dags/example_short_circuit_operator.py
[2023-06-04T00:35:29.676+0000] {processor.py:826} INFO - Processing file /home/airflow/.local/lib/python3.7/site-packages/airflow/example_dags/example_short_circuit_operator.py for tasks to queue
[2023-06-04T00:35:29.677+0000] {logging_mixin.py:149} INFO - [2023-06-04T00:35:29.677+0000] {dagbag.py:541} INFO - Filling up the DagBag from /home/airflow/.local/lib/python3.7/site-packages/airflow/example_dags/example_short_circuit_operator.py
[2023-06-04T00:35:29.692+0000] {processor.py:836} INFO - DAG(s) dict_keys(['example_short_circuit_operator']) retrieved from /home/airflow/.local/lib/python3.7/site-packages/airflow/example_dags/example_short_circuit_operator.py
[2023-06-04T00:35:29.806+0000] {logging_mixin.py:149} INFO - [2023-06-04T00:35:29.806+0000] {dag.py:2726} INFO - Sync 1 DAGs
[2023-06-04T00:35:29.862+0000] {logging_mixin.py:149} INFO - [2023-06-04T00:35:29.862+0000] {dag.py:3490} INFO - Setting next_dagrun for example_short_circuit_operator to 2023-06-03T00:35:29.861874+00:00, run_after=2023-06-04T00:35:29.861874+00:00
[2023-06-04T00:35:29.894+0000] {processor.py:179} INFO - Processing /home/airflow/.local/lib/python3.7/site-packages/airflow/example_dags/example_short_circuit_operator.py took 0.226 seconds
[2023-06-04T00:36:00.316+0000] {processor.py:157} INFO - Started process (PID=18994) to work on /home/airflow/.local/lib/python3.7/site-packages/airflow/example_dags/example_short_circuit_operator.py
[2023-06-04T00:36:00.318+0000] {processor.py:826} INFO - Processing file /home/airflow/.local/lib/python3.7/site-packages/airflow/example_dags/example_short_circuit_operator.py for tasks to queue
[2023-06-04T00:36:00.319+0000] {logging_mixin.py:149} INFO - [2023-06-04T00:36:00.319+0000] {dagbag.py:541} INFO - Filling up the DagBag from /home/airflow/.local/lib/python3.7/site-packages/airflow/example_dags/example_short_circuit_operator.py
[2023-06-04T00:36:00.330+0000] {processor.py:836} INFO - DAG(s) dict_keys(['example_short_circuit_operator']) retrieved from /home/airflow/.local/lib/python3.7/site-packages/airflow/example_dags/example_short_circuit_operator.py
[2023-06-04T00:36:00.367+0000] {logging_mixin.py:149} INFO - [2023-06-04T00:36:00.367+0000] {dag.py:2726} INFO - Sync 1 DAGs
[2023-06-04T00:36:00.405+0000] {logging_mixin.py:149} INFO - [2023-06-04T00:36:00.405+0000] {dag.py:3490} INFO - Setting next_dagrun for example_short_circuit_operator to 2023-06-03T00:36:00.405177+00:00, run_after=2023-06-04T00:36:00.405177+00:00
[2023-06-04T00:36:00.458+0000] {processor.py:179} INFO - Processing /home/airflow/.local/lib/python3.7/site-packages/airflow/example_dags/example_short_circuit_operator.py took 0.145 seconds
[2023-06-04T00:36:30.762+0000] {processor.py:157} INFO - Started process (PID=19246) to work on /home/airflow/.local/lib/python3.7/site-packages/airflow/example_dags/example_short_circuit_operator.py
[2023-06-04T00:36:30.763+0000] {processor.py:826} INFO - Processing file /home/airflow/.local/lib/python3.7/site-packages/airflow/example_dags/example_short_circuit_operator.py for tasks to queue
[2023-06-04T00:36:30.765+0000] {logging_mixin.py:149} INFO - [2023-06-04T00:36:30.765+0000] {dagbag.py:541} INFO - Filling up the DagBag from /home/airflow/.local/lib/python3.7/site-packages/airflow/example_dags/example_short_circuit_operator.py
[2023-06-04T00:36:30.775+0000] {processor.py:836} INFO - DAG(s) dict_keys(['example_short_circuit_operator']) retrieved from /home/airflow/.local/lib/python3.7/site-packages/airflow/example_dags/example_short_circuit_operator.py
[2023-06-04T00:36:30.808+0000] {logging_mixin.py:149} INFO - [2023-06-04T00:36:30.808+0000] {dag.py:2726} INFO - Sync 1 DAGs
[2023-06-04T00:36:30.839+0000] {logging_mixin.py:149} INFO - [2023-06-04T00:36:30.839+0000] {dag.py:3490} INFO - Setting next_dagrun for example_short_circuit_operator to 2023-06-03T00:36:30.838669+00:00, run_after=2023-06-04T00:36:30.838669+00:00
[2023-06-04T00:36:30.867+0000] {processor.py:179} INFO - Processing /home/airflow/.local/lib/python3.7/site-packages/airflow/example_dags/example_short_circuit_operator.py took 0.109 seconds
[2023-06-04T00:37:02.067+0000] {processor.py:157} INFO - Started process (PID=19498) to work on /home/airflow/.local/lib/python3.7/site-packages/airflow/example_dags/example_short_circuit_operator.py
[2023-06-04T00:37:02.068+0000] {processor.py:826} INFO - Processing file /home/airflow/.local/lib/python3.7/site-packages/airflow/example_dags/example_short_circuit_operator.py for tasks to queue
[2023-06-04T00:37:02.070+0000] {logging_mixin.py:149} INFO - [2023-06-04T00:37:02.069+0000] {dagbag.py:541} INFO - Filling up the DagBag from /home/airflow/.local/lib/python3.7/site-packages/airflow/example_dags/example_short_circuit_operator.py
[2023-06-04T00:37:02.088+0000] {processor.py:836} INFO - DAG(s) dict_keys(['example_short_circuit_operator']) retrieved from /home/airflow/.local/lib/python3.7/site-packages/airflow/example_dags/example_short_circuit_operator.py
[2023-06-04T00:37:02.121+0000] {logging_mixin.py:149} INFO - [2023-06-04T00:37:02.121+0000] {dag.py:2726} INFO - Sync 1 DAGs
[2023-06-04T00:37:02.150+0000] {logging_mixin.py:149} INFO - [2023-06-04T00:37:02.150+0000] {dag.py:3490} INFO - Setting next_dagrun for example_short_circuit_operator to 2023-06-03T00:37:02.150431+00:00, run_after=2023-06-04T00:37:02.150431+00:00
[2023-06-04T00:37:02.176+0000] {processor.py:179} INFO - Processing /home/airflow/.local/lib/python3.7/site-packages/airflow/example_dags/example_short_circuit_operator.py took 0.114 seconds
[2023-06-04T00:37:32.851+0000] {processor.py:157} INFO - Started process (PID=19750) to work on /home/airflow/.local/lib/python3.7/site-packages/airflow/example_dags/example_short_circuit_operator.py
[2023-06-04T00:37:32.852+0000] {processor.py:826} INFO - Processing file /home/airflow/.local/lib/python3.7/site-packages/airflow/example_dags/example_short_circuit_operator.py for tasks to queue
[2023-06-04T00:37:32.854+0000] {logging_mixin.py:149} INFO - [2023-06-04T00:37:32.854+0000] {dagbag.py:541} INFO - Filling up the DagBag from /home/airflow/.local/lib/python3.7/site-packages/airflow/example_dags/example_short_circuit_operator.py
[2023-06-04T00:37:32.865+0000] {processor.py:836} INFO - DAG(s) dict_keys(['example_short_circuit_operator']) retrieved from /home/airflow/.local/lib/python3.7/site-packages/airflow/example_dags/example_short_circuit_operator.py
[2023-06-04T00:37:32.901+0000] {logging_mixin.py:149} INFO - [2023-06-04T00:37:32.901+0000] {dag.py:2726} INFO - Sync 1 DAGs
[2023-06-04T00:37:32.935+0000] {logging_mixin.py:149} INFO - [2023-06-04T00:37:32.934+0000] {dag.py:3490} INFO - Setting next_dagrun for example_short_circuit_operator to 2023-06-03T00:37:32.934669+00:00, run_after=2023-06-04T00:37:32.934669+00:00
[2023-06-04T00:37:32.963+0000] {processor.py:179} INFO - Processing /home/airflow/.local/lib/python3.7/site-packages/airflow/example_dags/example_short_circuit_operator.py took 0.116 seconds
[2023-06-04T00:38:03.527+0000] {processor.py:157} INFO - Started process (PID=20001) to work on /home/airflow/.local/lib/python3.7/site-packages/airflow/example_dags/example_short_circuit_operator.py
[2023-06-04T00:38:03.529+0000] {processor.py:826} INFO - Processing file /home/airflow/.local/lib/python3.7/site-packages/airflow/example_dags/example_short_circuit_operator.py for tasks to queue
[2023-06-04T00:38:03.530+0000] {logging_mixin.py:149} INFO - [2023-06-04T00:38:03.530+0000] {dagbag.py:541} INFO - Filling up the DagBag from /home/airflow/.local/lib/python3.7/site-packages/airflow/example_dags/example_short_circuit_operator.py
[2023-06-04T00:38:03.541+0000] {processor.py:836} INFO - DAG(s) dict_keys(['example_short_circuit_operator']) retrieved from /home/airflow/.local/lib/python3.7/site-packages/airflow/example_dags/example_short_circuit_operator.py
[2023-06-04T00:38:03.579+0000] {logging_mixin.py:149} INFO - [2023-06-04T00:38:03.578+0000] {dag.py:2726} INFO - Sync 1 DAGs
[2023-06-04T00:38:03.617+0000] {logging_mixin.py:149} INFO - [2023-06-04T00:38:03.617+0000] {dag.py:3490} INFO - Setting next_dagrun for example_short_circuit_operator to 2023-06-03T00:38:03.616814+00:00, run_after=2023-06-04T00:38:03.616814+00:00
[2023-06-04T00:38:03.645+0000] {processor.py:179} INFO - Processing /home/airflow/.local/lib/python3.7/site-packages/airflow/example_dags/example_short_circuit_operator.py took 0.122 seconds
