[2023-06-04T00:34:27.759+0000] {processor.py:157} INFO - Started process (PID=18182) to work on /home/airflow/.local/lib/python3.7/site-packages/airflow/example_dags/example_branch_day_of_week_operator.py
[2023-06-04T00:34:27.760+0000] {processor.py:826} INFO - Processing file /home/airflow/.local/lib/python3.7/site-packages/airflow/example_dags/example_branch_day_of_week_operator.py for tasks to queue
[2023-06-04T00:34:27.763+0000] {logging_mixin.py:149} INFO - [2023-06-04T00:34:27.763+0000] {dagbag.py:541} INFO - Filling up the DagBag from /home/airflow/.local/lib/python3.7/site-packages/airflow/example_dags/example_branch_day_of_week_operator.py
[2023-06-04T00:34:27.772+0000] {processor.py:836} INFO - DAG(s) dict_keys(['example_weekday_branch_operator']) retrieved from /home/airflow/.local/lib/python3.7/site-packages/airflow/example_dags/example_branch_day_of_week_operator.py
[2023-06-04T00:34:27.811+0000] {logging_mixin.py:149} INFO - [2023-06-04T00:34:27.811+0000] {dag.py:2726} INFO - Sync 1 DAGs
[2023-06-04T00:34:27.842+0000] {logging_mixin.py:149} INFO - [2023-06-04T00:34:27.841+0000] {dag.py:3490} INFO - Setting next_dagrun for example_weekday_branch_operator to 2023-06-03T00:00:00+00:00, run_after=2023-06-04T00:00:00+00:00
[2023-06-04T00:34:27.867+0000] {processor.py:179} INFO - Processing /home/airflow/.local/lib/python3.7/site-packages/airflow/example_dags/example_branch_day_of_week_operator.py took 0.112 seconds
[2023-06-04T00:34:57.955+0000] {processor.py:157} INFO - Started process (PID=18456) to work on /home/airflow/.local/lib/python3.7/site-packages/airflow/example_dags/example_branch_day_of_week_operator.py
[2023-06-04T00:34:57.958+0000] {processor.py:826} INFO - Processing file /home/airflow/.local/lib/python3.7/site-packages/airflow/example_dags/example_branch_day_of_week_operator.py for tasks to queue
[2023-06-04T00:34:57.960+0000] {logging_mixin.py:149} INFO - [2023-06-04T00:34:57.959+0000] {dagbag.py:541} INFO - Filling up the DagBag from /home/airflow/.local/lib/python3.7/site-packages/airflow/example_dags/example_branch_day_of_week_operator.py
[2023-06-04T00:34:57.974+0000] {processor.py:836} INFO - DAG(s) dict_keys(['example_weekday_branch_operator']) retrieved from /home/airflow/.local/lib/python3.7/site-packages/airflow/example_dags/example_branch_day_of_week_operator.py
[2023-06-04T00:34:58.015+0000] {logging_mixin.py:149} INFO - [2023-06-04T00:34:58.015+0000] {dag.py:2726} INFO - Sync 1 DAGs
[2023-06-04T00:34:58.053+0000] {logging_mixin.py:149} INFO - [2023-06-04T00:34:58.053+0000] {dag.py:3490} INFO - Setting next_dagrun for example_weekday_branch_operator to 2023-06-03T00:00:00+00:00, run_after=2023-06-04T00:00:00+00:00
[2023-06-04T00:34:58.082+0000] {processor.py:179} INFO - Processing /home/airflow/.local/lib/python3.7/site-packages/airflow/example_dags/example_branch_day_of_week_operator.py took 0.132 seconds
[2023-06-04T00:35:28.971+0000] {processor.py:157} INFO - Started process (PID=18707) to work on /home/airflow/.local/lib/python3.7/site-packages/airflow/example_dags/example_branch_day_of_week_operator.py
[2023-06-04T00:35:28.972+0000] {processor.py:826} INFO - Processing file /home/airflow/.local/lib/python3.7/site-packages/airflow/example_dags/example_branch_day_of_week_operator.py for tasks to queue
[2023-06-04T00:35:28.974+0000] {logging_mixin.py:149} INFO - [2023-06-04T00:35:28.974+0000] {dagbag.py:541} INFO - Filling up the DagBag from /home/airflow/.local/lib/python3.7/site-packages/airflow/example_dags/example_branch_day_of_week_operator.py
[2023-06-04T00:35:28.985+0000] {processor.py:836} INFO - DAG(s) dict_keys(['example_weekday_branch_operator']) retrieved from /home/airflow/.local/lib/python3.7/site-packages/airflow/example_dags/example_branch_day_of_week_operator.py
[2023-06-04T00:35:29.020+0000] {logging_mixin.py:149} INFO - [2023-06-04T00:35:29.019+0000] {dag.py:2726} INFO - Sync 1 DAGs
[2023-06-04T00:35:29.060+0000] {logging_mixin.py:149} INFO - [2023-06-04T00:35:29.059+0000] {dag.py:3490} INFO - Setting next_dagrun for example_weekday_branch_operator to 2023-06-03T00:00:00+00:00, run_after=2023-06-04T00:00:00+00:00
[2023-06-04T00:35:29.092+0000] {processor.py:179} INFO - Processing /home/airflow/.local/lib/python3.7/site-packages/airflow/example_dags/example_branch_day_of_week_operator.py took 0.126 seconds
[2023-06-04T00:35:59.694+0000] {processor.py:157} INFO - Started process (PID=18959) to work on /home/airflow/.local/lib/python3.7/site-packages/airflow/example_dags/example_branch_day_of_week_operator.py
[2023-06-04T00:35:59.695+0000] {processor.py:826} INFO - Processing file /home/airflow/.local/lib/python3.7/site-packages/airflow/example_dags/example_branch_day_of_week_operator.py for tasks to queue
[2023-06-04T00:35:59.697+0000] {logging_mixin.py:149} INFO - [2023-06-04T00:35:59.697+0000] {dagbag.py:541} INFO - Filling up the DagBag from /home/airflow/.local/lib/python3.7/site-packages/airflow/example_dags/example_branch_day_of_week_operator.py
[2023-06-04T00:35:59.707+0000] {processor.py:836} INFO - DAG(s) dict_keys(['example_weekday_branch_operator']) retrieved from /home/airflow/.local/lib/python3.7/site-packages/airflow/example_dags/example_branch_day_of_week_operator.py
[2023-06-04T00:35:59.736+0000] {logging_mixin.py:149} INFO - [2023-06-04T00:35:59.735+0000] {dag.py:2726} INFO - Sync 1 DAGs
[2023-06-04T00:35:59.770+0000] {logging_mixin.py:149} INFO - [2023-06-04T00:35:59.770+0000] {dag.py:3490} INFO - Setting next_dagrun for example_weekday_branch_operator to 2023-06-03T00:00:00+00:00, run_after=2023-06-04T00:00:00+00:00
[2023-06-04T00:35:59.797+0000] {processor.py:179} INFO - Processing /home/airflow/.local/lib/python3.7/site-packages/airflow/example_dags/example_branch_day_of_week_operator.py took 0.107 seconds
[2023-06-04T00:36:30.178+0000] {processor.py:157} INFO - Started process (PID=19211) to work on /home/airflow/.local/lib/python3.7/site-packages/airflow/example_dags/example_branch_day_of_week_operator.py
[2023-06-04T00:36:30.180+0000] {processor.py:826} INFO - Processing file /home/airflow/.local/lib/python3.7/site-packages/airflow/example_dags/example_branch_day_of_week_operator.py for tasks to queue
[2023-06-04T00:36:30.181+0000] {logging_mixin.py:149} INFO - [2023-06-04T00:36:30.181+0000] {dagbag.py:541} INFO - Filling up the DagBag from /home/airflow/.local/lib/python3.7/site-packages/airflow/example_dags/example_branch_day_of_week_operator.py
[2023-06-04T00:36:30.191+0000] {processor.py:836} INFO - DAG(s) dict_keys(['example_weekday_branch_operator']) retrieved from /home/airflow/.local/lib/python3.7/site-packages/airflow/example_dags/example_branch_day_of_week_operator.py
[2023-06-04T00:36:30.223+0000] {logging_mixin.py:149} INFO - [2023-06-04T00:36:30.222+0000] {dag.py:2726} INFO - Sync 1 DAGs
[2023-06-04T00:36:30.254+0000] {logging_mixin.py:149} INFO - [2023-06-04T00:36:30.254+0000] {dag.py:3490} INFO - Setting next_dagrun for example_weekday_branch_operator to 2023-06-03T00:00:00+00:00, run_after=2023-06-04T00:00:00+00:00
[2023-06-04T00:36:30.282+0000] {processor.py:179} INFO - Processing /home/airflow/.local/lib/python3.7/site-packages/airflow/example_dags/example_branch_day_of_week_operator.py took 0.108 seconds
[2023-06-04T00:37:01.318+0000] {processor.py:157} INFO - Started process (PID=19463) to work on /home/airflow/.local/lib/python3.7/site-packages/airflow/example_dags/example_branch_day_of_week_operator.py
[2023-06-04T00:37:01.319+0000] {processor.py:826} INFO - Processing file /home/airflow/.local/lib/python3.7/site-packages/airflow/example_dags/example_branch_day_of_week_operator.py for tasks to queue
[2023-06-04T00:37:01.321+0000] {logging_mixin.py:149} INFO - [2023-06-04T00:37:01.321+0000] {dagbag.py:541} INFO - Filling up the DagBag from /home/airflow/.local/lib/python3.7/site-packages/airflow/example_dags/example_branch_day_of_week_operator.py
[2023-06-04T00:37:01.330+0000] {processor.py:836} INFO - DAG(s) dict_keys(['example_weekday_branch_operator']) retrieved from /home/airflow/.local/lib/python3.7/site-packages/airflow/example_dags/example_branch_day_of_week_operator.py
[2023-06-04T00:37:01.360+0000] {logging_mixin.py:149} INFO - [2023-06-04T00:37:01.360+0000] {dag.py:2726} INFO - Sync 1 DAGs
[2023-06-04T00:37:01.392+0000] {logging_mixin.py:149} INFO - [2023-06-04T00:37:01.392+0000] {dag.py:3490} INFO - Setting next_dagrun for example_weekday_branch_operator to 2023-06-03T00:00:00+00:00, run_after=2023-06-04T00:00:00+00:00
[2023-06-04T00:37:01.416+0000] {processor.py:179} INFO - Processing /home/airflow/.local/lib/python3.7/site-packages/airflow/example_dags/example_branch_day_of_week_operator.py took 0.102 seconds
[2023-06-04T00:37:31.974+0000] {processor.py:157} INFO - Started process (PID=19715) to work on /home/airflow/.local/lib/python3.7/site-packages/airflow/example_dags/example_branch_day_of_week_operator.py
[2023-06-04T00:37:31.978+0000] {processor.py:826} INFO - Processing file /home/airflow/.local/lib/python3.7/site-packages/airflow/example_dags/example_branch_day_of_week_operator.py for tasks to queue
[2023-06-04T00:37:31.982+0000] {logging_mixin.py:149} INFO - [2023-06-04T00:37:31.982+0000] {dagbag.py:541} INFO - Filling up the DagBag from /home/airflow/.local/lib/python3.7/site-packages/airflow/example_dags/example_branch_day_of_week_operator.py
[2023-06-04T00:37:31.992+0000] {processor.py:836} INFO - DAG(s) dict_keys(['example_weekday_branch_operator']) retrieved from /home/airflow/.local/lib/python3.7/site-packages/airflow/example_dags/example_branch_day_of_week_operator.py
[2023-06-04T00:37:32.025+0000] {logging_mixin.py:149} INFO - [2023-06-04T00:37:32.024+0000] {dag.py:2726} INFO - Sync 1 DAGs
[2023-06-04T00:37:32.059+0000] {logging_mixin.py:149} INFO - [2023-06-04T00:37:32.059+0000] {dag.py:3490} INFO - Setting next_dagrun for example_weekday_branch_operator to 2023-06-03T00:00:00+00:00, run_after=2023-06-04T00:00:00+00:00
[2023-06-04T00:37:32.090+0000] {processor.py:179} INFO - Processing /home/airflow/.local/lib/python3.7/site-packages/airflow/example_dags/example_branch_day_of_week_operator.py took 0.119 seconds
[2023-06-04T00:38:03.032+0000] {processor.py:157} INFO - Started process (PID=19966) to work on /home/airflow/.local/lib/python3.7/site-packages/airflow/example_dags/example_branch_day_of_week_operator.py
[2023-06-04T00:38:03.034+0000] {processor.py:826} INFO - Processing file /home/airflow/.local/lib/python3.7/site-packages/airflow/example_dags/example_branch_day_of_week_operator.py for tasks to queue
[2023-06-04T00:38:03.036+0000] {logging_mixin.py:149} INFO - [2023-06-04T00:38:03.035+0000] {dagbag.py:541} INFO - Filling up the DagBag from /home/airflow/.local/lib/python3.7/site-packages/airflow/example_dags/example_branch_day_of_week_operator.py
[2023-06-04T00:38:03.045+0000] {processor.py:836} INFO - DAG(s) dict_keys(['example_weekday_branch_operator']) retrieved from /home/airflow/.local/lib/python3.7/site-packages/airflow/example_dags/example_branch_day_of_week_operator.py
[2023-06-04T00:38:03.078+0000] {logging_mixin.py:149} INFO - [2023-06-04T00:38:03.078+0000] {dag.py:2726} INFO - Sync 1 DAGs
[2023-06-04T00:38:03.109+0000] {logging_mixin.py:149} INFO - [2023-06-04T00:38:03.109+0000] {dag.py:3490} INFO - Setting next_dagrun for example_weekday_branch_operator to 2023-06-03T00:00:00+00:00, run_after=2023-06-04T00:00:00+00:00
[2023-06-04T00:38:03.135+0000] {processor.py:179} INFO - Processing /home/airflow/.local/lib/python3.7/site-packages/airflow/example_dags/example_branch_day_of_week_operator.py took 0.107 seconds
[2023-06-04T00:38:33.778+0000] {processor.py:157} INFO - Started process (PID=20217) to work on /home/airflow/.local/lib/python3.7/site-packages/airflow/example_dags/example_branch_day_of_week_operator.py
[2023-06-04T00:38:33.779+0000] {processor.py:826} INFO - Processing file /home/airflow/.local/lib/python3.7/site-packages/airflow/example_dags/example_branch_day_of_week_operator.py for tasks to queue
[2023-06-04T00:38:33.781+0000] {logging_mixin.py:149} INFO - [2023-06-04T00:38:33.781+0000] {dagbag.py:541} INFO - Filling up the DagBag from /home/airflow/.local/lib/python3.7/site-packages/airflow/example_dags/example_branch_day_of_week_operator.py
[2023-06-04T00:38:33.790+0000] {processor.py:836} INFO - DAG(s) dict_keys(['example_weekday_branch_operator']) retrieved from /home/airflow/.local/lib/python3.7/site-packages/airflow/example_dags/example_branch_day_of_week_operator.py
[2023-06-04T00:38:33.820+0000] {logging_mixin.py:149} INFO - [2023-06-04T00:38:33.819+0000] {dag.py:2726} INFO - Sync 1 DAGs
[2023-06-04T00:38:33.853+0000] {logging_mixin.py:149} INFO - [2023-06-04T00:38:33.852+0000] {dag.py:3490} INFO - Setting next_dagrun for example_weekday_branch_operator to 2023-06-03T00:00:00+00:00, run_after=2023-06-04T00:00:00+00:00
[2023-06-04T00:38:33.903+0000] {processor.py:179} INFO - Processing /home/airflow/.local/lib/python3.7/site-packages/airflow/example_dags/example_branch_day_of_week_operator.py took 0.129 seconds
[2023-06-04T00:39:04.470+0000] {processor.py:157} INFO - Started process (PID=20469) to work on /home/airflow/.local/lib/python3.7/site-packages/airflow/example_dags/example_branch_day_of_week_operator.py
[2023-06-04T00:39:04.472+0000] {processor.py:826} INFO - Processing file /home/airflow/.local/lib/python3.7/site-packages/airflow/example_dags/example_branch_day_of_week_operator.py for tasks to queue
[2023-06-04T00:39:04.473+0000] {logging_mixin.py:149} INFO - [2023-06-04T00:39:04.473+0000] {dagbag.py:541} INFO - Filling up the DagBag from /home/airflow/.local/lib/python3.7/site-packages/airflow/example_dags/example_branch_day_of_week_operator.py
[2023-06-04T00:39:04.483+0000] {processor.py:836} INFO - DAG(s) dict_keys(['example_weekday_branch_operator']) retrieved from /home/airflow/.local/lib/python3.7/site-packages/airflow/example_dags/example_branch_day_of_week_operator.py
[2023-06-04T00:39:04.515+0000] {logging_mixin.py:149} INFO - [2023-06-04T00:39:04.515+0000] {dag.py:2726} INFO - Sync 1 DAGs
[2023-06-04T00:39:04.549+0000] {logging_mixin.py:149} INFO - [2023-06-04T00:39:04.549+0000] {dag.py:3490} INFO - Setting next_dagrun for example_weekday_branch_operator to 2023-06-03T00:00:00+00:00, run_after=2023-06-04T00:00:00+00:00
[2023-06-04T00:39:04.579+0000] {processor.py:179} INFO - Processing /home/airflow/.local/lib/python3.7/site-packages/airflow/example_dags/example_branch_day_of_week_operator.py took 0.113 seconds
[2023-06-04T00:39:35.116+0000] {processor.py:157} INFO - Started process (PID=20728) to work on /home/airflow/.local/lib/python3.7/site-packages/airflow/example_dags/example_branch_day_of_week_operator.py
[2023-06-04T00:39:35.117+0000] {processor.py:826} INFO - Processing file /home/airflow/.local/lib/python3.7/site-packages/airflow/example_dags/example_branch_day_of_week_operator.py for tasks to queue
[2023-06-04T00:39:35.119+0000] {logging_mixin.py:149} INFO - [2023-06-04T00:39:35.118+0000] {dagbag.py:541} INFO - Filling up the DagBag from /home/airflow/.local/lib/python3.7/site-packages/airflow/example_dags/example_branch_day_of_week_operator.py
[2023-06-04T00:39:35.128+0000] {processor.py:836} INFO - DAG(s) dict_keys(['example_weekday_branch_operator']) retrieved from /home/airflow/.local/lib/python3.7/site-packages/airflow/example_dags/example_branch_day_of_week_operator.py
[2023-06-04T00:39:35.158+0000] {logging_mixin.py:149} INFO - [2023-06-04T00:39:35.158+0000] {dag.py:2726} INFO - Sync 1 DAGs
[2023-06-04T00:39:35.189+0000] {logging_mixin.py:149} INFO - [2023-06-04T00:39:35.188+0000] {dag.py:3490} INFO - Setting next_dagrun for example_weekday_branch_operator to 2023-06-03T00:00:00+00:00, run_after=2023-06-04T00:00:00+00:00
[2023-06-04T00:39:35.216+0000] {processor.py:179} INFO - Processing /home/airflow/.local/lib/python3.7/site-packages/airflow/example_dags/example_branch_day_of_week_operator.py took 0.103 seconds
[2023-06-04T00:40:06.742+0000] {processor.py:157} INFO - Started process (PID=20980) to work on /home/airflow/.local/lib/python3.7/site-packages/airflow/example_dags/example_branch_day_of_week_operator.py
[2023-06-04T00:40:06.744+0000] {processor.py:826} INFO - Processing file /home/airflow/.local/lib/python3.7/site-packages/airflow/example_dags/example_branch_day_of_week_operator.py for tasks to queue
[2023-06-04T00:40:06.745+0000] {logging_mixin.py:149} INFO - [2023-06-04T00:40:06.745+0000] {dagbag.py:541} INFO - Filling up the DagBag from /home/airflow/.local/lib/python3.7/site-packages/airflow/example_dags/example_branch_day_of_week_operator.py
[2023-06-04T00:40:06.755+0000] {processor.py:836} INFO - DAG(s) dict_keys(['example_weekday_branch_operator']) retrieved from /home/airflow/.local/lib/python3.7/site-packages/airflow/example_dags/example_branch_day_of_week_operator.py
[2023-06-04T00:40:06.786+0000] {logging_mixin.py:149} INFO - [2023-06-04T00:40:06.785+0000] {dag.py:2726} INFO - Sync 1 DAGs
[2023-06-04T00:40:06.817+0000] {logging_mixin.py:149} INFO - [2023-06-04T00:40:06.817+0000] {dag.py:3490} INFO - Setting next_dagrun for example_weekday_branch_operator to 2023-06-03T00:00:00+00:00, run_after=2023-06-04T00:00:00+00:00
[2023-06-04T00:40:06.844+0000] {processor.py:179} INFO - Processing /home/airflow/.local/lib/python3.7/site-packages/airflow/example_dags/example_branch_day_of_week_operator.py took 0.106 seconds
[2023-06-04T00:40:37.966+0000] {processor.py:157} INFO - Started process (PID=21232) to work on /home/airflow/.local/lib/python3.7/site-packages/airflow/example_dags/example_branch_day_of_week_operator.py
[2023-06-04T00:40:37.968+0000] {processor.py:826} INFO - Processing file /home/airflow/.local/lib/python3.7/site-packages/airflow/example_dags/example_branch_day_of_week_operator.py for tasks to queue
[2023-06-04T00:40:37.969+0000] {logging_mixin.py:149} INFO - [2023-06-04T00:40:37.969+0000] {dagbag.py:541} INFO - Filling up the DagBag from /home/airflow/.local/lib/python3.7/site-packages/airflow/example_dags/example_branch_day_of_week_operator.py
[2023-06-04T00:40:37.978+0000] {processor.py:836} INFO - DAG(s) dict_keys(['example_weekday_branch_operator']) retrieved from /home/airflow/.local/lib/python3.7/site-packages/airflow/example_dags/example_branch_day_of_week_operator.py
[2023-06-04T00:40:38.010+0000] {logging_mixin.py:149} INFO - [2023-06-04T00:40:38.009+0000] {dag.py:2726} INFO - Sync 1 DAGs
[2023-06-04T00:40:38.042+0000] {logging_mixin.py:149} INFO - [2023-06-04T00:40:38.042+0000] {dag.py:3490} INFO - Setting next_dagrun for example_weekday_branch_operator to 2023-06-03T00:00:00+00:00, run_after=2023-06-04T00:00:00+00:00
[2023-06-04T00:40:38.071+0000] {processor.py:179} INFO - Processing /home/airflow/.local/lib/python3.7/site-packages/airflow/example_dags/example_branch_day_of_week_operator.py took 0.108 seconds
[2023-06-04T00:41:09.977+0000] {processor.py:157} INFO - Started process (PID=21486) to work on /home/airflow/.local/lib/python3.7/site-packages/airflow/example_dags/example_branch_day_of_week_operator.py
[2023-06-04T00:41:09.979+0000] {processor.py:826} INFO - Processing file /home/airflow/.local/lib/python3.7/site-packages/airflow/example_dags/example_branch_day_of_week_operator.py for tasks to queue
[2023-06-04T00:41:09.981+0000] {logging_mixin.py:149} INFO - [2023-06-04T00:41:09.981+0000] {dagbag.py:541} INFO - Filling up the DagBag from /home/airflow/.local/lib/python3.7/site-packages/airflow/example_dags/example_branch_day_of_week_operator.py
[2023-06-04T00:41:09.995+0000] {processor.py:836} INFO - DAG(s) dict_keys(['example_weekday_branch_operator']) retrieved from /home/airflow/.local/lib/python3.7/site-packages/airflow/example_dags/example_branch_day_of_week_operator.py
[2023-06-04T00:41:10.036+0000] {logging_mixin.py:149} INFO - [2023-06-04T00:41:10.036+0000] {dag.py:2726} INFO - Sync 1 DAGs
[2023-06-04T00:41:10.072+0000] {logging_mixin.py:149} INFO - [2023-06-04T00:41:10.072+0000] {dag.py:3490} INFO - Setting next_dagrun for example_weekday_branch_operator to 2023-06-03T00:00:00+00:00, run_after=2023-06-04T00:00:00+00:00
[2023-06-04T00:41:10.100+0000] {processor.py:179} INFO - Processing /home/airflow/.local/lib/python3.7/site-packages/airflow/example_dags/example_branch_day_of_week_operator.py took 0.134 seconds
[2023-06-04T00:41:41.224+0000] {processor.py:157} INFO - Started process (PID=21738) to work on /home/airflow/.local/lib/python3.7/site-packages/airflow/example_dags/example_branch_day_of_week_operator.py
[2023-06-04T00:41:41.225+0000] {processor.py:826} INFO - Processing file /home/airflow/.local/lib/python3.7/site-packages/airflow/example_dags/example_branch_day_of_week_operator.py for tasks to queue
[2023-06-04T00:41:41.227+0000] {logging_mixin.py:149} INFO - [2023-06-04T00:41:41.227+0000] {dagbag.py:541} INFO - Filling up the DagBag from /home/airflow/.local/lib/python3.7/site-packages/airflow/example_dags/example_branch_day_of_week_operator.py
[2023-06-04T00:41:41.239+0000] {processor.py:836} INFO - DAG(s) dict_keys(['example_weekday_branch_operator']) retrieved from /home/airflow/.local/lib/python3.7/site-packages/airflow/example_dags/example_branch_day_of_week_operator.py
[2023-06-04T00:41:41.270+0000] {logging_mixin.py:149} INFO - [2023-06-04T00:41:41.269+0000] {dag.py:2726} INFO - Sync 1 DAGs
[2023-06-04T00:41:41.300+0000] {logging_mixin.py:149} INFO - [2023-06-04T00:41:41.300+0000] {dag.py:3490} INFO - Setting next_dagrun for example_weekday_branch_operator to 2023-06-03T00:00:00+00:00, run_after=2023-06-04T00:00:00+00:00
[2023-06-04T00:41:41.329+0000] {processor.py:179} INFO - Processing /home/airflow/.local/lib/python3.7/site-packages/airflow/example_dags/example_branch_day_of_week_operator.py took 0.110 seconds
[2023-06-04T00:42:12.324+0000] {processor.py:157} INFO - Started process (PID=21988) to work on /home/airflow/.local/lib/python3.7/site-packages/airflow/example_dags/example_branch_day_of_week_operator.py
[2023-06-04T00:42:12.326+0000] {processor.py:826} INFO - Processing file /home/airflow/.local/lib/python3.7/site-packages/airflow/example_dags/example_branch_day_of_week_operator.py for tasks to queue
[2023-06-04T00:42:12.327+0000] {logging_mixin.py:149} INFO - [2023-06-04T00:42:12.327+0000] {dagbag.py:541} INFO - Filling up the DagBag from /home/airflow/.local/lib/python3.7/site-packages/airflow/example_dags/example_branch_day_of_week_operator.py
[2023-06-04T00:42:12.337+0000] {processor.py:836} INFO - DAG(s) dict_keys(['example_weekday_branch_operator']) retrieved from /home/airflow/.local/lib/python3.7/site-packages/airflow/example_dags/example_branch_day_of_week_operator.py
[2023-06-04T00:42:12.368+0000] {logging_mixin.py:149} INFO - [2023-06-04T00:42:12.368+0000] {dag.py:2726} INFO - Sync 1 DAGs
[2023-06-04T00:42:12.399+0000] {logging_mixin.py:149} INFO - [2023-06-04T00:42:12.399+0000] {dag.py:3490} INFO - Setting next_dagrun for example_weekday_branch_operator to 2023-06-03T00:00:00+00:00, run_after=2023-06-04T00:00:00+00:00
[2023-06-04T00:42:12.424+0000] {processor.py:179} INFO - Processing /home/airflow/.local/lib/python3.7/site-packages/airflow/example_dags/example_branch_day_of_week_operator.py took 0.103 seconds
[2023-06-04T00:42:43.220+0000] {processor.py:157} INFO - Started process (PID=22240) to work on /home/airflow/.local/lib/python3.7/site-packages/airflow/example_dags/example_branch_day_of_week_operator.py
[2023-06-04T00:42:43.222+0000] {processor.py:826} INFO - Processing file /home/airflow/.local/lib/python3.7/site-packages/airflow/example_dags/example_branch_day_of_week_operator.py for tasks to queue
[2023-06-04T00:42:43.224+0000] {logging_mixin.py:149} INFO - [2023-06-04T00:42:43.223+0000] {dagbag.py:541} INFO - Filling up the DagBag from /home/airflow/.local/lib/python3.7/site-packages/airflow/example_dags/example_branch_day_of_week_operator.py
[2023-06-04T00:42:43.234+0000] {processor.py:836} INFO - DAG(s) dict_keys(['example_weekday_branch_operator']) retrieved from /home/airflow/.local/lib/python3.7/site-packages/airflow/example_dags/example_branch_day_of_week_operator.py
[2023-06-04T00:42:43.265+0000] {logging_mixin.py:149} INFO - [2023-06-04T00:42:43.265+0000] {dag.py:2726} INFO - Sync 1 DAGs
[2023-06-04T00:42:43.299+0000] {logging_mixin.py:149} INFO - [2023-06-04T00:42:43.298+0000] {dag.py:3490} INFO - Setting next_dagrun for example_weekday_branch_operator to 2023-06-03T00:00:00+00:00, run_after=2023-06-04T00:00:00+00:00
[2023-06-04T00:42:43.328+0000] {processor.py:179} INFO - Processing /home/airflow/.local/lib/python3.7/site-packages/airflow/example_dags/example_branch_day_of_week_operator.py took 0.111 seconds
[2023-06-04T00:43:13.838+0000] {processor.py:157} INFO - Started process (PID=22492) to work on /home/airflow/.local/lib/python3.7/site-packages/airflow/example_dags/example_branch_day_of_week_operator.py
[2023-06-04T00:43:13.839+0000] {processor.py:826} INFO - Processing file /home/airflow/.local/lib/python3.7/site-packages/airflow/example_dags/example_branch_day_of_week_operator.py for tasks to queue
[2023-06-04T00:43:13.841+0000] {logging_mixin.py:149} INFO - [2023-06-04T00:43:13.840+0000] {dagbag.py:541} INFO - Filling up the DagBag from /home/airflow/.local/lib/python3.7/site-packages/airflow/example_dags/example_branch_day_of_week_operator.py
[2023-06-04T00:43:13.852+0000] {processor.py:836} INFO - DAG(s) dict_keys(['example_weekday_branch_operator']) retrieved from /home/airflow/.local/lib/python3.7/site-packages/airflow/example_dags/example_branch_day_of_week_operator.py
[2023-06-04T00:43:13.884+0000] {logging_mixin.py:149} INFO - [2023-06-04T00:43:13.883+0000] {dag.py:2726} INFO - Sync 1 DAGs
[2023-06-04T00:43:13.917+0000] {logging_mixin.py:149} INFO - [2023-06-04T00:43:13.917+0000] {dag.py:3490} INFO - Setting next_dagrun for example_weekday_branch_operator to 2023-06-03T00:00:00+00:00, run_after=2023-06-04T00:00:00+00:00
[2023-06-04T00:43:13.946+0000] {processor.py:179} INFO - Processing /home/airflow/.local/lib/python3.7/site-packages/airflow/example_dags/example_branch_day_of_week_operator.py took 0.111 seconds
