[2023-06-04T00:34:25.842+0000] {processor.py:157} INFO - Started process (PID=18099) to work on /home/airflow/.local/lib/python3.7/site-packages/airflow/example_dags/example_kubernetes_executor.py
[2023-06-04T00:34:25.844+0000] {processor.py:826} INFO - Processing file /home/airflow/.local/lib/python3.7/site-packages/airflow/example_dags/example_kubernetes_executor.py for tasks to queue
[2023-06-04T00:34:25.846+0000] {logging_mixin.py:149} INFO - [2023-06-04T00:34:25.845+0000] {dagbag.py:541} INFO - Filling up the DagBag from /home/airflow/.local/lib/python3.7/site-packages/airflow/example_dags/example_kubernetes_executor.py
[2023-06-04T00:34:26.246+0000] {processor.py:836} INFO - DAG(s) dict_keys(['example_kubernetes_executor']) retrieved from /home/airflow/.local/lib/python3.7/site-packages/airflow/example_dags/example_kubernetes_executor.py
[2023-06-04T00:34:26.290+0000] {logging_mixin.py:149} INFO - [2023-06-04T00:34:26.290+0000] {dag.py:2726} INFO - Sync 1 DAGs
[2023-06-04T00:34:26.318+0000] {logging_mixin.py:149} INFO - [2023-06-04T00:34:26.318+0000] {dag.py:3490} INFO - Setting next_dagrun for example_kubernetes_executor to None, run_after=None
[2023-06-04T00:34:26.344+0000] {processor.py:179} INFO - Processing /home/airflow/.local/lib/python3.7/site-packages/airflow/example_dags/example_kubernetes_executor.py took 0.507 seconds
[2023-06-04T00:34:56.387+0000] {processor.py:157} INFO - Started process (PID=18384) to work on /home/airflow/.local/lib/python3.7/site-packages/airflow/example_dags/example_kubernetes_executor.py
[2023-06-04T00:34:56.389+0000] {processor.py:826} INFO - Processing file /home/airflow/.local/lib/python3.7/site-packages/airflow/example_dags/example_kubernetes_executor.py for tasks to queue
[2023-06-04T00:34:56.391+0000] {logging_mixin.py:149} INFO - [2023-06-04T00:34:56.390+0000] {dagbag.py:541} INFO - Filling up the DagBag from /home/airflow/.local/lib/python3.7/site-packages/airflow/example_dags/example_kubernetes_executor.py
[2023-06-04T00:34:56.743+0000] {processor.py:836} INFO - DAG(s) dict_keys(['example_kubernetes_executor']) retrieved from /home/airflow/.local/lib/python3.7/site-packages/airflow/example_dags/example_kubernetes_executor.py
[2023-06-04T00:34:56.786+0000] {logging_mixin.py:149} INFO - [2023-06-04T00:34:56.786+0000] {dag.py:2726} INFO - Sync 1 DAGs
[2023-06-04T00:34:56.814+0000] {logging_mixin.py:149} INFO - [2023-06-04T00:34:56.814+0000] {dag.py:3490} INFO - Setting next_dagrun for example_kubernetes_executor to None, run_after=None
[2023-06-04T00:34:56.839+0000] {processor.py:179} INFO - Processing /home/airflow/.local/lib/python3.7/site-packages/airflow/example_dags/example_kubernetes_executor.py took 0.455 seconds
[2023-06-04T00:35:26.930+0000] {processor.py:157} INFO - Started process (PID=18647) to work on /home/airflow/.local/lib/python3.7/site-packages/airflow/example_dags/example_kubernetes_executor.py
[2023-06-04T00:35:26.932+0000] {processor.py:826} INFO - Processing file /home/airflow/.local/lib/python3.7/site-packages/airflow/example_dags/example_kubernetes_executor.py for tasks to queue
[2023-06-04T00:35:26.933+0000] {logging_mixin.py:149} INFO - [2023-06-04T00:35:26.933+0000] {dagbag.py:541} INFO - Filling up the DagBag from /home/airflow/.local/lib/python3.7/site-packages/airflow/example_dags/example_kubernetes_executor.py
[2023-06-04T00:35:27.295+0000] {processor.py:836} INFO - DAG(s) dict_keys(['example_kubernetes_executor']) retrieved from /home/airflow/.local/lib/python3.7/site-packages/airflow/example_dags/example_kubernetes_executor.py
[2023-06-04T00:35:27.345+0000] {logging_mixin.py:149} INFO - [2023-06-04T00:35:27.345+0000] {dag.py:2726} INFO - Sync 1 DAGs
[2023-06-04T00:35:27.376+0000] {logging_mixin.py:149} INFO - [2023-06-04T00:35:27.375+0000] {dag.py:3490} INFO - Setting next_dagrun for example_kubernetes_executor to None, run_after=None
[2023-06-04T00:35:27.402+0000] {processor.py:179} INFO - Processing /home/airflow/.local/lib/python3.7/site-packages/airflow/example_dags/example_kubernetes_executor.py took 0.475 seconds
[2023-06-04T00:35:58.360+0000] {processor.py:157} INFO - Started process (PID=18901) to work on /home/airflow/.local/lib/python3.7/site-packages/airflow/example_dags/example_kubernetes_executor.py
[2023-06-04T00:35:58.362+0000] {processor.py:826} INFO - Processing file /home/airflow/.local/lib/python3.7/site-packages/airflow/example_dags/example_kubernetes_executor.py for tasks to queue
[2023-06-04T00:35:58.364+0000] {logging_mixin.py:149} INFO - [2023-06-04T00:35:58.363+0000] {dagbag.py:541} INFO - Filling up the DagBag from /home/airflow/.local/lib/python3.7/site-packages/airflow/example_dags/example_kubernetes_executor.py
[2023-06-04T00:35:58.788+0000] {processor.py:836} INFO - DAG(s) dict_keys(['example_kubernetes_executor']) retrieved from /home/airflow/.local/lib/python3.7/site-packages/airflow/example_dags/example_kubernetes_executor.py
[2023-06-04T00:35:58.833+0000] {logging_mixin.py:149} INFO - [2023-06-04T00:35:58.833+0000] {dag.py:2726} INFO - Sync 1 DAGs
[2023-06-04T00:35:58.863+0000] {logging_mixin.py:149} INFO - [2023-06-04T00:35:58.862+0000] {dag.py:3490} INFO - Setting next_dagrun for example_kubernetes_executor to None, run_after=None
[2023-06-04T00:35:58.889+0000] {processor.py:179} INFO - Processing /home/airflow/.local/lib/python3.7/site-packages/airflow/example_dags/example_kubernetes_executor.py took 0.534 seconds
[2023-06-04T00:36:28.998+0000] {processor.py:157} INFO - Started process (PID=19166) to work on /home/airflow/.local/lib/python3.7/site-packages/airflow/example_dags/example_kubernetes_executor.py
[2023-06-04T00:36:29.000+0000] {processor.py:826} INFO - Processing file /home/airflow/.local/lib/python3.7/site-packages/airflow/example_dags/example_kubernetes_executor.py for tasks to queue
[2023-06-04T00:36:29.001+0000] {logging_mixin.py:149} INFO - [2023-06-04T00:36:29.001+0000] {dagbag.py:541} INFO - Filling up the DagBag from /home/airflow/.local/lib/python3.7/site-packages/airflow/example_dags/example_kubernetes_executor.py
[2023-06-04T00:36:29.365+0000] {processor.py:836} INFO - DAG(s) dict_keys(['example_kubernetes_executor']) retrieved from /home/airflow/.local/lib/python3.7/site-packages/airflow/example_dags/example_kubernetes_executor.py
[2023-06-04T00:36:29.408+0000] {logging_mixin.py:149} INFO - [2023-06-04T00:36:29.408+0000] {dag.py:2726} INFO - Sync 1 DAGs
[2023-06-04T00:36:29.435+0000] {logging_mixin.py:149} INFO - [2023-06-04T00:36:29.435+0000] {dag.py:3490} INFO - Setting next_dagrun for example_kubernetes_executor to None, run_after=None
[2023-06-04T00:36:29.460+0000] {processor.py:179} INFO - Processing /home/airflow/.local/lib/python3.7/site-packages/airflow/example_dags/example_kubernetes_executor.py took 0.466 seconds
[2023-06-04T00:37:00.277+0000] {processor.py:157} INFO - Started process (PID=19420) to work on /home/airflow/.local/lib/python3.7/site-packages/airflow/example_dags/example_kubernetes_executor.py
[2023-06-04T00:37:00.279+0000] {processor.py:826} INFO - Processing file /home/airflow/.local/lib/python3.7/site-packages/airflow/example_dags/example_kubernetes_executor.py for tasks to queue
[2023-06-04T00:37:00.280+0000] {logging_mixin.py:149} INFO - [2023-06-04T00:37:00.280+0000] {dagbag.py:541} INFO - Filling up the DagBag from /home/airflow/.local/lib/python3.7/site-packages/airflow/example_dags/example_kubernetes_executor.py
[2023-06-04T00:37:00.613+0000] {processor.py:836} INFO - DAG(s) dict_keys(['example_kubernetes_executor']) retrieved from /home/airflow/.local/lib/python3.7/site-packages/airflow/example_dags/example_kubernetes_executor.py
[2023-06-04T00:37:00.654+0000] {logging_mixin.py:149} INFO - [2023-06-04T00:37:00.654+0000] {dag.py:2726} INFO - Sync 1 DAGs
[2023-06-04T00:37:00.682+0000] {logging_mixin.py:149} INFO - [2023-06-04T00:37:00.682+0000] {dag.py:3490} INFO - Setting next_dagrun for example_kubernetes_executor to None, run_after=None
[2023-06-04T00:37:00.707+0000] {processor.py:179} INFO - Processing /home/airflow/.local/lib/python3.7/site-packages/airflow/example_dags/example_kubernetes_executor.py took 0.434 seconds
[2023-06-04T00:37:30.827+0000] {processor.py:157} INFO - Started process (PID=19672) to work on /home/airflow/.local/lib/python3.7/site-packages/airflow/example_dags/example_kubernetes_executor.py
[2023-06-04T00:37:30.828+0000] {processor.py:826} INFO - Processing file /home/airflow/.local/lib/python3.7/site-packages/airflow/example_dags/example_kubernetes_executor.py for tasks to queue
[2023-06-04T00:37:30.830+0000] {logging_mixin.py:149} INFO - [2023-06-04T00:37:30.830+0000] {dagbag.py:541} INFO - Filling up the DagBag from /home/airflow/.local/lib/python3.7/site-packages/airflow/example_dags/example_kubernetes_executor.py
[2023-06-04T00:37:31.216+0000] {processor.py:836} INFO - DAG(s) dict_keys(['example_kubernetes_executor']) retrieved from /home/airflow/.local/lib/python3.7/site-packages/airflow/example_dags/example_kubernetes_executor.py
[2023-06-04T00:37:31.263+0000] {logging_mixin.py:149} INFO - [2023-06-04T00:37:31.263+0000] {dag.py:2726} INFO - Sync 1 DAGs
[2023-06-04T00:37:31.304+0000] {logging_mixin.py:149} INFO - [2023-06-04T00:37:31.304+0000] {dag.py:3490} INFO - Setting next_dagrun for example_kubernetes_executor to None, run_after=None
[2023-06-04T00:37:31.332+0000] {processor.py:179} INFO - Processing /home/airflow/.local/lib/python3.7/site-packages/airflow/example_dags/example_kubernetes_executor.py took 0.509 seconds
[2023-06-04T00:38:02.055+0000] {processor.py:157} INFO - Started process (PID=19923) to work on /home/airflow/.local/lib/python3.7/site-packages/airflow/example_dags/example_kubernetes_executor.py
[2023-06-04T00:38:02.057+0000] {processor.py:826} INFO - Processing file /home/airflow/.local/lib/python3.7/site-packages/airflow/example_dags/example_kubernetes_executor.py for tasks to queue
[2023-06-04T00:38:02.058+0000] {logging_mixin.py:149} INFO - [2023-06-04T00:38:02.058+0000] {dagbag.py:541} INFO - Filling up the DagBag from /home/airflow/.local/lib/python3.7/site-packages/airflow/example_dags/example_kubernetes_executor.py
[2023-06-04T00:38:02.427+0000] {processor.py:836} INFO - DAG(s) dict_keys(['example_kubernetes_executor']) retrieved from /home/airflow/.local/lib/python3.7/site-packages/airflow/example_dags/example_kubernetes_executor.py
[2023-06-04T00:38:02.472+0000] {logging_mixin.py:149} INFO - [2023-06-04T00:38:02.472+0000] {dag.py:2726} INFO - Sync 1 DAGs
[2023-06-04T00:38:02.500+0000] {logging_mixin.py:149} INFO - [2023-06-04T00:38:02.499+0000] {dag.py:3490} INFO - Setting next_dagrun for example_kubernetes_executor to None, run_after=None
[2023-06-04T00:38:02.525+0000] {processor.py:179} INFO - Processing /home/airflow/.local/lib/python3.7/site-packages/airflow/example_dags/example_kubernetes_executor.py took 0.474 seconds
[2023-06-04T00:38:32.728+0000] {processor.py:157} INFO - Started process (PID=20174) to work on /home/airflow/.local/lib/python3.7/site-packages/airflow/example_dags/example_kubernetes_executor.py
[2023-06-04T00:38:32.730+0000] {processor.py:826} INFO - Processing file /home/airflow/.local/lib/python3.7/site-packages/airflow/example_dags/example_kubernetes_executor.py for tasks to queue
[2023-06-04T00:38:32.731+0000] {logging_mixin.py:149} INFO - [2023-06-04T00:38:32.731+0000] {dagbag.py:541} INFO - Filling up the DagBag from /home/airflow/.local/lib/python3.7/site-packages/airflow/example_dags/example_kubernetes_executor.py
[2023-06-04T00:38:33.076+0000] {processor.py:836} INFO - DAG(s) dict_keys(['example_kubernetes_executor']) retrieved from /home/airflow/.local/lib/python3.7/site-packages/airflow/example_dags/example_kubernetes_executor.py
[2023-06-04T00:38:33.121+0000] {logging_mixin.py:149} INFO - [2023-06-04T00:38:33.121+0000] {dag.py:2726} INFO - Sync 1 DAGs
[2023-06-04T00:38:33.148+0000] {logging_mixin.py:149} INFO - [2023-06-04T00:38:33.148+0000] {dag.py:3490} INFO - Setting next_dagrun for example_kubernetes_executor to None, run_after=None
[2023-06-04T00:38:33.176+0000] {processor.py:179} INFO - Processing /home/airflow/.local/lib/python3.7/site-packages/airflow/example_dags/example_kubernetes_executor.py took 0.451 seconds
[2023-06-04T00:39:03.507+0000] {processor.py:157} INFO - Started process (PID=20426) to work on /home/airflow/.local/lib/python3.7/site-packages/airflow/example_dags/example_kubernetes_executor.py
[2023-06-04T00:39:03.509+0000] {processor.py:826} INFO - Processing file /home/airflow/.local/lib/python3.7/site-packages/airflow/example_dags/example_kubernetes_executor.py for tasks to queue
[2023-06-04T00:39:03.510+0000] {logging_mixin.py:149} INFO - [2023-06-04T00:39:03.510+0000] {dagbag.py:541} INFO - Filling up the DagBag from /home/airflow/.local/lib/python3.7/site-packages/airflow/example_dags/example_kubernetes_executor.py
[2023-06-04T00:39:03.863+0000] {processor.py:836} INFO - DAG(s) dict_keys(['example_kubernetes_executor']) retrieved from /home/airflow/.local/lib/python3.7/site-packages/airflow/example_dags/example_kubernetes_executor.py
[2023-06-04T00:39:03.909+0000] {logging_mixin.py:149} INFO - [2023-06-04T00:39:03.909+0000] {dag.py:2726} INFO - Sync 1 DAGs
[2023-06-04T00:39:03.936+0000] {logging_mixin.py:149} INFO - [2023-06-04T00:39:03.936+0000] {dag.py:3490} INFO - Setting next_dagrun for example_kubernetes_executor to None, run_after=None
[2023-06-04T00:39:03.966+0000] {processor.py:179} INFO - Processing /home/airflow/.local/lib/python3.7/site-packages/airflow/example_dags/example_kubernetes_executor.py took 0.463 seconds
[2023-06-04T00:39:34.154+0000] {processor.py:157} INFO - Started process (PID=20678) to work on /home/airflow/.local/lib/python3.7/site-packages/airflow/example_dags/example_kubernetes_executor.py
[2023-06-04T00:39:34.156+0000] {processor.py:826} INFO - Processing file /home/airflow/.local/lib/python3.7/site-packages/airflow/example_dags/example_kubernetes_executor.py for tasks to queue
[2023-06-04T00:39:34.158+0000] {logging_mixin.py:149} INFO - [2023-06-04T00:39:34.158+0000] {dagbag.py:541} INFO - Filling up the DagBag from /home/airflow/.local/lib/python3.7/site-packages/airflow/example_dags/example_kubernetes_executor.py
[2023-06-04T00:39:34.511+0000] {processor.py:836} INFO - DAG(s) dict_keys(['example_kubernetes_executor']) retrieved from /home/airflow/.local/lib/python3.7/site-packages/airflow/example_dags/example_kubernetes_executor.py
[2023-06-04T00:39:34.557+0000] {logging_mixin.py:149} INFO - [2023-06-04T00:39:34.557+0000] {dag.py:2726} INFO - Sync 1 DAGs
[2023-06-04T00:39:34.583+0000] {logging_mixin.py:149} INFO - [2023-06-04T00:39:34.583+0000] {dag.py:3490} INFO - Setting next_dagrun for example_kubernetes_executor to None, run_after=None
[2023-06-04T00:39:34.609+0000] {processor.py:179} INFO - Processing /home/airflow/.local/lib/python3.7/site-packages/airflow/example_dags/example_kubernetes_executor.py took 0.459 seconds
[2023-06-04T00:40:05.556+0000] {processor.py:157} INFO - Started process (PID=20937) to work on /home/airflow/.local/lib/python3.7/site-packages/airflow/example_dags/example_kubernetes_executor.py
[2023-06-04T00:40:05.558+0000] {processor.py:826} INFO - Processing file /home/airflow/.local/lib/python3.7/site-packages/airflow/example_dags/example_kubernetes_executor.py for tasks to queue
[2023-06-04T00:40:05.560+0000] {logging_mixin.py:149} INFO - [2023-06-04T00:40:05.560+0000] {dagbag.py:541} INFO - Filling up the DagBag from /home/airflow/.local/lib/python3.7/site-packages/airflow/example_dags/example_kubernetes_executor.py
[2023-06-04T00:40:06.001+0000] {processor.py:836} INFO - DAG(s) dict_keys(['example_kubernetes_executor']) retrieved from /home/airflow/.local/lib/python3.7/site-packages/airflow/example_dags/example_kubernetes_executor.py
[2023-06-04T00:40:06.050+0000] {logging_mixin.py:149} INFO - [2023-06-04T00:40:06.049+0000] {dag.py:2726} INFO - Sync 1 DAGs
[2023-06-04T00:40:06.079+0000] {logging_mixin.py:149} INFO - [2023-06-04T00:40:06.079+0000] {dag.py:3490} INFO - Setting next_dagrun for example_kubernetes_executor to None, run_after=None
[2023-06-04T00:40:06.110+0000] {processor.py:179} INFO - Processing /home/airflow/.local/lib/python3.7/site-packages/airflow/example_dags/example_kubernetes_executor.py took 0.557 seconds
[2023-06-04T00:40:36.965+0000] {processor.py:157} INFO - Started process (PID=21189) to work on /home/airflow/.local/lib/python3.7/site-packages/airflow/example_dags/example_kubernetes_executor.py
[2023-06-04T00:40:36.967+0000] {processor.py:826} INFO - Processing file /home/airflow/.local/lib/python3.7/site-packages/airflow/example_dags/example_kubernetes_executor.py for tasks to queue
[2023-06-04T00:40:36.968+0000] {logging_mixin.py:149} INFO - [2023-06-04T00:40:36.968+0000] {dagbag.py:541} INFO - Filling up the DagBag from /home/airflow/.local/lib/python3.7/site-packages/airflow/example_dags/example_kubernetes_executor.py
[2023-06-04T00:40:37.323+0000] {processor.py:836} INFO - DAG(s) dict_keys(['example_kubernetes_executor']) retrieved from /home/airflow/.local/lib/python3.7/site-packages/airflow/example_dags/example_kubernetes_executor.py
[2023-06-04T00:40:37.367+0000] {logging_mixin.py:149} INFO - [2023-06-04T00:40:37.367+0000] {dag.py:2726} INFO - Sync 1 DAGs
[2023-06-04T00:40:37.395+0000] {logging_mixin.py:149} INFO - [2023-06-04T00:40:37.395+0000] {dag.py:3490} INFO - Setting next_dagrun for example_kubernetes_executor to None, run_after=None
[2023-06-04T00:40:37.420+0000] {processor.py:179} INFO - Processing /home/airflow/.local/lib/python3.7/site-packages/airflow/example_dags/example_kubernetes_executor.py took 0.460 seconds
[2023-06-04T00:41:08.438+0000] {processor.py:157} INFO - Started process (PID=21441) to work on /home/airflow/.local/lib/python3.7/site-packages/airflow/example_dags/example_kubernetes_executor.py
[2023-06-04T00:41:08.440+0000] {processor.py:826} INFO - Processing file /home/airflow/.local/lib/python3.7/site-packages/airflow/example_dags/example_kubernetes_executor.py for tasks to queue
[2023-06-04T00:41:08.444+0000] {logging_mixin.py:149} INFO - [2023-06-04T00:41:08.444+0000] {dagbag.py:541} INFO - Filling up the DagBag from /home/airflow/.local/lib/python3.7/site-packages/airflow/example_dags/example_kubernetes_executor.py
[2023-06-04T00:41:08.918+0000] {processor.py:836} INFO - DAG(s) dict_keys(['example_kubernetes_executor']) retrieved from /home/airflow/.local/lib/python3.7/site-packages/airflow/example_dags/example_kubernetes_executor.py
[2023-06-04T00:41:08.965+0000] {logging_mixin.py:149} INFO - [2023-06-04T00:41:08.964+0000] {dag.py:2726} INFO - Sync 1 DAGs
[2023-06-04T00:41:09.009+0000] {logging_mixin.py:149} INFO - [2023-06-04T00:41:09.009+0000] {dag.py:3490} INFO - Setting next_dagrun for example_kubernetes_executor to None, run_after=None
[2023-06-04T00:41:09.040+0000] {processor.py:179} INFO - Processing /home/airflow/.local/lib/python3.7/site-packages/airflow/example_dags/example_kubernetes_executor.py took 0.605 seconds
[2023-06-04T00:41:39.990+0000] {processor.py:157} INFO - Started process (PID=21693) to work on /home/airflow/.local/lib/python3.7/site-packages/airflow/example_dags/example_kubernetes_executor.py
[2023-06-04T00:41:39.992+0000] {processor.py:826} INFO - Processing file /home/airflow/.local/lib/python3.7/site-packages/airflow/example_dags/example_kubernetes_executor.py for tasks to queue
[2023-06-04T00:41:39.994+0000] {logging_mixin.py:149} INFO - [2023-06-04T00:41:39.993+0000] {dagbag.py:541} INFO - Filling up the DagBag from /home/airflow/.local/lib/python3.7/site-packages/airflow/example_dags/example_kubernetes_executor.py
[2023-06-04T00:41:40.332+0000] {processor.py:836} INFO - DAG(s) dict_keys(['example_kubernetes_executor']) retrieved from /home/airflow/.local/lib/python3.7/site-packages/airflow/example_dags/example_kubernetes_executor.py
[2023-06-04T00:41:40.379+0000] {logging_mixin.py:149} INFO - [2023-06-04T00:41:40.379+0000] {dag.py:2726} INFO - Sync 1 DAGs
[2023-06-04T00:41:40.405+0000] {logging_mixin.py:149} INFO - [2023-06-04T00:41:40.405+0000] {dag.py:3490} INFO - Setting next_dagrun for example_kubernetes_executor to None, run_after=None
[2023-06-04T00:41:40.430+0000] {processor.py:179} INFO - Processing /home/airflow/.local/lib/python3.7/site-packages/airflow/example_dags/example_kubernetes_executor.py took 0.444 seconds
[2023-06-04T00:42:11.330+0000] {processor.py:157} INFO - Started process (PID=21945) to work on /home/airflow/.local/lib/python3.7/site-packages/airflow/example_dags/example_kubernetes_executor.py
[2023-06-04T00:42:11.332+0000] {processor.py:826} INFO - Processing file /home/airflow/.local/lib/python3.7/site-packages/airflow/example_dags/example_kubernetes_executor.py for tasks to queue
[2023-06-04T00:42:11.334+0000] {logging_mixin.py:149} INFO - [2023-06-04T00:42:11.334+0000] {dagbag.py:541} INFO - Filling up the DagBag from /home/airflow/.local/lib/python3.7/site-packages/airflow/example_dags/example_kubernetes_executor.py
[2023-06-04T00:42:11.665+0000] {processor.py:836} INFO - DAG(s) dict_keys(['example_kubernetes_executor']) retrieved from /home/airflow/.local/lib/python3.7/site-packages/airflow/example_dags/example_kubernetes_executor.py
[2023-06-04T00:42:11.709+0000] {logging_mixin.py:149} INFO - [2023-06-04T00:42:11.709+0000] {dag.py:2726} INFO - Sync 1 DAGs
[2023-06-04T00:42:11.736+0000] {logging_mixin.py:149} INFO - [2023-06-04T00:42:11.736+0000] {dag.py:3490} INFO - Setting next_dagrun for example_kubernetes_executor to None, run_after=None
[2023-06-04T00:42:11.759+0000] {processor.py:179} INFO - Processing /home/airflow/.local/lib/python3.7/site-packages/airflow/example_dags/example_kubernetes_executor.py took 0.434 seconds
[2023-06-04T00:42:42.176+0000] {processor.py:157} INFO - Started process (PID=22197) to work on /home/airflow/.local/lib/python3.7/site-packages/airflow/example_dags/example_kubernetes_executor.py
[2023-06-04T00:42:42.178+0000] {processor.py:826} INFO - Processing file /home/airflow/.local/lib/python3.7/site-packages/airflow/example_dags/example_kubernetes_executor.py for tasks to queue
[2023-06-04T00:42:42.179+0000] {logging_mixin.py:149} INFO - [2023-06-04T00:42:42.179+0000] {dagbag.py:541} INFO - Filling up the DagBag from /home/airflow/.local/lib/python3.7/site-packages/airflow/example_dags/example_kubernetes_executor.py
[2023-06-04T00:42:42.505+0000] {processor.py:836} INFO - DAG(s) dict_keys(['example_kubernetes_executor']) retrieved from /home/airflow/.local/lib/python3.7/site-packages/airflow/example_dags/example_kubernetes_executor.py
[2023-06-04T00:42:42.572+0000] {logging_mixin.py:149} INFO - [2023-06-04T00:42:42.572+0000] {dag.py:2726} INFO - Sync 1 DAGs
[2023-06-04T00:42:42.601+0000] {logging_mixin.py:149} INFO - [2023-06-04T00:42:42.601+0000] {dag.py:3490} INFO - Setting next_dagrun for example_kubernetes_executor to None, run_after=None
[2023-06-04T00:42:42.630+0000] {processor.py:179} INFO - Processing /home/airflow/.local/lib/python3.7/site-packages/airflow/example_dags/example_kubernetes_executor.py took 0.457 seconds
[2023-06-04T00:43:12.852+0000] {processor.py:157} INFO - Started process (PID=22449) to work on /home/airflow/.local/lib/python3.7/site-packages/airflow/example_dags/example_kubernetes_executor.py
[2023-06-04T00:43:12.854+0000] {processor.py:826} INFO - Processing file /home/airflow/.local/lib/python3.7/site-packages/airflow/example_dags/example_kubernetes_executor.py for tasks to queue
[2023-06-04T00:43:12.855+0000] {logging_mixin.py:149} INFO - [2023-06-04T00:43:12.855+0000] {dagbag.py:541} INFO - Filling up the DagBag from /home/airflow/.local/lib/python3.7/site-packages/airflow/example_dags/example_kubernetes_executor.py
[2023-06-04T00:43:13.184+0000] {processor.py:836} INFO - DAG(s) dict_keys(['example_kubernetes_executor']) retrieved from /home/airflow/.local/lib/python3.7/site-packages/airflow/example_dags/example_kubernetes_executor.py
[2023-06-04T00:43:13.226+0000] {logging_mixin.py:149} INFO - [2023-06-04T00:43:13.226+0000] {dag.py:2726} INFO - Sync 1 DAGs
[2023-06-04T00:43:13.252+0000] {logging_mixin.py:149} INFO - [2023-06-04T00:43:13.252+0000] {dag.py:3490} INFO - Setting next_dagrun for example_kubernetes_executor to None, run_after=None
[2023-06-04T00:43:13.276+0000] {processor.py:179} INFO - Processing /home/airflow/.local/lib/python3.7/site-packages/airflow/example_dags/example_kubernetes_executor.py took 0.428 seconds
