[2023-06-04T00:34:28.584+0000] {processor.py:157} INFO - Started process (PID=18240) to work on /home/airflow/.local/lib/python3.7/site-packages/airflow/example_dags/example_branch_operator_decorator.py
[2023-06-04T00:34:28.585+0000] {processor.py:826} INFO - Processing file /home/airflow/.local/lib/python3.7/site-packages/airflow/example_dags/example_branch_operator_decorator.py for tasks to queue
[2023-06-04T00:34:28.587+0000] {logging_mixin.py:149} INFO - [2023-06-04T00:34:28.587+0000] {dagbag.py:541} INFO - Filling up the DagBag from /home/airflow/.local/lib/python3.7/site-packages/airflow/example_dags/example_branch_operator_decorator.py
[2023-06-04T00:34:28.599+0000] {processor.py:836} INFO - DAG(s) dict_keys(['example_branch_python_operator_decorator']) retrieved from /home/airflow/.local/lib/python3.7/site-packages/airflow/example_dags/example_branch_operator_decorator.py
[2023-06-04T00:34:28.630+0000] {logging_mixin.py:149} INFO - [2023-06-04T00:34:28.630+0000] {dag.py:2726} INFO - Sync 1 DAGs
[2023-06-04T00:34:28.711+0000] {logging_mixin.py:149} INFO - [2023-06-04T00:34:28.711+0000] {dag.py:3490} INFO - Setting next_dagrun for example_branch_python_operator_decorator to 2023-06-03T00:00:00+00:00, run_after=2023-06-04T00:00:00+00:00
[2023-06-04T00:34:28.742+0000] {processor.py:179} INFO - Processing /home/airflow/.local/lib/python3.7/site-packages/airflow/example_dags/example_branch_operator_decorator.py took 0.162 seconds
[2023-06-04T00:34:58.930+0000] {processor.py:157} INFO - Started process (PID=18494) to work on /home/airflow/.local/lib/python3.7/site-packages/airflow/example_dags/example_branch_operator_decorator.py
[2023-06-04T00:34:58.931+0000] {processor.py:826} INFO - Processing file /home/airflow/.local/lib/python3.7/site-packages/airflow/example_dags/example_branch_operator_decorator.py for tasks to queue
[2023-06-04T00:34:58.933+0000] {logging_mixin.py:149} INFO - [2023-06-04T00:34:58.933+0000] {dagbag.py:541} INFO - Filling up the DagBag from /home/airflow/.local/lib/python3.7/site-packages/airflow/example_dags/example_branch_operator_decorator.py
[2023-06-04T00:34:58.945+0000] {processor.py:836} INFO - DAG(s) dict_keys(['example_branch_python_operator_decorator']) retrieved from /home/airflow/.local/lib/python3.7/site-packages/airflow/example_dags/example_branch_operator_decorator.py
[2023-06-04T00:34:58.979+0000] {logging_mixin.py:149} INFO - [2023-06-04T00:34:58.979+0000] {dag.py:2726} INFO - Sync 1 DAGs
[2023-06-04T00:34:59.013+0000] {logging_mixin.py:149} INFO - [2023-06-04T00:34:59.011+0000] {dag.py:3490} INFO - Setting next_dagrun for example_branch_python_operator_decorator to 2023-06-03T00:00:00+00:00, run_after=2023-06-04T00:00:00+00:00
[2023-06-04T00:34:59.039+0000] {processor.py:179} INFO - Processing /home/airflow/.local/lib/python3.7/site-packages/airflow/example_dags/example_branch_operator_decorator.py took 0.113 seconds
[2023-06-04T00:35:29.821+0000] {processor.py:157} INFO - Started process (PID=18747) to work on /home/airflow/.local/lib/python3.7/site-packages/airflow/example_dags/example_branch_operator_decorator.py
[2023-06-04T00:35:29.823+0000] {processor.py:826} INFO - Processing file /home/airflow/.local/lib/python3.7/site-packages/airflow/example_dags/example_branch_operator_decorator.py for tasks to queue
[2023-06-04T00:35:29.824+0000] {logging_mixin.py:149} INFO - [2023-06-04T00:35:29.824+0000] {dagbag.py:541} INFO - Filling up the DagBag from /home/airflow/.local/lib/python3.7/site-packages/airflow/example_dags/example_branch_operator_decorator.py
[2023-06-04T00:35:29.845+0000] {processor.py:836} INFO - DAG(s) dict_keys(['example_branch_python_operator_decorator']) retrieved from /home/airflow/.local/lib/python3.7/site-packages/airflow/example_dags/example_branch_operator_decorator.py
[2023-06-04T00:35:29.891+0000] {logging_mixin.py:149} INFO - [2023-06-04T00:35:29.890+0000] {dag.py:2726} INFO - Sync 1 DAGs
[2023-06-04T00:35:29.929+0000] {logging_mixin.py:149} INFO - [2023-06-04T00:35:29.929+0000] {dag.py:3490} INFO - Setting next_dagrun for example_branch_python_operator_decorator to 2023-06-03T00:00:00+00:00, run_after=2023-06-04T00:00:00+00:00
[2023-06-04T00:35:29.964+0000] {processor.py:179} INFO - Processing /home/airflow/.local/lib/python3.7/site-packages/airflow/example_dags/example_branch_operator_decorator.py took 0.149 seconds
[2023-06-04T00:36:00.341+0000] {processor.py:157} INFO - Started process (PID=18999) to work on /home/airflow/.local/lib/python3.7/site-packages/airflow/example_dags/example_branch_operator_decorator.py
[2023-06-04T00:36:00.343+0000] {processor.py:826} INFO - Processing file /home/airflow/.local/lib/python3.7/site-packages/airflow/example_dags/example_branch_operator_decorator.py for tasks to queue
[2023-06-04T00:36:00.345+0000] {logging_mixin.py:149} INFO - [2023-06-04T00:36:00.344+0000] {dagbag.py:541} INFO - Filling up the DagBag from /home/airflow/.local/lib/python3.7/site-packages/airflow/example_dags/example_branch_operator_decorator.py
[2023-06-04T00:36:00.357+0000] {processor.py:836} INFO - DAG(s) dict_keys(['example_branch_python_operator_decorator']) retrieved from /home/airflow/.local/lib/python3.7/site-packages/airflow/example_dags/example_branch_operator_decorator.py
[2023-06-04T00:36:00.396+0000] {logging_mixin.py:149} INFO - [2023-06-04T00:36:00.396+0000] {dag.py:2726} INFO - Sync 1 DAGs
[2023-06-04T00:36:00.457+0000] {logging_mixin.py:149} INFO - [2023-06-04T00:36:00.457+0000] {dag.py:3490} INFO - Setting next_dagrun for example_branch_python_operator_decorator to 2023-06-03T00:00:00+00:00, run_after=2023-06-04T00:00:00+00:00
[2023-06-04T00:36:00.495+0000] {processor.py:179} INFO - Processing /home/airflow/.local/lib/python3.7/site-packages/airflow/example_dags/example_branch_operator_decorator.py took 0.157 seconds
[2023-06-04T00:36:30.836+0000] {processor.py:157} INFO - Started process (PID=19251) to work on /home/airflow/.local/lib/python3.7/site-packages/airflow/example_dags/example_branch_operator_decorator.py
[2023-06-04T00:36:30.838+0000] {processor.py:826} INFO - Processing file /home/airflow/.local/lib/python3.7/site-packages/airflow/example_dags/example_branch_operator_decorator.py for tasks to queue
[2023-06-04T00:36:30.840+0000] {logging_mixin.py:149} INFO - [2023-06-04T00:36:30.839+0000] {dagbag.py:541} INFO - Filling up the DagBag from /home/airflow/.local/lib/python3.7/site-packages/airflow/example_dags/example_branch_operator_decorator.py
[2023-06-04T00:36:30.852+0000] {processor.py:836} INFO - DAG(s) dict_keys(['example_branch_python_operator_decorator']) retrieved from /home/airflow/.local/lib/python3.7/site-packages/airflow/example_dags/example_branch_operator_decorator.py
[2023-06-04T00:36:30.886+0000] {logging_mixin.py:149} INFO - [2023-06-04T00:36:30.886+0000] {dag.py:2726} INFO - Sync 1 DAGs
[2023-06-04T00:36:30.917+0000] {logging_mixin.py:149} INFO - [2023-06-04T00:36:30.917+0000] {dag.py:3490} INFO - Setting next_dagrun for example_branch_python_operator_decorator to 2023-06-03T00:00:00+00:00, run_after=2023-06-04T00:00:00+00:00
[2023-06-04T00:36:30.941+0000] {processor.py:179} INFO - Processing /home/airflow/.local/lib/python3.7/site-packages/airflow/example_dags/example_branch_operator_decorator.py took 0.109 seconds
[2023-06-04T00:37:02.253+0000] {processor.py:157} INFO - Started process (PID=19505) to work on /home/airflow/.local/lib/python3.7/site-packages/airflow/example_dags/example_branch_operator_decorator.py
[2023-06-04T00:37:02.254+0000] {processor.py:826} INFO - Processing file /home/airflow/.local/lib/python3.7/site-packages/airflow/example_dags/example_branch_operator_decorator.py for tasks to queue
[2023-06-04T00:37:02.256+0000] {logging_mixin.py:149} INFO - [2023-06-04T00:37:02.256+0000] {dagbag.py:541} INFO - Filling up the DagBag from /home/airflow/.local/lib/python3.7/site-packages/airflow/example_dags/example_branch_operator_decorator.py
[2023-06-04T00:37:02.269+0000] {processor.py:836} INFO - DAG(s) dict_keys(['example_branch_python_operator_decorator']) retrieved from /home/airflow/.local/lib/python3.7/site-packages/airflow/example_dags/example_branch_operator_decorator.py
[2023-06-04T00:37:02.306+0000] {logging_mixin.py:149} INFO - [2023-06-04T00:37:02.305+0000] {dag.py:2726} INFO - Sync 1 DAGs
[2023-06-04T00:37:02.339+0000] {logging_mixin.py:149} INFO - [2023-06-04T00:37:02.339+0000] {dag.py:3490} INFO - Setting next_dagrun for example_branch_python_operator_decorator to 2023-06-03T00:00:00+00:00, run_after=2023-06-04T00:00:00+00:00
[2023-06-04T00:37:02.362+0000] {processor.py:179} INFO - Processing /home/airflow/.local/lib/python3.7/site-packages/airflow/example_dags/example_branch_operator_decorator.py took 0.114 seconds
[2023-06-04T00:37:32.942+0000] {processor.py:157} INFO - Started process (PID=19755) to work on /home/airflow/.local/lib/python3.7/site-packages/airflow/example_dags/example_branch_operator_decorator.py
[2023-06-04T00:37:32.944+0000] {processor.py:826} INFO - Processing file /home/airflow/.local/lib/python3.7/site-packages/airflow/example_dags/example_branch_operator_decorator.py for tasks to queue
[2023-06-04T00:37:32.946+0000] {logging_mixin.py:149} INFO - [2023-06-04T00:37:32.946+0000] {dagbag.py:541} INFO - Filling up the DagBag from /home/airflow/.local/lib/python3.7/site-packages/airflow/example_dags/example_branch_operator_decorator.py
[2023-06-04T00:37:32.959+0000] {processor.py:836} INFO - DAG(s) dict_keys(['example_branch_python_operator_decorator']) retrieved from /home/airflow/.local/lib/python3.7/site-packages/airflow/example_dags/example_branch_operator_decorator.py
[2023-06-04T00:37:32.995+0000] {logging_mixin.py:149} INFO - [2023-06-04T00:37:32.994+0000] {dag.py:2726} INFO - Sync 1 DAGs
[2023-06-04T00:37:33.027+0000] {logging_mixin.py:149} INFO - [2023-06-04T00:37:33.027+0000] {dag.py:3490} INFO - Setting next_dagrun for example_branch_python_operator_decorator to 2023-06-03T00:00:00+00:00, run_after=2023-06-04T00:00:00+00:00
[2023-06-04T00:37:33.055+0000] {processor.py:179} INFO - Processing /home/airflow/.local/lib/python3.7/site-packages/airflow/example_dags/example_branch_operator_decorator.py took 0.116 seconds
[2023-06-04T00:38:03.684+0000] {processor.py:157} INFO - Started process (PID=20006) to work on /home/airflow/.local/lib/python3.7/site-packages/airflow/example_dags/example_branch_operator_decorator.py
[2023-06-04T00:38:03.685+0000] {processor.py:826} INFO - Processing file /home/airflow/.local/lib/python3.7/site-packages/airflow/example_dags/example_branch_operator_decorator.py for tasks to queue
[2023-06-04T00:38:03.687+0000] {logging_mixin.py:149} INFO - [2023-06-04T00:38:03.687+0000] {dagbag.py:541} INFO - Filling up the DagBag from /home/airflow/.local/lib/python3.7/site-packages/airflow/example_dags/example_branch_operator_decorator.py
[2023-06-04T00:38:03.699+0000] {processor.py:836} INFO - DAG(s) dict_keys(['example_branch_python_operator_decorator']) retrieved from /home/airflow/.local/lib/python3.7/site-packages/airflow/example_dags/example_branch_operator_decorator.py
[2023-06-04T00:38:03.734+0000] {logging_mixin.py:149} INFO - [2023-06-04T00:38:03.734+0000] {dag.py:2726} INFO - Sync 1 DAGs
[2023-06-04T00:38:03.766+0000] {logging_mixin.py:149} INFO - [2023-06-04T00:38:03.765+0000] {dag.py:3490} INFO - Setting next_dagrun for example_branch_python_operator_decorator to 2023-06-03T00:00:00+00:00, run_after=2023-06-04T00:00:00+00:00
[2023-06-04T00:38:03.798+0000] {processor.py:179} INFO - Processing /home/airflow/.local/lib/python3.7/site-packages/airflow/example_dags/example_branch_operator_decorator.py took 0.117 seconds
[2023-06-04T00:38:34.448+0000] {processor.py:157} INFO - Started process (PID=20257) to work on /home/airflow/.local/lib/python3.7/site-packages/airflow/example_dags/example_branch_operator_decorator.py
[2023-06-04T00:38:34.450+0000] {processor.py:826} INFO - Processing file /home/airflow/.local/lib/python3.7/site-packages/airflow/example_dags/example_branch_operator_decorator.py for tasks to queue
[2023-06-04T00:38:34.451+0000] {logging_mixin.py:149} INFO - [2023-06-04T00:38:34.451+0000] {dagbag.py:541} INFO - Filling up the DagBag from /home/airflow/.local/lib/python3.7/site-packages/airflow/example_dags/example_branch_operator_decorator.py
[2023-06-04T00:38:34.466+0000] {processor.py:836} INFO - DAG(s) dict_keys(['example_branch_python_operator_decorator']) retrieved from /home/airflow/.local/lib/python3.7/site-packages/airflow/example_dags/example_branch_operator_decorator.py
[2023-06-04T00:38:34.561+0000] {logging_mixin.py:149} INFO - [2023-06-04T00:38:34.560+0000] {dag.py:2726} INFO - Sync 1 DAGs
[2023-06-04T00:38:34.608+0000] {logging_mixin.py:149} INFO - [2023-06-04T00:38:34.608+0000] {dag.py:3490} INFO - Setting next_dagrun for example_branch_python_operator_decorator to 2023-06-03T00:00:00+00:00, run_after=2023-06-04T00:00:00+00:00
[2023-06-04T00:38:34.634+0000] {processor.py:179} INFO - Processing /home/airflow/.local/lib/python3.7/site-packages/airflow/example_dags/example_branch_operator_decorator.py took 0.190 seconds
[2023-06-04T00:39:05.278+0000] {processor.py:157} INFO - Started process (PID=20516) to work on /home/airflow/.local/lib/python3.7/site-packages/airflow/example_dags/example_branch_operator_decorator.py
[2023-06-04T00:39:05.279+0000] {processor.py:826} INFO - Processing file /home/airflow/.local/lib/python3.7/site-packages/airflow/example_dags/example_branch_operator_decorator.py for tasks to queue
[2023-06-04T00:39:05.281+0000] {logging_mixin.py:149} INFO - [2023-06-04T00:39:05.281+0000] {dagbag.py:541} INFO - Filling up the DagBag from /home/airflow/.local/lib/python3.7/site-packages/airflow/example_dags/example_branch_operator_decorator.py
[2023-06-04T00:39:05.296+0000] {processor.py:836} INFO - DAG(s) dict_keys(['example_branch_python_operator_decorator']) retrieved from /home/airflow/.local/lib/python3.7/site-packages/airflow/example_dags/example_branch_operator_decorator.py
[2023-06-04T00:39:05.329+0000] {logging_mixin.py:149} INFO - [2023-06-04T00:39:05.329+0000] {dag.py:2726} INFO - Sync 1 DAGs
[2023-06-04T00:39:05.361+0000] {logging_mixin.py:149} INFO - [2023-06-04T00:39:05.361+0000] {dag.py:3490} INFO - Setting next_dagrun for example_branch_python_operator_decorator to 2023-06-03T00:00:00+00:00, run_after=2023-06-04T00:00:00+00:00
[2023-06-04T00:39:05.388+0000] {processor.py:179} INFO - Processing /home/airflow/.local/lib/python3.7/site-packages/airflow/example_dags/example_branch_operator_decorator.py took 0.114 seconds
[2023-06-04T00:39:36.033+0000] {processor.py:157} INFO - Started process (PID=20770) to work on /home/airflow/.local/lib/python3.7/site-packages/airflow/example_dags/example_branch_operator_decorator.py
[2023-06-04T00:39:36.035+0000] {processor.py:826} INFO - Processing file /home/airflow/.local/lib/python3.7/site-packages/airflow/example_dags/example_branch_operator_decorator.py for tasks to queue
[2023-06-04T00:39:36.036+0000] {logging_mixin.py:149} INFO - [2023-06-04T00:39:36.036+0000] {dagbag.py:541} INFO - Filling up the DagBag from /home/airflow/.local/lib/python3.7/site-packages/airflow/example_dags/example_branch_operator_decorator.py
[2023-06-04T00:39:36.050+0000] {processor.py:836} INFO - DAG(s) dict_keys(['example_branch_python_operator_decorator']) retrieved from /home/airflow/.local/lib/python3.7/site-packages/airflow/example_dags/example_branch_operator_decorator.py
[2023-06-04T00:39:36.084+0000] {logging_mixin.py:149} INFO - [2023-06-04T00:39:36.084+0000] {dag.py:2726} INFO - Sync 1 DAGs
[2023-06-04T00:39:36.118+0000] {logging_mixin.py:149} INFO - [2023-06-04T00:39:36.117+0000] {dag.py:3490} INFO - Setting next_dagrun for example_branch_python_operator_decorator to 2023-06-03T00:00:00+00:00, run_after=2023-06-04T00:00:00+00:00
[2023-06-04T00:39:36.148+0000] {processor.py:179} INFO - Processing /home/airflow/.local/lib/python3.7/site-packages/airflow/example_dags/example_branch_operator_decorator.py took 0.121 seconds
[2023-06-04T00:40:07.425+0000] {processor.py:157} INFO - Started process (PID=21020) to work on /home/airflow/.local/lib/python3.7/site-packages/airflow/example_dags/example_branch_operator_decorator.py
[2023-06-04T00:40:07.426+0000] {processor.py:826} INFO - Processing file /home/airflow/.local/lib/python3.7/site-packages/airflow/example_dags/example_branch_operator_decorator.py for tasks to queue
[2023-06-04T00:40:07.428+0000] {logging_mixin.py:149} INFO - [2023-06-04T00:40:07.428+0000] {dagbag.py:541} INFO - Filling up the DagBag from /home/airflow/.local/lib/python3.7/site-packages/airflow/example_dags/example_branch_operator_decorator.py
[2023-06-04T00:40:07.440+0000] {processor.py:836} INFO - DAG(s) dict_keys(['example_branch_python_operator_decorator']) retrieved from /home/airflow/.local/lib/python3.7/site-packages/airflow/example_dags/example_branch_operator_decorator.py
[2023-06-04T00:40:07.474+0000] {logging_mixin.py:149} INFO - [2023-06-04T00:40:07.474+0000] {dag.py:2726} INFO - Sync 1 DAGs
[2023-06-04T00:40:07.510+0000] {logging_mixin.py:149} INFO - [2023-06-04T00:40:07.510+0000] {dag.py:3490} INFO - Setting next_dagrun for example_branch_python_operator_decorator to 2023-06-03T00:00:00+00:00, run_after=2023-06-04T00:00:00+00:00
[2023-06-04T00:40:07.537+0000] {processor.py:179} INFO - Processing /home/airflow/.local/lib/python3.7/site-packages/airflow/example_dags/example_branch_operator_decorator.py took 0.117 seconds
[2023-06-04T00:40:38.727+0000] {processor.py:157} INFO - Started process (PID=21274) to work on /home/airflow/.local/lib/python3.7/site-packages/airflow/example_dags/example_branch_operator_decorator.py
[2023-06-04T00:40:38.729+0000] {processor.py:826} INFO - Processing file /home/airflow/.local/lib/python3.7/site-packages/airflow/example_dags/example_branch_operator_decorator.py for tasks to queue
[2023-06-04T00:40:38.731+0000] {logging_mixin.py:149} INFO - [2023-06-04T00:40:38.730+0000] {dagbag.py:541} INFO - Filling up the DagBag from /home/airflow/.local/lib/python3.7/site-packages/airflow/example_dags/example_branch_operator_decorator.py
[2023-06-04T00:40:38.743+0000] {processor.py:836} INFO - DAG(s) dict_keys(['example_branch_python_operator_decorator']) retrieved from /home/airflow/.local/lib/python3.7/site-packages/airflow/example_dags/example_branch_operator_decorator.py
[2023-06-04T00:40:38.787+0000] {logging_mixin.py:149} INFO - [2023-06-04T00:40:38.787+0000] {dag.py:2726} INFO - Sync 1 DAGs
[2023-06-04T00:40:38.831+0000] {logging_mixin.py:149} INFO - [2023-06-04T00:40:38.831+0000] {dag.py:3490} INFO - Setting next_dagrun for example_branch_python_operator_decorator to 2023-06-03T00:00:00+00:00, run_after=2023-06-04T00:00:00+00:00
[2023-06-04T00:40:38.873+0000] {processor.py:179} INFO - Processing /home/airflow/.local/lib/python3.7/site-packages/airflow/example_dags/example_branch_operator_decorator.py took 0.149 seconds
[2023-06-04T00:41:11.162+0000] {processor.py:157} INFO - Started process (PID=21526) to work on /home/airflow/.local/lib/python3.7/site-packages/airflow/example_dags/example_branch_operator_decorator.py
[2023-06-04T00:41:11.164+0000] {processor.py:826} INFO - Processing file /home/airflow/.local/lib/python3.7/site-packages/airflow/example_dags/example_branch_operator_decorator.py for tasks to queue
[2023-06-04T00:41:11.166+0000] {logging_mixin.py:149} INFO - [2023-06-04T00:41:11.165+0000] {dagbag.py:541} INFO - Filling up the DagBag from /home/airflow/.local/lib/python3.7/site-packages/airflow/example_dags/example_branch_operator_decorator.py
[2023-06-04T00:41:11.182+0000] {processor.py:836} INFO - DAG(s) dict_keys(['example_branch_python_operator_decorator']) retrieved from /home/airflow/.local/lib/python3.7/site-packages/airflow/example_dags/example_branch_operator_decorator.py
[2023-06-04T00:41:11.233+0000] {logging_mixin.py:149} INFO - [2023-06-04T00:41:11.233+0000] {dag.py:2726} INFO - Sync 1 DAGs
[2023-06-04T00:41:11.270+0000] {logging_mixin.py:149} INFO - [2023-06-04T00:41:11.270+0000] {dag.py:3490} INFO - Setting next_dagrun for example_branch_python_operator_decorator to 2023-06-03T00:00:00+00:00, run_after=2023-06-04T00:00:00+00:00
[2023-06-04T00:41:11.304+0000] {processor.py:179} INFO - Processing /home/airflow/.local/lib/python3.7/site-packages/airflow/example_dags/example_branch_operator_decorator.py took 0.147 seconds
[2023-06-04T00:41:42.210+0000] {processor.py:157} INFO - Started process (PID=21778) to work on /home/airflow/.local/lib/python3.7/site-packages/airflow/example_dags/example_branch_operator_decorator.py
[2023-06-04T00:41:42.211+0000] {processor.py:826} INFO - Processing file /home/airflow/.local/lib/python3.7/site-packages/airflow/example_dags/example_branch_operator_decorator.py for tasks to queue
[2023-06-04T00:41:42.213+0000] {logging_mixin.py:149} INFO - [2023-06-04T00:41:42.213+0000] {dagbag.py:541} INFO - Filling up the DagBag from /home/airflow/.local/lib/python3.7/site-packages/airflow/example_dags/example_branch_operator_decorator.py
[2023-06-04T00:41:42.228+0000] {processor.py:836} INFO - DAG(s) dict_keys(['example_branch_python_operator_decorator']) retrieved from /home/airflow/.local/lib/python3.7/site-packages/airflow/example_dags/example_branch_operator_decorator.py
[2023-06-04T00:41:42.268+0000] {logging_mixin.py:149} INFO - [2023-06-04T00:41:42.267+0000] {dag.py:2726} INFO - Sync 1 DAGs
[2023-06-04T00:41:42.305+0000] {logging_mixin.py:149} INFO - [2023-06-04T00:41:42.305+0000] {dag.py:3490} INFO - Setting next_dagrun for example_branch_python_operator_decorator to 2023-06-03T00:00:00+00:00, run_after=2023-06-04T00:00:00+00:00
[2023-06-04T00:41:42.336+0000] {processor.py:179} INFO - Processing /home/airflow/.local/lib/python3.7/site-packages/airflow/example_dags/example_branch_operator_decorator.py took 0.130 seconds
[2023-06-04T00:42:12.974+0000] {processor.py:157} INFO - Started process (PID=22028) to work on /home/airflow/.local/lib/python3.7/site-packages/airflow/example_dags/example_branch_operator_decorator.py
[2023-06-04T00:42:12.976+0000] {processor.py:826} INFO - Processing file /home/airflow/.local/lib/python3.7/site-packages/airflow/example_dags/example_branch_operator_decorator.py for tasks to queue
[2023-06-04T00:42:12.977+0000] {logging_mixin.py:149} INFO - [2023-06-04T00:42:12.977+0000] {dagbag.py:541} INFO - Filling up the DagBag from /home/airflow/.local/lib/python3.7/site-packages/airflow/example_dags/example_branch_operator_decorator.py
[2023-06-04T00:42:12.991+0000] {processor.py:836} INFO - DAG(s) dict_keys(['example_branch_python_operator_decorator']) retrieved from /home/airflow/.local/lib/python3.7/site-packages/airflow/example_dags/example_branch_operator_decorator.py
[2023-06-04T00:42:13.024+0000] {logging_mixin.py:149} INFO - [2023-06-04T00:42:13.024+0000] {dag.py:2726} INFO - Sync 1 DAGs
[2023-06-04T00:42:13.056+0000] {logging_mixin.py:149} INFO - [2023-06-04T00:42:13.056+0000] {dag.py:3490} INFO - Setting next_dagrun for example_branch_python_operator_decorator to 2023-06-03T00:00:00+00:00, run_after=2023-06-04T00:00:00+00:00
[2023-06-04T00:42:13.087+0000] {processor.py:179} INFO - Processing /home/airflow/.local/lib/python3.7/site-packages/airflow/example_dags/example_branch_operator_decorator.py took 0.117 seconds
[2023-06-04T00:42:43.923+0000] {processor.py:157} INFO - Started process (PID=22282) to work on /home/airflow/.local/lib/python3.7/site-packages/airflow/example_dags/example_branch_operator_decorator.py
[2023-06-04T00:42:43.925+0000] {processor.py:826} INFO - Processing file /home/airflow/.local/lib/python3.7/site-packages/airflow/example_dags/example_branch_operator_decorator.py for tasks to queue
[2023-06-04T00:42:43.926+0000] {logging_mixin.py:149} INFO - [2023-06-04T00:42:43.926+0000] {dagbag.py:541} INFO - Filling up the DagBag from /home/airflow/.local/lib/python3.7/site-packages/airflow/example_dags/example_branch_operator_decorator.py
[2023-06-04T00:42:43.937+0000] {processor.py:836} INFO - DAG(s) dict_keys(['example_branch_python_operator_decorator']) retrieved from /home/airflow/.local/lib/python3.7/site-packages/airflow/example_dags/example_branch_operator_decorator.py
[2023-06-04T00:42:43.968+0000] {logging_mixin.py:149} INFO - [2023-06-04T00:42:43.968+0000] {dag.py:2726} INFO - Sync 1 DAGs
[2023-06-04T00:42:43.998+0000] {logging_mixin.py:149} INFO - [2023-06-04T00:42:43.998+0000] {dag.py:3490} INFO - Setting next_dagrun for example_branch_python_operator_decorator to 2023-06-03T00:00:00+00:00, run_after=2023-06-04T00:00:00+00:00
[2023-06-04T00:42:44.023+0000] {processor.py:179} INFO - Processing /home/airflow/.local/lib/python3.7/site-packages/airflow/example_dags/example_branch_operator_decorator.py took 0.103 seconds
[2023-06-04T00:43:14.502+0000] {processor.py:157} INFO - Started process (PID=22532) to work on /home/airflow/.local/lib/python3.7/site-packages/airflow/example_dags/example_branch_operator_decorator.py
[2023-06-04T00:43:14.504+0000] {processor.py:826} INFO - Processing file /home/airflow/.local/lib/python3.7/site-packages/airflow/example_dags/example_branch_operator_decorator.py for tasks to queue
[2023-06-04T00:43:14.505+0000] {logging_mixin.py:149} INFO - [2023-06-04T00:43:14.505+0000] {dagbag.py:541} INFO - Filling up the DagBag from /home/airflow/.local/lib/python3.7/site-packages/airflow/example_dags/example_branch_operator_decorator.py
[2023-06-04T00:43:14.519+0000] {processor.py:836} INFO - DAG(s) dict_keys(['example_branch_python_operator_decorator']) retrieved from /home/airflow/.local/lib/python3.7/site-packages/airflow/example_dags/example_branch_operator_decorator.py
[2023-06-04T00:43:14.552+0000] {logging_mixin.py:149} INFO - [2023-06-04T00:43:14.552+0000] {dag.py:2726} INFO - Sync 1 DAGs
[2023-06-04T00:43:14.584+0000] {logging_mixin.py:149} INFO - [2023-06-04T00:43:14.584+0000] {dag.py:3490} INFO - Setting next_dagrun for example_branch_python_operator_decorator to 2023-06-03T00:00:00+00:00, run_after=2023-06-04T00:00:00+00:00
[2023-06-04T00:43:14.612+0000] {processor.py:179} INFO - Processing /home/airflow/.local/lib/python3.7/site-packages/airflow/example_dags/example_branch_operator_decorator.py took 0.113 seconds
