[2023-06-04T00:34:28.790+0000] {processor.py:157} INFO - Started process (PID=18250) to work on /home/airflow/.local/lib/python3.7/site-packages/airflow/example_dags/example_nested_branch_dag.py
[2023-06-04T00:34:28.792+0000] {processor.py:826} INFO - Processing file /home/airflow/.local/lib/python3.7/site-packages/airflow/example_dags/example_nested_branch_dag.py for tasks to queue
[2023-06-04T00:34:28.793+0000] {logging_mixin.py:149} INFO - [2023-06-04T00:34:28.793+0000] {dagbag.py:541} INFO - Filling up the DagBag from /home/airflow/.local/lib/python3.7/site-packages/airflow/example_dags/example_nested_branch_dag.py
[2023-06-04T00:34:28.809+0000] {processor.py:836} INFO - DAG(s) dict_keys(['example_nested_branch_dag']) retrieved from /home/airflow/.local/lib/python3.7/site-packages/airflow/example_dags/example_nested_branch_dag.py
[2023-06-04T00:34:28.840+0000] {logging_mixin.py:149} INFO - [2023-06-04T00:34:28.839+0000] {dag.py:2726} INFO - Sync 1 DAGs
[2023-06-04T00:34:28.873+0000] {logging_mixin.py:149} INFO - [2023-06-04T00:34:28.873+0000] {dag.py:3490} INFO - Setting next_dagrun for example_nested_branch_dag to 2023-06-03T00:00:00+00:00, run_after=2023-06-04T00:00:00+00:00
[2023-06-04T00:34:28.901+0000] {processor.py:179} INFO - Processing /home/airflow/.local/lib/python3.7/site-packages/airflow/example_dags/example_nested_branch_dag.py took 0.115 seconds
[2023-06-04T00:34:59.103+0000] {processor.py:157} INFO - Started process (PID=18504) to work on /home/airflow/.local/lib/python3.7/site-packages/airflow/example_dags/example_nested_branch_dag.py
[2023-06-04T00:34:59.104+0000] {processor.py:826} INFO - Processing file /home/airflow/.local/lib/python3.7/site-packages/airflow/example_dags/example_nested_branch_dag.py for tasks to queue
[2023-06-04T00:34:59.106+0000] {logging_mixin.py:149} INFO - [2023-06-04T00:34:59.106+0000] {dagbag.py:541} INFO - Filling up the DagBag from /home/airflow/.local/lib/python3.7/site-packages/airflow/example_dags/example_nested_branch_dag.py
[2023-06-04T00:34:59.119+0000] {processor.py:836} INFO - DAG(s) dict_keys(['example_nested_branch_dag']) retrieved from /home/airflow/.local/lib/python3.7/site-packages/airflow/example_dags/example_nested_branch_dag.py
[2023-06-04T00:34:59.151+0000] {logging_mixin.py:149} INFO - [2023-06-04T00:34:59.150+0000] {dag.py:2726} INFO - Sync 1 DAGs
[2023-06-04T00:34:59.182+0000] {logging_mixin.py:149} INFO - [2023-06-04T00:34:59.182+0000] {dag.py:3490} INFO - Setting next_dagrun for example_nested_branch_dag to 2023-06-03T00:00:00+00:00, run_after=2023-06-04T00:00:00+00:00
[2023-06-04T00:34:59.211+0000] {processor.py:179} INFO - Processing /home/airflow/.local/lib/python3.7/site-packages/airflow/example_dags/example_nested_branch_dag.py took 0.112 seconds
[2023-06-04T00:35:30.237+0000] {processor.py:157} INFO - Started process (PID=18759) to work on /home/airflow/.local/lib/python3.7/site-packages/airflow/example_dags/example_nested_branch_dag.py
[2023-06-04T00:35:30.239+0000] {processor.py:826} INFO - Processing file /home/airflow/.local/lib/python3.7/site-packages/airflow/example_dags/example_nested_branch_dag.py for tasks to queue
[2023-06-04T00:35:30.241+0000] {logging_mixin.py:149} INFO - [2023-06-04T00:35:30.241+0000] {dagbag.py:541} INFO - Filling up the DagBag from /home/airflow/.local/lib/python3.7/site-packages/airflow/example_dags/example_nested_branch_dag.py
[2023-06-04T00:35:30.256+0000] {processor.py:836} INFO - DAG(s) dict_keys(['example_nested_branch_dag']) retrieved from /home/airflow/.local/lib/python3.7/site-packages/airflow/example_dags/example_nested_branch_dag.py
[2023-06-04T00:35:30.286+0000] {logging_mixin.py:149} INFO - [2023-06-04T00:35:30.286+0000] {dag.py:2726} INFO - Sync 1 DAGs
[2023-06-04T00:35:30.319+0000] {logging_mixin.py:149} INFO - [2023-06-04T00:35:30.319+0000] {dag.py:3490} INFO - Setting next_dagrun for example_nested_branch_dag to 2023-06-03T00:00:00+00:00, run_after=2023-06-04T00:00:00+00:00
[2023-06-04T00:35:30.354+0000] {processor.py:179} INFO - Processing /home/airflow/.local/lib/python3.7/site-packages/airflow/example_dags/example_nested_branch_dag.py took 0.123 seconds
[2023-06-04T00:36:00.539+0000] {processor.py:157} INFO - Started process (PID=19009) to work on /home/airflow/.local/lib/python3.7/site-packages/airflow/example_dags/example_nested_branch_dag.py
[2023-06-04T00:36:00.541+0000] {processor.py:826} INFO - Processing file /home/airflow/.local/lib/python3.7/site-packages/airflow/example_dags/example_nested_branch_dag.py for tasks to queue
[2023-06-04T00:36:00.543+0000] {logging_mixin.py:149} INFO - [2023-06-04T00:36:00.542+0000] {dagbag.py:541} INFO - Filling up the DagBag from /home/airflow/.local/lib/python3.7/site-packages/airflow/example_dags/example_nested_branch_dag.py
[2023-06-04T00:36:00.559+0000] {processor.py:836} INFO - DAG(s) dict_keys(['example_nested_branch_dag']) retrieved from /home/airflow/.local/lib/python3.7/site-packages/airflow/example_dags/example_nested_branch_dag.py
[2023-06-04T00:36:00.590+0000] {logging_mixin.py:149} INFO - [2023-06-04T00:36:00.590+0000] {dag.py:2726} INFO - Sync 1 DAGs
[2023-06-04T00:36:00.630+0000] {logging_mixin.py:149} INFO - [2023-06-04T00:36:00.630+0000] {dag.py:3490} INFO - Setting next_dagrun for example_nested_branch_dag to 2023-06-03T00:00:00+00:00, run_after=2023-06-04T00:00:00+00:00
[2023-06-04T00:36:00.660+0000] {processor.py:179} INFO - Processing /home/airflow/.local/lib/python3.7/site-packages/airflow/example_dags/example_nested_branch_dag.py took 0.125 seconds
[2023-06-04T00:36:31.160+0000] {processor.py:157} INFO - Started process (PID=19263) to work on /home/airflow/.local/lib/python3.7/site-packages/airflow/example_dags/example_nested_branch_dag.py
[2023-06-04T00:36:31.162+0000] {processor.py:826} INFO - Processing file /home/airflow/.local/lib/python3.7/site-packages/airflow/example_dags/example_nested_branch_dag.py for tasks to queue
[2023-06-04T00:36:31.163+0000] {logging_mixin.py:149} INFO - [2023-06-04T00:36:31.163+0000] {dagbag.py:541} INFO - Filling up the DagBag from /home/airflow/.local/lib/python3.7/site-packages/airflow/example_dags/example_nested_branch_dag.py
[2023-06-04T00:36:31.175+0000] {processor.py:836} INFO - DAG(s) dict_keys(['example_nested_branch_dag']) retrieved from /home/airflow/.local/lib/python3.7/site-packages/airflow/example_dags/example_nested_branch_dag.py
[2023-06-04T00:36:31.205+0000] {logging_mixin.py:149} INFO - [2023-06-04T00:36:31.205+0000] {dag.py:2726} INFO - Sync 1 DAGs
[2023-06-04T00:36:31.236+0000] {logging_mixin.py:149} INFO - [2023-06-04T00:36:31.236+0000] {dag.py:3490} INFO - Setting next_dagrun for example_nested_branch_dag to 2023-06-03T00:00:00+00:00, run_after=2023-06-04T00:00:00+00:00
[2023-06-04T00:36:31.264+0000] {processor.py:179} INFO - Processing /home/airflow/.local/lib/python3.7/site-packages/airflow/example_dags/example_nested_branch_dag.py took 0.108 seconds
[2023-06-04T00:37:02.589+0000] {processor.py:157} INFO - Started process (PID=19515) to work on /home/airflow/.local/lib/python3.7/site-packages/airflow/example_dags/example_nested_branch_dag.py
[2023-06-04T00:37:02.591+0000] {processor.py:826} INFO - Processing file /home/airflow/.local/lib/python3.7/site-packages/airflow/example_dags/example_nested_branch_dag.py for tasks to queue
[2023-06-04T00:37:02.592+0000] {logging_mixin.py:149} INFO - [2023-06-04T00:37:02.592+0000] {dagbag.py:541} INFO - Filling up the DagBag from /home/airflow/.local/lib/python3.7/site-packages/airflow/example_dags/example_nested_branch_dag.py
[2023-06-04T00:37:02.603+0000] {processor.py:836} INFO - DAG(s) dict_keys(['example_nested_branch_dag']) retrieved from /home/airflow/.local/lib/python3.7/site-packages/airflow/example_dags/example_nested_branch_dag.py
[2023-06-04T00:37:02.634+0000] {logging_mixin.py:149} INFO - [2023-06-04T00:37:02.634+0000] {dag.py:2726} INFO - Sync 1 DAGs
[2023-06-04T00:37:02.666+0000] {logging_mixin.py:149} INFO - [2023-06-04T00:37:02.666+0000] {dag.py:3490} INFO - Setting next_dagrun for example_nested_branch_dag to 2023-06-03T00:00:00+00:00, run_after=2023-06-04T00:00:00+00:00
[2023-06-04T00:37:02.696+0000] {processor.py:179} INFO - Processing /home/airflow/.local/lib/python3.7/site-packages/airflow/example_dags/example_nested_branch_dag.py took 0.110 seconds
[2023-06-04T00:37:33.099+0000] {processor.py:157} INFO - Started process (PID=19765) to work on /home/airflow/.local/lib/python3.7/site-packages/airflow/example_dags/example_nested_branch_dag.py
[2023-06-04T00:37:33.101+0000] {processor.py:826} INFO - Processing file /home/airflow/.local/lib/python3.7/site-packages/airflow/example_dags/example_nested_branch_dag.py for tasks to queue
[2023-06-04T00:37:33.102+0000] {logging_mixin.py:149} INFO - [2023-06-04T00:37:33.102+0000] {dagbag.py:541} INFO - Filling up the DagBag from /home/airflow/.local/lib/python3.7/site-packages/airflow/example_dags/example_nested_branch_dag.py
[2023-06-04T00:37:33.115+0000] {processor.py:836} INFO - DAG(s) dict_keys(['example_nested_branch_dag']) retrieved from /home/airflow/.local/lib/python3.7/site-packages/airflow/example_dags/example_nested_branch_dag.py
[2023-06-04T00:37:33.148+0000] {logging_mixin.py:149} INFO - [2023-06-04T00:37:33.147+0000] {dag.py:2726} INFO - Sync 1 DAGs
[2023-06-04T00:37:33.179+0000] {logging_mixin.py:149} INFO - [2023-06-04T00:37:33.179+0000] {dag.py:3490} INFO - Setting next_dagrun for example_nested_branch_dag to 2023-06-03T00:00:00+00:00, run_after=2023-06-04T00:00:00+00:00
[2023-06-04T00:37:33.207+0000] {processor.py:179} INFO - Processing /home/airflow/.local/lib/python3.7/site-packages/airflow/example_dags/example_nested_branch_dag.py took 0.112 seconds
[2023-06-04T00:38:03.848+0000] {processor.py:157} INFO - Started process (PID=20016) to work on /home/airflow/.local/lib/python3.7/site-packages/airflow/example_dags/example_nested_branch_dag.py
[2023-06-04T00:38:03.850+0000] {processor.py:826} INFO - Processing file /home/airflow/.local/lib/python3.7/site-packages/airflow/example_dags/example_nested_branch_dag.py for tasks to queue
[2023-06-04T00:38:03.851+0000] {logging_mixin.py:149} INFO - [2023-06-04T00:38:03.851+0000] {dagbag.py:541} INFO - Filling up the DagBag from /home/airflow/.local/lib/python3.7/site-packages/airflow/example_dags/example_nested_branch_dag.py
[2023-06-04T00:38:03.867+0000] {processor.py:836} INFO - DAG(s) dict_keys(['example_nested_branch_dag']) retrieved from /home/airflow/.local/lib/python3.7/site-packages/airflow/example_dags/example_nested_branch_dag.py
[2023-06-04T00:38:03.903+0000] {logging_mixin.py:149} INFO - [2023-06-04T00:38:03.903+0000] {dag.py:2726} INFO - Sync 1 DAGs
[2023-06-04T00:38:03.936+0000] {logging_mixin.py:149} INFO - [2023-06-04T00:38:03.936+0000] {dag.py:3490} INFO - Setting next_dagrun for example_nested_branch_dag to 2023-06-03T00:00:00+00:00, run_after=2023-06-04T00:00:00+00:00
[2023-06-04T00:38:03.966+0000] {processor.py:179} INFO - Processing /home/airflow/.local/lib/python3.7/site-packages/airflow/example_dags/example_nested_branch_dag.py took 0.122 seconds
[2023-06-04T00:38:34.674+0000] {processor.py:157} INFO - Started process (PID=20274) to work on /home/airflow/.local/lib/python3.7/site-packages/airflow/example_dags/example_nested_branch_dag.py
[2023-06-04T00:38:34.675+0000] {processor.py:826} INFO - Processing file /home/airflow/.local/lib/python3.7/site-packages/airflow/example_dags/example_nested_branch_dag.py for tasks to queue
[2023-06-04T00:38:34.677+0000] {logging_mixin.py:149} INFO - [2023-06-04T00:38:34.676+0000] {dagbag.py:541} INFO - Filling up the DagBag from /home/airflow/.local/lib/python3.7/site-packages/airflow/example_dags/example_nested_branch_dag.py
[2023-06-04T00:38:34.689+0000] {processor.py:836} INFO - DAG(s) dict_keys(['example_nested_branch_dag']) retrieved from /home/airflow/.local/lib/python3.7/site-packages/airflow/example_dags/example_nested_branch_dag.py
[2023-06-04T00:38:34.720+0000] {logging_mixin.py:149} INFO - [2023-06-04T00:38:34.720+0000] {dag.py:2726} INFO - Sync 1 DAGs
[2023-06-04T00:38:34.751+0000] {logging_mixin.py:149} INFO - [2023-06-04T00:38:34.751+0000] {dag.py:3490} INFO - Setting next_dagrun for example_nested_branch_dag to 2023-06-03T00:00:00+00:00, run_after=2023-06-04T00:00:00+00:00
[2023-06-04T00:38:34.779+0000] {processor.py:179} INFO - Processing /home/airflow/.local/lib/python3.7/site-packages/airflow/example_dags/example_nested_branch_dag.py took 0.108 seconds
[2023-06-04T00:39:05.432+0000] {processor.py:157} INFO - Started process (PID=20526) to work on /home/airflow/.local/lib/python3.7/site-packages/airflow/example_dags/example_nested_branch_dag.py
[2023-06-04T00:39:05.433+0000] {processor.py:826} INFO - Processing file /home/airflow/.local/lib/python3.7/site-packages/airflow/example_dags/example_nested_branch_dag.py for tasks to queue
[2023-06-04T00:39:05.435+0000] {logging_mixin.py:149} INFO - [2023-06-04T00:39:05.435+0000] {dagbag.py:541} INFO - Filling up the DagBag from /home/airflow/.local/lib/python3.7/site-packages/airflow/example_dags/example_nested_branch_dag.py
[2023-06-04T00:39:05.447+0000] {processor.py:836} INFO - DAG(s) dict_keys(['example_nested_branch_dag']) retrieved from /home/airflow/.local/lib/python3.7/site-packages/airflow/example_dags/example_nested_branch_dag.py
[2023-06-04T00:39:05.481+0000] {logging_mixin.py:149} INFO - [2023-06-04T00:39:05.480+0000] {dag.py:2726} INFO - Sync 1 DAGs
[2023-06-04T00:39:05.513+0000] {logging_mixin.py:149} INFO - [2023-06-04T00:39:05.513+0000] {dag.py:3490} INFO - Setting next_dagrun for example_nested_branch_dag to 2023-06-03T00:00:00+00:00, run_after=2023-06-04T00:00:00+00:00
[2023-06-04T00:39:05.537+0000] {processor.py:179} INFO - Processing /home/airflow/.local/lib/python3.7/site-packages/airflow/example_dags/example_nested_branch_dag.py took 0.109 seconds
