[2023-06-04T00:34:25.250+0000] {processor.py:157} INFO - Started process (PID=18064) to work on /home/airflow/.local/lib/python3.7/site-packages/airflow/example_dags/example_complex.py
[2023-06-04T00:34:25.252+0000] {processor.py:826} INFO - Processing file /home/airflow/.local/lib/python3.7/site-packages/airflow/example_dags/example_complex.py for tasks to queue
[2023-06-04T00:34:25.254+0000] {logging_mixin.py:149} INFO - [2023-06-04T00:34:25.253+0000] {dagbag.py:541} INFO - Filling up the DagBag from /home/airflow/.local/lib/python3.7/site-packages/airflow/example_dags/example_complex.py
[2023-06-04T00:34:25.271+0000] {logging_mixin.py:149} INFO - [2023-06-04T00:34:25.271+0000] {taskmixin.py:211} WARNING - Dependency <Task(BashOperator): create_entry_group>, delete_entry_group already registered for DAG: example_complex
[2023-06-04T00:34:25.272+0000] {logging_mixin.py:149} INFO - [2023-06-04T00:34:25.272+0000] {taskmixin.py:211} WARNING - Dependency <Task(BashOperator): delete_entry_group>, create_entry_group already registered for DAG: example_complex
[2023-06-04T00:34:25.274+0000] {logging_mixin.py:149} INFO - [2023-06-04T00:34:25.274+0000] {taskmixin.py:211} WARNING - Dependency <Task(BashOperator): create_entry_gcs>, delete_entry already registered for DAG: example_complex
[2023-06-04T00:34:25.275+0000] {logging_mixin.py:149} INFO - [2023-06-04T00:34:25.275+0000] {taskmixin.py:211} WARNING - Dependency <Task(BashOperator): delete_entry>, create_entry_gcs already registered for DAG: example_complex
[2023-06-04T00:34:25.277+0000] {logging_mixin.py:149} INFO - [2023-06-04T00:34:25.277+0000] {taskmixin.py:211} WARNING - Dependency <Task(BashOperator): create_tag>, delete_tag already registered for DAG: example_complex
[2023-06-04T00:34:25.278+0000] {logging_mixin.py:149} INFO - [2023-06-04T00:34:25.278+0000] {taskmixin.py:211} WARNING - Dependency <Task(BashOperator): delete_tag>, create_tag already registered for DAG: example_complex
[2023-06-04T00:34:25.282+0000] {processor.py:836} INFO - DAG(s) dict_keys(['example_complex']) retrieved from /home/airflow/.local/lib/python3.7/site-packages/airflow/example_dags/example_complex.py
[2023-06-04T00:34:25.340+0000] {logging_mixin.py:149} INFO - [2023-06-04T00:34:25.339+0000] {dag.py:2726} INFO - Sync 1 DAGs
[2023-06-04T00:34:25.385+0000] {logging_mixin.py:149} INFO - [2023-06-04T00:34:25.384+0000] {dag.py:3490} INFO - Setting next_dagrun for example_complex to None, run_after=None
[2023-06-04T00:34:25.414+0000] {processor.py:179} INFO - Processing /home/airflow/.local/lib/python3.7/site-packages/airflow/example_dags/example_complex.py took 0.170 seconds
[2023-06-04T00:34:55.774+0000] {processor.py:157} INFO - Started process (PID=18349) to work on /home/airflow/.local/lib/python3.7/site-packages/airflow/example_dags/example_complex.py
[2023-06-04T00:34:55.776+0000] {processor.py:826} INFO - Processing file /home/airflow/.local/lib/python3.7/site-packages/airflow/example_dags/example_complex.py for tasks to queue
[2023-06-04T00:34:55.777+0000] {logging_mixin.py:149} INFO - [2023-06-04T00:34:55.777+0000] {dagbag.py:541} INFO - Filling up the DagBag from /home/airflow/.local/lib/python3.7/site-packages/airflow/example_dags/example_complex.py
[2023-06-04T00:34:55.792+0000] {logging_mixin.py:149} INFO - [2023-06-04T00:34:55.792+0000] {taskmixin.py:211} WARNING - Dependency <Task(BashOperator): create_entry_group>, delete_entry_group already registered for DAG: example_complex
[2023-06-04T00:34:55.793+0000] {logging_mixin.py:149} INFO - [2023-06-04T00:34:55.793+0000] {taskmixin.py:211} WARNING - Dependency <Task(BashOperator): delete_entry_group>, create_entry_group already registered for DAG: example_complex
[2023-06-04T00:34:55.795+0000] {logging_mixin.py:149} INFO - [2023-06-04T00:34:55.794+0000] {taskmixin.py:211} WARNING - Dependency <Task(BashOperator): create_entry_gcs>, delete_entry already registered for DAG: example_complex
[2023-06-04T00:34:55.796+0000] {logging_mixin.py:149} INFO - [2023-06-04T00:34:55.795+0000] {taskmixin.py:211} WARNING - Dependency <Task(BashOperator): delete_entry>, create_entry_gcs already registered for DAG: example_complex
[2023-06-04T00:34:55.797+0000] {logging_mixin.py:149} INFO - [2023-06-04T00:34:55.797+0000] {taskmixin.py:211} WARNING - Dependency <Task(BashOperator): create_tag>, delete_tag already registered for DAG: example_complex
[2023-06-04T00:34:55.798+0000] {logging_mixin.py:149} INFO - [2023-06-04T00:34:55.797+0000] {taskmixin.py:211} WARNING - Dependency <Task(BashOperator): delete_tag>, create_tag already registered for DAG: example_complex
[2023-06-04T00:34:55.800+0000] {processor.py:836} INFO - DAG(s) dict_keys(['example_complex']) retrieved from /home/airflow/.local/lib/python3.7/site-packages/airflow/example_dags/example_complex.py
[2023-06-04T00:34:55.843+0000] {logging_mixin.py:149} INFO - [2023-06-04T00:34:55.842+0000] {dag.py:2726} INFO - Sync 1 DAGs
[2023-06-04T00:34:55.872+0000] {logging_mixin.py:149} INFO - [2023-06-04T00:34:55.872+0000] {dag.py:3490} INFO - Setting next_dagrun for example_complex to None, run_after=None
[2023-06-04T00:34:55.900+0000] {processor.py:179} INFO - Processing /home/airflow/.local/lib/python3.7/site-packages/airflow/example_dags/example_complex.py took 0.130 seconds
[2023-06-04T00:35:26.127+0000] {processor.py:157} INFO - Started process (PID=18602) to work on /home/airflow/.local/lib/python3.7/site-packages/airflow/example_dags/example_complex.py
[2023-06-04T00:35:26.129+0000] {processor.py:826} INFO - Processing file /home/airflow/.local/lib/python3.7/site-packages/airflow/example_dags/example_complex.py for tasks to queue
[2023-06-04T00:35:26.131+0000] {logging_mixin.py:149} INFO - [2023-06-04T00:35:26.131+0000] {dagbag.py:541} INFO - Filling up the DagBag from /home/airflow/.local/lib/python3.7/site-packages/airflow/example_dags/example_complex.py
[2023-06-04T00:35:26.144+0000] {logging_mixin.py:149} INFO - [2023-06-04T00:35:26.144+0000] {taskmixin.py:211} WARNING - Dependency <Task(BashOperator): create_entry_group>, delete_entry_group already registered for DAG: example_complex
[2023-06-04T00:35:26.146+0000] {logging_mixin.py:149} INFO - [2023-06-04T00:35:26.145+0000] {taskmixin.py:211} WARNING - Dependency <Task(BashOperator): delete_entry_group>, create_entry_group already registered for DAG: example_complex
[2023-06-04T00:35:26.147+0000] {logging_mixin.py:149} INFO - [2023-06-04T00:35:26.147+0000] {taskmixin.py:211} WARNING - Dependency <Task(BashOperator): create_entry_gcs>, delete_entry already registered for DAG: example_complex
[2023-06-04T00:35:26.148+0000] {logging_mixin.py:149} INFO - [2023-06-04T00:35:26.148+0000] {taskmixin.py:211} WARNING - Dependency <Task(BashOperator): delete_entry>, create_entry_gcs already registered for DAG: example_complex
[2023-06-04T00:35:26.149+0000] {logging_mixin.py:149} INFO - [2023-06-04T00:35:26.149+0000] {taskmixin.py:211} WARNING - Dependency <Task(BashOperator): create_tag>, delete_tag already registered for DAG: example_complex
[2023-06-04T00:35:26.150+0000] {logging_mixin.py:149} INFO - [2023-06-04T00:35:26.150+0000] {taskmixin.py:211} WARNING - Dependency <Task(BashOperator): delete_tag>, create_tag already registered for DAG: example_complex
[2023-06-04T00:35:26.153+0000] {processor.py:836} INFO - DAG(s) dict_keys(['example_complex']) retrieved from /home/airflow/.local/lib/python3.7/site-packages/airflow/example_dags/example_complex.py
[2023-06-04T00:35:26.199+0000] {logging_mixin.py:149} INFO - [2023-06-04T00:35:26.199+0000] {dag.py:2726} INFO - Sync 1 DAGs
[2023-06-04T00:35:26.231+0000] {logging_mixin.py:149} INFO - [2023-06-04T00:35:26.231+0000] {dag.py:3490} INFO - Setting next_dagrun for example_complex to None, run_after=None
[2023-06-04T00:35:26.262+0000] {processor.py:179} INFO - Processing /home/airflow/.local/lib/python3.7/site-packages/airflow/example_dags/example_complex.py took 0.138 seconds
[2023-06-04T00:35:56.495+0000] {processor.py:157} INFO - Started process (PID=18849) to work on /home/airflow/.local/lib/python3.7/site-packages/airflow/example_dags/example_complex.py
[2023-06-04T00:35:56.499+0000] {processor.py:826} INFO - Processing file /home/airflow/.local/lib/python3.7/site-packages/airflow/example_dags/example_complex.py for tasks to queue
[2023-06-04T00:35:56.501+0000] {logging_mixin.py:149} INFO - [2023-06-04T00:35:56.501+0000] {dagbag.py:541} INFO - Filling up the DagBag from /home/airflow/.local/lib/python3.7/site-packages/airflow/example_dags/example_complex.py
[2023-06-04T00:35:56.522+0000] {logging_mixin.py:149} INFO - [2023-06-04T00:35:56.522+0000] {taskmixin.py:211} WARNING - Dependency <Task(BashOperator): create_entry_group>, delete_entry_group already registered for DAG: example_complex
[2023-06-04T00:35:56.523+0000] {logging_mixin.py:149} INFO - [2023-06-04T00:35:56.523+0000] {taskmixin.py:211} WARNING - Dependency <Task(BashOperator): delete_entry_group>, create_entry_group already registered for DAG: example_complex
[2023-06-04T00:35:56.524+0000] {logging_mixin.py:149} INFO - [2023-06-04T00:35:56.524+0000] {taskmixin.py:211} WARNING - Dependency <Task(BashOperator): create_entry_gcs>, delete_entry already registered for DAG: example_complex
[2023-06-04T00:35:56.525+0000] {logging_mixin.py:149} INFO - [2023-06-04T00:35:56.525+0000] {taskmixin.py:211} WARNING - Dependency <Task(BashOperator): delete_entry>, create_entry_gcs already registered for DAG: example_complex
[2023-06-04T00:35:56.527+0000] {logging_mixin.py:149} INFO - [2023-06-04T00:35:56.526+0000] {taskmixin.py:211} WARNING - Dependency <Task(BashOperator): create_tag>, delete_tag already registered for DAG: example_complex
[2023-06-04T00:35:56.527+0000] {logging_mixin.py:149} INFO - [2023-06-04T00:35:56.527+0000] {taskmixin.py:211} WARNING - Dependency <Task(BashOperator): delete_tag>, create_tag already registered for DAG: example_complex
[2023-06-04T00:35:56.530+0000] {processor.py:836} INFO - DAG(s) dict_keys(['example_complex']) retrieved from /home/airflow/.local/lib/python3.7/site-packages/airflow/example_dags/example_complex.py
[2023-06-04T00:35:56.574+0000] {logging_mixin.py:149} INFO - [2023-06-04T00:35:56.573+0000] {dag.py:2726} INFO - Sync 1 DAGs
[2023-06-04T00:35:56.607+0000] {logging_mixin.py:149} INFO - [2023-06-04T00:35:56.606+0000] {dag.py:3490} INFO - Setting next_dagrun for example_complex to None, run_after=None
[2023-06-04T00:35:56.635+0000] {processor.py:179} INFO - Processing /home/airflow/.local/lib/python3.7/site-packages/airflow/example_dags/example_complex.py took 0.155 seconds
[2023-06-04T00:36:26.693+0000] {processor.py:157} INFO - Started process (PID=19101) to work on /home/airflow/.local/lib/python3.7/site-packages/airflow/example_dags/example_complex.py
[2023-06-04T00:36:26.694+0000] {processor.py:826} INFO - Processing file /home/airflow/.local/lib/python3.7/site-packages/airflow/example_dags/example_complex.py for tasks to queue
[2023-06-04T00:36:26.696+0000] {logging_mixin.py:149} INFO - [2023-06-04T00:36:26.696+0000] {dagbag.py:541} INFO - Filling up the DagBag from /home/airflow/.local/lib/python3.7/site-packages/airflow/example_dags/example_complex.py
[2023-06-04T00:36:26.709+0000] {logging_mixin.py:149} INFO - [2023-06-04T00:36:26.709+0000] {taskmixin.py:211} WARNING - Dependency <Task(BashOperator): create_entry_group>, delete_entry_group already registered for DAG: example_complex
[2023-06-04T00:36:26.710+0000] {logging_mixin.py:149} INFO - [2023-06-04T00:36:26.710+0000] {taskmixin.py:211} WARNING - Dependency <Task(BashOperator): delete_entry_group>, create_entry_group already registered for DAG: example_complex
[2023-06-04T00:36:26.711+0000] {logging_mixin.py:149} INFO - [2023-06-04T00:36:26.711+0000] {taskmixin.py:211} WARNING - Dependency <Task(BashOperator): create_entry_gcs>, delete_entry already registered for DAG: example_complex
[2023-06-04T00:36:26.712+0000] {logging_mixin.py:149} INFO - [2023-06-04T00:36:26.712+0000] {taskmixin.py:211} WARNING - Dependency <Task(BashOperator): delete_entry>, create_entry_gcs already registered for DAG: example_complex
[2023-06-04T00:36:26.714+0000] {logging_mixin.py:149} INFO - [2023-06-04T00:36:26.714+0000] {taskmixin.py:211} WARNING - Dependency <Task(BashOperator): create_tag>, delete_tag already registered for DAG: example_complex
[2023-06-04T00:36:26.715+0000] {logging_mixin.py:149} INFO - [2023-06-04T00:36:26.715+0000] {taskmixin.py:211} WARNING - Dependency <Task(BashOperator): delete_tag>, create_tag already registered for DAG: example_complex
[2023-06-04T00:36:26.718+0000] {processor.py:836} INFO - DAG(s) dict_keys(['example_complex']) retrieved from /home/airflow/.local/lib/python3.7/site-packages/airflow/example_dags/example_complex.py
[2023-06-04T00:36:26.760+0000] {logging_mixin.py:149} INFO - [2023-06-04T00:36:26.759+0000] {dag.py:2726} INFO - Sync 1 DAGs
[2023-06-04T00:36:26.788+0000] {logging_mixin.py:149} INFO - [2023-06-04T00:36:26.788+0000] {dag.py:3490} INFO - Setting next_dagrun for example_complex to None, run_after=None
[2023-06-04T00:36:26.812+0000] {processor.py:179} INFO - Processing /home/airflow/.local/lib/python3.7/site-packages/airflow/example_dags/example_complex.py took 0.123 seconds
[2023-06-04T00:36:57.054+0000] {processor.py:157} INFO - Started process (PID=19353) to work on /home/airflow/.local/lib/python3.7/site-packages/airflow/example_dags/example_complex.py
[2023-06-04T00:36:57.055+0000] {processor.py:826} INFO - Processing file /home/airflow/.local/lib/python3.7/site-packages/airflow/example_dags/example_complex.py for tasks to queue
[2023-06-04T00:36:57.057+0000] {logging_mixin.py:149} INFO - [2023-06-04T00:36:57.057+0000] {dagbag.py:541} INFO - Filling up the DagBag from /home/airflow/.local/lib/python3.7/site-packages/airflow/example_dags/example_complex.py
[2023-06-04T00:36:57.070+0000] {logging_mixin.py:149} INFO - [2023-06-04T00:36:57.070+0000] {taskmixin.py:211} WARNING - Dependency <Task(BashOperator): create_entry_group>, delete_entry_group already registered for DAG: example_complex
[2023-06-04T00:36:57.071+0000] {logging_mixin.py:149} INFO - [2023-06-04T00:36:57.071+0000] {taskmixin.py:211} WARNING - Dependency <Task(BashOperator): delete_entry_group>, create_entry_group already registered for DAG: example_complex
[2023-06-04T00:36:57.072+0000] {logging_mixin.py:149} INFO - [2023-06-04T00:36:57.072+0000] {taskmixin.py:211} WARNING - Dependency <Task(BashOperator): create_entry_gcs>, delete_entry already registered for DAG: example_complex
[2023-06-04T00:36:57.073+0000] {logging_mixin.py:149} INFO - [2023-06-04T00:36:57.073+0000] {taskmixin.py:211} WARNING - Dependency <Task(BashOperator): delete_entry>, create_entry_gcs already registered for DAG: example_complex
[2023-06-04T00:36:57.074+0000] {logging_mixin.py:149} INFO - [2023-06-04T00:36:57.074+0000] {taskmixin.py:211} WARNING - Dependency <Task(BashOperator): create_tag>, delete_tag already registered for DAG: example_complex
[2023-06-04T00:36:57.075+0000] {logging_mixin.py:149} INFO - [2023-06-04T00:36:57.075+0000] {taskmixin.py:211} WARNING - Dependency <Task(BashOperator): delete_tag>, create_tag already registered for DAG: example_complex
[2023-06-04T00:36:57.078+0000] {processor.py:836} INFO - DAG(s) dict_keys(['example_complex']) retrieved from /home/airflow/.local/lib/python3.7/site-packages/airflow/example_dags/example_complex.py
[2023-06-04T00:36:57.119+0000] {logging_mixin.py:149} INFO - [2023-06-04T00:36:57.119+0000] {dag.py:2726} INFO - Sync 1 DAGs
[2023-06-04T00:36:57.149+0000] {logging_mixin.py:149} INFO - [2023-06-04T00:36:57.149+0000] {dag.py:3490} INFO - Setting next_dagrun for example_complex to None, run_after=None
[2023-06-04T00:36:57.178+0000] {processor.py:179} INFO - Processing /home/airflow/.local/lib/python3.7/site-packages/airflow/example_dags/example_complex.py took 0.128 seconds
[2023-06-04T00:37:27.430+0000] {processor.py:157} INFO - Started process (PID=19605) to work on /home/airflow/.local/lib/python3.7/site-packages/airflow/example_dags/example_complex.py
[2023-06-04T00:37:27.432+0000] {processor.py:826} INFO - Processing file /home/airflow/.local/lib/python3.7/site-packages/airflow/example_dags/example_complex.py for tasks to queue
[2023-06-04T00:37:27.434+0000] {logging_mixin.py:149} INFO - [2023-06-04T00:37:27.434+0000] {dagbag.py:541} INFO - Filling up the DagBag from /home/airflow/.local/lib/python3.7/site-packages/airflow/example_dags/example_complex.py
[2023-06-04T00:37:27.448+0000] {logging_mixin.py:149} INFO - [2023-06-04T00:37:27.447+0000] {taskmixin.py:211} WARNING - Dependency <Task(BashOperator): create_entry_group>, delete_entry_group already registered for DAG: example_complex
[2023-06-04T00:37:27.449+0000] {logging_mixin.py:149} INFO - [2023-06-04T00:37:27.449+0000] {taskmixin.py:211} WARNING - Dependency <Task(BashOperator): delete_entry_group>, create_entry_group already registered for DAG: example_complex
[2023-06-04T00:37:27.450+0000] {logging_mixin.py:149} INFO - [2023-06-04T00:37:27.450+0000] {taskmixin.py:211} WARNING - Dependency <Task(BashOperator): create_entry_gcs>, delete_entry already registered for DAG: example_complex
[2023-06-04T00:37:27.451+0000] {logging_mixin.py:149} INFO - [2023-06-04T00:37:27.451+0000] {taskmixin.py:211} WARNING - Dependency <Task(BashOperator): delete_entry>, create_entry_gcs already registered for DAG: example_complex
[2023-06-04T00:37:27.453+0000] {logging_mixin.py:149} INFO - [2023-06-04T00:37:27.453+0000] {taskmixin.py:211} WARNING - Dependency <Task(BashOperator): create_tag>, delete_tag already registered for DAG: example_complex
[2023-06-04T00:37:27.454+0000] {logging_mixin.py:149} INFO - [2023-06-04T00:37:27.454+0000] {taskmixin.py:211} WARNING - Dependency <Task(BashOperator): delete_tag>, create_tag already registered for DAG: example_complex
[2023-06-04T00:37:27.457+0000] {processor.py:836} INFO - DAG(s) dict_keys(['example_complex']) retrieved from /home/airflow/.local/lib/python3.7/site-packages/airflow/example_dags/example_complex.py
[2023-06-04T00:37:27.502+0000] {logging_mixin.py:149} INFO - [2023-06-04T00:37:27.502+0000] {dag.py:2726} INFO - Sync 1 DAGs
[2023-06-04T00:37:27.535+0000] {logging_mixin.py:149} INFO - [2023-06-04T00:37:27.535+0000] {dag.py:3490} INFO - Setting next_dagrun for example_complex to None, run_after=None
[2023-06-04T00:37:27.564+0000] {processor.py:179} INFO - Processing /home/airflow/.local/lib/python3.7/site-packages/airflow/example_dags/example_complex.py took 0.138 seconds
[2023-06-04T00:37:58.011+0000] {processor.py:157} INFO - Started process (PID=19858) to work on /home/airflow/.local/lib/python3.7/site-packages/airflow/example_dags/example_complex.py
[2023-06-04T00:37:58.013+0000] {processor.py:826} INFO - Processing file /home/airflow/.local/lib/python3.7/site-packages/airflow/example_dags/example_complex.py for tasks to queue
[2023-06-04T00:37:58.015+0000] {logging_mixin.py:149} INFO - [2023-06-04T00:37:58.015+0000] {dagbag.py:541} INFO - Filling up the DagBag from /home/airflow/.local/lib/python3.7/site-packages/airflow/example_dags/example_complex.py
[2023-06-04T00:37:58.032+0000] {logging_mixin.py:149} INFO - [2023-06-04T00:37:58.032+0000] {taskmixin.py:211} WARNING - Dependency <Task(BashOperator): create_entry_group>, delete_entry_group already registered for DAG: example_complex
[2023-06-04T00:37:58.033+0000] {logging_mixin.py:149} INFO - [2023-06-04T00:37:58.033+0000] {taskmixin.py:211} WARNING - Dependency <Task(BashOperator): delete_entry_group>, create_entry_group already registered for DAG: example_complex
[2023-06-04T00:37:58.034+0000] {logging_mixin.py:149} INFO - [2023-06-04T00:37:58.034+0000] {taskmixin.py:211} WARNING - Dependency <Task(BashOperator): create_entry_gcs>, delete_entry already registered for DAG: example_complex
[2023-06-04T00:37:58.035+0000] {logging_mixin.py:149} INFO - [2023-06-04T00:37:58.035+0000] {taskmixin.py:211} WARNING - Dependency <Task(BashOperator): delete_entry>, create_entry_gcs already registered for DAG: example_complex
[2023-06-04T00:37:58.037+0000] {logging_mixin.py:149} INFO - [2023-06-04T00:37:58.037+0000] {taskmixin.py:211} WARNING - Dependency <Task(BashOperator): create_tag>, delete_tag already registered for DAG: example_complex
[2023-06-04T00:37:58.038+0000] {logging_mixin.py:149} INFO - [2023-06-04T00:37:58.038+0000] {taskmixin.py:211} WARNING - Dependency <Task(BashOperator): delete_tag>, create_tag already registered for DAG: example_complex
[2023-06-04T00:37:58.040+0000] {processor.py:836} INFO - DAG(s) dict_keys(['example_complex']) retrieved from /home/airflow/.local/lib/python3.7/site-packages/airflow/example_dags/example_complex.py
[2023-06-04T00:37:58.082+0000] {logging_mixin.py:149} INFO - [2023-06-04T00:37:58.081+0000] {dag.py:2726} INFO - Sync 1 DAGs
[2023-06-04T00:37:58.112+0000] {logging_mixin.py:149} INFO - [2023-06-04T00:37:58.112+0000] {dag.py:3490} INFO - Setting next_dagrun for example_complex to None, run_after=None
[2023-06-04T00:37:58.139+0000] {processor.py:179} INFO - Processing /home/airflow/.local/lib/python3.7/site-packages/airflow/example_dags/example_complex.py took 0.132 seconds
[2023-06-04T00:38:28.653+0000] {processor.py:157} INFO - Started process (PID=20107) to work on /home/airflow/.local/lib/python3.7/site-packages/airflow/example_dags/example_complex.py
[2023-06-04T00:38:28.655+0000] {processor.py:826} INFO - Processing file /home/airflow/.local/lib/python3.7/site-packages/airflow/example_dags/example_complex.py for tasks to queue
[2023-06-04T00:38:28.656+0000] {logging_mixin.py:149} INFO - [2023-06-04T00:38:28.656+0000] {dagbag.py:541} INFO - Filling up the DagBag from /home/airflow/.local/lib/python3.7/site-packages/airflow/example_dags/example_complex.py
[2023-06-04T00:38:28.669+0000] {logging_mixin.py:149} INFO - [2023-06-04T00:38:28.669+0000] {taskmixin.py:211} WARNING - Dependency <Task(BashOperator): create_entry_group>, delete_entry_group already registered for DAG: example_complex
[2023-06-04T00:38:28.670+0000] {logging_mixin.py:149} INFO - [2023-06-04T00:38:28.670+0000] {taskmixin.py:211} WARNING - Dependency <Task(BashOperator): delete_entry_group>, create_entry_group already registered for DAG: example_complex
[2023-06-04T00:38:28.671+0000] {logging_mixin.py:149} INFO - [2023-06-04T00:38:28.671+0000] {taskmixin.py:211} WARNING - Dependency <Task(BashOperator): create_entry_gcs>, delete_entry already registered for DAG: example_complex
[2023-06-04T00:38:28.672+0000] {logging_mixin.py:149} INFO - [2023-06-04T00:38:28.672+0000] {taskmixin.py:211} WARNING - Dependency <Task(BashOperator): delete_entry>, create_entry_gcs already registered for DAG: example_complex
[2023-06-04T00:38:28.673+0000] {logging_mixin.py:149} INFO - [2023-06-04T00:38:28.673+0000] {taskmixin.py:211} WARNING - Dependency <Task(BashOperator): create_tag>, delete_tag already registered for DAG: example_complex
[2023-06-04T00:38:28.674+0000] {logging_mixin.py:149} INFO - [2023-06-04T00:38:28.674+0000] {taskmixin.py:211} WARNING - Dependency <Task(BashOperator): delete_tag>, create_tag already registered for DAG: example_complex
[2023-06-04T00:38:28.677+0000] {processor.py:836} INFO - DAG(s) dict_keys(['example_complex']) retrieved from /home/airflow/.local/lib/python3.7/site-packages/airflow/example_dags/example_complex.py
[2023-06-04T00:38:28.721+0000] {logging_mixin.py:149} INFO - [2023-06-04T00:38:28.721+0000] {dag.py:2726} INFO - Sync 1 DAGs
[2023-06-04T00:38:28.752+0000] {logging_mixin.py:149} INFO - [2023-06-04T00:38:28.751+0000] {dag.py:3490} INFO - Setting next_dagrun for example_complex to None, run_after=None
[2023-06-04T00:38:28.780+0000] {processor.py:179} INFO - Processing /home/airflow/.local/lib/python3.7/site-packages/airflow/example_dags/example_complex.py took 0.131 seconds
[2023-06-04T00:38:59.613+0000] {processor.py:157} INFO - Started process (PID=20364) to work on /home/airflow/.local/lib/python3.7/site-packages/airflow/example_dags/example_complex.py
[2023-06-04T00:38:59.614+0000] {processor.py:826} INFO - Processing file /home/airflow/.local/lib/python3.7/site-packages/airflow/example_dags/example_complex.py for tasks to queue
[2023-06-04T00:38:59.616+0000] {logging_mixin.py:149} INFO - [2023-06-04T00:38:59.616+0000] {dagbag.py:541} INFO - Filling up the DagBag from /home/airflow/.local/lib/python3.7/site-packages/airflow/example_dags/example_complex.py
[2023-06-04T00:38:59.628+0000] {logging_mixin.py:149} INFO - [2023-06-04T00:38:59.628+0000] {taskmixin.py:211} WARNING - Dependency <Task(BashOperator): create_entry_group>, delete_entry_group already registered for DAG: example_complex
[2023-06-04T00:38:59.629+0000] {logging_mixin.py:149} INFO - [2023-06-04T00:38:59.629+0000] {taskmixin.py:211} WARNING - Dependency <Task(BashOperator): delete_entry_group>, create_entry_group already registered for DAG: example_complex
[2023-06-04T00:38:59.630+0000] {logging_mixin.py:149} INFO - [2023-06-04T00:38:59.630+0000] {taskmixin.py:211} WARNING - Dependency <Task(BashOperator): create_entry_gcs>, delete_entry already registered for DAG: example_complex
[2023-06-04T00:38:59.632+0000] {logging_mixin.py:149} INFO - [2023-06-04T00:38:59.632+0000] {taskmixin.py:211} WARNING - Dependency <Task(BashOperator): delete_entry>, create_entry_gcs already registered for DAG: example_complex
[2023-06-04T00:38:59.633+0000] {logging_mixin.py:149} INFO - [2023-06-04T00:38:59.633+0000] {taskmixin.py:211} WARNING - Dependency <Task(BashOperator): create_tag>, delete_tag already registered for DAG: example_complex
[2023-06-04T00:38:59.634+0000] {logging_mixin.py:149} INFO - [2023-06-04T00:38:59.634+0000] {taskmixin.py:211} WARNING - Dependency <Task(BashOperator): delete_tag>, create_tag already registered for DAG: example_complex
[2023-06-04T00:38:59.637+0000] {processor.py:836} INFO - DAG(s) dict_keys(['example_complex']) retrieved from /home/airflow/.local/lib/python3.7/site-packages/airflow/example_dags/example_complex.py
[2023-06-04T00:38:59.683+0000] {logging_mixin.py:149} INFO - [2023-06-04T00:38:59.683+0000] {dag.py:2726} INFO - Sync 1 DAGs
[2023-06-04T00:38:59.713+0000] {logging_mixin.py:149} INFO - [2023-06-04T00:38:59.713+0000] {dag.py:3490} INFO - Setting next_dagrun for example_complex to None, run_after=None
[2023-06-04T00:38:59.743+0000] {processor.py:179} INFO - Processing /home/airflow/.local/lib/python3.7/site-packages/airflow/example_dags/example_complex.py took 0.134 seconds
[2023-06-04T00:39:30.287+0000] {processor.py:157} INFO - Started process (PID=20616) to work on /home/airflow/.local/lib/python3.7/site-packages/airflow/example_dags/example_complex.py
[2023-06-04T00:39:30.288+0000] {processor.py:826} INFO - Processing file /home/airflow/.local/lib/python3.7/site-packages/airflow/example_dags/example_complex.py for tasks to queue
[2023-06-04T00:39:30.290+0000] {logging_mixin.py:149} INFO - [2023-06-04T00:39:30.289+0000] {dagbag.py:541} INFO - Filling up the DagBag from /home/airflow/.local/lib/python3.7/site-packages/airflow/example_dags/example_complex.py
[2023-06-04T00:39:30.302+0000] {logging_mixin.py:149} INFO - [2023-06-04T00:39:30.301+0000] {taskmixin.py:211} WARNING - Dependency <Task(BashOperator): create_entry_group>, delete_entry_group already registered for DAG: example_complex
[2023-06-04T00:39:30.303+0000] {logging_mixin.py:149} INFO - [2023-06-04T00:39:30.302+0000] {taskmixin.py:211} WARNING - Dependency <Task(BashOperator): delete_entry_group>, create_entry_group already registered for DAG: example_complex
[2023-06-04T00:39:30.304+0000] {logging_mixin.py:149} INFO - [2023-06-04T00:39:30.304+0000] {taskmixin.py:211} WARNING - Dependency <Task(BashOperator): create_entry_gcs>, delete_entry already registered for DAG: example_complex
[2023-06-04T00:39:30.305+0000] {logging_mixin.py:149} INFO - [2023-06-04T00:39:30.305+0000] {taskmixin.py:211} WARNING - Dependency <Task(BashOperator): delete_entry>, create_entry_gcs already registered for DAG: example_complex
[2023-06-04T00:39:30.306+0000] {logging_mixin.py:149} INFO - [2023-06-04T00:39:30.306+0000] {taskmixin.py:211} WARNING - Dependency <Task(BashOperator): create_tag>, delete_tag already registered for DAG: example_complex
[2023-06-04T00:39:30.307+0000] {logging_mixin.py:149} INFO - [2023-06-04T00:39:30.307+0000] {taskmixin.py:211} WARNING - Dependency <Task(BashOperator): delete_tag>, create_tag already registered for DAG: example_complex
[2023-06-04T00:39:30.310+0000] {processor.py:836} INFO - DAG(s) dict_keys(['example_complex']) retrieved from /home/airflow/.local/lib/python3.7/site-packages/airflow/example_dags/example_complex.py
[2023-06-04T00:39:30.365+0000] {logging_mixin.py:149} INFO - [2023-06-04T00:39:30.365+0000] {dag.py:2726} INFO - Sync 1 DAGs
[2023-06-04T00:39:30.394+0000] {logging_mixin.py:149} INFO - [2023-06-04T00:39:30.394+0000] {dag.py:3490} INFO - Setting next_dagrun for example_complex to None, run_after=None
[2023-06-04T00:39:30.418+0000] {processor.py:179} INFO - Processing /home/airflow/.local/lib/python3.7/site-packages/airflow/example_dags/example_complex.py took 0.135 seconds
[2023-06-04T00:40:00.581+0000] {processor.py:157} INFO - Started process (PID=20868) to work on /home/airflow/.local/lib/python3.7/site-packages/airflow/example_dags/example_complex.py
[2023-06-04T00:40:00.583+0000] {processor.py:826} INFO - Processing file /home/airflow/.local/lib/python3.7/site-packages/airflow/example_dags/example_complex.py for tasks to queue
[2023-06-04T00:40:00.585+0000] {logging_mixin.py:149} INFO - [2023-06-04T00:40:00.584+0000] {dagbag.py:541} INFO - Filling up the DagBag from /home/airflow/.local/lib/python3.7/site-packages/airflow/example_dags/example_complex.py
[2023-06-04T00:40:00.599+0000] {logging_mixin.py:149} INFO - [2023-06-04T00:40:00.598+0000] {taskmixin.py:211} WARNING - Dependency <Task(BashOperator): create_entry_group>, delete_entry_group already registered for DAG: example_complex
[2023-06-04T00:40:00.600+0000] {logging_mixin.py:149} INFO - [2023-06-04T00:40:00.600+0000] {taskmixin.py:211} WARNING - Dependency <Task(BashOperator): delete_entry_group>, create_entry_group already registered for DAG: example_complex
[2023-06-04T00:40:00.601+0000] {logging_mixin.py:149} INFO - [2023-06-04T00:40:00.601+0000] {taskmixin.py:211} WARNING - Dependency <Task(BashOperator): create_entry_gcs>, delete_entry already registered for DAG: example_complex
[2023-06-04T00:40:00.602+0000] {logging_mixin.py:149} INFO - [2023-06-04T00:40:00.602+0000] {taskmixin.py:211} WARNING - Dependency <Task(BashOperator): delete_entry>, create_entry_gcs already registered for DAG: example_complex
[2023-06-04T00:40:00.604+0000] {logging_mixin.py:149} INFO - [2023-06-04T00:40:00.604+0000] {taskmixin.py:211} WARNING - Dependency <Task(BashOperator): create_tag>, delete_tag already registered for DAG: example_complex
[2023-06-04T00:40:00.605+0000] {logging_mixin.py:149} INFO - [2023-06-04T00:40:00.605+0000] {taskmixin.py:211} WARNING - Dependency <Task(BashOperator): delete_tag>, create_tag already registered for DAG: example_complex
[2023-06-04T00:40:00.608+0000] {processor.py:836} INFO - DAG(s) dict_keys(['example_complex']) retrieved from /home/airflow/.local/lib/python3.7/site-packages/airflow/example_dags/example_complex.py
[2023-06-04T00:40:00.650+0000] {logging_mixin.py:149} INFO - [2023-06-04T00:40:00.650+0000] {dag.py:2726} INFO - Sync 1 DAGs
[2023-06-04T00:40:00.680+0000] {logging_mixin.py:149} INFO - [2023-06-04T00:40:00.679+0000] {dag.py:3490} INFO - Setting next_dagrun for example_complex to None, run_after=None
[2023-06-04T00:40:00.708+0000] {processor.py:179} INFO - Processing /home/airflow/.local/lib/python3.7/site-packages/airflow/example_dags/example_complex.py took 0.131 seconds
[2023-06-04T00:40:30.963+0000] {processor.py:157} INFO - Started process (PID=21120) to work on /home/airflow/.local/lib/python3.7/site-packages/airflow/example_dags/example_complex.py
[2023-06-04T00:40:30.965+0000] {processor.py:826} INFO - Processing file /home/airflow/.local/lib/python3.7/site-packages/airflow/example_dags/example_complex.py for tasks to queue
[2023-06-04T00:40:30.967+0000] {logging_mixin.py:149} INFO - [2023-06-04T00:40:30.966+0000] {dagbag.py:541} INFO - Filling up the DagBag from /home/airflow/.local/lib/python3.7/site-packages/airflow/example_dags/example_complex.py
[2023-06-04T00:40:30.982+0000] {logging_mixin.py:149} INFO - [2023-06-04T00:40:30.982+0000] {taskmixin.py:211} WARNING - Dependency <Task(BashOperator): create_entry_group>, delete_entry_group already registered for DAG: example_complex
[2023-06-04T00:40:30.983+0000] {logging_mixin.py:149} INFO - [2023-06-04T00:40:30.983+0000] {taskmixin.py:211} WARNING - Dependency <Task(BashOperator): delete_entry_group>, create_entry_group already registered for DAG: example_complex
[2023-06-04T00:40:30.984+0000] {logging_mixin.py:149} INFO - [2023-06-04T00:40:30.984+0000] {taskmixin.py:211} WARNING - Dependency <Task(BashOperator): create_entry_gcs>, delete_entry already registered for DAG: example_complex
[2023-06-04T00:40:30.986+0000] {logging_mixin.py:149} INFO - [2023-06-04T00:40:30.985+0000] {taskmixin.py:211} WARNING - Dependency <Task(BashOperator): delete_entry>, create_entry_gcs already registered for DAG: example_complex
[2023-06-04T00:40:30.987+0000] {logging_mixin.py:149} INFO - [2023-06-04T00:40:30.987+0000] {taskmixin.py:211} WARNING - Dependency <Task(BashOperator): create_tag>, delete_tag already registered for DAG: example_complex
[2023-06-04T00:40:30.988+0000] {logging_mixin.py:149} INFO - [2023-06-04T00:40:30.988+0000] {taskmixin.py:211} WARNING - Dependency <Task(BashOperator): delete_tag>, create_tag already registered for DAG: example_complex
[2023-06-04T00:40:30.992+0000] {processor.py:836} INFO - DAG(s) dict_keys(['example_complex']) retrieved from /home/airflow/.local/lib/python3.7/site-packages/airflow/example_dags/example_complex.py
[2023-06-04T00:40:31.041+0000] {logging_mixin.py:149} INFO - [2023-06-04T00:40:31.041+0000] {dag.py:2726} INFO - Sync 1 DAGs
[2023-06-04T00:40:31.077+0000] {logging_mixin.py:149} INFO - [2023-06-04T00:40:31.077+0000] {dag.py:3490} INFO - Setting next_dagrun for example_complex to None, run_after=None
[2023-06-04T00:40:31.104+0000] {processor.py:179} INFO - Processing /home/airflow/.local/lib/python3.7/site-packages/airflow/example_dags/example_complex.py took 0.145 seconds
[2023-06-04T00:41:01.380+0000] {processor.py:157} INFO - Started process (PID=21372) to work on /home/airflow/.local/lib/python3.7/site-packages/airflow/example_dags/example_complex.py
[2023-06-04T00:41:01.382+0000] {processor.py:826} INFO - Processing file /home/airflow/.local/lib/python3.7/site-packages/airflow/example_dags/example_complex.py for tasks to queue
[2023-06-04T00:41:01.384+0000] {logging_mixin.py:149} INFO - [2023-06-04T00:41:01.383+0000] {dagbag.py:541} INFO - Filling up the DagBag from /home/airflow/.local/lib/python3.7/site-packages/airflow/example_dags/example_complex.py
[2023-06-04T00:41:01.396+0000] {logging_mixin.py:149} INFO - [2023-06-04T00:41:01.396+0000] {taskmixin.py:211} WARNING - Dependency <Task(BashOperator): create_entry_group>, delete_entry_group already registered for DAG: example_complex
[2023-06-04T00:41:01.397+0000] {logging_mixin.py:149} INFO - [2023-06-04T00:41:01.397+0000] {taskmixin.py:211} WARNING - Dependency <Task(BashOperator): delete_entry_group>, create_entry_group already registered for DAG: example_complex
[2023-06-04T00:41:01.398+0000] {logging_mixin.py:149} INFO - [2023-06-04T00:41:01.398+0000] {taskmixin.py:211} WARNING - Dependency <Task(BashOperator): create_entry_gcs>, delete_entry already registered for DAG: example_complex
[2023-06-04T00:41:01.399+0000] {logging_mixin.py:149} INFO - [2023-06-04T00:41:01.399+0000] {taskmixin.py:211} WARNING - Dependency <Task(BashOperator): delete_entry>, create_entry_gcs already registered for DAG: example_complex
[2023-06-04T00:41:01.400+0000] {logging_mixin.py:149} INFO - [2023-06-04T00:41:01.400+0000] {taskmixin.py:211} WARNING - Dependency <Task(BashOperator): create_tag>, delete_tag already registered for DAG: example_complex
[2023-06-04T00:41:01.401+0000] {logging_mixin.py:149} INFO - [2023-06-04T00:41:01.401+0000] {taskmixin.py:211} WARNING - Dependency <Task(BashOperator): delete_tag>, create_tag already registered for DAG: example_complex
[2023-06-04T00:41:01.404+0000] {processor.py:836} INFO - DAG(s) dict_keys(['example_complex']) retrieved from /home/airflow/.local/lib/python3.7/site-packages/airflow/example_dags/example_complex.py
[2023-06-04T00:41:01.448+0000] {logging_mixin.py:149} INFO - [2023-06-04T00:41:01.448+0000] {dag.py:2726} INFO - Sync 1 DAGs
[2023-06-04T00:41:01.478+0000] {logging_mixin.py:149} INFO - [2023-06-04T00:41:01.478+0000] {dag.py:3490} INFO - Setting next_dagrun for example_complex to None, run_after=None
[2023-06-04T00:41:01.509+0000] {processor.py:179} INFO - Processing /home/airflow/.local/lib/python3.7/site-packages/airflow/example_dags/example_complex.py took 0.133 seconds
[2023-06-04T00:41:31.723+0000] {processor.py:157} INFO - Started process (PID=21624) to work on /home/airflow/.local/lib/python3.7/site-packages/airflow/example_dags/example_complex.py
[2023-06-04T00:41:31.724+0000] {processor.py:826} INFO - Processing file /home/airflow/.local/lib/python3.7/site-packages/airflow/example_dags/example_complex.py for tasks to queue
[2023-06-04T00:41:31.725+0000] {logging_mixin.py:149} INFO - [2023-06-04T00:41:31.725+0000] {dagbag.py:541} INFO - Filling up the DagBag from /home/airflow/.local/lib/python3.7/site-packages/airflow/example_dags/example_complex.py
[2023-06-04T00:41:31.738+0000] {logging_mixin.py:149} INFO - [2023-06-04T00:41:31.738+0000] {taskmixin.py:211} WARNING - Dependency <Task(BashOperator): create_entry_group>, delete_entry_group already registered for DAG: example_complex
[2023-06-04T00:41:31.739+0000] {logging_mixin.py:149} INFO - [2023-06-04T00:41:31.739+0000] {taskmixin.py:211} WARNING - Dependency <Task(BashOperator): delete_entry_group>, create_entry_group already registered for DAG: example_complex
[2023-06-04T00:41:31.740+0000] {logging_mixin.py:149} INFO - [2023-06-04T00:41:31.740+0000] {taskmixin.py:211} WARNING - Dependency <Task(BashOperator): create_entry_gcs>, delete_entry already registered for DAG: example_complex
[2023-06-04T00:41:31.741+0000] {logging_mixin.py:149} INFO - [2023-06-04T00:41:31.741+0000] {taskmixin.py:211} WARNING - Dependency <Task(BashOperator): delete_entry>, create_entry_gcs already registered for DAG: example_complex
[2023-06-04T00:41:31.742+0000] {logging_mixin.py:149} INFO - [2023-06-04T00:41:31.742+0000] {taskmixin.py:211} WARNING - Dependency <Task(BashOperator): create_tag>, delete_tag already registered for DAG: example_complex
[2023-06-04T00:41:31.743+0000] {logging_mixin.py:149} INFO - [2023-06-04T00:41:31.743+0000] {taskmixin.py:211} WARNING - Dependency <Task(BashOperator): delete_tag>, create_tag already registered for DAG: example_complex
[2023-06-04T00:41:31.745+0000] {processor.py:836} INFO - DAG(s) dict_keys(['example_complex']) retrieved from /home/airflow/.local/lib/python3.7/site-packages/airflow/example_dags/example_complex.py
[2023-06-04T00:41:31.789+0000] {logging_mixin.py:149} INFO - [2023-06-04T00:41:31.789+0000] {dag.py:2726} INFO - Sync 1 DAGs
[2023-06-04T00:41:31.821+0000] {logging_mixin.py:149} INFO - [2023-06-04T00:41:31.821+0000] {dag.py:3490} INFO - Setting next_dagrun for example_complex to None, run_after=None
[2023-06-04T00:41:31.848+0000] {processor.py:179} INFO - Processing /home/airflow/.local/lib/python3.7/site-packages/airflow/example_dags/example_complex.py took 0.129 seconds
[2023-06-04T00:42:02.380+0000] {processor.py:157} INFO - Started process (PID=21876) to work on /home/airflow/.local/lib/python3.7/site-packages/airflow/example_dags/example_complex.py
[2023-06-04T00:42:02.382+0000] {processor.py:826} INFO - Processing file /home/airflow/.local/lib/python3.7/site-packages/airflow/example_dags/example_complex.py for tasks to queue
[2023-06-04T00:42:02.384+0000] {logging_mixin.py:149} INFO - [2023-06-04T00:42:02.384+0000] {dagbag.py:541} INFO - Filling up the DagBag from /home/airflow/.local/lib/python3.7/site-packages/airflow/example_dags/example_complex.py
[2023-06-04T00:42:02.396+0000] {logging_mixin.py:149} INFO - [2023-06-04T00:42:02.396+0000] {taskmixin.py:211} WARNING - Dependency <Task(BashOperator): create_entry_group>, delete_entry_group already registered for DAG: example_complex
[2023-06-04T00:42:02.397+0000] {logging_mixin.py:149} INFO - [2023-06-04T00:42:02.397+0000] {taskmixin.py:211} WARNING - Dependency <Task(BashOperator): delete_entry_group>, create_entry_group already registered for DAG: example_complex
[2023-06-04T00:42:02.399+0000] {logging_mixin.py:149} INFO - [2023-06-04T00:42:02.398+0000] {taskmixin.py:211} WARNING - Dependency <Task(BashOperator): create_entry_gcs>, delete_entry already registered for DAG: example_complex
[2023-06-04T00:42:02.400+0000] {logging_mixin.py:149} INFO - [2023-06-04T00:42:02.400+0000] {taskmixin.py:211} WARNING - Dependency <Task(BashOperator): delete_entry>, create_entry_gcs already registered for DAG: example_complex
[2023-06-04T00:42:02.401+0000] {logging_mixin.py:149} INFO - [2023-06-04T00:42:02.401+0000] {taskmixin.py:211} WARNING - Dependency <Task(BashOperator): create_tag>, delete_tag already registered for DAG: example_complex
[2023-06-04T00:42:02.402+0000] {logging_mixin.py:149} INFO - [2023-06-04T00:42:02.402+0000] {taskmixin.py:211} WARNING - Dependency <Task(BashOperator): delete_tag>, create_tag already registered for DAG: example_complex
[2023-06-04T00:42:02.405+0000] {processor.py:836} INFO - DAG(s) dict_keys(['example_complex']) retrieved from /home/airflow/.local/lib/python3.7/site-packages/airflow/example_dags/example_complex.py
[2023-06-04T00:42:02.452+0000] {logging_mixin.py:149} INFO - [2023-06-04T00:42:02.452+0000] {dag.py:2726} INFO - Sync 1 DAGs
[2023-06-04T00:42:02.483+0000] {logging_mixin.py:149} INFO - [2023-06-04T00:42:02.483+0000] {dag.py:3490} INFO - Setting next_dagrun for example_complex to None, run_after=None
[2023-06-04T00:42:02.512+0000] {processor.py:179} INFO - Processing /home/airflow/.local/lib/python3.7/site-packages/airflow/example_dags/example_complex.py took 0.135 seconds
[2023-06-04T00:42:33.105+0000] {processor.py:157} INFO - Started process (PID=22128) to work on /home/airflow/.local/lib/python3.7/site-packages/airflow/example_dags/example_complex.py
[2023-06-04T00:42:33.106+0000] {processor.py:826} INFO - Processing file /home/airflow/.local/lib/python3.7/site-packages/airflow/example_dags/example_complex.py for tasks to queue
[2023-06-04T00:42:33.107+0000] {logging_mixin.py:149} INFO - [2023-06-04T00:42:33.107+0000] {dagbag.py:541} INFO - Filling up the DagBag from /home/airflow/.local/lib/python3.7/site-packages/airflow/example_dags/example_complex.py
[2023-06-04T00:42:33.122+0000] {logging_mixin.py:149} INFO - [2023-06-04T00:42:33.122+0000] {taskmixin.py:211} WARNING - Dependency <Task(BashOperator): create_entry_group>, delete_entry_group already registered for DAG: example_complex
[2023-06-04T00:42:33.123+0000] {logging_mixin.py:149} INFO - [2023-06-04T00:42:33.123+0000] {taskmixin.py:211} WARNING - Dependency <Task(BashOperator): delete_entry_group>, create_entry_group already registered for DAG: example_complex
[2023-06-04T00:42:33.124+0000] {logging_mixin.py:149} INFO - [2023-06-04T00:42:33.124+0000] {taskmixin.py:211} WARNING - Dependency <Task(BashOperator): create_entry_gcs>, delete_entry already registered for DAG: example_complex
[2023-06-04T00:42:33.125+0000] {logging_mixin.py:149} INFO - [2023-06-04T00:42:33.125+0000] {taskmixin.py:211} WARNING - Dependency <Task(BashOperator): delete_entry>, create_entry_gcs already registered for DAG: example_complex
[2023-06-04T00:42:33.126+0000] {logging_mixin.py:149} INFO - [2023-06-04T00:42:33.126+0000] {taskmixin.py:211} WARNING - Dependency <Task(BashOperator): create_tag>, delete_tag already registered for DAG: example_complex
[2023-06-04T00:42:33.127+0000] {logging_mixin.py:149} INFO - [2023-06-04T00:42:33.127+0000] {taskmixin.py:211} WARNING - Dependency <Task(BashOperator): delete_tag>, create_tag already registered for DAG: example_complex
[2023-06-04T00:42:33.130+0000] {processor.py:836} INFO - DAG(s) dict_keys(['example_complex']) retrieved from /home/airflow/.local/lib/python3.7/site-packages/airflow/example_dags/example_complex.py
[2023-06-04T00:42:33.184+0000] {logging_mixin.py:149} INFO - [2023-06-04T00:42:33.183+0000] {dag.py:2726} INFO - Sync 1 DAGs
[2023-06-04T00:42:33.226+0000] {logging_mixin.py:149} INFO - [2023-06-04T00:42:33.226+0000] {dag.py:3490} INFO - Setting next_dagrun for example_complex to None, run_after=None
[2023-06-04T00:42:33.252+0000] {processor.py:179} INFO - Processing /home/airflow/.local/lib/python3.7/site-packages/airflow/example_dags/example_complex.py took 0.151 seconds
[2023-06-04T00:43:03.479+0000] {processor.py:157} INFO - Started process (PID=22380) to work on /home/airflow/.local/lib/python3.7/site-packages/airflow/example_dags/example_complex.py
[2023-06-04T00:43:03.481+0000] {processor.py:826} INFO - Processing file /home/airflow/.local/lib/python3.7/site-packages/airflow/example_dags/example_complex.py for tasks to queue
[2023-06-04T00:43:03.482+0000] {logging_mixin.py:149} INFO - [2023-06-04T00:43:03.482+0000] {dagbag.py:541} INFO - Filling up the DagBag from /home/airflow/.local/lib/python3.7/site-packages/airflow/example_dags/example_complex.py
[2023-06-04T00:43:03.498+0000] {logging_mixin.py:149} INFO - [2023-06-04T00:43:03.498+0000] {taskmixin.py:211} WARNING - Dependency <Task(BashOperator): create_entry_group>, delete_entry_group already registered for DAG: example_complex
[2023-06-04T00:43:03.499+0000] {logging_mixin.py:149} INFO - [2023-06-04T00:43:03.499+0000] {taskmixin.py:211} WARNING - Dependency <Task(BashOperator): delete_entry_group>, create_entry_group already registered for DAG: example_complex
[2023-06-04T00:43:03.500+0000] {logging_mixin.py:149} INFO - [2023-06-04T00:43:03.500+0000] {taskmixin.py:211} WARNING - Dependency <Task(BashOperator): create_entry_gcs>, delete_entry already registered for DAG: example_complex
[2023-06-04T00:43:03.501+0000] {logging_mixin.py:149} INFO - [2023-06-04T00:43:03.501+0000] {taskmixin.py:211} WARNING - Dependency <Task(BashOperator): delete_entry>, create_entry_gcs already registered for DAG: example_complex
[2023-06-04T00:43:03.503+0000] {logging_mixin.py:149} INFO - [2023-06-04T00:43:03.502+0000] {taskmixin.py:211} WARNING - Dependency <Task(BashOperator): create_tag>, delete_tag already registered for DAG: example_complex
[2023-06-04T00:43:03.504+0000] {logging_mixin.py:149} INFO - [2023-06-04T00:43:03.503+0000] {taskmixin.py:211} WARNING - Dependency <Task(BashOperator): delete_tag>, create_tag already registered for DAG: example_complex
[2023-06-04T00:43:03.506+0000] {processor.py:836} INFO - DAG(s) dict_keys(['example_complex']) retrieved from /home/airflow/.local/lib/python3.7/site-packages/airflow/example_dags/example_complex.py
[2023-06-04T00:43:03.551+0000] {logging_mixin.py:149} INFO - [2023-06-04T00:43:03.551+0000] {dag.py:2726} INFO - Sync 1 DAGs
[2023-06-04T00:43:03.587+0000] {logging_mixin.py:149} INFO - [2023-06-04T00:43:03.587+0000] {dag.py:3490} INFO - Setting next_dagrun for example_complex to None, run_after=None
[2023-06-04T00:43:03.618+0000] {processor.py:179} INFO - Processing /home/airflow/.local/lib/python3.7/site-packages/airflow/example_dags/example_complex.py took 0.143 seconds
