[2023-06-04T00:34:25.891+0000] {processor.py:157} INFO - Started process (PID=18104) to work on /home/airflow/.local/lib/python3.7/site-packages/airflow/example_dags/example_dynamic_task_mapping.py
[2023-06-04T00:34:25.893+0000] {processor.py:826} INFO - Processing file /home/airflow/.local/lib/python3.7/site-packages/airflow/example_dags/example_dynamic_task_mapping.py for tasks to queue
[2023-06-04T00:34:25.896+0000] {logging_mixin.py:149} INFO - [2023-06-04T00:34:25.896+0000] {dagbag.py:541} INFO - Filling up the DagBag from /home/airflow/.local/lib/python3.7/site-packages/airflow/example_dags/example_dynamic_task_mapping.py
[2023-06-04T00:34:25.907+0000] {processor.py:836} INFO - DAG(s) dict_keys(['example_dynamic_task_mapping']) retrieved from /home/airflow/.local/lib/python3.7/site-packages/airflow/example_dags/example_dynamic_task_mapping.py
[2023-06-04T00:34:25.947+0000] {logging_mixin.py:149} INFO - [2023-06-04T00:34:25.946+0000] {dag.py:2726} INFO - Sync 1 DAGs
[2023-06-04T00:34:25.981+0000] {logging_mixin.py:149} INFO - [2023-06-04T00:34:25.981+0000] {dag.py:3490} INFO - Setting next_dagrun for example_dynamic_task_mapping to 2022-03-04T00:00:00+00:00, run_after=2022-03-05T00:00:00+00:00
[2023-06-04T00:34:26.009+0000] {processor.py:179} INFO - Processing /home/airflow/.local/lib/python3.7/site-packages/airflow/example_dags/example_dynamic_task_mapping.py took 0.121 seconds
[2023-06-04T00:34:56.289+0000] {processor.py:157} INFO - Started process (PID=18379) to work on /home/airflow/.local/lib/python3.7/site-packages/airflow/example_dags/example_dynamic_task_mapping.py
[2023-06-04T00:34:56.291+0000] {processor.py:826} INFO - Processing file /home/airflow/.local/lib/python3.7/site-packages/airflow/example_dags/example_dynamic_task_mapping.py for tasks to queue
[2023-06-04T00:34:56.292+0000] {logging_mixin.py:149} INFO - [2023-06-04T00:34:56.292+0000] {dagbag.py:541} INFO - Filling up the DagBag from /home/airflow/.local/lib/python3.7/site-packages/airflow/example_dags/example_dynamic_task_mapping.py
[2023-06-04T00:34:56.301+0000] {processor.py:836} INFO - DAG(s) dict_keys(['example_dynamic_task_mapping']) retrieved from /home/airflow/.local/lib/python3.7/site-packages/airflow/example_dags/example_dynamic_task_mapping.py
[2023-06-04T00:34:56.328+0000] {logging_mixin.py:149} INFO - [2023-06-04T00:34:56.328+0000] {dag.py:2726} INFO - Sync 1 DAGs
[2023-06-04T00:34:56.358+0000] {logging_mixin.py:149} INFO - [2023-06-04T00:34:56.358+0000] {dag.py:3490} INFO - Setting next_dagrun for example_dynamic_task_mapping to 2022-03-04T00:00:00+00:00, run_after=2022-03-05T00:00:00+00:00
[2023-06-04T00:34:56.383+0000] {processor.py:179} INFO - Processing /home/airflow/.local/lib/python3.7/site-packages/airflow/example_dags/example_dynamic_task_mapping.py took 0.097 seconds
[2023-06-04T00:35:26.683+0000] {processor.py:157} INFO - Started process (PID=18632) to work on /home/airflow/.local/lib/python3.7/site-packages/airflow/example_dags/example_dynamic_task_mapping.py
[2023-06-04T00:35:26.685+0000] {processor.py:826} INFO - Processing file /home/airflow/.local/lib/python3.7/site-packages/airflow/example_dags/example_dynamic_task_mapping.py for tasks to queue
[2023-06-04T00:35:26.686+0000] {logging_mixin.py:149} INFO - [2023-06-04T00:35:26.686+0000] {dagbag.py:541} INFO - Filling up the DagBag from /home/airflow/.local/lib/python3.7/site-packages/airflow/example_dags/example_dynamic_task_mapping.py
[2023-06-04T00:35:26.695+0000] {processor.py:836} INFO - DAG(s) dict_keys(['example_dynamic_task_mapping']) retrieved from /home/airflow/.local/lib/python3.7/site-packages/airflow/example_dags/example_dynamic_task_mapping.py
[2023-06-04T00:35:26.725+0000] {logging_mixin.py:149} INFO - [2023-06-04T00:35:26.725+0000] {dag.py:2726} INFO - Sync 1 DAGs
[2023-06-04T00:35:26.757+0000] {logging_mixin.py:149} INFO - [2023-06-04T00:35:26.757+0000] {dag.py:3490} INFO - Setting next_dagrun for example_dynamic_task_mapping to 2022-03-04T00:00:00+00:00, run_after=2022-03-05T00:00:00+00:00
[2023-06-04T00:35:26.783+0000] {processor.py:179} INFO - Processing /home/airflow/.local/lib/python3.7/site-packages/airflow/example_dags/example_dynamic_task_mapping.py took 0.104 seconds
[2023-06-04T00:35:57.101+0000] {processor.py:157} INFO - Started process (PID=18884) to work on /home/airflow/.local/lib/python3.7/site-packages/airflow/example_dags/example_dynamic_task_mapping.py
[2023-06-04T00:35:57.102+0000] {processor.py:826} INFO - Processing file /home/airflow/.local/lib/python3.7/site-packages/airflow/example_dags/example_dynamic_task_mapping.py for tasks to queue
[2023-06-04T00:35:57.104+0000] {logging_mixin.py:149} INFO - [2023-06-04T00:35:57.104+0000] {dagbag.py:541} INFO - Filling up the DagBag from /home/airflow/.local/lib/python3.7/site-packages/airflow/example_dags/example_dynamic_task_mapping.py
[2023-06-04T00:35:57.112+0000] {processor.py:836} INFO - DAG(s) dict_keys(['example_dynamic_task_mapping']) retrieved from /home/airflow/.local/lib/python3.7/site-packages/airflow/example_dags/example_dynamic_task_mapping.py
[2023-06-04T00:35:57.141+0000] {logging_mixin.py:149} INFO - [2023-06-04T00:35:57.141+0000] {dag.py:2726} INFO - Sync 1 DAGs
[2023-06-04T00:35:57.172+0000] {logging_mixin.py:149} INFO - [2023-06-04T00:35:57.172+0000] {dag.py:3490} INFO - Setting next_dagrun for example_dynamic_task_mapping to 2022-03-04T00:00:00+00:00, run_after=2022-03-05T00:00:00+00:00
[2023-06-04T00:35:57.198+0000] {processor.py:179} INFO - Processing /home/airflow/.local/lib/python3.7/site-packages/airflow/example_dags/example_dynamic_task_mapping.py took 0.102 seconds
[2023-06-04T00:36:27.467+0000] {processor.py:157} INFO - Started process (PID=19136) to work on /home/airflow/.local/lib/python3.7/site-packages/airflow/example_dags/example_dynamic_task_mapping.py
[2023-06-04T00:36:27.469+0000] {processor.py:826} INFO - Processing file /home/airflow/.local/lib/python3.7/site-packages/airflow/example_dags/example_dynamic_task_mapping.py for tasks to queue
[2023-06-04T00:36:27.470+0000] {logging_mixin.py:149} INFO - [2023-06-04T00:36:27.470+0000] {dagbag.py:541} INFO - Filling up the DagBag from /home/airflow/.local/lib/python3.7/site-packages/airflow/example_dags/example_dynamic_task_mapping.py
[2023-06-04T00:36:27.479+0000] {processor.py:836} INFO - DAG(s) dict_keys(['example_dynamic_task_mapping']) retrieved from /home/airflow/.local/lib/python3.7/site-packages/airflow/example_dags/example_dynamic_task_mapping.py
[2023-06-04T00:36:27.506+0000] {logging_mixin.py:149} INFO - [2023-06-04T00:36:27.506+0000] {dag.py:2726} INFO - Sync 1 DAGs
[2023-06-04T00:36:27.540+0000] {logging_mixin.py:149} INFO - [2023-06-04T00:36:27.539+0000] {dag.py:3490} INFO - Setting next_dagrun for example_dynamic_task_mapping to 2022-03-04T00:00:00+00:00, run_after=2022-03-05T00:00:00+00:00
[2023-06-04T00:36:27.566+0000] {processor.py:179} INFO - Processing /home/airflow/.local/lib/python3.7/site-packages/airflow/example_dags/example_dynamic_task_mapping.py took 0.102 seconds
[2023-06-04T00:36:57.869+0000] {processor.py:157} INFO - Started process (PID=19388) to work on /home/airflow/.local/lib/python3.7/site-packages/airflow/example_dags/example_dynamic_task_mapping.py
[2023-06-04T00:36:57.871+0000] {processor.py:826} INFO - Processing file /home/airflow/.local/lib/python3.7/site-packages/airflow/example_dags/example_dynamic_task_mapping.py for tasks to queue
[2023-06-04T00:36:57.872+0000] {logging_mixin.py:149} INFO - [2023-06-04T00:36:57.872+0000] {dagbag.py:541} INFO - Filling up the DagBag from /home/airflow/.local/lib/python3.7/site-packages/airflow/example_dags/example_dynamic_task_mapping.py
[2023-06-04T00:36:57.881+0000] {processor.py:836} INFO - DAG(s) dict_keys(['example_dynamic_task_mapping']) retrieved from /home/airflow/.local/lib/python3.7/site-packages/airflow/example_dags/example_dynamic_task_mapping.py
[2023-06-04T00:36:57.909+0000] {logging_mixin.py:149} INFO - [2023-06-04T00:36:57.909+0000] {dag.py:2726} INFO - Sync 1 DAGs
[2023-06-04T00:36:57.941+0000] {logging_mixin.py:149} INFO - [2023-06-04T00:36:57.941+0000] {dag.py:3490} INFO - Setting next_dagrun for example_dynamic_task_mapping to 2022-03-04T00:00:00+00:00, run_after=2022-03-05T00:00:00+00:00
[2023-06-04T00:36:57.965+0000] {processor.py:179} INFO - Processing /home/airflow/.local/lib/python3.7/site-packages/airflow/example_dags/example_dynamic_task_mapping.py took 0.099 seconds
[2023-06-04T00:37:28.325+0000] {processor.py:157} INFO - Started process (PID=19640) to work on /home/airflow/.local/lib/python3.7/site-packages/airflow/example_dags/example_dynamic_task_mapping.py
[2023-06-04T00:37:28.327+0000] {processor.py:826} INFO - Processing file /home/airflow/.local/lib/python3.7/site-packages/airflow/example_dags/example_dynamic_task_mapping.py for tasks to queue
[2023-06-04T00:37:28.328+0000] {logging_mixin.py:149} INFO - [2023-06-04T00:37:28.328+0000] {dagbag.py:541} INFO - Filling up the DagBag from /home/airflow/.local/lib/python3.7/site-packages/airflow/example_dags/example_dynamic_task_mapping.py
[2023-06-04T00:37:28.337+0000] {processor.py:836} INFO - DAG(s) dict_keys(['example_dynamic_task_mapping']) retrieved from /home/airflow/.local/lib/python3.7/site-packages/airflow/example_dags/example_dynamic_task_mapping.py
[2023-06-04T00:37:28.366+0000] {logging_mixin.py:149} INFO - [2023-06-04T00:37:28.366+0000] {dag.py:2726} INFO - Sync 1 DAGs
[2023-06-04T00:37:28.398+0000] {logging_mixin.py:149} INFO - [2023-06-04T00:37:28.398+0000] {dag.py:3490} INFO - Setting next_dagrun for example_dynamic_task_mapping to 2022-03-04T00:00:00+00:00, run_after=2022-03-05T00:00:00+00:00
[2023-06-04T00:37:28.424+0000] {processor.py:179} INFO - Processing /home/airflow/.local/lib/python3.7/site-packages/airflow/example_dags/example_dynamic_task_mapping.py took 0.102 seconds
[2023-06-04T00:37:58.688+0000] {processor.py:157} INFO - Started process (PID=19891) to work on /home/airflow/.local/lib/python3.7/site-packages/airflow/example_dags/example_dynamic_task_mapping.py
[2023-06-04T00:37:58.690+0000] {processor.py:826} INFO - Processing file /home/airflow/.local/lib/python3.7/site-packages/airflow/example_dags/example_dynamic_task_mapping.py for tasks to queue
[2023-06-04T00:37:58.691+0000] {logging_mixin.py:149} INFO - [2023-06-04T00:37:58.691+0000] {dagbag.py:541} INFO - Filling up the DagBag from /home/airflow/.local/lib/python3.7/site-packages/airflow/example_dags/example_dynamic_task_mapping.py
[2023-06-04T00:37:58.699+0000] {processor.py:836} INFO - DAG(s) dict_keys(['example_dynamic_task_mapping']) retrieved from /home/airflow/.local/lib/python3.7/site-packages/airflow/example_dags/example_dynamic_task_mapping.py
[2023-06-04T00:37:58.726+0000] {logging_mixin.py:149} INFO - [2023-06-04T00:37:58.726+0000] {dag.py:2726} INFO - Sync 1 DAGs
[2023-06-04T00:37:58.756+0000] {logging_mixin.py:149} INFO - [2023-06-04T00:37:58.756+0000] {dag.py:3490} INFO - Setting next_dagrun for example_dynamic_task_mapping to 2022-03-04T00:00:00+00:00, run_after=2022-03-05T00:00:00+00:00
[2023-06-04T00:37:58.783+0000] {processor.py:179} INFO - Processing /home/airflow/.local/lib/python3.7/site-packages/airflow/example_dags/example_dynamic_task_mapping.py took 0.098 seconds
[2023-06-04T00:38:29.351+0000] {processor.py:157} INFO - Started process (PID=20142) to work on /home/airflow/.local/lib/python3.7/site-packages/airflow/example_dags/example_dynamic_task_mapping.py
[2023-06-04T00:38:29.353+0000] {processor.py:826} INFO - Processing file /home/airflow/.local/lib/python3.7/site-packages/airflow/example_dags/example_dynamic_task_mapping.py for tasks to queue
[2023-06-04T00:38:29.354+0000] {logging_mixin.py:149} INFO - [2023-06-04T00:38:29.354+0000] {dagbag.py:541} INFO - Filling up the DagBag from /home/airflow/.local/lib/python3.7/site-packages/airflow/example_dags/example_dynamic_task_mapping.py
[2023-06-04T00:38:29.363+0000] {processor.py:836} INFO - DAG(s) dict_keys(['example_dynamic_task_mapping']) retrieved from /home/airflow/.local/lib/python3.7/site-packages/airflow/example_dags/example_dynamic_task_mapping.py
[2023-06-04T00:38:29.391+0000] {logging_mixin.py:149} INFO - [2023-06-04T00:38:29.391+0000] {dag.py:2726} INFO - Sync 1 DAGs
[2023-06-04T00:38:29.426+0000] {logging_mixin.py:149} INFO - [2023-06-04T00:38:29.425+0000] {dag.py:3490} INFO - Setting next_dagrun for example_dynamic_task_mapping to 2022-03-04T00:00:00+00:00, run_after=2022-03-05T00:00:00+00:00
[2023-06-04T00:38:29.453+0000] {processor.py:179} INFO - Processing /home/airflow/.local/lib/python3.7/site-packages/airflow/example_dags/example_dynamic_task_mapping.py took 0.105 seconds
[2023-06-04T00:39:00.089+0000] {processor.py:157} INFO - Started process (PID=20394) to work on /home/airflow/.local/lib/python3.7/site-packages/airflow/example_dags/example_dynamic_task_mapping.py
[2023-06-04T00:39:00.091+0000] {processor.py:826} INFO - Processing file /home/airflow/.local/lib/python3.7/site-packages/airflow/example_dags/example_dynamic_task_mapping.py for tasks to queue
[2023-06-04T00:39:00.093+0000] {logging_mixin.py:149} INFO - [2023-06-04T00:39:00.092+0000] {dagbag.py:541} INFO - Filling up the DagBag from /home/airflow/.local/lib/python3.7/site-packages/airflow/example_dags/example_dynamic_task_mapping.py
[2023-06-04T00:39:00.101+0000] {processor.py:836} INFO - DAG(s) dict_keys(['example_dynamic_task_mapping']) retrieved from /home/airflow/.local/lib/python3.7/site-packages/airflow/example_dags/example_dynamic_task_mapping.py
[2023-06-04T00:39:00.128+0000] {logging_mixin.py:149} INFO - [2023-06-04T00:39:00.128+0000] {dag.py:2726} INFO - Sync 1 DAGs
[2023-06-04T00:39:00.159+0000] {logging_mixin.py:149} INFO - [2023-06-04T00:39:00.158+0000] {dag.py:3490} INFO - Setting next_dagrun for example_dynamic_task_mapping to 2022-03-04T00:00:00+00:00, run_after=2022-03-05T00:00:00+00:00
[2023-06-04T00:39:00.186+0000] {processor.py:179} INFO - Processing /home/airflow/.local/lib/python3.7/site-packages/airflow/example_dags/example_dynamic_task_mapping.py took 0.100 seconds
[2023-06-04T00:39:30.735+0000] {processor.py:157} INFO - Started process (PID=20646) to work on /home/airflow/.local/lib/python3.7/site-packages/airflow/example_dags/example_dynamic_task_mapping.py
[2023-06-04T00:39:30.737+0000] {processor.py:826} INFO - Processing file /home/airflow/.local/lib/python3.7/site-packages/airflow/example_dags/example_dynamic_task_mapping.py for tasks to queue
[2023-06-04T00:39:30.739+0000] {logging_mixin.py:149} INFO - [2023-06-04T00:39:30.739+0000] {dagbag.py:541} INFO - Filling up the DagBag from /home/airflow/.local/lib/python3.7/site-packages/airflow/example_dags/example_dynamic_task_mapping.py
[2023-06-04T00:39:30.747+0000] {processor.py:836} INFO - DAG(s) dict_keys(['example_dynamic_task_mapping']) retrieved from /home/airflow/.local/lib/python3.7/site-packages/airflow/example_dags/example_dynamic_task_mapping.py
[2023-06-04T00:39:30.774+0000] {logging_mixin.py:149} INFO - [2023-06-04T00:39:30.774+0000] {dag.py:2726} INFO - Sync 1 DAGs
[2023-06-04T00:39:30.805+0000] {logging_mixin.py:149} INFO - [2023-06-04T00:39:30.805+0000] {dag.py:3490} INFO - Setting next_dagrun for example_dynamic_task_mapping to 2022-03-04T00:00:00+00:00, run_after=2022-03-05T00:00:00+00:00
[2023-06-04T00:39:30.829+0000] {processor.py:179} INFO - Processing /home/airflow/.local/lib/python3.7/site-packages/airflow/example_dags/example_dynamic_task_mapping.py took 0.096 seconds
[2023-06-04T00:40:01.059+0000] {processor.py:157} INFO - Started process (PID=20898) to work on /home/airflow/.local/lib/python3.7/site-packages/airflow/example_dags/example_dynamic_task_mapping.py
[2023-06-04T00:40:01.061+0000] {processor.py:826} INFO - Processing file /home/airflow/.local/lib/python3.7/site-packages/airflow/example_dags/example_dynamic_task_mapping.py for tasks to queue
[2023-06-04T00:40:01.062+0000] {logging_mixin.py:149} INFO - [2023-06-04T00:40:01.062+0000] {dagbag.py:541} INFO - Filling up the DagBag from /home/airflow/.local/lib/python3.7/site-packages/airflow/example_dags/example_dynamic_task_mapping.py
[2023-06-04T00:40:01.070+0000] {processor.py:836} INFO - DAG(s) dict_keys(['example_dynamic_task_mapping']) retrieved from /home/airflow/.local/lib/python3.7/site-packages/airflow/example_dags/example_dynamic_task_mapping.py
[2023-06-04T00:40:01.103+0000] {logging_mixin.py:149} INFO - [2023-06-04T00:40:01.103+0000] {dag.py:2726} INFO - Sync 1 DAGs
[2023-06-04T00:40:01.141+0000] {logging_mixin.py:149} INFO - [2023-06-04T00:40:01.141+0000] {dag.py:3490} INFO - Setting next_dagrun for example_dynamic_task_mapping to 2022-03-04T00:00:00+00:00, run_after=2022-03-05T00:00:00+00:00
[2023-06-04T00:40:01.172+0000] {processor.py:179} INFO - Processing /home/airflow/.local/lib/python3.7/site-packages/airflow/example_dags/example_dynamic_task_mapping.py took 0.117 seconds
[2023-06-04T00:40:31.448+0000] {processor.py:157} INFO - Started process (PID=21150) to work on /home/airflow/.local/lib/python3.7/site-packages/airflow/example_dags/example_dynamic_task_mapping.py
[2023-06-04T00:40:31.450+0000] {processor.py:826} INFO - Processing file /home/airflow/.local/lib/python3.7/site-packages/airflow/example_dags/example_dynamic_task_mapping.py for tasks to queue
[2023-06-04T00:40:31.451+0000] {logging_mixin.py:149} INFO - [2023-06-04T00:40:31.451+0000] {dagbag.py:541} INFO - Filling up the DagBag from /home/airflow/.local/lib/python3.7/site-packages/airflow/example_dags/example_dynamic_task_mapping.py
[2023-06-04T00:40:31.460+0000] {processor.py:836} INFO - DAG(s) dict_keys(['example_dynamic_task_mapping']) retrieved from /home/airflow/.local/lib/python3.7/site-packages/airflow/example_dags/example_dynamic_task_mapping.py
[2023-06-04T00:40:31.489+0000] {logging_mixin.py:149} INFO - [2023-06-04T00:40:31.488+0000] {dag.py:2726} INFO - Sync 1 DAGs
[2023-06-04T00:40:31.519+0000] {logging_mixin.py:149} INFO - [2023-06-04T00:40:31.519+0000] {dag.py:3490} INFO - Setting next_dagrun for example_dynamic_task_mapping to 2022-03-04T00:00:00+00:00, run_after=2022-03-05T00:00:00+00:00
[2023-06-04T00:40:31.545+0000] {processor.py:179} INFO - Processing /home/airflow/.local/lib/python3.7/site-packages/airflow/example_dags/example_dynamic_task_mapping.py took 0.100 seconds
[2023-06-04T00:41:01.881+0000] {processor.py:157} INFO - Started process (PID=21402) to work on /home/airflow/.local/lib/python3.7/site-packages/airflow/example_dags/example_dynamic_task_mapping.py
[2023-06-04T00:41:01.883+0000] {processor.py:826} INFO - Processing file /home/airflow/.local/lib/python3.7/site-packages/airflow/example_dags/example_dynamic_task_mapping.py for tasks to queue
[2023-06-04T00:41:01.886+0000] {logging_mixin.py:149} INFO - [2023-06-04T00:41:01.886+0000] {dagbag.py:541} INFO - Filling up the DagBag from /home/airflow/.local/lib/python3.7/site-packages/airflow/example_dags/example_dynamic_task_mapping.py
[2023-06-04T00:41:01.897+0000] {processor.py:836} INFO - DAG(s) dict_keys(['example_dynamic_task_mapping']) retrieved from /home/airflow/.local/lib/python3.7/site-packages/airflow/example_dags/example_dynamic_task_mapping.py
[2023-06-04T00:41:01.927+0000] {logging_mixin.py:149} INFO - [2023-06-04T00:41:01.927+0000] {dag.py:2726} INFO - Sync 1 DAGs
[2023-06-04T00:41:01.957+0000] {logging_mixin.py:149} INFO - [2023-06-04T00:41:01.957+0000] {dag.py:3490} INFO - Setting next_dagrun for example_dynamic_task_mapping to 2022-03-04T00:00:00+00:00, run_after=2022-03-05T00:00:00+00:00
[2023-06-04T00:41:01.988+0000] {processor.py:179} INFO - Processing /home/airflow/.local/lib/python3.7/site-packages/airflow/example_dags/example_dynamic_task_mapping.py took 0.110 seconds
[2023-06-04T00:41:32.379+0000] {processor.py:157} INFO - Started process (PID=21656) to work on /home/airflow/.local/lib/python3.7/site-packages/airflow/example_dags/example_dynamic_task_mapping.py
[2023-06-04T00:41:32.381+0000] {processor.py:826} INFO - Processing file /home/airflow/.local/lib/python3.7/site-packages/airflow/example_dags/example_dynamic_task_mapping.py for tasks to queue
[2023-06-04T00:41:32.383+0000] {logging_mixin.py:149} INFO - [2023-06-04T00:41:32.383+0000] {dagbag.py:541} INFO - Filling up the DagBag from /home/airflow/.local/lib/python3.7/site-packages/airflow/example_dags/example_dynamic_task_mapping.py
[2023-06-04T00:41:32.393+0000] {processor.py:836} INFO - DAG(s) dict_keys(['example_dynamic_task_mapping']) retrieved from /home/airflow/.local/lib/python3.7/site-packages/airflow/example_dags/example_dynamic_task_mapping.py
[2023-06-04T00:41:32.424+0000] {logging_mixin.py:149} INFO - [2023-06-04T00:41:32.424+0000] {dag.py:2726} INFO - Sync 1 DAGs
[2023-06-04T00:41:32.455+0000] {logging_mixin.py:149} INFO - [2023-06-04T00:41:32.455+0000] {dag.py:3490} INFO - Setting next_dagrun for example_dynamic_task_mapping to 2022-03-04T00:00:00+00:00, run_after=2022-03-05T00:00:00+00:00
[2023-06-04T00:41:32.485+0000] {processor.py:179} INFO - Processing /home/airflow/.local/lib/python3.7/site-packages/airflow/example_dags/example_dynamic_task_mapping.py took 0.110 seconds
[2023-06-04T00:42:02.870+0000] {processor.py:157} INFO - Started process (PID=21906) to work on /home/airflow/.local/lib/python3.7/site-packages/airflow/example_dags/example_dynamic_task_mapping.py
[2023-06-04T00:42:02.872+0000] {processor.py:826} INFO - Processing file /home/airflow/.local/lib/python3.7/site-packages/airflow/example_dags/example_dynamic_task_mapping.py for tasks to queue
[2023-06-04T00:42:02.874+0000] {logging_mixin.py:149} INFO - [2023-06-04T00:42:02.874+0000] {dagbag.py:541} INFO - Filling up the DagBag from /home/airflow/.local/lib/python3.7/site-packages/airflow/example_dags/example_dynamic_task_mapping.py
[2023-06-04T00:42:02.883+0000] {processor.py:836} INFO - DAG(s) dict_keys(['example_dynamic_task_mapping']) retrieved from /home/airflow/.local/lib/python3.7/site-packages/airflow/example_dags/example_dynamic_task_mapping.py
[2023-06-04T00:42:02.912+0000] {logging_mixin.py:149} INFO - [2023-06-04T00:42:02.912+0000] {dag.py:2726} INFO - Sync 1 DAGs
[2023-06-04T00:42:02.942+0000] {logging_mixin.py:149} INFO - [2023-06-04T00:42:02.942+0000] {dag.py:3490} INFO - Setting next_dagrun for example_dynamic_task_mapping to 2022-03-04T00:00:00+00:00, run_after=2022-03-05T00:00:00+00:00
[2023-06-04T00:42:02.975+0000] {processor.py:179} INFO - Processing /home/airflow/.local/lib/python3.7/site-packages/airflow/example_dags/example_dynamic_task_mapping.py took 0.108 seconds
[2023-06-04T00:42:33.591+0000] {processor.py:157} INFO - Started process (PID=22158) to work on /home/airflow/.local/lib/python3.7/site-packages/airflow/example_dags/example_dynamic_task_mapping.py
[2023-06-04T00:42:33.593+0000] {processor.py:826} INFO - Processing file /home/airflow/.local/lib/python3.7/site-packages/airflow/example_dags/example_dynamic_task_mapping.py for tasks to queue
[2023-06-04T00:42:33.594+0000] {logging_mixin.py:149} INFO - [2023-06-04T00:42:33.594+0000] {dagbag.py:541} INFO - Filling up the DagBag from /home/airflow/.local/lib/python3.7/site-packages/airflow/example_dags/example_dynamic_task_mapping.py
[2023-06-04T00:42:33.602+0000] {processor.py:836} INFO - DAG(s) dict_keys(['example_dynamic_task_mapping']) retrieved from /home/airflow/.local/lib/python3.7/site-packages/airflow/example_dags/example_dynamic_task_mapping.py
[2023-06-04T00:42:33.631+0000] {logging_mixin.py:149} INFO - [2023-06-04T00:42:33.631+0000] {dag.py:2726} INFO - Sync 1 DAGs
[2023-06-04T00:42:33.660+0000] {logging_mixin.py:149} INFO - [2023-06-04T00:42:33.660+0000] {dag.py:3490} INFO - Setting next_dagrun for example_dynamic_task_mapping to 2022-03-04T00:00:00+00:00, run_after=2022-03-05T00:00:00+00:00
[2023-06-04T00:42:33.686+0000] {processor.py:179} INFO - Processing /home/airflow/.local/lib/python3.7/site-packages/airflow/example_dags/example_dynamic_task_mapping.py took 0.098 seconds
[2023-06-04T00:43:04.194+0000] {processor.py:157} INFO - Started process (PID=22410) to work on /home/airflow/.local/lib/python3.7/site-packages/airflow/example_dags/example_dynamic_task_mapping.py
[2023-06-04T00:43:04.195+0000] {processor.py:826} INFO - Processing file /home/airflow/.local/lib/python3.7/site-packages/airflow/example_dags/example_dynamic_task_mapping.py for tasks to queue
[2023-06-04T00:43:04.197+0000] {logging_mixin.py:149} INFO - [2023-06-04T00:43:04.197+0000] {dagbag.py:541} INFO - Filling up the DagBag from /home/airflow/.local/lib/python3.7/site-packages/airflow/example_dags/example_dynamic_task_mapping.py
[2023-06-04T00:43:04.205+0000] {processor.py:836} INFO - DAG(s) dict_keys(['example_dynamic_task_mapping']) retrieved from /home/airflow/.local/lib/python3.7/site-packages/airflow/example_dags/example_dynamic_task_mapping.py
[2023-06-04T00:43:04.232+0000] {logging_mixin.py:149} INFO - [2023-06-04T00:43:04.232+0000] {dag.py:2726} INFO - Sync 1 DAGs
[2023-06-04T00:43:04.264+0000] {logging_mixin.py:149} INFO - [2023-06-04T00:43:04.264+0000] {dag.py:3490} INFO - Setting next_dagrun for example_dynamic_task_mapping to 2022-03-04T00:00:00+00:00, run_after=2022-03-05T00:00:00+00:00
[2023-06-04T00:43:04.288+0000] {processor.py:179} INFO - Processing /home/airflow/.local/lib/python3.7/site-packages/airflow/example_dags/example_dynamic_task_mapping.py took 0.097 seconds
