[2023-06-04T00:34:27.554+0000] {processor.py:157} INFO - Started process (PID=18176) to work on /home/airflow/.local/lib/python3.7/site-packages/airflow/example_dags/example_sla_dag.py
[2023-06-04T00:34:27.555+0000] {processor.py:826} INFO - Processing file /home/airflow/.local/lib/python3.7/site-packages/airflow/example_dags/example_sla_dag.py for tasks to queue
[2023-06-04T00:34:27.557+0000] {logging_mixin.py:149} INFO - [2023-06-04T00:34:27.556+0000] {dagbag.py:541} INFO - Filling up the DagBag from /home/airflow/.local/lib/python3.7/site-packages/airflow/example_dags/example_sla_dag.py
[2023-06-04T00:34:27.567+0000] {processor.py:836} INFO - DAG(s) dict_keys(['example_sla_dag']) retrieved from /home/airflow/.local/lib/python3.7/site-packages/airflow/example_dags/example_sla_dag.py
[2023-06-04T00:34:27.599+0000] {logging_mixin.py:149} INFO - [2023-06-04T00:34:27.599+0000] {dag.py:2726} INFO - Sync 1 DAGs
[2023-06-04T00:34:27.632+0000] {logging_mixin.py:149} INFO - [2023-06-04T00:34:27.632+0000] {dag.py:3490} INFO - Setting next_dagrun for example_sla_dag to 2023-06-04T00:32:00+00:00, run_after=2023-06-04T00:34:00+00:00
[2023-06-04T00:34:27.657+0000] {processor.py:179} INFO - Processing /home/airflow/.local/lib/python3.7/site-packages/airflow/example_dags/example_sla_dag.py took 0.107 seconds
[2023-06-04T00:34:57.738+0000] {processor.py:157} INFO - Started process (PID=18451) to work on /home/airflow/.local/lib/python3.7/site-packages/airflow/example_dags/example_sla_dag.py
[2023-06-04T00:34:57.740+0000] {processor.py:826} INFO - Processing file /home/airflow/.local/lib/python3.7/site-packages/airflow/example_dags/example_sla_dag.py for tasks to queue
[2023-06-04T00:34:57.741+0000] {logging_mixin.py:149} INFO - [2023-06-04T00:34:57.741+0000] {dagbag.py:541} INFO - Filling up the DagBag from /home/airflow/.local/lib/python3.7/site-packages/airflow/example_dags/example_sla_dag.py
[2023-06-04T00:34:57.754+0000] {processor.py:836} INFO - DAG(s) dict_keys(['example_sla_dag']) retrieved from /home/airflow/.local/lib/python3.7/site-packages/airflow/example_dags/example_sla_dag.py
[2023-06-04T00:34:57.787+0000] {logging_mixin.py:149} INFO - [2023-06-04T00:34:57.787+0000] {dag.py:2726} INFO - Sync 1 DAGs
[2023-06-04T00:34:57.835+0000] {logging_mixin.py:149} INFO - [2023-06-04T00:34:57.835+0000] {dag.py:3490} INFO - Setting next_dagrun for example_sla_dag to 2023-06-04T00:32:00+00:00, run_after=2023-06-04T00:34:00+00:00
[2023-06-04T00:34:57.867+0000] {processor.py:179} INFO - Processing /home/airflow/.local/lib/python3.7/site-packages/airflow/example_dags/example_sla_dag.py took 0.133 seconds
[2023-06-04T00:35:28.845+0000] {processor.py:157} INFO - Started process (PID=18702) to work on /home/airflow/.local/lib/python3.7/site-packages/airflow/example_dags/example_sla_dag.py
[2023-06-04T00:35:28.853+0000] {processor.py:826} INFO - Processing file /home/airflow/.local/lib/python3.7/site-packages/airflow/example_dags/example_sla_dag.py for tasks to queue
[2023-06-04T00:35:28.855+0000] {logging_mixin.py:149} INFO - [2023-06-04T00:35:28.855+0000] {dagbag.py:541} INFO - Filling up the DagBag from /home/airflow/.local/lib/python3.7/site-packages/airflow/example_dags/example_sla_dag.py
[2023-06-04T00:35:28.868+0000] {processor.py:836} INFO - DAG(s) dict_keys(['example_sla_dag']) retrieved from /home/airflow/.local/lib/python3.7/site-packages/airflow/example_dags/example_sla_dag.py
[2023-06-04T00:35:28.903+0000] {logging_mixin.py:149} INFO - [2023-06-04T00:35:28.903+0000] {dag.py:2726} INFO - Sync 1 DAGs
[2023-06-04T00:35:28.940+0000] {logging_mixin.py:149} INFO - [2023-06-04T00:35:28.939+0000] {dag.py:3490} INFO - Setting next_dagrun for example_sla_dag to 2023-06-04T00:32:00+00:00, run_after=2023-06-04T00:34:00+00:00
[2023-06-04T00:35:28.969+0000] {processor.py:179} INFO - Processing /home/airflow/.local/lib/python3.7/site-packages/airflow/example_dags/example_sla_dag.py took 0.129 seconds
[2023-06-04T00:35:59.567+0000] {processor.py:157} INFO - Started process (PID=18954) to work on /home/airflow/.local/lib/python3.7/site-packages/airflow/example_dags/example_sla_dag.py
[2023-06-04T00:35:59.569+0000] {processor.py:826} INFO - Processing file /home/airflow/.local/lib/python3.7/site-packages/airflow/example_dags/example_sla_dag.py for tasks to queue
[2023-06-04T00:35:59.570+0000] {logging_mixin.py:149} INFO - [2023-06-04T00:35:59.570+0000] {dagbag.py:541} INFO - Filling up the DagBag from /home/airflow/.local/lib/python3.7/site-packages/airflow/example_dags/example_sla_dag.py
[2023-06-04T00:35:59.582+0000] {processor.py:836} INFO - DAG(s) dict_keys(['example_sla_dag']) retrieved from /home/airflow/.local/lib/python3.7/site-packages/airflow/example_dags/example_sla_dag.py
[2023-06-04T00:35:59.608+0000] {logging_mixin.py:149} INFO - [2023-06-04T00:35:59.608+0000] {dag.py:2726} INFO - Sync 1 DAGs
[2023-06-04T00:35:59.641+0000] {logging_mixin.py:149} INFO - [2023-06-04T00:35:59.641+0000] {dag.py:3490} INFO - Setting next_dagrun for example_sla_dag to 2023-06-04T00:32:00+00:00, run_after=2023-06-04T00:34:00+00:00
[2023-06-04T00:35:59.670+0000] {processor.py:179} INFO - Processing /home/airflow/.local/lib/python3.7/site-packages/airflow/example_dags/example_sla_dag.py took 0.106 seconds
[2023-06-04T00:36:30.141+0000] {processor.py:157} INFO - Started process (PID=19206) to work on /home/airflow/.local/lib/python3.7/site-packages/airflow/example_dags/example_sla_dag.py
[2023-06-04T00:36:30.143+0000] {processor.py:826} INFO - Processing file /home/airflow/.local/lib/python3.7/site-packages/airflow/example_dags/example_sla_dag.py for tasks to queue
[2023-06-04T00:36:30.144+0000] {logging_mixin.py:149} INFO - [2023-06-04T00:36:30.144+0000] {dagbag.py:541} INFO - Filling up the DagBag from /home/airflow/.local/lib/python3.7/site-packages/airflow/example_dags/example_sla_dag.py
[2023-06-04T00:36:30.154+0000] {processor.py:836} INFO - DAG(s) dict_keys(['example_sla_dag']) retrieved from /home/airflow/.local/lib/python3.7/site-packages/airflow/example_dags/example_sla_dag.py
[2023-06-04T00:36:30.181+0000] {logging_mixin.py:149} INFO - [2023-06-04T00:36:30.181+0000] {dag.py:2726} INFO - Sync 1 DAGs
[2023-06-04T00:36:30.216+0000] {logging_mixin.py:149} INFO - [2023-06-04T00:36:30.216+0000] {dag.py:3490} INFO - Setting next_dagrun for example_sla_dag to 2023-06-04T00:34:00+00:00, run_after=2023-06-04T00:36:00+00:00
[2023-06-04T00:36:30.243+0000] {processor.py:179} INFO - Processing /home/airflow/.local/lib/python3.7/site-packages/airflow/example_dags/example_sla_dag.py took 0.105 seconds
[2023-06-04T00:37:01.277+0000] {processor.py:157} INFO - Started process (PID=19458) to work on /home/airflow/.local/lib/python3.7/site-packages/airflow/example_dags/example_sla_dag.py
[2023-06-04T00:37:01.279+0000] {processor.py:826} INFO - Processing file /home/airflow/.local/lib/python3.7/site-packages/airflow/example_dags/example_sla_dag.py for tasks to queue
[2023-06-04T00:37:01.280+0000] {logging_mixin.py:149} INFO - [2023-06-04T00:37:01.280+0000] {dagbag.py:541} INFO - Filling up the DagBag from /home/airflow/.local/lib/python3.7/site-packages/airflow/example_dags/example_sla_dag.py
[2023-06-04T00:37:01.292+0000] {processor.py:836} INFO - DAG(s) dict_keys(['example_sla_dag']) retrieved from /home/airflow/.local/lib/python3.7/site-packages/airflow/example_dags/example_sla_dag.py
[2023-06-04T00:37:01.319+0000] {logging_mixin.py:149} INFO - [2023-06-04T00:37:01.319+0000] {dag.py:2726} INFO - Sync 1 DAGs
[2023-06-04T00:37:01.352+0000] {logging_mixin.py:149} INFO - [2023-06-04T00:37:01.352+0000] {dag.py:3490} INFO - Setting next_dagrun for example_sla_dag to 2023-06-04T00:34:00+00:00, run_after=2023-06-04T00:36:00+00:00
[2023-06-04T00:37:01.384+0000] {processor.py:179} INFO - Processing /home/airflow/.local/lib/python3.7/site-packages/airflow/example_dags/example_sla_dag.py took 0.110 seconds
[2023-06-04T00:37:31.974+0000] {processor.py:157} INFO - Started process (PID=19712) to work on /home/airflow/.local/lib/python3.7/site-packages/airflow/example_dags/example_sla_dag.py
[2023-06-04T00:37:31.976+0000] {processor.py:826} INFO - Processing file /home/airflow/.local/lib/python3.7/site-packages/airflow/example_dags/example_sla_dag.py for tasks to queue
[2023-06-04T00:37:31.980+0000] {logging_mixin.py:149} INFO - [2023-06-04T00:37:31.980+0000] {dagbag.py:541} INFO - Filling up the DagBag from /home/airflow/.local/lib/python3.7/site-packages/airflow/example_dags/example_sla_dag.py
[2023-06-04T00:37:31.993+0000] {processor.py:836} INFO - DAG(s) dict_keys(['example_sla_dag']) retrieved from /home/airflow/.local/lib/python3.7/site-packages/airflow/example_dags/example_sla_dag.py
[2023-06-04T00:37:32.023+0000] {logging_mixin.py:149} INFO - [2023-06-04T00:37:32.023+0000] {dag.py:2726} INFO - Sync 1 DAGs
[2023-06-04T00:37:32.060+0000] {logging_mixin.py:149} INFO - [2023-06-04T00:37:32.060+0000] {dag.py:3490} INFO - Setting next_dagrun for example_sla_dag to 2023-06-04T00:34:00+00:00, run_after=2023-06-04T00:36:00+00:00
[2023-06-04T00:37:32.089+0000] {processor.py:179} INFO - Processing /home/airflow/.local/lib/python3.7/site-packages/airflow/example_dags/example_sla_dag.py took 0.118 seconds
[2023-06-04T00:38:02.927+0000] {processor.py:157} INFO - Started process (PID=19961) to work on /home/airflow/.local/lib/python3.7/site-packages/airflow/example_dags/example_sla_dag.py
[2023-06-04T00:38:02.929+0000] {processor.py:826} INFO - Processing file /home/airflow/.local/lib/python3.7/site-packages/airflow/example_dags/example_sla_dag.py for tasks to queue
[2023-06-04T00:38:02.930+0000] {logging_mixin.py:149} INFO - [2023-06-04T00:38:02.930+0000] {dagbag.py:541} INFO - Filling up the DagBag from /home/airflow/.local/lib/python3.7/site-packages/airflow/example_dags/example_sla_dag.py
[2023-06-04T00:38:02.940+0000] {processor.py:836} INFO - DAG(s) dict_keys(['example_sla_dag']) retrieved from /home/airflow/.local/lib/python3.7/site-packages/airflow/example_dags/example_sla_dag.py
[2023-06-04T00:38:02.969+0000] {logging_mixin.py:149} INFO - [2023-06-04T00:38:02.969+0000] {dag.py:2726} INFO - Sync 1 DAGs
[2023-06-04T00:38:03.004+0000] {logging_mixin.py:149} INFO - [2023-06-04T00:38:03.004+0000] {dag.py:3490} INFO - Setting next_dagrun for example_sla_dag to 2023-06-04T00:36:00+00:00, run_after=2023-06-04T00:38:00+00:00
[2023-06-04T00:38:03.028+0000] {processor.py:179} INFO - Processing /home/airflow/.local/lib/python3.7/site-packages/airflow/example_dags/example_sla_dag.py took 0.105 seconds
[2023-06-04T00:38:33.739+0000] {processor.py:157} INFO - Started process (PID=20212) to work on /home/airflow/.local/lib/python3.7/site-packages/airflow/example_dags/example_sla_dag.py
[2023-06-04T00:38:33.740+0000] {processor.py:826} INFO - Processing file /home/airflow/.local/lib/python3.7/site-packages/airflow/example_dags/example_sla_dag.py for tasks to queue
[2023-06-04T00:38:33.741+0000] {logging_mixin.py:149} INFO - [2023-06-04T00:38:33.741+0000] {dagbag.py:541} INFO - Filling up the DagBag from /home/airflow/.local/lib/python3.7/site-packages/airflow/example_dags/example_sla_dag.py
[2023-06-04T00:38:33.751+0000] {processor.py:836} INFO - DAG(s) dict_keys(['example_sla_dag']) retrieved from /home/airflow/.local/lib/python3.7/site-packages/airflow/example_dags/example_sla_dag.py
[2023-06-04T00:38:33.778+0000] {logging_mixin.py:149} INFO - [2023-06-04T00:38:33.777+0000] {dag.py:2726} INFO - Sync 1 DAGs
[2023-06-04T00:38:33.812+0000] {logging_mixin.py:149} INFO - [2023-06-04T00:38:33.811+0000] {dag.py:3490} INFO - Setting next_dagrun for example_sla_dag to 2023-06-04T00:36:00+00:00, run_after=2023-06-04T00:38:00+00:00
[2023-06-04T00:38:33.837+0000] {processor.py:179} INFO - Processing /home/airflow/.local/lib/python3.7/site-packages/airflow/example_dags/example_sla_dag.py took 0.102 seconds
[2023-06-04T00:39:04.439+0000] {processor.py:157} INFO - Started process (PID=20464) to work on /home/airflow/.local/lib/python3.7/site-packages/airflow/example_dags/example_sla_dag.py
[2023-06-04T00:39:04.440+0000] {processor.py:826} INFO - Processing file /home/airflow/.local/lib/python3.7/site-packages/airflow/example_dags/example_sla_dag.py for tasks to queue
[2023-06-04T00:39:04.442+0000] {logging_mixin.py:149} INFO - [2023-06-04T00:39:04.442+0000] {dagbag.py:541} INFO - Filling up the DagBag from /home/airflow/.local/lib/python3.7/site-packages/airflow/example_dags/example_sla_dag.py
[2023-06-04T00:39:04.454+0000] {processor.py:836} INFO - DAG(s) dict_keys(['example_sla_dag']) retrieved from /home/airflow/.local/lib/python3.7/site-packages/airflow/example_dags/example_sla_dag.py
[2023-06-04T00:39:04.483+0000] {logging_mixin.py:149} INFO - [2023-06-04T00:39:04.482+0000] {dag.py:2726} INFO - Sync 1 DAGs
[2023-06-04T00:39:04.520+0000] {logging_mixin.py:149} INFO - [2023-06-04T00:39:04.519+0000] {dag.py:3490} INFO - Setting next_dagrun for example_sla_dag to 2023-06-04T00:36:00+00:00, run_after=2023-06-04T00:38:00+00:00
[2023-06-04T00:39:04.548+0000] {processor.py:179} INFO - Processing /home/airflow/.local/lib/python3.7/site-packages/airflow/example_dags/example_sla_dag.py took 0.113 seconds
