[2023-06-04T00:34:28.256+0000] {processor.py:157} INFO - Started process (PID=18207) to work on /home/airflow/.local/lib/python3.7/site-packages/airflow/example_dags/example_params_trigger_ui.py
[2023-06-04T00:34:28.257+0000] {processor.py:826} INFO - Processing file /home/airflow/.local/lib/python3.7/site-packages/airflow/example_dags/example_params_trigger_ui.py for tasks to queue
[2023-06-04T00:34:28.259+0000] {logging_mixin.py:149} INFO - [2023-06-04T00:34:28.259+0000] {dagbag.py:541} INFO - Filling up the DagBag from /home/airflow/.local/lib/python3.7/site-packages/airflow/example_dags/example_params_trigger_ui.py
[2023-06-04T00:34:28.361+0000] {processor.py:836} INFO - DAG(s) dict_keys(['example_params_trigger_ui']) retrieved from /home/airflow/.local/lib/python3.7/site-packages/airflow/example_dags/example_params_trigger_ui.py
[2023-06-04T00:34:28.477+0000] {logging_mixin.py:149} INFO - [2023-06-04T00:34:28.477+0000] {dag.py:2726} INFO - Sync 1 DAGs
[2023-06-04T00:34:28.510+0000] {logging_mixin.py:149} INFO - [2023-06-04T00:34:28.510+0000] {dag.py:3490} INFO - Setting next_dagrun for example_params_trigger_ui to None, run_after=None
[2023-06-04T00:34:28.536+0000] {processor.py:179} INFO - Processing /home/airflow/.local/lib/python3.7/site-packages/airflow/example_dags/example_params_trigger_ui.py took 0.284 seconds
[2023-06-04T00:34:58.692+0000] {processor.py:157} INFO - Started process (PID=18481) to work on /home/airflow/.local/lib/python3.7/site-packages/airflow/example_dags/example_params_trigger_ui.py
[2023-06-04T00:34:58.693+0000] {processor.py:826} INFO - Processing file /home/airflow/.local/lib/python3.7/site-packages/airflow/example_dags/example_params_trigger_ui.py for tasks to queue
[2023-06-04T00:34:58.695+0000] {logging_mixin.py:149} INFO - [2023-06-04T00:34:58.695+0000] {dagbag.py:541} INFO - Filling up the DagBag from /home/airflow/.local/lib/python3.7/site-packages/airflow/example_dags/example_params_trigger_ui.py
[2023-06-04T00:34:58.721+0000] {processor.py:836} INFO - DAG(s) dict_keys(['example_params_trigger_ui']) retrieved from /home/airflow/.local/lib/python3.7/site-packages/airflow/example_dags/example_params_trigger_ui.py
[2023-06-04T00:34:58.833+0000] {logging_mixin.py:149} INFO - [2023-06-04T00:34:58.833+0000] {dag.py:2726} INFO - Sync 1 DAGs
[2023-06-04T00:34:58.864+0000] {logging_mixin.py:149} INFO - [2023-06-04T00:34:58.863+0000] {dag.py:3490} INFO - Setting next_dagrun for example_params_trigger_ui to None, run_after=None
[2023-06-04T00:34:58.890+0000] {processor.py:179} INFO - Processing /home/airflow/.local/lib/python3.7/site-packages/airflow/example_dags/example_params_trigger_ui.py took 0.202 seconds
[2023-06-04T00:35:29.376+0000] {processor.py:157} INFO - Started process (PID=18732) to work on /home/airflow/.local/lib/python3.7/site-packages/airflow/example_dags/example_params_trigger_ui.py
[2023-06-04T00:35:29.378+0000] {processor.py:826} INFO - Processing file /home/airflow/.local/lib/python3.7/site-packages/airflow/example_dags/example_params_trigger_ui.py for tasks to queue
[2023-06-04T00:35:29.380+0000] {logging_mixin.py:149} INFO - [2023-06-04T00:35:29.380+0000] {dagbag.py:541} INFO - Filling up the DagBag from /home/airflow/.local/lib/python3.7/site-packages/airflow/example_dags/example_params_trigger_ui.py
[2023-06-04T00:35:29.406+0000] {processor.py:836} INFO - DAG(s) dict_keys(['example_params_trigger_ui']) retrieved from /home/airflow/.local/lib/python3.7/site-packages/airflow/example_dags/example_params_trigger_ui.py
[2023-06-04T00:35:29.544+0000] {logging_mixin.py:149} INFO - [2023-06-04T00:35:29.544+0000] {dag.py:2726} INFO - Sync 1 DAGs
[2023-06-04T00:35:29.586+0000] {logging_mixin.py:149} INFO - [2023-06-04T00:35:29.585+0000] {dag.py:3490} INFO - Setting next_dagrun for example_params_trigger_ui to None, run_after=None
[2023-06-04T00:35:29.616+0000] {processor.py:179} INFO - Processing /home/airflow/.local/lib/python3.7/site-packages/airflow/example_dags/example_params_trigger_ui.py took 0.243 seconds
[2023-06-04T00:36:00.064+0000] {processor.py:157} INFO - Started process (PID=18984) to work on /home/airflow/.local/lib/python3.7/site-packages/airflow/example_dags/example_params_trigger_ui.py
[2023-06-04T00:36:00.066+0000] {processor.py:826} INFO - Processing file /home/airflow/.local/lib/python3.7/site-packages/airflow/example_dags/example_params_trigger_ui.py for tasks to queue
[2023-06-04T00:36:00.068+0000] {logging_mixin.py:149} INFO - [2023-06-04T00:36:00.068+0000] {dagbag.py:541} INFO - Filling up the DagBag from /home/airflow/.local/lib/python3.7/site-packages/airflow/example_dags/example_params_trigger_ui.py
[2023-06-04T00:36:00.104+0000] {processor.py:836} INFO - DAG(s) dict_keys(['example_params_trigger_ui']) retrieved from /home/airflow/.local/lib/python3.7/site-packages/airflow/example_dags/example_params_trigger_ui.py
[2023-06-04T00:36:00.214+0000] {logging_mixin.py:149} INFO - [2023-06-04T00:36:00.214+0000] {dag.py:2726} INFO - Sync 1 DAGs
[2023-06-04T00:36:00.244+0000] {logging_mixin.py:149} INFO - [2023-06-04T00:36:00.244+0000] {dag.py:3490} INFO - Setting next_dagrun for example_params_trigger_ui to None, run_after=None
[2023-06-04T00:36:00.273+0000] {processor.py:179} INFO - Processing /home/airflow/.local/lib/python3.7/site-packages/airflow/example_dags/example_params_trigger_ui.py took 0.213 seconds
[2023-06-04T00:36:30.586+0000] {processor.py:157} INFO - Started process (PID=19236) to work on /home/airflow/.local/lib/python3.7/site-packages/airflow/example_dags/example_params_trigger_ui.py
[2023-06-04T00:36:30.587+0000] {processor.py:826} INFO - Processing file /home/airflow/.local/lib/python3.7/site-packages/airflow/example_dags/example_params_trigger_ui.py for tasks to queue
[2023-06-04T00:36:30.589+0000] {logging_mixin.py:149} INFO - [2023-06-04T00:36:30.589+0000] {dagbag.py:541} INFO - Filling up the DagBag from /home/airflow/.local/lib/python3.7/site-packages/airflow/example_dags/example_params_trigger_ui.py
[2023-06-04T00:36:30.616+0000] {processor.py:836} INFO - DAG(s) dict_keys(['example_params_trigger_ui']) retrieved from /home/airflow/.local/lib/python3.7/site-packages/airflow/example_dags/example_params_trigger_ui.py
[2023-06-04T00:36:30.728+0000] {logging_mixin.py:149} INFO - [2023-06-04T00:36:30.728+0000] {dag.py:2726} INFO - Sync 1 DAGs
[2023-06-04T00:36:30.763+0000] {logging_mixin.py:149} INFO - [2023-06-04T00:36:30.763+0000] {dag.py:3490} INFO - Setting next_dagrun for example_params_trigger_ui to None, run_after=None
[2023-06-04T00:36:30.793+0000] {processor.py:179} INFO - Processing /home/airflow/.local/lib/python3.7/site-packages/airflow/example_dags/example_params_trigger_ui.py took 0.210 seconds
[2023-06-04T00:37:01.807+0000] {processor.py:157} INFO - Started process (PID=19490) to work on /home/airflow/.local/lib/python3.7/site-packages/airflow/example_dags/example_params_trigger_ui.py
[2023-06-04T00:37:01.808+0000] {processor.py:826} INFO - Processing file /home/airflow/.local/lib/python3.7/site-packages/airflow/example_dags/example_params_trigger_ui.py for tasks to queue
[2023-06-04T00:37:01.810+0000] {logging_mixin.py:149} INFO - [2023-06-04T00:37:01.810+0000] {dagbag.py:541} INFO - Filling up the DagBag from /home/airflow/.local/lib/python3.7/site-packages/airflow/example_dags/example_params_trigger_ui.py
[2023-06-04T00:37:01.837+0000] {processor.py:836} INFO - DAG(s) dict_keys(['example_params_trigger_ui']) retrieved from /home/airflow/.local/lib/python3.7/site-packages/airflow/example_dags/example_params_trigger_ui.py
[2023-06-04T00:37:01.944+0000] {logging_mixin.py:149} INFO - [2023-06-04T00:37:01.944+0000] {dag.py:2726} INFO - Sync 1 DAGs
[2023-06-04T00:37:01.977+0000] {logging_mixin.py:149} INFO - [2023-06-04T00:37:01.977+0000] {dag.py:3490} INFO - Setting next_dagrun for example_params_trigger_ui to None, run_after=None
[2023-06-04T00:37:02.008+0000] {processor.py:179} INFO - Processing /home/airflow/.local/lib/python3.7/site-packages/airflow/example_dags/example_params_trigger_ui.py took 0.204 seconds
[2023-06-04T00:37:32.693+0000] {processor.py:157} INFO - Started process (PID=19742) to work on /home/airflow/.local/lib/python3.7/site-packages/airflow/example_dags/example_params_trigger_ui.py
[2023-06-04T00:37:32.695+0000] {processor.py:826} INFO - Processing file /home/airflow/.local/lib/python3.7/site-packages/airflow/example_dags/example_params_trigger_ui.py for tasks to queue
[2023-06-04T00:37:32.698+0000] {logging_mixin.py:149} INFO - [2023-06-04T00:37:32.698+0000] {dagbag.py:541} INFO - Filling up the DagBag from /home/airflow/.local/lib/python3.7/site-packages/airflow/example_dags/example_params_trigger_ui.py
[2023-06-04T00:37:32.726+0000] {processor.py:836} INFO - DAG(s) dict_keys(['example_params_trigger_ui']) retrieved from /home/airflow/.local/lib/python3.7/site-packages/airflow/example_dags/example_params_trigger_ui.py
[2023-06-04T00:37:32.840+0000] {logging_mixin.py:149} INFO - [2023-06-04T00:37:32.840+0000] {dag.py:2726} INFO - Sync 1 DAGs
[2023-06-04T00:37:32.872+0000] {logging_mixin.py:149} INFO - [2023-06-04T00:37:32.872+0000] {dag.py:3490} INFO - Setting next_dagrun for example_params_trigger_ui to None, run_after=None
[2023-06-04T00:37:32.900+0000] {processor.py:179} INFO - Processing /home/airflow/.local/lib/python3.7/site-packages/airflow/example_dags/example_params_trigger_ui.py took 0.210 seconds
[2023-06-04T00:38:03.481+0000] {processor.py:157} INFO - Started process (PID=19996) to work on /home/airflow/.local/lib/python3.7/site-packages/airflow/example_dags/example_params_trigger_ui.py
[2023-06-04T00:38:03.483+0000] {processor.py:826} INFO - Processing file /home/airflow/.local/lib/python3.7/site-packages/airflow/example_dags/example_params_trigger_ui.py for tasks to queue
[2023-06-04T00:38:03.484+0000] {logging_mixin.py:149} INFO - [2023-06-04T00:38:03.484+0000] {dagbag.py:541} INFO - Filling up the DagBag from /home/airflow/.local/lib/python3.7/site-packages/airflow/example_dags/example_params_trigger_ui.py
[2023-06-04T00:38:03.515+0000] {processor.py:836} INFO - DAG(s) dict_keys(['example_params_trigger_ui']) retrieved from /home/airflow/.local/lib/python3.7/site-packages/airflow/example_dags/example_params_trigger_ui.py
[2023-06-04T00:38:03.640+0000] {logging_mixin.py:149} INFO - [2023-06-04T00:38:03.640+0000] {dag.py:2726} INFO - Sync 1 DAGs
[2023-06-04T00:38:03.671+0000] {logging_mixin.py:149} INFO - [2023-06-04T00:38:03.671+0000] {dag.py:3490} INFO - Setting next_dagrun for example_params_trigger_ui to None, run_after=None
[2023-06-04T00:38:03.699+0000] {processor.py:179} INFO - Processing /home/airflow/.local/lib/python3.7/site-packages/airflow/example_dags/example_params_trigger_ui.py took 0.222 seconds
[2023-06-04T00:38:34.205+0000] {processor.py:157} INFO - Started process (PID=20242) to work on /home/airflow/.local/lib/python3.7/site-packages/airflow/example_dags/example_params_trigger_ui.py
[2023-06-04T00:38:34.206+0000] {processor.py:826} INFO - Processing file /home/airflow/.local/lib/python3.7/site-packages/airflow/example_dags/example_params_trigger_ui.py for tasks to queue
[2023-06-04T00:38:34.208+0000] {logging_mixin.py:149} INFO - [2023-06-04T00:38:34.207+0000] {dagbag.py:541} INFO - Filling up the DagBag from /home/airflow/.local/lib/python3.7/site-packages/airflow/example_dags/example_params_trigger_ui.py
[2023-06-04T00:38:34.233+0000] {processor.py:836} INFO - DAG(s) dict_keys(['example_params_trigger_ui']) retrieved from /home/airflow/.local/lib/python3.7/site-packages/airflow/example_dags/example_params_trigger_ui.py
[2023-06-04T00:38:34.343+0000] {logging_mixin.py:149} INFO - [2023-06-04T00:38:34.342+0000] {dag.py:2726} INFO - Sync 1 DAGs
[2023-06-04T00:38:34.376+0000] {logging_mixin.py:149} INFO - [2023-06-04T00:38:34.376+0000] {dag.py:3490} INFO - Setting next_dagrun for example_params_trigger_ui to None, run_after=None
[2023-06-04T00:38:34.405+0000] {processor.py:179} INFO - Processing /home/airflow/.local/lib/python3.7/site-packages/airflow/example_dags/example_params_trigger_ui.py took 0.204 seconds
[2023-06-04T00:39:04.987+0000] {processor.py:157} INFO - Started process (PID=20501) to work on /home/airflow/.local/lib/python3.7/site-packages/airflow/example_dags/example_params_trigger_ui.py
[2023-06-04T00:39:04.989+0000] {processor.py:826} INFO - Processing file /home/airflow/.local/lib/python3.7/site-packages/airflow/example_dags/example_params_trigger_ui.py for tasks to queue
[2023-06-04T00:39:04.991+0000] {logging_mixin.py:149} INFO - [2023-06-04T00:39:04.990+0000] {dagbag.py:541} INFO - Filling up the DagBag from /home/airflow/.local/lib/python3.7/site-packages/airflow/example_dags/example_params_trigger_ui.py
[2023-06-04T00:39:05.016+0000] {processor.py:836} INFO - DAG(s) dict_keys(['example_params_trigger_ui']) retrieved from /home/airflow/.local/lib/python3.7/site-packages/airflow/example_dags/example_params_trigger_ui.py
[2023-06-04T00:39:05.131+0000] {logging_mixin.py:149} INFO - [2023-06-04T00:39:05.131+0000] {dag.py:2726} INFO - Sync 1 DAGs
[2023-06-04T00:39:05.160+0000] {logging_mixin.py:149} INFO - [2023-06-04T00:39:05.160+0000] {dag.py:3490} INFO - Setting next_dagrun for example_params_trigger_ui to None, run_after=None
[2023-06-04T00:39:05.187+0000] {processor.py:179} INFO - Processing /home/airflow/.local/lib/python3.7/site-packages/airflow/example_dags/example_params_trigger_ui.py took 0.203 seconds
[2023-06-04T00:39:35.592+0000] {processor.py:157} INFO - Started process (PID=20755) to work on /home/airflow/.local/lib/python3.7/site-packages/airflow/example_dags/example_params_trigger_ui.py
[2023-06-04T00:39:35.594+0000] {processor.py:826} INFO - Processing file /home/airflow/.local/lib/python3.7/site-packages/airflow/example_dags/example_params_trigger_ui.py for tasks to queue
[2023-06-04T00:39:35.597+0000] {logging_mixin.py:149} INFO - [2023-06-04T00:39:35.596+0000] {dagbag.py:541} INFO - Filling up the DagBag from /home/airflow/.local/lib/python3.7/site-packages/airflow/example_dags/example_params_trigger_ui.py
[2023-06-04T00:39:35.630+0000] {processor.py:836} INFO - DAG(s) dict_keys(['example_params_trigger_ui']) retrieved from /home/airflow/.local/lib/python3.7/site-packages/airflow/example_dags/example_params_trigger_ui.py
[2023-06-04T00:39:35.738+0000] {logging_mixin.py:149} INFO - [2023-06-04T00:39:35.738+0000] {dag.py:2726} INFO - Sync 1 DAGs
[2023-06-04T00:39:35.769+0000] {logging_mixin.py:149} INFO - [2023-06-04T00:39:35.768+0000] {dag.py:3490} INFO - Setting next_dagrun for example_params_trigger_ui to None, run_after=None
[2023-06-04T00:39:35.799+0000] {processor.py:179} INFO - Processing /home/airflow/.local/lib/python3.7/site-packages/airflow/example_dags/example_params_trigger_ui.py took 0.214 seconds
[2023-06-04T00:40:07.172+0000] {processor.py:157} INFO - Started process (PID=21005) to work on /home/airflow/.local/lib/python3.7/site-packages/airflow/example_dags/example_params_trigger_ui.py
[2023-06-04T00:40:07.173+0000] {processor.py:826} INFO - Processing file /home/airflow/.local/lib/python3.7/site-packages/airflow/example_dags/example_params_trigger_ui.py for tasks to queue
[2023-06-04T00:40:07.175+0000] {logging_mixin.py:149} INFO - [2023-06-04T00:40:07.175+0000] {dagbag.py:541} INFO - Filling up the DagBag from /home/airflow/.local/lib/python3.7/site-packages/airflow/example_dags/example_params_trigger_ui.py
[2023-06-04T00:40:07.202+0000] {processor.py:836} INFO - DAG(s) dict_keys(['example_params_trigger_ui']) retrieved from /home/airflow/.local/lib/python3.7/site-packages/airflow/example_dags/example_params_trigger_ui.py
[2023-06-04T00:40:07.318+0000] {logging_mixin.py:149} INFO - [2023-06-04T00:40:07.318+0000] {dag.py:2726} INFO - Sync 1 DAGs
[2023-06-04T00:40:07.350+0000] {logging_mixin.py:149} INFO - [2023-06-04T00:40:07.350+0000] {dag.py:3490} INFO - Setting next_dagrun for example_params_trigger_ui to None, run_after=None
[2023-06-04T00:40:07.382+0000] {processor.py:179} INFO - Processing /home/airflow/.local/lib/python3.7/site-packages/airflow/example_dags/example_params_trigger_ui.py took 0.214 seconds
[2023-06-04T00:40:38.303+0000] {processor.py:157} INFO - Started process (PID=21257) to work on /home/airflow/.local/lib/python3.7/site-packages/airflow/example_dags/example_params_trigger_ui.py
[2023-06-04T00:40:38.305+0000] {processor.py:826} INFO - Processing file /home/airflow/.local/lib/python3.7/site-packages/airflow/example_dags/example_params_trigger_ui.py for tasks to queue
[2023-06-04T00:40:38.307+0000] {logging_mixin.py:149} INFO - [2023-06-04T00:40:38.306+0000] {dagbag.py:541} INFO - Filling up the DagBag from /home/airflow/.local/lib/python3.7/site-packages/airflow/example_dags/example_params_trigger_ui.py
[2023-06-04T00:40:38.333+0000] {processor.py:836} INFO - DAG(s) dict_keys(['example_params_trigger_ui']) retrieved from /home/airflow/.local/lib/python3.7/site-packages/airflow/example_dags/example_params_trigger_ui.py
[2023-06-04T00:40:38.442+0000] {logging_mixin.py:149} INFO - [2023-06-04T00:40:38.442+0000] {dag.py:2726} INFO - Sync 1 DAGs
[2023-06-04T00:40:38.471+0000] {logging_mixin.py:149} INFO - [2023-06-04T00:40:38.471+0000] {dag.py:3490} INFO - Setting next_dagrun for example_params_trigger_ui to None, run_after=None
[2023-06-04T00:40:38.501+0000] {processor.py:179} INFO - Processing /home/airflow/.local/lib/python3.7/site-packages/airflow/example_dags/example_params_trigger_ui.py took 0.201 seconds
[2023-06-04T00:41:10.574+0000] {processor.py:157} INFO - Started process (PID=21511) to work on /home/airflow/.local/lib/python3.7/site-packages/airflow/example_dags/example_params_trigger_ui.py
[2023-06-04T00:41:10.576+0000] {processor.py:826} INFO - Processing file /home/airflow/.local/lib/python3.7/site-packages/airflow/example_dags/example_params_trigger_ui.py for tasks to queue
[2023-06-04T00:41:10.578+0000] {logging_mixin.py:149} INFO - [2023-06-04T00:41:10.578+0000] {dagbag.py:541} INFO - Filling up the DagBag from /home/airflow/.local/lib/python3.7/site-packages/airflow/example_dags/example_params_trigger_ui.py
[2023-06-04T00:41:10.609+0000] {processor.py:836} INFO - DAG(s) dict_keys(['example_params_trigger_ui']) retrieved from /home/airflow/.local/lib/python3.7/site-packages/airflow/example_dags/example_params_trigger_ui.py
[2023-06-04T00:41:10.733+0000] {logging_mixin.py:149} INFO - [2023-06-04T00:41:10.732+0000] {dag.py:2726} INFO - Sync 1 DAGs
[2023-06-04T00:41:10.767+0000] {logging_mixin.py:149} INFO - [2023-06-04T00:41:10.767+0000] {dag.py:3490} INFO - Setting next_dagrun for example_params_trigger_ui to None, run_after=None
[2023-06-04T00:41:10.795+0000] {processor.py:179} INFO - Processing /home/airflow/.local/lib/python3.7/site-packages/airflow/example_dags/example_params_trigger_ui.py took 0.225 seconds
[2023-06-04T00:41:41.777+0000] {processor.py:157} INFO - Started process (PID=21763) to work on /home/airflow/.local/lib/python3.7/site-packages/airflow/example_dags/example_params_trigger_ui.py
[2023-06-04T00:41:41.779+0000] {processor.py:826} INFO - Processing file /home/airflow/.local/lib/python3.7/site-packages/airflow/example_dags/example_params_trigger_ui.py for tasks to queue
[2023-06-04T00:41:41.781+0000] {logging_mixin.py:149} INFO - [2023-06-04T00:41:41.780+0000] {dagbag.py:541} INFO - Filling up the DagBag from /home/airflow/.local/lib/python3.7/site-packages/airflow/example_dags/example_params_trigger_ui.py
[2023-06-04T00:41:41.810+0000] {processor.py:836} INFO - DAG(s) dict_keys(['example_params_trigger_ui']) retrieved from /home/airflow/.local/lib/python3.7/site-packages/airflow/example_dags/example_params_trigger_ui.py
[2023-06-04T00:41:41.923+0000] {logging_mixin.py:149} INFO - [2023-06-04T00:41:41.923+0000] {dag.py:2726} INFO - Sync 1 DAGs
[2023-06-04T00:41:41.951+0000] {logging_mixin.py:149} INFO - [2023-06-04T00:41:41.951+0000] {dag.py:3490} INFO - Setting next_dagrun for example_params_trigger_ui to None, run_after=None
[2023-06-04T00:41:41.979+0000] {processor.py:179} INFO - Processing /home/airflow/.local/lib/python3.7/site-packages/airflow/example_dags/example_params_trigger_ui.py took 0.207 seconds
[2023-06-04T00:42:12.734+0000] {processor.py:157} INFO - Started process (PID=22013) to work on /home/airflow/.local/lib/python3.7/site-packages/airflow/example_dags/example_params_trigger_ui.py
[2023-06-04T00:42:12.735+0000] {processor.py:826} INFO - Processing file /home/airflow/.local/lib/python3.7/site-packages/airflow/example_dags/example_params_trigger_ui.py for tasks to queue
[2023-06-04T00:42:12.737+0000] {logging_mixin.py:149} INFO - [2023-06-04T00:42:12.737+0000] {dagbag.py:541} INFO - Filling up the DagBag from /home/airflow/.local/lib/python3.7/site-packages/airflow/example_dags/example_params_trigger_ui.py
[2023-06-04T00:42:12.763+0000] {processor.py:836} INFO - DAG(s) dict_keys(['example_params_trigger_ui']) retrieved from /home/airflow/.local/lib/python3.7/site-packages/airflow/example_dags/example_params_trigger_ui.py
[2023-06-04T00:42:12.870+0000] {logging_mixin.py:149} INFO - [2023-06-04T00:42:12.870+0000] {dag.py:2726} INFO - Sync 1 DAGs
[2023-06-04T00:42:12.900+0000] {logging_mixin.py:149} INFO - [2023-06-04T00:42:12.900+0000] {dag.py:3490} INFO - Setting next_dagrun for example_params_trigger_ui to None, run_after=None
[2023-06-04T00:42:12.929+0000] {processor.py:179} INFO - Processing /home/airflow/.local/lib/python3.7/site-packages/airflow/example_dags/example_params_trigger_ui.py took 0.198 seconds
[2023-06-04T00:42:43.659+0000] {processor.py:157} INFO - Started process (PID=22270) to work on /home/airflow/.local/lib/python3.7/site-packages/airflow/example_dags/example_params_trigger_ui.py
[2023-06-04T00:42:43.661+0000] {processor.py:826} INFO - Processing file /home/airflow/.local/lib/python3.7/site-packages/airflow/example_dags/example_params_trigger_ui.py for tasks to queue
[2023-06-04T00:42:43.663+0000] {logging_mixin.py:149} INFO - [2023-06-04T00:42:43.663+0000] {dagbag.py:541} INFO - Filling up the DagBag from /home/airflow/.local/lib/python3.7/site-packages/airflow/example_dags/example_params_trigger_ui.py
[2023-06-04T00:42:43.690+0000] {processor.py:836} INFO - DAG(s) dict_keys(['example_params_trigger_ui']) retrieved from /home/airflow/.local/lib/python3.7/site-packages/airflow/example_dags/example_params_trigger_ui.py
[2023-06-04T00:42:43.800+0000] {logging_mixin.py:149} INFO - [2023-06-04T00:42:43.800+0000] {dag.py:2726} INFO - Sync 1 DAGs
[2023-06-04T00:42:43.831+0000] {logging_mixin.py:149} INFO - [2023-06-04T00:42:43.831+0000] {dag.py:3490} INFO - Setting next_dagrun for example_params_trigger_ui to None, run_after=None
[2023-06-04T00:42:43.859+0000] {processor.py:179} INFO - Processing /home/airflow/.local/lib/python3.7/site-packages/airflow/example_dags/example_params_trigger_ui.py took 0.203 seconds
[2023-06-04T00:43:14.301+0000] {processor.py:157} INFO - Started process (PID=22522) to work on /home/airflow/.local/lib/python3.7/site-packages/airflow/example_dags/example_params_trigger_ui.py
[2023-06-04T00:43:14.302+0000] {processor.py:826} INFO - Processing file /home/airflow/.local/lib/python3.7/site-packages/airflow/example_dags/example_params_trigger_ui.py for tasks to queue
[2023-06-04T00:43:14.304+0000] {logging_mixin.py:149} INFO - [2023-06-04T00:43:14.304+0000] {dagbag.py:541} INFO - Filling up the DagBag from /home/airflow/.local/lib/python3.7/site-packages/airflow/example_dags/example_params_trigger_ui.py
[2023-06-04T00:43:14.331+0000] {processor.py:836} INFO - DAG(s) dict_keys(['example_params_trigger_ui']) retrieved from /home/airflow/.local/lib/python3.7/site-packages/airflow/example_dags/example_params_trigger_ui.py
[2023-06-04T00:43:14.448+0000] {logging_mixin.py:149} INFO - [2023-06-04T00:43:14.447+0000] {dag.py:2726} INFO - Sync 1 DAGs
[2023-06-04T00:43:14.479+0000] {logging_mixin.py:149} INFO - [2023-06-04T00:43:14.479+0000] {dag.py:3490} INFO - Setting next_dagrun for example_params_trigger_ui to None, run_after=None
[2023-06-04T00:43:14.510+0000] {processor.py:179} INFO - Processing /home/airflow/.local/lib/python3.7/site-packages/airflow/example_dags/example_params_trigger_ui.py took 0.214 seconds
