[2023-06-04T00:34:25.534+0000] {processor.py:157} INFO - Started process (PID=18079) to work on /home/airflow/.local/lib/python3.7/site-packages/airflow/example_dags/example_sensor_decorator.py
[2023-06-04T00:34:25.536+0000] {processor.py:826} INFO - Processing file /home/airflow/.local/lib/python3.7/site-packages/airflow/example_dags/example_sensor_decorator.py for tasks to queue
[2023-06-04T00:34:25.537+0000] {logging_mixin.py:149} INFO - [2023-06-04T00:34:25.537+0000] {dagbag.py:541} INFO - Filling up the DagBag from /home/airflow/.local/lib/python3.7/site-packages/airflow/example_dags/example_sensor_decorator.py
[2023-06-04T00:34:25.545+0000] {processor.py:836} INFO - DAG(s) dict_keys(['example_sensor_decorator']) retrieved from /home/airflow/.local/lib/python3.7/site-packages/airflow/example_dags/example_sensor_decorator.py
[2023-06-04T00:34:25.585+0000] {logging_mixin.py:149} INFO - [2023-06-04T00:34:25.585+0000] {dag.py:2726} INFO - Sync 1 DAGs
[2023-06-04T00:34:25.621+0000] {logging_mixin.py:149} INFO - [2023-06-04T00:34:25.621+0000] {dag.py:3490} INFO - Setting next_dagrun for example_sensor_decorator to None, run_after=None
[2023-06-04T00:34:25.654+0000] {processor.py:179} INFO - Processing /home/airflow/.local/lib/python3.7/site-packages/airflow/example_dags/example_sensor_decorator.py took 0.124 seconds
[2023-06-04T00:34:56.096+0000] {processor.py:157} INFO - Started process (PID=18364) to work on /home/airflow/.local/lib/python3.7/site-packages/airflow/example_dags/example_sensor_decorator.py
[2023-06-04T00:34:56.098+0000] {processor.py:826} INFO - Processing file /home/airflow/.local/lib/python3.7/site-packages/airflow/example_dags/example_sensor_decorator.py for tasks to queue
[2023-06-04T00:34:56.100+0000] {logging_mixin.py:149} INFO - [2023-06-04T00:34:56.099+0000] {dagbag.py:541} INFO - Filling up the DagBag from /home/airflow/.local/lib/python3.7/site-packages/airflow/example_dags/example_sensor_decorator.py
[2023-06-04T00:34:56.107+0000] {processor.py:836} INFO - DAG(s) dict_keys(['example_sensor_decorator']) retrieved from /home/airflow/.local/lib/python3.7/site-packages/airflow/example_dags/example_sensor_decorator.py
[2023-06-04T00:34:56.136+0000] {logging_mixin.py:149} INFO - [2023-06-04T00:34:56.136+0000] {dag.py:2726} INFO - Sync 1 DAGs
[2023-06-04T00:34:56.166+0000] {logging_mixin.py:149} INFO - [2023-06-04T00:34:56.166+0000] {dag.py:3490} INFO - Setting next_dagrun for example_sensor_decorator to None, run_after=None
[2023-06-04T00:34:56.192+0000] {processor.py:179} INFO - Processing /home/airflow/.local/lib/python3.7/site-packages/airflow/example_dags/example_sensor_decorator.py took 0.099 seconds
[2023-06-04T00:35:26.485+0000] {processor.py:157} INFO - Started process (PID=18617) to work on /home/airflow/.local/lib/python3.7/site-packages/airflow/example_dags/example_sensor_decorator.py
[2023-06-04T00:35:26.487+0000] {processor.py:826} INFO - Processing file /home/airflow/.local/lib/python3.7/site-packages/airflow/example_dags/example_sensor_decorator.py for tasks to queue
[2023-06-04T00:35:26.488+0000] {logging_mixin.py:149} INFO - [2023-06-04T00:35:26.488+0000] {dagbag.py:541} INFO - Filling up the DagBag from /home/airflow/.local/lib/python3.7/site-packages/airflow/example_dags/example_sensor_decorator.py
[2023-06-04T00:35:26.496+0000] {processor.py:836} INFO - DAG(s) dict_keys(['example_sensor_decorator']) retrieved from /home/airflow/.local/lib/python3.7/site-packages/airflow/example_dags/example_sensor_decorator.py
[2023-06-04T00:35:26.528+0000] {logging_mixin.py:149} INFO - [2023-06-04T00:35:26.527+0000] {dag.py:2726} INFO - Sync 1 DAGs
[2023-06-04T00:35:26.560+0000] {logging_mixin.py:149} INFO - [2023-06-04T00:35:26.560+0000] {dag.py:3490} INFO - Setting next_dagrun for example_sensor_decorator to None, run_after=None
[2023-06-04T00:35:26.589+0000] {processor.py:179} INFO - Processing /home/airflow/.local/lib/python3.7/site-packages/airflow/example_dags/example_sensor_decorator.py took 0.108 seconds
[2023-06-04T00:35:56.882+0000] {processor.py:157} INFO - Started process (PID=18869) to work on /home/airflow/.local/lib/python3.7/site-packages/airflow/example_dags/example_sensor_decorator.py
[2023-06-04T00:35:56.884+0000] {processor.py:826} INFO - Processing file /home/airflow/.local/lib/python3.7/site-packages/airflow/example_dags/example_sensor_decorator.py for tasks to queue
[2023-06-04T00:35:56.885+0000] {logging_mixin.py:149} INFO - [2023-06-04T00:35:56.885+0000] {dagbag.py:541} INFO - Filling up the DagBag from /home/airflow/.local/lib/python3.7/site-packages/airflow/example_dags/example_sensor_decorator.py
[2023-06-04T00:35:56.893+0000] {processor.py:836} INFO - DAG(s) dict_keys(['example_sensor_decorator']) retrieved from /home/airflow/.local/lib/python3.7/site-packages/airflow/example_dags/example_sensor_decorator.py
[2023-06-04T00:35:56.927+0000] {logging_mixin.py:149} INFO - [2023-06-04T00:35:56.927+0000] {dag.py:2726} INFO - Sync 1 DAGs
[2023-06-04T00:35:56.961+0000] {logging_mixin.py:149} INFO - [2023-06-04T00:35:56.961+0000] {dag.py:3490} INFO - Setting next_dagrun for example_sensor_decorator to None, run_after=None
[2023-06-04T00:35:56.995+0000] {processor.py:179} INFO - Processing /home/airflow/.local/lib/python3.7/site-packages/airflow/example_dags/example_sensor_decorator.py took 0.117 seconds
[2023-06-04T00:36:27.258+0000] {processor.py:157} INFO - Started process (PID=19121) to work on /home/airflow/.local/lib/python3.7/site-packages/airflow/example_dags/example_sensor_decorator.py
[2023-06-04T00:36:27.259+0000] {processor.py:826} INFO - Processing file /home/airflow/.local/lib/python3.7/site-packages/airflow/example_dags/example_sensor_decorator.py for tasks to queue
[2023-06-04T00:36:27.261+0000] {logging_mixin.py:149} INFO - [2023-06-04T00:36:27.261+0000] {dagbag.py:541} INFO - Filling up the DagBag from /home/airflow/.local/lib/python3.7/site-packages/airflow/example_dags/example_sensor_decorator.py
[2023-06-04T00:36:27.269+0000] {processor.py:836} INFO - DAG(s) dict_keys(['example_sensor_decorator']) retrieved from /home/airflow/.local/lib/python3.7/site-packages/airflow/example_dags/example_sensor_decorator.py
[2023-06-04T00:36:27.298+0000] {logging_mixin.py:149} INFO - [2023-06-04T00:36:27.297+0000] {dag.py:2726} INFO - Sync 1 DAGs
[2023-06-04T00:36:27.327+0000] {logging_mixin.py:149} INFO - [2023-06-04T00:36:27.327+0000] {dag.py:3490} INFO - Setting next_dagrun for example_sensor_decorator to None, run_after=None
[2023-06-04T00:36:27.354+0000] {processor.py:179} INFO - Processing /home/airflow/.local/lib/python3.7/site-packages/airflow/example_dags/example_sensor_decorator.py took 0.100 seconds
[2023-06-04T00:36:57.658+0000] {processor.py:157} INFO - Started process (PID=19373) to work on /home/airflow/.local/lib/python3.7/site-packages/airflow/example_dags/example_sensor_decorator.py
[2023-06-04T00:36:57.659+0000] {processor.py:826} INFO - Processing file /home/airflow/.local/lib/python3.7/site-packages/airflow/example_dags/example_sensor_decorator.py for tasks to queue
[2023-06-04T00:36:57.661+0000] {logging_mixin.py:149} INFO - [2023-06-04T00:36:57.661+0000] {dagbag.py:541} INFO - Filling up the DagBag from /home/airflow/.local/lib/python3.7/site-packages/airflow/example_dags/example_sensor_decorator.py
[2023-06-04T00:36:57.668+0000] {processor.py:836} INFO - DAG(s) dict_keys(['example_sensor_decorator']) retrieved from /home/airflow/.local/lib/python3.7/site-packages/airflow/example_dags/example_sensor_decorator.py
[2023-06-04T00:36:57.698+0000] {logging_mixin.py:149} INFO - [2023-06-04T00:36:57.697+0000] {dag.py:2726} INFO - Sync 1 DAGs
[2023-06-04T00:36:57.733+0000] {logging_mixin.py:149} INFO - [2023-06-04T00:36:57.733+0000] {dag.py:3490} INFO - Setting next_dagrun for example_sensor_decorator to None, run_after=None
[2023-06-04T00:36:57.760+0000] {processor.py:179} INFO - Processing /home/airflow/.local/lib/python3.7/site-packages/airflow/example_dags/example_sensor_decorator.py took 0.106 seconds
[2023-06-04T00:37:28.115+0000] {processor.py:157} INFO - Started process (PID=19625) to work on /home/airflow/.local/lib/python3.7/site-packages/airflow/example_dags/example_sensor_decorator.py
[2023-06-04T00:37:28.117+0000] {processor.py:826} INFO - Processing file /home/airflow/.local/lib/python3.7/site-packages/airflow/example_dags/example_sensor_decorator.py for tasks to queue
[2023-06-04T00:37:28.119+0000] {logging_mixin.py:149} INFO - [2023-06-04T00:37:28.119+0000] {dagbag.py:541} INFO - Filling up the DagBag from /home/airflow/.local/lib/python3.7/site-packages/airflow/example_dags/example_sensor_decorator.py
[2023-06-04T00:37:28.126+0000] {processor.py:836} INFO - DAG(s) dict_keys(['example_sensor_decorator']) retrieved from /home/airflow/.local/lib/python3.7/site-packages/airflow/example_dags/example_sensor_decorator.py
[2023-06-04T00:37:28.157+0000] {logging_mixin.py:149} INFO - [2023-06-04T00:37:28.157+0000] {dag.py:2726} INFO - Sync 1 DAGs
[2023-06-04T00:37:28.187+0000] {logging_mixin.py:149} INFO - [2023-06-04T00:37:28.186+0000] {dag.py:3490} INFO - Setting next_dagrun for example_sensor_decorator to None, run_after=None
[2023-06-04T00:37:28.215+0000] {processor.py:179} INFO - Processing /home/airflow/.local/lib/python3.7/site-packages/airflow/example_dags/example_sensor_decorator.py took 0.103 seconds
[2023-06-04T00:37:58.437+0000] {processor.py:157} INFO - Started process (PID=19876) to work on /home/airflow/.local/lib/python3.7/site-packages/airflow/example_dags/example_sensor_decorator.py
[2023-06-04T00:37:58.439+0000] {processor.py:826} INFO - Processing file /home/airflow/.local/lib/python3.7/site-packages/airflow/example_dags/example_sensor_decorator.py for tasks to queue
[2023-06-04T00:37:58.440+0000] {logging_mixin.py:149} INFO - [2023-06-04T00:37:58.440+0000] {dagbag.py:541} INFO - Filling up the DagBag from /home/airflow/.local/lib/python3.7/site-packages/airflow/example_dags/example_sensor_decorator.py
[2023-06-04T00:37:58.447+0000] {processor.py:836} INFO - DAG(s) dict_keys(['example_sensor_decorator']) retrieved from /home/airflow/.local/lib/python3.7/site-packages/airflow/example_dags/example_sensor_decorator.py
[2023-06-04T00:37:58.476+0000] {logging_mixin.py:149} INFO - [2023-06-04T00:37:58.476+0000] {dag.py:2726} INFO - Sync 1 DAGs
[2023-06-04T00:37:58.504+0000] {logging_mixin.py:149} INFO - [2023-06-04T00:37:58.504+0000] {dag.py:3490} INFO - Setting next_dagrun for example_sensor_decorator to None, run_after=None
[2023-06-04T00:37:58.530+0000] {processor.py:179} INFO - Processing /home/airflow/.local/lib/python3.7/site-packages/airflow/example_dags/example_sensor_decorator.py took 0.096 seconds
[2023-06-04T00:38:29.014+0000] {processor.py:157} INFO - Started process (PID=20127) to work on /home/airflow/.local/lib/python3.7/site-packages/airflow/example_dags/example_sensor_decorator.py
[2023-06-04T00:38:29.015+0000] {processor.py:826} INFO - Processing file /home/airflow/.local/lib/python3.7/site-packages/airflow/example_dags/example_sensor_decorator.py for tasks to queue
[2023-06-04T00:38:29.017+0000] {logging_mixin.py:149} INFO - [2023-06-04T00:38:29.017+0000] {dagbag.py:541} INFO - Filling up the DagBag from /home/airflow/.local/lib/python3.7/site-packages/airflow/example_dags/example_sensor_decorator.py
[2023-06-04T00:38:29.030+0000] {processor.py:836} INFO - DAG(s) dict_keys(['example_sensor_decorator']) retrieved from /home/airflow/.local/lib/python3.7/site-packages/airflow/example_dags/example_sensor_decorator.py
[2023-06-04T00:38:29.074+0000] {logging_mixin.py:149} INFO - [2023-06-04T00:38:29.073+0000] {dag.py:2726} INFO - Sync 1 DAGs
[2023-06-04T00:38:29.127+0000] {logging_mixin.py:149} INFO - [2023-06-04T00:38:29.127+0000] {dag.py:3490} INFO - Setting next_dagrun for example_sensor_decorator to None, run_after=None
[2023-06-04T00:38:29.167+0000] {processor.py:179} INFO - Processing /home/airflow/.local/lib/python3.7/site-packages/airflow/example_dags/example_sensor_decorator.py took 0.156 seconds
[2023-06-04T00:38:59.892+0000] {processor.py:157} INFO - Started process (PID=20379) to work on /home/airflow/.local/lib/python3.7/site-packages/airflow/example_dags/example_sensor_decorator.py
[2023-06-04T00:38:59.894+0000] {processor.py:826} INFO - Processing file /home/airflow/.local/lib/python3.7/site-packages/airflow/example_dags/example_sensor_decorator.py for tasks to queue
[2023-06-04T00:38:59.896+0000] {logging_mixin.py:149} INFO - [2023-06-04T00:38:59.895+0000] {dagbag.py:541} INFO - Filling up the DagBag from /home/airflow/.local/lib/python3.7/site-packages/airflow/example_dags/example_sensor_decorator.py
[2023-06-04T00:38:59.903+0000] {processor.py:836} INFO - DAG(s) dict_keys(['example_sensor_decorator']) retrieved from /home/airflow/.local/lib/python3.7/site-packages/airflow/example_dags/example_sensor_decorator.py
[2023-06-04T00:38:59.930+0000] {logging_mixin.py:149} INFO - [2023-06-04T00:38:59.930+0000] {dag.py:2726} INFO - Sync 1 DAGs
[2023-06-04T00:38:59.960+0000] {logging_mixin.py:149} INFO - [2023-06-04T00:38:59.960+0000] {dag.py:3490} INFO - Setting next_dagrun for example_sensor_decorator to None, run_after=None
[2023-06-04T00:38:59.988+0000] {processor.py:179} INFO - Processing /home/airflow/.local/lib/python3.7/site-packages/airflow/example_dags/example_sensor_decorator.py took 0.100 seconds
[2023-06-04T00:39:30.549+0000] {processor.py:157} INFO - Started process (PID=20631) to work on /home/airflow/.local/lib/python3.7/site-packages/airflow/example_dags/example_sensor_decorator.py
[2023-06-04T00:39:30.551+0000] {processor.py:826} INFO - Processing file /home/airflow/.local/lib/python3.7/site-packages/airflow/example_dags/example_sensor_decorator.py for tasks to queue
[2023-06-04T00:39:30.552+0000] {logging_mixin.py:149} INFO - [2023-06-04T00:39:30.552+0000] {dagbag.py:541} INFO - Filling up the DagBag from /home/airflow/.local/lib/python3.7/site-packages/airflow/example_dags/example_sensor_decorator.py
[2023-06-04T00:39:30.559+0000] {processor.py:836} INFO - DAG(s) dict_keys(['example_sensor_decorator']) retrieved from /home/airflow/.local/lib/python3.7/site-packages/airflow/example_dags/example_sensor_decorator.py
[2023-06-04T00:39:30.587+0000] {logging_mixin.py:149} INFO - [2023-06-04T00:39:30.587+0000] {dag.py:2726} INFO - Sync 1 DAGs
[2023-06-04T00:39:30.616+0000] {logging_mixin.py:149} INFO - [2023-06-04T00:39:30.616+0000] {dag.py:3490} INFO - Setting next_dagrun for example_sensor_decorator to None, run_after=None
[2023-06-04T00:39:30.641+0000] {processor.py:179} INFO - Processing /home/airflow/.local/lib/python3.7/site-packages/airflow/example_dags/example_sensor_decorator.py took 0.095 seconds
[2023-06-04T00:40:00.836+0000] {processor.py:157} INFO - Started process (PID=20883) to work on /home/airflow/.local/lib/python3.7/site-packages/airflow/example_dags/example_sensor_decorator.py
[2023-06-04T00:40:00.838+0000] {processor.py:826} INFO - Processing file /home/airflow/.local/lib/python3.7/site-packages/airflow/example_dags/example_sensor_decorator.py for tasks to queue
[2023-06-04T00:40:00.839+0000] {logging_mixin.py:149} INFO - [2023-06-04T00:40:00.839+0000] {dagbag.py:541} INFO - Filling up the DagBag from /home/airflow/.local/lib/python3.7/site-packages/airflow/example_dags/example_sensor_decorator.py
[2023-06-04T00:40:00.847+0000] {processor.py:836} INFO - DAG(s) dict_keys(['example_sensor_decorator']) retrieved from /home/airflow/.local/lib/python3.7/site-packages/airflow/example_dags/example_sensor_decorator.py
[2023-06-04T00:40:00.882+0000] {logging_mixin.py:149} INFO - [2023-06-04T00:40:00.881+0000] {dag.py:2726} INFO - Sync 1 DAGs
[2023-06-04T00:40:00.914+0000] {logging_mixin.py:149} INFO - [2023-06-04T00:40:00.913+0000] {dag.py:3490} INFO - Setting next_dagrun for example_sensor_decorator to None, run_after=None
[2023-06-04T00:40:00.942+0000] {processor.py:179} INFO - Processing /home/airflow/.local/lib/python3.7/site-packages/airflow/example_dags/example_sensor_decorator.py took 0.109 seconds
[2023-06-04T00:40:31.256+0000] {processor.py:157} INFO - Started process (PID=21135) to work on /home/airflow/.local/lib/python3.7/site-packages/airflow/example_dags/example_sensor_decorator.py
[2023-06-04T00:40:31.258+0000] {processor.py:826} INFO - Processing file /home/airflow/.local/lib/python3.7/site-packages/airflow/example_dags/example_sensor_decorator.py for tasks to queue
[2023-06-04T00:40:31.259+0000] {logging_mixin.py:149} INFO - [2023-06-04T00:40:31.259+0000] {dagbag.py:541} INFO - Filling up the DagBag from /home/airflow/.local/lib/python3.7/site-packages/airflow/example_dags/example_sensor_decorator.py
[2023-06-04T00:40:31.268+0000] {processor.py:836} INFO - DAG(s) dict_keys(['example_sensor_decorator']) retrieved from /home/airflow/.local/lib/python3.7/site-packages/airflow/example_dags/example_sensor_decorator.py
[2023-06-04T00:40:31.301+0000] {logging_mixin.py:149} INFO - [2023-06-04T00:40:31.301+0000] {dag.py:2726} INFO - Sync 1 DAGs
[2023-06-04T00:40:31.335+0000] {logging_mixin.py:149} INFO - [2023-06-04T00:40:31.335+0000] {dag.py:3490} INFO - Setting next_dagrun for example_sensor_decorator to None, run_after=None
[2023-06-04T00:40:31.369+0000] {processor.py:179} INFO - Processing /home/airflow/.local/lib/python3.7/site-packages/airflow/example_dags/example_sensor_decorator.py took 0.117 seconds
[2023-06-04T00:41:01.682+0000] {processor.py:157} INFO - Started process (PID=21387) to work on /home/airflow/.local/lib/python3.7/site-packages/airflow/example_dags/example_sensor_decorator.py
[2023-06-04T00:41:01.684+0000] {processor.py:826} INFO - Processing file /home/airflow/.local/lib/python3.7/site-packages/airflow/example_dags/example_sensor_decorator.py for tasks to queue
[2023-06-04T00:41:01.686+0000] {logging_mixin.py:149} INFO - [2023-06-04T00:41:01.686+0000] {dagbag.py:541} INFO - Filling up the DagBag from /home/airflow/.local/lib/python3.7/site-packages/airflow/example_dags/example_sensor_decorator.py
[2023-06-04T00:41:01.694+0000] {processor.py:836} INFO - DAG(s) dict_keys(['example_sensor_decorator']) retrieved from /home/airflow/.local/lib/python3.7/site-packages/airflow/example_dags/example_sensor_decorator.py
[2023-06-04T00:41:01.724+0000] {logging_mixin.py:149} INFO - [2023-06-04T00:41:01.724+0000] {dag.py:2726} INFO - Sync 1 DAGs
[2023-06-04T00:41:01.756+0000] {logging_mixin.py:149} INFO - [2023-06-04T00:41:01.755+0000] {dag.py:3490} INFO - Setting next_dagrun for example_sensor_decorator to None, run_after=None
[2023-06-04T00:41:01.785+0000] {processor.py:179} INFO - Processing /home/airflow/.local/lib/python3.7/site-packages/airflow/example_dags/example_sensor_decorator.py took 0.107 seconds
[2023-06-04T00:41:32.052+0000] {processor.py:157} INFO - Started process (PID=21641) to work on /home/airflow/.local/lib/python3.7/site-packages/airflow/example_dags/example_sensor_decorator.py
[2023-06-04T00:41:32.053+0000] {processor.py:826} INFO - Processing file /home/airflow/.local/lib/python3.7/site-packages/airflow/example_dags/example_sensor_decorator.py for tasks to queue
[2023-06-04T00:41:32.055+0000] {logging_mixin.py:149} INFO - [2023-06-04T00:41:32.055+0000] {dagbag.py:541} INFO - Filling up the DagBag from /home/airflow/.local/lib/python3.7/site-packages/airflow/example_dags/example_sensor_decorator.py
[2023-06-04T00:41:32.062+0000] {processor.py:836} INFO - DAG(s) dict_keys(['example_sensor_decorator']) retrieved from /home/airflow/.local/lib/python3.7/site-packages/airflow/example_dags/example_sensor_decorator.py
[2023-06-04T00:41:32.093+0000] {logging_mixin.py:149} INFO - [2023-06-04T00:41:32.093+0000] {dag.py:2726} INFO - Sync 1 DAGs
[2023-06-04T00:41:32.124+0000] {logging_mixin.py:149} INFO - [2023-06-04T00:41:32.124+0000] {dag.py:3490} INFO - Setting next_dagrun for example_sensor_decorator to None, run_after=None
[2023-06-04T00:41:32.150+0000] {processor.py:179} INFO - Processing /home/airflow/.local/lib/python3.7/site-packages/airflow/example_dags/example_sensor_decorator.py took 0.101 seconds
[2023-06-04T00:42:02.646+0000] {processor.py:157} INFO - Started process (PID=21891) to work on /home/airflow/.local/lib/python3.7/site-packages/airflow/example_dags/example_sensor_decorator.py
[2023-06-04T00:42:02.647+0000] {processor.py:826} INFO - Processing file /home/airflow/.local/lib/python3.7/site-packages/airflow/example_dags/example_sensor_decorator.py for tasks to queue
[2023-06-04T00:42:02.649+0000] {logging_mixin.py:149} INFO - [2023-06-04T00:42:02.648+0000] {dagbag.py:541} INFO - Filling up the DagBag from /home/airflow/.local/lib/python3.7/site-packages/airflow/example_dags/example_sensor_decorator.py
[2023-06-04T00:42:02.656+0000] {processor.py:836} INFO - DAG(s) dict_keys(['example_sensor_decorator']) retrieved from /home/airflow/.local/lib/python3.7/site-packages/airflow/example_dags/example_sensor_decorator.py
[2023-06-04T00:42:02.685+0000] {logging_mixin.py:149} INFO - [2023-06-04T00:42:02.685+0000] {dag.py:2726} INFO - Sync 1 DAGs
[2023-06-04T00:42:02.715+0000] {logging_mixin.py:149} INFO - [2023-06-04T00:42:02.715+0000] {dag.py:3490} INFO - Setting next_dagrun for example_sensor_decorator to None, run_after=None
[2023-06-04T00:42:02.744+0000] {processor.py:179} INFO - Processing /home/airflow/.local/lib/python3.7/site-packages/airflow/example_dags/example_sensor_decorator.py took 0.102 seconds
[2023-06-04T00:42:33.400+0000] {processor.py:157} INFO - Started process (PID=22143) to work on /home/airflow/.local/lib/python3.7/site-packages/airflow/example_dags/example_sensor_decorator.py
[2023-06-04T00:42:33.403+0000] {processor.py:826} INFO - Processing file /home/airflow/.local/lib/python3.7/site-packages/airflow/example_dags/example_sensor_decorator.py for tasks to queue
[2023-06-04T00:42:33.405+0000] {logging_mixin.py:149} INFO - [2023-06-04T00:42:33.404+0000] {dagbag.py:541} INFO - Filling up the DagBag from /home/airflow/.local/lib/python3.7/site-packages/airflow/example_dags/example_sensor_decorator.py
[2023-06-04T00:42:33.412+0000] {processor.py:836} INFO - DAG(s) dict_keys(['example_sensor_decorator']) retrieved from /home/airflow/.local/lib/python3.7/site-packages/airflow/example_dags/example_sensor_decorator.py
[2023-06-04T00:42:33.445+0000] {logging_mixin.py:149} INFO - [2023-06-04T00:42:33.445+0000] {dag.py:2726} INFO - Sync 1 DAGs
[2023-06-04T00:42:33.480+0000] {logging_mixin.py:149} INFO - [2023-06-04T00:42:33.480+0000] {dag.py:3490} INFO - Setting next_dagrun for example_sensor_decorator to None, run_after=None
[2023-06-04T00:42:33.509+0000] {processor.py:179} INFO - Processing /home/airflow/.local/lib/python3.7/site-packages/airflow/example_dags/example_sensor_decorator.py took 0.113 seconds
[2023-06-04T00:43:03.849+0000] {processor.py:157} INFO - Started process (PID=22397) to work on /home/airflow/.local/lib/python3.7/site-packages/airflow/example_dags/example_sensor_decorator.py
[2023-06-04T00:43:03.851+0000] {processor.py:826} INFO - Processing file /home/airflow/.local/lib/python3.7/site-packages/airflow/example_dags/example_sensor_decorator.py for tasks to queue
[2023-06-04T00:43:03.853+0000] {logging_mixin.py:149} INFO - [2023-06-04T00:43:03.852+0000] {dagbag.py:541} INFO - Filling up the DagBag from /home/airflow/.local/lib/python3.7/site-packages/airflow/example_dags/example_sensor_decorator.py
[2023-06-04T00:43:03.861+0000] {processor.py:836} INFO - DAG(s) dict_keys(['example_sensor_decorator']) retrieved from /home/airflow/.local/lib/python3.7/site-packages/airflow/example_dags/example_sensor_decorator.py
[2023-06-04T00:43:03.896+0000] {logging_mixin.py:149} INFO - [2023-06-04T00:43:03.896+0000] {dag.py:2726} INFO - Sync 1 DAGs
[2023-06-04T00:43:03.931+0000] {logging_mixin.py:149} INFO - [2023-06-04T00:43:03.931+0000] {dag.py:3490} INFO - Setting next_dagrun for example_sensor_decorator to None, run_after=None
[2023-06-04T00:43:03.958+0000] {processor.py:179} INFO - Processing /home/airflow/.local/lib/python3.7/site-packages/airflow/example_dags/example_sensor_decorator.py took 0.113 seconds
