[2023-06-04T00:34:25.657+0000] {processor.py:157} INFO - Started process (PID=18084) to work on /home/airflow/.local/lib/python3.7/site-packages/airflow/example_dags/example_external_task_marker_dag.py
[2023-06-04T00:34:25.659+0000] {processor.py:826} INFO - Processing file /home/airflow/.local/lib/python3.7/site-packages/airflow/example_dags/example_external_task_marker_dag.py for tasks to queue
[2023-06-04T00:34:25.661+0000] {logging_mixin.py:149} INFO - [2023-06-04T00:34:25.661+0000] {dagbag.py:541} INFO - Filling up the DagBag from /home/airflow/.local/lib/python3.7/site-packages/airflow/example_dags/example_external_task_marker_dag.py
[2023-06-04T00:34:25.673+0000] {processor.py:836} INFO - DAG(s) dict_keys(['example_external_task_marker_parent', 'example_external_task_marker_child']) retrieved from /home/airflow/.local/lib/python3.7/site-packages/airflow/example_dags/example_external_task_marker_dag.py
[2023-06-04T00:34:25.711+0000] {logging_mixin.py:149} INFO - [2023-06-04T00:34:25.711+0000] {dag.py:2726} INFO - Sync 2 DAGs
[2023-06-04T00:34:25.752+0000] {logging_mixin.py:149} INFO - [2023-06-04T00:34:25.752+0000] {dag.py:3490} INFO - Setting next_dagrun for example_external_task_marker_child to None, run_after=None
[2023-06-04T00:34:25.757+0000] {logging_mixin.py:149} INFO - [2023-06-04T00:34:25.757+0000] {dag.py:3490} INFO - Setting next_dagrun for example_external_task_marker_parent to None, run_after=None
[2023-06-04T00:34:25.787+0000] {processor.py:179} INFO - Processing /home/airflow/.local/lib/python3.7/site-packages/airflow/example_dags/example_external_task_marker_dag.py took 0.133 seconds
[2023-06-04T00:34:56.140+0000] {processor.py:157} INFO - Started process (PID=18369) to work on /home/airflow/.local/lib/python3.7/site-packages/airflow/example_dags/example_external_task_marker_dag.py
[2023-06-04T00:34:56.142+0000] {processor.py:826} INFO - Processing file /home/airflow/.local/lib/python3.7/site-packages/airflow/example_dags/example_external_task_marker_dag.py for tasks to queue
[2023-06-04T00:34:56.143+0000] {logging_mixin.py:149} INFO - [2023-06-04T00:34:56.143+0000] {dagbag.py:541} INFO - Filling up the DagBag from /home/airflow/.local/lib/python3.7/site-packages/airflow/example_dags/example_external_task_marker_dag.py
[2023-06-04T00:34:56.150+0000] {processor.py:836} INFO - DAG(s) dict_keys(['example_external_task_marker_child', 'example_external_task_marker_parent']) retrieved from /home/airflow/.local/lib/python3.7/site-packages/airflow/example_dags/example_external_task_marker_dag.py
[2023-06-04T00:34:56.184+0000] {logging_mixin.py:149} INFO - [2023-06-04T00:34:56.184+0000] {dag.py:2726} INFO - Sync 2 DAGs
[2023-06-04T00:34:56.218+0000] {logging_mixin.py:149} INFO - [2023-06-04T00:34:56.217+0000] {dag.py:3490} INFO - Setting next_dagrun for example_external_task_marker_child to None, run_after=None
[2023-06-04T00:34:56.225+0000] {logging_mixin.py:149} INFO - [2023-06-04T00:34:56.225+0000] {dag.py:3490} INFO - Setting next_dagrun for example_external_task_marker_parent to None, run_after=None
[2023-06-04T00:34:56.249+0000] {processor.py:179} INFO - Processing /home/airflow/.local/lib/python3.7/site-packages/airflow/example_dags/example_external_task_marker_dag.py took 0.113 seconds
[2023-06-04T00:35:26.523+0000] {processor.py:157} INFO - Started process (PID=18622) to work on /home/airflow/.local/lib/python3.7/site-packages/airflow/example_dags/example_external_task_marker_dag.py
[2023-06-04T00:35:26.525+0000] {processor.py:826} INFO - Processing file /home/airflow/.local/lib/python3.7/site-packages/airflow/example_dags/example_external_task_marker_dag.py for tasks to queue
[2023-06-04T00:35:26.527+0000] {logging_mixin.py:149} INFO - [2023-06-04T00:35:26.527+0000] {dagbag.py:541} INFO - Filling up the DagBag from /home/airflow/.local/lib/python3.7/site-packages/airflow/example_dags/example_external_task_marker_dag.py
[2023-06-04T00:35:26.535+0000] {processor.py:836} INFO - DAG(s) dict_keys(['example_external_task_marker_parent', 'example_external_task_marker_child']) retrieved from /home/airflow/.local/lib/python3.7/site-packages/airflow/example_dags/example_external_task_marker_dag.py
[2023-06-04T00:35:26.571+0000] {logging_mixin.py:149} INFO - [2023-06-04T00:35:26.570+0000] {dag.py:2726} INFO - Sync 2 DAGs
[2023-06-04T00:35:26.605+0000] {logging_mixin.py:149} INFO - [2023-06-04T00:35:26.605+0000] {dag.py:3490} INFO - Setting next_dagrun for example_external_task_marker_child to None, run_after=None
[2023-06-04T00:35:26.610+0000] {logging_mixin.py:149} INFO - [2023-06-04T00:35:26.610+0000] {dag.py:3490} INFO - Setting next_dagrun for example_external_task_marker_parent to None, run_after=None
[2023-06-04T00:35:26.636+0000] {processor.py:179} INFO - Processing /home/airflow/.local/lib/python3.7/site-packages/airflow/example_dags/example_external_task_marker_dag.py took 0.116 seconds
[2023-06-04T00:35:56.937+0000] {processor.py:157} INFO - Started process (PID=18874) to work on /home/airflow/.local/lib/python3.7/site-packages/airflow/example_dags/example_external_task_marker_dag.py
[2023-06-04T00:35:56.939+0000] {processor.py:826} INFO - Processing file /home/airflow/.local/lib/python3.7/site-packages/airflow/example_dags/example_external_task_marker_dag.py for tasks to queue
[2023-06-04T00:35:56.941+0000] {logging_mixin.py:149} INFO - [2023-06-04T00:35:56.941+0000] {dagbag.py:541} INFO - Filling up the DagBag from /home/airflow/.local/lib/python3.7/site-packages/airflow/example_dags/example_external_task_marker_dag.py
[2023-06-04T00:35:56.949+0000] {processor.py:836} INFO - DAG(s) dict_keys(['example_external_task_marker_parent', 'example_external_task_marker_child']) retrieved from /home/airflow/.local/lib/python3.7/site-packages/airflow/example_dags/example_external_task_marker_dag.py
[2023-06-04T00:35:56.987+0000] {logging_mixin.py:149} INFO - [2023-06-04T00:35:56.987+0000] {dag.py:2726} INFO - Sync 2 DAGs
[2023-06-04T00:35:57.025+0000] {logging_mixin.py:149} INFO - [2023-06-04T00:35:57.025+0000] {dag.py:3490} INFO - Setting next_dagrun for example_external_task_marker_child to None, run_after=None
[2023-06-04T00:35:57.030+0000] {logging_mixin.py:149} INFO - [2023-06-04T00:35:57.030+0000] {dag.py:3490} INFO - Setting next_dagrun for example_external_task_marker_parent to None, run_after=None
[2023-06-04T00:35:57.055+0000] {processor.py:179} INFO - Processing /home/airflow/.local/lib/python3.7/site-packages/airflow/example_dags/example_external_task_marker_dag.py took 0.122 seconds
[2023-06-04T00:36:27.317+0000] {processor.py:157} INFO - Started process (PID=19126) to work on /home/airflow/.local/lib/python3.7/site-packages/airflow/example_dags/example_external_task_marker_dag.py
[2023-06-04T00:36:27.318+0000] {processor.py:826} INFO - Processing file /home/airflow/.local/lib/python3.7/site-packages/airflow/example_dags/example_external_task_marker_dag.py for tasks to queue
[2023-06-04T00:36:27.320+0000] {logging_mixin.py:149} INFO - [2023-06-04T00:36:27.319+0000] {dagbag.py:541} INFO - Filling up the DagBag from /home/airflow/.local/lib/python3.7/site-packages/airflow/example_dags/example_external_task_marker_dag.py
[2023-06-04T00:36:27.327+0000] {processor.py:836} INFO - DAG(s) dict_keys(['example_external_task_marker_parent', 'example_external_task_marker_child']) retrieved from /home/airflow/.local/lib/python3.7/site-packages/airflow/example_dags/example_external_task_marker_dag.py
[2023-06-04T00:36:27.362+0000] {logging_mixin.py:149} INFO - [2023-06-04T00:36:27.362+0000] {dag.py:2726} INFO - Sync 2 DAGs
[2023-06-04T00:36:27.396+0000] {logging_mixin.py:149} INFO - [2023-06-04T00:36:27.395+0000] {dag.py:3490} INFO - Setting next_dagrun for example_external_task_marker_child to None, run_after=None
[2023-06-04T00:36:27.401+0000] {logging_mixin.py:149} INFO - [2023-06-04T00:36:27.400+0000] {dag.py:3490} INFO - Setting next_dagrun for example_external_task_marker_parent to None, run_after=None
[2023-06-04T00:36:27.426+0000] {processor.py:179} INFO - Processing /home/airflow/.local/lib/python3.7/site-packages/airflow/example_dags/example_external_task_marker_dag.py took 0.113 seconds
[2023-06-04T00:36:57.722+0000] {processor.py:157} INFO - Started process (PID=19378) to work on /home/airflow/.local/lib/python3.7/site-packages/airflow/example_dags/example_external_task_marker_dag.py
[2023-06-04T00:36:57.724+0000] {processor.py:826} INFO - Processing file /home/airflow/.local/lib/python3.7/site-packages/airflow/example_dags/example_external_task_marker_dag.py for tasks to queue
[2023-06-04T00:36:57.726+0000] {logging_mixin.py:149} INFO - [2023-06-04T00:36:57.726+0000] {dagbag.py:541} INFO - Filling up the DagBag from /home/airflow/.local/lib/python3.7/site-packages/airflow/example_dags/example_external_task_marker_dag.py
[2023-06-04T00:36:57.733+0000] {processor.py:836} INFO - DAG(s) dict_keys(['example_external_task_marker_child', 'example_external_task_marker_parent']) retrieved from /home/airflow/.local/lib/python3.7/site-packages/airflow/example_dags/example_external_task_marker_dag.py
[2023-06-04T00:36:57.766+0000] {logging_mixin.py:149} INFO - [2023-06-04T00:36:57.766+0000] {dag.py:2726} INFO - Sync 2 DAGs
[2023-06-04T00:36:57.799+0000] {logging_mixin.py:149} INFO - [2023-06-04T00:36:57.799+0000] {dag.py:3490} INFO - Setting next_dagrun for example_external_task_marker_child to None, run_after=None
[2023-06-04T00:36:57.803+0000] {logging_mixin.py:149} INFO - [2023-06-04T00:36:57.803+0000] {dag.py:3490} INFO - Setting next_dagrun for example_external_task_marker_parent to None, run_after=None
[2023-06-04T00:36:57.826+0000] {processor.py:179} INFO - Processing /home/airflow/.local/lib/python3.7/site-packages/airflow/example_dags/example_external_task_marker_dag.py took 0.107 seconds
[2023-06-04T00:37:28.174+0000] {processor.py:157} INFO - Started process (PID=19630) to work on /home/airflow/.local/lib/python3.7/site-packages/airflow/example_dags/example_external_task_marker_dag.py
[2023-06-04T00:37:28.176+0000] {processor.py:826} INFO - Processing file /home/airflow/.local/lib/python3.7/site-packages/airflow/example_dags/example_external_task_marker_dag.py for tasks to queue
[2023-06-04T00:37:28.178+0000] {logging_mixin.py:149} INFO - [2023-06-04T00:37:28.178+0000] {dagbag.py:541} INFO - Filling up the DagBag from /home/airflow/.local/lib/python3.7/site-packages/airflow/example_dags/example_external_task_marker_dag.py
[2023-06-04T00:37:28.185+0000] {processor.py:836} INFO - DAG(s) dict_keys(['example_external_task_marker_parent', 'example_external_task_marker_child']) retrieved from /home/airflow/.local/lib/python3.7/site-packages/airflow/example_dags/example_external_task_marker_dag.py
[2023-06-04T00:37:28.219+0000] {logging_mixin.py:149} INFO - [2023-06-04T00:37:28.219+0000] {dag.py:2726} INFO - Sync 2 DAGs
[2023-06-04T00:37:28.250+0000] {logging_mixin.py:149} INFO - [2023-06-04T00:37:28.250+0000] {dag.py:3490} INFO - Setting next_dagrun for example_external_task_marker_child to None, run_after=None
[2023-06-04T00:37:28.255+0000] {logging_mixin.py:149} INFO - [2023-06-04T00:37:28.255+0000] {dag.py:3490} INFO - Setting next_dagrun for example_external_task_marker_parent to None, run_after=None
[2023-06-04T00:37:28.280+0000] {processor.py:179} INFO - Processing /home/airflow/.local/lib/python3.7/site-packages/airflow/example_dags/example_external_task_marker_dag.py took 0.110 seconds
[2023-06-04T00:37:58.542+0000] {processor.py:157} INFO - Started process (PID=19881) to work on /home/airflow/.local/lib/python3.7/site-packages/airflow/example_dags/example_external_task_marker_dag.py
[2023-06-04T00:37:58.544+0000] {processor.py:826} INFO - Processing file /home/airflow/.local/lib/python3.7/site-packages/airflow/example_dags/example_external_task_marker_dag.py for tasks to queue
[2023-06-04T00:37:58.546+0000] {logging_mixin.py:149} INFO - [2023-06-04T00:37:58.545+0000] {dagbag.py:541} INFO - Filling up the DagBag from /home/airflow/.local/lib/python3.7/site-packages/airflow/example_dags/example_external_task_marker_dag.py
[2023-06-04T00:37:58.552+0000] {processor.py:836} INFO - DAG(s) dict_keys(['example_external_task_marker_parent', 'example_external_task_marker_child']) retrieved from /home/airflow/.local/lib/python3.7/site-packages/airflow/example_dags/example_external_task_marker_dag.py
[2023-06-04T00:37:58.585+0000] {logging_mixin.py:149} INFO - [2023-06-04T00:37:58.585+0000] {dag.py:2726} INFO - Sync 2 DAGs
[2023-06-04T00:37:58.616+0000] {logging_mixin.py:149} INFO - [2023-06-04T00:37:58.616+0000] {dag.py:3490} INFO - Setting next_dagrun for example_external_task_marker_child to None, run_after=None
[2023-06-04T00:37:58.621+0000] {logging_mixin.py:149} INFO - [2023-06-04T00:37:58.621+0000] {dag.py:3490} INFO - Setting next_dagrun for example_external_task_marker_parent to None, run_after=None
[2023-06-04T00:37:58.645+0000] {processor.py:179} INFO - Processing /home/airflow/.local/lib/python3.7/site-packages/airflow/example_dags/example_external_task_marker_dag.py took 0.107 seconds
[2023-06-04T00:38:29.171+0000] {processor.py:157} INFO - Started process (PID=20132) to work on /home/airflow/.local/lib/python3.7/site-packages/airflow/example_dags/example_external_task_marker_dag.py
[2023-06-04T00:38:29.172+0000] {processor.py:826} INFO - Processing file /home/airflow/.local/lib/python3.7/site-packages/airflow/example_dags/example_external_task_marker_dag.py for tasks to queue
[2023-06-04T00:38:29.173+0000] {logging_mixin.py:149} INFO - [2023-06-04T00:38:29.173+0000] {dagbag.py:541} INFO - Filling up the DagBag from /home/airflow/.local/lib/python3.7/site-packages/airflow/example_dags/example_external_task_marker_dag.py
[2023-06-04T00:38:29.186+0000] {processor.py:836} INFO - DAG(s) dict_keys(['example_external_task_marker_parent', 'example_external_task_marker_child']) retrieved from /home/airflow/.local/lib/python3.7/site-packages/airflow/example_dags/example_external_task_marker_dag.py
[2023-06-04T00:38:29.243+0000] {logging_mixin.py:149} INFO - [2023-06-04T00:38:29.243+0000] {dag.py:2726} INFO - Sync 2 DAGs
[2023-06-04T00:38:29.278+0000] {logging_mixin.py:149} INFO - [2023-06-04T00:38:29.277+0000] {dag.py:3490} INFO - Setting next_dagrun for example_external_task_marker_child to None, run_after=None
[2023-06-04T00:38:29.282+0000] {logging_mixin.py:149} INFO - [2023-06-04T00:38:29.282+0000] {dag.py:3490} INFO - Setting next_dagrun for example_external_task_marker_parent to None, run_after=None
[2023-06-04T00:38:29.308+0000] {processor.py:179} INFO - Processing /home/airflow/.local/lib/python3.7/site-packages/airflow/example_dags/example_external_task_marker_dag.py took 0.141 seconds
[2023-06-04T00:38:59.935+0000] {processor.py:157} INFO - Started process (PID=20384) to work on /home/airflow/.local/lib/python3.7/site-packages/airflow/example_dags/example_external_task_marker_dag.py
[2023-06-04T00:38:59.937+0000] {processor.py:826} INFO - Processing file /home/airflow/.local/lib/python3.7/site-packages/airflow/example_dags/example_external_task_marker_dag.py for tasks to queue
[2023-06-04T00:38:59.938+0000] {logging_mixin.py:149} INFO - [2023-06-04T00:38:59.938+0000] {dagbag.py:541} INFO - Filling up the DagBag from /home/airflow/.local/lib/python3.7/site-packages/airflow/example_dags/example_external_task_marker_dag.py
[2023-06-04T00:38:59.946+0000] {processor.py:836} INFO - DAG(s) dict_keys(['example_external_task_marker_child', 'example_external_task_marker_parent']) retrieved from /home/airflow/.local/lib/python3.7/site-packages/airflow/example_dags/example_external_task_marker_dag.py
[2023-06-04T00:38:59.982+0000] {logging_mixin.py:149} INFO - [2023-06-04T00:38:59.982+0000] {dag.py:2726} INFO - Sync 2 DAGs
[2023-06-04T00:39:00.017+0000] {logging_mixin.py:149} INFO - [2023-06-04T00:39:00.017+0000] {dag.py:3490} INFO - Setting next_dagrun for example_external_task_marker_child to None, run_after=None
[2023-06-04T00:39:00.023+0000] {logging_mixin.py:149} INFO - [2023-06-04T00:39:00.022+0000] {dag.py:3490} INFO - Setting next_dagrun for example_external_task_marker_parent to None, run_after=None
[2023-06-04T00:39:00.048+0000] {processor.py:179} INFO - Processing /home/airflow/.local/lib/python3.7/site-packages/airflow/example_dags/example_external_task_marker_dag.py took 0.117 seconds
[2023-06-04T00:39:30.589+0000] {processor.py:157} INFO - Started process (PID=20636) to work on /home/airflow/.local/lib/python3.7/site-packages/airflow/example_dags/example_external_task_marker_dag.py
[2023-06-04T00:39:30.591+0000] {processor.py:826} INFO - Processing file /home/airflow/.local/lib/python3.7/site-packages/airflow/example_dags/example_external_task_marker_dag.py for tasks to queue
[2023-06-04T00:39:30.592+0000] {logging_mixin.py:149} INFO - [2023-06-04T00:39:30.592+0000] {dagbag.py:541} INFO - Filling up the DagBag from /home/airflow/.local/lib/python3.7/site-packages/airflow/example_dags/example_external_task_marker_dag.py
[2023-06-04T00:39:30.599+0000] {processor.py:836} INFO - DAG(s) dict_keys(['example_external_task_marker_child', 'example_external_task_marker_parent']) retrieved from /home/airflow/.local/lib/python3.7/site-packages/airflow/example_dags/example_external_task_marker_dag.py
[2023-06-04T00:39:30.633+0000] {logging_mixin.py:149} INFO - [2023-06-04T00:39:30.633+0000] {dag.py:2726} INFO - Sync 2 DAGs
[2023-06-04T00:39:30.665+0000] {logging_mixin.py:149} INFO - [2023-06-04T00:39:30.664+0000] {dag.py:3490} INFO - Setting next_dagrun for example_external_task_marker_child to None, run_after=None
[2023-06-04T00:39:30.669+0000] {logging_mixin.py:149} INFO - [2023-06-04T00:39:30.669+0000] {dag.py:3490} INFO - Setting next_dagrun for example_external_task_marker_parent to None, run_after=None
[2023-06-04T00:39:30.695+0000] {processor.py:179} INFO - Processing /home/airflow/.local/lib/python3.7/site-packages/airflow/example_dags/example_external_task_marker_dag.py took 0.109 seconds
[2023-06-04T00:40:00.906+0000] {processor.py:157} INFO - Started process (PID=20888) to work on /home/airflow/.local/lib/python3.7/site-packages/airflow/example_dags/example_external_task_marker_dag.py
[2023-06-04T00:40:00.907+0000] {processor.py:826} INFO - Processing file /home/airflow/.local/lib/python3.7/site-packages/airflow/example_dags/example_external_task_marker_dag.py for tasks to queue
[2023-06-04T00:40:00.909+0000] {logging_mixin.py:149} INFO - [2023-06-04T00:40:00.909+0000] {dagbag.py:541} INFO - Filling up the DagBag from /home/airflow/.local/lib/python3.7/site-packages/airflow/example_dags/example_external_task_marker_dag.py
[2023-06-04T00:40:00.916+0000] {processor.py:836} INFO - DAG(s) dict_keys(['example_external_task_marker_parent', 'example_external_task_marker_child']) retrieved from /home/airflow/.local/lib/python3.7/site-packages/airflow/example_dags/example_external_task_marker_dag.py
[2023-06-04T00:40:00.952+0000] {logging_mixin.py:149} INFO - [2023-06-04T00:40:00.952+0000] {dag.py:2726} INFO - Sync 2 DAGs
[2023-06-04T00:40:00.986+0000] {logging_mixin.py:149} INFO - [2023-06-04T00:40:00.985+0000] {dag.py:3490} INFO - Setting next_dagrun for example_external_task_marker_child to None, run_after=None
[2023-06-04T00:40:00.991+0000] {logging_mixin.py:149} INFO - [2023-06-04T00:40:00.990+0000] {dag.py:3490} INFO - Setting next_dagrun for example_external_task_marker_parent to None, run_after=None
[2023-06-04T00:40:01.020+0000] {processor.py:179} INFO - Processing /home/airflow/.local/lib/python3.7/site-packages/airflow/example_dags/example_external_task_marker_dag.py took 0.117 seconds
[2023-06-04T00:40:31.297+0000] {processor.py:157} INFO - Started process (PID=21140) to work on /home/airflow/.local/lib/python3.7/site-packages/airflow/example_dags/example_external_task_marker_dag.py
[2023-06-04T00:40:31.298+0000] {processor.py:826} INFO - Processing file /home/airflow/.local/lib/python3.7/site-packages/airflow/example_dags/example_external_task_marker_dag.py for tasks to queue
[2023-06-04T00:40:31.300+0000] {logging_mixin.py:149} INFO - [2023-06-04T00:40:31.299+0000] {dagbag.py:541} INFO - Filling up the DagBag from /home/airflow/.local/lib/python3.7/site-packages/airflow/example_dags/example_external_task_marker_dag.py
[2023-06-04T00:40:31.307+0000] {processor.py:836} INFO - DAG(s) dict_keys(['example_external_task_marker_parent', 'example_external_task_marker_child']) retrieved from /home/airflow/.local/lib/python3.7/site-packages/airflow/example_dags/example_external_task_marker_dag.py
[2023-06-04T00:40:31.341+0000] {logging_mixin.py:149} INFO - [2023-06-04T00:40:31.341+0000] {dag.py:2726} INFO - Sync 2 DAGs
[2023-06-04T00:40:31.375+0000] {logging_mixin.py:149} INFO - [2023-06-04T00:40:31.374+0000] {dag.py:3490} INFO - Setting next_dagrun for example_external_task_marker_child to None, run_after=None
[2023-06-04T00:40:31.380+0000] {logging_mixin.py:149} INFO - [2023-06-04T00:40:31.379+0000] {dag.py:3490} INFO - Setting next_dagrun for example_external_task_marker_parent to None, run_after=None
[2023-06-04T00:40:31.406+0000] {processor.py:179} INFO - Processing /home/airflow/.local/lib/python3.7/site-packages/airflow/example_dags/example_external_task_marker_dag.py took 0.114 seconds
[2023-06-04T00:41:01.721+0000] {processor.py:157} INFO - Started process (PID=21392) to work on /home/airflow/.local/lib/python3.7/site-packages/airflow/example_dags/example_external_task_marker_dag.py
[2023-06-04T00:41:01.723+0000] {processor.py:826} INFO - Processing file /home/airflow/.local/lib/python3.7/site-packages/airflow/example_dags/example_external_task_marker_dag.py for tasks to queue
[2023-06-04T00:41:01.725+0000] {logging_mixin.py:149} INFO - [2023-06-04T00:41:01.725+0000] {dagbag.py:541} INFO - Filling up the DagBag from /home/airflow/.local/lib/python3.7/site-packages/airflow/example_dags/example_external_task_marker_dag.py
[2023-06-04T00:41:01.732+0000] {processor.py:836} INFO - DAG(s) dict_keys(['example_external_task_marker_parent', 'example_external_task_marker_child']) retrieved from /home/airflow/.local/lib/python3.7/site-packages/airflow/example_dags/example_external_task_marker_dag.py
[2023-06-04T00:41:01.769+0000] {logging_mixin.py:149} INFO - [2023-06-04T00:41:01.769+0000] {dag.py:2726} INFO - Sync 2 DAGs
[2023-06-04T00:41:01.802+0000] {logging_mixin.py:149} INFO - [2023-06-04T00:41:01.801+0000] {dag.py:3490} INFO - Setting next_dagrun for example_external_task_marker_child to None, run_after=None
[2023-06-04T00:41:01.808+0000] {logging_mixin.py:149} INFO - [2023-06-04T00:41:01.808+0000] {dag.py:3490} INFO - Setting next_dagrun for example_external_task_marker_parent to None, run_after=None
[2023-06-04T00:41:01.837+0000] {processor.py:179} INFO - Processing /home/airflow/.local/lib/python3.7/site-packages/airflow/example_dags/example_external_task_marker_dag.py took 0.120 seconds
[2023-06-04T00:41:32.202+0000] {processor.py:157} INFO - Started process (PID=21646) to work on /home/airflow/.local/lib/python3.7/site-packages/airflow/example_dags/example_external_task_marker_dag.py
[2023-06-04T00:41:32.203+0000] {processor.py:826} INFO - Processing file /home/airflow/.local/lib/python3.7/site-packages/airflow/example_dags/example_external_task_marker_dag.py for tasks to queue
[2023-06-04T00:41:32.205+0000] {logging_mixin.py:149} INFO - [2023-06-04T00:41:32.205+0000] {dagbag.py:541} INFO - Filling up the DagBag from /home/airflow/.local/lib/python3.7/site-packages/airflow/example_dags/example_external_task_marker_dag.py
[2023-06-04T00:41:32.211+0000] {processor.py:836} INFO - DAG(s) dict_keys(['example_external_task_marker_parent', 'example_external_task_marker_child']) retrieved from /home/airflow/.local/lib/python3.7/site-packages/airflow/example_dags/example_external_task_marker_dag.py
[2023-06-04T00:41:32.244+0000] {logging_mixin.py:149} INFO - [2023-06-04T00:41:32.244+0000] {dag.py:2726} INFO - Sync 2 DAGs
[2023-06-04T00:41:32.272+0000] {logging_mixin.py:149} INFO - [2023-06-04T00:41:32.272+0000] {dag.py:3490} INFO - Setting next_dagrun for example_external_task_marker_child to None, run_after=None
[2023-06-04T00:41:32.277+0000] {logging_mixin.py:149} INFO - [2023-06-04T00:41:32.276+0000] {dag.py:3490} INFO - Setting next_dagrun for example_external_task_marker_parent to None, run_after=None
[2023-06-04T00:41:32.301+0000] {processor.py:179} INFO - Processing /home/airflow/.local/lib/python3.7/site-packages/airflow/example_dags/example_external_task_marker_dag.py took 0.103 seconds
[2023-06-04T00:42:02.713+0000] {processor.py:157} INFO - Started process (PID=21896) to work on /home/airflow/.local/lib/python3.7/site-packages/airflow/example_dags/example_external_task_marker_dag.py
[2023-06-04T00:42:02.714+0000] {processor.py:826} INFO - Processing file /home/airflow/.local/lib/python3.7/site-packages/airflow/example_dags/example_external_task_marker_dag.py for tasks to queue
[2023-06-04T00:42:02.716+0000] {logging_mixin.py:149} INFO - [2023-06-04T00:42:02.716+0000] {dagbag.py:541} INFO - Filling up the DagBag from /home/airflow/.local/lib/python3.7/site-packages/airflow/example_dags/example_external_task_marker_dag.py
[2023-06-04T00:42:02.724+0000] {processor.py:836} INFO - DAG(s) dict_keys(['example_external_task_marker_child', 'example_external_task_marker_parent']) retrieved from /home/airflow/.local/lib/python3.7/site-packages/airflow/example_dags/example_external_task_marker_dag.py
[2023-06-04T00:42:02.761+0000] {logging_mixin.py:149} INFO - [2023-06-04T00:42:02.761+0000] {dag.py:2726} INFO - Sync 2 DAGs
[2023-06-04T00:42:02.792+0000] {logging_mixin.py:149} INFO - [2023-06-04T00:42:02.792+0000] {dag.py:3490} INFO - Setting next_dagrun for example_external_task_marker_child to None, run_after=None
[2023-06-04T00:42:02.797+0000] {logging_mixin.py:149} INFO - [2023-06-04T00:42:02.797+0000] {dag.py:3490} INFO - Setting next_dagrun for example_external_task_marker_parent to None, run_after=None
[2023-06-04T00:42:02.824+0000] {processor.py:179} INFO - Processing /home/airflow/.local/lib/python3.7/site-packages/airflow/example_dags/example_external_task_marker_dag.py took 0.115 seconds
[2023-06-04T00:42:33.441+0000] {processor.py:157} INFO - Started process (PID=22148) to work on /home/airflow/.local/lib/python3.7/site-packages/airflow/example_dags/example_external_task_marker_dag.py
[2023-06-04T00:42:33.443+0000] {processor.py:826} INFO - Processing file /home/airflow/.local/lib/python3.7/site-packages/airflow/example_dags/example_external_task_marker_dag.py for tasks to queue
[2023-06-04T00:42:33.445+0000] {logging_mixin.py:149} INFO - [2023-06-04T00:42:33.444+0000] {dagbag.py:541} INFO - Filling up the DagBag from /home/airflow/.local/lib/python3.7/site-packages/airflow/example_dags/example_external_task_marker_dag.py
[2023-06-04T00:42:33.451+0000] {processor.py:836} INFO - DAG(s) dict_keys(['example_external_task_marker_parent', 'example_external_task_marker_child']) retrieved from /home/airflow/.local/lib/python3.7/site-packages/airflow/example_dags/example_external_task_marker_dag.py
[2023-06-04T00:42:33.488+0000] {logging_mixin.py:149} INFO - [2023-06-04T00:42:33.488+0000] {dag.py:2726} INFO - Sync 2 DAGs
[2023-06-04T00:42:33.519+0000] {logging_mixin.py:149} INFO - [2023-06-04T00:42:33.519+0000] {dag.py:3490} INFO - Setting next_dagrun for example_external_task_marker_child to None, run_after=None
[2023-06-04T00:42:33.524+0000] {logging_mixin.py:149} INFO - [2023-06-04T00:42:33.524+0000] {dag.py:3490} INFO - Setting next_dagrun for example_external_task_marker_parent to None, run_after=None
[2023-06-04T00:42:33.547+0000] {processor.py:179} INFO - Processing /home/airflow/.local/lib/python3.7/site-packages/airflow/example_dags/example_external_task_marker_dag.py took 0.110 seconds
[2023-06-04T00:43:04.032+0000] {processor.py:157} INFO - Started process (PID=22402) to work on /home/airflow/.local/lib/python3.7/site-packages/airflow/example_dags/example_external_task_marker_dag.py
[2023-06-04T00:43:04.035+0000] {processor.py:826} INFO - Processing file /home/airflow/.local/lib/python3.7/site-packages/airflow/example_dags/example_external_task_marker_dag.py for tasks to queue
[2023-06-04T00:43:04.037+0000] {logging_mixin.py:149} INFO - [2023-06-04T00:43:04.036+0000] {dagbag.py:541} INFO - Filling up the DagBag from /home/airflow/.local/lib/python3.7/site-packages/airflow/example_dags/example_external_task_marker_dag.py
[2023-06-04T00:43:04.045+0000] {processor.py:836} INFO - DAG(s) dict_keys(['example_external_task_marker_child', 'example_external_task_marker_parent']) retrieved from /home/airflow/.local/lib/python3.7/site-packages/airflow/example_dags/example_external_task_marker_dag.py
[2023-06-04T00:43:04.081+0000] {logging_mixin.py:149} INFO - [2023-06-04T00:43:04.081+0000] {dag.py:2726} INFO - Sync 2 DAGs
[2023-06-04T00:43:04.113+0000] {logging_mixin.py:149} INFO - [2023-06-04T00:43:04.113+0000] {dag.py:3490} INFO - Setting next_dagrun for example_external_task_marker_child to None, run_after=None
[2023-06-04T00:43:04.118+0000] {logging_mixin.py:149} INFO - [2023-06-04T00:43:04.118+0000] {dag.py:3490} INFO - Setting next_dagrun for example_external_task_marker_parent to None, run_after=None
[2023-06-04T00:43:04.143+0000] {processor.py:179} INFO - Processing /home/airflow/.local/lib/python3.7/site-packages/airflow/example_dags/example_external_task_marker_dag.py took 0.115 seconds
