[2023-06-04T00:34:25.708+0000] {processor.py:157} INFO - Started process (PID=18089) to work on /home/airflow/.local/lib/python3.7/site-packages/airflow/example_dags/example_skip_dag.py
[2023-06-04T00:34:25.709+0000] {processor.py:826} INFO - Processing file /home/airflow/.local/lib/python3.7/site-packages/airflow/example_dags/example_skip_dag.py for tasks to queue
[2023-06-04T00:34:25.711+0000] {logging_mixin.py:149} INFO - [2023-06-04T00:34:25.711+0000] {dagbag.py:541} INFO - Filling up the DagBag from /home/airflow/.local/lib/python3.7/site-packages/airflow/example_dags/example_skip_dag.py
[2023-06-04T00:34:25.725+0000] {processor.py:836} INFO - DAG(s) dict_keys(['example_skip_dag']) retrieved from /home/airflow/.local/lib/python3.7/site-packages/airflow/example_dags/example_skip_dag.py
[2023-06-04T00:34:25.768+0000] {logging_mixin.py:149} INFO - [2023-06-04T00:34:25.768+0000] {dag.py:2726} INFO - Sync 1 DAGs
[2023-06-04T00:34:25.808+0000] {logging_mixin.py:149} INFO - [2023-06-04T00:34:25.808+0000] {dag.py:3490} INFO - Setting next_dagrun for example_skip_dag to 2023-06-03T00:34:25.808115+00:00, run_after=2023-06-04T00:34:25.808115+00:00
[2023-06-04T00:34:25.841+0000] {processor.py:179} INFO - Processing /home/airflow/.local/lib/python3.7/site-packages/airflow/example_dags/example_skip_dag.py took 0.137 seconds
[2023-06-04T00:34:56.243+0000] {processor.py:157} INFO - Started process (PID=18374) to work on /home/airflow/.local/lib/python3.7/site-packages/airflow/example_dags/example_skip_dag.py
[2023-06-04T00:34:56.244+0000] {processor.py:826} INFO - Processing file /home/airflow/.local/lib/python3.7/site-packages/airflow/example_dags/example_skip_dag.py for tasks to queue
[2023-06-04T00:34:56.246+0000] {logging_mixin.py:149} INFO - [2023-06-04T00:34:56.246+0000] {dagbag.py:541} INFO - Filling up the DagBag from /home/airflow/.local/lib/python3.7/site-packages/airflow/example_dags/example_skip_dag.py
[2023-06-04T00:34:56.255+0000] {processor.py:836} INFO - DAG(s) dict_keys(['example_skip_dag']) retrieved from /home/airflow/.local/lib/python3.7/site-packages/airflow/example_dags/example_skip_dag.py
[2023-06-04T00:34:56.289+0000] {logging_mixin.py:149} INFO - [2023-06-04T00:34:56.288+0000] {dag.py:2726} INFO - Sync 1 DAGs
[2023-06-04T00:34:56.319+0000] {logging_mixin.py:149} INFO - [2023-06-04T00:34:56.319+0000] {dag.py:3490} INFO - Setting next_dagrun for example_skip_dag to 2023-06-03T00:34:56.318799+00:00, run_after=2023-06-04T00:34:56.318799+00:00
[2023-06-04T00:34:56.346+0000] {processor.py:179} INFO - Processing /home/airflow/.local/lib/python3.7/site-packages/airflow/example_dags/example_skip_dag.py took 0.107 seconds
[2023-06-04T00:35:26.633+0000] {processor.py:157} INFO - Started process (PID=18627) to work on /home/airflow/.local/lib/python3.7/site-packages/airflow/example_dags/example_skip_dag.py
[2023-06-04T00:35:26.635+0000] {processor.py:826} INFO - Processing file /home/airflow/.local/lib/python3.7/site-packages/airflow/example_dags/example_skip_dag.py for tasks to queue
[2023-06-04T00:35:26.637+0000] {logging_mixin.py:149} INFO - [2023-06-04T00:35:26.637+0000] {dagbag.py:541} INFO - Filling up the DagBag from /home/airflow/.local/lib/python3.7/site-packages/airflow/example_dags/example_skip_dag.py
[2023-06-04T00:35:26.648+0000] {processor.py:836} INFO - DAG(s) dict_keys(['example_skip_dag']) retrieved from /home/airflow/.local/lib/python3.7/site-packages/airflow/example_dags/example_skip_dag.py
[2023-06-04T00:35:26.682+0000] {logging_mixin.py:149} INFO - [2023-06-04T00:35:26.682+0000] {dag.py:2726} INFO - Sync 1 DAGs
[2023-06-04T00:35:26.716+0000] {logging_mixin.py:149} INFO - [2023-06-04T00:35:26.716+0000] {dag.py:3490} INFO - Setting next_dagrun for example_skip_dag to 2023-06-03T00:35:26.716497+00:00, run_after=2023-06-04T00:35:26.716497+00:00
[2023-06-04T00:35:26.744+0000] {processor.py:179} INFO - Processing /home/airflow/.local/lib/python3.7/site-packages/airflow/example_dags/example_skip_dag.py took 0.115 seconds
[2023-06-04T00:35:57.041+0000] {processor.py:157} INFO - Started process (PID=18879) to work on /home/airflow/.local/lib/python3.7/site-packages/airflow/example_dags/example_skip_dag.py
[2023-06-04T00:35:57.043+0000] {processor.py:826} INFO - Processing file /home/airflow/.local/lib/python3.7/site-packages/airflow/example_dags/example_skip_dag.py for tasks to queue
[2023-06-04T00:35:57.045+0000] {logging_mixin.py:149} INFO - [2023-06-04T00:35:57.045+0000] {dagbag.py:541} INFO - Filling up the DagBag from /home/airflow/.local/lib/python3.7/site-packages/airflow/example_dags/example_skip_dag.py
[2023-06-04T00:35:57.054+0000] {processor.py:836} INFO - DAG(s) dict_keys(['example_skip_dag']) retrieved from /home/airflow/.local/lib/python3.7/site-packages/airflow/example_dags/example_skip_dag.py
[2023-06-04T00:35:57.084+0000] {logging_mixin.py:149} INFO - [2023-06-04T00:35:57.084+0000] {dag.py:2726} INFO - Sync 1 DAGs
[2023-06-04T00:35:57.116+0000] {logging_mixin.py:149} INFO - [2023-06-04T00:35:57.116+0000] {dag.py:3490} INFO - Setting next_dagrun for example_skip_dag to 2023-06-03T00:35:57.115753+00:00, run_after=2023-06-04T00:35:57.115753+00:00
[2023-06-04T00:35:57.144+0000] {processor.py:179} INFO - Processing /home/airflow/.local/lib/python3.7/site-packages/airflow/example_dags/example_skip_dag.py took 0.107 seconds
[2023-06-04T00:36:27.397+0000] {processor.py:157} INFO - Started process (PID=19131) to work on /home/airflow/.local/lib/python3.7/site-packages/airflow/example_dags/example_skip_dag.py
[2023-06-04T00:36:27.399+0000] {processor.py:826} INFO - Processing file /home/airflow/.local/lib/python3.7/site-packages/airflow/example_dags/example_skip_dag.py for tasks to queue
[2023-06-04T00:36:27.400+0000] {logging_mixin.py:149} INFO - [2023-06-04T00:36:27.400+0000] {dagbag.py:541} INFO - Filling up the DagBag from /home/airflow/.local/lib/python3.7/site-packages/airflow/example_dags/example_skip_dag.py
[2023-06-04T00:36:27.410+0000] {processor.py:836} INFO - DAG(s) dict_keys(['example_skip_dag']) retrieved from /home/airflow/.local/lib/python3.7/site-packages/airflow/example_dags/example_skip_dag.py
[2023-06-04T00:36:27.442+0000] {logging_mixin.py:149} INFO - [2023-06-04T00:36:27.441+0000] {dag.py:2726} INFO - Sync 1 DAGs
[2023-06-04T00:36:27.472+0000] {logging_mixin.py:149} INFO - [2023-06-04T00:36:27.472+0000] {dag.py:3490} INFO - Setting next_dagrun for example_skip_dag to 2023-06-03T00:36:27.472054+00:00, run_after=2023-06-04T00:36:27.472054+00:00
[2023-06-04T00:36:27.498+0000] {processor.py:179} INFO - Processing /home/airflow/.local/lib/python3.7/site-packages/airflow/example_dags/example_skip_dag.py took 0.104 seconds
[2023-06-04T00:36:57.804+0000] {processor.py:157} INFO - Started process (PID=19383) to work on /home/airflow/.local/lib/python3.7/site-packages/airflow/example_dags/example_skip_dag.py
[2023-06-04T00:36:57.806+0000] {processor.py:826} INFO - Processing file /home/airflow/.local/lib/python3.7/site-packages/airflow/example_dags/example_skip_dag.py for tasks to queue
[2023-06-04T00:36:57.807+0000] {logging_mixin.py:149} INFO - [2023-06-04T00:36:57.807+0000] {dagbag.py:541} INFO - Filling up the DagBag from /home/airflow/.local/lib/python3.7/site-packages/airflow/example_dags/example_skip_dag.py
[2023-06-04T00:36:57.816+0000] {processor.py:836} INFO - DAG(s) dict_keys(['example_skip_dag']) retrieved from /home/airflow/.local/lib/python3.7/site-packages/airflow/example_dags/example_skip_dag.py
[2023-06-04T00:36:57.846+0000] {logging_mixin.py:149} INFO - [2023-06-04T00:36:57.846+0000] {dag.py:2726} INFO - Sync 1 DAGs
[2023-06-04T00:36:57.878+0000] {logging_mixin.py:149} INFO - [2023-06-04T00:36:57.878+0000] {dag.py:3490} INFO - Setting next_dagrun for example_skip_dag to 2023-06-03T00:36:57.877908+00:00, run_after=2023-06-04T00:36:57.877908+00:00
[2023-06-04T00:36:57.905+0000] {processor.py:179} INFO - Processing /home/airflow/.local/lib/python3.7/site-packages/airflow/example_dags/example_skip_dag.py took 0.105 seconds
[2023-06-04T00:37:28.259+0000] {processor.py:157} INFO - Started process (PID=19635) to work on /home/airflow/.local/lib/python3.7/site-packages/airflow/example_dags/example_skip_dag.py
[2023-06-04T00:37:28.260+0000] {processor.py:826} INFO - Processing file /home/airflow/.local/lib/python3.7/site-packages/airflow/example_dags/example_skip_dag.py for tasks to queue
[2023-06-04T00:37:28.261+0000] {logging_mixin.py:149} INFO - [2023-06-04T00:37:28.261+0000] {dagbag.py:541} INFO - Filling up the DagBag from /home/airflow/.local/lib/python3.7/site-packages/airflow/example_dags/example_skip_dag.py
[2023-06-04T00:37:28.270+0000] {processor.py:836} INFO - DAG(s) dict_keys(['example_skip_dag']) retrieved from /home/airflow/.local/lib/python3.7/site-packages/airflow/example_dags/example_skip_dag.py
[2023-06-04T00:37:28.300+0000] {logging_mixin.py:149} INFO - [2023-06-04T00:37:28.300+0000] {dag.py:2726} INFO - Sync 1 DAGs
[2023-06-04T00:37:28.331+0000] {logging_mixin.py:149} INFO - [2023-06-04T00:37:28.331+0000] {dag.py:3490} INFO - Setting next_dagrun for example_skip_dag to 2023-06-03T00:37:28.331509+00:00, run_after=2023-06-04T00:37:28.331509+00:00
[2023-06-04T00:37:28.359+0000] {processor.py:179} INFO - Processing /home/airflow/.local/lib/python3.7/site-packages/airflow/example_dags/example_skip_dag.py took 0.104 seconds
[2023-06-04T00:37:58.573+0000] {processor.py:157} INFO - Started process (PID=19886) to work on /home/airflow/.local/lib/python3.7/site-packages/airflow/example_dags/example_skip_dag.py
[2023-06-04T00:37:58.575+0000] {processor.py:826} INFO - Processing file /home/airflow/.local/lib/python3.7/site-packages/airflow/example_dags/example_skip_dag.py for tasks to queue
[2023-06-04T00:37:58.576+0000] {logging_mixin.py:149} INFO - [2023-06-04T00:37:58.576+0000] {dagbag.py:541} INFO - Filling up the DagBag from /home/airflow/.local/lib/python3.7/site-packages/airflow/example_dags/example_skip_dag.py
[2023-06-04T00:37:58.585+0000] {processor.py:836} INFO - DAG(s) dict_keys(['example_skip_dag']) retrieved from /home/airflow/.local/lib/python3.7/site-packages/airflow/example_dags/example_skip_dag.py
[2023-06-04T00:37:58.617+0000] {logging_mixin.py:149} INFO - [2023-06-04T00:37:58.617+0000] {dag.py:2726} INFO - Sync 1 DAGs
[2023-06-04T00:37:58.646+0000] {logging_mixin.py:149} INFO - [2023-06-04T00:37:58.646+0000] {dag.py:3490} INFO - Setting next_dagrun for example_skip_dag to 2023-06-03T00:37:58.646216+00:00, run_after=2023-06-04T00:37:58.646216+00:00
[2023-06-04T00:37:58.674+0000] {processor.py:179} INFO - Processing /home/airflow/.local/lib/python3.7/site-packages/airflow/example_dags/example_skip_dag.py took 0.104 seconds
