[2023-06-04T00:34:27.131+0000] {processor.py:157} INFO - Started process (PID=18161) to work on /home/airflow/.local/lib/python3.7/site-packages/airflow/example_dags/example_xcomargs.py
[2023-06-04T00:34:27.135+0000] {processor.py:826} INFO - Processing file /home/airflow/.local/lib/python3.7/site-packages/airflow/example_dags/example_xcomargs.py for tasks to queue
[2023-06-04T00:34:27.139+0000] {logging_mixin.py:149} INFO - [2023-06-04T00:34:27.138+0000] {dagbag.py:541} INFO - Filling up the DagBag from /home/airflow/.local/lib/python3.7/site-packages/airflow/example_dags/example_xcomargs.py
[2023-06-04T00:34:27.150+0000] {processor.py:836} INFO - DAG(s) dict_keys(['example_xcom_args_with_operators', 'example_xcom_args']) retrieved from /home/airflow/.local/lib/python3.7/site-packages/airflow/example_dags/example_xcomargs.py
[2023-06-04T00:34:27.186+0000] {logging_mixin.py:149} INFO - [2023-06-04T00:34:27.185+0000] {dag.py:2726} INFO - Sync 2 DAGs
[2023-06-04T00:34:27.283+0000] {logging_mixin.py:149} INFO - [2023-06-04T00:34:27.283+0000] {dag.py:3490} INFO - Setting next_dagrun for example_xcom_args to None, run_after=None
[2023-06-04T00:34:27.289+0000] {logging_mixin.py:149} INFO - [2023-06-04T00:34:27.289+0000] {dag.py:3490} INFO - Setting next_dagrun for example_xcom_args_with_operators to None, run_after=None
[2023-06-04T00:34:27.316+0000] {processor.py:179} INFO - Processing /home/airflow/.local/lib/python3.7/site-packages/airflow/example_dags/example_xcomargs.py took 0.189 seconds
[2023-06-04T00:34:57.413+0000] {processor.py:157} INFO - Started process (PID=18434) to work on /home/airflow/.local/lib/python3.7/site-packages/airflow/example_dags/example_xcomargs.py
[2023-06-04T00:34:57.415+0000] {processor.py:826} INFO - Processing file /home/airflow/.local/lib/python3.7/site-packages/airflow/example_dags/example_xcomargs.py for tasks to queue
[2023-06-04T00:34:57.416+0000] {logging_mixin.py:149} INFO - [2023-06-04T00:34:57.416+0000] {dagbag.py:541} INFO - Filling up the DagBag from /home/airflow/.local/lib/python3.7/site-packages/airflow/example_dags/example_xcomargs.py
[2023-06-04T00:34:57.426+0000] {processor.py:836} INFO - DAG(s) dict_keys(['example_xcom_args_with_operators', 'example_xcom_args']) retrieved from /home/airflow/.local/lib/python3.7/site-packages/airflow/example_dags/example_xcomargs.py
[2023-06-04T00:34:57.459+0000] {logging_mixin.py:149} INFO - [2023-06-04T00:34:57.459+0000] {dag.py:2726} INFO - Sync 2 DAGs
[2023-06-04T00:34:57.490+0000] {logging_mixin.py:149} INFO - [2023-06-04T00:34:57.490+0000] {dag.py:3490} INFO - Setting next_dagrun for example_xcom_args to None, run_after=None
[2023-06-04T00:34:57.495+0000] {logging_mixin.py:149} INFO - [2023-06-04T00:34:57.495+0000] {dag.py:3490} INFO - Setting next_dagrun for example_xcom_args_with_operators to None, run_after=None
[2023-06-04T00:34:57.522+0000] {processor.py:179} INFO - Processing /home/airflow/.local/lib/python3.7/site-packages/airflow/example_dags/example_xcomargs.py took 0.112 seconds
[2023-06-04T00:35:28.587+0000] {processor.py:157} INFO - Started process (PID=18687) to work on /home/airflow/.local/lib/python3.7/site-packages/airflow/example_dags/example_xcomargs.py
[2023-06-04T00:35:28.589+0000] {processor.py:826} INFO - Processing file /home/airflow/.local/lib/python3.7/site-packages/airflow/example_dags/example_xcomargs.py for tasks to queue
[2023-06-04T00:35:28.591+0000] {logging_mixin.py:149} INFO - [2023-06-04T00:35:28.591+0000] {dagbag.py:541} INFO - Filling up the DagBag from /home/airflow/.local/lib/python3.7/site-packages/airflow/example_dags/example_xcomargs.py
[2023-06-04T00:35:28.604+0000] {processor.py:836} INFO - DAG(s) dict_keys(['example_xcom_args', 'example_xcom_args_with_operators']) retrieved from /home/airflow/.local/lib/python3.7/site-packages/airflow/example_dags/example_xcomargs.py
[2023-06-04T00:35:28.652+0000] {logging_mixin.py:149} INFO - [2023-06-04T00:35:28.651+0000] {dag.py:2726} INFO - Sync 2 DAGs
[2023-06-04T00:35:28.697+0000] {logging_mixin.py:149} INFO - [2023-06-04T00:35:28.697+0000] {dag.py:3490} INFO - Setting next_dagrun for example_xcom_args to None, run_after=None
[2023-06-04T00:35:28.705+0000] {logging_mixin.py:149} INFO - [2023-06-04T00:35:28.705+0000] {dag.py:3490} INFO - Setting next_dagrun for example_xcom_args_with_operators to None, run_after=None
[2023-06-04T00:35:28.744+0000] {processor.py:179} INFO - Processing /home/airflow/.local/lib/python3.7/site-packages/airflow/example_dags/example_xcomargs.py took 0.162 seconds
[2023-06-04T00:35:59.383+0000] {processor.py:157} INFO - Started process (PID=18939) to work on /home/airflow/.local/lib/python3.7/site-packages/airflow/example_dags/example_xcomargs.py
[2023-06-04T00:35:59.386+0000] {processor.py:826} INFO - Processing file /home/airflow/.local/lib/python3.7/site-packages/airflow/example_dags/example_xcomargs.py for tasks to queue
[2023-06-04T00:35:59.388+0000] {logging_mixin.py:149} INFO - [2023-06-04T00:35:59.388+0000] {dagbag.py:541} INFO - Filling up the DagBag from /home/airflow/.local/lib/python3.7/site-packages/airflow/example_dags/example_xcomargs.py
[2023-06-04T00:35:59.401+0000] {processor.py:836} INFO - DAG(s) dict_keys(['example_xcom_args_with_operators', 'example_xcom_args']) retrieved from /home/airflow/.local/lib/python3.7/site-packages/airflow/example_dags/example_xcomargs.py
[2023-06-04T00:35:59.440+0000] {logging_mixin.py:149} INFO - [2023-06-04T00:35:59.440+0000] {dag.py:2726} INFO - Sync 2 DAGs
[2023-06-04T00:35:59.471+0000] {logging_mixin.py:149} INFO - [2023-06-04T00:35:59.471+0000] {dag.py:3490} INFO - Setting next_dagrun for example_xcom_args to None, run_after=None
[2023-06-04T00:35:59.477+0000] {logging_mixin.py:149} INFO - [2023-06-04T00:35:59.476+0000] {dag.py:3490} INFO - Setting next_dagrun for example_xcom_args_with_operators to None, run_after=None
[2023-06-04T00:35:59.503+0000] {processor.py:179} INFO - Processing /home/airflow/.local/lib/python3.7/site-packages/airflow/example_dags/example_xcomargs.py took 0.124 seconds
[2023-06-04T00:36:29.886+0000] {processor.py:157} INFO - Started process (PID=19191) to work on /home/airflow/.local/lib/python3.7/site-packages/airflow/example_dags/example_xcomargs.py
[2023-06-04T00:36:29.888+0000] {processor.py:826} INFO - Processing file /home/airflow/.local/lib/python3.7/site-packages/airflow/example_dags/example_xcomargs.py for tasks to queue
[2023-06-04T00:36:29.889+0000] {logging_mixin.py:149} INFO - [2023-06-04T00:36:29.889+0000] {dagbag.py:541} INFO - Filling up the DagBag from /home/airflow/.local/lib/python3.7/site-packages/airflow/example_dags/example_xcomargs.py
[2023-06-04T00:36:29.899+0000] {processor.py:836} INFO - DAG(s) dict_keys(['example_xcom_args_with_operators', 'example_xcom_args']) retrieved from /home/airflow/.local/lib/python3.7/site-packages/airflow/example_dags/example_xcomargs.py
[2023-06-04T00:36:29.933+0000] {logging_mixin.py:149} INFO - [2023-06-04T00:36:29.932+0000] {dag.py:2726} INFO - Sync 2 DAGs
[2023-06-04T00:36:29.964+0000] {logging_mixin.py:149} INFO - [2023-06-04T00:36:29.964+0000] {dag.py:3490} INFO - Setting next_dagrun for example_xcom_args to None, run_after=None
[2023-06-04T00:36:29.968+0000] {logging_mixin.py:149} INFO - [2023-06-04T00:36:29.968+0000] {dag.py:3490} INFO - Setting next_dagrun for example_xcom_args_with_operators to None, run_after=None
[2023-06-04T00:36:29.992+0000] {processor.py:179} INFO - Processing /home/airflow/.local/lib/python3.7/site-packages/airflow/example_dags/example_xcomargs.py took 0.110 seconds
[2023-06-04T00:37:01.027+0000] {processor.py:157} INFO - Started process (PID=19443) to work on /home/airflow/.local/lib/python3.7/site-packages/airflow/example_dags/example_xcomargs.py
[2023-06-04T00:37:01.028+0000] {processor.py:826} INFO - Processing file /home/airflow/.local/lib/python3.7/site-packages/airflow/example_dags/example_xcomargs.py for tasks to queue
[2023-06-04T00:37:01.030+0000] {logging_mixin.py:149} INFO - [2023-06-04T00:37:01.030+0000] {dagbag.py:541} INFO - Filling up the DagBag from /home/airflow/.local/lib/python3.7/site-packages/airflow/example_dags/example_xcomargs.py
[2023-06-04T00:37:01.040+0000] {processor.py:836} INFO - DAG(s) dict_keys(['example_xcom_args_with_operators', 'example_xcom_args']) retrieved from /home/airflow/.local/lib/python3.7/site-packages/airflow/example_dags/example_xcomargs.py
[2023-06-04T00:37:01.073+0000] {logging_mixin.py:149} INFO - [2023-06-04T00:37:01.073+0000] {dag.py:2726} INFO - Sync 2 DAGs
[2023-06-04T00:37:01.103+0000] {logging_mixin.py:149} INFO - [2023-06-04T00:37:01.103+0000] {dag.py:3490} INFO - Setting next_dagrun for example_xcom_args to None, run_after=None
[2023-06-04T00:37:01.108+0000] {logging_mixin.py:149} INFO - [2023-06-04T00:37:01.108+0000] {dag.py:3490} INFO - Setting next_dagrun for example_xcom_args_with_operators to None, run_after=None
[2023-06-04T00:37:01.132+0000] {processor.py:179} INFO - Processing /home/airflow/.local/lib/python3.7/site-packages/airflow/example_dags/example_xcomargs.py took 0.109 seconds
[2023-06-04T00:37:31.576+0000] {processor.py:157} INFO - Started process (PID=19697) to work on /home/airflow/.local/lib/python3.7/site-packages/airflow/example_dags/example_xcomargs.py
[2023-06-04T00:37:31.578+0000] {processor.py:826} INFO - Processing file /home/airflow/.local/lib/python3.7/site-packages/airflow/example_dags/example_xcomargs.py for tasks to queue
[2023-06-04T00:37:31.580+0000] {logging_mixin.py:149} INFO - [2023-06-04T00:37:31.579+0000] {dagbag.py:541} INFO - Filling up the DagBag from /home/airflow/.local/lib/python3.7/site-packages/airflow/example_dags/example_xcomargs.py
[2023-06-04T00:37:31.589+0000] {processor.py:836} INFO - DAG(s) dict_keys(['example_xcom_args', 'example_xcom_args_with_operators']) retrieved from /home/airflow/.local/lib/python3.7/site-packages/airflow/example_dags/example_xcomargs.py
[2023-06-04T00:37:31.625+0000] {logging_mixin.py:149} INFO - [2023-06-04T00:37:31.625+0000] {dag.py:2726} INFO - Sync 2 DAGs
[2023-06-04T00:37:31.655+0000] {logging_mixin.py:149} INFO - [2023-06-04T00:37:31.655+0000] {dag.py:3490} INFO - Setting next_dagrun for example_xcom_args to None, run_after=None
[2023-06-04T00:37:31.661+0000] {logging_mixin.py:149} INFO - [2023-06-04T00:37:31.661+0000] {dag.py:3490} INFO - Setting next_dagrun for example_xcom_args_with_operators to None, run_after=None
[2023-06-04T00:37:31.687+0000] {processor.py:179} INFO - Processing /home/airflow/.local/lib/python3.7/site-packages/airflow/example_dags/example_xcomargs.py took 0.114 seconds
[2023-06-04T00:38:02.750+0000] {processor.py:157} INFO - Started process (PID=19946) to work on /home/airflow/.local/lib/python3.7/site-packages/airflow/example_dags/example_xcomargs.py
[2023-06-04T00:38:02.751+0000] {processor.py:826} INFO - Processing file /home/airflow/.local/lib/python3.7/site-packages/airflow/example_dags/example_xcomargs.py for tasks to queue
[2023-06-04T00:38:02.753+0000] {logging_mixin.py:149} INFO - [2023-06-04T00:38:02.752+0000] {dagbag.py:541} INFO - Filling up the DagBag from /home/airflow/.local/lib/python3.7/site-packages/airflow/example_dags/example_xcomargs.py
[2023-06-04T00:38:02.762+0000] {processor.py:836} INFO - DAG(s) dict_keys(['example_xcom_args_with_operators', 'example_xcom_args']) retrieved from /home/airflow/.local/lib/python3.7/site-packages/airflow/example_dags/example_xcomargs.py
[2023-06-04T00:38:02.795+0000] {logging_mixin.py:149} INFO - [2023-06-04T00:38:02.795+0000] {dag.py:2726} INFO - Sync 2 DAGs
[2023-06-04T00:38:02.825+0000] {logging_mixin.py:149} INFO - [2023-06-04T00:38:02.824+0000] {dag.py:3490} INFO - Setting next_dagrun for example_xcom_args to None, run_after=None
[2023-06-04T00:38:02.829+0000] {logging_mixin.py:149} INFO - [2023-06-04T00:38:02.829+0000] {dag.py:3490} INFO - Setting next_dagrun for example_xcom_args_with_operators to None, run_after=None
[2023-06-04T00:38:02.853+0000] {processor.py:179} INFO - Processing /home/airflow/.local/lib/python3.7/site-packages/airflow/example_dags/example_xcomargs.py took 0.107 seconds
[2023-06-04T00:38:33.467+0000] {processor.py:157} INFO - Started process (PID=20197) to work on /home/airflow/.local/lib/python3.7/site-packages/airflow/example_dags/example_xcomargs.py
[2023-06-04T00:38:33.468+0000] {processor.py:826} INFO - Processing file /home/airflow/.local/lib/python3.7/site-packages/airflow/example_dags/example_xcomargs.py for tasks to queue
[2023-06-04T00:38:33.470+0000] {logging_mixin.py:149} INFO - [2023-06-04T00:38:33.470+0000] {dagbag.py:541} INFO - Filling up the DagBag from /home/airflow/.local/lib/python3.7/site-packages/airflow/example_dags/example_xcomargs.py
[2023-06-04T00:38:33.479+0000] {processor.py:836} INFO - DAG(s) dict_keys(['example_xcom_args_with_operators', 'example_xcom_args']) retrieved from /home/airflow/.local/lib/python3.7/site-packages/airflow/example_dags/example_xcomargs.py
[2023-06-04T00:38:33.514+0000] {logging_mixin.py:149} INFO - [2023-06-04T00:38:33.514+0000] {dag.py:2726} INFO - Sync 2 DAGs
[2023-06-04T00:38:33.548+0000] {logging_mixin.py:149} INFO - [2023-06-04T00:38:33.547+0000] {dag.py:3490} INFO - Setting next_dagrun for example_xcom_args to None, run_after=None
[2023-06-04T00:38:33.553+0000] {logging_mixin.py:149} INFO - [2023-06-04T00:38:33.553+0000] {dag.py:3490} INFO - Setting next_dagrun for example_xcom_args_with_operators to None, run_after=None
[2023-06-04T00:38:33.585+0000] {processor.py:179} INFO - Processing /home/airflow/.local/lib/python3.7/site-packages/airflow/example_dags/example_xcomargs.py took 0.122 seconds
[2023-06-04T00:39:04.131+0000] {processor.py:157} INFO - Started process (PID=20449) to work on /home/airflow/.local/lib/python3.7/site-packages/airflow/example_dags/example_xcomargs.py
[2023-06-04T00:39:04.132+0000] {processor.py:826} INFO - Processing file /home/airflow/.local/lib/python3.7/site-packages/airflow/example_dags/example_xcomargs.py for tasks to queue
[2023-06-04T00:39:04.134+0000] {logging_mixin.py:149} INFO - [2023-06-04T00:39:04.134+0000] {dagbag.py:541} INFO - Filling up the DagBag from /home/airflow/.local/lib/python3.7/site-packages/airflow/example_dags/example_xcomargs.py
[2023-06-04T00:39:04.144+0000] {processor.py:836} INFO - DAG(s) dict_keys(['example_xcom_args_with_operators', 'example_xcom_args']) retrieved from /home/airflow/.local/lib/python3.7/site-packages/airflow/example_dags/example_xcomargs.py
[2023-06-04T00:39:04.185+0000] {logging_mixin.py:149} INFO - [2023-06-04T00:39:04.184+0000] {dag.py:2726} INFO - Sync 2 DAGs
[2023-06-04T00:39:04.222+0000] {logging_mixin.py:149} INFO - [2023-06-04T00:39:04.222+0000] {dag.py:3490} INFO - Setting next_dagrun for example_xcom_args to None, run_after=None
[2023-06-04T00:39:04.231+0000] {logging_mixin.py:149} INFO - [2023-06-04T00:39:04.231+0000] {dag.py:3490} INFO - Setting next_dagrun for example_xcom_args_with_operators to None, run_after=None
[2023-06-04T00:39:04.261+0000] {processor.py:179} INFO - Processing /home/airflow/.local/lib/python3.7/site-packages/airflow/example_dags/example_xcomargs.py took 0.134 seconds
[2023-06-04T00:39:34.823+0000] {processor.py:157} INFO - Started process (PID=20707) to work on /home/airflow/.local/lib/python3.7/site-packages/airflow/example_dags/example_xcomargs.py
[2023-06-04T00:39:34.825+0000] {processor.py:826} INFO - Processing file /home/airflow/.local/lib/python3.7/site-packages/airflow/example_dags/example_xcomargs.py for tasks to queue
[2023-06-04T00:39:34.826+0000] {logging_mixin.py:149} INFO - [2023-06-04T00:39:34.826+0000] {dagbag.py:541} INFO - Filling up the DagBag from /home/airflow/.local/lib/python3.7/site-packages/airflow/example_dags/example_xcomargs.py
[2023-06-04T00:39:34.840+0000] {processor.py:836} INFO - DAG(s) dict_keys(['example_xcom_args', 'example_xcom_args_with_operators']) retrieved from /home/airflow/.local/lib/python3.7/site-packages/airflow/example_dags/example_xcomargs.py
[2023-06-04T00:39:34.877+0000] {logging_mixin.py:149} INFO - [2023-06-04T00:39:34.877+0000] {dag.py:2726} INFO - Sync 2 DAGs
[2023-06-04T00:39:34.906+0000] {logging_mixin.py:149} INFO - [2023-06-04T00:39:34.906+0000] {dag.py:3490} INFO - Setting next_dagrun for example_xcom_args to None, run_after=None
[2023-06-04T00:39:34.911+0000] {logging_mixin.py:149} INFO - [2023-06-04T00:39:34.911+0000] {dag.py:3490} INFO - Setting next_dagrun for example_xcom_args_with_operators to None, run_after=None
[2023-06-04T00:39:34.939+0000] {processor.py:179} INFO - Processing /home/airflow/.local/lib/python3.7/site-packages/airflow/example_dags/example_xcomargs.py took 0.120 seconds
[2023-06-04T00:40:06.425+0000] {processor.py:157} INFO - Started process (PID=20960) to work on /home/airflow/.local/lib/python3.7/site-packages/airflow/example_dags/example_xcomargs.py
[2023-06-04T00:40:06.427+0000] {processor.py:826} INFO - Processing file /home/airflow/.local/lib/python3.7/site-packages/airflow/example_dags/example_xcomargs.py for tasks to queue
[2023-06-04T00:40:06.428+0000] {logging_mixin.py:149} INFO - [2023-06-04T00:40:06.428+0000] {dagbag.py:541} INFO - Filling up the DagBag from /home/airflow/.local/lib/python3.7/site-packages/airflow/example_dags/example_xcomargs.py
[2023-06-04T00:40:06.441+0000] {processor.py:836} INFO - DAG(s) dict_keys(['example_xcom_args_with_operators', 'example_xcom_args']) retrieved from /home/airflow/.local/lib/python3.7/site-packages/airflow/example_dags/example_xcomargs.py
[2023-06-04T00:40:06.479+0000] {logging_mixin.py:149} INFO - [2023-06-04T00:40:06.479+0000] {dag.py:2726} INFO - Sync 2 DAGs
[2023-06-04T00:40:06.516+0000] {logging_mixin.py:149} INFO - [2023-06-04T00:40:06.516+0000] {dag.py:3490} INFO - Setting next_dagrun for example_xcom_args to None, run_after=None
[2023-06-04T00:40:06.522+0000] {logging_mixin.py:149} INFO - [2023-06-04T00:40:06.522+0000] {dag.py:3490} INFO - Setting next_dagrun for example_xcom_args_with_operators to None, run_after=None
[2023-06-04T00:40:06.548+0000] {processor.py:179} INFO - Processing /home/airflow/.local/lib/python3.7/site-packages/airflow/example_dags/example_xcomargs.py took 0.127 seconds
[2023-06-04T00:40:37.671+0000] {processor.py:157} INFO - Started process (PID=21212) to work on /home/airflow/.local/lib/python3.7/site-packages/airflow/example_dags/example_xcomargs.py
[2023-06-04T00:40:37.672+0000] {processor.py:826} INFO - Processing file /home/airflow/.local/lib/python3.7/site-packages/airflow/example_dags/example_xcomargs.py for tasks to queue
[2023-06-04T00:40:37.674+0000] {logging_mixin.py:149} INFO - [2023-06-04T00:40:37.674+0000] {dagbag.py:541} INFO - Filling up the DagBag from /home/airflow/.local/lib/python3.7/site-packages/airflow/example_dags/example_xcomargs.py
[2023-06-04T00:40:37.686+0000] {processor.py:836} INFO - DAG(s) dict_keys(['example_xcom_args', 'example_xcom_args_with_operators']) retrieved from /home/airflow/.local/lib/python3.7/site-packages/airflow/example_dags/example_xcomargs.py
[2023-06-04T00:40:37.720+0000] {logging_mixin.py:149} INFO - [2023-06-04T00:40:37.719+0000] {dag.py:2726} INFO - Sync 2 DAGs
[2023-06-04T00:40:37.749+0000] {logging_mixin.py:149} INFO - [2023-06-04T00:40:37.748+0000] {dag.py:3490} INFO - Setting next_dagrun for example_xcom_args to None, run_after=None
[2023-06-04T00:40:37.754+0000] {logging_mixin.py:149} INFO - [2023-06-04T00:40:37.754+0000] {dag.py:3490} INFO - Setting next_dagrun for example_xcom_args_with_operators to None, run_after=None
[2023-06-04T00:40:37.780+0000] {processor.py:179} INFO - Processing /home/airflow/.local/lib/python3.7/site-packages/airflow/example_dags/example_xcomargs.py took 0.112 seconds
[2023-06-04T00:41:09.372+0000] {processor.py:157} INFO - Started process (PID=21466) to work on /home/airflow/.local/lib/python3.7/site-packages/airflow/example_dags/example_xcomargs.py
[2023-06-04T00:41:09.374+0000] {processor.py:826} INFO - Processing file /home/airflow/.local/lib/python3.7/site-packages/airflow/example_dags/example_xcomargs.py for tasks to queue
[2023-06-04T00:41:09.375+0000] {logging_mixin.py:149} INFO - [2023-06-04T00:41:09.375+0000] {dagbag.py:541} INFO - Filling up the DagBag from /home/airflow/.local/lib/python3.7/site-packages/airflow/example_dags/example_xcomargs.py
[2023-06-04T00:41:09.396+0000] {processor.py:836} INFO - DAG(s) dict_keys(['example_xcom_args', 'example_xcom_args_with_operators']) retrieved from /home/airflow/.local/lib/python3.7/site-packages/airflow/example_dags/example_xcomargs.py
[2023-06-04T00:41:09.440+0000] {logging_mixin.py:149} INFO - [2023-06-04T00:41:09.439+0000] {dag.py:2726} INFO - Sync 2 DAGs
[2023-06-04T00:41:09.472+0000] {logging_mixin.py:149} INFO - [2023-06-04T00:41:09.472+0000] {dag.py:3490} INFO - Setting next_dagrun for example_xcom_args to None, run_after=None
[2023-06-04T00:41:09.478+0000] {logging_mixin.py:149} INFO - [2023-06-04T00:41:09.478+0000] {dag.py:3490} INFO - Setting next_dagrun for example_xcom_args_with_operators to None, run_after=None
[2023-06-04T00:41:09.519+0000] {processor.py:179} INFO - Processing /home/airflow/.local/lib/python3.7/site-packages/airflow/example_dags/example_xcomargs.py took 0.154 seconds
[2023-06-04T00:41:40.702+0000] {processor.py:157} INFO - Started process (PID=21718) to work on /home/airflow/.local/lib/python3.7/site-packages/airflow/example_dags/example_xcomargs.py
[2023-06-04T00:41:40.704+0000] {processor.py:826} INFO - Processing file /home/airflow/.local/lib/python3.7/site-packages/airflow/example_dags/example_xcomargs.py for tasks to queue
[2023-06-04T00:41:40.706+0000] {logging_mixin.py:149} INFO - [2023-06-04T00:41:40.706+0000] {dagbag.py:541} INFO - Filling up the DagBag from /home/airflow/.local/lib/python3.7/site-packages/airflow/example_dags/example_xcomargs.py
[2023-06-04T00:41:40.717+0000] {processor.py:836} INFO - DAG(s) dict_keys(['example_xcom_args', 'example_xcom_args_with_operators']) retrieved from /home/airflow/.local/lib/python3.7/site-packages/airflow/example_dags/example_xcomargs.py
[2023-06-04T00:41:40.752+0000] {logging_mixin.py:149} INFO - [2023-06-04T00:41:40.752+0000] {dag.py:2726} INFO - Sync 2 DAGs
[2023-06-04T00:41:40.785+0000] {logging_mixin.py:149} INFO - [2023-06-04T00:41:40.784+0000] {dag.py:3490} INFO - Setting next_dagrun for example_xcom_args to None, run_after=None
[2023-06-04T00:41:40.790+0000] {logging_mixin.py:149} INFO - [2023-06-04T00:41:40.790+0000] {dag.py:3490} INFO - Setting next_dagrun for example_xcom_args_with_operators to None, run_after=None
[2023-06-04T00:41:40.816+0000] {processor.py:179} INFO - Processing /home/airflow/.local/lib/python3.7/site-packages/airflow/example_dags/example_xcomargs.py took 0.117 seconds
[2023-06-04T00:42:12.043+0000] {processor.py:157} INFO - Started process (PID=21968) to work on /home/airflow/.local/lib/python3.7/site-packages/airflow/example_dags/example_xcomargs.py
[2023-06-04T00:42:12.044+0000] {processor.py:826} INFO - Processing file /home/airflow/.local/lib/python3.7/site-packages/airflow/example_dags/example_xcomargs.py for tasks to queue
[2023-06-04T00:42:12.046+0000] {logging_mixin.py:149} INFO - [2023-06-04T00:42:12.045+0000] {dagbag.py:541} INFO - Filling up the DagBag from /home/airflow/.local/lib/python3.7/site-packages/airflow/example_dags/example_xcomargs.py
[2023-06-04T00:42:12.055+0000] {processor.py:836} INFO - DAG(s) dict_keys(['example_xcom_args', 'example_xcom_args_with_operators']) retrieved from /home/airflow/.local/lib/python3.7/site-packages/airflow/example_dags/example_xcomargs.py
[2023-06-04T00:42:12.087+0000] {logging_mixin.py:149} INFO - [2023-06-04T00:42:12.087+0000] {dag.py:2726} INFO - Sync 2 DAGs
[2023-06-04T00:42:12.115+0000] {logging_mixin.py:149} INFO - [2023-06-04T00:42:12.115+0000] {dag.py:3490} INFO - Setting next_dagrun for example_xcom_args to None, run_after=None
[2023-06-04T00:42:12.120+0000] {logging_mixin.py:149} INFO - [2023-06-04T00:42:12.120+0000] {dag.py:3490} INFO - Setting next_dagrun for example_xcom_args_with_operators to None, run_after=None
[2023-06-04T00:42:12.142+0000] {processor.py:179} INFO - Processing /home/airflow/.local/lib/python3.7/site-packages/airflow/example_dags/example_xcomargs.py took 0.103 seconds
[2023-06-04T00:42:42.913+0000] {processor.py:157} INFO - Started process (PID=22220) to work on /home/airflow/.local/lib/python3.7/site-packages/airflow/example_dags/example_xcomargs.py
[2023-06-04T00:42:42.914+0000] {processor.py:826} INFO - Processing file /home/airflow/.local/lib/python3.7/site-packages/airflow/example_dags/example_xcomargs.py for tasks to queue
[2023-06-04T00:42:42.915+0000] {logging_mixin.py:149} INFO - [2023-06-04T00:42:42.915+0000] {dagbag.py:541} INFO - Filling up the DagBag from /home/airflow/.local/lib/python3.7/site-packages/airflow/example_dags/example_xcomargs.py
[2023-06-04T00:42:42.924+0000] {processor.py:836} INFO - DAG(s) dict_keys(['example_xcom_args_with_operators', 'example_xcom_args']) retrieved from /home/airflow/.local/lib/python3.7/site-packages/airflow/example_dags/example_xcomargs.py
[2023-06-04T00:42:42.967+0000] {logging_mixin.py:149} INFO - [2023-06-04T00:42:42.967+0000] {dag.py:2726} INFO - Sync 2 DAGs
[2023-06-04T00:42:43.001+0000] {logging_mixin.py:149} INFO - [2023-06-04T00:42:43.001+0000] {dag.py:3490} INFO - Setting next_dagrun for example_xcom_args to None, run_after=None
[2023-06-04T00:42:43.008+0000] {logging_mixin.py:149} INFO - [2023-06-04T00:42:43.007+0000] {dag.py:3490} INFO - Setting next_dagrun for example_xcom_args_with_operators to None, run_after=None
[2023-06-04T00:42:43.032+0000] {processor.py:179} INFO - Processing /home/airflow/.local/lib/python3.7/site-packages/airflow/example_dags/example_xcomargs.py took 0.123 seconds
[2023-06-04T00:43:13.535+0000] {processor.py:157} INFO - Started process (PID=22472) to work on /home/airflow/.local/lib/python3.7/site-packages/airflow/example_dags/example_xcomargs.py
[2023-06-04T00:43:13.537+0000] {processor.py:826} INFO - Processing file /home/airflow/.local/lib/python3.7/site-packages/airflow/example_dags/example_xcomargs.py for tasks to queue
[2023-06-04T00:43:13.538+0000] {logging_mixin.py:149} INFO - [2023-06-04T00:43:13.538+0000] {dagbag.py:541} INFO - Filling up the DagBag from /home/airflow/.local/lib/python3.7/site-packages/airflow/example_dags/example_xcomargs.py
[2023-06-04T00:43:13.549+0000] {processor.py:836} INFO - DAG(s) dict_keys(['example_xcom_args', 'example_xcom_args_with_operators']) retrieved from /home/airflow/.local/lib/python3.7/site-packages/airflow/example_dags/example_xcomargs.py
[2023-06-04T00:43:13.585+0000] {logging_mixin.py:149} INFO - [2023-06-04T00:43:13.585+0000] {dag.py:2726} INFO - Sync 2 DAGs
[2023-06-04T00:43:13.620+0000] {logging_mixin.py:149} INFO - [2023-06-04T00:43:13.620+0000] {dag.py:3490} INFO - Setting next_dagrun for example_xcom_args to None, run_after=None
[2023-06-04T00:43:13.625+0000] {logging_mixin.py:149} INFO - [2023-06-04T00:43:13.625+0000] {dag.py:3490} INFO - Setting next_dagrun for example_xcom_args_with_operators to None, run_after=None
[2023-06-04T00:43:13.649+0000] {processor.py:179} INFO - Processing /home/airflow/.local/lib/python3.7/site-packages/airflow/example_dags/example_xcomargs.py took 0.117 seconds
