[2023-06-04T00:34:25.295+0000] {processor.py:157} INFO - Started process (PID=18069) to work on /home/airflow/.local/lib/python3.7/site-packages/airflow/example_dags/example_datasets.py
[2023-06-04T00:34:25.297+0000] {processor.py:826} INFO - Processing file /home/airflow/.local/lib/python3.7/site-packages/airflow/example_dags/example_datasets.py for tasks to queue
[2023-06-04T00:34:25.298+0000] {logging_mixin.py:149} INFO - [2023-06-04T00:34:25.298+0000] {dagbag.py:541} INFO - Filling up the DagBag from /home/airflow/.local/lib/python3.7/site-packages/airflow/example_dags/example_datasets.py
[2023-06-04T00:34:25.310+0000] {processor.py:836} INFO - DAG(s) dict_keys(['dataset_consumes_1_never_scheduled', 'dataset_consumes_1_and_2', 'dataset_produces_1', 'dataset_produces_2', 'dataset_consumes_1', 'dataset_consumes_unknown_never_scheduled']) retrieved from /home/airflow/.local/lib/python3.7/site-packages/airflow/example_dags/example_datasets.py
[2023-06-04T00:34:25.367+0000] {logging_mixin.py:149} INFO - [2023-06-04T00:34:25.367+0000] {dag.py:2726} INFO - Sync 6 DAGs
[2023-06-04T00:34:25.407+0000] {logging_mixin.py:149} INFO - [2023-06-04T00:34:25.407+0000] {dag.py:3490} INFO - Setting next_dagrun for dataset_consumes_1 to None, run_after=None
[2023-06-04T00:34:25.415+0000] {logging_mixin.py:149} INFO - [2023-06-04T00:34:25.414+0000] {dag.py:3490} INFO - Setting next_dagrun for dataset_consumes_1_and_2 to None, run_after=None
[2023-06-04T00:34:25.418+0000] {logging_mixin.py:149} INFO - [2023-06-04T00:34:25.417+0000] {dag.py:3490} INFO - Setting next_dagrun for dataset_consumes_1_never_scheduled to None, run_after=None
[2023-06-04T00:34:25.421+0000] {logging_mixin.py:149} INFO - [2023-06-04T00:34:25.420+0000] {dag.py:3490} INFO - Setting next_dagrun for dataset_consumes_unknown_never_scheduled to None, run_after=None
[2023-06-04T00:34:25.425+0000] {logging_mixin.py:149} INFO - [2023-06-04T00:34:25.424+0000] {dag.py:3490} INFO - Setting next_dagrun for dataset_produces_1 to 2023-06-03T00:00:00+00:00, run_after=2023-06-04T00:00:00+00:00
[2023-06-04T00:34:25.427+0000] {logging_mixin.py:149} INFO - [2023-06-04T00:34:25.427+0000] {dag.py:3490} INFO - Setting next_dagrun for dataset_produces_2 to None, run_after=None
[2023-06-04T00:34:25.477+0000] {processor.py:179} INFO - Processing /home/airflow/.local/lib/python3.7/site-packages/airflow/example_dags/example_datasets.py took 0.187 seconds
[2023-06-04T00:34:55.937+0000] {processor.py:157} INFO - Started process (PID=18354) to work on /home/airflow/.local/lib/python3.7/site-packages/airflow/example_dags/example_datasets.py
[2023-06-04T00:34:55.938+0000] {processor.py:826} INFO - Processing file /home/airflow/.local/lib/python3.7/site-packages/airflow/example_dags/example_datasets.py for tasks to queue
[2023-06-04T00:34:55.940+0000] {logging_mixin.py:149} INFO - [2023-06-04T00:34:55.940+0000] {dagbag.py:541} INFO - Filling up the DagBag from /home/airflow/.local/lib/python3.7/site-packages/airflow/example_dags/example_datasets.py
[2023-06-04T00:34:55.951+0000] {processor.py:836} INFO - DAG(s) dict_keys(['dataset_produces_1', 'dataset_consumes_1_never_scheduled', 'dataset_produces_2', 'dataset_consumes_1', 'dataset_consumes_unknown_never_scheduled', 'dataset_consumes_1_and_2']) retrieved from /home/airflow/.local/lib/python3.7/site-packages/airflow/example_dags/example_datasets.py
[2023-06-04T00:34:55.998+0000] {logging_mixin.py:149} INFO - [2023-06-04T00:34:55.998+0000] {dag.py:2726} INFO - Sync 6 DAGs
[2023-06-04T00:34:56.030+0000] {logging_mixin.py:149} INFO - [2023-06-04T00:34:56.030+0000] {dag.py:3490} INFO - Setting next_dagrun for dataset_consumes_1 to None, run_after=None
[2023-06-04T00:34:56.034+0000] {logging_mixin.py:149} INFO - [2023-06-04T00:34:56.034+0000] {dag.py:3490} INFO - Setting next_dagrun for dataset_consumes_1_and_2 to None, run_after=None
[2023-06-04T00:34:56.037+0000] {logging_mixin.py:149} INFO - [2023-06-04T00:34:56.036+0000] {dag.py:3490} INFO - Setting next_dagrun for dataset_consumes_1_never_scheduled to None, run_after=None
[2023-06-04T00:34:56.039+0000] {logging_mixin.py:149} INFO - [2023-06-04T00:34:56.038+0000] {dag.py:3490} INFO - Setting next_dagrun for dataset_consumes_unknown_never_scheduled to None, run_after=None
[2023-06-04T00:34:56.042+0000] {logging_mixin.py:149} INFO - [2023-06-04T00:34:56.042+0000] {dag.py:3490} INFO - Setting next_dagrun for dataset_produces_1 to 2023-06-03T00:00:00+00:00, run_after=2023-06-04T00:00:00+00:00
[2023-06-04T00:34:56.045+0000] {logging_mixin.py:149} INFO - [2023-06-04T00:34:56.044+0000] {dag.py:3490} INFO - Setting next_dagrun for dataset_produces_2 to None, run_after=None
[2023-06-04T00:34:56.098+0000] {processor.py:179} INFO - Processing /home/airflow/.local/lib/python3.7/site-packages/airflow/example_dags/example_datasets.py took 0.165 seconds
[2023-06-04T00:35:26.304+0000] {processor.py:157} INFO - Started process (PID=18607) to work on /home/airflow/.local/lib/python3.7/site-packages/airflow/example_dags/example_datasets.py
[2023-06-04T00:35:26.306+0000] {processor.py:826} INFO - Processing file /home/airflow/.local/lib/python3.7/site-packages/airflow/example_dags/example_datasets.py for tasks to queue
[2023-06-04T00:35:26.308+0000] {logging_mixin.py:149} INFO - [2023-06-04T00:35:26.307+0000] {dagbag.py:541} INFO - Filling up the DagBag from /home/airflow/.local/lib/python3.7/site-packages/airflow/example_dags/example_datasets.py
[2023-06-04T00:35:26.319+0000] {processor.py:836} INFO - DAG(s) dict_keys(['dataset_consumes_1', 'dataset_consumes_unknown_never_scheduled', 'dataset_produces_1', 'dataset_consumes_1_and_2', 'dataset_consumes_1_never_scheduled', 'dataset_produces_2']) retrieved from /home/airflow/.local/lib/python3.7/site-packages/airflow/example_dags/example_datasets.py
[2023-06-04T00:35:26.372+0000] {logging_mixin.py:149} INFO - [2023-06-04T00:35:26.371+0000] {dag.py:2726} INFO - Sync 6 DAGs
[2023-06-04T00:35:26.408+0000] {logging_mixin.py:149} INFO - [2023-06-04T00:35:26.408+0000] {dag.py:3490} INFO - Setting next_dagrun for dataset_consumes_1 to None, run_after=None
[2023-06-04T00:35:26.414+0000] {logging_mixin.py:149} INFO - [2023-06-04T00:35:26.414+0000] {dag.py:3490} INFO - Setting next_dagrun for dataset_consumes_1_and_2 to None, run_after=None
[2023-06-04T00:35:26.417+0000] {logging_mixin.py:149} INFO - [2023-06-04T00:35:26.417+0000] {dag.py:3490} INFO - Setting next_dagrun for dataset_consumes_1_never_scheduled to None, run_after=None
[2023-06-04T00:35:26.419+0000] {logging_mixin.py:149} INFO - [2023-06-04T00:35:26.419+0000] {dag.py:3490} INFO - Setting next_dagrun for dataset_consumes_unknown_never_scheduled to None, run_after=None
[2023-06-04T00:35:26.424+0000] {logging_mixin.py:149} INFO - [2023-06-04T00:35:26.424+0000] {dag.py:3490} INFO - Setting next_dagrun for dataset_produces_1 to 2023-06-03T00:00:00+00:00, run_after=2023-06-04T00:00:00+00:00
[2023-06-04T00:35:26.426+0000] {logging_mixin.py:149} INFO - [2023-06-04T00:35:26.426+0000] {dag.py:3490} INFO - Setting next_dagrun for dataset_produces_2 to None, run_after=None
[2023-06-04T00:35:26.477+0000] {processor.py:179} INFO - Processing /home/airflow/.local/lib/python3.7/site-packages/airflow/example_dags/example_datasets.py took 0.176 seconds
[2023-06-04T00:35:56.672+0000] {processor.py:157} INFO - Started process (PID=18859) to work on /home/airflow/.local/lib/python3.7/site-packages/airflow/example_dags/example_datasets.py
[2023-06-04T00:35:56.673+0000] {processor.py:826} INFO - Processing file /home/airflow/.local/lib/python3.7/site-packages/airflow/example_dags/example_datasets.py for tasks to queue
[2023-06-04T00:35:56.675+0000] {logging_mixin.py:149} INFO - [2023-06-04T00:35:56.674+0000] {dagbag.py:541} INFO - Filling up the DagBag from /home/airflow/.local/lib/python3.7/site-packages/airflow/example_dags/example_datasets.py
[2023-06-04T00:35:56.686+0000] {processor.py:836} INFO - DAG(s) dict_keys(['dataset_consumes_1', 'dataset_consumes_1_and_2', 'dataset_produces_2', 'dataset_produces_1', 'dataset_consumes_1_never_scheduled', 'dataset_consumes_unknown_never_scheduled']) retrieved from /home/airflow/.local/lib/python3.7/site-packages/airflow/example_dags/example_datasets.py
[2023-06-04T00:35:56.734+0000] {logging_mixin.py:149} INFO - [2023-06-04T00:35:56.734+0000] {dag.py:2726} INFO - Sync 6 DAGs
[2023-06-04T00:35:56.767+0000] {logging_mixin.py:149} INFO - [2023-06-04T00:35:56.767+0000] {dag.py:3490} INFO - Setting next_dagrun for dataset_consumes_1 to None, run_after=None
[2023-06-04T00:35:56.773+0000] {logging_mixin.py:149} INFO - [2023-06-04T00:35:56.773+0000] {dag.py:3490} INFO - Setting next_dagrun for dataset_consumes_1_and_2 to None, run_after=None
[2023-06-04T00:35:56.775+0000] {logging_mixin.py:149} INFO - [2023-06-04T00:35:56.775+0000] {dag.py:3490} INFO - Setting next_dagrun for dataset_consumes_1_never_scheduled to None, run_after=None
[2023-06-04T00:35:56.778+0000] {logging_mixin.py:149} INFO - [2023-06-04T00:35:56.778+0000] {dag.py:3490} INFO - Setting next_dagrun for dataset_consumes_unknown_never_scheduled to None, run_after=None
[2023-06-04T00:35:56.782+0000] {logging_mixin.py:149} INFO - [2023-06-04T00:35:56.782+0000] {dag.py:3490} INFO - Setting next_dagrun for dataset_produces_1 to 2023-06-03T00:00:00+00:00, run_after=2023-06-04T00:00:00+00:00
[2023-06-04T00:35:56.786+0000] {logging_mixin.py:149} INFO - [2023-06-04T00:35:56.786+0000] {dag.py:3490} INFO - Setting next_dagrun for dataset_produces_2 to None, run_after=None
[2023-06-04T00:35:56.835+0000] {processor.py:179} INFO - Processing /home/airflow/.local/lib/python3.7/site-packages/airflow/example_dags/example_datasets.py took 0.167 seconds
[2023-06-04T00:36:27.114+0000] {processor.py:157} INFO - Started process (PID=19113) to work on /home/airflow/.local/lib/python3.7/site-packages/airflow/example_dags/example_datasets.py
[2023-06-04T00:36:27.116+0000] {processor.py:826} INFO - Processing file /home/airflow/.local/lib/python3.7/site-packages/airflow/example_dags/example_datasets.py for tasks to queue
[2023-06-04T00:36:27.117+0000] {logging_mixin.py:149} INFO - [2023-06-04T00:36:27.117+0000] {dagbag.py:541} INFO - Filling up the DagBag from /home/airflow/.local/lib/python3.7/site-packages/airflow/example_dags/example_datasets.py
[2023-06-04T00:36:27.128+0000] {processor.py:836} INFO - DAG(s) dict_keys(['dataset_consumes_1_and_2', 'dataset_produces_1', 'dataset_consumes_1_never_scheduled', 'dataset_consumes_1', 'dataset_consumes_unknown_never_scheduled', 'dataset_produces_2']) retrieved from /home/airflow/.local/lib/python3.7/site-packages/airflow/example_dags/example_datasets.py
[2023-06-04T00:36:27.176+0000] {logging_mixin.py:149} INFO - [2023-06-04T00:36:27.176+0000] {dag.py:2726} INFO - Sync 6 DAGs
[2023-06-04T00:36:27.207+0000] {logging_mixin.py:149} INFO - [2023-06-04T00:36:27.207+0000] {dag.py:3490} INFO - Setting next_dagrun for dataset_consumes_1 to None, run_after=None
[2023-06-04T00:36:27.213+0000] {logging_mixin.py:149} INFO - [2023-06-04T00:36:27.213+0000] {dag.py:3490} INFO - Setting next_dagrun for dataset_consumes_1_and_2 to None, run_after=None
[2023-06-04T00:36:27.216+0000] {logging_mixin.py:149} INFO - [2023-06-04T00:36:27.216+0000] {dag.py:3490} INFO - Setting next_dagrun for dataset_consumes_1_never_scheduled to None, run_after=None
[2023-06-04T00:36:27.221+0000] {logging_mixin.py:149} INFO - [2023-06-04T00:36:27.221+0000] {dag.py:3490} INFO - Setting next_dagrun for dataset_consumes_unknown_never_scheduled to None, run_after=None
[2023-06-04T00:36:27.226+0000] {logging_mixin.py:149} INFO - [2023-06-04T00:36:27.226+0000] {dag.py:3490} INFO - Setting next_dagrun for dataset_produces_1 to 2023-06-03T00:00:00+00:00, run_after=2023-06-04T00:00:00+00:00
[2023-06-04T00:36:27.229+0000] {logging_mixin.py:149} INFO - [2023-06-04T00:36:27.229+0000] {dag.py:3490} INFO - Setting next_dagrun for dataset_produces_2 to None, run_after=None
[2023-06-04T00:36:27.276+0000] {processor.py:179} INFO - Processing /home/airflow/.local/lib/python3.7/site-packages/airflow/example_dags/example_datasets.py took 0.165 seconds
[2023-06-04T00:36:57.512+0000] {processor.py:157} INFO - Started process (PID=19365) to work on /home/airflow/.local/lib/python3.7/site-packages/airflow/example_dags/example_datasets.py
[2023-06-04T00:36:57.513+0000] {processor.py:826} INFO - Processing file /home/airflow/.local/lib/python3.7/site-packages/airflow/example_dags/example_datasets.py for tasks to queue
[2023-06-04T00:36:57.515+0000] {logging_mixin.py:149} INFO - [2023-06-04T00:36:57.515+0000] {dagbag.py:541} INFO - Filling up the DagBag from /home/airflow/.local/lib/python3.7/site-packages/airflow/example_dags/example_datasets.py
[2023-06-04T00:36:57.527+0000] {processor.py:836} INFO - DAG(s) dict_keys(['dataset_produces_1', 'dataset_produces_2', 'dataset_consumes_1', 'dataset_consumes_1_never_scheduled', 'dataset_consumes_unknown_never_scheduled', 'dataset_consumes_1_and_2']) retrieved from /home/airflow/.local/lib/python3.7/site-packages/airflow/example_dags/example_datasets.py
[2023-06-04T00:36:57.581+0000] {logging_mixin.py:149} INFO - [2023-06-04T00:36:57.581+0000] {dag.py:2726} INFO - Sync 6 DAGs
[2023-06-04T00:36:57.613+0000] {logging_mixin.py:149} INFO - [2023-06-04T00:36:57.613+0000] {dag.py:3490} INFO - Setting next_dagrun for dataset_consumes_1 to None, run_after=None
[2023-06-04T00:36:57.618+0000] {logging_mixin.py:149} INFO - [2023-06-04T00:36:57.618+0000] {dag.py:3490} INFO - Setting next_dagrun for dataset_consumes_1_and_2 to None, run_after=None
[2023-06-04T00:36:57.620+0000] {logging_mixin.py:149} INFO - [2023-06-04T00:36:57.620+0000] {dag.py:3490} INFO - Setting next_dagrun for dataset_consumes_1_never_scheduled to None, run_after=None
[2023-06-04T00:36:57.623+0000] {logging_mixin.py:149} INFO - [2023-06-04T00:36:57.623+0000] {dag.py:3490} INFO - Setting next_dagrun for dataset_consumes_unknown_never_scheduled to None, run_after=None
[2023-06-04T00:36:57.627+0000] {logging_mixin.py:149} INFO - [2023-06-04T00:36:57.627+0000] {dag.py:3490} INFO - Setting next_dagrun for dataset_produces_1 to 2023-06-03T00:00:00+00:00, run_after=2023-06-04T00:00:00+00:00
[2023-06-04T00:36:57.630+0000] {logging_mixin.py:149} INFO - [2023-06-04T00:36:57.629+0000] {dag.py:3490} INFO - Setting next_dagrun for dataset_produces_2 to None, run_after=None
[2023-06-04T00:36:57.680+0000] {processor.py:179} INFO - Processing /home/airflow/.local/lib/python3.7/site-packages/airflow/example_dags/example_datasets.py took 0.172 seconds
[2023-06-04T00:37:27.916+0000] {processor.py:157} INFO - Started process (PID=19617) to work on /home/airflow/.local/lib/python3.7/site-packages/airflow/example_dags/example_datasets.py
[2023-06-04T00:37:27.950+0000] {processor.py:826} INFO - Processing file /home/airflow/.local/lib/python3.7/site-packages/airflow/example_dags/example_datasets.py for tasks to queue
[2023-06-04T00:37:27.951+0000] {logging_mixin.py:149} INFO - [2023-06-04T00:37:27.951+0000] {dagbag.py:541} INFO - Filling up the DagBag from /home/airflow/.local/lib/python3.7/site-packages/airflow/example_dags/example_datasets.py
[2023-06-04T00:37:27.962+0000] {processor.py:836} INFO - DAG(s) dict_keys(['dataset_produces_2', 'dataset_produces_1', 'dataset_consumes_1_and_2', 'dataset_consumes_1_never_scheduled', 'dataset_consumes_1', 'dataset_consumes_unknown_never_scheduled']) retrieved from /home/airflow/.local/lib/python3.7/site-packages/airflow/example_dags/example_datasets.py
[2023-06-04T00:37:28.018+0000] {logging_mixin.py:149} INFO - [2023-06-04T00:37:28.018+0000] {dag.py:2726} INFO - Sync 6 DAGs
[2023-06-04T00:37:28.054+0000] {logging_mixin.py:149} INFO - [2023-06-04T00:37:28.053+0000] {dag.py:3490} INFO - Setting next_dagrun for dataset_consumes_1 to None, run_after=None
[2023-06-04T00:37:28.059+0000] {logging_mixin.py:149} INFO - [2023-06-04T00:37:28.059+0000] {dag.py:3490} INFO - Setting next_dagrun for dataset_consumes_1_and_2 to None, run_after=None
[2023-06-04T00:37:28.061+0000] {logging_mixin.py:149} INFO - [2023-06-04T00:37:28.061+0000] {dag.py:3490} INFO - Setting next_dagrun for dataset_consumes_1_never_scheduled to None, run_after=None
[2023-06-04T00:37:28.065+0000] {logging_mixin.py:149} INFO - [2023-06-04T00:37:28.065+0000] {dag.py:3490} INFO - Setting next_dagrun for dataset_consumes_unknown_never_scheduled to None, run_after=None
[2023-06-04T00:37:28.076+0000] {logging_mixin.py:149} INFO - [2023-06-04T00:37:28.076+0000] {dag.py:3490} INFO - Setting next_dagrun for dataset_produces_1 to 2023-06-03T00:00:00+00:00, run_after=2023-06-04T00:00:00+00:00
[2023-06-04T00:37:28.082+0000] {logging_mixin.py:149} INFO - [2023-06-04T00:37:28.082+0000] {dag.py:3490} INFO - Setting next_dagrun for dataset_produces_2 to None, run_after=None
[2023-06-04T00:37:28.131+0000] {processor.py:179} INFO - Processing /home/airflow/.local/lib/python3.7/site-packages/airflow/example_dags/example_datasets.py took 0.220 seconds
[2023-06-04T00:37:58.202+0000] {processor.py:157} INFO - Started process (PID=19864) to work on /home/airflow/.local/lib/python3.7/site-packages/airflow/example_dags/example_datasets.py
[2023-06-04T00:37:58.204+0000] {processor.py:826} INFO - Processing file /home/airflow/.local/lib/python3.7/site-packages/airflow/example_dags/example_datasets.py for tasks to queue
[2023-06-04T00:37:58.205+0000] {logging_mixin.py:149} INFO - [2023-06-04T00:37:58.205+0000] {dagbag.py:541} INFO - Filling up the DagBag from /home/airflow/.local/lib/python3.7/site-packages/airflow/example_dags/example_datasets.py
[2023-06-04T00:37:58.218+0000] {processor.py:836} INFO - DAG(s) dict_keys(['dataset_consumes_1_never_scheduled', 'dataset_consumes_1', 'dataset_produces_2', 'dataset_consumes_1_and_2', 'dataset_produces_1', 'dataset_consumes_unknown_never_scheduled']) retrieved from /home/airflow/.local/lib/python3.7/site-packages/airflow/example_dags/example_datasets.py
[2023-06-04T00:37:58.266+0000] {logging_mixin.py:149} INFO - [2023-06-04T00:37:58.265+0000] {dag.py:2726} INFO - Sync 6 DAGs
[2023-06-04T00:37:58.300+0000] {logging_mixin.py:149} INFO - [2023-06-04T00:37:58.299+0000] {dag.py:3490} INFO - Setting next_dagrun for dataset_consumes_1 to None, run_after=None
[2023-06-04T00:37:58.304+0000] {logging_mixin.py:149} INFO - [2023-06-04T00:37:58.304+0000] {dag.py:3490} INFO - Setting next_dagrun for dataset_consumes_1_and_2 to None, run_after=None
[2023-06-04T00:37:58.307+0000] {logging_mixin.py:149} INFO - [2023-06-04T00:37:58.306+0000] {dag.py:3490} INFO - Setting next_dagrun for dataset_consumes_1_never_scheduled to None, run_after=None
[2023-06-04T00:37:58.309+0000] {logging_mixin.py:149} INFO - [2023-06-04T00:37:58.308+0000] {dag.py:3490} INFO - Setting next_dagrun for dataset_consumes_unknown_never_scheduled to None, run_after=None
[2023-06-04T00:37:58.313+0000] {logging_mixin.py:149} INFO - [2023-06-04T00:37:58.312+0000] {dag.py:3490} INFO - Setting next_dagrun for dataset_produces_1 to 2023-06-03T00:00:00+00:00, run_after=2023-06-04T00:00:00+00:00
[2023-06-04T00:37:58.315+0000] {logging_mixin.py:149} INFO - [2023-06-04T00:37:58.315+0000] {dag.py:3490} INFO - Setting next_dagrun for dataset_produces_2 to None, run_after=None
[2023-06-04T00:37:58.360+0000] {processor.py:179} INFO - Processing /home/airflow/.local/lib/python3.7/site-packages/airflow/example_dags/example_datasets.py took 0.162 seconds
