[2023-06-04T00:34:23.687+0000] {processor.py:157} INFO - Started process (PID=17926) to work on /home/airflow/.local/lib/python3.7/site-packages/airflow/example_dags/example_task_group.py
[2023-06-04T00:34:23.690+0000] {processor.py:826} INFO - Processing file /home/airflow/.local/lib/python3.7/site-packages/airflow/example_dags/example_task_group.py for tasks to queue
[2023-06-04T00:34:23.693+0000] {logging_mixin.py:149} INFO - [2023-06-04T00:34:23.692+0000] {dagbag.py:541} INFO - Filling up the DagBag from /home/airflow/.local/lib/python3.7/site-packages/airflow/example_dags/example_task_group.py
[2023-06-04T00:34:23.732+0000] {processor.py:836} INFO - DAG(s) dict_keys(['example_task_group']) retrieved from /home/airflow/.local/lib/python3.7/site-packages/airflow/example_dags/example_task_group.py
[2023-06-04T00:34:23.835+0000] {logging_mixin.py:149} INFO - [2023-06-04T00:34:23.834+0000] {dag.py:2726} INFO - Sync 1 DAGs
[2023-06-04T00:34:23.929+0000] {logging_mixin.py:149} INFO - [2023-06-04T00:34:23.928+0000] {dag.py:3490} INFO - Setting next_dagrun for example_task_group to 2023-06-03T00:34:23.927523+00:00, run_after=2023-06-04T00:34:23.927523+00:00
[2023-06-04T00:34:23.984+0000] {processor.py:179} INFO - Processing /home/airflow/.local/lib/python3.7/site-packages/airflow/example_dags/example_task_group.py took 0.308 seconds
[2023-06-04T00:34:54.084+0000] {processor.py:157} INFO - Started process (PID=18311) to work on /home/airflow/.local/lib/python3.7/site-packages/airflow/example_dags/example_task_group.py
[2023-06-04T00:34:54.085+0000] {processor.py:826} INFO - Processing file /home/airflow/.local/lib/python3.7/site-packages/airflow/example_dags/example_task_group.py for tasks to queue
[2023-06-04T00:34:54.087+0000] {logging_mixin.py:149} INFO - [2023-06-04T00:34:54.086+0000] {dagbag.py:541} INFO - Filling up the DagBag from /home/airflow/.local/lib/python3.7/site-packages/airflow/example_dags/example_task_group.py
[2023-06-04T00:34:54.097+0000] {processor.py:836} INFO - DAG(s) dict_keys(['example_task_group']) retrieved from /home/airflow/.local/lib/python3.7/site-packages/airflow/example_dags/example_task_group.py
[2023-06-04T00:34:54.128+0000] {logging_mixin.py:149} INFO - [2023-06-04T00:34:54.128+0000] {dag.py:2726} INFO - Sync 1 DAGs
[2023-06-04T00:34:54.160+0000] {logging_mixin.py:149} INFO - [2023-06-04T00:34:54.160+0000] {dag.py:3490} INFO - Setting next_dagrun for example_task_group to 2023-06-03T00:34:54.159756+00:00, run_after=2023-06-04T00:34:54.159756+00:00
[2023-06-04T00:34:54.187+0000] {processor.py:179} INFO - Processing /home/airflow/.local/lib/python3.7/site-packages/airflow/example_dags/example_task_group.py took 0.107 seconds
[2023-06-04T00:35:24.404+0000] {processor.py:157} INFO - Started process (PID=18564) to work on /home/airflow/.local/lib/python3.7/site-packages/airflow/example_dags/example_task_group.py
[2023-06-04T00:35:24.406+0000] {processor.py:826} INFO - Processing file /home/airflow/.local/lib/python3.7/site-packages/airflow/example_dags/example_task_group.py for tasks to queue
[2023-06-04T00:35:24.408+0000] {logging_mixin.py:149} INFO - [2023-06-04T00:35:24.408+0000] {dagbag.py:541} INFO - Filling up the DagBag from /home/airflow/.local/lib/python3.7/site-packages/airflow/example_dags/example_task_group.py
[2023-06-04T00:35:24.419+0000] {processor.py:836} INFO - DAG(s) dict_keys(['example_task_group']) retrieved from /home/airflow/.local/lib/python3.7/site-packages/airflow/example_dags/example_task_group.py
[2023-06-04T00:35:24.460+0000] {logging_mixin.py:149} INFO - [2023-06-04T00:35:24.460+0000] {dag.py:2726} INFO - Sync 1 DAGs
[2023-06-04T00:35:24.495+0000] {logging_mixin.py:149} INFO - [2023-06-04T00:35:24.494+0000] {dag.py:3490} INFO - Setting next_dagrun for example_task_group to 2023-06-03T00:35:24.494457+00:00, run_after=2023-06-04T00:35:24.494457+00:00
[2023-06-04T00:35:24.525+0000] {processor.py:179} INFO - Processing /home/airflow/.local/lib/python3.7/site-packages/airflow/example_dags/example_task_group.py took 0.125 seconds
[2023-06-04T00:35:54.795+0000] {processor.py:157} INFO - Started process (PID=18816) to work on /home/airflow/.local/lib/python3.7/site-packages/airflow/example_dags/example_task_group.py
[2023-06-04T00:35:54.798+0000] {processor.py:826} INFO - Processing file /home/airflow/.local/lib/python3.7/site-packages/airflow/example_dags/example_task_group.py for tasks to queue
[2023-06-04T00:35:54.800+0000] {logging_mixin.py:149} INFO - [2023-06-04T00:35:54.799+0000] {dagbag.py:541} INFO - Filling up the DagBag from /home/airflow/.local/lib/python3.7/site-packages/airflow/example_dags/example_task_group.py
[2023-06-04T00:35:54.816+0000] {processor.py:836} INFO - DAG(s) dict_keys(['example_task_group']) retrieved from /home/airflow/.local/lib/python3.7/site-packages/airflow/example_dags/example_task_group.py
[2023-06-04T00:35:54.855+0000] {logging_mixin.py:149} INFO - [2023-06-04T00:35:54.855+0000] {dag.py:2726} INFO - Sync 1 DAGs
[2023-06-04T00:35:54.885+0000] {logging_mixin.py:149} INFO - [2023-06-04T00:35:54.885+0000] {dag.py:3490} INFO - Setting next_dagrun for example_task_group to 2023-06-03T00:35:54.885371+00:00, run_after=2023-06-04T00:35:54.885371+00:00
[2023-06-04T00:35:54.914+0000] {processor.py:179} INFO - Processing /home/airflow/.local/lib/python3.7/site-packages/airflow/example_dags/example_task_group.py took 0.125 seconds
[2023-06-04T00:36:25.066+0000] {processor.py:157} INFO - Started process (PID=19068) to work on /home/airflow/.local/lib/python3.7/site-packages/airflow/example_dags/example_task_group.py
[2023-06-04T00:36:25.068+0000] {processor.py:826} INFO - Processing file /home/airflow/.local/lib/python3.7/site-packages/airflow/example_dags/example_task_group.py for tasks to queue
[2023-06-04T00:36:25.069+0000] {logging_mixin.py:149} INFO - [2023-06-04T00:36:25.069+0000] {dagbag.py:541} INFO - Filling up the DagBag from /home/airflow/.local/lib/python3.7/site-packages/airflow/example_dags/example_task_group.py
[2023-06-04T00:36:25.080+0000] {processor.py:836} INFO - DAG(s) dict_keys(['example_task_group']) retrieved from /home/airflow/.local/lib/python3.7/site-packages/airflow/example_dags/example_task_group.py
[2023-06-04T00:36:25.113+0000] {logging_mixin.py:149} INFO - [2023-06-04T00:36:25.113+0000] {dag.py:2726} INFO - Sync 1 DAGs
[2023-06-04T00:36:25.144+0000] {logging_mixin.py:149} INFO - [2023-06-04T00:36:25.144+0000] {dag.py:3490} INFO - Setting next_dagrun for example_task_group to 2023-06-03T00:36:25.144165+00:00, run_after=2023-06-04T00:36:25.144165+00:00
[2023-06-04T00:36:25.172+0000] {processor.py:179} INFO - Processing /home/airflow/.local/lib/python3.7/site-packages/airflow/example_dags/example_task_group.py took 0.110 seconds
[2023-06-04T00:36:55.413+0000] {processor.py:157} INFO - Started process (PID=19320) to work on /home/airflow/.local/lib/python3.7/site-packages/airflow/example_dags/example_task_group.py
[2023-06-04T00:36:55.415+0000] {processor.py:826} INFO - Processing file /home/airflow/.local/lib/python3.7/site-packages/airflow/example_dags/example_task_group.py for tasks to queue
[2023-06-04T00:36:55.416+0000] {logging_mixin.py:149} INFO - [2023-06-04T00:36:55.416+0000] {dagbag.py:541} INFO - Filling up the DagBag from /home/airflow/.local/lib/python3.7/site-packages/airflow/example_dags/example_task_group.py
[2023-06-04T00:36:55.429+0000] {processor.py:836} INFO - DAG(s) dict_keys(['example_task_group']) retrieved from /home/airflow/.local/lib/python3.7/site-packages/airflow/example_dags/example_task_group.py
[2023-06-04T00:36:55.464+0000] {logging_mixin.py:149} INFO - [2023-06-04T00:36:55.464+0000] {dag.py:2726} INFO - Sync 1 DAGs
[2023-06-04T00:36:55.494+0000] {logging_mixin.py:149} INFO - [2023-06-04T00:36:55.494+0000] {dag.py:3490} INFO - Setting next_dagrun for example_task_group to 2023-06-03T00:36:55.494040+00:00, run_after=2023-06-04T00:36:55.494040+00:00
[2023-06-04T00:36:55.525+0000] {processor.py:179} INFO - Processing /home/airflow/.local/lib/python3.7/site-packages/airflow/example_dags/example_task_group.py took 0.116 seconds
[2023-06-04T00:37:25.751+0000] {processor.py:157} INFO - Started process (PID=19572) to work on /home/airflow/.local/lib/python3.7/site-packages/airflow/example_dags/example_task_group.py
[2023-06-04T00:37:25.752+0000] {processor.py:826} INFO - Processing file /home/airflow/.local/lib/python3.7/site-packages/airflow/example_dags/example_task_group.py for tasks to queue
[2023-06-04T00:37:25.754+0000] {logging_mixin.py:149} INFO - [2023-06-04T00:37:25.754+0000] {dagbag.py:541} INFO - Filling up the DagBag from /home/airflow/.local/lib/python3.7/site-packages/airflow/example_dags/example_task_group.py
[2023-06-04T00:37:25.767+0000] {processor.py:836} INFO - DAG(s) dict_keys(['example_task_group']) retrieved from /home/airflow/.local/lib/python3.7/site-packages/airflow/example_dags/example_task_group.py
[2023-06-04T00:37:25.802+0000] {logging_mixin.py:149} INFO - [2023-06-04T00:37:25.802+0000] {dag.py:2726} INFO - Sync 1 DAGs
[2023-06-04T00:37:25.837+0000] {logging_mixin.py:149} INFO - [2023-06-04T00:37:25.837+0000] {dag.py:3490} INFO - Setting next_dagrun for example_task_group to 2023-06-03T00:37:25.837193+00:00, run_after=2023-06-04T00:37:25.837193+00:00
[2023-06-04T00:37:25.877+0000] {processor.py:179} INFO - Processing /home/airflow/.local/lib/python3.7/site-packages/airflow/example_dags/example_task_group.py took 0.131 seconds
[2023-06-04T00:37:56.292+0000] {processor.py:157} INFO - Started process (PID=19823) to work on /home/airflow/.local/lib/python3.7/site-packages/airflow/example_dags/example_task_group.py
[2023-06-04T00:37:56.293+0000] {processor.py:826} INFO - Processing file /home/airflow/.local/lib/python3.7/site-packages/airflow/example_dags/example_task_group.py for tasks to queue
[2023-06-04T00:37:56.295+0000] {logging_mixin.py:149} INFO - [2023-06-04T00:37:56.295+0000] {dagbag.py:541} INFO - Filling up the DagBag from /home/airflow/.local/lib/python3.7/site-packages/airflow/example_dags/example_task_group.py
[2023-06-04T00:37:56.305+0000] {processor.py:836} INFO - DAG(s) dict_keys(['example_task_group']) retrieved from /home/airflow/.local/lib/python3.7/site-packages/airflow/example_dags/example_task_group.py
[2023-06-04T00:37:56.336+0000] {logging_mixin.py:149} INFO - [2023-06-04T00:37:56.336+0000] {dag.py:2726} INFO - Sync 1 DAGs
[2023-06-04T00:37:56.367+0000] {logging_mixin.py:149} INFO - [2023-06-04T00:37:56.367+0000] {dag.py:3490} INFO - Setting next_dagrun for example_task_group to 2023-06-03T00:37:56.367276+00:00, run_after=2023-06-04T00:37:56.367276+00:00
[2023-06-04T00:37:56.395+0000] {processor.py:179} INFO - Processing /home/airflow/.local/lib/python3.7/site-packages/airflow/example_dags/example_task_group.py took 0.107 seconds
[2023-06-04T00:38:27.093+0000] {processor.py:157} INFO - Started process (PID=20074) to work on /home/airflow/.local/lib/python3.7/site-packages/airflow/example_dags/example_task_group.py
[2023-06-04T00:38:27.095+0000] {processor.py:826} INFO - Processing file /home/airflow/.local/lib/python3.7/site-packages/airflow/example_dags/example_task_group.py for tasks to queue
[2023-06-04T00:38:27.097+0000] {logging_mixin.py:149} INFO - [2023-06-04T00:38:27.097+0000] {dagbag.py:541} INFO - Filling up the DagBag from /home/airflow/.local/lib/python3.7/site-packages/airflow/example_dags/example_task_group.py
[2023-06-04T00:38:27.110+0000] {processor.py:836} INFO - DAG(s) dict_keys(['example_task_group']) retrieved from /home/airflow/.local/lib/python3.7/site-packages/airflow/example_dags/example_task_group.py
[2023-06-04T00:38:27.146+0000] {logging_mixin.py:149} INFO - [2023-06-04T00:38:27.145+0000] {dag.py:2726} INFO - Sync 1 DAGs
[2023-06-04T00:38:27.179+0000] {logging_mixin.py:149} INFO - [2023-06-04T00:38:27.179+0000] {dag.py:3490} INFO - Setting next_dagrun for example_task_group to 2023-06-03T00:38:27.178896+00:00, run_after=2023-06-04T00:38:27.178896+00:00
[2023-06-04T00:38:27.208+0000] {processor.py:179} INFO - Processing /home/airflow/.local/lib/python3.7/site-packages/airflow/example_dags/example_task_group.py took 0.120 seconds
[2023-06-04T00:38:57.849+0000] {processor.py:157} INFO - Started process (PID=20326) to work on /home/airflow/.local/lib/python3.7/site-packages/airflow/example_dags/example_task_group.py
[2023-06-04T00:38:57.851+0000] {processor.py:826} INFO - Processing file /home/airflow/.local/lib/python3.7/site-packages/airflow/example_dags/example_task_group.py for tasks to queue
[2023-06-04T00:38:57.852+0000] {logging_mixin.py:149} INFO - [2023-06-04T00:38:57.852+0000] {dagbag.py:541} INFO - Filling up the DagBag from /home/airflow/.local/lib/python3.7/site-packages/airflow/example_dags/example_task_group.py
[2023-06-04T00:38:57.861+0000] {processor.py:836} INFO - DAG(s) dict_keys(['example_task_group']) retrieved from /home/airflow/.local/lib/python3.7/site-packages/airflow/example_dags/example_task_group.py
[2023-06-04T00:38:57.892+0000] {logging_mixin.py:149} INFO - [2023-06-04T00:38:57.892+0000] {dag.py:2726} INFO - Sync 1 DAGs
[2023-06-04T00:38:57.923+0000] {logging_mixin.py:149} INFO - [2023-06-04T00:38:57.922+0000] {dag.py:3490} INFO - Setting next_dagrun for example_task_group to 2023-06-03T00:38:57.922372+00:00, run_after=2023-06-04T00:38:57.922372+00:00
[2023-06-04T00:38:57.954+0000] {processor.py:179} INFO - Processing /home/airflow/.local/lib/python3.7/site-packages/airflow/example_dags/example_task_group.py took 0.109 seconds
[2023-06-04T00:39:28.572+0000] {processor.py:157} INFO - Started process (PID=20578) to work on /home/airflow/.local/lib/python3.7/site-packages/airflow/example_dags/example_task_group.py
[2023-06-04T00:39:28.574+0000] {processor.py:826} INFO - Processing file /home/airflow/.local/lib/python3.7/site-packages/airflow/example_dags/example_task_group.py for tasks to queue
[2023-06-04T00:39:28.575+0000] {logging_mixin.py:149} INFO - [2023-06-04T00:39:28.575+0000] {dagbag.py:541} INFO - Filling up the DagBag from /home/airflow/.local/lib/python3.7/site-packages/airflow/example_dags/example_task_group.py
[2023-06-04T00:39:28.587+0000] {processor.py:836} INFO - DAG(s) dict_keys(['example_task_group']) retrieved from /home/airflow/.local/lib/python3.7/site-packages/airflow/example_dags/example_task_group.py
[2023-06-04T00:39:28.617+0000] {logging_mixin.py:149} INFO - [2023-06-04T00:39:28.617+0000] {dag.py:2726} INFO - Sync 1 DAGs
[2023-06-04T00:39:28.646+0000] {logging_mixin.py:149} INFO - [2023-06-04T00:39:28.646+0000] {dag.py:3490} INFO - Setting next_dagrun for example_task_group to 2023-06-03T00:39:28.646383+00:00, run_after=2023-06-04T00:39:28.646383+00:00
[2023-06-04T00:39:28.674+0000] {processor.py:179} INFO - Processing /home/airflow/.local/lib/python3.7/site-packages/airflow/example_dags/example_task_group.py took 0.105 seconds
[2023-06-04T00:39:58.853+0000] {processor.py:157} INFO - Started process (PID=20830) to work on /home/airflow/.local/lib/python3.7/site-packages/airflow/example_dags/example_task_group.py
[2023-06-04T00:39:58.855+0000] {processor.py:826} INFO - Processing file /home/airflow/.local/lib/python3.7/site-packages/airflow/example_dags/example_task_group.py for tasks to queue
[2023-06-04T00:39:58.857+0000] {logging_mixin.py:149} INFO - [2023-06-04T00:39:58.857+0000] {dagbag.py:541} INFO - Filling up the DagBag from /home/airflow/.local/lib/python3.7/site-packages/airflow/example_dags/example_task_group.py
[2023-06-04T00:39:58.867+0000] {processor.py:836} INFO - DAG(s) dict_keys(['example_task_group']) retrieved from /home/airflow/.local/lib/python3.7/site-packages/airflow/example_dags/example_task_group.py
[2023-06-04T00:39:58.898+0000] {logging_mixin.py:149} INFO - [2023-06-04T00:39:58.898+0000] {dag.py:2726} INFO - Sync 1 DAGs
[2023-06-04T00:39:58.928+0000] {logging_mixin.py:149} INFO - [2023-06-04T00:39:58.928+0000] {dag.py:3490} INFO - Setting next_dagrun for example_task_group to 2023-06-03T00:39:58.928365+00:00, run_after=2023-06-04T00:39:58.928365+00:00
[2023-06-04T00:39:58.955+0000] {processor.py:179} INFO - Processing /home/airflow/.local/lib/python3.7/site-packages/airflow/example_dags/example_task_group.py took 0.106 seconds
[2023-06-04T00:40:29.183+0000] {processor.py:157} INFO - Started process (PID=21082) to work on /home/airflow/.local/lib/python3.7/site-packages/airflow/example_dags/example_task_group.py
[2023-06-04T00:40:29.187+0000] {processor.py:826} INFO - Processing file /home/airflow/.local/lib/python3.7/site-packages/airflow/example_dags/example_task_group.py for tasks to queue
[2023-06-04T00:40:29.189+0000] {logging_mixin.py:149} INFO - [2023-06-04T00:40:29.188+0000] {dagbag.py:541} INFO - Filling up the DagBag from /home/airflow/.local/lib/python3.7/site-packages/airflow/example_dags/example_task_group.py
[2023-06-04T00:40:29.200+0000] {processor.py:836} INFO - DAG(s) dict_keys(['example_task_group']) retrieved from /home/airflow/.local/lib/python3.7/site-packages/airflow/example_dags/example_task_group.py
[2023-06-04T00:40:29.233+0000] {logging_mixin.py:149} INFO - [2023-06-04T00:40:29.232+0000] {dag.py:2726} INFO - Sync 1 DAGs
[2023-06-04T00:40:29.265+0000] {logging_mixin.py:149} INFO - [2023-06-04T00:40:29.265+0000] {dag.py:3490} INFO - Setting next_dagrun for example_task_group to 2023-06-03T00:40:29.265356+00:00, run_after=2023-06-04T00:40:29.265356+00:00
[2023-06-04T00:40:29.295+0000] {processor.py:179} INFO - Processing /home/airflow/.local/lib/python3.7/site-packages/airflow/example_dags/example_task_group.py took 0.115 seconds
[2023-06-04T00:40:59.597+0000] {processor.py:157} INFO - Started process (PID=21334) to work on /home/airflow/.local/lib/python3.7/site-packages/airflow/example_dags/example_task_group.py
[2023-06-04T00:40:59.599+0000] {processor.py:826} INFO - Processing file /home/airflow/.local/lib/python3.7/site-packages/airflow/example_dags/example_task_group.py for tasks to queue
[2023-06-04T00:40:59.601+0000] {logging_mixin.py:149} INFO - [2023-06-04T00:40:59.600+0000] {dagbag.py:541} INFO - Filling up the DagBag from /home/airflow/.local/lib/python3.7/site-packages/airflow/example_dags/example_task_group.py
[2023-06-04T00:40:59.611+0000] {processor.py:836} INFO - DAG(s) dict_keys(['example_task_group']) retrieved from /home/airflow/.local/lib/python3.7/site-packages/airflow/example_dags/example_task_group.py
[2023-06-04T00:40:59.646+0000] {logging_mixin.py:149} INFO - [2023-06-04T00:40:59.646+0000] {dag.py:2726} INFO - Sync 1 DAGs
[2023-06-04T00:40:59.680+0000] {logging_mixin.py:149} INFO - [2023-06-04T00:40:59.680+0000] {dag.py:3490} INFO - Setting next_dagrun for example_task_group to 2023-06-03T00:40:59.680181+00:00, run_after=2023-06-04T00:40:59.680181+00:00
[2023-06-04T00:40:59.710+0000] {processor.py:179} INFO - Processing /home/airflow/.local/lib/python3.7/site-packages/airflow/example_dags/example_task_group.py took 0.117 seconds
[2023-06-04T00:41:29.856+0000] {processor.py:157} INFO - Started process (PID=21586) to work on /home/airflow/.local/lib/python3.7/site-packages/airflow/example_dags/example_task_group.py
[2023-06-04T00:41:29.857+0000] {processor.py:826} INFO - Processing file /home/airflow/.local/lib/python3.7/site-packages/airflow/example_dags/example_task_group.py for tasks to queue
[2023-06-04T00:41:29.859+0000] {logging_mixin.py:149} INFO - [2023-06-04T00:41:29.858+0000] {dagbag.py:541} INFO - Filling up the DagBag from /home/airflow/.local/lib/python3.7/site-packages/airflow/example_dags/example_task_group.py
[2023-06-04T00:41:29.869+0000] {processor.py:836} INFO - DAG(s) dict_keys(['example_task_group']) retrieved from /home/airflow/.local/lib/python3.7/site-packages/airflow/example_dags/example_task_group.py
[2023-06-04T00:41:29.903+0000] {logging_mixin.py:149} INFO - [2023-06-04T00:41:29.902+0000] {dag.py:2726} INFO - Sync 1 DAGs
[2023-06-04T00:41:29.937+0000] {logging_mixin.py:149} INFO - [2023-06-04T00:41:29.937+0000] {dag.py:3490} INFO - Setting next_dagrun for example_task_group to 2023-06-03T00:41:29.937345+00:00, run_after=2023-06-04T00:41:29.937345+00:00
[2023-06-04T00:41:29.967+0000] {processor.py:179} INFO - Processing /home/airflow/.local/lib/python3.7/site-packages/airflow/example_dags/example_task_group.py took 0.115 seconds
[2023-06-04T00:42:00.695+0000] {processor.py:157} INFO - Started process (PID=21838) to work on /home/airflow/.local/lib/python3.7/site-packages/airflow/example_dags/example_task_group.py
[2023-06-04T00:42:00.696+0000] {processor.py:826} INFO - Processing file /home/airflow/.local/lib/python3.7/site-packages/airflow/example_dags/example_task_group.py for tasks to queue
[2023-06-04T00:42:00.698+0000] {logging_mixin.py:149} INFO - [2023-06-04T00:42:00.698+0000] {dagbag.py:541} INFO - Filling up the DagBag from /home/airflow/.local/lib/python3.7/site-packages/airflow/example_dags/example_task_group.py
[2023-06-04T00:42:00.707+0000] {processor.py:836} INFO - DAG(s) dict_keys(['example_task_group']) retrieved from /home/airflow/.local/lib/python3.7/site-packages/airflow/example_dags/example_task_group.py
[2023-06-04T00:42:00.739+0000] {logging_mixin.py:149} INFO - [2023-06-04T00:42:00.739+0000] {dag.py:2726} INFO - Sync 1 DAGs
[2023-06-04T00:42:00.771+0000] {logging_mixin.py:149} INFO - [2023-06-04T00:42:00.770+0000] {dag.py:3490} INFO - Setting next_dagrun for example_task_group to 2023-06-03T00:42:00.770279+00:00, run_after=2023-06-04T00:42:00.770279+00:00
[2023-06-04T00:42:00.798+0000] {processor.py:179} INFO - Processing /home/airflow/.local/lib/python3.7/site-packages/airflow/example_dags/example_task_group.py took 0.107 seconds
[2023-06-04T00:42:31.326+0000] {processor.py:157} INFO - Started process (PID=22090) to work on /home/airflow/.local/lib/python3.7/site-packages/airflow/example_dags/example_task_group.py
[2023-06-04T00:42:31.327+0000] {processor.py:826} INFO - Processing file /home/airflow/.local/lib/python3.7/site-packages/airflow/example_dags/example_task_group.py for tasks to queue
[2023-06-04T00:42:31.329+0000] {logging_mixin.py:149} INFO - [2023-06-04T00:42:31.329+0000] {dagbag.py:541} INFO - Filling up the DagBag from /home/airflow/.local/lib/python3.7/site-packages/airflow/example_dags/example_task_group.py
[2023-06-04T00:42:31.338+0000] {processor.py:836} INFO - DAG(s) dict_keys(['example_task_group']) retrieved from /home/airflow/.local/lib/python3.7/site-packages/airflow/example_dags/example_task_group.py
[2023-06-04T00:42:31.371+0000] {logging_mixin.py:149} INFO - [2023-06-04T00:42:31.371+0000] {dag.py:2726} INFO - Sync 1 DAGs
[2023-06-04T00:42:31.406+0000] {logging_mixin.py:149} INFO - [2023-06-04T00:42:31.406+0000] {dag.py:3490} INFO - Setting next_dagrun for example_task_group to 2023-06-03T00:42:31.405751+00:00, run_after=2023-06-04T00:42:31.405751+00:00
[2023-06-04T00:42:31.435+0000] {processor.py:179} INFO - Processing /home/airflow/.local/lib/python3.7/site-packages/airflow/example_dags/example_task_group.py took 0.113 seconds
[2023-06-04T00:43:01.600+0000] {processor.py:157} INFO - Started process (PID=22342) to work on /home/airflow/.local/lib/python3.7/site-packages/airflow/example_dags/example_task_group.py
[2023-06-04T00:43:01.601+0000] {processor.py:826} INFO - Processing file /home/airflow/.local/lib/python3.7/site-packages/airflow/example_dags/example_task_group.py for tasks to queue
[2023-06-04T00:43:01.603+0000] {logging_mixin.py:149} INFO - [2023-06-04T00:43:01.603+0000] {dagbag.py:541} INFO - Filling up the DagBag from /home/airflow/.local/lib/python3.7/site-packages/airflow/example_dags/example_task_group.py
[2023-06-04T00:43:01.613+0000] {processor.py:836} INFO - DAG(s) dict_keys(['example_task_group']) retrieved from /home/airflow/.local/lib/python3.7/site-packages/airflow/example_dags/example_task_group.py
[2023-06-04T00:43:01.646+0000] {logging_mixin.py:149} INFO - [2023-06-04T00:43:01.645+0000] {dag.py:2726} INFO - Sync 1 DAGs
[2023-06-04T00:43:01.677+0000] {logging_mixin.py:149} INFO - [2023-06-04T00:43:01.677+0000] {dag.py:3490} INFO - Setting next_dagrun for example_task_group to 2023-06-03T00:43:01.676810+00:00, run_after=2023-06-04T00:43:01.676810+00:00
[2023-06-04T00:43:01.707+0000] {processor.py:179} INFO - Processing /home/airflow/.local/lib/python3.7/site-packages/airflow/example_dags/example_task_group.py took 0.111 seconds
