[2023-06-04T00:34:26.840+0000] {processor.py:157} INFO - Started process (PID=18149) to work on /home/airflow/.local/lib/python3.7/site-packages/airflow/example_dags/example_bash_operator.py
[2023-06-04T00:34:26.842+0000] {processor.py:826} INFO - Processing file /home/airflow/.local/lib/python3.7/site-packages/airflow/example_dags/example_bash_operator.py for tasks to queue
[2023-06-04T00:34:26.843+0000] {logging_mixin.py:149} INFO - [2023-06-04T00:34:26.843+0000] {dagbag.py:541} INFO - Filling up the DagBag from /home/airflow/.local/lib/python3.7/site-packages/airflow/example_dags/example_bash_operator.py
[2023-06-04T00:34:26.860+0000] {processor.py:836} INFO - DAG(s) dict_keys(['example_bash_operator']) retrieved from /home/airflow/.local/lib/python3.7/site-packages/airflow/example_dags/example_bash_operator.py
[2023-06-04T00:34:26.908+0000] {logging_mixin.py:149} INFO - [2023-06-04T00:34:26.908+0000] {dag.py:2726} INFO - Sync 1 DAGs
[2023-06-04T00:34:26.942+0000] {logging_mixin.py:149} INFO - [2023-06-04T00:34:26.942+0000] {dag.py:3490} INFO - Setting next_dagrun for example_bash_operator to 2023-06-04T00:00:00+00:00, run_after=2023-06-05T00:00:00+00:00
[2023-06-04T00:34:26.974+0000] {processor.py:179} INFO - Processing /home/airflow/.local/lib/python3.7/site-packages/airflow/example_dags/example_bash_operator.py took 0.138 seconds
[2023-06-04T00:34:57.264+0000] {processor.py:157} INFO - Started process (PID=18424) to work on /home/airflow/.local/lib/python3.7/site-packages/airflow/example_dags/example_bash_operator.py
[2023-06-04T00:34:57.266+0000] {processor.py:826} INFO - Processing file /home/airflow/.local/lib/python3.7/site-packages/airflow/example_dags/example_bash_operator.py for tasks to queue
[2023-06-04T00:34:57.268+0000] {logging_mixin.py:149} INFO - [2023-06-04T00:34:57.267+0000] {dagbag.py:541} INFO - Filling up the DagBag from /home/airflow/.local/lib/python3.7/site-packages/airflow/example_dags/example_bash_operator.py
[2023-06-04T00:34:57.284+0000] {processor.py:836} INFO - DAG(s) dict_keys(['example_bash_operator']) retrieved from /home/airflow/.local/lib/python3.7/site-packages/airflow/example_dags/example_bash_operator.py
[2023-06-04T00:34:57.334+0000] {logging_mixin.py:149} INFO - [2023-06-04T00:34:57.334+0000] {dag.py:2726} INFO - Sync 1 DAGs
[2023-06-04T00:34:57.367+0000] {logging_mixin.py:149} INFO - [2023-06-04T00:34:57.367+0000] {dag.py:3490} INFO - Setting next_dagrun for example_bash_operator to 2023-06-04T00:00:00+00:00, run_after=2023-06-05T00:00:00+00:00
[2023-06-04T00:34:57.394+0000] {processor.py:179} INFO - Processing /home/airflow/.local/lib/python3.7/site-packages/airflow/example_dags/example_bash_operator.py took 0.133 seconds
[2023-06-04T00:35:28.413+0000] {processor.py:157} INFO - Started process (PID=18677) to work on /home/airflow/.local/lib/python3.7/site-packages/airflow/example_dags/example_bash_operator.py
[2023-06-04T00:35:28.415+0000] {processor.py:826} INFO - Processing file /home/airflow/.local/lib/python3.7/site-packages/airflow/example_dags/example_bash_operator.py for tasks to queue
[2023-06-04T00:35:28.417+0000] {logging_mixin.py:149} INFO - [2023-06-04T00:35:28.417+0000] {dagbag.py:541} INFO - Filling up the DagBag from /home/airflow/.local/lib/python3.7/site-packages/airflow/example_dags/example_bash_operator.py
[2023-06-04T00:35:28.440+0000] {processor.py:836} INFO - DAG(s) dict_keys(['example_bash_operator']) retrieved from /home/airflow/.local/lib/python3.7/site-packages/airflow/example_dags/example_bash_operator.py
[2023-06-04T00:35:28.499+0000] {logging_mixin.py:149} INFO - [2023-06-04T00:35:28.499+0000] {dag.py:2726} INFO - Sync 1 DAGs
[2023-06-04T00:35:28.541+0000] {logging_mixin.py:149} INFO - [2023-06-04T00:35:28.541+0000] {dag.py:3490} INFO - Setting next_dagrun for example_bash_operator to 2023-06-04T00:00:00+00:00, run_after=2023-06-05T00:00:00+00:00
[2023-06-04T00:35:28.579+0000] {processor.py:179} INFO - Processing /home/airflow/.local/lib/python3.7/site-packages/airflow/example_dags/example_bash_operator.py took 0.169 seconds
[2023-06-04T00:35:59.083+0000] {processor.py:157} INFO - Started process (PID=18929) to work on /home/airflow/.local/lib/python3.7/site-packages/airflow/example_dags/example_bash_operator.py
[2023-06-04T00:35:59.085+0000] {processor.py:826} INFO - Processing file /home/airflow/.local/lib/python3.7/site-packages/airflow/example_dags/example_bash_operator.py for tasks to queue
[2023-06-04T00:35:59.086+0000] {logging_mixin.py:149} INFO - [2023-06-04T00:35:59.086+0000] {dagbag.py:541} INFO - Filling up the DagBag from /home/airflow/.local/lib/python3.7/site-packages/airflow/example_dags/example_bash_operator.py
[2023-06-04T00:35:59.103+0000] {processor.py:836} INFO - DAG(s) dict_keys(['example_bash_operator']) retrieved from /home/airflow/.local/lib/python3.7/site-packages/airflow/example_dags/example_bash_operator.py
[2023-06-04T00:35:59.156+0000] {logging_mixin.py:149} INFO - [2023-06-04T00:35:59.155+0000] {dag.py:2726} INFO - Sync 1 DAGs
[2023-06-04T00:35:59.190+0000] {logging_mixin.py:149} INFO - [2023-06-04T00:35:59.190+0000] {dag.py:3490} INFO - Setting next_dagrun for example_bash_operator to 2023-06-04T00:00:00+00:00, run_after=2023-06-05T00:00:00+00:00
[2023-06-04T00:35:59.218+0000] {processor.py:179} INFO - Processing /home/airflow/.local/lib/python3.7/site-packages/airflow/example_dags/example_bash_operator.py took 0.139 seconds
[2023-06-04T00:36:29.648+0000] {processor.py:157} INFO - Started process (PID=19181) to work on /home/airflow/.local/lib/python3.7/site-packages/airflow/example_dags/example_bash_operator.py
[2023-06-04T00:36:29.650+0000] {processor.py:826} INFO - Processing file /home/airflow/.local/lib/python3.7/site-packages/airflow/example_dags/example_bash_operator.py for tasks to queue
[2023-06-04T00:36:29.651+0000] {logging_mixin.py:149} INFO - [2023-06-04T00:36:29.651+0000] {dagbag.py:541} INFO - Filling up the DagBag from /home/airflow/.local/lib/python3.7/site-packages/airflow/example_dags/example_bash_operator.py
[2023-06-04T00:36:29.668+0000] {processor.py:836} INFO - DAG(s) dict_keys(['example_bash_operator']) retrieved from /home/airflow/.local/lib/python3.7/site-packages/airflow/example_dags/example_bash_operator.py
[2023-06-04T00:36:29.715+0000] {logging_mixin.py:149} INFO - [2023-06-04T00:36:29.715+0000] {dag.py:2726} INFO - Sync 1 DAGs
[2023-06-04T00:36:29.749+0000] {logging_mixin.py:149} INFO - [2023-06-04T00:36:29.749+0000] {dag.py:3490} INFO - Setting next_dagrun for example_bash_operator to 2023-06-04T00:00:00+00:00, run_after=2023-06-05T00:00:00+00:00
[2023-06-04T00:36:29.778+0000] {processor.py:179} INFO - Processing /home/airflow/.local/lib/python3.7/site-packages/airflow/example_dags/example_bash_operator.py took 0.133 seconds
[2023-06-04T00:37:00.944+0000] {processor.py:157} INFO - Started process (PID=19435) to work on /home/airflow/.local/lib/python3.7/site-packages/airflow/example_dags/example_bash_operator.py
[2023-06-04T00:37:00.945+0000] {processor.py:826} INFO - Processing file /home/airflow/.local/lib/python3.7/site-packages/airflow/example_dags/example_bash_operator.py for tasks to queue
[2023-06-04T00:37:00.947+0000] {logging_mixin.py:149} INFO - [2023-06-04T00:37:00.947+0000] {dagbag.py:541} INFO - Filling up the DagBag from /home/airflow/.local/lib/python3.7/site-packages/airflow/example_dags/example_bash_operator.py
[2023-06-04T00:37:00.966+0000] {processor.py:836} INFO - DAG(s) dict_keys(['example_bash_operator']) retrieved from /home/airflow/.local/lib/python3.7/site-packages/airflow/example_dags/example_bash_operator.py
[2023-06-04T00:37:01.022+0000] {logging_mixin.py:149} INFO - [2023-06-04T00:37:01.022+0000] {dag.py:2726} INFO - Sync 1 DAGs
[2023-06-04T00:37:01.056+0000] {logging_mixin.py:149} INFO - [2023-06-04T00:37:01.056+0000] {dag.py:3490} INFO - Setting next_dagrun for example_bash_operator to 2023-06-04T00:00:00+00:00, run_after=2023-06-05T00:00:00+00:00
[2023-06-04T00:37:01.082+0000] {processor.py:179} INFO - Processing /home/airflow/.local/lib/python3.7/site-packages/airflow/example_dags/example_bash_operator.py took 0.142 seconds
[2023-06-04T00:37:31.382+0000] {processor.py:157} INFO - Started process (PID=19685) to work on /home/airflow/.local/lib/python3.7/site-packages/airflow/example_dags/example_bash_operator.py
[2023-06-04T00:37:31.384+0000] {processor.py:826} INFO - Processing file /home/airflow/.local/lib/python3.7/site-packages/airflow/example_dags/example_bash_operator.py for tasks to queue
[2023-06-04T00:37:31.385+0000] {logging_mixin.py:149} INFO - [2023-06-04T00:37:31.385+0000] {dagbag.py:541} INFO - Filling up the DagBag from /home/airflow/.local/lib/python3.7/site-packages/airflow/example_dags/example_bash_operator.py
[2023-06-04T00:37:31.403+0000] {processor.py:836} INFO - DAG(s) dict_keys(['example_bash_operator']) retrieved from /home/airflow/.local/lib/python3.7/site-packages/airflow/example_dags/example_bash_operator.py
[2023-06-04T00:37:31.452+0000] {logging_mixin.py:149} INFO - [2023-06-04T00:37:31.452+0000] {dag.py:2726} INFO - Sync 1 DAGs
[2023-06-04T00:37:31.486+0000] {logging_mixin.py:149} INFO - [2023-06-04T00:37:31.486+0000] {dag.py:3490} INFO - Setting next_dagrun for example_bash_operator to 2023-06-04T00:00:00+00:00, run_after=2023-06-05T00:00:00+00:00
[2023-06-04T00:37:31.513+0000] {processor.py:179} INFO - Processing /home/airflow/.local/lib/python3.7/site-packages/airflow/example_dags/example_bash_operator.py took 0.134 seconds
[2023-06-04T00:38:02.576+0000] {processor.py:157} INFO - Started process (PID=19936) to work on /home/airflow/.local/lib/python3.7/site-packages/airflow/example_dags/example_bash_operator.py
[2023-06-04T00:38:02.578+0000] {processor.py:826} INFO - Processing file /home/airflow/.local/lib/python3.7/site-packages/airflow/example_dags/example_bash_operator.py for tasks to queue
[2023-06-04T00:38:02.580+0000] {logging_mixin.py:149} INFO - [2023-06-04T00:38:02.579+0000] {dagbag.py:541} INFO - Filling up the DagBag from /home/airflow/.local/lib/python3.7/site-packages/airflow/example_dags/example_bash_operator.py
[2023-06-04T00:38:02.599+0000] {processor.py:836} INFO - DAG(s) dict_keys(['example_bash_operator']) retrieved from /home/airflow/.local/lib/python3.7/site-packages/airflow/example_dags/example_bash_operator.py
[2023-06-04T00:38:02.646+0000] {logging_mixin.py:149} INFO - [2023-06-04T00:38:02.646+0000] {dag.py:2726} INFO - Sync 1 DAGs
[2023-06-04T00:38:02.679+0000] {logging_mixin.py:149} INFO - [2023-06-04T00:38:02.679+0000] {dag.py:3490} INFO - Setting next_dagrun for example_bash_operator to 2023-06-04T00:00:00+00:00, run_after=2023-06-05T00:00:00+00:00
[2023-06-04T00:38:02.705+0000] {processor.py:179} INFO - Processing /home/airflow/.local/lib/python3.7/site-packages/airflow/example_dags/example_bash_operator.py took 0.132 seconds
[2023-06-04T00:38:33.395+0000] {processor.py:157} INFO - Started process (PID=20189) to work on /home/airflow/.local/lib/python3.7/site-packages/airflow/example_dags/example_bash_operator.py
[2023-06-04T00:38:33.398+0000] {processor.py:826} INFO - Processing file /home/airflow/.local/lib/python3.7/site-packages/airflow/example_dags/example_bash_operator.py for tasks to queue
[2023-06-04T00:38:33.400+0000] {logging_mixin.py:149} INFO - [2023-06-04T00:38:33.400+0000] {dagbag.py:541} INFO - Filling up the DagBag from /home/airflow/.local/lib/python3.7/site-packages/airflow/example_dags/example_bash_operator.py
[2023-06-04T00:38:33.418+0000] {processor.py:836} INFO - DAG(s) dict_keys(['example_bash_operator']) retrieved from /home/airflow/.local/lib/python3.7/site-packages/airflow/example_dags/example_bash_operator.py
[2023-06-04T00:38:33.481+0000] {logging_mixin.py:149} INFO - [2023-06-04T00:38:33.481+0000] {dag.py:2726} INFO - Sync 1 DAGs
[2023-06-04T00:38:33.514+0000] {logging_mixin.py:149} INFO - [2023-06-04T00:38:33.514+0000] {dag.py:3490} INFO - Setting next_dagrun for example_bash_operator to 2023-06-04T00:00:00+00:00, run_after=2023-06-05T00:00:00+00:00
[2023-06-04T00:38:33.540+0000] {processor.py:179} INFO - Processing /home/airflow/.local/lib/python3.7/site-packages/airflow/example_dags/example_bash_operator.py took 0.148 seconds
[2023-06-04T00:39:04.082+0000] {processor.py:157} INFO - Started process (PID=20444) to work on /home/airflow/.local/lib/python3.7/site-packages/airflow/example_dags/example_bash_operator.py
[2023-06-04T00:39:04.083+0000] {processor.py:826} INFO - Processing file /home/airflow/.local/lib/python3.7/site-packages/airflow/example_dags/example_bash_operator.py for tasks to queue
[2023-06-04T00:39:04.085+0000] {logging_mixin.py:149} INFO - [2023-06-04T00:39:04.085+0000] {dagbag.py:541} INFO - Filling up the DagBag from /home/airflow/.local/lib/python3.7/site-packages/airflow/example_dags/example_bash_operator.py
[2023-06-04T00:39:04.104+0000] {processor.py:836} INFO - DAG(s) dict_keys(['example_bash_operator']) retrieved from /home/airflow/.local/lib/python3.7/site-packages/airflow/example_dags/example_bash_operator.py
[2023-06-04T00:39:04.158+0000] {logging_mixin.py:149} INFO - [2023-06-04T00:39:04.158+0000] {dag.py:2726} INFO - Sync 1 DAGs
[2023-06-04T00:39:04.196+0000] {logging_mixin.py:149} INFO - [2023-06-04T00:39:04.195+0000] {dag.py:3490} INFO - Setting next_dagrun for example_bash_operator to 2023-06-04T00:00:00+00:00, run_after=2023-06-05T00:00:00+00:00
[2023-06-04T00:39:04.223+0000] {processor.py:179} INFO - Processing /home/airflow/.local/lib/python3.7/site-packages/airflow/example_dags/example_bash_operator.py took 0.145 seconds
