[2023-06-04T00:34:25.071+0000] {processor.py:157} INFO - Started process (PID=18055) to work on /home/airflow/.local/lib/python3.7/site-packages/airflow/example_dags/example_trigger_controller_dag.py
[2023-06-04T00:34:25.072+0000] {processor.py:826} INFO - Processing file /home/airflow/.local/lib/python3.7/site-packages/airflow/example_dags/example_trigger_controller_dag.py for tasks to queue
[2023-06-04T00:34:25.074+0000] {logging_mixin.py:149} INFO - [2023-06-04T00:34:25.074+0000] {dagbag.py:541} INFO - Filling up the DagBag from /home/airflow/.local/lib/python3.7/site-packages/airflow/example_dags/example_trigger_controller_dag.py
[2023-06-04T00:34:25.080+0000] {processor.py:836} INFO - DAG(s) dict_keys(['example_trigger_controller_dag']) retrieved from /home/airflow/.local/lib/python3.7/site-packages/airflow/example_dags/example_trigger_controller_dag.py
[2023-06-04T00:34:25.120+0000] {logging_mixin.py:149} INFO - [2023-06-04T00:34:25.119+0000] {dag.py:2726} INFO - Sync 1 DAGs
[2023-06-04T00:34:25.160+0000] {logging_mixin.py:149} INFO - [2023-06-04T00:34:25.160+0000] {dag.py:3490} INFO - Setting next_dagrun for example_trigger_controller_dag to 2021-01-01T00:00:00+00:00, run_after=2021-01-01T00:00:00+00:00
[2023-06-04T00:34:25.193+0000] {processor.py:179} INFO - Processing /home/airflow/.local/lib/python3.7/site-packages/airflow/example_dags/example_trigger_controller_dag.py took 0.127 seconds
[2023-06-04T00:34:55.584+0000] {processor.py:157} INFO - Started process (PID=18339) to work on /home/airflow/.local/lib/python3.7/site-packages/airflow/example_dags/example_trigger_controller_dag.py
[2023-06-04T00:34:55.585+0000] {processor.py:826} INFO - Processing file /home/airflow/.local/lib/python3.7/site-packages/airflow/example_dags/example_trigger_controller_dag.py for tasks to queue
[2023-06-04T00:34:55.587+0000] {logging_mixin.py:149} INFO - [2023-06-04T00:34:55.586+0000] {dagbag.py:541} INFO - Filling up the DagBag from /home/airflow/.local/lib/python3.7/site-packages/airflow/example_dags/example_trigger_controller_dag.py
[2023-06-04T00:34:55.591+0000] {processor.py:836} INFO - DAG(s) dict_keys(['example_trigger_controller_dag']) retrieved from /home/airflow/.local/lib/python3.7/site-packages/airflow/example_dags/example_trigger_controller_dag.py
[2023-06-04T00:34:55.623+0000] {logging_mixin.py:149} INFO - [2023-06-04T00:34:55.622+0000] {dag.py:2726} INFO - Sync 1 DAGs
[2023-06-04T00:34:55.653+0000] {logging_mixin.py:149} INFO - [2023-06-04T00:34:55.653+0000] {dag.py:3490} INFO - Setting next_dagrun for example_trigger_controller_dag to 2021-01-01T00:00:00+00:00, run_after=2021-01-01T00:00:00+00:00
[2023-06-04T00:34:55.681+0000] {processor.py:179} INFO - Processing /home/airflow/.local/lib/python3.7/site-packages/airflow/example_dags/example_trigger_controller_dag.py took 0.100 seconds
[2023-06-04T00:35:25.938+0000] {processor.py:157} INFO - Started process (PID=18592) to work on /home/airflow/.local/lib/python3.7/site-packages/airflow/example_dags/example_trigger_controller_dag.py
[2023-06-04T00:35:25.940+0000] {processor.py:826} INFO - Processing file /home/airflow/.local/lib/python3.7/site-packages/airflow/example_dags/example_trigger_controller_dag.py for tasks to queue
[2023-06-04T00:35:25.941+0000] {logging_mixin.py:149} INFO - [2023-06-04T00:35:25.941+0000] {dagbag.py:541} INFO - Filling up the DagBag from /home/airflow/.local/lib/python3.7/site-packages/airflow/example_dags/example_trigger_controller_dag.py
[2023-06-04T00:35:25.946+0000] {processor.py:836} INFO - DAG(s) dict_keys(['example_trigger_controller_dag']) retrieved from /home/airflow/.local/lib/python3.7/site-packages/airflow/example_dags/example_trigger_controller_dag.py
[2023-06-04T00:35:25.977+0000] {logging_mixin.py:149} INFO - [2023-06-04T00:35:25.977+0000] {dag.py:2726} INFO - Sync 1 DAGs
[2023-06-04T00:35:26.007+0000] {logging_mixin.py:149} INFO - [2023-06-04T00:35:26.007+0000] {dag.py:3490} INFO - Setting next_dagrun for example_trigger_controller_dag to 2021-01-01T00:00:00+00:00, run_after=2021-01-01T00:00:00+00:00
[2023-06-04T00:35:26.036+0000] {processor.py:179} INFO - Processing /home/airflow/.local/lib/python3.7/site-packages/airflow/example_dags/example_trigger_controller_dag.py took 0.102 seconds
[2023-06-04T00:35:56.321+0000] {processor.py:157} INFO - Started process (PID=18844) to work on /home/airflow/.local/lib/python3.7/site-packages/airflow/example_dags/example_trigger_controller_dag.py
[2023-06-04T00:35:56.323+0000] {processor.py:826} INFO - Processing file /home/airflow/.local/lib/python3.7/site-packages/airflow/example_dags/example_trigger_controller_dag.py for tasks to queue
[2023-06-04T00:35:56.324+0000] {logging_mixin.py:149} INFO - [2023-06-04T00:35:56.324+0000] {dagbag.py:541} INFO - Filling up the DagBag from /home/airflow/.local/lib/python3.7/site-packages/airflow/example_dags/example_trigger_controller_dag.py
[2023-06-04T00:35:56.330+0000] {processor.py:836} INFO - DAG(s) dict_keys(['example_trigger_controller_dag']) retrieved from /home/airflow/.local/lib/python3.7/site-packages/airflow/example_dags/example_trigger_controller_dag.py
[2023-06-04T00:35:56.360+0000] {logging_mixin.py:149} INFO - [2023-06-04T00:35:56.359+0000] {dag.py:2726} INFO - Sync 1 DAGs
[2023-06-04T00:35:56.391+0000] {logging_mixin.py:149} INFO - [2023-06-04T00:35:56.391+0000] {dag.py:3490} INFO - Setting next_dagrun for example_trigger_controller_dag to 2021-01-01T00:00:00+00:00, run_after=2021-01-01T00:00:00+00:00
[2023-06-04T00:35:56.422+0000] {processor.py:179} INFO - Processing /home/airflow/.local/lib/python3.7/site-packages/airflow/example_dags/example_trigger_controller_dag.py took 0.105 seconds
[2023-06-04T00:36:26.554+0000] {processor.py:157} INFO - Started process (PID=19096) to work on /home/airflow/.local/lib/python3.7/site-packages/airflow/example_dags/example_trigger_controller_dag.py
[2023-06-04T00:36:26.556+0000] {processor.py:826} INFO - Processing file /home/airflow/.local/lib/python3.7/site-packages/airflow/example_dags/example_trigger_controller_dag.py for tasks to queue
[2023-06-04T00:36:26.557+0000] {logging_mixin.py:149} INFO - [2023-06-04T00:36:26.557+0000] {dagbag.py:541} INFO - Filling up the DagBag from /home/airflow/.local/lib/python3.7/site-packages/airflow/example_dags/example_trigger_controller_dag.py
[2023-06-04T00:36:26.563+0000] {processor.py:836} INFO - DAG(s) dict_keys(['example_trigger_controller_dag']) retrieved from /home/airflow/.local/lib/python3.7/site-packages/airflow/example_dags/example_trigger_controller_dag.py
[2023-06-04T00:36:26.593+0000] {logging_mixin.py:149} INFO - [2023-06-04T00:36:26.593+0000] {dag.py:2726} INFO - Sync 1 DAGs
[2023-06-04T00:36:26.621+0000] {logging_mixin.py:149} INFO - [2023-06-04T00:36:26.621+0000] {dag.py:3490} INFO - Setting next_dagrun for example_trigger_controller_dag to 2021-01-01T00:00:00+00:00, run_after=2021-01-01T00:00:00+00:00
[2023-06-04T00:36:26.649+0000] {processor.py:179} INFO - Processing /home/airflow/.local/lib/python3.7/site-packages/airflow/example_dags/example_trigger_controller_dag.py took 0.099 seconds
[2023-06-04T00:36:56.916+0000] {processor.py:157} INFO - Started process (PID=19348) to work on /home/airflow/.local/lib/python3.7/site-packages/airflow/example_dags/example_trigger_controller_dag.py
[2023-06-04T00:36:56.918+0000] {processor.py:826} INFO - Processing file /home/airflow/.local/lib/python3.7/site-packages/airflow/example_dags/example_trigger_controller_dag.py for tasks to queue
[2023-06-04T00:36:56.919+0000] {logging_mixin.py:149} INFO - [2023-06-04T00:36:56.919+0000] {dagbag.py:541} INFO - Filling up the DagBag from /home/airflow/.local/lib/python3.7/site-packages/airflow/example_dags/example_trigger_controller_dag.py
[2023-06-04T00:36:56.924+0000] {processor.py:836} INFO - DAG(s) dict_keys(['example_trigger_controller_dag']) retrieved from /home/airflow/.local/lib/python3.7/site-packages/airflow/example_dags/example_trigger_controller_dag.py
[2023-06-04T00:36:56.952+0000] {logging_mixin.py:149} INFO - [2023-06-04T00:36:56.951+0000] {dag.py:2726} INFO - Sync 1 DAGs
[2023-06-04T00:36:56.984+0000] {logging_mixin.py:149} INFO - [2023-06-04T00:36:56.984+0000] {dag.py:3490} INFO - Setting next_dagrun for example_trigger_controller_dag to 2021-01-01T00:00:00+00:00, run_after=2021-01-01T00:00:00+00:00
[2023-06-04T00:36:57.009+0000] {processor.py:179} INFO - Processing /home/airflow/.local/lib/python3.7/site-packages/airflow/example_dags/example_trigger_controller_dag.py took 0.098 seconds
[2023-06-04T00:37:27.270+0000] {processor.py:157} INFO - Started process (PID=19600) to work on /home/airflow/.local/lib/python3.7/site-packages/airflow/example_dags/example_trigger_controller_dag.py
[2023-06-04T00:37:27.271+0000] {processor.py:826} INFO - Processing file /home/airflow/.local/lib/python3.7/site-packages/airflow/example_dags/example_trigger_controller_dag.py for tasks to queue
[2023-06-04T00:37:27.273+0000] {logging_mixin.py:149} INFO - [2023-06-04T00:37:27.273+0000] {dagbag.py:541} INFO - Filling up the DagBag from /home/airflow/.local/lib/python3.7/site-packages/airflow/example_dags/example_trigger_controller_dag.py
[2023-06-04T00:37:27.280+0000] {processor.py:836} INFO - DAG(s) dict_keys(['example_trigger_controller_dag']) retrieved from /home/airflow/.local/lib/python3.7/site-packages/airflow/example_dags/example_trigger_controller_dag.py
[2023-06-04T00:37:27.310+0000] {logging_mixin.py:149} INFO - [2023-06-04T00:37:27.309+0000] {dag.py:2726} INFO - Sync 1 DAGs
[2023-06-04T00:37:27.342+0000] {logging_mixin.py:149} INFO - [2023-06-04T00:37:27.342+0000] {dag.py:3490} INFO - Setting next_dagrun for example_trigger_controller_dag to 2021-01-01T00:00:00+00:00, run_after=2021-01-01T00:00:00+00:00
[2023-06-04T00:37:27.383+0000] {processor.py:179} INFO - Processing /home/airflow/.local/lib/python3.7/site-packages/airflow/example_dags/example_trigger_controller_dag.py took 0.118 seconds
[2023-06-04T00:37:57.625+0000] {processor.py:157} INFO - Started process (PID=19846) to work on /home/airflow/.local/lib/python3.7/site-packages/airflow/example_dags/example_trigger_controller_dag.py
[2023-06-04T00:37:57.626+0000] {processor.py:826} INFO - Processing file /home/airflow/.local/lib/python3.7/site-packages/airflow/example_dags/example_trigger_controller_dag.py for tasks to queue
[2023-06-04T00:37:57.628+0000] {logging_mixin.py:149} INFO - [2023-06-04T00:37:57.628+0000] {dagbag.py:541} INFO - Filling up the DagBag from /home/airflow/.local/lib/python3.7/site-packages/airflow/example_dags/example_trigger_controller_dag.py
[2023-06-04T00:37:57.634+0000] {processor.py:836} INFO - DAG(s) dict_keys(['example_trigger_controller_dag']) retrieved from /home/airflow/.local/lib/python3.7/site-packages/airflow/example_dags/example_trigger_controller_dag.py
[2023-06-04T00:37:57.666+0000] {logging_mixin.py:149} INFO - [2023-06-04T00:37:57.666+0000] {dag.py:2726} INFO - Sync 1 DAGs
[2023-06-04T00:37:57.695+0000] {logging_mixin.py:149} INFO - [2023-06-04T00:37:57.695+0000] {dag.py:3490} INFO - Setting next_dagrun for example_trigger_controller_dag to 2021-01-01T00:00:00+00:00, run_after=2021-01-01T00:00:00+00:00
[2023-06-04T00:37:57.722+0000] {processor.py:179} INFO - Processing /home/airflow/.local/lib/python3.7/site-packages/airflow/example_dags/example_trigger_controller_dag.py took 0.101 seconds
