[2023-06-04T00:34:26.694+0000] {processor.py:157} INFO - Started process (PID=18134) to work on /home/airflow/.local/lib/python3.7/site-packages/airflow/example_dags/example_time_delta_sensor_async.py
[2023-06-04T00:34:26.696+0000] {processor.py:826} INFO - Processing file /home/airflow/.local/lib/python3.7/site-packages/airflow/example_dags/example_time_delta_sensor_async.py for tasks to queue
[2023-06-04T00:34:26.697+0000] {logging_mixin.py:149} INFO - [2023-06-04T00:34:26.697+0000] {dagbag.py:541} INFO - Filling up the DagBag from /home/airflow/.local/lib/python3.7/site-packages/airflow/example_dags/example_time_delta_sensor_async.py
[2023-06-04T00:34:26.708+0000] {processor.py:836} INFO - DAG(s) dict_keys(['example_time_delta_sensor_async']) retrieved from /home/airflow/.local/lib/python3.7/site-packages/airflow/example_dags/example_time_delta_sensor_async.py
[2023-06-04T00:34:26.741+0000] {logging_mixin.py:149} INFO - [2023-06-04T00:34:26.741+0000] {dag.py:2726} INFO - Sync 1 DAGs
[2023-06-04T00:34:26.771+0000] {logging_mixin.py:149} INFO - [2023-06-04T00:34:26.771+0000] {dag.py:3490} INFO - Setting next_dagrun for example_time_delta_sensor_async to None, run_after=None
[2023-06-04T00:34:26.798+0000] {processor.py:179} INFO - Processing /home/airflow/.local/lib/python3.7/site-packages/airflow/example_dags/example_time_delta_sensor_async.py took 0.107 seconds
[2023-06-04T00:34:57.080+0000] {processor.py:157} INFO - Started process (PID=18409) to work on /home/airflow/.local/lib/python3.7/site-packages/airflow/example_dags/example_time_delta_sensor_async.py
[2023-06-04T00:34:57.081+0000] {processor.py:826} INFO - Processing file /home/airflow/.local/lib/python3.7/site-packages/airflow/example_dags/example_time_delta_sensor_async.py for tasks to queue
[2023-06-04T00:34:57.083+0000] {logging_mixin.py:149} INFO - [2023-06-04T00:34:57.083+0000] {dagbag.py:541} INFO - Filling up the DagBag from /home/airflow/.local/lib/python3.7/site-packages/airflow/example_dags/example_time_delta_sensor_async.py
[2023-06-04T00:34:57.088+0000] {processor.py:836} INFO - DAG(s) dict_keys(['example_time_delta_sensor_async']) retrieved from /home/airflow/.local/lib/python3.7/site-packages/airflow/example_dags/example_time_delta_sensor_async.py
[2023-06-04T00:34:57.118+0000] {logging_mixin.py:149} INFO - [2023-06-04T00:34:57.117+0000] {dag.py:2726} INFO - Sync 1 DAGs
[2023-06-04T00:34:57.147+0000] {logging_mixin.py:149} INFO - [2023-06-04T00:34:57.147+0000] {dag.py:3490} INFO - Setting next_dagrun for example_time_delta_sensor_async to None, run_after=None
[2023-06-04T00:34:57.172+0000] {processor.py:179} INFO - Processing /home/airflow/.local/lib/python3.7/site-packages/airflow/example_dags/example_time_delta_sensor_async.py took 0.097 seconds
[2023-06-04T00:35:27.929+0000] {processor.py:157} INFO - Started process (PID=18662) to work on /home/airflow/.local/lib/python3.7/site-packages/airflow/example_dags/example_time_delta_sensor_async.py
[2023-06-04T00:35:27.932+0000] {processor.py:826} INFO - Processing file /home/airflow/.local/lib/python3.7/site-packages/airflow/example_dags/example_time_delta_sensor_async.py for tasks to queue
[2023-06-04T00:35:27.935+0000] {logging_mixin.py:149} INFO - [2023-06-04T00:35:27.935+0000] {dagbag.py:541} INFO - Filling up the DagBag from /home/airflow/.local/lib/python3.7/site-packages/airflow/example_dags/example_time_delta_sensor_async.py
[2023-06-04T00:35:27.949+0000] {processor.py:836} INFO - DAG(s) dict_keys(['example_time_delta_sensor_async']) retrieved from /home/airflow/.local/lib/python3.7/site-packages/airflow/example_dags/example_time_delta_sensor_async.py
[2023-06-04T00:35:28.015+0000] {logging_mixin.py:149} INFO - [2023-06-04T00:35:28.014+0000] {dag.py:2726} INFO - Sync 1 DAGs
[2023-06-04T00:35:28.100+0000] {logging_mixin.py:149} INFO - [2023-06-04T00:35:28.100+0000] {dag.py:3490} INFO - Setting next_dagrun for example_time_delta_sensor_async to None, run_after=None
[2023-06-04T00:35:28.134+0000] {processor.py:179} INFO - Processing /home/airflow/.local/lib/python3.7/site-packages/airflow/example_dags/example_time_delta_sensor_async.py took 0.210 seconds
[2023-06-04T00:35:58.650+0000] {processor.py:157} INFO - Started process (PID=18909) to work on /home/airflow/.local/lib/python3.7/site-packages/airflow/example_dags/example_time_delta_sensor_async.py
[2023-06-04T00:35:58.651+0000] {processor.py:826} INFO - Processing file /home/airflow/.local/lib/python3.7/site-packages/airflow/example_dags/example_time_delta_sensor_async.py for tasks to queue
[2023-06-04T00:35:58.653+0000] {logging_mixin.py:149} INFO - [2023-06-04T00:35:58.653+0000] {dagbag.py:541} INFO - Filling up the DagBag from /home/airflow/.local/lib/python3.7/site-packages/airflow/example_dags/example_time_delta_sensor_async.py
[2023-06-04T00:35:58.659+0000] {processor.py:836} INFO - DAG(s) dict_keys(['example_time_delta_sensor_async']) retrieved from /home/airflow/.local/lib/python3.7/site-packages/airflow/example_dags/example_time_delta_sensor_async.py
[2023-06-04T00:35:58.692+0000] {logging_mixin.py:149} INFO - [2023-06-04T00:35:58.691+0000] {dag.py:2726} INFO - Sync 1 DAGs
[2023-06-04T00:35:58.725+0000] {logging_mixin.py:149} INFO - [2023-06-04T00:35:58.725+0000] {dag.py:3490} INFO - Setting next_dagrun for example_time_delta_sensor_async to None, run_after=None
[2023-06-04T00:35:58.754+0000] {processor.py:179} INFO - Processing /home/airflow/.local/lib/python3.7/site-packages/airflow/example_dags/example_time_delta_sensor_async.py took 0.108 seconds
[2023-06-04T00:36:28.935+0000] {processor.py:157} INFO - Started process (PID=19158) to work on /home/airflow/.local/lib/python3.7/site-packages/airflow/example_dags/example_time_delta_sensor_async.py
[2023-06-04T00:36:28.937+0000] {processor.py:826} INFO - Processing file /home/airflow/.local/lib/python3.7/site-packages/airflow/example_dags/example_time_delta_sensor_async.py for tasks to queue
[2023-06-04T00:36:28.938+0000] {logging_mixin.py:149} INFO - [2023-06-04T00:36:28.938+0000] {dagbag.py:541} INFO - Filling up the DagBag from /home/airflow/.local/lib/python3.7/site-packages/airflow/example_dags/example_time_delta_sensor_async.py
[2023-06-04T00:36:28.943+0000] {processor.py:836} INFO - DAG(s) dict_keys(['example_time_delta_sensor_async']) retrieved from /home/airflow/.local/lib/python3.7/site-packages/airflow/example_dags/example_time_delta_sensor_async.py
[2023-06-04T00:36:28.974+0000] {logging_mixin.py:149} INFO - [2023-06-04T00:36:28.974+0000] {dag.py:2726} INFO - Sync 1 DAGs
[2023-06-04T00:36:29.004+0000] {logging_mixin.py:149} INFO - [2023-06-04T00:36:29.004+0000] {dag.py:3490} INFO - Setting next_dagrun for example_time_delta_sensor_async to None, run_after=None
[2023-06-04T00:36:29.031+0000] {processor.py:179} INFO - Processing /home/airflow/.local/lib/python3.7/site-packages/airflow/example_dags/example_time_delta_sensor_async.py took 0.100 seconds
[2023-06-04T00:36:59.112+0000] {processor.py:157} INFO - Started process (PID=19408) to work on /home/airflow/.local/lib/python3.7/site-packages/airflow/example_dags/example_time_delta_sensor_async.py
[2023-06-04T00:36:59.114+0000] {processor.py:826} INFO - Processing file /home/airflow/.local/lib/python3.7/site-packages/airflow/example_dags/example_time_delta_sensor_async.py for tasks to queue
[2023-06-04T00:36:59.115+0000] {logging_mixin.py:149} INFO - [2023-06-04T00:36:59.115+0000] {dagbag.py:541} INFO - Filling up the DagBag from /home/airflow/.local/lib/python3.7/site-packages/airflow/example_dags/example_time_delta_sensor_async.py
[2023-06-04T00:36:59.121+0000] {processor.py:836} INFO - DAG(s) dict_keys(['example_time_delta_sensor_async']) retrieved from /home/airflow/.local/lib/python3.7/site-packages/airflow/example_dags/example_time_delta_sensor_async.py
[2023-06-04T00:36:59.152+0000] {logging_mixin.py:149} INFO - [2023-06-04T00:36:59.151+0000] {dag.py:2726} INFO - Sync 1 DAGs
[2023-06-04T00:36:59.181+0000] {logging_mixin.py:149} INFO - [2023-06-04T00:36:59.180+0000] {dag.py:3490} INFO - Setting next_dagrun for example_time_delta_sensor_async to None, run_after=None
[2023-06-04T00:36:59.208+0000] {processor.py:179} INFO - Processing /home/airflow/.local/lib/python3.7/site-packages/airflow/example_dags/example_time_delta_sensor_async.py took 0.101 seconds
[2023-06-04T00:37:29.577+0000] {processor.py:157} INFO - Started process (PID=19660) to work on /home/airflow/.local/lib/python3.7/site-packages/airflow/example_dags/example_time_delta_sensor_async.py
[2023-06-04T00:37:29.579+0000] {processor.py:826} INFO - Processing file /home/airflow/.local/lib/python3.7/site-packages/airflow/example_dags/example_time_delta_sensor_async.py for tasks to queue
[2023-06-04T00:37:29.581+0000] {logging_mixin.py:149} INFO - [2023-06-04T00:37:29.580+0000] {dagbag.py:541} INFO - Filling up the DagBag from /home/airflow/.local/lib/python3.7/site-packages/airflow/example_dags/example_time_delta_sensor_async.py
[2023-06-04T00:37:29.586+0000] {processor.py:836} INFO - DAG(s) dict_keys(['example_time_delta_sensor_async']) retrieved from /home/airflow/.local/lib/python3.7/site-packages/airflow/example_dags/example_time_delta_sensor_async.py
[2023-06-04T00:37:29.621+0000] {logging_mixin.py:149} INFO - [2023-06-04T00:37:29.621+0000] {dag.py:2726} INFO - Sync 1 DAGs
[2023-06-04T00:37:29.659+0000] {logging_mixin.py:149} INFO - [2023-06-04T00:37:29.659+0000] {dag.py:3490} INFO - Setting next_dagrun for example_time_delta_sensor_async to None, run_after=None
[2023-06-04T00:37:29.689+0000] {processor.py:179} INFO - Processing /home/airflow/.local/lib/python3.7/site-packages/airflow/example_dags/example_time_delta_sensor_async.py took 0.116 seconds
[2023-06-04T00:37:59.886+0000] {processor.py:157} INFO - Started process (PID=19911) to work on /home/airflow/.local/lib/python3.7/site-packages/airflow/example_dags/example_time_delta_sensor_async.py
[2023-06-04T00:37:59.888+0000] {processor.py:826} INFO - Processing file /home/airflow/.local/lib/python3.7/site-packages/airflow/example_dags/example_time_delta_sensor_async.py for tasks to queue
[2023-06-04T00:37:59.890+0000] {logging_mixin.py:149} INFO - [2023-06-04T00:37:59.890+0000] {dagbag.py:541} INFO - Filling up the DagBag from /home/airflow/.local/lib/python3.7/site-packages/airflow/example_dags/example_time_delta_sensor_async.py
[2023-06-04T00:37:59.895+0000] {processor.py:836} INFO - DAG(s) dict_keys(['example_time_delta_sensor_async']) retrieved from /home/airflow/.local/lib/python3.7/site-packages/airflow/example_dags/example_time_delta_sensor_async.py
[2023-06-04T00:37:59.926+0000] {logging_mixin.py:149} INFO - [2023-06-04T00:37:59.925+0000] {dag.py:2726} INFO - Sync 1 DAGs
[2023-06-04T00:37:59.956+0000] {logging_mixin.py:149} INFO - [2023-06-04T00:37:59.956+0000] {dag.py:3490} INFO - Setting next_dagrun for example_time_delta_sensor_async to None, run_after=None
[2023-06-04T00:37:59.983+0000] {processor.py:179} INFO - Processing /home/airflow/.local/lib/python3.7/site-packages/airflow/example_dags/example_time_delta_sensor_async.py took 0.102 seconds
[2023-06-04T00:38:30.557+0000] {processor.py:157} INFO - Started process (PID=20162) to work on /home/airflow/.local/lib/python3.7/site-packages/airflow/example_dags/example_time_delta_sensor_async.py
[2023-06-04T00:38:30.559+0000] {processor.py:826} INFO - Processing file /home/airflow/.local/lib/python3.7/site-packages/airflow/example_dags/example_time_delta_sensor_async.py for tasks to queue
[2023-06-04T00:38:30.560+0000] {logging_mixin.py:149} INFO - [2023-06-04T00:38:30.560+0000] {dagbag.py:541} INFO - Filling up the DagBag from /home/airflow/.local/lib/python3.7/site-packages/airflow/example_dags/example_time_delta_sensor_async.py
[2023-06-04T00:38:30.565+0000] {processor.py:836} INFO - DAG(s) dict_keys(['example_time_delta_sensor_async']) retrieved from /home/airflow/.local/lib/python3.7/site-packages/airflow/example_dags/example_time_delta_sensor_async.py
[2023-06-04T00:38:30.596+0000] {logging_mixin.py:149} INFO - [2023-06-04T00:38:30.596+0000] {dag.py:2726} INFO - Sync 1 DAGs
[2023-06-04T00:38:30.626+0000] {logging_mixin.py:149} INFO - [2023-06-04T00:38:30.626+0000] {dag.py:3490} INFO - Setting next_dagrun for example_time_delta_sensor_async to None, run_after=None
[2023-06-04T00:38:30.652+0000] {processor.py:179} INFO - Processing /home/airflow/.local/lib/python3.7/site-packages/airflow/example_dags/example_time_delta_sensor_async.py took 0.099 seconds
[2023-06-04T00:39:01.341+0000] {processor.py:157} INFO - Started process (PID=20414) to work on /home/airflow/.local/lib/python3.7/site-packages/airflow/example_dags/example_time_delta_sensor_async.py
[2023-06-04T00:39:01.342+0000] {processor.py:826} INFO - Processing file /home/airflow/.local/lib/python3.7/site-packages/airflow/example_dags/example_time_delta_sensor_async.py for tasks to queue
[2023-06-04T00:39:01.344+0000] {logging_mixin.py:149} INFO - [2023-06-04T00:39:01.343+0000] {dagbag.py:541} INFO - Filling up the DagBag from /home/airflow/.local/lib/python3.7/site-packages/airflow/example_dags/example_time_delta_sensor_async.py
[2023-06-04T00:39:01.349+0000] {processor.py:836} INFO - DAG(s) dict_keys(['example_time_delta_sensor_async']) retrieved from /home/airflow/.local/lib/python3.7/site-packages/airflow/example_dags/example_time_delta_sensor_async.py
[2023-06-04T00:39:01.378+0000] {logging_mixin.py:149} INFO - [2023-06-04T00:39:01.377+0000] {dag.py:2726} INFO - Sync 1 DAGs
[2023-06-04T00:39:01.408+0000] {logging_mixin.py:149} INFO - [2023-06-04T00:39:01.407+0000] {dag.py:3490} INFO - Setting next_dagrun for example_time_delta_sensor_async to None, run_after=None
[2023-06-04T00:39:01.435+0000] {processor.py:179} INFO - Processing /home/airflow/.local/lib/python3.7/site-packages/airflow/example_dags/example_time_delta_sensor_async.py took 0.097 seconds
[2023-06-04T00:39:31.973+0000] {processor.py:157} INFO - Started process (PID=20666) to work on /home/airflow/.local/lib/python3.7/site-packages/airflow/example_dags/example_time_delta_sensor_async.py
[2023-06-04T00:39:31.975+0000] {processor.py:826} INFO - Processing file /home/airflow/.local/lib/python3.7/site-packages/airflow/example_dags/example_time_delta_sensor_async.py for tasks to queue
[2023-06-04T00:39:31.976+0000] {logging_mixin.py:149} INFO - [2023-06-04T00:39:31.976+0000] {dagbag.py:541} INFO - Filling up the DagBag from /home/airflow/.local/lib/python3.7/site-packages/airflow/example_dags/example_time_delta_sensor_async.py
[2023-06-04T00:39:31.982+0000] {processor.py:836} INFO - DAG(s) dict_keys(['example_time_delta_sensor_async']) retrieved from /home/airflow/.local/lib/python3.7/site-packages/airflow/example_dags/example_time_delta_sensor_async.py
[2023-06-04T00:39:32.012+0000] {logging_mixin.py:149} INFO - [2023-06-04T00:39:32.012+0000] {dag.py:2726} INFO - Sync 1 DAGs
[2023-06-04T00:39:32.051+0000] {logging_mixin.py:149} INFO - [2023-06-04T00:39:32.051+0000] {dag.py:3490} INFO - Setting next_dagrun for example_time_delta_sensor_async to None, run_after=None
[2023-06-04T00:39:32.079+0000] {processor.py:179} INFO - Processing /home/airflow/.local/lib/python3.7/site-packages/airflow/example_dags/example_time_delta_sensor_async.py took 0.111 seconds
[2023-06-04T00:40:02.312+0000] {processor.py:157} INFO - Started process (PID=20918) to work on /home/airflow/.local/lib/python3.7/site-packages/airflow/example_dags/example_time_delta_sensor_async.py
[2023-06-04T00:40:02.314+0000] {processor.py:826} INFO - Processing file /home/airflow/.local/lib/python3.7/site-packages/airflow/example_dags/example_time_delta_sensor_async.py for tasks to queue
[2023-06-04T00:40:02.315+0000] {logging_mixin.py:149} INFO - [2023-06-04T00:40:02.315+0000] {dagbag.py:541} INFO - Filling up the DagBag from /home/airflow/.local/lib/python3.7/site-packages/airflow/example_dags/example_time_delta_sensor_async.py
[2023-06-04T00:40:02.320+0000] {processor.py:836} INFO - DAG(s) dict_keys(['example_time_delta_sensor_async']) retrieved from /home/airflow/.local/lib/python3.7/site-packages/airflow/example_dags/example_time_delta_sensor_async.py
[2023-06-04T00:40:02.353+0000] {logging_mixin.py:149} INFO - [2023-06-04T00:40:02.353+0000] {dag.py:2726} INFO - Sync 1 DAGs
[2023-06-04T00:40:02.386+0000] {logging_mixin.py:149} INFO - [2023-06-04T00:40:02.386+0000] {dag.py:3490} INFO - Setting next_dagrun for example_time_delta_sensor_async to None, run_after=None
[2023-06-04T00:40:02.413+0000] {processor.py:179} INFO - Processing /home/airflow/.local/lib/python3.7/site-packages/airflow/example_dags/example_time_delta_sensor_async.py took 0.105 seconds
[2023-06-04T00:40:32.725+0000] {processor.py:157} INFO - Started process (PID=21170) to work on /home/airflow/.local/lib/python3.7/site-packages/airflow/example_dags/example_time_delta_sensor_async.py
[2023-06-04T00:40:32.727+0000] {processor.py:826} INFO - Processing file /home/airflow/.local/lib/python3.7/site-packages/airflow/example_dags/example_time_delta_sensor_async.py for tasks to queue
[2023-06-04T00:40:32.729+0000] {logging_mixin.py:149} INFO - [2023-06-04T00:40:32.728+0000] {dagbag.py:541} INFO - Filling up the DagBag from /home/airflow/.local/lib/python3.7/site-packages/airflow/example_dags/example_time_delta_sensor_async.py
[2023-06-04T00:40:32.734+0000] {processor.py:836} INFO - DAG(s) dict_keys(['example_time_delta_sensor_async']) retrieved from /home/airflow/.local/lib/python3.7/site-packages/airflow/example_dags/example_time_delta_sensor_async.py
[2023-06-04T00:40:32.765+0000] {logging_mixin.py:149} INFO - [2023-06-04T00:40:32.764+0000] {dag.py:2726} INFO - Sync 1 DAGs
[2023-06-04T00:40:32.794+0000] {logging_mixin.py:149} INFO - [2023-06-04T00:40:32.794+0000] {dag.py:3490} INFO - Setting next_dagrun for example_time_delta_sensor_async to None, run_after=None
[2023-06-04T00:40:32.820+0000] {processor.py:179} INFO - Processing /home/airflow/.local/lib/python3.7/site-packages/airflow/example_dags/example_time_delta_sensor_async.py took 0.099 seconds
[2023-06-04T00:41:03.187+0000] {processor.py:157} INFO - Started process (PID=21420) to work on /home/airflow/.local/lib/python3.7/site-packages/airflow/example_dags/example_time_delta_sensor_async.py
[2023-06-04T00:41:03.189+0000] {processor.py:826} INFO - Processing file /home/airflow/.local/lib/python3.7/site-packages/airflow/example_dags/example_time_delta_sensor_async.py for tasks to queue
[2023-06-04T00:41:03.191+0000] {logging_mixin.py:149} INFO - [2023-06-04T00:41:03.190+0000] {dagbag.py:541} INFO - Filling up the DagBag from /home/airflow/.local/lib/python3.7/site-packages/airflow/example_dags/example_time_delta_sensor_async.py
[2023-06-04T00:41:03.196+0000] {processor.py:836} INFO - DAG(s) dict_keys(['example_time_delta_sensor_async']) retrieved from /home/airflow/.local/lib/python3.7/site-packages/airflow/example_dags/example_time_delta_sensor_async.py
[2023-06-04T00:41:03.229+0000] {logging_mixin.py:149} INFO - [2023-06-04T00:41:03.229+0000] {dag.py:2726} INFO - Sync 1 DAGs
[2023-06-04T00:41:03.262+0000] {logging_mixin.py:149} INFO - [2023-06-04T00:41:03.262+0000] {dag.py:3490} INFO - Setting next_dagrun for example_time_delta_sensor_async to None, run_after=None
[2023-06-04T00:41:03.293+0000] {processor.py:179} INFO - Processing /home/airflow/.local/lib/python3.7/site-packages/airflow/example_dags/example_time_delta_sensor_async.py took 0.111 seconds
[2023-06-04T00:41:33.775+0000] {processor.py:157} INFO - Started process (PID=21674) to work on /home/airflow/.local/lib/python3.7/site-packages/airflow/example_dags/example_time_delta_sensor_async.py
[2023-06-04T00:41:33.777+0000] {processor.py:826} INFO - Processing file /home/airflow/.local/lib/python3.7/site-packages/airflow/example_dags/example_time_delta_sensor_async.py for tasks to queue
[2023-06-04T00:41:33.780+0000] {logging_mixin.py:149} INFO - [2023-06-04T00:41:33.779+0000] {dagbag.py:541} INFO - Filling up the DagBag from /home/airflow/.local/lib/python3.7/site-packages/airflow/example_dags/example_time_delta_sensor_async.py
[2023-06-04T00:41:33.786+0000] {processor.py:836} INFO - DAG(s) dict_keys(['example_time_delta_sensor_async']) retrieved from /home/airflow/.local/lib/python3.7/site-packages/airflow/example_dags/example_time_delta_sensor_async.py
[2023-06-04T00:41:33.820+0000] {logging_mixin.py:149} INFO - [2023-06-04T00:41:33.820+0000] {dag.py:2726} INFO - Sync 1 DAGs
[2023-06-04T00:41:33.849+0000] {logging_mixin.py:149} INFO - [2023-06-04T00:41:33.849+0000] {dag.py:3490} INFO - Setting next_dagrun for example_time_delta_sensor_async to None, run_after=None
[2023-06-04T00:41:33.877+0000] {processor.py:179} INFO - Processing /home/airflow/.local/lib/python3.7/site-packages/airflow/example_dags/example_time_delta_sensor_async.py took 0.108 seconds
[2023-06-04T00:42:04.117+0000] {processor.py:157} INFO - Started process (PID=21926) to work on /home/airflow/.local/lib/python3.7/site-packages/airflow/example_dags/example_time_delta_sensor_async.py
[2023-06-04T00:42:04.119+0000] {processor.py:826} INFO - Processing file /home/airflow/.local/lib/python3.7/site-packages/airflow/example_dags/example_time_delta_sensor_async.py for tasks to queue
[2023-06-04T00:42:04.120+0000] {logging_mixin.py:149} INFO - [2023-06-04T00:42:04.120+0000] {dagbag.py:541} INFO - Filling up the DagBag from /home/airflow/.local/lib/python3.7/site-packages/airflow/example_dags/example_time_delta_sensor_async.py
[2023-06-04T00:42:04.125+0000] {processor.py:836} INFO - DAG(s) dict_keys(['example_time_delta_sensor_async']) retrieved from /home/airflow/.local/lib/python3.7/site-packages/airflow/example_dags/example_time_delta_sensor_async.py
[2023-06-04T00:42:04.159+0000] {logging_mixin.py:149} INFO - [2023-06-04T00:42:04.158+0000] {dag.py:2726} INFO - Sync 1 DAGs
[2023-06-04T00:42:04.189+0000] {logging_mixin.py:149} INFO - [2023-06-04T00:42:04.189+0000] {dag.py:3490} INFO - Setting next_dagrun for example_time_delta_sensor_async to None, run_after=None
[2023-06-04T00:42:04.216+0000] {processor.py:179} INFO - Processing /home/airflow/.local/lib/python3.7/site-packages/airflow/example_dags/example_time_delta_sensor_async.py took 0.102 seconds
[2023-06-04T00:42:34.916+0000] {processor.py:157} INFO - Started process (PID=22177) to work on /home/airflow/.local/lib/python3.7/site-packages/airflow/example_dags/example_time_delta_sensor_async.py
[2023-06-04T00:42:34.918+0000] {processor.py:826} INFO - Processing file /home/airflow/.local/lib/python3.7/site-packages/airflow/example_dags/example_time_delta_sensor_async.py for tasks to queue
[2023-06-04T00:42:34.919+0000] {logging_mixin.py:149} INFO - [2023-06-04T00:42:34.919+0000] {dagbag.py:541} INFO - Filling up the DagBag from /home/airflow/.local/lib/python3.7/site-packages/airflow/example_dags/example_time_delta_sensor_async.py
[2023-06-04T00:42:34.925+0000] {processor.py:836} INFO - DAG(s) dict_keys(['example_time_delta_sensor_async']) retrieved from /home/airflow/.local/lib/python3.7/site-packages/airflow/example_dags/example_time_delta_sensor_async.py
[2023-06-04T00:42:34.957+0000] {logging_mixin.py:149} INFO - [2023-06-04T00:42:34.957+0000] {dag.py:2726} INFO - Sync 1 DAGs
[2023-06-04T00:42:34.987+0000] {logging_mixin.py:149} INFO - [2023-06-04T00:42:34.987+0000] {dag.py:3490} INFO - Setting next_dagrun for example_time_delta_sensor_async to None, run_after=None
[2023-06-04T00:42:35.015+0000] {processor.py:179} INFO - Processing /home/airflow/.local/lib/python3.7/site-packages/airflow/example_dags/example_time_delta_sensor_async.py took 0.102 seconds
[2023-06-04T00:43:05.589+0000] {processor.py:157} INFO - Started process (PID=22430) to work on /home/airflow/.local/lib/python3.7/site-packages/airflow/example_dags/example_time_delta_sensor_async.py
[2023-06-04T00:43:05.591+0000] {processor.py:826} INFO - Processing file /home/airflow/.local/lib/python3.7/site-packages/airflow/example_dags/example_time_delta_sensor_async.py for tasks to queue
[2023-06-04T00:43:05.593+0000] {logging_mixin.py:149} INFO - [2023-06-04T00:43:05.593+0000] {dagbag.py:541} INFO - Filling up the DagBag from /home/airflow/.local/lib/python3.7/site-packages/airflow/example_dags/example_time_delta_sensor_async.py
[2023-06-04T00:43:05.599+0000] {processor.py:836} INFO - DAG(s) dict_keys(['example_time_delta_sensor_async']) retrieved from /home/airflow/.local/lib/python3.7/site-packages/airflow/example_dags/example_time_delta_sensor_async.py
[2023-06-04T00:43:05.627+0000] {logging_mixin.py:149} INFO - [2023-06-04T00:43:05.627+0000] {dag.py:2726} INFO - Sync 1 DAGs
[2023-06-04T00:43:05.657+0000] {logging_mixin.py:149} INFO - [2023-06-04T00:43:05.656+0000] {dag.py:3490} INFO - Setting next_dagrun for example_time_delta_sensor_async to None, run_after=None
[2023-06-04T00:43:05.684+0000] {processor.py:179} INFO - Processing /home/airflow/.local/lib/python3.7/site-packages/airflow/example_dags/example_time_delta_sensor_async.py took 0.100 seconds
