[2023-06-04T00:34:26.393+0000] {processor.py:157} INFO - Started process (PID=18124) to work on /home/airflow/.local/lib/python3.7/site-packages/airflow/example_dags/example_python_operator.py
[2023-06-04T00:34:26.395+0000] {processor.py:826} INFO - Processing file /home/airflow/.local/lib/python3.7/site-packages/airflow/example_dags/example_python_operator.py for tasks to queue
[2023-06-04T00:34:26.397+0000] {logging_mixin.py:149} INFO - [2023-06-04T00:34:26.397+0000] {dagbag.py:541} INFO - Filling up the DagBag from /home/airflow/.local/lib/python3.7/site-packages/airflow/example_dags/example_python_operator.py
[2023-06-04T00:34:26.409+0000] {logging_mixin.py:149} INFO - [2023-06-04T00:34:26.409+0000] {taskmixin.py:211} WARNING - Dependency <Task(_PythonDecoratedOperator): print_the_context>, log_sql_query already registered for DAG: example_python_operator
[2023-06-04T00:34:26.411+0000] {logging_mixin.py:149} INFO - [2023-06-04T00:34:26.410+0000] {taskmixin.py:211} WARNING - Dependency <Task(_PythonDecoratedOperator): log_sql_query>, print_the_context already registered for DAG: example_python_operator
[2023-06-04T00:34:26.412+0000] {logging_mixin.py:149} INFO - [2023-06-04T00:34:26.412+0000] {taskmixin.py:211} WARNING - Dependency <Task(_PythonDecoratedOperator): print_the_context>, log_sql_query already registered for DAG: example_python_operator
[2023-06-04T00:34:26.413+0000] {logging_mixin.py:149} INFO - [2023-06-04T00:34:26.413+0000] {taskmixin.py:211} WARNING - Dependency <Task(_PythonDecoratedOperator): log_sql_query>, print_the_context already registered for DAG: example_python_operator
[2023-06-04T00:34:26.414+0000] {logging_mixin.py:149} INFO - [2023-06-04T00:34:26.414+0000] {taskmixin.py:211} WARNING - Dependency <Task(_PythonDecoratedOperator): print_the_context>, log_sql_query already registered for DAG: example_python_operator
[2023-06-04T00:34:26.415+0000] {logging_mixin.py:149} INFO - [2023-06-04T00:34:26.415+0000] {taskmixin.py:211} WARNING - Dependency <Task(_PythonDecoratedOperator): log_sql_query>, print_the_context already registered for DAG: example_python_operator
[2023-06-04T00:34:26.416+0000] {logging_mixin.py:149} INFO - [2023-06-04T00:34:26.416+0000] {taskmixin.py:211} WARNING - Dependency <Task(_PythonDecoratedOperator): print_the_context>, log_sql_query already registered for DAG: example_python_operator
[2023-06-04T00:34:26.417+0000] {logging_mixin.py:149} INFO - [2023-06-04T00:34:26.417+0000] {taskmixin.py:211} WARNING - Dependency <Task(_PythonDecoratedOperator): log_sql_query>, print_the_context already registered for DAG: example_python_operator
[2023-06-04T00:34:26.421+0000] {processor.py:836} INFO - DAG(s) dict_keys(['example_python_operator']) retrieved from /home/airflow/.local/lib/python3.7/site-packages/airflow/example_dags/example_python_operator.py
[2023-06-04T00:34:26.455+0000] {logging_mixin.py:149} INFO - [2023-06-04T00:34:26.455+0000] {dag.py:2726} INFO - Sync 1 DAGs
[2023-06-04T00:34:26.486+0000] {logging_mixin.py:149} INFO - [2023-06-04T00:34:26.486+0000] {dag.py:3490} INFO - Setting next_dagrun for example_python_operator to None, run_after=None
[2023-06-04T00:34:26.512+0000] {processor.py:179} INFO - Processing /home/airflow/.local/lib/python3.7/site-packages/airflow/example_dags/example_python_operator.py took 0.124 seconds
[2023-06-04T00:34:56.567+0000] {processor.py:157} INFO - Started process (PID=18394) to work on /home/airflow/.local/lib/python3.7/site-packages/airflow/example_dags/example_python_operator.py
[2023-06-04T00:34:56.569+0000] {processor.py:826} INFO - Processing file /home/airflow/.local/lib/python3.7/site-packages/airflow/example_dags/example_python_operator.py for tasks to queue
[2023-06-04T00:34:56.570+0000] {logging_mixin.py:149} INFO - [2023-06-04T00:34:56.570+0000] {dagbag.py:541} INFO - Filling up the DagBag from /home/airflow/.local/lib/python3.7/site-packages/airflow/example_dags/example_python_operator.py
[2023-06-04T00:34:56.580+0000] {logging_mixin.py:149} INFO - [2023-06-04T00:34:56.580+0000] {taskmixin.py:211} WARNING - Dependency <Task(_PythonDecoratedOperator): print_the_context>, log_sql_query already registered for DAG: example_python_operator
[2023-06-04T00:34:56.581+0000] {logging_mixin.py:149} INFO - [2023-06-04T00:34:56.581+0000] {taskmixin.py:211} WARNING - Dependency <Task(_PythonDecoratedOperator): log_sql_query>, print_the_context already registered for DAG: example_python_operator
[2023-06-04T00:34:56.582+0000] {logging_mixin.py:149} INFO - [2023-06-04T00:34:56.582+0000] {taskmixin.py:211} WARNING - Dependency <Task(_PythonDecoratedOperator): print_the_context>, log_sql_query already registered for DAG: example_python_operator
[2023-06-04T00:34:56.583+0000] {logging_mixin.py:149} INFO - [2023-06-04T00:34:56.583+0000] {taskmixin.py:211} WARNING - Dependency <Task(_PythonDecoratedOperator): log_sql_query>, print_the_context already registered for DAG: example_python_operator
[2023-06-04T00:34:56.585+0000] {logging_mixin.py:149} INFO - [2023-06-04T00:34:56.585+0000] {taskmixin.py:211} WARNING - Dependency <Task(_PythonDecoratedOperator): print_the_context>, log_sql_query already registered for DAG: example_python_operator
[2023-06-04T00:34:56.586+0000] {logging_mixin.py:149} INFO - [2023-06-04T00:34:56.585+0000] {taskmixin.py:211} WARNING - Dependency <Task(_PythonDecoratedOperator): log_sql_query>, print_the_context already registered for DAG: example_python_operator
[2023-06-04T00:34:56.587+0000] {logging_mixin.py:149} INFO - [2023-06-04T00:34:56.587+0000] {taskmixin.py:211} WARNING - Dependency <Task(_PythonDecoratedOperator): print_the_context>, log_sql_query already registered for DAG: example_python_operator
[2023-06-04T00:34:56.588+0000] {logging_mixin.py:149} INFO - [2023-06-04T00:34:56.588+0000] {taskmixin.py:211} WARNING - Dependency <Task(_PythonDecoratedOperator): log_sql_query>, print_the_context already registered for DAG: example_python_operator
[2023-06-04T00:34:56.592+0000] {processor.py:836} INFO - DAG(s) dict_keys(['example_python_operator']) retrieved from /home/airflow/.local/lib/python3.7/site-packages/airflow/example_dags/example_python_operator.py
[2023-06-04T00:34:56.624+0000] {logging_mixin.py:149} INFO - [2023-06-04T00:34:56.624+0000] {dag.py:2726} INFO - Sync 1 DAGs
[2023-06-04T00:34:56.653+0000] {logging_mixin.py:149} INFO - [2023-06-04T00:34:56.653+0000] {dag.py:3490} INFO - Setting next_dagrun for example_python_operator to None, run_after=None
[2023-06-04T00:34:56.679+0000] {processor.py:179} INFO - Processing /home/airflow/.local/lib/python3.7/site-packages/airflow/example_dags/example_python_operator.py took 0.116 seconds
[2023-06-04T00:35:26.829+0000] {processor.py:157} INFO - Started process (PID=18642) to work on /home/airflow/.local/lib/python3.7/site-packages/airflow/example_dags/example_python_operator.py
[2023-06-04T00:35:26.830+0000] {processor.py:826} INFO - Processing file /home/airflow/.local/lib/python3.7/site-packages/airflow/example_dags/example_python_operator.py for tasks to queue
[2023-06-04T00:35:26.832+0000] {logging_mixin.py:149} INFO - [2023-06-04T00:35:26.832+0000] {dagbag.py:541} INFO - Filling up the DagBag from /home/airflow/.local/lib/python3.7/site-packages/airflow/example_dags/example_python_operator.py
[2023-06-04T00:35:26.841+0000] {logging_mixin.py:149} INFO - [2023-06-04T00:35:26.841+0000] {taskmixin.py:211} WARNING - Dependency <Task(_PythonDecoratedOperator): print_the_context>, log_sql_query already registered for DAG: example_python_operator
[2023-06-04T00:35:26.842+0000] {logging_mixin.py:149} INFO - [2023-06-04T00:35:26.842+0000] {taskmixin.py:211} WARNING - Dependency <Task(_PythonDecoratedOperator): log_sql_query>, print_the_context already registered for DAG: example_python_operator
[2023-06-04T00:35:26.844+0000] {logging_mixin.py:149} INFO - [2023-06-04T00:35:26.844+0000] {taskmixin.py:211} WARNING - Dependency <Task(_PythonDecoratedOperator): print_the_context>, log_sql_query already registered for DAG: example_python_operator
[2023-06-04T00:35:26.845+0000] {logging_mixin.py:149} INFO - [2023-06-04T00:35:26.845+0000] {taskmixin.py:211} WARNING - Dependency <Task(_PythonDecoratedOperator): log_sql_query>, print_the_context already registered for DAG: example_python_operator
[2023-06-04T00:35:26.847+0000] {logging_mixin.py:149} INFO - [2023-06-04T00:35:26.847+0000] {taskmixin.py:211} WARNING - Dependency <Task(_PythonDecoratedOperator): print_the_context>, log_sql_query already registered for DAG: example_python_operator
[2023-06-04T00:35:26.848+0000] {logging_mixin.py:149} INFO - [2023-06-04T00:35:26.848+0000] {taskmixin.py:211} WARNING - Dependency <Task(_PythonDecoratedOperator): log_sql_query>, print_the_context already registered for DAG: example_python_operator
[2023-06-04T00:35:26.850+0000] {logging_mixin.py:149} INFO - [2023-06-04T00:35:26.850+0000] {taskmixin.py:211} WARNING - Dependency <Task(_PythonDecoratedOperator): print_the_context>, log_sql_query already registered for DAG: example_python_operator
[2023-06-04T00:35:26.851+0000] {logging_mixin.py:149} INFO - [2023-06-04T00:35:26.850+0000] {taskmixin.py:211} WARNING - Dependency <Task(_PythonDecoratedOperator): log_sql_query>, print_the_context already registered for DAG: example_python_operator
[2023-06-04T00:35:26.856+0000] {processor.py:836} INFO - DAG(s) dict_keys(['example_python_operator']) retrieved from /home/airflow/.local/lib/python3.7/site-packages/airflow/example_dags/example_python_operator.py
[2023-06-04T00:35:26.892+0000] {logging_mixin.py:149} INFO - [2023-06-04T00:35:26.892+0000] {dag.py:2726} INFO - Sync 1 DAGs
[2023-06-04T00:35:26.925+0000] {logging_mixin.py:149} INFO - [2023-06-04T00:35:26.925+0000] {dag.py:3490} INFO - Setting next_dagrun for example_python_operator to None, run_after=None
[2023-06-04T00:35:26.955+0000] {processor.py:179} INFO - Processing /home/airflow/.local/lib/python3.7/site-packages/airflow/example_dags/example_python_operator.py took 0.130 seconds
[2023-06-04T00:35:57.241+0000] {processor.py:157} INFO - Started process (PID=18894) to work on /home/airflow/.local/lib/python3.7/site-packages/airflow/example_dags/example_python_operator.py
[2023-06-04T00:35:57.243+0000] {processor.py:826} INFO - Processing file /home/airflow/.local/lib/python3.7/site-packages/airflow/example_dags/example_python_operator.py for tasks to queue
[2023-06-04T00:35:57.244+0000] {logging_mixin.py:149} INFO - [2023-06-04T00:35:57.244+0000] {dagbag.py:541} INFO - Filling up the DagBag from /home/airflow/.local/lib/python3.7/site-packages/airflow/example_dags/example_python_operator.py
[2023-06-04T00:35:57.254+0000] {logging_mixin.py:149} INFO - [2023-06-04T00:35:57.254+0000] {taskmixin.py:211} WARNING - Dependency <Task(_PythonDecoratedOperator): print_the_context>, log_sql_query already registered for DAG: example_python_operator
[2023-06-04T00:35:57.256+0000] {logging_mixin.py:149} INFO - [2023-06-04T00:35:57.256+0000] {taskmixin.py:211} WARNING - Dependency <Task(_PythonDecoratedOperator): log_sql_query>, print_the_context already registered for DAG: example_python_operator
[2023-06-04T00:35:57.258+0000] {logging_mixin.py:149} INFO - [2023-06-04T00:35:57.258+0000] {taskmixin.py:211} WARNING - Dependency <Task(_PythonDecoratedOperator): print_the_context>, log_sql_query already registered for DAG: example_python_operator
[2023-06-04T00:35:57.259+0000] {logging_mixin.py:149} INFO - [2023-06-04T00:35:57.259+0000] {taskmixin.py:211} WARNING - Dependency <Task(_PythonDecoratedOperator): log_sql_query>, print_the_context already registered for DAG: example_python_operator
[2023-06-04T00:35:57.260+0000] {logging_mixin.py:149} INFO - [2023-06-04T00:35:57.260+0000] {taskmixin.py:211} WARNING - Dependency <Task(_PythonDecoratedOperator): print_the_context>, log_sql_query already registered for DAG: example_python_operator
[2023-06-04T00:35:57.261+0000] {logging_mixin.py:149} INFO - [2023-06-04T00:35:57.261+0000] {taskmixin.py:211} WARNING - Dependency <Task(_PythonDecoratedOperator): log_sql_query>, print_the_context already registered for DAG: example_python_operator
[2023-06-04T00:35:57.263+0000] {logging_mixin.py:149} INFO - [2023-06-04T00:35:57.263+0000] {taskmixin.py:211} WARNING - Dependency <Task(_PythonDecoratedOperator): print_the_context>, log_sql_query already registered for DAG: example_python_operator
[2023-06-04T00:35:57.265+0000] {logging_mixin.py:149} INFO - [2023-06-04T00:35:57.265+0000] {taskmixin.py:211} WARNING - Dependency <Task(_PythonDecoratedOperator): log_sql_query>, print_the_context already registered for DAG: example_python_operator
[2023-06-04T00:35:57.269+0000] {processor.py:836} INFO - DAG(s) dict_keys(['example_python_operator']) retrieved from /home/airflow/.local/lib/python3.7/site-packages/airflow/example_dags/example_python_operator.py
[2023-06-04T00:35:57.301+0000] {logging_mixin.py:149} INFO - [2023-06-04T00:35:57.301+0000] {dag.py:2726} INFO - Sync 1 DAGs
[2023-06-04T00:35:57.331+0000] {logging_mixin.py:149} INFO - [2023-06-04T00:35:57.331+0000] {dag.py:3490} INFO - Setting next_dagrun for example_python_operator to None, run_after=None
[2023-06-04T00:35:57.357+0000] {processor.py:179} INFO - Processing /home/airflow/.local/lib/python3.7/site-packages/airflow/example_dags/example_python_operator.py took 0.120 seconds
[2023-06-04T00:36:27.609+0000] {processor.py:157} INFO - Started process (PID=19146) to work on /home/airflow/.local/lib/python3.7/site-packages/airflow/example_dags/example_python_operator.py
[2023-06-04T00:36:27.611+0000] {processor.py:826} INFO - Processing file /home/airflow/.local/lib/python3.7/site-packages/airflow/example_dags/example_python_operator.py for tasks to queue
[2023-06-04T00:36:27.612+0000] {logging_mixin.py:149} INFO - [2023-06-04T00:36:27.612+0000] {dagbag.py:541} INFO - Filling up the DagBag from /home/airflow/.local/lib/python3.7/site-packages/airflow/example_dags/example_python_operator.py
[2023-06-04T00:36:27.620+0000] {logging_mixin.py:149} INFO - [2023-06-04T00:36:27.620+0000] {taskmixin.py:211} WARNING - Dependency <Task(_PythonDecoratedOperator): print_the_context>, log_sql_query already registered for DAG: example_python_operator
[2023-06-04T00:36:27.622+0000] {logging_mixin.py:149} INFO - [2023-06-04T00:36:27.621+0000] {taskmixin.py:211} WARNING - Dependency <Task(_PythonDecoratedOperator): log_sql_query>, print_the_context already registered for DAG: example_python_operator
[2023-06-04T00:36:27.623+0000] {logging_mixin.py:149} INFO - [2023-06-04T00:36:27.623+0000] {taskmixin.py:211} WARNING - Dependency <Task(_PythonDecoratedOperator): print_the_context>, log_sql_query already registered for DAG: example_python_operator
[2023-06-04T00:36:27.624+0000] {logging_mixin.py:149} INFO - [2023-06-04T00:36:27.624+0000] {taskmixin.py:211} WARNING - Dependency <Task(_PythonDecoratedOperator): log_sql_query>, print_the_context already registered for DAG: example_python_operator
[2023-06-04T00:36:27.626+0000] {logging_mixin.py:149} INFO - [2023-06-04T00:36:27.626+0000] {taskmixin.py:211} WARNING - Dependency <Task(_PythonDecoratedOperator): print_the_context>, log_sql_query already registered for DAG: example_python_operator
[2023-06-04T00:36:27.627+0000] {logging_mixin.py:149} INFO - [2023-06-04T00:36:27.627+0000] {taskmixin.py:211} WARNING - Dependency <Task(_PythonDecoratedOperator): log_sql_query>, print_the_context already registered for DAG: example_python_operator
[2023-06-04T00:36:27.629+0000] {logging_mixin.py:149} INFO - [2023-06-04T00:36:27.628+0000] {taskmixin.py:211} WARNING - Dependency <Task(_PythonDecoratedOperator): print_the_context>, log_sql_query already registered for DAG: example_python_operator
[2023-06-04T00:36:27.630+0000] {logging_mixin.py:149} INFO - [2023-06-04T00:36:27.630+0000] {taskmixin.py:211} WARNING - Dependency <Task(_PythonDecoratedOperator): log_sql_query>, print_the_context already registered for DAG: example_python_operator
[2023-06-04T00:36:27.634+0000] {processor.py:836} INFO - DAG(s) dict_keys(['example_python_operator']) retrieved from /home/airflow/.local/lib/python3.7/site-packages/airflow/example_dags/example_python_operator.py
[2023-06-04T00:36:27.668+0000] {logging_mixin.py:149} INFO - [2023-06-04T00:36:27.668+0000] {dag.py:2726} INFO - Sync 1 DAGs
[2023-06-04T00:36:27.696+0000] {logging_mixin.py:149} INFO - [2023-06-04T00:36:27.696+0000] {dag.py:3490} INFO - Setting next_dagrun for example_python_operator to None, run_after=None
[2023-06-04T00:36:27.729+0000] {processor.py:179} INFO - Processing /home/airflow/.local/lib/python3.7/site-packages/airflow/example_dags/example_python_operator.py took 0.123 seconds
[2023-06-04T00:36:58.009+0000] {processor.py:157} INFO - Started process (PID=19398) to work on /home/airflow/.local/lib/python3.7/site-packages/airflow/example_dags/example_python_operator.py
[2023-06-04T00:36:58.010+0000] {processor.py:826} INFO - Processing file /home/airflow/.local/lib/python3.7/site-packages/airflow/example_dags/example_python_operator.py for tasks to queue
[2023-06-04T00:36:58.012+0000] {logging_mixin.py:149} INFO - [2023-06-04T00:36:58.012+0000] {dagbag.py:541} INFO - Filling up the DagBag from /home/airflow/.local/lib/python3.7/site-packages/airflow/example_dags/example_python_operator.py
[2023-06-04T00:36:58.021+0000] {logging_mixin.py:149} INFO - [2023-06-04T00:36:58.020+0000] {taskmixin.py:211} WARNING - Dependency <Task(_PythonDecoratedOperator): print_the_context>, log_sql_query already registered for DAG: example_python_operator
[2023-06-04T00:36:58.022+0000] {logging_mixin.py:149} INFO - [2023-06-04T00:36:58.022+0000] {taskmixin.py:211} WARNING - Dependency <Task(_PythonDecoratedOperator): log_sql_query>, print_the_context already registered for DAG: example_python_operator
[2023-06-04T00:36:58.024+0000] {logging_mixin.py:149} INFO - [2023-06-04T00:36:58.023+0000] {taskmixin.py:211} WARNING - Dependency <Task(_PythonDecoratedOperator): print_the_context>, log_sql_query already registered for DAG: example_python_operator
[2023-06-04T00:36:58.025+0000] {logging_mixin.py:149} INFO - [2023-06-04T00:36:58.025+0000] {taskmixin.py:211} WARNING - Dependency <Task(_PythonDecoratedOperator): log_sql_query>, print_the_context already registered for DAG: example_python_operator
[2023-06-04T00:36:58.027+0000] {logging_mixin.py:149} INFO - [2023-06-04T00:36:58.026+0000] {taskmixin.py:211} WARNING - Dependency <Task(_PythonDecoratedOperator): print_the_context>, log_sql_query already registered for DAG: example_python_operator
[2023-06-04T00:36:58.028+0000] {logging_mixin.py:149} INFO - [2023-06-04T00:36:58.028+0000] {taskmixin.py:211} WARNING - Dependency <Task(_PythonDecoratedOperator): log_sql_query>, print_the_context already registered for DAG: example_python_operator
[2023-06-04T00:36:58.030+0000] {logging_mixin.py:149} INFO - [2023-06-04T00:36:58.029+0000] {taskmixin.py:211} WARNING - Dependency <Task(_PythonDecoratedOperator): print_the_context>, log_sql_query already registered for DAG: example_python_operator
[2023-06-04T00:36:58.031+0000] {logging_mixin.py:149} INFO - [2023-06-04T00:36:58.031+0000] {taskmixin.py:211} WARNING - Dependency <Task(_PythonDecoratedOperator): log_sql_query>, print_the_context already registered for DAG: example_python_operator
[2023-06-04T00:36:58.035+0000] {processor.py:836} INFO - DAG(s) dict_keys(['example_python_operator']) retrieved from /home/airflow/.local/lib/python3.7/site-packages/airflow/example_dags/example_python_operator.py
[2023-06-04T00:36:58.069+0000] {logging_mixin.py:149} INFO - [2023-06-04T00:36:58.069+0000] {dag.py:2726} INFO - Sync 1 DAGs
[2023-06-04T00:36:58.098+0000] {logging_mixin.py:149} INFO - [2023-06-04T00:36:58.098+0000] {dag.py:3490} INFO - Setting next_dagrun for example_python_operator to None, run_after=None
[2023-06-04T00:36:58.124+0000] {processor.py:179} INFO - Processing /home/airflow/.local/lib/python3.7/site-packages/airflow/example_dags/example_python_operator.py took 0.119 seconds
[2023-06-04T00:37:28.468+0000] {processor.py:157} INFO - Started process (PID=19650) to work on /home/airflow/.local/lib/python3.7/site-packages/airflow/example_dags/example_python_operator.py
[2023-06-04T00:37:28.469+0000] {processor.py:826} INFO - Processing file /home/airflow/.local/lib/python3.7/site-packages/airflow/example_dags/example_python_operator.py for tasks to queue
[2023-06-04T00:37:28.471+0000] {logging_mixin.py:149} INFO - [2023-06-04T00:37:28.471+0000] {dagbag.py:541} INFO - Filling up the DagBag from /home/airflow/.local/lib/python3.7/site-packages/airflow/example_dags/example_python_operator.py
[2023-06-04T00:37:28.480+0000] {logging_mixin.py:149} INFO - [2023-06-04T00:37:28.480+0000] {taskmixin.py:211} WARNING - Dependency <Task(_PythonDecoratedOperator): print_the_context>, log_sql_query already registered for DAG: example_python_operator
[2023-06-04T00:37:28.482+0000] {logging_mixin.py:149} INFO - [2023-06-04T00:37:28.482+0000] {taskmixin.py:211} WARNING - Dependency <Task(_PythonDecoratedOperator): log_sql_query>, print_the_context already registered for DAG: example_python_operator
[2023-06-04T00:37:28.484+0000] {logging_mixin.py:149} INFO - [2023-06-04T00:37:28.484+0000] {taskmixin.py:211} WARNING - Dependency <Task(_PythonDecoratedOperator): print_the_context>, log_sql_query already registered for DAG: example_python_operator
[2023-06-04T00:37:28.485+0000] {logging_mixin.py:149} INFO - [2023-06-04T00:37:28.485+0000] {taskmixin.py:211} WARNING - Dependency <Task(_PythonDecoratedOperator): log_sql_query>, print_the_context already registered for DAG: example_python_operator
[2023-06-04T00:37:28.486+0000] {logging_mixin.py:149} INFO - [2023-06-04T00:37:28.486+0000] {taskmixin.py:211} WARNING - Dependency <Task(_PythonDecoratedOperator): print_the_context>, log_sql_query already registered for DAG: example_python_operator
[2023-06-04T00:37:28.487+0000] {logging_mixin.py:149} INFO - [2023-06-04T00:37:28.487+0000] {taskmixin.py:211} WARNING - Dependency <Task(_PythonDecoratedOperator): log_sql_query>, print_the_context already registered for DAG: example_python_operator
[2023-06-04T00:37:28.489+0000] {logging_mixin.py:149} INFO - [2023-06-04T00:37:28.489+0000] {taskmixin.py:211} WARNING - Dependency <Task(_PythonDecoratedOperator): print_the_context>, log_sql_query already registered for DAG: example_python_operator
[2023-06-04T00:37:28.490+0000] {logging_mixin.py:149} INFO - [2023-06-04T00:37:28.490+0000] {taskmixin.py:211} WARNING - Dependency <Task(_PythonDecoratedOperator): log_sql_query>, print_the_context already registered for DAG: example_python_operator
[2023-06-04T00:37:28.494+0000] {processor.py:836} INFO - DAG(s) dict_keys(['example_python_operator']) retrieved from /home/airflow/.local/lib/python3.7/site-packages/airflow/example_dags/example_python_operator.py
[2023-06-04T00:37:28.530+0000] {logging_mixin.py:149} INFO - [2023-06-04T00:37:28.529+0000] {dag.py:2726} INFO - Sync 1 DAGs
[2023-06-04T00:37:28.559+0000] {logging_mixin.py:149} INFO - [2023-06-04T00:37:28.559+0000] {dag.py:3490} INFO - Setting next_dagrun for example_python_operator to None, run_after=None
[2023-06-04T00:37:28.588+0000] {processor.py:179} INFO - Processing /home/airflow/.local/lib/python3.7/site-packages/airflow/example_dags/example_python_operator.py took 0.123 seconds
[2023-06-04T00:37:58.828+0000] {processor.py:157} INFO - Started process (PID=19901) to work on /home/airflow/.local/lib/python3.7/site-packages/airflow/example_dags/example_python_operator.py
[2023-06-04T00:37:58.829+0000] {processor.py:826} INFO - Processing file /home/airflow/.local/lib/python3.7/site-packages/airflow/example_dags/example_python_operator.py for tasks to queue
[2023-06-04T00:37:58.830+0000] {logging_mixin.py:149} INFO - [2023-06-04T00:37:58.830+0000] {dagbag.py:541} INFO - Filling up the DagBag from /home/airflow/.local/lib/python3.7/site-packages/airflow/example_dags/example_python_operator.py
[2023-06-04T00:37:58.839+0000] {logging_mixin.py:149} INFO - [2023-06-04T00:37:58.838+0000] {taskmixin.py:211} WARNING - Dependency <Task(_PythonDecoratedOperator): print_the_context>, log_sql_query already registered for DAG: example_python_operator
[2023-06-04T00:37:58.840+0000] {logging_mixin.py:149} INFO - [2023-06-04T00:37:58.839+0000] {taskmixin.py:211} WARNING - Dependency <Task(_PythonDecoratedOperator): log_sql_query>, print_the_context already registered for DAG: example_python_operator
[2023-06-04T00:37:58.841+0000] {logging_mixin.py:149} INFO - [2023-06-04T00:37:58.841+0000] {taskmixin.py:211} WARNING - Dependency <Task(_PythonDecoratedOperator): print_the_context>, log_sql_query already registered for DAG: example_python_operator
[2023-06-04T00:37:58.842+0000] {logging_mixin.py:149} INFO - [2023-06-04T00:37:58.842+0000] {taskmixin.py:211} WARNING - Dependency <Task(_PythonDecoratedOperator): log_sql_query>, print_the_context already registered for DAG: example_python_operator
[2023-06-04T00:37:58.844+0000] {logging_mixin.py:149} INFO - [2023-06-04T00:37:58.844+0000] {taskmixin.py:211} WARNING - Dependency <Task(_PythonDecoratedOperator): print_the_context>, log_sql_query already registered for DAG: example_python_operator
[2023-06-04T00:37:58.845+0000] {logging_mixin.py:149} INFO - [2023-06-04T00:37:58.845+0000] {taskmixin.py:211} WARNING - Dependency <Task(_PythonDecoratedOperator): log_sql_query>, print_the_context already registered for DAG: example_python_operator
[2023-06-04T00:37:58.847+0000] {logging_mixin.py:149} INFO - [2023-06-04T00:37:58.846+0000] {taskmixin.py:211} WARNING - Dependency <Task(_PythonDecoratedOperator): print_the_context>, log_sql_query already registered for DAG: example_python_operator
[2023-06-04T00:37:58.847+0000] {logging_mixin.py:149} INFO - [2023-06-04T00:37:58.847+0000] {taskmixin.py:211} WARNING - Dependency <Task(_PythonDecoratedOperator): log_sql_query>, print_the_context already registered for DAG: example_python_operator
[2023-06-04T00:37:58.851+0000] {processor.py:836} INFO - DAG(s) dict_keys(['example_python_operator']) retrieved from /home/airflow/.local/lib/python3.7/site-packages/airflow/example_dags/example_python_operator.py
[2023-06-04T00:37:58.883+0000] {logging_mixin.py:149} INFO - [2023-06-04T00:37:58.882+0000] {dag.py:2726} INFO - Sync 1 DAGs
[2023-06-04T00:37:58.911+0000] {logging_mixin.py:149} INFO - [2023-06-04T00:37:58.911+0000] {dag.py:3490} INFO - Setting next_dagrun for example_python_operator to None, run_after=None
[2023-06-04T00:37:58.936+0000] {processor.py:179} INFO - Processing /home/airflow/.local/lib/python3.7/site-packages/airflow/example_dags/example_python_operator.py took 0.112 seconds
[2023-06-04T00:38:29.498+0000] {processor.py:157} INFO - Started process (PID=20152) to work on /home/airflow/.local/lib/python3.7/site-packages/airflow/example_dags/example_python_operator.py
[2023-06-04T00:38:29.500+0000] {processor.py:826} INFO - Processing file /home/airflow/.local/lib/python3.7/site-packages/airflow/example_dags/example_python_operator.py for tasks to queue
[2023-06-04T00:38:29.501+0000] {logging_mixin.py:149} INFO - [2023-06-04T00:38:29.501+0000] {dagbag.py:541} INFO - Filling up the DagBag from /home/airflow/.local/lib/python3.7/site-packages/airflow/example_dags/example_python_operator.py
[2023-06-04T00:38:29.510+0000] {logging_mixin.py:149} INFO - [2023-06-04T00:38:29.509+0000] {taskmixin.py:211} WARNING - Dependency <Task(_PythonDecoratedOperator): print_the_context>, log_sql_query already registered for DAG: example_python_operator
[2023-06-04T00:38:29.511+0000] {logging_mixin.py:149} INFO - [2023-06-04T00:38:29.511+0000] {taskmixin.py:211} WARNING - Dependency <Task(_PythonDecoratedOperator): log_sql_query>, print_the_context already registered for DAG: example_python_operator
[2023-06-04T00:38:29.513+0000] {logging_mixin.py:149} INFO - [2023-06-04T00:38:29.512+0000] {taskmixin.py:211} WARNING - Dependency <Task(_PythonDecoratedOperator): print_the_context>, log_sql_query already registered for DAG: example_python_operator
[2023-06-04T00:38:29.514+0000] {logging_mixin.py:149} INFO - [2023-06-04T00:38:29.513+0000] {taskmixin.py:211} WARNING - Dependency <Task(_PythonDecoratedOperator): log_sql_query>, print_the_context already registered for DAG: example_python_operator
[2023-06-04T00:38:29.515+0000] {logging_mixin.py:149} INFO - [2023-06-04T00:38:29.515+0000] {taskmixin.py:211} WARNING - Dependency <Task(_PythonDecoratedOperator): print_the_context>, log_sql_query already registered for DAG: example_python_operator
[2023-06-04T00:38:29.517+0000] {logging_mixin.py:149} INFO - [2023-06-04T00:38:29.516+0000] {taskmixin.py:211} WARNING - Dependency <Task(_PythonDecoratedOperator): log_sql_query>, print_the_context already registered for DAG: example_python_operator
[2023-06-04T00:38:29.519+0000] {logging_mixin.py:149} INFO - [2023-06-04T00:38:29.518+0000] {taskmixin.py:211} WARNING - Dependency <Task(_PythonDecoratedOperator): print_the_context>, log_sql_query already registered for DAG: example_python_operator
[2023-06-04T00:38:29.520+0000] {logging_mixin.py:149} INFO - [2023-06-04T00:38:29.519+0000] {taskmixin.py:211} WARNING - Dependency <Task(_PythonDecoratedOperator): log_sql_query>, print_the_context already registered for DAG: example_python_operator
[2023-06-04T00:38:29.524+0000] {processor.py:836} INFO - DAG(s) dict_keys(['example_python_operator']) retrieved from /home/airflow/.local/lib/python3.7/site-packages/airflow/example_dags/example_python_operator.py
[2023-06-04T00:38:29.557+0000] {logging_mixin.py:149} INFO - [2023-06-04T00:38:29.557+0000] {dag.py:2726} INFO - Sync 1 DAGs
[2023-06-04T00:38:29.586+0000] {logging_mixin.py:149} INFO - [2023-06-04T00:38:29.586+0000] {dag.py:3490} INFO - Setting next_dagrun for example_python_operator to None, run_after=None
[2023-06-04T00:38:29.613+0000] {processor.py:179} INFO - Processing /home/airflow/.local/lib/python3.7/site-packages/airflow/example_dags/example_python_operator.py took 0.119 seconds
[2023-06-04T00:39:00.230+0000] {processor.py:157} INFO - Started process (PID=20404) to work on /home/airflow/.local/lib/python3.7/site-packages/airflow/example_dags/example_python_operator.py
[2023-06-04T00:39:00.232+0000] {processor.py:826} INFO - Processing file /home/airflow/.local/lib/python3.7/site-packages/airflow/example_dags/example_python_operator.py for tasks to queue
[2023-06-04T00:39:00.233+0000] {logging_mixin.py:149} INFO - [2023-06-04T00:39:00.233+0000] {dagbag.py:541} INFO - Filling up the DagBag from /home/airflow/.local/lib/python3.7/site-packages/airflow/example_dags/example_python_operator.py
[2023-06-04T00:39:00.242+0000] {logging_mixin.py:149} INFO - [2023-06-04T00:39:00.242+0000] {taskmixin.py:211} WARNING - Dependency <Task(_PythonDecoratedOperator): print_the_context>, log_sql_query already registered for DAG: example_python_operator
[2023-06-04T00:39:00.244+0000] {logging_mixin.py:149} INFO - [2023-06-04T00:39:00.244+0000] {taskmixin.py:211} WARNING - Dependency <Task(_PythonDecoratedOperator): log_sql_query>, print_the_context already registered for DAG: example_python_operator
[2023-06-04T00:39:00.246+0000] {logging_mixin.py:149} INFO - [2023-06-04T00:39:00.245+0000] {taskmixin.py:211} WARNING - Dependency <Task(_PythonDecoratedOperator): print_the_context>, log_sql_query already registered for DAG: example_python_operator
[2023-06-04T00:39:00.247+0000] {logging_mixin.py:149} INFO - [2023-06-04T00:39:00.247+0000] {taskmixin.py:211} WARNING - Dependency <Task(_PythonDecoratedOperator): log_sql_query>, print_the_context already registered for DAG: example_python_operator
[2023-06-04T00:39:00.249+0000] {logging_mixin.py:149} INFO - [2023-06-04T00:39:00.248+0000] {taskmixin.py:211} WARNING - Dependency <Task(_PythonDecoratedOperator): print_the_context>, log_sql_query already registered for DAG: example_python_operator
[2023-06-04T00:39:00.250+0000] {logging_mixin.py:149} INFO - [2023-06-04T00:39:00.250+0000] {taskmixin.py:211} WARNING - Dependency <Task(_PythonDecoratedOperator): log_sql_query>, print_the_context already registered for DAG: example_python_operator
[2023-06-04T00:39:00.252+0000] {logging_mixin.py:149} INFO - [2023-06-04T00:39:00.252+0000] {taskmixin.py:211} WARNING - Dependency <Task(_PythonDecoratedOperator): print_the_context>, log_sql_query already registered for DAG: example_python_operator
[2023-06-04T00:39:00.253+0000] {logging_mixin.py:149} INFO - [2023-06-04T00:39:00.253+0000] {taskmixin.py:211} WARNING - Dependency <Task(_PythonDecoratedOperator): log_sql_query>, print_the_context already registered for DAG: example_python_operator
[2023-06-04T00:39:00.257+0000] {processor.py:836} INFO - DAG(s) dict_keys(['example_python_operator']) retrieved from /home/airflow/.local/lib/python3.7/site-packages/airflow/example_dags/example_python_operator.py
[2023-06-04T00:39:00.290+0000] {logging_mixin.py:149} INFO - [2023-06-04T00:39:00.289+0000] {dag.py:2726} INFO - Sync 1 DAGs
[2023-06-04T00:39:00.318+0000] {logging_mixin.py:149} INFO - [2023-06-04T00:39:00.318+0000] {dag.py:3490} INFO - Setting next_dagrun for example_python_operator to None, run_after=None
[2023-06-04T00:39:00.344+0000] {processor.py:179} INFO - Processing /home/airflow/.local/lib/python3.7/site-packages/airflow/example_dags/example_python_operator.py took 0.117 seconds
[2023-06-04T00:39:30.871+0000] {processor.py:157} INFO - Started process (PID=20656) to work on /home/airflow/.local/lib/python3.7/site-packages/airflow/example_dags/example_python_operator.py
[2023-06-04T00:39:30.873+0000] {processor.py:826} INFO - Processing file /home/airflow/.local/lib/python3.7/site-packages/airflow/example_dags/example_python_operator.py for tasks to queue
[2023-06-04T00:39:30.874+0000] {logging_mixin.py:149} INFO - [2023-06-04T00:39:30.874+0000] {dagbag.py:541} INFO - Filling up the DagBag from /home/airflow/.local/lib/python3.7/site-packages/airflow/example_dags/example_python_operator.py
[2023-06-04T00:39:30.882+0000] {logging_mixin.py:149} INFO - [2023-06-04T00:39:30.882+0000] {taskmixin.py:211} WARNING - Dependency <Task(_PythonDecoratedOperator): print_the_context>, log_sql_query already registered for DAG: example_python_operator
[2023-06-04T00:39:30.883+0000] {logging_mixin.py:149} INFO - [2023-06-04T00:39:30.883+0000] {taskmixin.py:211} WARNING - Dependency <Task(_PythonDecoratedOperator): log_sql_query>, print_the_context already registered for DAG: example_python_operator
[2023-06-04T00:39:30.884+0000] {logging_mixin.py:149} INFO - [2023-06-04T00:39:30.884+0000] {taskmixin.py:211} WARNING - Dependency <Task(_PythonDecoratedOperator): print_the_context>, log_sql_query already registered for DAG: example_python_operator
[2023-06-04T00:39:30.885+0000] {logging_mixin.py:149} INFO - [2023-06-04T00:39:30.885+0000] {taskmixin.py:211} WARNING - Dependency <Task(_PythonDecoratedOperator): log_sql_query>, print_the_context already registered for DAG: example_python_operator
[2023-06-04T00:39:30.887+0000] {logging_mixin.py:149} INFO - [2023-06-04T00:39:30.887+0000] {taskmixin.py:211} WARNING - Dependency <Task(_PythonDecoratedOperator): print_the_context>, log_sql_query already registered for DAG: example_python_operator
[2023-06-04T00:39:30.888+0000] {logging_mixin.py:149} INFO - [2023-06-04T00:39:30.888+0000] {taskmixin.py:211} WARNING - Dependency <Task(_PythonDecoratedOperator): log_sql_query>, print_the_context already registered for DAG: example_python_operator
[2023-06-04T00:39:30.889+0000] {logging_mixin.py:149} INFO - [2023-06-04T00:39:30.889+0000] {taskmixin.py:211} WARNING - Dependency <Task(_PythonDecoratedOperator): print_the_context>, log_sql_query already registered for DAG: example_python_operator
[2023-06-04T00:39:30.890+0000] {logging_mixin.py:149} INFO - [2023-06-04T00:39:30.890+0000] {taskmixin.py:211} WARNING - Dependency <Task(_PythonDecoratedOperator): log_sql_query>, print_the_context already registered for DAG: example_python_operator
[2023-06-04T00:39:30.894+0000] {processor.py:836} INFO - DAG(s) dict_keys(['example_python_operator']) retrieved from /home/airflow/.local/lib/python3.7/site-packages/airflow/example_dags/example_python_operator.py
[2023-06-04T00:39:30.924+0000] {logging_mixin.py:149} INFO - [2023-06-04T00:39:30.924+0000] {dag.py:2726} INFO - Sync 1 DAGs
[2023-06-04T00:39:30.965+0000] {logging_mixin.py:149} INFO - [2023-06-04T00:39:30.964+0000] {dag.py:3490} INFO - Setting next_dagrun for example_python_operator to None, run_after=None
[2023-06-04T00:39:31.009+0000] {processor.py:179} INFO - Processing /home/airflow/.local/lib/python3.7/site-packages/airflow/example_dags/example_python_operator.py took 0.141 seconds
[2023-06-04T00:40:01.214+0000] {processor.py:157} INFO - Started process (PID=20908) to work on /home/airflow/.local/lib/python3.7/site-packages/airflow/example_dags/example_python_operator.py
[2023-06-04T00:40:01.215+0000] {processor.py:826} INFO - Processing file /home/airflow/.local/lib/python3.7/site-packages/airflow/example_dags/example_python_operator.py for tasks to queue
[2023-06-04T00:40:01.217+0000] {logging_mixin.py:149} INFO - [2023-06-04T00:40:01.217+0000] {dagbag.py:541} INFO - Filling up the DagBag from /home/airflow/.local/lib/python3.7/site-packages/airflow/example_dags/example_python_operator.py
[2023-06-04T00:40:01.226+0000] {logging_mixin.py:149} INFO - [2023-06-04T00:40:01.226+0000] {taskmixin.py:211} WARNING - Dependency <Task(_PythonDecoratedOperator): print_the_context>, log_sql_query already registered for DAG: example_python_operator
[2023-06-04T00:40:01.228+0000] {logging_mixin.py:149} INFO - [2023-06-04T00:40:01.227+0000] {taskmixin.py:211} WARNING - Dependency <Task(_PythonDecoratedOperator): log_sql_query>, print_the_context already registered for DAG: example_python_operator
[2023-06-04T00:40:01.229+0000] {logging_mixin.py:149} INFO - [2023-06-04T00:40:01.229+0000] {taskmixin.py:211} WARNING - Dependency <Task(_PythonDecoratedOperator): print_the_context>, log_sql_query already registered for DAG: example_python_operator
[2023-06-04T00:40:01.230+0000] {logging_mixin.py:149} INFO - [2023-06-04T00:40:01.230+0000] {taskmixin.py:211} WARNING - Dependency <Task(_PythonDecoratedOperator): log_sql_query>, print_the_context already registered for DAG: example_python_operator
[2023-06-04T00:40:01.232+0000] {logging_mixin.py:149} INFO - [2023-06-04T00:40:01.232+0000] {taskmixin.py:211} WARNING - Dependency <Task(_PythonDecoratedOperator): print_the_context>, log_sql_query already registered for DAG: example_python_operator
[2023-06-04T00:40:01.233+0000] {logging_mixin.py:149} INFO - [2023-06-04T00:40:01.233+0000] {taskmixin.py:211} WARNING - Dependency <Task(_PythonDecoratedOperator): log_sql_query>, print_the_context already registered for DAG: example_python_operator
[2023-06-04T00:40:01.234+0000] {logging_mixin.py:149} INFO - [2023-06-04T00:40:01.234+0000] {taskmixin.py:211} WARNING - Dependency <Task(_PythonDecoratedOperator): print_the_context>, log_sql_query already registered for DAG: example_python_operator
[2023-06-04T00:40:01.235+0000] {logging_mixin.py:149} INFO - [2023-06-04T00:40:01.235+0000] {taskmixin.py:211} WARNING - Dependency <Task(_PythonDecoratedOperator): log_sql_query>, print_the_context already registered for DAG: example_python_operator
[2023-06-04T00:40:01.239+0000] {processor.py:836} INFO - DAG(s) dict_keys(['example_python_operator']) retrieved from /home/airflow/.local/lib/python3.7/site-packages/airflow/example_dags/example_python_operator.py
[2023-06-04T00:40:01.272+0000] {logging_mixin.py:149} INFO - [2023-06-04T00:40:01.272+0000] {dag.py:2726} INFO - Sync 1 DAGs
[2023-06-04T00:40:01.302+0000] {logging_mixin.py:149} INFO - [2023-06-04T00:40:01.302+0000] {dag.py:3490} INFO - Setting next_dagrun for example_python_operator to None, run_after=None
[2023-06-04T00:40:01.330+0000] {processor.py:179} INFO - Processing /home/airflow/.local/lib/python3.7/site-packages/airflow/example_dags/example_python_operator.py took 0.120 seconds
[2023-06-04T00:40:31.590+0000] {processor.py:157} INFO - Started process (PID=21160) to work on /home/airflow/.local/lib/python3.7/site-packages/airflow/example_dags/example_python_operator.py
[2023-06-04T00:40:31.592+0000] {processor.py:826} INFO - Processing file /home/airflow/.local/lib/python3.7/site-packages/airflow/example_dags/example_python_operator.py for tasks to queue
[2023-06-04T00:40:31.593+0000] {logging_mixin.py:149} INFO - [2023-06-04T00:40:31.593+0000] {dagbag.py:541} INFO - Filling up the DagBag from /home/airflow/.local/lib/python3.7/site-packages/airflow/example_dags/example_python_operator.py
[2023-06-04T00:40:31.602+0000] {logging_mixin.py:149} INFO - [2023-06-04T00:40:31.602+0000] {taskmixin.py:211} WARNING - Dependency <Task(_PythonDecoratedOperator): print_the_context>, log_sql_query already registered for DAG: example_python_operator
[2023-06-04T00:40:31.603+0000] {logging_mixin.py:149} INFO - [2023-06-04T00:40:31.603+0000] {taskmixin.py:211} WARNING - Dependency <Task(_PythonDecoratedOperator): log_sql_query>, print_the_context already registered for DAG: example_python_operator
[2023-06-04T00:40:31.605+0000] {logging_mixin.py:149} INFO - [2023-06-04T00:40:31.604+0000] {taskmixin.py:211} WARNING - Dependency <Task(_PythonDecoratedOperator): print_the_context>, log_sql_query already registered for DAG: example_python_operator
[2023-06-04T00:40:31.606+0000] {logging_mixin.py:149} INFO - [2023-06-04T00:40:31.606+0000] {taskmixin.py:211} WARNING - Dependency <Task(_PythonDecoratedOperator): log_sql_query>, print_the_context already registered for DAG: example_python_operator
[2023-06-04T00:40:31.608+0000] {logging_mixin.py:149} INFO - [2023-06-04T00:40:31.607+0000] {taskmixin.py:211} WARNING - Dependency <Task(_PythonDecoratedOperator): print_the_context>, log_sql_query already registered for DAG: example_python_operator
[2023-06-04T00:40:31.608+0000] {logging_mixin.py:149} INFO - [2023-06-04T00:40:31.608+0000] {taskmixin.py:211} WARNING - Dependency <Task(_PythonDecoratedOperator): log_sql_query>, print_the_context already registered for DAG: example_python_operator
[2023-06-04T00:40:31.610+0000] {logging_mixin.py:149} INFO - [2023-06-04T00:40:31.610+0000] {taskmixin.py:211} WARNING - Dependency <Task(_PythonDecoratedOperator): print_the_context>, log_sql_query already registered for DAG: example_python_operator
[2023-06-04T00:40:31.611+0000] {logging_mixin.py:149} INFO - [2023-06-04T00:40:31.611+0000] {taskmixin.py:211} WARNING - Dependency <Task(_PythonDecoratedOperator): log_sql_query>, print_the_context already registered for DAG: example_python_operator
[2023-06-04T00:40:31.615+0000] {processor.py:836} INFO - DAG(s) dict_keys(['example_python_operator']) retrieved from /home/airflow/.local/lib/python3.7/site-packages/airflow/example_dags/example_python_operator.py
[2023-06-04T00:40:31.652+0000] {logging_mixin.py:149} INFO - [2023-06-04T00:40:31.651+0000] {dag.py:2726} INFO - Sync 1 DAGs
[2023-06-04T00:40:31.683+0000] {logging_mixin.py:149} INFO - [2023-06-04T00:40:31.683+0000] {dag.py:3490} INFO - Setting next_dagrun for example_python_operator to None, run_after=None
[2023-06-04T00:40:31.709+0000] {processor.py:179} INFO - Processing /home/airflow/.local/lib/python3.7/site-packages/airflow/example_dags/example_python_operator.py took 0.123 seconds
[2023-06-04T00:41:02.038+0000] {processor.py:157} INFO - Started process (PID=21412) to work on /home/airflow/.local/lib/python3.7/site-packages/airflow/example_dags/example_python_operator.py
[2023-06-04T00:41:02.040+0000] {processor.py:826} INFO - Processing file /home/airflow/.local/lib/python3.7/site-packages/airflow/example_dags/example_python_operator.py for tasks to queue
[2023-06-04T00:41:02.042+0000] {logging_mixin.py:149} INFO - [2023-06-04T00:41:02.041+0000] {dagbag.py:541} INFO - Filling up the DagBag from /home/airflow/.local/lib/python3.7/site-packages/airflow/example_dags/example_python_operator.py
[2023-06-04T00:41:02.050+0000] {logging_mixin.py:149} INFO - [2023-06-04T00:41:02.050+0000] {taskmixin.py:211} WARNING - Dependency <Task(_PythonDecoratedOperator): print_the_context>, log_sql_query already registered for DAG: example_python_operator
[2023-06-04T00:41:02.052+0000] {logging_mixin.py:149} INFO - [2023-06-04T00:41:02.051+0000] {taskmixin.py:211} WARNING - Dependency <Task(_PythonDecoratedOperator): log_sql_query>, print_the_context already registered for DAG: example_python_operator
[2023-06-04T00:41:02.054+0000] {logging_mixin.py:149} INFO - [2023-06-04T00:41:02.054+0000] {taskmixin.py:211} WARNING - Dependency <Task(_PythonDecoratedOperator): print_the_context>, log_sql_query already registered for DAG: example_python_operator
[2023-06-04T00:41:02.055+0000] {logging_mixin.py:149} INFO - [2023-06-04T00:41:02.055+0000] {taskmixin.py:211} WARNING - Dependency <Task(_PythonDecoratedOperator): log_sql_query>, print_the_context already registered for DAG: example_python_operator
[2023-06-04T00:41:02.057+0000] {logging_mixin.py:149} INFO - [2023-06-04T00:41:02.057+0000] {taskmixin.py:211} WARNING - Dependency <Task(_PythonDecoratedOperator): print_the_context>, log_sql_query already registered for DAG: example_python_operator
[2023-06-04T00:41:02.059+0000] {logging_mixin.py:149} INFO - [2023-06-04T00:41:02.059+0000] {taskmixin.py:211} WARNING - Dependency <Task(_PythonDecoratedOperator): log_sql_query>, print_the_context already registered for DAG: example_python_operator
[2023-06-04T00:41:02.061+0000] {logging_mixin.py:149} INFO - [2023-06-04T00:41:02.061+0000] {taskmixin.py:211} WARNING - Dependency <Task(_PythonDecoratedOperator): print_the_context>, log_sql_query already registered for DAG: example_python_operator
[2023-06-04T00:41:02.062+0000] {logging_mixin.py:149} INFO - [2023-06-04T00:41:02.062+0000] {taskmixin.py:211} WARNING - Dependency <Task(_PythonDecoratedOperator): log_sql_query>, print_the_context already registered for DAG: example_python_operator
[2023-06-04T00:41:02.066+0000] {processor.py:836} INFO - DAG(s) dict_keys(['example_python_operator']) retrieved from /home/airflow/.local/lib/python3.7/site-packages/airflow/example_dags/example_python_operator.py
[2023-06-04T00:41:02.104+0000] {logging_mixin.py:149} INFO - [2023-06-04T00:41:02.104+0000] {dag.py:2726} INFO - Sync 1 DAGs
[2023-06-04T00:41:02.138+0000] {logging_mixin.py:149} INFO - [2023-06-04T00:41:02.138+0000] {dag.py:3490} INFO - Setting next_dagrun for example_python_operator to None, run_after=None
[2023-06-04T00:41:02.165+0000] {processor.py:179} INFO - Processing /home/airflow/.local/lib/python3.7/site-packages/airflow/example_dags/example_python_operator.py took 0.131 seconds
[2023-06-04T00:41:32.781+0000] {processor.py:157} INFO - Started process (PID=21666) to work on /home/airflow/.local/lib/python3.7/site-packages/airflow/example_dags/example_python_operator.py
[2023-06-04T00:41:32.783+0000] {processor.py:826} INFO - Processing file /home/airflow/.local/lib/python3.7/site-packages/airflow/example_dags/example_python_operator.py for tasks to queue
[2023-06-04T00:41:32.785+0000] {logging_mixin.py:149} INFO - [2023-06-04T00:41:32.784+0000] {dagbag.py:541} INFO - Filling up the DagBag from /home/airflow/.local/lib/python3.7/site-packages/airflow/example_dags/example_python_operator.py
[2023-06-04T00:41:32.794+0000] {logging_mixin.py:149} INFO - [2023-06-04T00:41:32.794+0000] {taskmixin.py:211} WARNING - Dependency <Task(_PythonDecoratedOperator): print_the_context>, log_sql_query already registered for DAG: example_python_operator
[2023-06-04T00:41:32.795+0000] {logging_mixin.py:149} INFO - [2023-06-04T00:41:32.795+0000] {taskmixin.py:211} WARNING - Dependency <Task(_PythonDecoratedOperator): log_sql_query>, print_the_context already registered for DAG: example_python_operator
[2023-06-04T00:41:32.797+0000] {logging_mixin.py:149} INFO - [2023-06-04T00:41:32.797+0000] {taskmixin.py:211} WARNING - Dependency <Task(_PythonDecoratedOperator): print_the_context>, log_sql_query already registered for DAG: example_python_operator
[2023-06-04T00:41:32.798+0000] {logging_mixin.py:149} INFO - [2023-06-04T00:41:32.798+0000] {taskmixin.py:211} WARNING - Dependency <Task(_PythonDecoratedOperator): log_sql_query>, print_the_context already registered for DAG: example_python_operator
[2023-06-04T00:41:32.800+0000] {logging_mixin.py:149} INFO - [2023-06-04T00:41:32.799+0000] {taskmixin.py:211} WARNING - Dependency <Task(_PythonDecoratedOperator): print_the_context>, log_sql_query already registered for DAG: example_python_operator
[2023-06-04T00:41:32.801+0000] {logging_mixin.py:149} INFO - [2023-06-04T00:41:32.801+0000] {taskmixin.py:211} WARNING - Dependency <Task(_PythonDecoratedOperator): log_sql_query>, print_the_context already registered for DAG: example_python_operator
[2023-06-04T00:41:32.803+0000] {logging_mixin.py:149} INFO - [2023-06-04T00:41:32.803+0000] {taskmixin.py:211} WARNING - Dependency <Task(_PythonDecoratedOperator): print_the_context>, log_sql_query already registered for DAG: example_python_operator
[2023-06-04T00:41:32.804+0000] {logging_mixin.py:149} INFO - [2023-06-04T00:41:32.804+0000] {taskmixin.py:211} WARNING - Dependency <Task(_PythonDecoratedOperator): log_sql_query>, print_the_context already registered for DAG: example_python_operator
[2023-06-04T00:41:32.809+0000] {processor.py:836} INFO - DAG(s) dict_keys(['example_python_operator']) retrieved from /home/airflow/.local/lib/python3.7/site-packages/airflow/example_dags/example_python_operator.py
[2023-06-04T00:41:32.846+0000] {logging_mixin.py:149} INFO - [2023-06-04T00:41:32.846+0000] {dag.py:2726} INFO - Sync 1 DAGs
[2023-06-04T00:41:32.876+0000] {logging_mixin.py:149} INFO - [2023-06-04T00:41:32.876+0000] {dag.py:3490} INFO - Setting next_dagrun for example_python_operator to None, run_after=None
[2023-06-04T00:41:32.904+0000] {processor.py:179} INFO - Processing /home/airflow/.local/lib/python3.7/site-packages/airflow/example_dags/example_python_operator.py took 0.127 seconds
[2023-06-04T00:42:03.019+0000] {processor.py:157} INFO - Started process (PID=21916) to work on /home/airflow/.local/lib/python3.7/site-packages/airflow/example_dags/example_python_operator.py
[2023-06-04T00:42:03.021+0000] {processor.py:826} INFO - Processing file /home/airflow/.local/lib/python3.7/site-packages/airflow/example_dags/example_python_operator.py for tasks to queue
[2023-06-04T00:42:03.022+0000] {logging_mixin.py:149} INFO - [2023-06-04T00:42:03.022+0000] {dagbag.py:541} INFO - Filling up the DagBag from /home/airflow/.local/lib/python3.7/site-packages/airflow/example_dags/example_python_operator.py
[2023-06-04T00:42:03.035+0000] {logging_mixin.py:149} INFO - [2023-06-04T00:42:03.034+0000] {taskmixin.py:211} WARNING - Dependency <Task(_PythonDecoratedOperator): print_the_context>, log_sql_query already registered for DAG: example_python_operator
[2023-06-04T00:42:03.036+0000] {logging_mixin.py:149} INFO - [2023-06-04T00:42:03.036+0000] {taskmixin.py:211} WARNING - Dependency <Task(_PythonDecoratedOperator): log_sql_query>, print_the_context already registered for DAG: example_python_operator
[2023-06-04T00:42:03.038+0000] {logging_mixin.py:149} INFO - [2023-06-04T00:42:03.037+0000] {taskmixin.py:211} WARNING - Dependency <Task(_PythonDecoratedOperator): print_the_context>, log_sql_query already registered for DAG: example_python_operator
[2023-06-04T00:42:03.039+0000] {logging_mixin.py:149} INFO - [2023-06-04T00:42:03.039+0000] {taskmixin.py:211} WARNING - Dependency <Task(_PythonDecoratedOperator): log_sql_query>, print_the_context already registered for DAG: example_python_operator
[2023-06-04T00:42:03.041+0000] {logging_mixin.py:149} INFO - [2023-06-04T00:42:03.040+0000] {taskmixin.py:211} WARNING - Dependency <Task(_PythonDecoratedOperator): print_the_context>, log_sql_query already registered for DAG: example_python_operator
[2023-06-04T00:42:03.042+0000] {logging_mixin.py:149} INFO - [2023-06-04T00:42:03.042+0000] {taskmixin.py:211} WARNING - Dependency <Task(_PythonDecoratedOperator): log_sql_query>, print_the_context already registered for DAG: example_python_operator
[2023-06-04T00:42:03.044+0000] {logging_mixin.py:149} INFO - [2023-06-04T00:42:03.044+0000] {taskmixin.py:211} WARNING - Dependency <Task(_PythonDecoratedOperator): print_the_context>, log_sql_query already registered for DAG: example_python_operator
[2023-06-04T00:42:03.045+0000] {logging_mixin.py:149} INFO - [2023-06-04T00:42:03.045+0000] {taskmixin.py:211} WARNING - Dependency <Task(_PythonDecoratedOperator): log_sql_query>, print_the_context already registered for DAG: example_python_operator
[2023-06-04T00:42:03.050+0000] {processor.py:836} INFO - DAG(s) dict_keys(['example_python_operator']) retrieved from /home/airflow/.local/lib/python3.7/site-packages/airflow/example_dags/example_python_operator.py
[2023-06-04T00:42:03.094+0000] {logging_mixin.py:149} INFO - [2023-06-04T00:42:03.094+0000] {dag.py:2726} INFO - Sync 1 DAGs
[2023-06-04T00:42:03.132+0000] {logging_mixin.py:149} INFO - [2023-06-04T00:42:03.132+0000] {dag.py:3490} INFO - Setting next_dagrun for example_python_operator to None, run_after=None
[2023-06-04T00:42:03.165+0000] {processor.py:179} INFO - Processing /home/airflow/.local/lib/python3.7/site-packages/airflow/example_dags/example_python_operator.py took 0.150 seconds
[2023-06-04T00:42:33.730+0000] {processor.py:157} INFO - Started process (PID=22168) to work on /home/airflow/.local/lib/python3.7/site-packages/airflow/example_dags/example_python_operator.py
[2023-06-04T00:42:33.732+0000] {processor.py:826} INFO - Processing file /home/airflow/.local/lib/python3.7/site-packages/airflow/example_dags/example_python_operator.py for tasks to queue
[2023-06-04T00:42:33.733+0000] {logging_mixin.py:149} INFO - [2023-06-04T00:42:33.733+0000] {dagbag.py:541} INFO - Filling up the DagBag from /home/airflow/.local/lib/python3.7/site-packages/airflow/example_dags/example_python_operator.py
[2023-06-04T00:42:33.741+0000] {logging_mixin.py:149} INFO - [2023-06-04T00:42:33.741+0000] {taskmixin.py:211} WARNING - Dependency <Task(_PythonDecoratedOperator): print_the_context>, log_sql_query already registered for DAG: example_python_operator
[2023-06-04T00:42:33.742+0000] {logging_mixin.py:149} INFO - [2023-06-04T00:42:33.742+0000] {taskmixin.py:211} WARNING - Dependency <Task(_PythonDecoratedOperator): log_sql_query>, print_the_context already registered for DAG: example_python_operator
[2023-06-04T00:42:33.744+0000] {logging_mixin.py:149} INFO - [2023-06-04T00:42:33.744+0000] {taskmixin.py:211} WARNING - Dependency <Task(_PythonDecoratedOperator): print_the_context>, log_sql_query already registered for DAG: example_python_operator
[2023-06-04T00:42:33.745+0000] {logging_mixin.py:149} INFO - [2023-06-04T00:42:33.745+0000] {taskmixin.py:211} WARNING - Dependency <Task(_PythonDecoratedOperator): log_sql_query>, print_the_context already registered for DAG: example_python_operator
[2023-06-04T00:42:33.747+0000] {logging_mixin.py:149} INFO - [2023-06-04T00:42:33.747+0000] {taskmixin.py:211} WARNING - Dependency <Task(_PythonDecoratedOperator): print_the_context>, log_sql_query already registered for DAG: example_python_operator
[2023-06-04T00:42:33.748+0000] {logging_mixin.py:149} INFO - [2023-06-04T00:42:33.748+0000] {taskmixin.py:211} WARNING - Dependency <Task(_PythonDecoratedOperator): log_sql_query>, print_the_context already registered for DAG: example_python_operator
[2023-06-04T00:42:33.750+0000] {logging_mixin.py:149} INFO - [2023-06-04T00:42:33.750+0000] {taskmixin.py:211} WARNING - Dependency <Task(_PythonDecoratedOperator): print_the_context>, log_sql_query already registered for DAG: example_python_operator
[2023-06-04T00:42:33.751+0000] {logging_mixin.py:149} INFO - [2023-06-04T00:42:33.751+0000] {taskmixin.py:211} WARNING - Dependency <Task(_PythonDecoratedOperator): log_sql_query>, print_the_context already registered for DAG: example_python_operator
[2023-06-04T00:42:33.755+0000] {processor.py:836} INFO - DAG(s) dict_keys(['example_python_operator']) retrieved from /home/airflow/.local/lib/python3.7/site-packages/airflow/example_dags/example_python_operator.py
[2023-06-04T00:42:33.787+0000] {logging_mixin.py:149} INFO - [2023-06-04T00:42:33.787+0000] {dag.py:2726} INFO - Sync 1 DAGs
[2023-06-04T00:42:33.817+0000] {logging_mixin.py:149} INFO - [2023-06-04T00:42:33.817+0000] {dag.py:3490} INFO - Setting next_dagrun for example_python_operator to None, run_after=None
[2023-06-04T00:42:33.842+0000] {processor.py:179} INFO - Processing /home/airflow/.local/lib/python3.7/site-packages/airflow/example_dags/example_python_operator.py took 0.116 seconds
[2023-06-04T00:43:04.591+0000] {processor.py:157} INFO - Started process (PID=22422) to work on /home/airflow/.local/lib/python3.7/site-packages/airflow/example_dags/example_python_operator.py
[2023-06-04T00:43:04.593+0000] {processor.py:826} INFO - Processing file /home/airflow/.local/lib/python3.7/site-packages/airflow/example_dags/example_python_operator.py for tasks to queue
[2023-06-04T00:43:04.595+0000] {logging_mixin.py:149} INFO - [2023-06-04T00:43:04.595+0000] {dagbag.py:541} INFO - Filling up the DagBag from /home/airflow/.local/lib/python3.7/site-packages/airflow/example_dags/example_python_operator.py
[2023-06-04T00:43:04.604+0000] {logging_mixin.py:149} INFO - [2023-06-04T00:43:04.603+0000] {taskmixin.py:211} WARNING - Dependency <Task(_PythonDecoratedOperator): print_the_context>, log_sql_query already registered for DAG: example_python_operator
[2023-06-04T00:43:04.605+0000] {logging_mixin.py:149} INFO - [2023-06-04T00:43:04.605+0000] {taskmixin.py:211} WARNING - Dependency <Task(_PythonDecoratedOperator): log_sql_query>, print_the_context already registered for DAG: example_python_operator
[2023-06-04T00:43:04.607+0000] {logging_mixin.py:149} INFO - [2023-06-04T00:43:04.607+0000] {taskmixin.py:211} WARNING - Dependency <Task(_PythonDecoratedOperator): print_the_context>, log_sql_query already registered for DAG: example_python_operator
[2023-06-04T00:43:04.608+0000] {logging_mixin.py:149} INFO - [2023-06-04T00:43:04.608+0000] {taskmixin.py:211} WARNING - Dependency <Task(_PythonDecoratedOperator): log_sql_query>, print_the_context already registered for DAG: example_python_operator
[2023-06-04T00:43:04.609+0000] {logging_mixin.py:149} INFO - [2023-06-04T00:43:04.609+0000] {taskmixin.py:211} WARNING - Dependency <Task(_PythonDecoratedOperator): print_the_context>, log_sql_query already registered for DAG: example_python_operator
[2023-06-04T00:43:04.610+0000] {logging_mixin.py:149} INFO - [2023-06-04T00:43:04.610+0000] {taskmixin.py:211} WARNING - Dependency <Task(_PythonDecoratedOperator): log_sql_query>, print_the_context already registered for DAG: example_python_operator
[2023-06-04T00:43:04.612+0000] {logging_mixin.py:149} INFO - [2023-06-04T00:43:04.612+0000] {taskmixin.py:211} WARNING - Dependency <Task(_PythonDecoratedOperator): print_the_context>, log_sql_query already registered for DAG: example_python_operator
[2023-06-04T00:43:04.613+0000] {logging_mixin.py:149} INFO - [2023-06-04T00:43:04.613+0000] {taskmixin.py:211} WARNING - Dependency <Task(_PythonDecoratedOperator): log_sql_query>, print_the_context already registered for DAG: example_python_operator
[2023-06-04T00:43:04.618+0000] {processor.py:836} INFO - DAG(s) dict_keys(['example_python_operator']) retrieved from /home/airflow/.local/lib/python3.7/site-packages/airflow/example_dags/example_python_operator.py
[2023-06-04T00:43:04.652+0000] {logging_mixin.py:149} INFO - [2023-06-04T00:43:04.652+0000] {dag.py:2726} INFO - Sync 1 DAGs
[2023-06-04T00:43:04.684+0000] {logging_mixin.py:149} INFO - [2023-06-04T00:43:04.684+0000] {dag.py:3490} INFO - Setting next_dagrun for example_python_operator to None, run_after=None
[2023-06-04T00:43:04.714+0000] {processor.py:179} INFO - Processing /home/airflow/.local/lib/python3.7/site-packages/airflow/example_dags/example_python_operator.py took 0.126 seconds
