[2023-06-04T00:34:26.823+0000] {processor.py:157} INFO - Started process (PID=18144) to work on /home/airflow/.local/lib/python3.7/site-packages/airflow/example_dags/tutorial.py
[2023-06-04T00:34:26.824+0000] {processor.py:826} INFO - Processing file /home/airflow/.local/lib/python3.7/site-packages/airflow/example_dags/tutorial.py for tasks to queue
[2023-06-04T00:34:26.826+0000] {logging_mixin.py:149} INFO - [2023-06-04T00:34:26.826+0000] {dagbag.py:541} INFO - Filling up the DagBag from /home/airflow/.local/lib/python3.7/site-packages/airflow/example_dags/tutorial.py
[2023-06-04T00:34:26.834+0000] {processor.py:836} INFO - DAG(s) dict_keys(['tutorial']) retrieved from /home/airflow/.local/lib/python3.7/site-packages/airflow/example_dags/tutorial.py
[2023-06-04T00:34:26.861+0000] {logging_mixin.py:149} INFO - [2023-06-04T00:34:26.861+0000] {dag.py:2726} INFO - Sync 1 DAGs
[2023-06-04T00:34:26.892+0000] {logging_mixin.py:149} INFO - [2023-06-04T00:34:26.892+0000] {dag.py:3490} INFO - Setting next_dagrun for tutorial to 2023-06-03T00:34:26.891862+00:00, run_after=2023-06-04T00:34:26.891862+00:00
[2023-06-04T00:34:26.918+0000] {processor.py:179} INFO - Processing /home/airflow/.local/lib/python3.7/site-packages/airflow/example_dags/tutorial.py took 0.098 seconds
[2023-06-04T00:34:57.217+0000] {processor.py:157} INFO - Started process (PID=18419) to work on /home/airflow/.local/lib/python3.7/site-packages/airflow/example_dags/tutorial.py
[2023-06-04T00:34:57.219+0000] {processor.py:826} INFO - Processing file /home/airflow/.local/lib/python3.7/site-packages/airflow/example_dags/tutorial.py for tasks to queue
[2023-06-04T00:34:57.222+0000] {logging_mixin.py:149} INFO - [2023-06-04T00:34:57.222+0000] {dagbag.py:541} INFO - Filling up the DagBag from /home/airflow/.local/lib/python3.7/site-packages/airflow/example_dags/tutorial.py
[2023-06-04T00:34:57.230+0000] {processor.py:836} INFO - DAG(s) dict_keys(['tutorial']) retrieved from /home/airflow/.local/lib/python3.7/site-packages/airflow/example_dags/tutorial.py
[2023-06-04T00:34:57.258+0000] {logging_mixin.py:149} INFO - [2023-06-04T00:34:57.258+0000] {dag.py:2726} INFO - Sync 1 DAGs
[2023-06-04T00:34:57.287+0000] {logging_mixin.py:149} INFO - [2023-06-04T00:34:57.287+0000] {dag.py:3490} INFO - Setting next_dagrun for tutorial to 2023-06-03T00:34:57.286823+00:00, run_after=2023-06-04T00:34:57.286823+00:00
[2023-06-04T00:34:57.313+0000] {processor.py:179} INFO - Processing /home/airflow/.local/lib/python3.7/site-packages/airflow/example_dags/tutorial.py took 0.101 seconds
[2023-06-04T00:35:28.269+0000] {processor.py:157} INFO - Started process (PID=18672) to work on /home/airflow/.local/lib/python3.7/site-packages/airflow/example_dags/tutorial.py
[2023-06-04T00:35:28.275+0000] {processor.py:826} INFO - Processing file /home/airflow/.local/lib/python3.7/site-packages/airflow/example_dags/tutorial.py for tasks to queue
[2023-06-04T00:35:28.277+0000] {logging_mixin.py:149} INFO - [2023-06-04T00:35:28.276+0000] {dagbag.py:541} INFO - Filling up the DagBag from /home/airflow/.local/lib/python3.7/site-packages/airflow/example_dags/tutorial.py
[2023-06-04T00:35:28.296+0000] {processor.py:836} INFO - DAG(s) dict_keys(['tutorial']) retrieved from /home/airflow/.local/lib/python3.7/site-packages/airflow/example_dags/tutorial.py
[2023-06-04T00:35:28.351+0000] {logging_mixin.py:149} INFO - [2023-06-04T00:35:28.351+0000] {dag.py:2726} INFO - Sync 1 DAGs
[2023-06-04T00:35:28.405+0000] {logging_mixin.py:149} INFO - [2023-06-04T00:35:28.405+0000] {dag.py:3490} INFO - Setting next_dagrun for tutorial to 2023-06-03T00:35:28.405196+00:00, run_after=2023-06-04T00:35:28.405196+00:00
[2023-06-04T00:35:28.439+0000] {processor.py:179} INFO - Processing /home/airflow/.local/lib/python3.7/site-packages/airflow/example_dags/tutorial.py took 0.175 seconds
[2023-06-04T00:35:58.937+0000] {processor.py:157} INFO - Started process (PID=18924) to work on /home/airflow/.local/lib/python3.7/site-packages/airflow/example_dags/tutorial.py
[2023-06-04T00:35:58.939+0000] {processor.py:826} INFO - Processing file /home/airflow/.local/lib/python3.7/site-packages/airflow/example_dags/tutorial.py for tasks to queue
[2023-06-04T00:35:58.940+0000] {logging_mixin.py:149} INFO - [2023-06-04T00:35:58.940+0000] {dagbag.py:541} INFO - Filling up the DagBag from /home/airflow/.local/lib/python3.7/site-packages/airflow/example_dags/tutorial.py
[2023-06-04T00:35:58.948+0000] {processor.py:836} INFO - DAG(s) dict_keys(['tutorial']) retrieved from /home/airflow/.local/lib/python3.7/site-packages/airflow/example_dags/tutorial.py
[2023-06-04T00:35:58.982+0000] {logging_mixin.py:149} INFO - [2023-06-04T00:35:58.982+0000] {dag.py:2726} INFO - Sync 1 DAGs
[2023-06-04T00:35:59.013+0000] {logging_mixin.py:149} INFO - [2023-06-04T00:35:59.012+0000] {dag.py:3490} INFO - Setting next_dagrun for tutorial to 2023-06-03T00:35:59.012580+00:00, run_after=2023-06-04T00:35:59.012580+00:00
[2023-06-04T00:35:59.042+0000] {processor.py:179} INFO - Processing /home/airflow/.local/lib/python3.7/site-packages/airflow/example_dags/tutorial.py took 0.109 seconds
[2023-06-04T00:36:29.513+0000] {processor.py:157} INFO - Started process (PID=19176) to work on /home/airflow/.local/lib/python3.7/site-packages/airflow/example_dags/tutorial.py
[2023-06-04T00:36:29.515+0000] {processor.py:826} INFO - Processing file /home/airflow/.local/lib/python3.7/site-packages/airflow/example_dags/tutorial.py for tasks to queue
[2023-06-04T00:36:29.516+0000] {logging_mixin.py:149} INFO - [2023-06-04T00:36:29.516+0000] {dagbag.py:541} INFO - Filling up the DagBag from /home/airflow/.local/lib/python3.7/site-packages/airflow/example_dags/tutorial.py
[2023-06-04T00:36:29.524+0000] {processor.py:836} INFO - DAG(s) dict_keys(['tutorial']) retrieved from /home/airflow/.local/lib/python3.7/site-packages/airflow/example_dags/tutorial.py
[2023-06-04T00:36:29.552+0000] {logging_mixin.py:149} INFO - [2023-06-04T00:36:29.552+0000] {dag.py:2726} INFO - Sync 1 DAGs
[2023-06-04T00:36:29.581+0000] {logging_mixin.py:149} INFO - [2023-06-04T00:36:29.581+0000] {dag.py:3490} INFO - Setting next_dagrun for tutorial to 2023-06-03T00:36:29.581116+00:00, run_after=2023-06-04T00:36:29.581116+00:00
[2023-06-04T00:36:29.609+0000] {processor.py:179} INFO - Processing /home/airflow/.local/lib/python3.7/site-packages/airflow/example_dags/tutorial.py took 0.099 seconds
[2023-06-04T00:37:00.777+0000] {processor.py:157} INFO - Started process (PID=19430) to work on /home/airflow/.local/lib/python3.7/site-packages/airflow/example_dags/tutorial.py
[2023-06-04T00:37:00.779+0000] {processor.py:826} INFO - Processing file /home/airflow/.local/lib/python3.7/site-packages/airflow/example_dags/tutorial.py for tasks to queue
[2023-06-04T00:37:00.780+0000] {logging_mixin.py:149} INFO - [2023-06-04T00:37:00.780+0000] {dagbag.py:541} INFO - Filling up the DagBag from /home/airflow/.local/lib/python3.7/site-packages/airflow/example_dags/tutorial.py
[2023-06-04T00:37:00.789+0000] {processor.py:836} INFO - DAG(s) dict_keys(['tutorial']) retrieved from /home/airflow/.local/lib/python3.7/site-packages/airflow/example_dags/tutorial.py
[2023-06-04T00:37:00.820+0000] {logging_mixin.py:149} INFO - [2023-06-04T00:37:00.820+0000] {dag.py:2726} INFO - Sync 1 DAGs
[2023-06-04T00:37:00.851+0000] {logging_mixin.py:149} INFO - [2023-06-04T00:37:00.850+0000] {dag.py:3490} INFO - Setting next_dagrun for tutorial to 2023-06-03T00:37:00.850634+00:00, run_after=2023-06-04T00:37:00.850634+00:00
[2023-06-04T00:37:00.882+0000] {processor.py:179} INFO - Processing /home/airflow/.local/lib/python3.7/site-packages/airflow/example_dags/tutorial.py took 0.109 seconds
[2023-06-04T00:37:31.359+0000] {processor.py:157} INFO - Started process (PID=19682) to work on /home/airflow/.local/lib/python3.7/site-packages/airflow/example_dags/tutorial.py
[2023-06-04T00:37:31.361+0000] {processor.py:826} INFO - Processing file /home/airflow/.local/lib/python3.7/site-packages/airflow/example_dags/tutorial.py for tasks to queue
[2023-06-04T00:37:31.362+0000] {logging_mixin.py:149} INFO - [2023-06-04T00:37:31.362+0000] {dagbag.py:541} INFO - Filling up the DagBag from /home/airflow/.local/lib/python3.7/site-packages/airflow/example_dags/tutorial.py
[2023-06-04T00:37:31.369+0000] {processor.py:836} INFO - DAG(s) dict_keys(['tutorial']) retrieved from /home/airflow/.local/lib/python3.7/site-packages/airflow/example_dags/tutorial.py
[2023-06-04T00:37:31.398+0000] {logging_mixin.py:149} INFO - [2023-06-04T00:37:31.398+0000] {dag.py:2726} INFO - Sync 1 DAGs
[2023-06-04T00:37:31.427+0000] {logging_mixin.py:149} INFO - [2023-06-04T00:37:31.427+0000] {dag.py:3490} INFO - Setting next_dagrun for tutorial to 2023-06-03T00:37:31.427387+00:00, run_after=2023-06-04T00:37:31.427387+00:00
[2023-06-04T00:37:31.456+0000] {processor.py:179} INFO - Processing /home/airflow/.local/lib/python3.7/site-packages/airflow/example_dags/tutorial.py took 0.100 seconds
[2023-06-04T00:38:02.576+0000] {processor.py:157} INFO - Started process (PID=19933) to work on /home/airflow/.local/lib/python3.7/site-packages/airflow/example_dags/tutorial.py
[2023-06-04T00:38:02.578+0000] {processor.py:826} INFO - Processing file /home/airflow/.local/lib/python3.7/site-packages/airflow/example_dags/tutorial.py for tasks to queue
[2023-06-04T00:38:02.579+0000] {logging_mixin.py:149} INFO - [2023-06-04T00:38:02.579+0000] {dagbag.py:541} INFO - Filling up the DagBag from /home/airflow/.local/lib/python3.7/site-packages/airflow/example_dags/tutorial.py
[2023-06-04T00:38:02.587+0000] {processor.py:836} INFO - DAG(s) dict_keys(['tutorial']) retrieved from /home/airflow/.local/lib/python3.7/site-packages/airflow/example_dags/tutorial.py
[2023-06-04T00:38:02.615+0000] {logging_mixin.py:149} INFO - [2023-06-04T00:38:02.614+0000] {dag.py:2726} INFO - Sync 1 DAGs
[2023-06-04T00:38:02.646+0000] {logging_mixin.py:149} INFO - [2023-06-04T00:38:02.646+0000] {dag.py:3490} INFO - Setting next_dagrun for tutorial to 2023-06-03T00:38:02.646199+00:00, run_after=2023-06-04T00:38:02.646199+00:00
[2023-06-04T00:38:02.672+0000] {processor.py:179} INFO - Processing /home/airflow/.local/lib/python3.7/site-packages/airflow/example_dags/tutorial.py took 0.099 seconds
[2023-06-04T00:38:33.244+0000] {processor.py:157} INFO - Started process (PID=20184) to work on /home/airflow/.local/lib/python3.7/site-packages/airflow/example_dags/tutorial.py
[2023-06-04T00:38:33.246+0000] {processor.py:826} INFO - Processing file /home/airflow/.local/lib/python3.7/site-packages/airflow/example_dags/tutorial.py for tasks to queue
[2023-06-04T00:38:33.248+0000] {logging_mixin.py:149} INFO - [2023-06-04T00:38:33.248+0000] {dagbag.py:541} INFO - Filling up the DagBag from /home/airflow/.local/lib/python3.7/site-packages/airflow/example_dags/tutorial.py
[2023-06-04T00:38:33.260+0000] {processor.py:836} INFO - DAG(s) dict_keys(['tutorial']) retrieved from /home/airflow/.local/lib/python3.7/site-packages/airflow/example_dags/tutorial.py
[2023-06-04T00:38:33.292+0000] {logging_mixin.py:149} INFO - [2023-06-04T00:38:33.292+0000] {dag.py:2726} INFO - Sync 1 DAGs
[2023-06-04T00:38:33.322+0000] {logging_mixin.py:149} INFO - [2023-06-04T00:38:33.322+0000] {dag.py:3490} INFO - Setting next_dagrun for tutorial to 2023-06-03T00:38:33.322065+00:00, run_after=2023-06-04T00:38:33.322065+00:00
[2023-06-04T00:38:33.347+0000] {processor.py:179} INFO - Processing /home/airflow/.local/lib/python3.7/site-packages/airflow/example_dags/tutorial.py took 0.108 seconds
[2023-06-04T00:39:03.988+0000] {processor.py:157} INFO - Started process (PID=20434) to work on /home/airflow/.local/lib/python3.7/site-packages/airflow/example_dags/tutorial.py
[2023-06-04T00:39:03.989+0000] {processor.py:826} INFO - Processing file /home/airflow/.local/lib/python3.7/site-packages/airflow/example_dags/tutorial.py for tasks to queue
[2023-06-04T00:39:03.991+0000] {logging_mixin.py:149} INFO - [2023-06-04T00:39:03.990+0000] {dagbag.py:541} INFO - Filling up the DagBag from /home/airflow/.local/lib/python3.7/site-packages/airflow/example_dags/tutorial.py
[2023-06-04T00:39:03.999+0000] {processor.py:836} INFO - DAG(s) dict_keys(['tutorial']) retrieved from /home/airflow/.local/lib/python3.7/site-packages/airflow/example_dags/tutorial.py
[2023-06-04T00:39:04.026+0000] {logging_mixin.py:149} INFO - [2023-06-04T00:39:04.025+0000] {dag.py:2726} INFO - Sync 1 DAGs
[2023-06-04T00:39:04.058+0000] {logging_mixin.py:149} INFO - [2023-06-04T00:39:04.058+0000] {dag.py:3490} INFO - Setting next_dagrun for tutorial to 2023-06-03T00:39:04.058259+00:00, run_after=2023-06-04T00:39:04.058259+00:00
[2023-06-04T00:39:04.086+0000] {processor.py:179} INFO - Processing /home/airflow/.local/lib/python3.7/site-packages/airflow/example_dags/tutorial.py took 0.104 seconds
