[2023-06-04T00:34:26.058+0000] {processor.py:157} INFO - Started process (PID=18114) to work on /home/airflow/.local/lib/python3.7/site-packages/airflow/example_dags/tutorial_dag.py
[2023-06-04T00:34:26.060+0000] {processor.py:826} INFO - Processing file /home/airflow/.local/lib/python3.7/site-packages/airflow/example_dags/tutorial_dag.py for tasks to queue
[2023-06-04T00:34:26.061+0000] {logging_mixin.py:149} INFO - [2023-06-04T00:34:26.061+0000] {dagbag.py:541} INFO - Filling up the DagBag from /home/airflow/.local/lib/python3.7/site-packages/airflow/example_dags/tutorial_dag.py
[2023-06-04T00:34:26.067+0000] {processor.py:836} INFO - DAG(s) dict_keys(['tutorial_dag']) retrieved from /home/airflow/.local/lib/python3.7/site-packages/airflow/example_dags/tutorial_dag.py
[2023-06-04T00:34:26.099+0000] {logging_mixin.py:149} INFO - [2023-06-04T00:34:26.099+0000] {dag.py:2726} INFO - Sync 1 DAGs
[2023-06-04T00:34:26.132+0000] {logging_mixin.py:149} INFO - [2023-06-04T00:34:26.132+0000] {dag.py:3490} INFO - Setting next_dagrun for tutorial_dag to None, run_after=None
[2023-06-04T00:34:26.159+0000] {processor.py:179} INFO - Processing /home/airflow/.local/lib/python3.7/site-packages/airflow/example_dags/tutorial_dag.py took 0.105 seconds
[2023-06-04T00:34:56.422+0000] {processor.py:157} INFO - Started process (PID=18389) to work on /home/airflow/.local/lib/python3.7/site-packages/airflow/example_dags/tutorial_dag.py
[2023-06-04T00:34:56.423+0000] {processor.py:826} INFO - Processing file /home/airflow/.local/lib/python3.7/site-packages/airflow/example_dags/tutorial_dag.py for tasks to queue
[2023-06-04T00:34:56.424+0000] {logging_mixin.py:149} INFO - [2023-06-04T00:34:56.424+0000] {dagbag.py:541} INFO - Filling up the DagBag from /home/airflow/.local/lib/python3.7/site-packages/airflow/example_dags/tutorial_dag.py
[2023-06-04T00:34:56.430+0000] {processor.py:836} INFO - DAG(s) dict_keys(['tutorial_dag']) retrieved from /home/airflow/.local/lib/python3.7/site-packages/airflow/example_dags/tutorial_dag.py
[2023-06-04T00:34:56.475+0000] {logging_mixin.py:149} INFO - [2023-06-04T00:34:56.475+0000] {dag.py:2726} INFO - Sync 1 DAGs
[2023-06-04T00:34:56.503+0000] {logging_mixin.py:149} INFO - [2023-06-04T00:34:56.503+0000] {dag.py:3490} INFO - Setting next_dagrun for tutorial_dag to None, run_after=None
[2023-06-04T00:34:56.526+0000] {processor.py:179} INFO - Processing /home/airflow/.local/lib/python3.7/site-packages/airflow/example_dags/tutorial_dag.py took 0.108 seconds
[2023-06-04T00:35:26.785+0000] {processor.py:157} INFO - Started process (PID=18637) to work on /home/airflow/.local/lib/python3.7/site-packages/airflow/example_dags/tutorial_dag.py
[2023-06-04T00:35:26.786+0000] {processor.py:826} INFO - Processing file /home/airflow/.local/lib/python3.7/site-packages/airflow/example_dags/tutorial_dag.py for tasks to queue
[2023-06-04T00:35:26.788+0000] {logging_mixin.py:149} INFO - [2023-06-04T00:35:26.787+0000] {dagbag.py:541} INFO - Filling up the DagBag from /home/airflow/.local/lib/python3.7/site-packages/airflow/example_dags/tutorial_dag.py
[2023-06-04T00:35:26.795+0000] {processor.py:836} INFO - DAG(s) dict_keys(['tutorial_dag']) retrieved from /home/airflow/.local/lib/python3.7/site-packages/airflow/example_dags/tutorial_dag.py
[2023-06-04T00:35:26.825+0000] {logging_mixin.py:149} INFO - [2023-06-04T00:35:26.825+0000] {dag.py:2726} INFO - Sync 1 DAGs
[2023-06-04T00:35:26.857+0000] {logging_mixin.py:149} INFO - [2023-06-04T00:35:26.857+0000] {dag.py:3490} INFO - Setting next_dagrun for tutorial_dag to None, run_after=None
[2023-06-04T00:35:26.886+0000] {processor.py:179} INFO - Processing /home/airflow/.local/lib/python3.7/site-packages/airflow/example_dags/tutorial_dag.py took 0.105 seconds
[2023-06-04T00:35:57.188+0000] {processor.py:157} INFO - Started process (PID=18889) to work on /home/airflow/.local/lib/python3.7/site-packages/airflow/example_dags/tutorial_dag.py
[2023-06-04T00:35:57.190+0000] {processor.py:826} INFO - Processing file /home/airflow/.local/lib/python3.7/site-packages/airflow/example_dags/tutorial_dag.py for tasks to queue
[2023-06-04T00:35:57.191+0000] {logging_mixin.py:149} INFO - [2023-06-04T00:35:57.191+0000] {dagbag.py:541} INFO - Filling up the DagBag from /home/airflow/.local/lib/python3.7/site-packages/airflow/example_dags/tutorial_dag.py
[2023-06-04T00:35:57.198+0000] {processor.py:836} INFO - DAG(s) dict_keys(['tutorial_dag']) retrieved from /home/airflow/.local/lib/python3.7/site-packages/airflow/example_dags/tutorial_dag.py
[2023-06-04T00:35:57.228+0000] {logging_mixin.py:149} INFO - [2023-06-04T00:35:57.228+0000] {dag.py:2726} INFO - Sync 1 DAGs
[2023-06-04T00:35:57.260+0000] {logging_mixin.py:149} INFO - [2023-06-04T00:35:57.260+0000] {dag.py:3490} INFO - Setting next_dagrun for tutorial_dag to None, run_after=None
[2023-06-04T00:35:57.287+0000] {processor.py:179} INFO - Processing /home/airflow/.local/lib/python3.7/site-packages/airflow/example_dags/tutorial_dag.py took 0.103 seconds
[2023-06-04T00:36:27.541+0000] {processor.py:157} INFO - Started process (PID=19141) to work on /home/airflow/.local/lib/python3.7/site-packages/airflow/example_dags/tutorial_dag.py
[2023-06-04T00:36:27.543+0000] {processor.py:826} INFO - Processing file /home/airflow/.local/lib/python3.7/site-packages/airflow/example_dags/tutorial_dag.py for tasks to queue
[2023-06-04T00:36:27.544+0000] {logging_mixin.py:149} INFO - [2023-06-04T00:36:27.544+0000] {dagbag.py:541} INFO - Filling up the DagBag from /home/airflow/.local/lib/python3.7/site-packages/airflow/example_dags/tutorial_dag.py
[2023-06-04T00:36:27.551+0000] {processor.py:836} INFO - DAG(s) dict_keys(['tutorial_dag']) retrieved from /home/airflow/.local/lib/python3.7/site-packages/airflow/example_dags/tutorial_dag.py
[2023-06-04T00:36:27.580+0000] {logging_mixin.py:149} INFO - [2023-06-04T00:36:27.580+0000] {dag.py:2726} INFO - Sync 1 DAGs
[2023-06-04T00:36:27.611+0000] {logging_mixin.py:149} INFO - [2023-06-04T00:36:27.611+0000] {dag.py:3490} INFO - Setting next_dagrun for tutorial_dag to None, run_after=None
[2023-06-04T00:36:27.637+0000] {processor.py:179} INFO - Processing /home/airflow/.local/lib/python3.7/site-packages/airflow/example_dags/tutorial_dag.py took 0.100 seconds
[2023-06-04T00:36:57.951+0000] {processor.py:157} INFO - Started process (PID=19393) to work on /home/airflow/.local/lib/python3.7/site-packages/airflow/example_dags/tutorial_dag.py
[2023-06-04T00:36:57.952+0000] {processor.py:826} INFO - Processing file /home/airflow/.local/lib/python3.7/site-packages/airflow/example_dags/tutorial_dag.py for tasks to queue
[2023-06-04T00:36:57.954+0000] {logging_mixin.py:149} INFO - [2023-06-04T00:36:57.954+0000] {dagbag.py:541} INFO - Filling up the DagBag from /home/airflow/.local/lib/python3.7/site-packages/airflow/example_dags/tutorial_dag.py
[2023-06-04T00:36:57.961+0000] {processor.py:836} INFO - DAG(s) dict_keys(['tutorial_dag']) retrieved from /home/airflow/.local/lib/python3.7/site-packages/airflow/example_dags/tutorial_dag.py
[2023-06-04T00:36:57.990+0000] {logging_mixin.py:149} INFO - [2023-06-04T00:36:57.990+0000] {dag.py:2726} INFO - Sync 1 DAGs
[2023-06-04T00:36:58.021+0000] {logging_mixin.py:149} INFO - [2023-06-04T00:36:58.021+0000] {dag.py:3490} INFO - Setting next_dagrun for tutorial_dag to None, run_after=None
[2023-06-04T00:36:58.047+0000] {processor.py:179} INFO - Processing /home/airflow/.local/lib/python3.7/site-packages/airflow/example_dags/tutorial_dag.py took 0.100 seconds
[2023-06-04T00:37:28.403+0000] {processor.py:157} INFO - Started process (PID=19645) to work on /home/airflow/.local/lib/python3.7/site-packages/airflow/example_dags/tutorial_dag.py
[2023-06-04T00:37:28.405+0000] {processor.py:826} INFO - Processing file /home/airflow/.local/lib/python3.7/site-packages/airflow/example_dags/tutorial_dag.py for tasks to queue
[2023-06-04T00:37:28.407+0000] {logging_mixin.py:149} INFO - [2023-06-04T00:37:28.407+0000] {dagbag.py:541} INFO - Filling up the DagBag from /home/airflow/.local/lib/python3.7/site-packages/airflow/example_dags/tutorial_dag.py
[2023-06-04T00:37:28.415+0000] {processor.py:836} INFO - DAG(s) dict_keys(['tutorial_dag']) retrieved from /home/airflow/.local/lib/python3.7/site-packages/airflow/example_dags/tutorial_dag.py
[2023-06-04T00:37:28.443+0000] {logging_mixin.py:149} INFO - [2023-06-04T00:37:28.442+0000] {dag.py:2726} INFO - Sync 1 DAGs
[2023-06-04T00:37:28.472+0000] {logging_mixin.py:149} INFO - [2023-06-04T00:37:28.472+0000] {dag.py:3490} INFO - Setting next_dagrun for tutorial_dag to None, run_after=None
[2023-06-04T00:37:28.499+0000] {processor.py:179} INFO - Processing /home/airflow/.local/lib/python3.7/site-packages/airflow/example_dags/tutorial_dag.py took 0.099 seconds
[2023-06-04T00:37:58.719+0000] {processor.py:157} INFO - Started process (PID=19896) to work on /home/airflow/.local/lib/python3.7/site-packages/airflow/example_dags/tutorial_dag.py
[2023-06-04T00:37:58.720+0000] {processor.py:826} INFO - Processing file /home/airflow/.local/lib/python3.7/site-packages/airflow/example_dags/tutorial_dag.py for tasks to queue
[2023-06-04T00:37:58.722+0000] {logging_mixin.py:149} INFO - [2023-06-04T00:37:58.722+0000] {dagbag.py:541} INFO - Filling up the DagBag from /home/airflow/.local/lib/python3.7/site-packages/airflow/example_dags/tutorial_dag.py
[2023-06-04T00:37:58.729+0000] {processor.py:836} INFO - DAG(s) dict_keys(['tutorial_dag']) retrieved from /home/airflow/.local/lib/python3.7/site-packages/airflow/example_dags/tutorial_dag.py
[2023-06-04T00:37:58.757+0000] {logging_mixin.py:149} INFO - [2023-06-04T00:37:58.757+0000] {dag.py:2726} INFO - Sync 1 DAGs
[2023-06-04T00:37:58.789+0000] {logging_mixin.py:149} INFO - [2023-06-04T00:37:58.789+0000] {dag.py:3490} INFO - Setting next_dagrun for tutorial_dag to None, run_after=None
[2023-06-04T00:37:58.818+0000] {processor.py:179} INFO - Processing /home/airflow/.local/lib/python3.7/site-packages/airflow/example_dags/tutorial_dag.py took 0.103 seconds
